[0.023s] Invoking command in '/home/ravi/pmb2_foxy_ws/build/gazebo_ros': CMAKE_PREFIX_PATH=/home/ravi/pmb2_foxy_ws/install/gazebo_msgs:/home/ravi/pmb2_foxy_ws/install/gazebo_dev:/home/ravi/pmb2_foxy_ws/install/gazebo_ros_pkgs:/home/ravi/pmb2_foxy_ws/install/gazebo_plugins:/home/ravi/pmb2_foxy_ws/install/gazebo_ros:/home/ravi/pmb2_foxy_ws/install/pal_gazebo_worlds:/home/ravi/pmb2_foxy_ws/install/pmb2_simulation:/home/ravi/pmb2_foxy_ws/install/pmb2_navigation:/home/ravi/pmb2_foxy_ws/install/pmb2_2dnav_gazebo:/home/ravi/pmb2_foxy_ws/install/pmb2_2dnav:/home/ravi/pmb2_foxy_ws/install/pmb2_maps:/home/ravi/pmb2_foxy_ws/install/pmb2_gazebo:/home/ravi/pmb2_foxy_ws/install/pmb2_robot:/home/ravi/pmb2_foxy_ws/install/pmb2_bringup:/home/ravi/pmb2_foxy_ws/install/pmb2_description:/home/ravi/pmb2_foxy_ws/install/pmb2_controller_configuration:/home/ravi/pmb2_foxy_ws/install/launch_pal:/opt/ros/foxy LD_LIBRARY_PATH=/home/ravi/pmb2_foxy_ws/install/gazebo_msgs/lib:/usr/lib/x86_64-linux-gnu/gazebo-11/plugins:/home/ravi/pmb2_foxy_ws/install/gazebo_plugins/lib:/home/ravi/pmb2_foxy_ws/install/gazebo_ros/lib:/opt/ros/foxy/opt/yaml_cpp_vendor/lib:/opt/ros/foxy/opt/rviz_ogre_vendor/lib:/opt/ros/foxy/lib/x86_64-linux-gnu:/opt/ros/foxy/lib PYTHONPATH=/home/ravi/pmb2_foxy_ws/install/gazebo_msgs/lib/python3.8/site-packages:/home/ravi/pmb2_foxy_ws/install/gazebo_ros/lib/python3.8/site-packages:/home/ravi/pmb2_foxy_ws/build/launch_pal:/home/ravi/pmb2_foxy_ws/install/launch_pal/lib/python3.8/site-packages:/home/ravi/pmb2_foxy_ws/install/pmb2_description/lib/python3.8/site-packages:/opt/ros/foxy/lib/python3.8/site-packages /usr/bin/cmake /home/ravi/pmb2_foxy_ws/src/gazebo_ros_pkgs/gazebo_ros -DCMAKE_INSTALL_PREFIX=/home/ravi/pmb2_foxy_ws/install/gazebo_ros
[0.034s] -- Found ament_cmake: 0.9.9 (/opt/ros/foxy/share/ament_cmake/cmake)
[0.052s] -- Found PythonInterp: /usr/bin/python3 (found suitable version "3.8.10", minimum required is "3") 
[0.052s] -- Using PYTHON_EXECUTABLE: /usr/bin/python3
[0.149s] -- Override CMake install command with custom implementation using symlinks instead of copying resources
[0.153s] -- Found builtin_interfaces: 1.0.0 (/opt/ros/foxy/share/builtin_interfaces/cmake)
[0.166s] -- Using all available rosidl_typesupport_c: rosidl_typesupport_fastrtps_c;rosidl_typesupport_introspection_c
[0.168s] -- Found rosidl_adapter: 1.2.1 (/opt/ros/foxy/share/rosidl_adapter/cmake)
[0.246s] -- Using all available rosidl_typesupport_cpp: rosidl_typesupport_fastrtps_cpp;rosidl_typesupport_introspection_cpp
[0.263s] -- Found gazebo_dev: 3.5.3 (/home/ravi/pmb2_foxy_ws/install/gazebo_dev/share/gazebo_dev/cmake)
[0.296s] -- Found DART: /usr/include (Required is at least version "6.6") found components: dart 
[0.315s] -- Found Protobuf: /usr/lib/x86_64-linux-gnu/libprotobuf.so;-pthread (found version "3.6.1") 
[0.317s] -- Looking for ignition-math6 -- found version 6.12.0
[0.320s] -- Searching for dependencies of ignition-math6
[0.321s] -- Looking for OGRE...
[0.325s] -- Found Ogre Ghadamon (1.9.0)
[0.325s] -- Found OGRE: optimized;/usr/lib/x86_64-linux-gnu/libOgreMain.so;debug;/usr/lib/x86_64-linux-gnu/libOgreMain.so
[0.333s] -- Looking for OGRE_Paging...
[0.333s] -- Found OGRE_Paging: optimized;/usr/lib/x86_64-linux-gnu/libOgrePaging.so;debug;/usr/lib/x86_64-linux-gnu/libOgrePaging.so
[0.333s] -- Looking for OGRE_Terrain...
[0.333s] -- Found OGRE_Terrain: optimized;/usr/lib/x86_64-linux-gnu/libOgreTerrain.so;debug;/usr/lib/x86_64-linux-gnu/libOgreTerrain.so
[0.333s] -- Looking for OGRE_Property...
[0.333s] -- Found OGRE_Property: optimized;/usr/lib/x86_64-linux-gnu/libOgreProperty.so;debug;/usr/lib/x86_64-linux-gnu/libOgreProperty.so
[0.333s] -- Looking for OGRE_RTShaderSystem...
[0.333s] -- Found OGRE_RTShaderSystem: optimized;/usr/lib/x86_64-linux-gnu/libOgreRTShaderSystem.so;debug;/usr/lib/x86_64-linux-gnu/libOgreRTShaderSystem.so
[0.333s] -- Looking for OGRE_Volume...
[0.333s] -- Found OGRE_Volume: optimized;/usr/lib/x86_64-linux-gnu/libOgreVolume.so;debug;/usr/lib/x86_64-linux-gnu/libOgreVolume.so
[0.333s] -- Looking for OGRE_Overlay...
[0.333s] -- Found OGRE_Overlay: optimized;/usr/lib/x86_64-linux-gnu/libOgreOverlay.so;debug;/usr/lib/x86_64-linux-gnu/libOgreOverlay.so
[0.413s] -- Looking for ignition-math6 -- found version 6.12.0
[0.413s] -- Looking for ignition-transport8 -- found version 8.3.0
[0.413s] -- Searching for dependencies of ignition-transport8
[0.425s] -- Found Protobuf: /usr/lib/x86_64-linux-gnu/libprotobuf.so;-pthread (found suitable version "3.6.1", minimum required is "3") 
[0.432s] -- Config-file not installed for ZeroMQ -- checking for pkg-config
[0.436s] -- Checking for module 'libzmq >= 4'
[0.447s] --   Found libzmq , version 4.3.2
[0.473s] -- Checking for module 'uuid'
[0.484s] --   Found uuid, version 2.34.0
[0.507s] -- Looking for ignition-msgs5 -- found version 5.10.0
[0.507s] -- Searching for dependencies of ignition-msgs5
[0.521s] -- Looking for ignition-math6 -- found version 6.12.0
[0.524s] -- Checking for module 'tinyxml2'
[0.535s] --   Found tinyxml2, version 6.2.0
[0.558s] -- Looking for ignition-msgs5 -- found version 5.10.0
[0.558s] -- Looking for ignition-common3 -- found version 3.14.2
[0.558s] -- Searching for dependencies of ignition-common3
[0.559s] -- Looking for dlfcn.h - found
[0.559s] -- Looking for libdl - found
[0.566s] -- Searching for <ignition-common3> component [graphics]
[0.566s] -- Looking for ignition-common3-graphics -- found version 3.14.2
[0.566s] -- Searching for dependencies of ignition-common3-graphics
[0.567s] -- Looking for ignition-math6 -- found version 6.12.0
[0.569s] -- Looking for ignition-fuel_tools4 -- found version 4.6.0
[0.570s] -- Searching for dependencies of ignition-fuel_tools4
[0.587s] -- Checking for module 'jsoncpp'
[0.595s] --   Found jsoncpp, version 1.7.4
[0.619s] -- Checking for module 'libzip'
[0.627s] --   Found libzip, version 1.5.1
[0.647s] -- Looking for ignition-common3 -- found version 3.14.2
[0.647s] -- Looking for ignition-math6 -- found version 6.12.0
[0.648s] -- Looking for ignition-msgs5 -- found version 5.10.0
[0.648s] -- Gazebo version: 11.11
[0.649s] -- Found gazebo_msgs: 3.5.3 (/home/ravi/pmb2_foxy_ws/install/gazebo_msgs/share/gazebo_msgs/cmake)
[0.798s] -- Found rcl: 1.1.13 (/opt/ros/foxy/share/rcl/cmake)
[0.813s] -- Found rmw_implementation_cmake: 1.0.3 (/opt/ros/foxy/share/rmw_implementation_cmake/cmake)
[0.814s] -- Using RMW implementation 'rmw_fastrtps_cpp' as default
[0.823s] -- Found rclcpp: 2.4.1 (/opt/ros/foxy/share/rclcpp/cmake)
[0.896s] -- Found std_srvs: 2.0.5 (/opt/ros/foxy/share/std_srvs/cmake)
[0.901s] -- Found tinyxml_vendor: 0.8.2 (/opt/ros/foxy/share/tinyxml_vendor/cmake)
[0.944s] -- Found ament_cmake_gtest: 0.9.9 (/opt/ros/foxy/share/ament_cmake_gtest/cmake)
[0.944s] -- Found launch_testing_ament_cmake: 0.10.8 (/opt/ros/foxy/share/launch_testing_ament_cmake/cmake)
[0.945s] -- Found python_cmake_module: 0.8.1 (/opt/ros/foxy/share/python_cmake_module/cmake)
[0.961s] -- Found PythonInterp: /usr/bin/python3 (found suitable version "3.8.10", minimum required is "3.5") 
[0.962s] -- Using PYTHON_EXECUTABLE: /usr/bin/python3
[0.962s] -- Using PYTHON_INCLUDE_DIRS: /usr/include/python3.8
[0.962s] -- Using PYTHON_LIBRARIES: /usr/lib/x86_64-linux-gnu/libpython3.8.so
[0.963s] -- Found sensor_msgs: 2.0.5 (/opt/ros/foxy/share/sensor_msgs/cmake)
[1.032s] -- Found gtest sources under '/opt/ros/foxy/src/gtest_vendor': C++ tests using 'Google Test' will be built
[1.125s] -- Found ament_lint_auto: 0.9.6 (/opt/ros/foxy/share/ament_lint_auto/cmake)
[1.164s] -- Found python_cmake_module: 0.8.1 (/opt/ros/foxy/share/python_cmake_module/cmake)
[1.181s] -- Using PYTHON_EXECUTABLE: /usr/bin/python3
[1.181s] -- Using PYTHON_INCLUDE_DIRS: /usr/include/python3.8
[1.181s] -- Using PYTHON_LIBRARIES: /usr/lib/x86_64-linux-gnu/libpython3.8.so
[1.232s] -- Added test 'copyright' to check source files copyright and LICENSE
[1.233s] -- Added test 'cppcheck' to perform static code analysis on C / C++ code
[1.234s] -- Configured cppcheck include dirs: $<BUILD_INTERFACE:/home/ravi/pmb2_foxy_ws/src/gazebo_ros_pkgs/gazebo_ros/include>
[1.235s] -- Configured cppcheck exclude dirs and/or files: 
[1.236s] -- Added test 'cpplint' to check C / C++ code against the Google style
[1.236s] -- Configured cpplint exclude dirs and/or files: 
[1.236s] -- Added test 'flake8' to check Python code syntax and style conventions
[1.237s] -- Added test 'lint_cmake' to check CMake code style
[1.237s] -- Added test 'pep257' to check Python code against some of the style conventions in PEP 257
[1.238s] -- Added test 'uncrustify' to check C / C++ code style
[1.238s] -- Configured uncrustify additional arguments: 
[1.238s] -- Added test 'xmllint' to check XML markup files
[1.242s] -- Configuring done
[1.429s] -- Generating done
[1.433s] -- Build files have been written to: /home/ravi/pmb2_foxy_ws/build/gazebo_ros
[1.442s] Invoked command in '/home/ravi/pmb2_foxy_ws/build/gazebo_ros' returned '0': CMAKE_PREFIX_PATH=/home/ravi/pmb2_foxy_ws/install/gazebo_msgs:/home/ravi/pmb2_foxy_ws/install/gazebo_dev:/home/ravi/pmb2_foxy_ws/install/gazebo_ros_pkgs:/home/ravi/pmb2_foxy_ws/install/gazebo_plugins:/home/ravi/pmb2_foxy_ws/install/gazebo_ros:/home/ravi/pmb2_foxy_ws/install/pal_gazebo_worlds:/home/ravi/pmb2_foxy_ws/install/pmb2_simulation:/home/ravi/pmb2_foxy_ws/install/pmb2_navigation:/home/ravi/pmb2_foxy_ws/install/pmb2_2dnav_gazebo:/home/ravi/pmb2_foxy_ws/install/pmb2_2dnav:/home/ravi/pmb2_foxy_ws/install/pmb2_maps:/home/ravi/pmb2_foxy_ws/install/pmb2_gazebo:/home/ravi/pmb2_foxy_ws/install/pmb2_robot:/home/ravi/pmb2_foxy_ws/install/pmb2_bringup:/home/ravi/pmb2_foxy_ws/install/pmb2_description:/home/ravi/pmb2_foxy_ws/install/pmb2_controller_configuration:/home/ravi/pmb2_foxy_ws/install/launch_pal:/opt/ros/foxy LD_LIBRARY_PATH=/home/ravi/pmb2_foxy_ws/install/gazebo_msgs/lib:/usr/lib/x86_64-linux-gnu/gazebo-11/plugins:/home/ravi/pmb2_foxy_ws/install/gazebo_plugins/lib:/home/ravi/pmb2_foxy_ws/install/gazebo_ros/lib:/opt/ros/foxy/opt/yaml_cpp_vendor/lib:/opt/ros/foxy/opt/rviz_ogre_vendor/lib:/opt/ros/foxy/lib/x86_64-linux-gnu:/opt/ros/foxy/lib PYTHONPATH=/home/ravi/pmb2_foxy_ws/install/gazebo_msgs/lib/python3.8/site-packages:/home/ravi/pmb2_foxy_ws/install/gazebo_ros/lib/python3.8/site-packages:/home/ravi/pmb2_foxy_ws/build/launch_pal:/home/ravi/pmb2_foxy_ws/install/launch_pal/lib/python3.8/site-packages:/home/ravi/pmb2_foxy_ws/install/pmb2_description/lib/python3.8/site-packages:/opt/ros/foxy/lib/python3.8/site-packages /usr/bin/cmake /home/ravi/pmb2_foxy_ws/src/gazebo_ros_pkgs/gazebo_ros -DCMAKE_INSTALL_PREFIX=/home/ravi/pmb2_foxy_ws/install/gazebo_ros
[1.444s] Invoking command in '/home/ravi/pmb2_foxy_ws/build/gazebo_ros': CMAKE_PREFIX_PATH=/home/ravi/pmb2_foxy_ws/install/gazebo_msgs:/home/ravi/pmb2_foxy_ws/install/gazebo_dev:/home/ravi/pmb2_foxy_ws/install/gazebo_ros_pkgs:/home/ravi/pmb2_foxy_ws/install/gazebo_plugins:/home/ravi/pmb2_foxy_ws/install/gazebo_ros:/home/ravi/pmb2_foxy_ws/install/pal_gazebo_worlds:/home/ravi/pmb2_foxy_ws/install/pmb2_simulation:/home/ravi/pmb2_foxy_ws/install/pmb2_navigation:/home/ravi/pmb2_foxy_ws/install/pmb2_2dnav_gazebo:/home/ravi/pmb2_foxy_ws/install/pmb2_2dnav:/home/ravi/pmb2_foxy_ws/install/pmb2_maps:/home/ravi/pmb2_foxy_ws/install/pmb2_gazebo:/home/ravi/pmb2_foxy_ws/install/pmb2_robot:/home/ravi/pmb2_foxy_ws/install/pmb2_bringup:/home/ravi/pmb2_foxy_ws/install/pmb2_description:/home/ravi/pmb2_foxy_ws/install/pmb2_controller_configuration:/home/ravi/pmb2_foxy_ws/install/launch_pal:/opt/ros/foxy LD_LIBRARY_PATH=/home/ravi/pmb2_foxy_ws/install/gazebo_msgs/lib:/usr/lib/x86_64-linux-gnu/gazebo-11/plugins:/home/ravi/pmb2_foxy_ws/install/gazebo_plugins/lib:/home/ravi/pmb2_foxy_ws/install/gazebo_ros/lib:/opt/ros/foxy/opt/yaml_cpp_vendor/lib:/opt/ros/foxy/opt/rviz_ogre_vendor/lib:/opt/ros/foxy/lib/x86_64-linux-gnu:/opt/ros/foxy/lib PYTHONPATH=/home/ravi/pmb2_foxy_ws/install/gazebo_msgs/lib/python3.8/site-packages:/home/ravi/pmb2_foxy_ws/install/gazebo_ros/lib/python3.8/site-packages:/home/ravi/pmb2_foxy_ws/build/launch_pal:/home/ravi/pmb2_foxy_ws/install/launch_pal/lib/python3.8/site-packages:/home/ravi/pmb2_foxy_ws/install/pmb2_description/lib/python3.8/site-packages:/opt/ros/foxy/lib/python3.8/site-packages /usr/bin/cmake --build /home/ravi/pmb2_foxy_ws/build/gazebo_ros -- -j8 -l8
[1.479s] [  3%] Built target gtest_main
[1.480s] [  7%] Built target gtest
[1.489s] [ 10%] Built target gazebo_ros_utils
[1.489s] [ 14%] Built target mock_robot_state_publisher
[1.494s] [ 21%] Built target gazebo_ros_node
[1.523s] [ 25%] Built target test_qos
[1.524s] [ 28%] Built target test_sim_time
[1.527s] [ 32%] Built target test_utils
[1.534s] [ 35%] Built target gazebo_ros_init
[1.534s] [ 39%] Built target gazebo_ros_force_system
[1.535s] [ 42%] Built target gazebo_ros_state
[1.536s] [ 46%] Built target gazebo_ros_factory
[1.538s] [ 50%] Built target gazebo_ros_properties
[1.554s] [ 53%] Built target test_plugins
[1.557s] [ 57%] Built target args_init
[1.567s] [ 64%] Built target create_node_without_init
[1.567s] [ 64%] Built target multiple_nodes
[1.568s] [ 67%] Built target ros_world_plugin
[1.573s] [ 71%] Built target sdf_node
[1.575s] [ 75%] Built target test_gazebo_ros_properties
[1.580s] [ 78%] Built target test_gazebo_ros_init
[1.583s] [ 82%] Built target test_conversions
[1.595s] [ 85%] Built target test_gazebo_ros_state
[1.602s] [ 89%] Built target test_node
[1.602s] [ 92%] Built target test_gazebo_ros_joint_effort
[1.602s] [ 96%] Built target test_gazebo_ros_link_wrench
[1.604s] [100%] Built target test_gazebo_ros_factory
[1.613s] Invoked command in '/home/ravi/pmb2_foxy_ws/build/gazebo_ros' returned '0': CMAKE_PREFIX_PATH=/home/ravi/pmb2_foxy_ws/install/gazebo_msgs:/home/ravi/pmb2_foxy_ws/install/gazebo_dev:/home/ravi/pmb2_foxy_ws/install/gazebo_ros_pkgs:/home/ravi/pmb2_foxy_ws/install/gazebo_plugins:/home/ravi/pmb2_foxy_ws/install/gazebo_ros:/home/ravi/pmb2_foxy_ws/install/pal_gazebo_worlds:/home/ravi/pmb2_foxy_ws/install/pmb2_simulation:/home/ravi/pmb2_foxy_ws/install/pmb2_navigation:/home/ravi/pmb2_foxy_ws/install/pmb2_2dnav_gazebo:/home/ravi/pmb2_foxy_ws/install/pmb2_2dnav:/home/ravi/pmb2_foxy_ws/install/pmb2_maps:/home/ravi/pmb2_foxy_ws/install/pmb2_gazebo:/home/ravi/pmb2_foxy_ws/install/pmb2_robot:/home/ravi/pmb2_foxy_ws/install/pmb2_bringup:/home/ravi/pmb2_foxy_ws/install/pmb2_description:/home/ravi/pmb2_foxy_ws/install/pmb2_controller_configuration:/home/ravi/pmb2_foxy_ws/install/launch_pal:/opt/ros/foxy LD_LIBRARY_PATH=/home/ravi/pmb2_foxy_ws/install/gazebo_msgs/lib:/usr/lib/x86_64-linux-gnu/gazebo-11/plugins:/home/ravi/pmb2_foxy_ws/install/gazebo_plugins/lib:/home/ravi/pmb2_foxy_ws/install/gazebo_ros/lib:/opt/ros/foxy/opt/yaml_cpp_vendor/lib:/opt/ros/foxy/opt/rviz_ogre_vendor/lib:/opt/ros/foxy/lib/x86_64-linux-gnu:/opt/ros/foxy/lib PYTHONPATH=/home/ravi/pmb2_foxy_ws/install/gazebo_msgs/lib/python3.8/site-packages:/home/ravi/pmb2_foxy_ws/install/gazebo_ros/lib/python3.8/site-packages:/home/ravi/pmb2_foxy_ws/build/launch_pal:/home/ravi/pmb2_foxy_ws/install/launch_pal/lib/python3.8/site-packages:/home/ravi/pmb2_foxy_ws/install/pmb2_description/lib/python3.8/site-packages:/opt/ros/foxy/lib/python3.8/site-packages /usr/bin/cmake --build /home/ravi/pmb2_foxy_ws/build/gazebo_ros -- -j8 -l8
[1.651s] Invoking command in '/home/ravi/pmb2_foxy_ws/build/gazebo_ros': CMAKE_PREFIX_PATH=/home/ravi/pmb2_foxy_ws/install/gazebo_msgs:/home/ravi/pmb2_foxy_ws/install/gazebo_dev:/home/ravi/pmb2_foxy_ws/install/gazebo_ros_pkgs:/home/ravi/pmb2_foxy_ws/install/gazebo_plugins:/home/ravi/pmb2_foxy_ws/install/gazebo_ros:/home/ravi/pmb2_foxy_ws/install/pal_gazebo_worlds:/home/ravi/pmb2_foxy_ws/install/pmb2_simulation:/home/ravi/pmb2_foxy_ws/install/pmb2_navigation:/home/ravi/pmb2_foxy_ws/install/pmb2_2dnav_gazebo:/home/ravi/pmb2_foxy_ws/install/pmb2_2dnav:/home/ravi/pmb2_foxy_ws/install/pmb2_maps:/home/ravi/pmb2_foxy_ws/install/pmb2_gazebo:/home/ravi/pmb2_foxy_ws/install/pmb2_robot:/home/ravi/pmb2_foxy_ws/install/pmb2_bringup:/home/ravi/pmb2_foxy_ws/install/pmb2_description:/home/ravi/pmb2_foxy_ws/install/pmb2_controller_configuration:/home/ravi/pmb2_foxy_ws/install/launch_pal:/opt/ros/foxy LD_LIBRARY_PATH=/home/ravi/pmb2_foxy_ws/install/gazebo_msgs/lib:/usr/lib/x86_64-linux-gnu/gazebo-11/plugins:/home/ravi/pmb2_foxy_ws/install/gazebo_plugins/lib:/home/ravi/pmb2_foxy_ws/install/gazebo_ros/lib:/opt/ros/foxy/opt/yaml_cpp_vendor/lib:/opt/ros/foxy/opt/rviz_ogre_vendor/lib:/opt/ros/foxy/lib/x86_64-linux-gnu:/opt/ros/foxy/lib PYTHONPATH=/home/ravi/pmb2_foxy_ws/install/gazebo_msgs/lib/python3.8/site-packages:/home/ravi/pmb2_foxy_ws/install/gazebo_ros/lib/python3.8/site-packages:/home/ravi/pmb2_foxy_ws/build/launch_pal:/home/ravi/pmb2_foxy_ws/install/launch_pal/lib/python3.8/site-packages:/home/ravi/pmb2_foxy_ws/install/pmb2_description/lib/python3.8/site-packages:/opt/ros/foxy/lib/python3.8/site-packages /usr/bin/cmake --install /home/ravi/pmb2_foxy_ws/build/gazebo_ros
[1.657s] -- Install configuration: ""
[1.657s] -- Execute custom install script
[1.657s] -- Up-to-date symlink: /home/ravi/pmb2_foxy_ws/install/gazebo_ros/share/gazebo_ros/environment/pythonpath.sh
[1.658s] -- Up-to-date symlink: /home/ravi/pmb2_foxy_ws/install/gazebo_ros/share/gazebo_ros/environment/pythonpath.dsv
[1.658s] -- Up-to-date symlink: /home/ravi/pmb2_foxy_ws/install/gazebo_ros/lib/python3.8/site-packages/scripts//__init__.py
[1.658s] -- Up-to-date symlink: /home/ravi/pmb2_foxy_ws/install/gazebo_ros/lib/python3.8/site-packages/scripts//gazebo_ros_paths.py
[1.658s] -- Up-to-date symlink: /home/ravi/pmb2_foxy_ws/install/gazebo_ros/lib/python3.8/site-packages/scripts//spawn_entity.py
[1.658s] -- Up-to-date symlink: /home/ravi/pmb2_foxy_ws/install/gazebo_ros/share/gazebo_ros/environment/library_path.sh
[1.658s] -- Up-to-date symlink: /home/ravi/pmb2_foxy_ws/install/gazebo_ros/share/gazebo_ros/environment/library_path.dsv
[1.659s] -- Up-to-date symlink: /home/ravi/pmb2_foxy_ws/install/gazebo_ros/share/ament_index/resource_index/package_run_dependencies/gazebo_ros
[1.659s] -- Up-to-date symlink: /home/ravi/pmb2_foxy_ws/install/gazebo_ros/share/ament_index/resource_index/parent_prefix_path/gazebo_ros
[1.659s] -- Up-to-date symlink: /home/ravi/pmb2_foxy_ws/install/gazebo_ros/share/gazebo_ros/environment/ament_prefix_path.sh
[1.659s] -- Up-to-date symlink: /home/ravi/pmb2_foxy_ws/install/gazebo_ros/share/gazebo_ros/environment/ament_prefix_path.dsv
[1.659s] -- Up-to-date symlink: /home/ravi/pmb2_foxy_ws/install/gazebo_ros/share/gazebo_ros/environment/path.sh
[1.659s] -- Up-to-date symlink: /home/ravi/pmb2_foxy_ws/install/gazebo_ros/share/gazebo_ros/environment/path.dsv
[1.659s] -- Up-to-date symlink: /home/ravi/pmb2_foxy_ws/install/gazebo_ros/share/gazebo_ros/local_setup.bash
[1.659s] -- Up-to-date symlink: /home/ravi/pmb2_foxy_ws/install/gazebo_ros/share/gazebo_ros/local_setup.sh
[1.660s] -- Up-to-date symlink: /home/ravi/pmb2_foxy_ws/install/gazebo_ros/share/gazebo_ros/local_setup.zsh
[1.660s] -- Up-to-date symlink: /home/ravi/pmb2_foxy_ws/install/gazebo_ros/share/gazebo_ros/local_setup.dsv
[1.660s] -- Symlinking: /home/ravi/pmb2_foxy_ws/install/gazebo_ros/share/gazebo_ros/package.dsv
[1.666s] -- Up-to-date symlink: /home/ravi/pmb2_foxy_ws/install/gazebo_ros/share/ament_index/resource_index/packages/gazebo_ros
[1.666s] -- Up-to-date symlink: /home/ravi/pmb2_foxy_ws/install/gazebo_ros/share/gazebo_ros/cmake/ament_cmake_export_libraries-extras.cmake
[1.667s] -- Up-to-date symlink: /home/ravi/pmb2_foxy_ws/install/gazebo_ros/share/gazebo_ros/cmake/ament_cmake_export_include_directories-extras.cmake
[1.667s] -- Up-to-date symlink: /home/ravi/pmb2_foxy_ws/install/gazebo_ros/share/gazebo_ros/cmake/ament_cmake_export_dependencies-extras.cmake
[1.667s] -- Up-to-date symlink: /home/ravi/pmb2_foxy_ws/install/gazebo_ros/share/gazebo_ros/cmake/gazebo_rosConfig.cmake
[1.667s] -- Up-to-date symlink: /home/ravi/pmb2_foxy_ws/install/gazebo_ros/share/gazebo_ros/cmake/gazebo_rosConfig-version.cmake
[1.667s] -- Up-to-date symlink: /home/ravi/pmb2_foxy_ws/install/gazebo_ros/share/gazebo_ros/package.xml
[1.667s] -- Up-to-date symlink: /home/ravi/pmb2_foxy_ws/install/gazebo_ros/include/gazebo_ros/conversions/builtin_interfaces.hpp
[1.667s] -- Up-to-date symlink: /home/ravi/pmb2_foxy_ws/install/gazebo_ros/include/gazebo_ros/conversions/gazebo_msgs.hpp
[1.667s] -- Up-to-date symlink: /home/ravi/pmb2_foxy_ws/install/gazebo_ros/include/gazebo_ros/conversions/generic.hpp
[1.667s] -- Up-to-date symlink: /home/ravi/pmb2_foxy_ws/install/gazebo_ros/include/gazebo_ros/conversions/geometry_msgs.hpp
[1.667s] -- Up-to-date symlink: /home/ravi/pmb2_foxy_ws/install/gazebo_ros/include/gazebo_ros/conversions/sensor_msgs.hpp
[1.668s] -- Up-to-date symlink: /home/ravi/pmb2_foxy_ws/install/gazebo_ros/include/gazebo_ros/executor.hpp
[1.668s] -- Up-to-date symlink: /home/ravi/pmb2_foxy_ws/install/gazebo_ros/include/gazebo_ros/gazebo_ros_factory.hpp
[1.668s] -- Up-to-date symlink: /home/ravi/pmb2_foxy_ws/install/gazebo_ros/include/gazebo_ros/gazebo_ros_force_system.hpp
[1.668s] -- Up-to-date symlink: /home/ravi/pmb2_foxy_ws/install/gazebo_ros/include/gazebo_ros/gazebo_ros_init.hpp
[1.668s] -- Up-to-date symlink: /home/ravi/pmb2_foxy_ws/install/gazebo_ros/include/gazebo_ros/gazebo_ros_properties.hpp
[1.668s] -- Up-to-date symlink: /home/ravi/pmb2_foxy_ws/install/gazebo_ros/include/gazebo_ros/gazebo_ros_state.hpp
[1.668s] -- Up-to-date symlink: /home/ravi/pmb2_foxy_ws/install/gazebo_ros/include/gazebo_ros/node.hpp
[1.668s] -- Up-to-date symlink: /home/ravi/pmb2_foxy_ws/install/gazebo_ros/include/gazebo_ros/node_visibility_control.h
[1.668s] -- Up-to-date symlink: /home/ravi/pmb2_foxy_ws/install/gazebo_ros/include/gazebo_ros/qos.hpp
[1.668s] -- Up-to-date symlink: /home/ravi/pmb2_foxy_ws/install/gazebo_ros/include/gazebo_ros/testing_utils.hpp
[1.668s] -- Up-to-date symlink: /home/ravi/pmb2_foxy_ws/install/gazebo_ros/include/gazebo_ros/utils.hpp
[1.668s] -- Up-to-date symlink: /home/ravi/pmb2_foxy_ws/install/gazebo_ros/include/gazebo_ros/utils_visibility_control.h
[1.669s] -- Up-to-date symlink: /home/ravi/pmb2_foxy_ws/install/gazebo_ros/lib/gazebo_ros//gazebo_ros_paths.py
[1.669s] -- Up-to-date symlink: /home/ravi/pmb2_foxy_ws/install/gazebo_ros/lib/libgazebo_ros_factory.so
[1.669s] -- Up-to-date symlink: /home/ravi/pmb2_foxy_ws/install/gazebo_ros/lib/libgazebo_ros_force_system.so
[1.669s] -- Up-to-date symlink: /home/ravi/pmb2_foxy_ws/install/gazebo_ros/lib/libgazebo_ros_init.so
[1.669s] -- Up-to-date symlink: /home/ravi/pmb2_foxy_ws/install/gazebo_ros/lib/libgazebo_ros_node.so
[1.669s] -- Up-to-date symlink: /home/ravi/pmb2_foxy_ws/install/gazebo_ros/lib/libgazebo_ros_properties.so
[1.669s] -- Up-to-date symlink: /home/ravi/pmb2_foxy_ws/install/gazebo_ros/lib/libgazebo_ros_state.so
[1.670s] -- Up-to-date symlink: /home/ravi/pmb2_foxy_ws/install/gazebo_ros/lib/libgazebo_ros_utils.so
[1.670s] -- Up-to-date symlink: /home/ravi/pmb2_foxy_ws/install/gazebo_ros/lib/gazebo_ros//spawn_entity.py
[1.670s] -- Up-to-date symlink: /home/ravi/pmb2_foxy_ws/install/gazebo_ros/share/gazebo_ros//launch/gazebo.launch.py
[1.670s] -- Up-to-date symlink: /home/ravi/pmb2_foxy_ws/install/gazebo_ros/share/gazebo_ros//launch/gzclient.launch.py
[1.670s] -- Up-to-date symlink: /home/ravi/pmb2_foxy_ws/install/gazebo_ros/share/gazebo_ros//launch/gzserver.launch.py
[1.670s] -- Up-to-date symlink: /home/ravi/pmb2_foxy_ws/install/gazebo_ros/share/gazebo_ros//launch/spawn_entity_demo.launch.py
[1.690s] Listing '/home/ravi/pmb2_foxy_ws/install/gazebo_ros/lib/python3.8/site-packages/scripts/'...
[1.695s] Invoked command in '/home/ravi/pmb2_foxy_ws/build/gazebo_ros' returned '0': CMAKE_PREFIX_PATH=/home/ravi/pmb2_foxy_ws/install/gazebo_msgs:/home/ravi/pmb2_foxy_ws/install/gazebo_dev:/home/ravi/pmb2_foxy_ws/install/gazebo_ros_pkgs:/home/ravi/pmb2_foxy_ws/install/gazebo_plugins:/home/ravi/pmb2_foxy_ws/install/gazebo_ros:/home/ravi/pmb2_foxy_ws/install/pal_gazebo_worlds:/home/ravi/pmb2_foxy_ws/install/pmb2_simulation:/home/ravi/pmb2_foxy_ws/install/pmb2_navigation:/home/ravi/pmb2_foxy_ws/install/pmb2_2dnav_gazebo:/home/ravi/pmb2_foxy_ws/install/pmb2_2dnav:/home/ravi/pmb2_foxy_ws/install/pmb2_maps:/home/ravi/pmb2_foxy_ws/install/pmb2_gazebo:/home/ravi/pmb2_foxy_ws/install/pmb2_robot:/home/ravi/pmb2_foxy_ws/install/pmb2_bringup:/home/ravi/pmb2_foxy_ws/install/pmb2_description:/home/ravi/pmb2_foxy_ws/install/pmb2_controller_configuration:/home/ravi/pmb2_foxy_ws/install/launch_pal:/opt/ros/foxy LD_LIBRARY_PATH=/home/ravi/pmb2_foxy_ws/install/gazebo_msgs/lib:/usr/lib/x86_64-linux-gnu/gazebo-11/plugins:/home/ravi/pmb2_foxy_ws/install/gazebo_plugins/lib:/home/ravi/pmb2_foxy_ws/install/gazebo_ros/lib:/opt/ros/foxy/opt/yaml_cpp_vendor/lib:/opt/ros/foxy/opt/rviz_ogre_vendor/lib:/opt/ros/foxy/lib/x86_64-linux-gnu:/opt/ros/foxy/lib PYTHONPATH=/home/ravi/pmb2_foxy_ws/install/gazebo_msgs/lib/python3.8/site-packages:/home/ravi/pmb2_foxy_ws/install/gazebo_ros/lib/python3.8/site-packages:/home/ravi/pmb2_foxy_ws/build/launch_pal:/home/ravi/pmb2_foxy_ws/install/launch_pal/lib/python3.8/site-packages:/home/ravi/pmb2_foxy_ws/install/pmb2_description/lib/python3.8/site-packages:/opt/ros/foxy/lib/python3.8/site-packages /usr/bin/cmake --install /home/ravi/pmb2_foxy_ws/build/gazebo_ros
