[0.078s] DEBUG:colcon:Command line arguments: ['/usr/bin/colcon', 'build']
[0.078s] DEBUG:colcon:Parsed command line arguments: Namespace(allow_overriding=[], ament_cmake_args=None, base_paths=['.'], build_base='build', catkin_cmake_args=None, catkin_skip_building_tests=False, cmake_args=None, cmake_clean_cache=False, cmake_clean_first=False, cmake_force_configure=False, cmake_target=None, cmake_target_skip_unavailable=False, continue_on_error=False, event_handlers=None, executor='parallel', ignore_user_meta=False, install_base='install', log_base=None, log_level=None, main=<bound method BuildVerb.main of <colcon_core.verb.build.BuildVerb object at 0x7f765b366ac0>>, merge_install=False, metas=['./colcon.meta'], packages_above=None, packages_above_and_dependencies=None, packages_above_depth=None, packages_end=None, packages_ignore=None, packages_ignore_regex=None, packages_select=None, packages_select_build_failed=False, packages_select_by_dep=None, packages_select_regex=None, packages_select_test_failures=False, packages_skip=None, packages_skip_build_finished=False, packages_skip_by_dep=None, packages_skip_regex=None, packages_skip_test_passed=False, packages_skip_up_to=None, packages_start=None, packages_up_to=None, packages_up_to_regex=None, parallel_workers=8, paths=None, symlink_install=False, test_result_base=None, verb_extension=<colcon_core.verb.build.BuildVerb object at 0x7f765b366ac0>, verb_name='build', verb_parser=<colcon_defaults.argument_parser.defaults.DefaultArgumentsDecorator object at 0x7f765b372070>)
[0.092s] Level 1:colcon.colcon_core.package_discovery:discover_packages(colcon_meta) check parameters
[0.092s] Level 1:colcon.colcon_core.package_discovery:discover_packages(recursive) check parameters
[0.092s] Level 1:colcon.colcon_core.package_discovery:discover_packages(ignore) check parameters
[0.092s] Level 1:colcon.colcon_core.package_discovery:discover_packages(path) check parameters
[0.092s] Level 1:colcon.colcon_core.package_discovery:discover_packages(colcon_meta) discover
[0.092s] Level 1:colcon.colcon_core.package_discovery:discover_packages(recursive) discover
[0.092s] INFO:colcon.colcon_core.package_discovery:Crawling recursively for packages in '/home/ravi/pmb2_foxy_ws'
[0.093s] Level 1:colcon.colcon_core.package_identification:_identify(.) by extensions ['ignore', 'ignore_ament_install']
[0.093s] Level 1:colcon.colcon_core.package_identification:_identify(.) by extension 'ignore'
[0.093s] Level 1:colcon.colcon_core.package_identification:_identify(.) by extension 'ignore_ament_install'
[0.093s] Level 1:colcon.colcon_core.package_identification:_identify(.) by extensions ['colcon_pkg']
[0.093s] Level 1:colcon.colcon_core.package_identification:_identify(.) by extension 'colcon_pkg'
[0.093s] Level 1:colcon.colcon_core.package_identification:_identify(.) by extensions ['colcon_meta']
[0.093s] Level 1:colcon.colcon_core.package_identification:_identify(.) by extension 'colcon_meta'
[0.093s] Level 1:colcon.colcon_core.package_identification:_identify(.) by extensions ['ros']
[0.093s] Level 1:colcon.colcon_core.package_identification:_identify(.) by extension 'ros'
[0.099s] Level 1:colcon.colcon_core.package_identification:_identify(.) by extensions ['cmake', 'python']
[0.099s] Level 1:colcon.colcon_core.package_identification:_identify(.) by extension 'cmake'
[0.099s] Level 1:colcon.colcon_core.package_identification:_identify(.) by extension 'python'
[0.099s] Level 1:colcon.colcon_core.package_identification:_identify(.) by extensions ['python_setup_py']
[0.099s] Level 1:colcon.colcon_core.package_identification:_identify(.) by extension 'python_setup_py'
[0.100s] Level 1:colcon.colcon_core.package_identification:_identify(build) by extensions ['ignore', 'ignore_ament_install']
[0.100s] Level 1:colcon.colcon_core.package_identification:_identify(build) by extension 'ignore'
[0.100s] Level 1:colcon.colcon_core.package_identification:_identify(build) ignored
[0.100s] Level 1:colcon.colcon_core.package_identification:_identify(install) by extensions ['ignore', 'ignore_ament_install']
[0.100s] Level 1:colcon.colcon_core.package_identification:_identify(install) by extension 'ignore'
[0.100s] Level 1:colcon.colcon_core.package_identification:_identify(install) ignored
[0.100s] Level 1:colcon.colcon_core.package_identification:_identify(log) by extensions ['ignore', 'ignore_ament_install']
[0.100s] Level 1:colcon.colcon_core.package_identification:_identify(log) by extension 'ignore'
[0.100s] Level 1:colcon.colcon_core.package_identification:_identify(log) ignored
[0.100s] Level 1:colcon.colcon_core.package_identification:_identify(src) by extensions ['ignore', 'ignore_ament_install']
[0.100s] Level 1:colcon.colcon_core.package_identification:_identify(src) by extension 'ignore'
[0.100s] Level 1:colcon.colcon_core.package_identification:_identify(src) by extension 'ignore_ament_install'
[0.100s] Level 1:colcon.colcon_core.package_identification:_identify(src) by extensions ['colcon_pkg']
[0.100s] Level 1:colcon.colcon_core.package_identification:_identify(src) by extension 'colcon_pkg'
[0.100s] Level 1:colcon.colcon_core.package_identification:_identify(src) by extensions ['colcon_meta']
[0.100s] Level 1:colcon.colcon_core.package_identification:_identify(src) by extension 'colcon_meta'
[0.100s] Level 1:colcon.colcon_core.package_identification:_identify(src) by extensions ['ros']
[0.100s] Level 1:colcon.colcon_core.package_identification:_identify(src) by extension 'ros'
[0.100s] Level 1:colcon.colcon_core.package_identification:_identify(src) by extensions ['cmake', 'python']
[0.100s] Level 1:colcon.colcon_core.package_identification:_identify(src) by extension 'cmake'
[0.100s] Level 1:colcon.colcon_core.package_identification:_identify(src) by extension 'python'
[0.100s] Level 1:colcon.colcon_core.package_identification:_identify(src) by extensions ['python_setup_py']
[0.100s] Level 1:colcon.colcon_core.package_identification:_identify(src) by extension 'python_setup_py'
[0.100s] Level 1:colcon.colcon_core.package_identification:_identify(src/pmb2_robot) by extensions ['ignore', 'ignore_ament_install']
[0.100s] Level 1:colcon.colcon_core.package_identification:_identify(src/pmb2_robot) by extension 'ignore'
[0.100s] Level 1:colcon.colcon_core.package_identification:_identify(src/pmb2_robot) by extension 'ignore_ament_install'
[0.100s] Level 1:colcon.colcon_core.package_identification:_identify(src/pmb2_robot) by extensions ['colcon_pkg']
[0.100s] Level 1:colcon.colcon_core.package_identification:_identify(src/pmb2_robot) by extension 'colcon_pkg'
[0.100s] Level 1:colcon.colcon_core.package_identification:_identify(src/pmb2_robot) by extensions ['colcon_meta']
[0.100s] Level 1:colcon.colcon_core.package_identification:_identify(src/pmb2_robot) by extension 'colcon_meta'
[0.100s] Level 1:colcon.colcon_core.package_identification:_identify(src/pmb2_robot) by extensions ['ros']
[0.100s] Level 1:colcon.colcon_core.package_identification:_identify(src/pmb2_robot) by extension 'ros'
[0.100s] Level 1:colcon.colcon_core.package_identification:_identify(src/pmb2_robot) by extensions ['cmake', 'python']
[0.100s] Level 1:colcon.colcon_core.package_identification:_identify(src/pmb2_robot) by extension 'cmake'
[0.101s] Level 1:colcon.colcon_core.package_identification:_identify(src/pmb2_robot) by extension 'python'
[0.101s] Level 1:colcon.colcon_core.package_identification:_identify(src/pmb2_robot) by extensions ['python_setup_py']
[0.101s] Level 1:colcon.colcon_core.package_identification:_identify(src/pmb2_robot) by extension 'python_setup_py'
[0.101s] Level 1:colcon.colcon_core.package_identification:_identify(src/pmb2_robot/pmb2_bringup) by extensions ['ignore', 'ignore_ament_install']
[0.101s] Level 1:colcon.colcon_core.package_identification:_identify(src/pmb2_robot/pmb2_bringup) by extension 'ignore'
[0.101s] Level 1:colcon.colcon_core.package_identification:_identify(src/pmb2_robot/pmb2_bringup) by extension 'ignore_ament_install'
[0.101s] Level 1:colcon.colcon_core.package_identification:_identify(src/pmb2_robot/pmb2_bringup) by extensions ['colcon_pkg']
[0.101s] Level 1:colcon.colcon_core.package_identification:_identify(src/pmb2_robot/pmb2_bringup) by extension 'colcon_pkg'
[0.101s] Level 1:colcon.colcon_core.package_identification:_identify(src/pmb2_robot/pmb2_bringup) by extensions ['colcon_meta']
[0.101s] Level 1:colcon.colcon_core.package_identification:_identify(src/pmb2_robot/pmb2_bringup) by extension 'colcon_meta'
[0.101s] Level 1:colcon.colcon_core.package_identification:_identify(src/pmb2_robot/pmb2_bringup) by extensions ['ros']
[0.101s] Level 1:colcon.colcon_core.package_identification:_identify(src/pmb2_robot/pmb2_bringup) by extension 'ros'
[0.102s] DEBUG:colcon.colcon_core.package_identification:Package 'src/pmb2_robot/pmb2_bringup' with type 'ros.ament_cmake' and name 'pmb2_bringup'
[0.102s] Level 1:colcon.colcon_core.package_identification:_identify(src/pmb2_robot/pmb2_controller_configuration) by extensions ['ignore', 'ignore_ament_install']
[0.102s] Level 1:colcon.colcon_core.package_identification:_identify(src/pmb2_robot/pmb2_controller_configuration) by extension 'ignore'
[0.102s] Level 1:colcon.colcon_core.package_identification:_identify(src/pmb2_robot/pmb2_controller_configuration) by extension 'ignore_ament_install'
[0.102s] Level 1:colcon.colcon_core.package_identification:_identify(src/pmb2_robot/pmb2_controller_configuration) by extensions ['colcon_pkg']
[0.103s] Level 1:colcon.colcon_core.package_identification:_identify(src/pmb2_robot/pmb2_controller_configuration) by extension 'colcon_pkg'
[0.103s] Level 1:colcon.colcon_core.package_identification:_identify(src/pmb2_robot/pmb2_controller_configuration) by extensions ['colcon_meta']
[0.103s] Level 1:colcon.colcon_core.package_identification:_identify(src/pmb2_robot/pmb2_controller_configuration) by extension 'colcon_meta'
[0.103s] Level 1:colcon.colcon_core.package_identification:_identify(src/pmb2_robot/pmb2_controller_configuration) by extensions ['ros']
[0.103s] Level 1:colcon.colcon_core.package_identification:_identify(src/pmb2_robot/pmb2_controller_configuration) by extension 'ros'
[0.103s] DEBUG:colcon.colcon_core.package_identification:Package 'src/pmb2_robot/pmb2_controller_configuration' with type 'ros.ament_cmake' and name 'pmb2_controller_configuration'
[0.103s] Level 1:colcon.colcon_core.package_identification:_identify(src/pmb2_robot/pmb2_description) by extensions ['ignore', 'ignore_ament_install']
[0.103s] Level 1:colcon.colcon_core.package_identification:_identify(src/pmb2_robot/pmb2_description) by extension 'ignore'
[0.103s] Level 1:colcon.colcon_core.package_identification:_identify(src/pmb2_robot/pmb2_description) by extension 'ignore_ament_install'
[0.103s] Level 1:colcon.colcon_core.package_identification:_identify(src/pmb2_robot/pmb2_description) by extensions ['colcon_pkg']
[0.103s] Level 1:colcon.colcon_core.package_identification:_identify(src/pmb2_robot/pmb2_description) by extension 'colcon_pkg'
[0.103s] Level 1:colcon.colcon_core.package_identification:_identify(src/pmb2_robot/pmb2_description) by extensions ['colcon_meta']
[0.103s] Level 1:colcon.colcon_core.package_identification:_identify(src/pmb2_robot/pmb2_description) by extension 'colcon_meta'
[0.103s] Level 1:colcon.colcon_core.package_identification:_identify(src/pmb2_robot/pmb2_description) by extensions ['ros']
[0.103s] Level 1:colcon.colcon_core.package_identification:_identify(src/pmb2_robot/pmb2_description) by extension 'ros'
[0.104s] DEBUG:colcon.colcon_core.package_identification:Package 'src/pmb2_robot/pmb2_description' with type 'ros.ament_cmake' and name 'pmb2_description'
[0.104s] Level 1:colcon.colcon_core.package_identification:_identify(src/pmb2_robot/pmb2_robot) by extensions ['ignore', 'ignore_ament_install']
[0.104s] Level 1:colcon.colcon_core.package_identification:_identify(src/pmb2_robot/pmb2_robot) by extension 'ignore'
[0.104s] Level 1:colcon.colcon_core.package_identification:_identify(src/pmb2_robot/pmb2_robot) by extension 'ignore_ament_install'
[0.104s] Level 1:colcon.colcon_core.package_identification:_identify(src/pmb2_robot/pmb2_robot) by extensions ['colcon_pkg']
[0.104s] Level 1:colcon.colcon_core.package_identification:_identify(src/pmb2_robot/pmb2_robot) by extension 'colcon_pkg'
[0.104s] Level 1:colcon.colcon_core.package_identification:_identify(src/pmb2_robot/pmb2_robot) by extensions ['colcon_meta']
[0.104s] Level 1:colcon.colcon_core.package_identification:_identify(src/pmb2_robot/pmb2_robot) by extension 'colcon_meta'
[0.104s] Level 1:colcon.colcon_core.package_identification:_identify(src/pmb2_robot/pmb2_robot) by extensions ['ros']
[0.104s] Level 1:colcon.colcon_core.package_identification:_identify(src/pmb2_robot/pmb2_robot) by extension 'ros'
[0.104s] DEBUG:colcon.colcon_core.package_identification:Package 'src/pmb2_robot/pmb2_robot' with type 'ros.ament_cmake' and name 'pmb2_robot'
[0.104s] Level 1:colcon.colcon_core.package_discovery:discover_packages(recursive) using defaults
[0.104s] Level 1:colcon.colcon_core.package_discovery:discover_packages(ignore) discover
[0.104s] Level 1:colcon.colcon_core.package_discovery:discover_packages(ignore) using defaults
[0.104s] Level 1:colcon.colcon_core.package_discovery:discover_packages(path) discover
[0.104s] Level 1:colcon.colcon_core.package_discovery:discover_packages(path) using defaults
[0.122s] Level 1:colcon.colcon_core.package_discovery:discover_packages(prefix_path) check parameters
[0.122s] Level 1:colcon.colcon_core.package_discovery:discover_packages(prefix_path) discover
[0.124s] DEBUG:colcon.colcon_installed_package_information.package_discovery:Found 256 installed packages in /opt/ros/foxy
[0.125s] Level 1:colcon.colcon_core.package_discovery:discover_packages(prefix_path) using defaults
[0.160s] Level 5:colcon.colcon_core.verb:set package 'pmb2_controller_configuration' build argument 'cmake_args' from command line to 'None'
[0.160s] Level 5:colcon.colcon_core.verb:set package 'pmb2_controller_configuration' build argument 'cmake_target' from command line to 'None'
[0.160s] Level 5:colcon.colcon_core.verb:set package 'pmb2_controller_configuration' build argument 'cmake_target_skip_unavailable' from command line to 'False'
[0.160s] Level 5:colcon.colcon_core.verb:set package 'pmb2_controller_configuration' build argument 'cmake_clean_cache' from command line to 'False'
[0.160s] Level 5:colcon.colcon_core.verb:set package 'pmb2_controller_configuration' build argument 'cmake_clean_first' from command line to 'False'
[0.160s] Level 5:colcon.colcon_core.verb:set package 'pmb2_controller_configuration' build argument 'cmake_force_configure' from command line to 'False'
[0.160s] Level 5:colcon.colcon_core.verb:set package 'pmb2_controller_configuration' build argument 'ament_cmake_args' from command line to 'None'
[0.160s] Level 5:colcon.colcon_core.verb:set package 'pmb2_controller_configuration' build argument 'catkin_cmake_args' from command line to 'None'
[0.160s] Level 5:colcon.colcon_core.verb:set package 'pmb2_controller_configuration' build argument 'catkin_skip_building_tests' from command line to 'False'
[0.160s] DEBUG:colcon.colcon_core.verb:Building package 'pmb2_controller_configuration' with the following arguments: {'ament_cmake_args': None, 'build_base': '/home/ravi/pmb2_foxy_ws/build/pmb2_controller_configuration', 'catkin_cmake_args': None, 'catkin_skip_building_tests': False, 'cmake_args': None, 'cmake_clean_cache': False, 'cmake_clean_first': False, 'cmake_force_configure': False, 'cmake_target': None, 'cmake_target_skip_unavailable': False, 'install_base': '/home/ravi/pmb2_foxy_ws/install/pmb2_controller_configuration', 'merge_install': False, 'path': '/home/ravi/pmb2_foxy_ws/src/pmb2_robot/pmb2_controller_configuration', 'symlink_install': False, 'test_result_base': None}
[0.161s] Level 5:colcon.colcon_core.verb:set package 'pmb2_description' build argument 'cmake_args' from command line to 'None'
[0.161s] Level 5:colcon.colcon_core.verb:set package 'pmb2_description' build argument 'cmake_target' from command line to 'None'
[0.161s] Level 5:colcon.colcon_core.verb:set package 'pmb2_description' build argument 'cmake_target_skip_unavailable' from command line to 'False'
[0.161s] Level 5:colcon.colcon_core.verb:set package 'pmb2_description' build argument 'cmake_clean_cache' from command line to 'False'
[0.161s] Level 5:colcon.colcon_core.verb:set package 'pmb2_description' build argument 'cmake_clean_first' from command line to 'False'
[0.161s] Level 5:colcon.colcon_core.verb:set package 'pmb2_description' build argument 'cmake_force_configure' from command line to 'False'
[0.161s] Level 5:colcon.colcon_core.verb:set package 'pmb2_description' build argument 'ament_cmake_args' from command line to 'None'
[0.161s] Level 5:colcon.colcon_core.verb:set package 'pmb2_description' build argument 'catkin_cmake_args' from command line to 'None'
[0.161s] Level 5:colcon.colcon_core.verb:set package 'pmb2_description' build argument 'catkin_skip_building_tests' from command line to 'False'
[0.161s] DEBUG:colcon.colcon_core.verb:Building package 'pmb2_description' with the following arguments: {'ament_cmake_args': None, 'build_base': '/home/ravi/pmb2_foxy_ws/build/pmb2_description', 'catkin_cmake_args': None, 'catkin_skip_building_tests': False, 'cmake_args': None, 'cmake_clean_cache': False, 'cmake_clean_first': False, 'cmake_force_configure': False, 'cmake_target': None, 'cmake_target_skip_unavailable': False, 'install_base': '/home/ravi/pmb2_foxy_ws/install/pmb2_description', 'merge_install': False, 'path': '/home/ravi/pmb2_foxy_ws/src/pmb2_robot/pmb2_description', 'symlink_install': False, 'test_result_base': None}
[0.161s] Level 5:colcon.colcon_core.verb:set package 'pmb2_bringup' build argument 'cmake_args' from command line to 'None'
[0.161s] Level 5:colcon.colcon_core.verb:set package 'pmb2_bringup' build argument 'cmake_target' from command line to 'None'
[0.161s] Level 5:colcon.colcon_core.verb:set package 'pmb2_bringup' build argument 'cmake_target_skip_unavailable' from command line to 'False'
[0.161s] Level 5:colcon.colcon_core.verb:set package 'pmb2_bringup' build argument 'cmake_clean_cache' from command line to 'False'
[0.161s] Level 5:colcon.colcon_core.verb:set package 'pmb2_bringup' build argument 'cmake_clean_first' from command line to 'False'
[0.161s] Level 5:colcon.colcon_core.verb:set package 'pmb2_bringup' build argument 'cmake_force_configure' from command line to 'False'
[0.161s] Level 5:colcon.colcon_core.verb:set package 'pmb2_bringup' build argument 'ament_cmake_args' from command line to 'None'
[0.161s] Level 5:colcon.colcon_core.verb:set package 'pmb2_bringup' build argument 'catkin_cmake_args' from command line to 'None'
[0.161s] Level 5:colcon.colcon_core.verb:set package 'pmb2_bringup' build argument 'catkin_skip_building_tests' from command line to 'False'
[0.161s] DEBUG:colcon.colcon_core.verb:Building package 'pmb2_bringup' with the following arguments: {'ament_cmake_args': None, 'build_base': '/home/ravi/pmb2_foxy_ws/build/pmb2_bringup', 'catkin_cmake_args': None, 'catkin_skip_building_tests': False, 'cmake_args': None, 'cmake_clean_cache': False, 'cmake_clean_first': False, 'cmake_force_configure': False, 'cmake_target': None, 'cmake_target_skip_unavailable': False, 'install_base': '/home/ravi/pmb2_foxy_ws/install/pmb2_bringup', 'merge_install': False, 'path': '/home/ravi/pmb2_foxy_ws/src/pmb2_robot/pmb2_bringup', 'symlink_install': False, 'test_result_base': None}
[0.162s] Level 5:colcon.colcon_core.verb:set package 'pmb2_robot' build argument 'cmake_args' from command line to 'None'
[0.162s] Level 5:colcon.colcon_core.verb:set package 'pmb2_robot' build argument 'cmake_target' from command line to 'None'
[0.162s] Level 5:colcon.colcon_core.verb:set package 'pmb2_robot' build argument 'cmake_target_skip_unavailable' from command line to 'False'
[0.162s] Level 5:colcon.colcon_core.verb:set package 'pmb2_robot' build argument 'cmake_clean_cache' from command line to 'False'
[0.162s] Level 5:colcon.colcon_core.verb:set package 'pmb2_robot' build argument 'cmake_clean_first' from command line to 'False'
[0.162s] Level 5:colcon.colcon_core.verb:set package 'pmb2_robot' build argument 'cmake_force_configure' from command line to 'False'
[0.162s] Level 5:colcon.colcon_core.verb:set package 'pmb2_robot' build argument 'ament_cmake_args' from command line to 'None'
[0.162s] Level 5:colcon.colcon_core.verb:set package 'pmb2_robot' build argument 'catkin_cmake_args' from command line to 'None'
[0.162s] Level 5:colcon.colcon_core.verb:set package 'pmb2_robot' build argument 'catkin_skip_building_tests' from command line to 'False'
[0.162s] DEBUG:colcon.colcon_core.verb:Building package 'pmb2_robot' with the following arguments: {'ament_cmake_args': None, 'build_base': '/home/ravi/pmb2_foxy_ws/build/pmb2_robot', 'catkin_cmake_args': None, 'catkin_skip_building_tests': False, 'cmake_args': None, 'cmake_clean_cache': False, 'cmake_clean_first': False, 'cmake_force_configure': False, 'cmake_target': None, 'cmake_target_skip_unavailable': False, 'install_base': '/home/ravi/pmb2_foxy_ws/install/pmb2_robot', 'merge_install': False, 'path': '/home/ravi/pmb2_foxy_ws/src/pmb2_robot/pmb2_robot', 'symlink_install': False, 'test_result_base': None}
[0.162s] INFO:colcon.colcon_core.executor:Executing jobs using 'parallel' executor
[0.165s] DEBUG:colcon.colcon_parallel_executor.executor.parallel:run_until_complete
[0.165s] INFO:colcon.colcon_ros.task.ament_cmake.build:Building ROS package in '/home/ravi/pmb2_foxy_ws/src/pmb2_robot/pmb2_controller_configuration' with build type 'ament_cmake'
[0.165s] INFO:colcon.colcon_cmake.task.cmake.build:Building CMake package in '/home/ravi/pmb2_foxy_ws/src/pmb2_robot/pmb2_controller_configuration'
[0.167s] INFO:colcon.colcon_core.plugin_system:Skipping extension 'colcon_core.shell.bat': Not used on non-Windows systems
[0.167s] INFO:colcon.colcon_core.shell:Skip shell extension 'powershell' for command environment: Not usable outside of PowerShell
[0.167s] DEBUG:colcon.colcon_core.shell:Skip shell extension 'dsv' for command environment
[0.174s] DEBUG:colcon.colcon_core.event_handler.log_command:Invoking command in '/home/ravi/pmb2_foxy_ws/build/pmb2_controller_configuration': CMAKE_PREFIX_PATH=/opt/ros/foxy /usr/bin/cmake /home/ravi/pmb2_foxy_ws/src/pmb2_robot/pmb2_controller_configuration -DCMAKE_INSTALL_PREFIX=/home/ravi/pmb2_foxy_ws/install/pmb2_controller_configuration
[0.653s] DEBUG:colcon.colcon_core.event_handler.log_command:Invoked command in '/home/ravi/pmb2_foxy_ws/build/pmb2_controller_configuration' returned '0': CMAKE_PREFIX_PATH=/opt/ros/foxy /usr/bin/cmake /home/ravi/pmb2_foxy_ws/src/pmb2_robot/pmb2_controller_configuration -DCMAKE_INSTALL_PREFIX=/home/ravi/pmb2_foxy_ws/install/pmb2_controller_configuration
[0.655s] DEBUG:colcon.colcon_core.event_handler.log_command:Invoking command in '/home/ravi/pmb2_foxy_ws/build/pmb2_controller_configuration': CMAKE_PREFIX_PATH=/opt/ros/foxy /usr/bin/cmake --build /home/ravi/pmb2_foxy_ws/build/pmb2_controller_configuration -- -j8 -l8
[0.681s] DEBUG:colcon.colcon_core.event_handler.log_command:Invoked command in '/home/ravi/pmb2_foxy_ws/build/pmb2_controller_configuration' returned '0': CMAKE_PREFIX_PATH=/opt/ros/foxy /usr/bin/cmake --build /home/ravi/pmb2_foxy_ws/build/pmb2_controller_configuration -- -j8 -l8
[0.711s] DEBUG:colcon.colcon_core.event_handler.log_command:Invoking command in '/home/ravi/pmb2_foxy_ws/build/pmb2_controller_configuration': CMAKE_PREFIX_PATH=/opt/ros/foxy /usr/bin/cmake --install /home/ravi/pmb2_foxy_ws/build/pmb2_controller_configuration
[0.721s] Level 1:colcon.colcon_core.environment:create_environment_scripts_only(pmb2_controller_configuration)
[0.722s] DEBUG:colcon.colcon_core.event_handler.log_command:Invoked command in '/home/ravi/pmb2_foxy_ws/build/pmb2_controller_configuration' returned '0': CMAKE_PREFIX_PATH=/opt/ros/foxy /usr/bin/cmake --install /home/ravi/pmb2_foxy_ws/build/pmb2_controller_configuration
[0.725s] Level 1:colcon.colcon_core.environment:checking '/home/ravi/pmb2_foxy_ws/install/pmb2_controller_configuration' for CMake module files
[0.725s] Level 1:colcon.colcon_core.environment:checking '/home/ravi/pmb2_foxy_ws/install/pmb2_controller_configuration' for CMake config files
[0.725s] Level 1:colcon.colcon_core.shell:create_environment_hook('pmb2_controller_configuration', 'cmake_prefix_path')
[0.726s] INFO:colcon.colcon_core.shell:Creating environment hook '/home/ravi/pmb2_foxy_ws/install/pmb2_controller_configuration/share/pmb2_controller_configuration/hook/cmake_prefix_path.ps1'
[0.726s] INFO:colcon.colcon_core.shell:Creating environment descriptor '/home/ravi/pmb2_foxy_ws/install/pmb2_controller_configuration/share/pmb2_controller_configuration/hook/cmake_prefix_path.dsv'
[0.727s] INFO:colcon.colcon_core.shell:Creating environment hook '/home/ravi/pmb2_foxy_ws/install/pmb2_controller_configuration/share/pmb2_controller_configuration/hook/cmake_prefix_path.sh'
[0.727s] Level 1:colcon.colcon_core.environment:checking '/home/ravi/pmb2_foxy_ws/install/pmb2_controller_configuration/bin'
[0.727s] Level 1:colcon.colcon_core.environment:checking '/home/ravi/pmb2_foxy_ws/install/pmb2_controller_configuration/lib/pkgconfig/pmb2_controller_configuration.pc'
[0.727s] Level 1:colcon.colcon_core.environment:checking '/home/ravi/pmb2_foxy_ws/install/pmb2_controller_configuration/lib/python3.8/site-packages'
[0.727s] Level 1:colcon.colcon_core.environment:checking '/home/ravi/pmb2_foxy_ws/install/pmb2_controller_configuration/bin'
[0.729s] INFO:colcon.colcon_core.shell:Creating package script '/home/ravi/pmb2_foxy_ws/install/pmb2_controller_configuration/share/pmb2_controller_configuration/package.ps1'
[0.729s] INFO:colcon.colcon_core.shell:Creating package descriptor '/home/ravi/pmb2_foxy_ws/install/pmb2_controller_configuration/share/pmb2_controller_configuration/package.dsv'
[0.730s] INFO:colcon.colcon_core.shell:Creating package script '/home/ravi/pmb2_foxy_ws/install/pmb2_controller_configuration/share/pmb2_controller_configuration/package.sh'
[0.730s] INFO:colcon.colcon_core.shell:Creating package script '/home/ravi/pmb2_foxy_ws/install/pmb2_controller_configuration/share/pmb2_controller_configuration/package.bash'
[0.731s] INFO:colcon.colcon_core.shell:Creating package script '/home/ravi/pmb2_foxy_ws/install/pmb2_controller_configuration/share/pmb2_controller_configuration/package.zsh'
[0.731s] Level 1:colcon.colcon_core.environment:create_file_with_runtime_dependencies(/home/ravi/pmb2_foxy_ws/install/pmb2_controller_configuration/share/colcon-core/packages/pmb2_controller_configuration)
[0.747s] Level 1:colcon.colcon_core.environment:create_environment_scripts_only(pmb2_controller_configuration)
[0.748s] Level 1:colcon.colcon_core.environment:checking '/home/ravi/pmb2_foxy_ws/install/pmb2_controller_configuration' for CMake module files
[0.749s] Level 1:colcon.colcon_core.environment:checking '/home/ravi/pmb2_foxy_ws/install/pmb2_controller_configuration' for CMake config files
[0.749s] Level 1:colcon.colcon_core.shell:create_environment_hook('pmb2_controller_configuration', 'cmake_prefix_path')
[0.750s] INFO:colcon.colcon_core.shell:Creating environment hook '/home/ravi/pmb2_foxy_ws/install/pmb2_controller_configuration/share/pmb2_controller_configuration/hook/cmake_prefix_path.ps1'
[0.751s] INFO:colcon.colcon_core.shell:Creating environment descriptor '/home/ravi/pmb2_foxy_ws/install/pmb2_controller_configuration/share/pmb2_controller_configuration/hook/cmake_prefix_path.dsv'
[0.751s] INFO:colcon.colcon_core.shell:Creating environment hook '/home/ravi/pmb2_foxy_ws/install/pmb2_controller_configuration/share/pmb2_controller_configuration/hook/cmake_prefix_path.sh'
[0.752s] Level 1:colcon.colcon_core.environment:checking '/home/ravi/pmb2_foxy_ws/install/pmb2_controller_configuration/bin'
[0.752s] Level 1:colcon.colcon_core.environment:checking '/home/ravi/pmb2_foxy_ws/install/pmb2_controller_configuration/lib/pkgconfig/pmb2_controller_configuration.pc'
[0.752s] Level 1:colcon.colcon_core.environment:checking '/home/ravi/pmb2_foxy_ws/install/pmb2_controller_configuration/lib/python3.8/site-packages'
[0.752s] Level 1:colcon.colcon_core.environment:checking '/home/ravi/pmb2_foxy_ws/install/pmb2_controller_configuration/bin'
[0.753s] INFO:colcon.colcon_core.shell:Creating package script '/home/ravi/pmb2_foxy_ws/install/pmb2_controller_configuration/share/pmb2_controller_configuration/package.ps1'
[0.754s] INFO:colcon.colcon_core.shell:Creating package descriptor '/home/ravi/pmb2_foxy_ws/install/pmb2_controller_configuration/share/pmb2_controller_configuration/package.dsv'
[0.755s] INFO:colcon.colcon_core.shell:Creating package script '/home/ravi/pmb2_foxy_ws/install/pmb2_controller_configuration/share/pmb2_controller_configuration/package.sh'
[0.755s] INFO:colcon.colcon_core.shell:Creating package script '/home/ravi/pmb2_foxy_ws/install/pmb2_controller_configuration/share/pmb2_controller_configuration/package.bash'
[0.755s] INFO:colcon.colcon_core.shell:Creating package script '/home/ravi/pmb2_foxy_ws/install/pmb2_controller_configuration/share/pmb2_controller_configuration/package.zsh'
[0.756s] Level 1:colcon.colcon_core.environment:create_file_with_runtime_dependencies(/home/ravi/pmb2_foxy_ws/install/pmb2_controller_configuration/share/colcon-core/packages/pmb2_controller_configuration)
[0.756s] INFO:colcon.colcon_ros.task.ament_cmake.build:Building ROS package in '/home/ravi/pmb2_foxy_ws/src/pmb2_robot/pmb2_description' with build type 'ament_cmake'
[0.756s] INFO:colcon.colcon_cmake.task.cmake.build:Building CMake package in '/home/ravi/pmb2_foxy_ws/src/pmb2_robot/pmb2_description'
[0.757s] INFO:colcon.colcon_core.shell:Skip shell extension 'powershell' for command environment: Not usable outside of PowerShell
[0.757s] DEBUG:colcon.colcon_core.shell:Skip shell extension 'dsv' for command environment
[0.765s] DEBUG:colcon.colcon_core.event_handler.log_command:Invoking command in '/home/ravi/pmb2_foxy_ws/build/pmb2_description': AMENT_PREFIX_PATH=/home/ravi/pmb2_foxy_ws/install/pmb2_controller_configuration:${AMENT_PREFIX_PATH} CMAKE_PREFIX_PATH=/home/ravi/pmb2_foxy_ws/install/pmb2_controller_configuration:/opt/ros/foxy /usr/bin/cmake /home/ravi/pmb2_foxy_ws/src/pmb2_robot/pmb2_description -DCMAKE_INSTALL_PREFIX=/home/ravi/pmb2_foxy_ws/install/pmb2_description
[1.313s] DEBUG:colcon.colcon_core.event_handler.log_command:Invoked command in '/home/ravi/pmb2_foxy_ws/build/pmb2_description' returned '0': AMENT_PREFIX_PATH=/home/ravi/pmb2_foxy_ws/install/pmb2_controller_configuration:${AMENT_PREFIX_PATH} CMAKE_PREFIX_PATH=/home/ravi/pmb2_foxy_ws/install/pmb2_controller_configuration:/opt/ros/foxy /usr/bin/cmake /home/ravi/pmb2_foxy_ws/src/pmb2_robot/pmb2_description -DCMAKE_INSTALL_PREFIX=/home/ravi/pmb2_foxy_ws/install/pmb2_description
[1.313s] DEBUG:colcon.colcon_core.event_handler.log_command:Invoking command in '/home/ravi/pmb2_foxy_ws/build/pmb2_description': AMENT_PREFIX_PATH=/home/ravi/pmb2_foxy_ws/install/pmb2_controller_configuration:${AMENT_PREFIX_PATH} CMAKE_PREFIX_PATH=/home/ravi/pmb2_foxy_ws/install/pmb2_controller_configuration:/opt/ros/foxy /usr/bin/cmake --build /home/ravi/pmb2_foxy_ws/build/pmb2_description -- -j8 -l8
[1.337s] DEBUG:colcon.colcon_core.event_handler.log_command:Invoked command in '/home/ravi/pmb2_foxy_ws/build/pmb2_description' returned '0': AMENT_PREFIX_PATH=/home/ravi/pmb2_foxy_ws/install/pmb2_controller_configuration:${AMENT_PREFIX_PATH} CMAKE_PREFIX_PATH=/home/ravi/pmb2_foxy_ws/install/pmb2_controller_configuration:/opt/ros/foxy /usr/bin/cmake --build /home/ravi/pmb2_foxy_ws/build/pmb2_description -- -j8 -l8
[1.351s] DEBUG:colcon.colcon_core.event_handler.log_command:Invoking command in '/home/ravi/pmb2_foxy_ws/build/pmb2_description': AMENT_PREFIX_PATH=/home/ravi/pmb2_foxy_ws/install/pmb2_controller_configuration:${AMENT_PREFIX_PATH} CMAKE_PREFIX_PATH=/home/ravi/pmb2_foxy_ws/install/pmb2_controller_configuration:/opt/ros/foxy /usr/bin/cmake --install /home/ravi/pmb2_foxy_ws/build/pmb2_description
[1.393s] Level 1:colcon.colcon_core.environment:create_environment_scripts_only(pmb2_description)
[1.395s] Level 1:colcon.colcon_core.environment:checking '/home/ravi/pmb2_foxy_ws/install/pmb2_description' for CMake module files
[1.395s] DEBUG:colcon.colcon_core.event_handler.log_command:Invoked command in '/home/ravi/pmb2_foxy_ws/build/pmb2_description' returned '0': AMENT_PREFIX_PATH=/home/ravi/pmb2_foxy_ws/install/pmb2_controller_configuration:${AMENT_PREFIX_PATH} CMAKE_PREFIX_PATH=/home/ravi/pmb2_foxy_ws/install/pmb2_controller_configuration:/opt/ros/foxy /usr/bin/cmake --install /home/ravi/pmb2_foxy_ws/build/pmb2_description
[1.395s] Level 1:colcon.colcon_core.environment:checking '/home/ravi/pmb2_foxy_ws/install/pmb2_description' for CMake config files
[1.396s] Level 1:colcon.colcon_core.shell:create_environment_hook('pmb2_description', 'cmake_prefix_path')
[1.396s] INFO:colcon.colcon_core.shell:Creating environment hook '/home/ravi/pmb2_foxy_ws/install/pmb2_description/share/pmb2_description/hook/cmake_prefix_path.ps1'
[1.397s] INFO:colcon.colcon_core.shell:Creating environment descriptor '/home/ravi/pmb2_foxy_ws/install/pmb2_description/share/pmb2_description/hook/cmake_prefix_path.dsv'
[1.397s] INFO:colcon.colcon_core.shell:Creating environment hook '/home/ravi/pmb2_foxy_ws/install/pmb2_description/share/pmb2_description/hook/cmake_prefix_path.sh'
[1.397s] Level 1:colcon.colcon_core.environment:checking '/home/ravi/pmb2_foxy_ws/install/pmb2_description/lib'
[1.397s] Level 1:colcon.colcon_core.environment:checking '/home/ravi/pmb2_foxy_ws/install/pmb2_description/bin'
[1.397s] Level 1:colcon.colcon_core.environment:checking '/home/ravi/pmb2_foxy_ws/install/pmb2_description/lib/pkgconfig/pmb2_description.pc'
[1.397s] Level 1:colcon.colcon_core.environment:checking '/home/ravi/pmb2_foxy_ws/install/pmb2_description/lib/python3.8/site-packages'
[1.398s] Level 1:colcon.colcon_core.shell:create_environment_hook('pmb2_description', 'pythonpath')
[1.398s] INFO:colcon.colcon_core.shell:Creating environment hook '/home/ravi/pmb2_foxy_ws/install/pmb2_description/share/pmb2_description/hook/pythonpath.ps1'
[1.399s] INFO:colcon.colcon_core.shell:Creating environment descriptor '/home/ravi/pmb2_foxy_ws/install/pmb2_description/share/pmb2_description/hook/pythonpath.dsv'
[1.399s] INFO:colcon.colcon_core.shell:Creating environment hook '/home/ravi/pmb2_foxy_ws/install/pmb2_description/share/pmb2_description/hook/pythonpath.sh'
[1.399s] Level 1:colcon.colcon_core.environment:checking '/home/ravi/pmb2_foxy_ws/install/pmb2_description/bin'
[1.400s] INFO:colcon.colcon_core.shell:Creating package script '/home/ravi/pmb2_foxy_ws/install/pmb2_description/share/pmb2_description/package.ps1'
[1.400s] INFO:colcon.colcon_core.shell:Creating package descriptor '/home/ravi/pmb2_foxy_ws/install/pmb2_description/share/pmb2_description/package.dsv'
[1.400s] INFO:colcon.colcon_core.shell:Creating package script '/home/ravi/pmb2_foxy_ws/install/pmb2_description/share/pmb2_description/package.sh'
[1.401s] INFO:colcon.colcon_core.shell:Creating package script '/home/ravi/pmb2_foxy_ws/install/pmb2_description/share/pmb2_description/package.bash'
[1.401s] INFO:colcon.colcon_core.shell:Creating package script '/home/ravi/pmb2_foxy_ws/install/pmb2_description/share/pmb2_description/package.zsh'
[1.401s] Level 1:colcon.colcon_core.environment:create_file_with_runtime_dependencies(/home/ravi/pmb2_foxy_ws/install/pmb2_description/share/colcon-core/packages/pmb2_description)
[1.415s] Level 1:colcon.colcon_core.environment:create_environment_scripts_only(pmb2_description)
[1.416s] Level 1:colcon.colcon_core.environment:checking '/home/ravi/pmb2_foxy_ws/install/pmb2_description' for CMake module files
[1.417s] Level 1:colcon.colcon_core.environment:checking '/home/ravi/pmb2_foxy_ws/install/pmb2_description' for CMake config files
[1.417s] Level 1:colcon.colcon_core.shell:create_environment_hook('pmb2_description', 'cmake_prefix_path')
[1.418s] INFO:colcon.colcon_core.shell:Creating environment hook '/home/ravi/pmb2_foxy_ws/install/pmb2_description/share/pmb2_description/hook/cmake_prefix_path.ps1'
[1.418s] INFO:colcon.colcon_core.shell:Creating environment descriptor '/home/ravi/pmb2_foxy_ws/install/pmb2_description/share/pmb2_description/hook/cmake_prefix_path.dsv'
[1.419s] INFO:colcon.colcon_core.shell:Creating environment hook '/home/ravi/pmb2_foxy_ws/install/pmb2_description/share/pmb2_description/hook/cmake_prefix_path.sh'
[1.419s] Level 1:colcon.colcon_core.environment:checking '/home/ravi/pmb2_foxy_ws/install/pmb2_description/lib'
[1.419s] Level 1:colcon.colcon_core.environment:checking '/home/ravi/pmb2_foxy_ws/install/pmb2_description/bin'
[1.419s] Level 1:colcon.colcon_core.environment:checking '/home/ravi/pmb2_foxy_ws/install/pmb2_description/lib/pkgconfig/pmb2_description.pc'
[1.419s] Level 1:colcon.colcon_core.environment:checking '/home/ravi/pmb2_foxy_ws/install/pmb2_description/lib/python3.8/site-packages'
[1.419s] Level 1:colcon.colcon_core.shell:create_environment_hook('pmb2_description', 'pythonpath')
[1.420s] INFO:colcon.colcon_core.shell:Creating environment hook '/home/ravi/pmb2_foxy_ws/install/pmb2_description/share/pmb2_description/hook/pythonpath.ps1'
[1.420s] INFO:colcon.colcon_core.shell:Creating environment descriptor '/home/ravi/pmb2_foxy_ws/install/pmb2_description/share/pmb2_description/hook/pythonpath.dsv'
[1.421s] INFO:colcon.colcon_core.shell:Creating environment hook '/home/ravi/pmb2_foxy_ws/install/pmb2_description/share/pmb2_description/hook/pythonpath.sh'
[1.421s] Level 1:colcon.colcon_core.environment:checking '/home/ravi/pmb2_foxy_ws/install/pmb2_description/bin'
[1.422s] INFO:colcon.colcon_core.shell:Creating package script '/home/ravi/pmb2_foxy_ws/install/pmb2_description/share/pmb2_description/package.ps1'
[1.422s] INFO:colcon.colcon_core.shell:Creating package descriptor '/home/ravi/pmb2_foxy_ws/install/pmb2_description/share/pmb2_description/package.dsv'
[1.423s] INFO:colcon.colcon_core.shell:Creating package script '/home/ravi/pmb2_foxy_ws/install/pmb2_description/share/pmb2_description/package.sh'
[1.423s] INFO:colcon.colcon_core.shell:Creating package script '/home/ravi/pmb2_foxy_ws/install/pmb2_description/share/pmb2_description/package.bash'
[1.423s] INFO:colcon.colcon_core.shell:Creating package script '/home/ravi/pmb2_foxy_ws/install/pmb2_description/share/pmb2_description/package.zsh'
[1.423s] Level 1:colcon.colcon_core.environment:create_file_with_runtime_dependencies(/home/ravi/pmb2_foxy_ws/install/pmb2_description/share/colcon-core/packages/pmb2_description)
[1.424s] INFO:colcon.colcon_ros.task.ament_cmake.build:Building ROS package in '/home/ravi/pmb2_foxy_ws/src/pmb2_robot/pmb2_bringup' with build type 'ament_cmake'
[1.424s] INFO:colcon.colcon_cmake.task.cmake.build:Building CMake package in '/home/ravi/pmb2_foxy_ws/src/pmb2_robot/pmb2_bringup'
[1.425s] INFO:colcon.colcon_core.shell:Skip shell extension 'powershell' for command environment: Not usable outside of PowerShell
[1.425s] DEBUG:colcon.colcon_core.shell:Skip shell extension 'dsv' for command environment
[1.432s] DEBUG:colcon.colcon_core.event_handler.log_command:Invoking command in '/home/ravi/pmb2_foxy_ws/build/pmb2_bringup': AMENT_PREFIX_PATH=/home/ravi/pmb2_foxy_ws/install/pmb2_description:/home/ravi/pmb2_foxy_ws/install/pmb2_controller_configuration:${AMENT_PREFIX_PATH} CMAKE_PREFIX_PATH=/home/ravi/pmb2_foxy_ws/install/pmb2_description:/home/ravi/pmb2_foxy_ws/install/pmb2_controller_configuration:/opt/ros/foxy PYTHONPATH=/home/ravi/pmb2_foxy_ws/install/pmb2_description/lib/python3.8/site-packages:${PYTHONPATH} /usr/bin/cmake /home/ravi/pmb2_foxy_ws/src/pmb2_robot/pmb2_bringup -DCMAKE_INSTALL_PREFIX=/home/ravi/pmb2_foxy_ws/install/pmb2_bringup
[1.909s] DEBUG:colcon.colcon_core.event_handler.log_command:Invoked command in '/home/ravi/pmb2_foxy_ws/build/pmb2_bringup' returned '0': AMENT_PREFIX_PATH=/home/ravi/pmb2_foxy_ws/install/pmb2_description:/home/ravi/pmb2_foxy_ws/install/pmb2_controller_configuration:${AMENT_PREFIX_PATH} CMAKE_PREFIX_PATH=/home/ravi/pmb2_foxy_ws/install/pmb2_description:/home/ravi/pmb2_foxy_ws/install/pmb2_controller_configuration:/opt/ros/foxy PYTHONPATH=/home/ravi/pmb2_foxy_ws/install/pmb2_description/lib/python3.8/site-packages:${PYTHONPATH} /usr/bin/cmake /home/ravi/pmb2_foxy_ws/src/pmb2_robot/pmb2_bringup -DCMAKE_INSTALL_PREFIX=/home/ravi/pmb2_foxy_ws/install/pmb2_bringup
[1.911s] DEBUG:colcon.colcon_core.event_handler.log_command:Invoking command in '/home/ravi/pmb2_foxy_ws/build/pmb2_bringup': AMENT_PREFIX_PATH=/home/ravi/pmb2_foxy_ws/install/pmb2_description:/home/ravi/pmb2_foxy_ws/install/pmb2_controller_configuration:${AMENT_PREFIX_PATH} CMAKE_PREFIX_PATH=/home/ravi/pmb2_foxy_ws/install/pmb2_description:/home/ravi/pmb2_foxy_ws/install/pmb2_controller_configuration:/opt/ros/foxy PYTHONPATH=/home/ravi/pmb2_foxy_ws/install/pmb2_description/lib/python3.8/site-packages:${PYTHONPATH} /usr/bin/cmake --build /home/ravi/pmb2_foxy_ws/build/pmb2_bringup -- -j8 -l8
[1.936s] DEBUG:colcon.colcon_core.event_handler.log_command:Invoked command in '/home/ravi/pmb2_foxy_ws/build/pmb2_bringup' returned '0': AMENT_PREFIX_PATH=/home/ravi/pmb2_foxy_ws/install/pmb2_description:/home/ravi/pmb2_foxy_ws/install/pmb2_controller_configuration:${AMENT_PREFIX_PATH} CMAKE_PREFIX_PATH=/home/ravi/pmb2_foxy_ws/install/pmb2_description:/home/ravi/pmb2_foxy_ws/install/pmb2_controller_configuration:/opt/ros/foxy PYTHONPATH=/home/ravi/pmb2_foxy_ws/install/pmb2_description/lib/python3.8/site-packages:${PYTHONPATH} /usr/bin/cmake --build /home/ravi/pmb2_foxy_ws/build/pmb2_bringup -- -j8 -l8
[1.952s] DEBUG:colcon.colcon_core.event_handler.log_command:Invoking command in '/home/ravi/pmb2_foxy_ws/build/pmb2_bringup': AMENT_PREFIX_PATH=/home/ravi/pmb2_foxy_ws/install/pmb2_description:/home/ravi/pmb2_foxy_ws/install/pmb2_controller_configuration:${AMENT_PREFIX_PATH} CMAKE_PREFIX_PATH=/home/ravi/pmb2_foxy_ws/install/pmb2_description:/home/ravi/pmb2_foxy_ws/install/pmb2_controller_configuration:/opt/ros/foxy PYTHONPATH=/home/ravi/pmb2_foxy_ws/install/pmb2_description/lib/python3.8/site-packages:${PYTHONPATH} /usr/bin/cmake --install /home/ravi/pmb2_foxy_ws/build/pmb2_bringup
[1.961s] Level 1:colcon.colcon_core.environment:create_environment_scripts_only(pmb2_bringup)
[1.963s] Level 1:colcon.colcon_core.environment:checking '/home/ravi/pmb2_foxy_ws/install/pmb2_bringup' for CMake module files
[1.963s] DEBUG:colcon.colcon_core.event_handler.log_command:Invoked command in '/home/ravi/pmb2_foxy_ws/build/pmb2_bringup' returned '0': AMENT_PREFIX_PATH=/home/ravi/pmb2_foxy_ws/install/pmb2_description:/home/ravi/pmb2_foxy_ws/install/pmb2_controller_configuration:${AMENT_PREFIX_PATH} CMAKE_PREFIX_PATH=/home/ravi/pmb2_foxy_ws/install/pmb2_description:/home/ravi/pmb2_foxy_ws/install/pmb2_controller_configuration:/opt/ros/foxy PYTHONPATH=/home/ravi/pmb2_foxy_ws/install/pmb2_description/lib/python3.8/site-packages:${PYTHONPATH} /usr/bin/cmake --install /home/ravi/pmb2_foxy_ws/build/pmb2_bringup
[1.963s] Level 1:colcon.colcon_core.environment:checking '/home/ravi/pmb2_foxy_ws/install/pmb2_bringup' for CMake config files
[1.963s] Level 1:colcon.colcon_core.shell:create_environment_hook('pmb2_bringup', 'cmake_prefix_path')
[1.964s] INFO:colcon.colcon_core.shell:Creating environment hook '/home/ravi/pmb2_foxy_ws/install/pmb2_bringup/share/pmb2_bringup/hook/cmake_prefix_path.ps1'
[1.965s] INFO:colcon.colcon_core.shell:Creating environment descriptor '/home/ravi/pmb2_foxy_ws/install/pmb2_bringup/share/pmb2_bringup/hook/cmake_prefix_path.dsv'
[1.965s] INFO:colcon.colcon_core.shell:Creating environment hook '/home/ravi/pmb2_foxy_ws/install/pmb2_bringup/share/pmb2_bringup/hook/cmake_prefix_path.sh'
[1.965s] Level 1:colcon.colcon_core.environment:checking '/home/ravi/pmb2_foxy_ws/install/pmb2_bringup/bin'
[1.965s] Level 1:colcon.colcon_core.environment:checking '/home/ravi/pmb2_foxy_ws/install/pmb2_bringup/lib/pkgconfig/pmb2_bringup.pc'
[1.965s] Level 1:colcon.colcon_core.environment:checking '/home/ravi/pmb2_foxy_ws/install/pmb2_bringup/lib/python3.8/site-packages'
[1.965s] Level 1:colcon.colcon_core.environment:checking '/home/ravi/pmb2_foxy_ws/install/pmb2_bringup/bin'
[1.966s] INFO:colcon.colcon_core.shell:Creating package script '/home/ravi/pmb2_foxy_ws/install/pmb2_bringup/share/pmb2_bringup/package.ps1'
[1.967s] INFO:colcon.colcon_core.shell:Creating package descriptor '/home/ravi/pmb2_foxy_ws/install/pmb2_bringup/share/pmb2_bringup/package.dsv'
[1.967s] INFO:colcon.colcon_core.shell:Creating package script '/home/ravi/pmb2_foxy_ws/install/pmb2_bringup/share/pmb2_bringup/package.sh'
[1.967s] INFO:colcon.colcon_core.shell:Creating package script '/home/ravi/pmb2_foxy_ws/install/pmb2_bringup/share/pmb2_bringup/package.bash'
[1.967s] INFO:colcon.colcon_core.shell:Creating package script '/home/ravi/pmb2_foxy_ws/install/pmb2_bringup/share/pmb2_bringup/package.zsh'
[1.967s] Level 1:colcon.colcon_core.environment:create_file_with_runtime_dependencies(/home/ravi/pmb2_foxy_ws/install/pmb2_bringup/share/colcon-core/packages/pmb2_bringup)
[1.985s] Level 1:colcon.colcon_core.environment:create_environment_scripts_only(pmb2_bringup)
[1.987s] Level 1:colcon.colcon_core.environment:checking '/home/ravi/pmb2_foxy_ws/install/pmb2_bringup' for CMake module files
[1.987s] Level 1:colcon.colcon_core.environment:checking '/home/ravi/pmb2_foxy_ws/install/pmb2_bringup' for CMake config files
[1.987s] Level 1:colcon.colcon_core.shell:create_environment_hook('pmb2_bringup', 'cmake_prefix_path')
[1.988s] INFO:colcon.colcon_core.shell:Creating environment hook '/home/ravi/pmb2_foxy_ws/install/pmb2_bringup/share/pmb2_bringup/hook/cmake_prefix_path.ps1'
[1.989s] INFO:colcon.colcon_core.shell:Creating environment descriptor '/home/ravi/pmb2_foxy_ws/install/pmb2_bringup/share/pmb2_bringup/hook/cmake_prefix_path.dsv'
[1.989s] INFO:colcon.colcon_core.shell:Creating environment hook '/home/ravi/pmb2_foxy_ws/install/pmb2_bringup/share/pmb2_bringup/hook/cmake_prefix_path.sh'
[1.989s] Level 1:colcon.colcon_core.environment:checking '/home/ravi/pmb2_foxy_ws/install/pmb2_bringup/bin'
[1.989s] Level 1:colcon.colcon_core.environment:checking '/home/ravi/pmb2_foxy_ws/install/pmb2_bringup/lib/pkgconfig/pmb2_bringup.pc'
[1.990s] Level 1:colcon.colcon_core.environment:checking '/home/ravi/pmb2_foxy_ws/install/pmb2_bringup/lib/python3.8/site-packages'
[1.990s] Level 1:colcon.colcon_core.environment:checking '/home/ravi/pmb2_foxy_ws/install/pmb2_bringup/bin'
[1.991s] INFO:colcon.colcon_core.shell:Creating package script '/home/ravi/pmb2_foxy_ws/install/pmb2_bringup/share/pmb2_bringup/package.ps1'
[1.991s] INFO:colcon.colcon_core.shell:Creating package descriptor '/home/ravi/pmb2_foxy_ws/install/pmb2_bringup/share/pmb2_bringup/package.dsv'
[1.992s] INFO:colcon.colcon_core.shell:Creating package script '/home/ravi/pmb2_foxy_ws/install/pmb2_bringup/share/pmb2_bringup/package.sh'
[1.992s] INFO:colcon.colcon_core.shell:Creating package script '/home/ravi/pmb2_foxy_ws/install/pmb2_bringup/share/pmb2_bringup/package.bash'
[1.992s] INFO:colcon.colcon_core.shell:Creating package script '/home/ravi/pmb2_foxy_ws/install/pmb2_bringup/share/pmb2_bringup/package.zsh'
[1.992s] Level 1:colcon.colcon_core.environment:create_file_with_runtime_dependencies(/home/ravi/pmb2_foxy_ws/install/pmb2_bringup/share/colcon-core/packages/pmb2_bringup)
[1.993s] INFO:colcon.colcon_ros.task.ament_cmake.build:Building ROS package in '/home/ravi/pmb2_foxy_ws/src/pmb2_robot/pmb2_robot' with build type 'ament_cmake'
[1.993s] INFO:colcon.colcon_cmake.task.cmake.build:Building CMake package in '/home/ravi/pmb2_foxy_ws/src/pmb2_robot/pmb2_robot'
[1.994s] INFO:colcon.colcon_core.shell:Skip shell extension 'powershell' for command environment: Not usable outside of PowerShell
[1.994s] DEBUG:colcon.colcon_core.shell:Skip shell extension 'dsv' for command environment
[2.001s] DEBUG:colcon.colcon_core.event_handler.log_command:Invoking command in '/home/ravi/pmb2_foxy_ws/build/pmb2_robot': AMENT_PREFIX_PATH=/home/ravi/pmb2_foxy_ws/install/pmb2_bringup:/home/ravi/pmb2_foxy_ws/install/pmb2_description:/home/ravi/pmb2_foxy_ws/install/pmb2_controller_configuration:${AMENT_PREFIX_PATH} CMAKE_PREFIX_PATH=/home/ravi/pmb2_foxy_ws/install/pmb2_bringup:/home/ravi/pmb2_foxy_ws/install/pmb2_description:/home/ravi/pmb2_foxy_ws/install/pmb2_controller_configuration:/opt/ros/foxy PYTHONPATH=/home/ravi/pmb2_foxy_ws/install/pmb2_description/lib/python3.8/site-packages:${PYTHONPATH} /usr/bin/cmake /home/ravi/pmb2_foxy_ws/src/pmb2_robot/pmb2_robot -DCMAKE_INSTALL_PREFIX=/home/ravi/pmb2_foxy_ws/install/pmb2_robot
[2.490s] DEBUG:colcon.colcon_core.event_handler.log_command:Invoked command in '/home/ravi/pmb2_foxy_ws/build/pmb2_robot' returned '0': AMENT_PREFIX_PATH=/home/ravi/pmb2_foxy_ws/install/pmb2_bringup:/home/ravi/pmb2_foxy_ws/install/pmb2_description:/home/ravi/pmb2_foxy_ws/install/pmb2_controller_configuration:${AMENT_PREFIX_PATH} CMAKE_PREFIX_PATH=/home/ravi/pmb2_foxy_ws/install/pmb2_bringup:/home/ravi/pmb2_foxy_ws/install/pmb2_description:/home/ravi/pmb2_foxy_ws/install/pmb2_controller_configuration:/opt/ros/foxy PYTHONPATH=/home/ravi/pmb2_foxy_ws/install/pmb2_description/lib/python3.8/site-packages:${PYTHONPATH} /usr/bin/cmake /home/ravi/pmb2_foxy_ws/src/pmb2_robot/pmb2_robot -DCMAKE_INSTALL_PREFIX=/home/ravi/pmb2_foxy_ws/install/pmb2_robot
[2.490s] DEBUG:colcon.colcon_core.event_handler.log_command:Invoking command in '/home/ravi/pmb2_foxy_ws/build/pmb2_robot': AMENT_PREFIX_PATH=/home/ravi/pmb2_foxy_ws/install/pmb2_bringup:/home/ravi/pmb2_foxy_ws/install/pmb2_description:/home/ravi/pmb2_foxy_ws/install/pmb2_controller_configuration:${AMENT_PREFIX_PATH} CMAKE_PREFIX_PATH=/home/ravi/pmb2_foxy_ws/install/pmb2_bringup:/home/ravi/pmb2_foxy_ws/install/pmb2_description:/home/ravi/pmb2_foxy_ws/install/pmb2_controller_configuration:/opt/ros/foxy PYTHONPATH=/home/ravi/pmb2_foxy_ws/install/pmb2_description/lib/python3.8/site-packages:${PYTHONPATH} /usr/bin/cmake --build /home/ravi/pmb2_foxy_ws/build/pmb2_robot -- -j8 -l8
[2.513s] DEBUG:colcon.colcon_core.event_handler.log_command:Invoked command in '/home/ravi/pmb2_foxy_ws/build/pmb2_robot' returned '0': AMENT_PREFIX_PATH=/home/ravi/pmb2_foxy_ws/install/pmb2_bringup:/home/ravi/pmb2_foxy_ws/install/pmb2_description:/home/ravi/pmb2_foxy_ws/install/pmb2_controller_configuration:${AMENT_PREFIX_PATH} CMAKE_PREFIX_PATH=/home/ravi/pmb2_foxy_ws/install/pmb2_bringup:/home/ravi/pmb2_foxy_ws/install/pmb2_description:/home/ravi/pmb2_foxy_ws/install/pmb2_controller_configuration:/opt/ros/foxy PYTHONPATH=/home/ravi/pmb2_foxy_ws/install/pmb2_description/lib/python3.8/site-packages:${PYTHONPATH} /usr/bin/cmake --build /home/ravi/pmb2_foxy_ws/build/pmb2_robot -- -j8 -l8
[2.530s] DEBUG:colcon.colcon_core.event_handler.log_command:Invoking command in '/home/ravi/pmb2_foxy_ws/build/pmb2_robot': AMENT_PREFIX_PATH=/home/ravi/pmb2_foxy_ws/install/pmb2_bringup:/home/ravi/pmb2_foxy_ws/install/pmb2_description:/home/ravi/pmb2_foxy_ws/install/pmb2_controller_configuration:${AMENT_PREFIX_PATH} CMAKE_PREFIX_PATH=/home/ravi/pmb2_foxy_ws/install/pmb2_bringup:/home/ravi/pmb2_foxy_ws/install/pmb2_description:/home/ravi/pmb2_foxy_ws/install/pmb2_controller_configuration:/opt/ros/foxy PYTHONPATH=/home/ravi/pmb2_foxy_ws/install/pmb2_description/lib/python3.8/site-packages:${PYTHONPATH} /usr/bin/cmake --install /home/ravi/pmb2_foxy_ws/build/pmb2_robot
[2.540s] Level 1:colcon.colcon_core.environment:create_environment_scripts_only(pmb2_robot)
[2.541s] Level 1:colcon.colcon_core.environment:checking '/home/ravi/pmb2_foxy_ws/install/pmb2_robot' for CMake module files
[2.542s] DEBUG:colcon.colcon_core.event_handler.log_command:Invoked command in '/home/ravi/pmb2_foxy_ws/build/pmb2_robot' returned '0': AMENT_PREFIX_PATH=/home/ravi/pmb2_foxy_ws/install/pmb2_bringup:/home/ravi/pmb2_foxy_ws/install/pmb2_description:/home/ravi/pmb2_foxy_ws/install/pmb2_controller_configuration:${AMENT_PREFIX_PATH} CMAKE_PREFIX_PATH=/home/ravi/pmb2_foxy_ws/install/pmb2_bringup:/home/ravi/pmb2_foxy_ws/install/pmb2_description:/home/ravi/pmb2_foxy_ws/install/pmb2_controller_configuration:/opt/ros/foxy PYTHONPATH=/home/ravi/pmb2_foxy_ws/install/pmb2_description/lib/python3.8/site-packages:${PYTHONPATH} /usr/bin/cmake --install /home/ravi/pmb2_foxy_ws/build/pmb2_robot
[2.542s] Level 1:colcon.colcon_core.environment:checking '/home/ravi/pmb2_foxy_ws/install/pmb2_robot' for CMake config files
[2.542s] Level 1:colcon.colcon_core.shell:create_environment_hook('pmb2_robot', 'cmake_prefix_path')
[2.543s] INFO:colcon.colcon_core.shell:Creating environment hook '/home/ravi/pmb2_foxy_ws/install/pmb2_robot/share/pmb2_robot/hook/cmake_prefix_path.ps1'
[2.543s] INFO:colcon.colcon_core.shell:Creating environment descriptor '/home/ravi/pmb2_foxy_ws/install/pmb2_robot/share/pmb2_robot/hook/cmake_prefix_path.dsv'
[2.543s] INFO:colcon.colcon_core.shell:Creating environment hook '/home/ravi/pmb2_foxy_ws/install/pmb2_robot/share/pmb2_robot/hook/cmake_prefix_path.sh'
[2.544s] Level 1:colcon.colcon_core.environment:checking '/home/ravi/pmb2_foxy_ws/install/pmb2_robot/bin'
[2.544s] Level 1:colcon.colcon_core.environment:checking '/home/ravi/pmb2_foxy_ws/install/pmb2_robot/lib/pkgconfig/pmb2_robot.pc'
[2.544s] Level 1:colcon.colcon_core.environment:checking '/home/ravi/pmb2_foxy_ws/install/pmb2_robot/lib/python3.8/site-packages'
[2.544s] Level 1:colcon.colcon_core.environment:checking '/home/ravi/pmb2_foxy_ws/install/pmb2_robot/bin'
[2.545s] INFO:colcon.colcon_core.shell:Creating package script '/home/ravi/pmb2_foxy_ws/install/pmb2_robot/share/pmb2_robot/package.ps1'
[2.545s] INFO:colcon.colcon_core.shell:Creating package descriptor '/home/ravi/pmb2_foxy_ws/install/pmb2_robot/share/pmb2_robot/package.dsv'
[2.546s] INFO:colcon.colcon_core.shell:Creating package script '/home/ravi/pmb2_foxy_ws/install/pmb2_robot/share/pmb2_robot/package.sh'
[2.546s] INFO:colcon.colcon_core.shell:Creating package script '/home/ravi/pmb2_foxy_ws/install/pmb2_robot/share/pmb2_robot/package.bash'
[2.546s] INFO:colcon.colcon_core.shell:Creating package script '/home/ravi/pmb2_foxy_ws/install/pmb2_robot/share/pmb2_robot/package.zsh'
[2.546s] Level 1:colcon.colcon_core.environment:create_file_with_runtime_dependencies(/home/ravi/pmb2_foxy_ws/install/pmb2_robot/share/colcon-core/packages/pmb2_robot)
[2.563s] Level 1:colcon.colcon_core.environment:create_environment_scripts_only(pmb2_robot)
[2.565s] Level 1:colcon.colcon_core.environment:checking '/home/ravi/pmb2_foxy_ws/install/pmb2_robot' for CMake module files
[2.565s] Level 1:colcon.colcon_core.environment:checking '/home/ravi/pmb2_foxy_ws/install/pmb2_robot' for CMake config files
[2.565s] Level 1:colcon.colcon_core.shell:create_environment_hook('pmb2_robot', 'cmake_prefix_path')
[2.566s] INFO:colcon.colcon_core.shell:Creating environment hook '/home/ravi/pmb2_foxy_ws/install/pmb2_robot/share/pmb2_robot/hook/cmake_prefix_path.ps1'
[2.566s] INFO:colcon.colcon_core.shell:Creating environment descriptor '/home/ravi/pmb2_foxy_ws/install/pmb2_robot/share/pmb2_robot/hook/cmake_prefix_path.dsv'
[2.567s] INFO:colcon.colcon_core.shell:Creating environment hook '/home/ravi/pmb2_foxy_ws/install/pmb2_robot/share/pmb2_robot/hook/cmake_prefix_path.sh'
[2.567s] Level 1:colcon.colcon_core.environment:checking '/home/ravi/pmb2_foxy_ws/install/pmb2_robot/bin'
[2.567s] Level 1:colcon.colcon_core.environment:checking '/home/ravi/pmb2_foxy_ws/install/pmb2_robot/lib/pkgconfig/pmb2_robot.pc'
[2.567s] Level 1:colcon.colcon_core.environment:checking '/home/ravi/pmb2_foxy_ws/install/pmb2_robot/lib/python3.8/site-packages'
[2.567s] Level 1:colcon.colcon_core.environment:checking '/home/ravi/pmb2_foxy_ws/install/pmb2_robot/bin'
[2.568s] INFO:colcon.colcon_core.shell:Creating package script '/home/ravi/pmb2_foxy_ws/install/pmb2_robot/share/pmb2_robot/package.ps1'
[2.568s] INFO:colcon.colcon_core.shell:Creating package descriptor '/home/ravi/pmb2_foxy_ws/install/pmb2_robot/share/pmb2_robot/package.dsv'
[2.569s] INFO:colcon.colcon_core.shell:Creating package script '/home/ravi/pmb2_foxy_ws/install/pmb2_robot/share/pmb2_robot/package.sh'
[2.569s] INFO:colcon.colcon_core.shell:Creating package script '/home/ravi/pmb2_foxy_ws/install/pmb2_robot/share/pmb2_robot/package.bash'
[2.569s] INFO:colcon.colcon_core.shell:Creating package script '/home/ravi/pmb2_foxy_ws/install/pmb2_robot/share/pmb2_robot/package.zsh'
[2.569s] Level 1:colcon.colcon_core.environment:create_file_with_runtime_dependencies(/home/ravi/pmb2_foxy_ws/install/pmb2_robot/share/colcon-core/packages/pmb2_robot)
[2.570s] DEBUG:colcon.colcon_parallel_executor.executor.parallel:closing loop
[2.570s] DEBUG:colcon.colcon_parallel_executor.executor.parallel:loop closed
[2.570s] DEBUG:colcon.colcon_parallel_executor.executor.parallel:run_until_complete finished with '0'
[2.570s] DEBUG:colcon.colcon_core.event_reactor:joining thread
[2.574s] INFO:colcon.colcon_core.plugin_system:Skipping extension 'colcon_notification.desktop_notification.terminal_notifier': Not used on non-Darwin systems
[2.574s] INFO:colcon.colcon_core.plugin_system:Skipping extension 'colcon_notification.desktop_notification.win32': Not used on non-Windows systems
[2.574s] INFO:colcon.colcon_notification.desktop_notification:Sending desktop notification using 'notify2'
[2.587s] DEBUG:colcon.colcon_core.event_reactor:joined thread
[2.588s] INFO:colcon.colcon_core.shell:Creating prefix script '/home/ravi/pmb2_foxy_ws/install/local_setup.ps1'
[2.589s] INFO:colcon.colcon_core.shell:Creating prefix util module '/home/ravi/pmb2_foxy_ws/install/_local_setup_util_ps1.py'
[2.589s] INFO:colcon.colcon_core.shell:Creating prefix chain script '/home/ravi/pmb2_foxy_ws/install/setup.ps1'
[2.590s] INFO:colcon.colcon_core.shell:Creating prefix script '/home/ravi/pmb2_foxy_ws/install/local_setup.sh'
[2.591s] INFO:colcon.colcon_core.shell:Creating prefix util module '/home/ravi/pmb2_foxy_ws/install/_local_setup_util_sh.py'
[2.591s] INFO:colcon.colcon_core.shell:Creating prefix chain script '/home/ravi/pmb2_foxy_ws/install/setup.sh'
[2.592s] INFO:colcon.colcon_core.shell:Creating prefix script '/home/ravi/pmb2_foxy_ws/install/local_setup.bash'
[2.592s] INFO:colcon.colcon_core.shell:Creating prefix chain script '/home/ravi/pmb2_foxy_ws/install/setup.bash'
[2.593s] INFO:colcon.colcon_core.shell:Creating prefix script '/home/ravi/pmb2_foxy_ws/install/local_setup.zsh'
[2.593s] INFO:colcon.colcon_core.shell:Creating prefix chain script '/home/ravi/pmb2_foxy_ws/install/setup.zsh'
