[0.355s] Invoking command in '/home/ravi/pmb2_foxy_ws/src/launch_pal': PYTHONPATH=/home/ravi/pmb2_foxy_ws/install/launch_pal/lib/python3.8/site-packages:${PYTHONPATH} /usr/bin/python3 setup.py egg_info --egg-base ../../build/launch_pal build --build-base /home/ravi/pmb2_foxy_ws/build/launch_pal/build install --prefix /home/ravi/pmb2_foxy_ws/install/launch_pal --record /home/ravi/pmb2_foxy_ws/build/launch_pal/install.log --single-version-externally-managed
[0.462s] running egg_info
[0.462s] creating ../../build/launch_pal/launch_pal.egg-info
[0.462s] writing ../../build/launch_pal/launch_pal.egg-info/PKG-INFO
[0.462s] writing dependency_links to ../../build/launch_pal/launch_pal.egg-info/dependency_links.txt
[0.462s] writing entry points to ../../build/launch_pal/launch_pal.egg-info/entry_points.txt
[0.462s] writing requirements to ../../build/launch_pal/launch_pal.egg-info/requires.txt
[0.462s] writing top-level names to ../../build/launch_pal/launch_pal.egg-info/top_level.txt
[0.463s] writing manifest file '../../build/launch_pal/launch_pal.egg-info/SOURCES.txt'
[0.481s] reading manifest file '../../build/launch_pal/launch_pal.egg-info/SOURCES.txt'
[0.482s] writing manifest file '../../build/launch_pal/launch_pal.egg-info/SOURCES.txt'
[0.482s] running build
[0.482s] running build_py
[0.482s] creating /home/ravi/pmb2_foxy_ws/build/launch_pal/build
[0.482s] creating /home/ravi/pmb2_foxy_ws/build/launch_pal/build/lib
[0.482s] creating /home/ravi/pmb2_foxy_ws/build/launch_pal/build/lib/launch_pal
[0.482s] copying launch_pal/include_utils.py -> /home/ravi/pmb2_foxy_ws/build/launch_pal/build/lib/launch_pal
[0.482s] copying launch_pal/param_utils.py -> /home/ravi/pmb2_foxy_ws/build/launch_pal/build/lib/launch_pal
[0.482s] copying launch_pal/__init__.py -> /home/ravi/pmb2_foxy_ws/build/launch_pal/build/lib/launch_pal
[0.482s] running install
[0.482s] running install_lib
[0.483s] creating /home/ravi/pmb2_foxy_ws/install/launch_pal/lib/python3.8/site-packages/launch_pal
[0.483s] copying /home/ravi/pmb2_foxy_ws/build/launch_pal/build/lib/launch_pal/include_utils.py -> /home/ravi/pmb2_foxy_ws/install/launch_pal/lib/python3.8/site-packages/launch_pal
[0.483s] copying /home/ravi/pmb2_foxy_ws/build/launch_pal/build/lib/launch_pal/param_utils.py -> /home/ravi/pmb2_foxy_ws/install/launch_pal/lib/python3.8/site-packages/launch_pal
[0.483s] copying /home/ravi/pmb2_foxy_ws/build/launch_pal/build/lib/launch_pal/__init__.py -> /home/ravi/pmb2_foxy_ws/install/launch_pal/lib/python3.8/site-packages/launch_pal
[0.483s] byte-compiling /home/ravi/pmb2_foxy_ws/install/launch_pal/lib/python3.8/site-packages/launch_pal/include_utils.py to include_utils.cpython-38.pyc
[0.484s] byte-compiling /home/ravi/pmb2_foxy_ws/install/launch_pal/lib/python3.8/site-packages/launch_pal/param_utils.py to param_utils.cpython-38.pyc
[0.484s] byte-compiling /home/ravi/pmb2_foxy_ws/install/launch_pal/lib/python3.8/site-packages/launch_pal/__init__.py to __init__.cpython-38.pyc
[0.484s] running install_data
[0.485s] creating /home/ravi/pmb2_foxy_ws/install/launch_pal/share/ament_index
[0.485s] creating /home/ravi/pmb2_foxy_ws/install/launch_pal/share/ament_index/resource_index
[0.485s] creating /home/ravi/pmb2_foxy_ws/install/launch_pal/share/ament_index/resource_index/packages
[0.485s] copying resource/launch_pal -> /home/ravi/pmb2_foxy_ws/install/launch_pal/share/ament_index/resource_index/packages
[0.485s] copying package.xml -> /home/ravi/pmb2_foxy_ws/install/launch_pal/share/launch_pal
[0.485s] running install_egg_info
[0.486s] Copying ../../build/launch_pal/launch_pal.egg-info to /home/ravi/pmb2_foxy_ws/install/launch_pal/lib/python3.8/site-packages/launch_pal-0.0.0-py3.8.egg-info
[0.486s] running install_scripts
[0.496s] writing list of installed files to '/home/ravi/pmb2_foxy_ws/build/launch_pal/install.log'
[0.510s] Invoked command in '/home/ravi/pmb2_foxy_ws/src/launch_pal' returned '0': PYTHONPATH=/home/ravi/pmb2_foxy_ws/install/launch_pal/lib/python3.8/site-packages:${PYTHONPATH} /usr/bin/python3 setup.py egg_info --egg-base ../../build/launch_pal build --build-base /home/ravi/pmb2_foxy_ws/build/launch_pal/build install --prefix /home/ravi/pmb2_foxy_ws/install/launch_pal --record /home/ravi/pmb2_foxy_ws/build/launch_pal/install.log --single-version-externally-managed
