[0.008s] Invoking command in '/home/ravi/pmb2_foxy_ws/build/pmb2_bringup': AMENT_PREFIX_PATH=/home/ravi/pmb2_foxy_ws/install/launch_pal:${AMENT_PREFIX_PATH} CMAKE_PREFIX_PATH=/home/ravi/pmb2_foxy_ws/install/pmb2_description:/home/ravi/pmb2_foxy_ws/install/pmb2_controller_configuration:/home/ravi/pmb2_foxy_ws/install/pmb2_robot:/home/ravi/pmb2_foxy_ws/install/pmb2_bringup:/opt/ros/foxy PYTHONPATH=/home/ravi/pmb2_foxy_ws/install/pmb2_description/lib/python3.8/site-packages:/home/ravi/pmb2_foxy_ws/install/launch_pal/lib/python3.8/site-packages:/opt/ros/foxy/lib/python3.8/site-packages /usr/bin/cmake --build /home/ravi/pmb2_foxy_ws/build/pmb2_bringup -- -j8 -l8
[0.031s] Invoked command in '/home/ravi/pmb2_foxy_ws/build/pmb2_bringup' returned '0': AMENT_PREFIX_PATH=/home/ravi/pmb2_foxy_ws/install/launch_pal:${AMENT_PREFIX_PATH} CMAKE_PREFIX_PATH=/home/ravi/pmb2_foxy_ws/install/pmb2_description:/home/ravi/pmb2_foxy_ws/install/pmb2_controller_configuration:/home/ravi/pmb2_foxy_ws/install/pmb2_robot:/home/ravi/pmb2_foxy_ws/install/pmb2_bringup:/opt/ros/foxy PYTHONPATH=/home/ravi/pmb2_foxy_ws/install/pmb2_description/lib/python3.8/site-packages:/home/ravi/pmb2_foxy_ws/install/launch_pal/lib/python3.8/site-packages:/opt/ros/foxy/lib/python3.8/site-packages /usr/bin/cmake --build /home/ravi/pmb2_foxy_ws/build/pmb2_bringup -- -j8 -l8
[0.047s] Invoking command in '/home/ravi/pmb2_foxy_ws/build/pmb2_bringup': AMENT_PREFIX_PATH=/home/ravi/pmb2_foxy_ws/install/launch_pal:${AMENT_PREFIX_PATH} CMAKE_PREFIX_PATH=/home/ravi/pmb2_foxy_ws/install/pmb2_description:/home/ravi/pmb2_foxy_ws/install/pmb2_controller_configuration:/home/ravi/pmb2_foxy_ws/install/pmb2_robot:/home/ravi/pmb2_foxy_ws/install/pmb2_bringup:/opt/ros/foxy PYTHONPATH=/home/ravi/pmb2_foxy_ws/install/pmb2_description/lib/python3.8/site-packages:/home/ravi/pmb2_foxy_ws/install/launch_pal/lib/python3.8/site-packages:/opt/ros/foxy/lib/python3.8/site-packages /usr/bin/cmake --install /home/ravi/pmb2_foxy_ws/build/pmb2_bringup
[0.057s] -- Install configuration: ""
[0.057s] -- Up-to-date: /home/ravi/pmb2_foxy_ws/install/pmb2_bringup/share/pmb2_bringup/config
[0.057s] -- Up-to-date: /home/ravi/pmb2_foxy_ws/install/pmb2_bringup/share/pmb2_bringup/config/pmb2_hardware.yaml
[0.057s] -- Up-to-date: /home/ravi/pmb2_foxy_ws/install/pmb2_bringup/share/pmb2_bringup/config/twist_mux
[0.057s] -- Up-to-date: /home/ravi/pmb2_foxy_ws/install/pmb2_bringup/share/pmb2_bringup/config/twist_mux/twist_mux_topics.yaml
[0.057s] -- Up-to-date: /home/ravi/pmb2_foxy_ws/install/pmb2_bringup/share/pmb2_bringup/config/twist_mux/joystick.yaml
[0.057s] -- Up-to-date: /home/ravi/pmb2_foxy_ws/install/pmb2_bringup/share/pmb2_bringup/config/twist_mux/twist_mux_locks.yaml
[0.057s] -- Up-to-date: /home/ravi/pmb2_foxy_ws/install/pmb2_bringup/share/pmb2_bringup/config/joy_teleop.yaml
[0.057s] -- Up-to-date: /home/ravi/pmb2_foxy_ws/install/pmb2_bringup/share/pmb2_bringup/launch
[0.057s] -- Up-to-date: /home/ravi/pmb2_foxy_ws/install/pmb2_bringup/share/pmb2_bringup/launch/twist_mux.launch.py
[0.057s] -- Up-to-date: /home/ravi/pmb2_foxy_ws/install/pmb2_bringup/share/pmb2_bringup/launch/pmb2_bringup.launch.py
[0.057s] -- Up-to-date: /home/ravi/pmb2_foxy_ws/install/pmb2_bringup/share/pmb2_bringup/launch/pmb2.launch
[0.057s] -- Up-to-date: /home/ravi/pmb2_foxy_ws/install/pmb2_bringup/share/pmb2_bringup/launch/joystick_teleop.launch.py
[0.057s] -- Up-to-date: /home/ravi/pmb2_foxy_ws/install/pmb2_bringup/share/ament_index/resource_index/package_run_dependencies/pmb2_bringup
[0.057s] -- Up-to-date: /home/ravi/pmb2_foxy_ws/install/pmb2_bringup/share/ament_index/resource_index/parent_prefix_path/pmb2_bringup
[0.057s] -- Up-to-date: /home/ravi/pmb2_foxy_ws/install/pmb2_bringup/share/pmb2_bringup/environment/ament_prefix_path.sh
[0.057s] -- Up-to-date: /home/ravi/pmb2_foxy_ws/install/pmb2_bringup/share/pmb2_bringup/environment/ament_prefix_path.dsv
[0.057s] -- Up-to-date: /home/ravi/pmb2_foxy_ws/install/pmb2_bringup/share/pmb2_bringup/environment/path.sh
[0.058s] -- Up-to-date: /home/ravi/pmb2_foxy_ws/install/pmb2_bringup/share/pmb2_bringup/environment/path.dsv
[0.058s] -- Up-to-date: /home/ravi/pmb2_foxy_ws/install/pmb2_bringup/share/pmb2_bringup/local_setup.bash
[0.058s] -- Up-to-date: /home/ravi/pmb2_foxy_ws/install/pmb2_bringup/share/pmb2_bringup/local_setup.sh
[0.060s] -- Up-to-date: /home/ravi/pmb2_foxy_ws/install/pmb2_bringup/share/pmb2_bringup/local_setup.zsh
[0.060s] -- Up-to-date: /home/ravi/pmb2_foxy_ws/install/pmb2_bringup/share/pmb2_bringup/local_setup.dsv
[0.060s] -- Up-to-date: /home/ravi/pmb2_foxy_ws/install/pmb2_bringup/share/pmb2_bringup/package.dsv
[0.060s] -- Up-to-date: /home/ravi/pmb2_foxy_ws/install/pmb2_bringup/share/ament_index/resource_index/packages/pmb2_bringup
[0.060s] -- Up-to-date: /home/ravi/pmb2_foxy_ws/install/pmb2_bringup/share/pmb2_bringup/cmake/pmb2_bringupConfig.cmake
[0.060s] -- Up-to-date: /home/ravi/pmb2_foxy_ws/install/pmb2_bringup/share/pmb2_bringup/cmake/pmb2_bringupConfig-version.cmake
[0.060s] -- Up-to-date: /home/ravi/pmb2_foxy_ws/install/pmb2_bringup/share/pmb2_bringup/package.xml
[0.061s] Invoked command in '/home/ravi/pmb2_foxy_ws/build/pmb2_bringup' returned '0': AMENT_PREFIX_PATH=/home/ravi/pmb2_foxy_ws/install/launch_pal:${AMENT_PREFIX_PATH} CMAKE_PREFIX_PATH=/home/ravi/pmb2_foxy_ws/install/pmb2_description:/home/ravi/pmb2_foxy_ws/install/pmb2_controller_configuration:/home/ravi/pmb2_foxy_ws/install/pmb2_robot:/home/ravi/pmb2_foxy_ws/install/pmb2_bringup:/opt/ros/foxy PYTHONPATH=/home/ravi/pmb2_foxy_ws/install/pmb2_description/lib/python3.8/site-packages:/home/ravi/pmb2_foxy_ws/install/launch_pal/lib/python3.8/site-packages:/opt/ros/foxy/lib/python3.8/site-packages /usr/bin/cmake --install /home/ravi/pmb2_foxy_ws/build/pmb2_bringup
