[0.029s] Invoking command in '/home/ravi/pmb2_foxy_ws/build/hardware_interface': CMAKE_PREFIX_PATH=${CMAKE_PREFIX_PATH}:/home/ravi/pmb2_foxy_ws/install/launch_pal:/opt/ros/foxy /usr/bin/cmake /home/ravi/pmb2_foxy_ws/src/ros2_control/hardware_interface -DCMAKE_INSTALL_PREFIX=/home/ravi/pmb2_foxy_ws/install/hardware_interface
[0.044s] -- Found ament_cmake: 0.9.9 (/opt/ros/foxy/share/ament_cmake/cmake)
[0.062s] -- Using PYTHON_EXECUTABLE: /usr/bin/python3
[0.207s] -- Override CMake install command with custom implementation using symlinks instead of copying resources
[0.214s] -- Found control_msgs: 2.5.1 (/opt/ros/foxy/share/control_msgs/cmake)
[0.251s] -- Using all available rosidl_typesupport_c: rosidl_typesupport_fastrtps_c;rosidl_typesupport_introspection_c
[0.260s] -- Found rosidl_adapter: 1.2.1 (/opt/ros/foxy/share/rosidl_adapter/cmake)
[0.321s] -- Found OpenSSL: /usr/lib/x86_64-linux-gnu/libcrypto.so (found version "1.1.1f")  
[0.348s] -- Found FastRTPS: /opt/ros/foxy/include  
[0.423s] -- Using all available rosidl_typesupport_cpp: rosidl_typesupport_fastrtps_cpp;rosidl_typesupport_introspection_cpp
[0.715s] -- Found pluginlib: 2.5.4 (/opt/ros/foxy/share/pluginlib/cmake)
[0.744s] -- Found TinyXML2: /usr/lib/x86_64-linux-gnu/libtinyxml2.so  
[0.748s] -- Found ament_lint_auto: 0.9.6 (/opt/ros/foxy/share/ament_lint_auto/cmake)
[0.810s] -- Found gmock sources under '/opt/ros/foxy/src/gmock_vendor': C++ tests using 'Google Mock' will be built
[0.814s] -- Found ament_cmake_gtest: 0.9.9 (/opt/ros/foxy/share/ament_cmake_gtest/cmake)
[0.815s] -- Found gtest sources under '/opt/ros/foxy/src/gtest_vendor': C++ tests using 'Google Test' will be built
[0.827s] -- Added test 'copyright' to check source files copyright and LICENSE
[0.828s] -- Added test 'cppcheck' to perform static code analysis on C / C++ code
[0.829s] -- Configured cppcheck include dirs: /home/ravi/pmb2_foxy_ws/src/ros2_control/hardware_interface/include
[0.829s] -- Configured cppcheck exclude dirs and/or files: 
[0.830s] -- Added test 'lint_cmake' to check CMake code style
[0.831s] -- Added test 'xmllint' to check XML markup files
[0.834s] -- Configuring done
[0.862s] -- Generating done
[0.863s] -- Build files have been written to: /home/ravi/pmb2_foxy_ws/build/hardware_interface
[0.869s] Invoked command in '/home/ravi/pmb2_foxy_ws/build/hardware_interface' returned '0': CMAKE_PREFIX_PATH=${CMAKE_PREFIX_PATH}:/home/ravi/pmb2_foxy_ws/install/launch_pal:/opt/ros/foxy /usr/bin/cmake /home/ravi/pmb2_foxy_ws/src/ros2_control/hardware_interface -DCMAKE_INSTALL_PREFIX=/home/ravi/pmb2_foxy_ws/install/hardware_interface
[0.870s] Invoking command in '/home/ravi/pmb2_foxy_ws/build/hardware_interface': CMAKE_PREFIX_PATH=${CMAKE_PREFIX_PATH}:/home/ravi/pmb2_foxy_ws/install/launch_pal:/opt/ros/foxy /usr/bin/cmake --build /home/ravi/pmb2_foxy_ws/build/hardware_interface -- -j8 -l8
[0.898s] [35m[1mScanning dependencies of target gmock_main[0m
[0.898s] [35m[1mScanning dependencies of target gmock[0m
[0.898s] [35m[1mScanning dependencies of target hardware_interface[0m
[0.917s] [  2%] [32mBuilding CXX object gmock/CMakeFiles/gmock.dir/src/gmock-all.cc.o[0m
[0.917s] [  5%] [32mBuilding CXX object CMakeFiles/hardware_interface.dir/src/actuator.cpp.o[0m
[0.917s] [  8%] [32mBuilding CXX object CMakeFiles/hardware_interface.dir/src/component_parser.cpp.o[0m
[0.917s] [ 11%] [32mBuilding CXX object gmock/CMakeFiles/gmock.dir/opt/ros/foxy/src/gtest_vendor/src/gtest-all.cc.o[0m
[0.918s] [ 14%] [32mBuilding CXX object gmock/CMakeFiles/gmock_main.dir/src/gmock_main.cc.o[0m
[0.919s] [ 17%] [32mBuilding CXX object CMakeFiles/hardware_interface.dir/src/sensor.cpp.o[0m
[0.922s] [ 20%] [32mBuilding CXX object CMakeFiles/hardware_interface.dir/src/resource_manager.cpp.o[0m
[0.923s] [ 23%] [32mBuilding CXX object CMakeFiles/hardware_interface.dir/src/system.cpp.o[0m
[1.866s] [ 26%] [32m[1mLinking CXX static library libgmock_main.a[0m
[1.893s] [ 26%] Built target gmock_main
[3.466s] [ 29%] [32m[1mLinking CXX static library libgmock.a[0m
[3.507s] [ 29%] Built target gmock
[3.514s] [35m[1mScanning dependencies of target test_macros[0m
[3.526s] [ 32%] [32mBuilding CXX object CMakeFiles/test_macros.dir/test/test_macros.cpp.o[0m
[4.165s] [ 35%] [32m[1mLinking CXX executable test_macros[0m
[4.261s] [ 35%] Built target test_macros
[4.448s] [ 38%] [32m[1mLinking CXX shared library libhardware_interface.so[0m
[4.594s] [ 38%] Built target hardware_interface
[4.604s] [35m[1mScanning dependencies of target test_components[0m
[4.604s] [35m[1mScanning dependencies of target test_component_interfaces[0m
[4.604s] [35m[1mScanning dependencies of target fake_components[0m
[4.604s] [35m[1mScanning dependencies of target test_joint_handle[0m
[4.604s] [35m[1mScanning dependencies of target test_hardware_components[0m
[4.604s] [35m[1mScanning dependencies of target test_generic_system[0m
[4.604s] [35m[1mScanning dependencies of target test_resource_manager[0m
[4.604s] [35m[1mScanning dependencies of target test_component_parser[0m
[4.618s] [ 41%] [32mBuilding CXX object CMakeFiles/test_components.dir/test/test_components/test_actuator.cpp.o[0m
[4.619s] [ 44%] [32mBuilding CXX object CMakeFiles/test_hardware_components.dir/test/test_hardware_components/test_single_joint_actuator.cpp.o[0m
[4.621s] [ 47%] [32mBuilding CXX object CMakeFiles/fake_components.dir/src/fake_components/generic_system.cpp.o[0m
[4.625s] [ 50%] [32mBuilding CXX object CMakeFiles/test_joint_handle.dir/test/test_handle.cpp.o[0m
[4.626s] [ 58%] [32mBuilding CXX object CMakeFiles/test_resource_manager.dir/test/test_resource_manager.cpp.o[0m
[4.626s] [ 58%] [32mBuilding CXX object CMakeFiles/test_component_parser.dir/test/test_component_parser.cpp.o[0m
[4.626s] [ 61%] [32mBuilding CXX object CMakeFiles/test_component_interfaces.dir/test/test_component_interfaces.cpp.o[0m
[4.626s] [ 58%] [32mBuilding CXX object CMakeFiles/test_generic_system.dir/test/fake_components/test_generic_system.cpp.o[0m
[5.662s] [ 64%] [32mBuilding CXX object CMakeFiles/test_components.dir/test/test_components/test_sensor.cpp.o[0m
[5.677s] [ 67%] [32m[1mLinking CXX executable test_joint_handle[0m
[5.736s] [ 70%] [32mBuilding CXX object CMakeFiles/test_hardware_components.dir/test/test_hardware_components/test_force_torque_sensor.cpp.o[0m
[5.864s] [ 70%] Built target test_joint_handle
[5.873s] [ 73%] [32mBuilding CXX object CMakeFiles/test_hardware_components.dir/test/test_hardware_components/test_two_joint_system.cpp.o[0m
[6.100s] [ 76%] [32m[1mLinking CXX shared library libfake_components.so[0m
[6.219s] [ 76%] Built target fake_components
[6.233s] [ 79%] [32mBuilding CXX object CMakeFiles/test_hardware_components.dir/test/test_hardware_components/test_system_with_command_modes.cpp.o[0m
[6.295s] [ 82%] [32m[1mLinking CXX executable test_component_interfaces[0m
[6.320s] [ 85%] [32m[1mLinking CXX executable test_resource_manager[0m
[6.537s] [ 85%] Built target test_component_interfaces
[6.550s] [ 88%] [32mBuilding CXX object CMakeFiles/test_components.dir/test/test_components/test_system.cpp.o[0m
[6.562s] [ 88%] Built target test_resource_manager
[6.659s] [ 91%] [32m[1mLinking CXX executable test_generic_system[0m
[6.846s] [ 91%] Built target test_generic_system
[7.177s] [ 94%] [32m[1mLinking CXX shared library libtest_hardware_components.so[0m
[7.253s] [ 97%] [32m[1mLinking CXX shared library libtest_components.so[0m
[7.277s] [ 97%] Built target test_hardware_components
[7.331s] [ 97%] Built target test_components
[7.373s] [100%] [32m[1mLinking CXX executable test_component_parser[0m
[7.533s] [100%] Built target test_component_parser
[7.540s] Invoked command in '/home/ravi/pmb2_foxy_ws/build/hardware_interface' returned '0': CMAKE_PREFIX_PATH=${CMAKE_PREFIX_PATH}:/home/ravi/pmb2_foxy_ws/install/launch_pal:/opt/ros/foxy /usr/bin/cmake --build /home/ravi/pmb2_foxy_ws/build/hardware_interface -- -j8 -l8
[7.585s] Invoking command in '/home/ravi/pmb2_foxy_ws/build/hardware_interface': CMAKE_PREFIX_PATH=${CMAKE_PREFIX_PATH}:/home/ravi/pmb2_foxy_ws/install/launch_pal:/opt/ros/foxy /usr/bin/cmake --install /home/ravi/pmb2_foxy_ws/build/hardware_interface
[7.590s] -- Install configuration: ""
[7.591s] -- Execute custom install script
[7.591s] -- Symlinking: /home/ravi/pmb2_foxy_ws/install/hardware_interface/share/hardware_interface//fake_components_plugin_description.xml
[7.597s] -- Symlinking: /home/ravi/pmb2_foxy_ws/install/hardware_interface/include/fake_components/generic_system.hpp
[7.602s] -- Symlinking: /home/ravi/pmb2_foxy_ws/install/hardware_interface/include/fake_components/visibility_control.h
[7.608s] -- Symlinking: /home/ravi/pmb2_foxy_ws/install/hardware_interface/include/hardware_interface/actuator.hpp
[7.616s] -- Symlinking: /home/ravi/pmb2_foxy_ws/install/hardware_interface/include/hardware_interface/actuator_interface.hpp
[7.624s] -- Symlinking: /home/ravi/pmb2_foxy_ws/install/hardware_interface/include/hardware_interface/base_interface.hpp
[7.632s] -- Symlinking: /home/ravi/pmb2_foxy_ws/install/hardware_interface/include/hardware_interface/component_parser.hpp
[7.638s] -- Symlinking: /home/ravi/pmb2_foxy_ws/install/hardware_interface/include/hardware_interface/controller_info.hpp
[7.643s] -- Symlinking: /home/ravi/pmb2_foxy_ws/install/hardware_interface/include/hardware_interface/handle.hpp
[7.648s] -- Symlinking: /home/ravi/pmb2_foxy_ws/install/hardware_interface/include/hardware_interface/hardware_info.hpp
[7.654s] -- Symlinking: /home/ravi/pmb2_foxy_ws/install/hardware_interface/include/hardware_interface/loaned_command_interface.hpp
[7.659s] -- Symlinking: /home/ravi/pmb2_foxy_ws/install/hardware_interface/include/hardware_interface/loaned_state_interface.hpp
[7.664s] -- Symlinking: /home/ravi/pmb2_foxy_ws/install/hardware_interface/include/hardware_interface/macros.hpp
[7.669s] -- Symlinking: /home/ravi/pmb2_foxy_ws/install/hardware_interface/include/hardware_interface/resource_manager.hpp
[7.674s] -- Symlinking: /home/ravi/pmb2_foxy_ws/install/hardware_interface/include/hardware_interface/sensor.hpp
[7.679s] -- Symlinking: /home/ravi/pmb2_foxy_ws/install/hardware_interface/include/hardware_interface/sensor_interface.hpp
[7.684s] -- Symlinking: /home/ravi/pmb2_foxy_ws/install/hardware_interface/include/hardware_interface/system.hpp
[7.689s] -- Symlinking: /home/ravi/pmb2_foxy_ws/install/hardware_interface/include/hardware_interface/system_interface.hpp
[7.694s] -- Symlinking: /home/ravi/pmb2_foxy_ws/install/hardware_interface/include/hardware_interface/types/hardware_interface_return_values.hpp
[7.700s] -- Symlinking: /home/ravi/pmb2_foxy_ws/install/hardware_interface/include/hardware_interface/types/hardware_interface_status_values.hpp
[7.705s] -- Symlinking: /home/ravi/pmb2_foxy_ws/install/hardware_interface/include/hardware_interface/types/hardware_interface_type_values.hpp
[7.711s] -- Symlinking: /home/ravi/pmb2_foxy_ws/install/hardware_interface/include/hardware_interface/visibility_control.h
[7.716s] -- Symlinking: /home/ravi/pmb2_foxy_ws/install/hardware_interface/lib/libfake_components.so
[7.722s] -- Symlinking: /home/ravi/pmb2_foxy_ws/install/hardware_interface/lib/libhardware_interface.so
[7.727s] -- Symlinking: /home/ravi/pmb2_foxy_ws/install/hardware_interface/lib/libtest_components.so
[7.733s] -- Symlinking: /home/ravi/pmb2_foxy_ws/install/hardware_interface/share/hardware_interface/test/test_components/test_components.xml
[7.738s] -- Symlinking: /home/ravi/pmb2_foxy_ws/install/hardware_interface/lib/libtest_hardware_components.so
[7.743s] -- Symlinking: /home/ravi/pmb2_foxy_ws/install/hardware_interface/share/hardware_interface/test/test_hardware_components/test_hardware_components.xml
[7.748s] -- Symlinking: /home/ravi/pmb2_foxy_ws/install/hardware_interface/share/hardware_interface/environment/library_path.sh
[7.754s] -- Symlinking: /home/ravi/pmb2_foxy_ws/install/hardware_interface/share/hardware_interface/environment/library_path.dsv
[7.759s] -- Symlinking: /home/ravi/pmb2_foxy_ws/install/hardware_interface/share/ament_index/resource_index/package_run_dependencies/hardware_interface
[7.764s] -- Symlinking: /home/ravi/pmb2_foxy_ws/install/hardware_interface/share/ament_index/resource_index/parent_prefix_path/hardware_interface
[7.770s] -- Symlinking: /home/ravi/pmb2_foxy_ws/install/hardware_interface/share/hardware_interface/environment/ament_prefix_path.sh
[7.775s] -- Symlinking: /home/ravi/pmb2_foxy_ws/install/hardware_interface/share/hardware_interface/environment/ament_prefix_path.dsv
[7.781s] -- Symlinking: /home/ravi/pmb2_foxy_ws/install/hardware_interface/share/hardware_interface/environment/path.sh
[7.786s] -- Symlinking: /home/ravi/pmb2_foxy_ws/install/hardware_interface/share/hardware_interface/environment/path.dsv
[7.792s] -- Symlinking: /home/ravi/pmb2_foxy_ws/install/hardware_interface/share/hardware_interface/local_setup.bash
[7.797s] -- Symlinking: /home/ravi/pmb2_foxy_ws/install/hardware_interface/share/hardware_interface/local_setup.sh
[7.803s] -- Symlinking: /home/ravi/pmb2_foxy_ws/install/hardware_interface/share/hardware_interface/local_setup.zsh
[7.808s] -- Symlinking: /home/ravi/pmb2_foxy_ws/install/hardware_interface/share/hardware_interface/local_setup.dsv
[7.813s] -- Symlinking: /home/ravi/pmb2_foxy_ws/install/hardware_interface/share/hardware_interface/package.dsv
[7.819s] -- Symlinking: /home/ravi/pmb2_foxy_ws/install/hardware_interface/share/ament_index/resource_index/packages/hardware_interface
[7.824s] -- Symlinking: /home/ravi/pmb2_foxy_ws/install/hardware_interface/share/ament_index/resource_index/hardware_interface__pluginlib__plugin/hardware_interface
[7.829s] -- Symlinking: /home/ravi/pmb2_foxy_ws/install/hardware_interface/share/hardware_interface/cmake/ament_cmake_export_include_directories-extras.cmake
[7.835s] -- Symlinking: /home/ravi/pmb2_foxy_ws/install/hardware_interface/share/hardware_interface/cmake/ament_cmake_export_libraries-extras.cmake
[7.840s] -- Symlinking: /home/ravi/pmb2_foxy_ws/install/hardware_interface/share/hardware_interface/cmake/ament_cmake_export_dependencies-extras.cmake
[7.845s] -- Symlinking: /home/ravi/pmb2_foxy_ws/install/hardware_interface/share/hardware_interface/cmake/hardware_interfaceConfig.cmake
[7.851s] -- Symlinking: /home/ravi/pmb2_foxy_ws/install/hardware_interface/share/hardware_interface/cmake/hardware_interfaceConfig-version.cmake
[7.856s] -- Symlinking: /home/ravi/pmb2_foxy_ws/install/hardware_interface/share/hardware_interface/package.xml
[7.865s] Invoked command in '/home/ravi/pmb2_foxy_ws/build/hardware_interface' returned '0': CMAKE_PREFIX_PATH=${CMAKE_PREFIX_PATH}:/home/ravi/pmb2_foxy_ws/install/launch_pal:/opt/ros/foxy /usr/bin/cmake --install /home/ravi/pmb2_foxy_ws/build/hardware_interface
