[0.009s] Invoking command in '/home/ravi/pmb2_foxy_ws/build/gazebo_ros': AMENT_PREFIX_PATH=/home/ravi/pmb2_foxy_ws/install/gazebo_msgs:/home/ravi/pmb2_foxy_ws/install/gazebo_dev:${AMENT_PREFIX_PATH} CMAKE_PREFIX_PATH=/home/ravi/pmb2_foxy_ws/install/gazebo_msgs:/home/ravi/pmb2_foxy_ws/install/gazebo_dev:/home/ravi/pmb2_foxy_ws/install/pal_gazebo_worlds:/home/ravi/pmb2_foxy_ws/install/pmb2_simulation:/home/ravi/pmb2_foxy_ws/install/pmb2_navigation:/home/ravi/pmb2_foxy_ws/install/pmb2_2dnav_gazebo:/home/ravi/pmb2_foxy_ws/install/pmb2_2dnav:/home/ravi/pmb2_foxy_ws/install/pmb2_maps:/home/ravi/pmb2_foxy_ws/install/pmb2_gazebo:/home/ravi/pmb2_foxy_ws/install/pmb2_robot:/home/ravi/pmb2_foxy_ws/install/pmb2_bringup:/home/ravi/pmb2_foxy_ws/install/pmb2_description:/home/ravi/pmb2_foxy_ws/install/pmb2_controller_configuration:/home/ravi/pmb2_foxy_ws/install/launch_pal:/opt/ros/foxy LD_LIBRARY_PATH=/home/ravi/pmb2_foxy_ws/install/gazebo_msgs/lib:${LD_LIBRARY_PATH} PYTHONPATH=/home/ravi/pmb2_foxy_ws/install/gazebo_msgs/lib/python3.8/site-packages:${PYTHONPATH} /usr/bin/cmake /home/ravi/pmb2_foxy_ws/src/gazebo_ros_pkgs/gazebo_ros -DAMENT_CMAKE_SYMLINK_INSTALL=1 -DCMAKE_INSTALL_PREFIX=/home/ravi/pmb2_foxy_ws/install/gazebo_ros
[0.019s] -- Found ament_cmake: 0.9.9 (/opt/ros/foxy/share/ament_cmake/cmake)
[0.037s] -- Using PYTHON_EXECUTABLE: /usr/bin/python3
[0.143s] -- Override CMake install command with custom implementation using symlinks instead of copying resources
[0.148s] -- Found builtin_interfaces: 1.0.0 (/opt/ros/foxy/share/builtin_interfaces/cmake)
[0.162s] -- Using all available rosidl_typesupport_c: rosidl_typesupport_fastrtps_c;rosidl_typesupport_introspection_c
[0.164s] -- Found rosidl_adapter: 1.2.1 (/opt/ros/foxy/share/rosidl_adapter/cmake)
[0.247s] -- Using all available rosidl_typesupport_cpp: rosidl_typesupport_fastrtps_cpp;rosidl_typesupport_introspection_cpp
[0.263s] -- Found gazebo_dev: 3.5.3 (/home/ravi/pmb2_foxy_ws/install/gazebo_dev/share/gazebo_dev/cmake)
[0.267s] -- Found PkgConfig: /usr/bin/pkg-config (found version "0.29.1") 
[0.268s] -- Checking for module 'bullet>=2.82'
[0.279s] --   Found bullet, version 2.88
[0.349s] -- Found ccd: /usr/include (found suitable version "2.0", minimum required is "2.0") 
[0.382s] -- Found fcl: /usr/include (found suitable version "0.5.0", minimum required is "0.3.2") 
[0.417s] -- Found assimp: /usr/include (found version "5.0.0") 
[0.440s] -- Found DART: /usr/include (Required is at least version "6.6") found components: dart 
[0.644s] -- Found Boost: /usr/lib/x86_64-linux-gnu/cmake/Boost-1.71.0/BoostConfig.cmake (found suitable version "1.71.0", minimum required is "1.40.0") found components: thread system filesystem program_options regex iostreams date_time 
[0.657s] -- Found Protobuf: /usr/lib/x86_64-linux-gnu/libprotobuf.so;-lpthread (found version "3.6.1") 
[0.660s] -- Looking for ignition-math6 -- found version 6.12.0
[0.665s] -- Searching for dependencies of ignition-math6
[0.667s] -- Looking for OGRE...
[0.667s] -- OGRE_PREFIX_WATCH changed.
[0.670s] -- Checking for module 'OGRE'
[0.680s] --   Found OGRE, version 1.9.0
[0.701s] -- Found Ogre Ghadamon (1.9.0)
[0.707s] -- Found OGRE: optimized;/usr/lib/x86_64-linux-gnu/libOgreMain.so;debug;/usr/lib/x86_64-linux-gnu/libOgreMain.so
[0.715s] -- Looking for OGRE_Paging...
[0.719s] -- Found OGRE_Paging: optimized;/usr/lib/x86_64-linux-gnu/libOgrePaging.so;debug;/usr/lib/x86_64-linux-gnu/libOgrePaging.so
[0.719s] -- Looking for OGRE_Terrain...
[0.723s] -- Found OGRE_Terrain: optimized;/usr/lib/x86_64-linux-gnu/libOgreTerrain.so;debug;/usr/lib/x86_64-linux-gnu/libOgreTerrain.so
[0.724s] -- Looking for OGRE_Property...
[0.727s] -- Found OGRE_Property: optimized;/usr/lib/x86_64-linux-gnu/libOgreProperty.so;debug;/usr/lib/x86_64-linux-gnu/libOgreProperty.so
[0.728s] -- Looking for OGRE_RTShaderSystem...
[0.732s] -- Found OGRE_RTShaderSystem: optimized;/usr/lib/x86_64-linux-gnu/libOgreRTShaderSystem.so;debug;/usr/lib/x86_64-linux-gnu/libOgreRTShaderSystem.so
[0.732s] -- Looking for OGRE_Volume...
[0.736s] -- Found OGRE_Volume: optimized;/usr/lib/x86_64-linux-gnu/libOgreVolume.so;debug;/usr/lib/x86_64-linux-gnu/libOgreVolume.so
[0.736s] -- Looking for OGRE_Overlay...
[0.740s] -- Found OGRE_Overlay: optimized;/usr/lib/x86_64-linux-gnu/libOgreOverlay.so;debug;/usr/lib/x86_64-linux-gnu/libOgreOverlay.so
[0.830s] -- Looking for ignition-math6 -- found version 6.12.0
[0.831s] -- Looking for ignition-transport8 -- found version 8.3.0
[0.831s] -- Searching for dependencies of ignition-transport8
[0.843s] -- Found Protobuf: /usr/lib/x86_64-linux-gnu/libprotobuf.so;-lpthread (found suitable version "3.6.1", minimum required is "3") 
[0.851s] -- Config-file not installed for ZeroMQ -- checking for pkg-config
[0.854s] -- Checking for module 'libzmq >= 4'
[0.864s] --   Found libzmq , version 4.3.2
[0.888s] -- Found ZeroMQ: TRUE (Required is at least version "4") 
[0.891s] -- Checking for module 'uuid'
[0.905s] --   Found uuid, version 2.34.0
[0.928s] -- Found UUID: TRUE  
[0.929s] -- Looking for ignition-msgs5 -- found version 5.10.0
[0.929s] -- Searching for dependencies of ignition-msgs5
[0.941s] -- Looking for ignition-math6 -- found version 6.12.0
[0.945s] -- Checking for module 'tinyxml2'
[0.955s] --   Found tinyxml2, version 6.2.0
[0.979s] -- Looking for ignition-msgs5 -- found version 5.10.0
[0.980s] -- Looking for ignition-common3 -- found version 3.14.2
[0.980s] -- Searching for dependencies of ignition-common3
[0.981s] -- Looking for dlfcn.h - found
[0.981s] -- Looking for libdl - found
[0.982s] -- Found DL: TRUE  
[0.988s] -- Searching for <ignition-common3> component [graphics]
[0.989s] -- Looking for ignition-common3-graphics -- found version 3.14.2
[0.990s] -- Searching for dependencies of ignition-common3-graphics
[0.990s] -- Looking for ignition-math6 -- found version 6.12.0
[0.992s] -- Looking for ignition-fuel_tools4 -- found version 4.6.0
[0.992s] -- Searching for dependencies of ignition-fuel_tools4
[1.041s] -- Found CURL: /usr/lib/x86_64-linux-gnu/libcurl.so (found version "7.68.0")  
[1.048s] -- Checking for module 'jsoncpp'
[1.057s] --   Found jsoncpp, version 1.7.4
[1.080s] -- Found JSONCPP: TRUE  
[1.084s] -- Checking for module 'libzip'
[1.094s] --   Found libzip, version 1.5.1
[1.117s] -- Found ZIP: TRUE  
[1.117s] -- Looking for ignition-common3 -- found version 3.14.2
[1.118s] -- Looking for ignition-math6 -- found version 6.12.0
[1.118s] -- Looking for ignition-msgs5 -- found version 5.10.0
[1.119s] -- Gazebo version: 11.11
[1.119s] -- Found gazebo_msgs: 3.5.3 (/home/ravi/pmb2_foxy_ws/install/gazebo_msgs/share/gazebo_msgs/cmake)
[1.296s] -- Found rcl: 1.1.13 (/opt/ros/foxy/share/rcl/cmake)
[1.318s] -- Found rmw_implementation_cmake: 1.0.3 (/opt/ros/foxy/share/rmw_implementation_cmake/cmake)
[1.319s] -- Using RMW implementation 'rmw_fastrtps_cpp' as default
[1.321s] -- Found Threads: TRUE  
[1.341s] -- Found rclcpp: 2.4.1 (/opt/ros/foxy/share/rclcpp/cmake)
[1.432s] -- Found std_srvs: 2.0.5 (/opt/ros/foxy/share/std_srvs/cmake)
[1.439s] -- Found tinyxml_vendor: 0.8.2 (/opt/ros/foxy/share/tinyxml_vendor/cmake)
[1.507s] -- Found ament_cmake_gtest: 0.9.9 (/opt/ros/foxy/share/ament_cmake_gtest/cmake)
[1.509s] -- Found launch_testing_ament_cmake: 0.10.8 (/opt/ros/foxy/share/launch_testing_ament_cmake/cmake)
[1.511s] -- Found python_cmake_module: 0.8.1 (/opt/ros/foxy/share/python_cmake_module/cmake)
[1.531s] -- Found PythonInterp: /usr/bin/python3 (found suitable version "3.8.10", minimum required is "3.5") 
[1.535s] -- Found PythonLibs: /usr/lib/x86_64-linux-gnu/libpython3.8.so (found suitable version "3.8.10", minimum required is "3.5") 
[1.535s] -- Using PYTHON_EXECUTABLE: /usr/bin/python3
[1.535s] -- Using PYTHON_INCLUDE_DIRS: /usr/include/python3.8
[1.535s] -- Using PYTHON_LIBRARIES: /usr/lib/x86_64-linux-gnu/libpython3.8.so
[1.554s] -- Found PythonExtra: .so  
[1.555s] -- Found sensor_msgs: 2.0.5 (/opt/ros/foxy/share/sensor_msgs/cmake)
[1.636s] -- Found gtest sources under '/opt/ros/foxy/src/gtest_vendor': C++ tests using 'Google Test' will be built
[1.638s] -- Check if compiler accepts -pthread
[1.688s] -- Check if compiler accepts -pthread - yes
[1.794s] -- Found ament_lint_auto: 0.9.6 (/opt/ros/foxy/share/ament_lint_auto/cmake)
[1.860s] -- Found python_cmake_module: 0.8.1 (/opt/ros/foxy/share/python_cmake_module/cmake)
[1.879s] -- Using PYTHON_EXECUTABLE: /usr/bin/python3
[1.880s] -- Using PYTHON_INCLUDE_DIRS: /usr/include/python3.8
[1.880s] -- Using PYTHON_LIBRARIES: /usr/lib/x86_64-linux-gnu/libpython3.8.so
[1.940s] -- Added test 'copyright' to check source files copyright and LICENSE
[1.941s] -- Added test 'cppcheck' to perform static code analysis on C / C++ code
[1.942s] -- Configured cppcheck include dirs: $<BUILD_INTERFACE:/home/ravi/pmb2_foxy_ws/src/gazebo_ros_pkgs/gazebo_ros/include>
[1.942s] -- Configured cppcheck exclude dirs and/or files: 
[1.944s] -- Added test 'cpplint' to check C / C++ code against the Google style
[1.944s] -- Configured cpplint exclude dirs and/or files: 
[1.945s] -- Added test 'flake8' to check Python code syntax and style conventions
[1.946s] -- Added test 'lint_cmake' to check CMake code style
[1.946s] -- Added test 'pep257' to check Python code against some of the style conventions in PEP 257
[1.948s] -- Added test 'uncrustify' to check C / C++ code style
[1.948s] -- Configured uncrustify additional arguments: 
[1.949s] -- Added test 'xmllint' to check XML markup files
[1.953s] -- Configuring done
[2.183s] -- Generating done
[2.186s] -- Build files have been written to: /home/ravi/pmb2_foxy_ws/build/gazebo_ros
[2.196s] Invoked command in '/home/ravi/pmb2_foxy_ws/build/gazebo_ros' returned '0': AMENT_PREFIX_PATH=/home/ravi/pmb2_foxy_ws/install/gazebo_msgs:/home/ravi/pmb2_foxy_ws/install/gazebo_dev:${AMENT_PREFIX_PATH} CMAKE_PREFIX_PATH=/home/ravi/pmb2_foxy_ws/install/gazebo_msgs:/home/ravi/pmb2_foxy_ws/install/gazebo_dev:/home/ravi/pmb2_foxy_ws/install/pal_gazebo_worlds:/home/ravi/pmb2_foxy_ws/install/pmb2_simulation:/home/ravi/pmb2_foxy_ws/install/pmb2_navigation:/home/ravi/pmb2_foxy_ws/install/pmb2_2dnav_gazebo:/home/ravi/pmb2_foxy_ws/install/pmb2_2dnav:/home/ravi/pmb2_foxy_ws/install/pmb2_maps:/home/ravi/pmb2_foxy_ws/install/pmb2_gazebo:/home/ravi/pmb2_foxy_ws/install/pmb2_robot:/home/ravi/pmb2_foxy_ws/install/pmb2_bringup:/home/ravi/pmb2_foxy_ws/install/pmb2_description:/home/ravi/pmb2_foxy_ws/install/pmb2_controller_configuration:/home/ravi/pmb2_foxy_ws/install/launch_pal:/opt/ros/foxy LD_LIBRARY_PATH=/home/ravi/pmb2_foxy_ws/install/gazebo_msgs/lib:${LD_LIBRARY_PATH} PYTHONPATH=/home/ravi/pmb2_foxy_ws/install/gazebo_msgs/lib/python3.8/site-packages:${PYTHONPATH} /usr/bin/cmake /home/ravi/pmb2_foxy_ws/src/gazebo_ros_pkgs/gazebo_ros -DAMENT_CMAKE_SYMLINK_INSTALL=1 -DCMAKE_INSTALL_PREFIX=/home/ravi/pmb2_foxy_ws/install/gazebo_ros
[2.198s] Invoking command in '/home/ravi/pmb2_foxy_ws/build/gazebo_ros': AMENT_PREFIX_PATH=/home/ravi/pmb2_foxy_ws/install/gazebo_msgs:/home/ravi/pmb2_foxy_ws/install/gazebo_dev:${AMENT_PREFIX_PATH} CMAKE_PREFIX_PATH=/home/ravi/pmb2_foxy_ws/install/gazebo_msgs:/home/ravi/pmb2_foxy_ws/install/gazebo_dev:/home/ravi/pmb2_foxy_ws/install/pal_gazebo_worlds:/home/ravi/pmb2_foxy_ws/install/pmb2_simulation:/home/ravi/pmb2_foxy_ws/install/pmb2_navigation:/home/ravi/pmb2_foxy_ws/install/pmb2_2dnav_gazebo:/home/ravi/pmb2_foxy_ws/install/pmb2_2dnav:/home/ravi/pmb2_foxy_ws/install/pmb2_maps:/home/ravi/pmb2_foxy_ws/install/pmb2_gazebo:/home/ravi/pmb2_foxy_ws/install/pmb2_robot:/home/ravi/pmb2_foxy_ws/install/pmb2_bringup:/home/ravi/pmb2_foxy_ws/install/pmb2_description:/home/ravi/pmb2_foxy_ws/install/pmb2_controller_configuration:/home/ravi/pmb2_foxy_ws/install/launch_pal:/opt/ros/foxy LD_LIBRARY_PATH=/home/ravi/pmb2_foxy_ws/install/gazebo_msgs/lib:${LD_LIBRARY_PATH} PYTHONPATH=/home/ravi/pmb2_foxy_ws/install/gazebo_msgs/lib/python3.8/site-packages:${PYTHONPATH} /usr/bin/cmake --build /home/ravi/pmb2_foxy_ws/build/gazebo_ros -- -j8 -l8
[2.237s] [35m[1mScanning dependencies of target gazebo_ros_utils[0m
[2.237s] [35m[1mScanning dependencies of target gazebo_ros_node[0m
[2.237s] [35m[1mScanning dependencies of target gtest[0m
[2.237s] [35m[1mScanning dependencies of target gtest_main[0m
[2.240s] [35m[1mScanning dependencies of target mock_robot_state_publisher[0m
[2.251s] [  3%] [32mBuilding CXX object gtest/CMakeFiles/gtest_main.dir/src/gtest_main.cc.o[0m
[2.251s] [  3%] [32mBuilding CXX object gtest/CMakeFiles/gtest.dir/src/gtest-all.cc.o[0m
[2.274s] [  5%] [32mBuilding CXX object test/CMakeFiles/mock_robot_state_publisher.dir/mock_robot_state_publisher/robot_state_publisher.cpp.o[0m
[2.299s] [  7%] [32mBuilding CXX object CMakeFiles/gazebo_ros_utils.dir/src/utils.cpp.o[0m
[2.303s] [  8%] [32mBuilding CXX object CMakeFiles/gazebo_ros_node.dir/src/node.cpp.o[0m
[2.303s] [ 10%] [32mBuilding CXX object CMakeFiles/gazebo_ros_node.dir/src/executor.cpp.o[0m
[2.310s] [ 12%] [32mBuilding CXX object CMakeFiles/gazebo_ros_node.dir/src/qos.cpp.o[0m
[3.161s] [ 14%] [32m[1mLinking CXX static library libgtest_main.a[0m
[3.219s] [ 14%] Built target gtest_main
[5.753s] [ 16%] [32m[1mLinking CXX executable mock_robot_state_publisher[0m
[5.937s] [ 16%] Built target mock_robot_state_publisher
[5.967s] [ 17%] [32m[1mLinking CXX static library libgtest.a[0m
[6.026s] [ 17%] Built target gtest
[9.039s] [ 19%] [32m[1mLinking CXX shared library libgazebo_ros_node.so[0m
[9.414s] [ 19%] Built target gazebo_ros_node
[9.425s] [35m[1mScanning dependencies of target gazebo_ros_properties[0m
[9.425s] [35m[1mScanning dependencies of target create_node_without_init[0m
[9.425s] [35m[1mScanning dependencies of target args_init[0m
[9.425s] [35m[1mScanning dependencies of target multiple_nodes[0m
[9.426s] [35m[1mScanning dependencies of target gazebo_ros_force_system[0m
[9.426s] [35m[1mScanning dependencies of target gazebo_ros_state[0m
[9.433s] [35m[1mScanning dependencies of target ros_world_plugin[0m
[9.476s] [ 21%] [32m[1mLinking CXX shared library libgazebo_ros_utils.so[0m
[9.491s] [ 23%] [32mBuilding CXX object test/CMakeFiles/multiple_nodes.dir/plugins/multiple_nodes.cpp.o[0m
[9.501s] [ 25%] [32mBuilding CXX object test/CMakeFiles/ros_world_plugin.dir/plugins/ros_world_plugin.cpp.o[0m
[9.546s] [ 26%] [32mBuilding CXX object test/CMakeFiles/create_node_without_init.dir/plugins/create_node_without_init.cpp.o[0m
[9.564s] [ 28%] [32mBuilding CXX object test/CMakeFiles/args_init.dir/plugins/args_init.cpp.o[0m
[9.576s] [ 32%] [32mBuilding CXX object CMakeFiles/gazebo_ros_properties.dir/src/gazebo_ros_properties.cpp.o[0m
[9.576s] [ 32%] [32mBuilding CXX object CMakeFiles/gazebo_ros_state.dir/src/gazebo_ros_state.cpp.o[0m
[9.606s] [ 33%] [32mBuilding CXX object CMakeFiles/gazebo_ros_force_system.dir/src/gazebo_ros_force_system.cpp.o[0m
[9.825s] [ 33%] Built target gazebo_ros_utils
[9.837s] [35m[1mScanning dependencies of target sdf_node[0m
[9.913s] [ 35%] [32mBuilding CXX object test/CMakeFiles/sdf_node.dir/plugins/sdf_node.cpp.o[0m
[20.503s] [ 37%] [32m[1mLinking CXX shared library libcreate_node_without_init.so[0m
[20.517s] [ 39%] [32m[1mLinking CXX shared library libros_world_plugin.so[0m
[20.781s] [ 41%] [32m[1mLinking CXX shared library libmultiple_nodes.so[0m
[21.005s] [ 41%] Built target create_node_without_init
[21.018s] [35m[1mScanning dependencies of target test_gazebo_ros_state[0m
[21.191s] [ 42%] [32mBuilding CXX object test/CMakeFiles/test_gazebo_ros_state.dir/test_gazebo_ros_state.cpp.o[0m
[21.230s] [ 44%] [32m[1mLinking CXX shared library libargs_init.so[0m
[21.283s] [ 44%] Built target ros_world_plugin
[21.302s] [35m[1mScanning dependencies of target test_conversions[0m
[21.352s] [ 46%] [32mBuilding CXX object test/CMakeFiles/test_conversions.dir/test_conversions.cpp.o[0m
[21.380s] [ 46%] Built target multiple_nodes
[21.395s] [35m[1mScanning dependencies of target test_gazebo_ros_factory[0m
[21.584s] [ 48%] [32mBuilding CXX object test/CMakeFiles/test_gazebo_ros_factory.dir/test_gazebo_ros_factory.cpp.o[0m
[21.842s] [ 48%] Built target args_init
[21.843s] [ 50%] [32m[1mLinking CXX shared library libsdf_node.so[0m
[21.891s] [35m[1mScanning dependencies of target test_gazebo_ros_joint_effort[0m
[22.125s] [ 51%] [32mBuilding CXX object test/CMakeFiles/test_gazebo_ros_joint_effort.dir/test_gazebo_ros_joint_effort.cpp.o[0m
[22.328s] [ 51%] Built target sdf_node
[22.341s] [35m[1mScanning dependencies of target test_gazebo_ros_link_wrench[0m
[22.526s] [ 53%] [32mBuilding CXX object test/CMakeFiles/test_gazebo_ros_link_wrench.dir/test_gazebo_ros_link_wrench.cpp.o[0m
[27.309s] [ 55%] [32m[1mLinking CXX executable test_conversions[0m
[27.567s] [ 57%] [32m[1mLinking CXX shared library libgazebo_ros_force_system.so[0m
[28.400s] [ 57%] Built target gazebo_ros_force_system
[28.434s] [35m[1mScanning dependencies of target test_node[0m
[28.530s] [ 58%] [32mBuilding CXX object test/CMakeFiles/test_node.dir/test_node.cpp.o[0m
[29.149s] [ 58%] Built target test_conversions
[29.213s] [35m[1mScanning dependencies of target gazebo_ros_init[0m
[29.324s] [ 60%] [32m[1mLinking CXX shared library libgazebo_ros_state.so[0m
[29.441s] [ 62%] [32mBuilding CXX object CMakeFiles/gazebo_ros_init.dir/src/gazebo_ros_init.cpp.o[0m
[29.837s] [ 64%] [32m[1mLinking CXX shared library libgazebo_ros_properties.so[0m
[30.283s] [ 64%] Built target gazebo_ros_state
[30.297s] [35m[1mScanning dependencies of target gazebo_ros_factory[0m
[30.464s] [ 66%] [32mBuilding CXX object CMakeFiles/gazebo_ros_factory.dir/src/gazebo_ros_factory.cpp.o[0m
[30.914s] [ 66%] Built target gazebo_ros_properties
[30.978s] [35m[1mScanning dependencies of target test_sim_time[0m
[31.106s] [ 67%] [32mBuilding CXX object test/CMakeFiles/test_sim_time.dir/test_sim_time.cpp.o[0m
[39.445s] [ 69%] [32m[1mLinking CXX executable test_node[0m
[40.610s] [ 71%] [32m[1mLinking CXX executable test_sim_time[0m
[40.934s] [ 71%] Built target test_node
[40.962s] [35m[1mScanning dependencies of target test_utils[0m
[41.233s] [ 73%] [32mBuilding CXX object test/CMakeFiles/test_utils.dir/test_utils.cpp.o[0m
[41.293s] [ 73%] Built target test_sim_time
[41.357s] [35m[1mScanning dependencies of target test_qos[0m
[41.481s] [ 75%] [32mBuilding CXX object test/CMakeFiles/test_qos.dir/test_qos.cpp.o[0m
[48.020s] [ 76%] [32m[1mLinking CXX executable test_qos[0m
[49.422s] [ 78%] [32m[1mLinking CXX shared library libgazebo_ros_init.so[0m
[49.525s] [ 78%] Built target test_qos
[49.631s] [35m[1mScanning dependencies of target test_plugins[0m
[49.698s] [ 80%] [32mBuilding CXX object test/CMakeFiles/test_plugins.dir/test_plugins.cpp.o[0m
[49.820s] [ 82%] [32m[1mLinking CXX shared library libgazebo_ros_factory.so[0m
[50.895s] [ 82%] Built target gazebo_ros_init
[50.923s] [35m[1mScanning dependencies of target test_gazebo_ros_properties[0m
[50.953s] [ 82%] Built target gazebo_ros_factory
[51.006s] [35m[1mScanning dependencies of target test_gazebo_ros_init[0m
[51.135s] [ 83%] [32mBuilding CXX object test/CMakeFiles/test_gazebo_ros_properties.dir/test_gazebo_ros_properties.cpp.o[0m
[51.334s] [ 85%] [32mBuilding CXX object test/CMakeFiles/test_gazebo_ros_init.dir/test_gazebo_ros_init.cpp.o[0m
[51.592s] [ 87%] [32m[1mLinking CXX executable test_gazebo_ros_joint_effort[0m
[52.274s] [ 89%] [32m[1mLinking CXX executable test_gazebo_ros_link_wrench[0m
[52.526s] [ 91%] [32m[1mLinking CXX executable test_gazebo_ros_factory[0m
[53.760s] [ 91%] Built target test_gazebo_ros_joint_effort
[54.520s] [ 92%] [32m[1mLinking CXX executable test_utils[0m
[54.551s] [ 92%] Built target test_gazebo_ros_factory
[54.594s] [ 92%] Built target test_gazebo_ros_link_wrench
[55.489s] [ 92%] Built target test_utils
[57.514s] [ 94%] [32m[1mLinking CXX executable test_plugins[0m
[57.975s] [ 94%] Built target test_plugins
[58.098s] [ 96%] [32m[1mLinking CXX executable test_gazebo_ros_state[0m
[59.337s] [ 96%] Built target test_gazebo_ros_state
[68.928s] [ 98%] [32m[1mLinking CXX executable test_gazebo_ros_init[0m
[69.873s] [ 98%] Built target test_gazebo_ros_init
[71.799s] [100%] [32m[1mLinking CXX executable test_gazebo_ros_properties[0m
[72.755s] [100%] Built target test_gazebo_ros_properties
[72.764s] Invoked command in '/home/ravi/pmb2_foxy_ws/build/gazebo_ros' returned '0': AMENT_PREFIX_PATH=/home/ravi/pmb2_foxy_ws/install/gazebo_msgs:/home/ravi/pmb2_foxy_ws/install/gazebo_dev:${AMENT_PREFIX_PATH} CMAKE_PREFIX_PATH=/home/ravi/pmb2_foxy_ws/install/gazebo_msgs:/home/ravi/pmb2_foxy_ws/install/gazebo_dev:/home/ravi/pmb2_foxy_ws/install/pal_gazebo_worlds:/home/ravi/pmb2_foxy_ws/install/pmb2_simulation:/home/ravi/pmb2_foxy_ws/install/pmb2_navigation:/home/ravi/pmb2_foxy_ws/install/pmb2_2dnav_gazebo:/home/ravi/pmb2_foxy_ws/install/pmb2_2dnav:/home/ravi/pmb2_foxy_ws/install/pmb2_maps:/home/ravi/pmb2_foxy_ws/install/pmb2_gazebo:/home/ravi/pmb2_foxy_ws/install/pmb2_robot:/home/ravi/pmb2_foxy_ws/install/pmb2_bringup:/home/ravi/pmb2_foxy_ws/install/pmb2_description:/home/ravi/pmb2_foxy_ws/install/pmb2_controller_configuration:/home/ravi/pmb2_foxy_ws/install/launch_pal:/opt/ros/foxy LD_LIBRARY_PATH=/home/ravi/pmb2_foxy_ws/install/gazebo_msgs/lib:${LD_LIBRARY_PATH} PYTHONPATH=/home/ravi/pmb2_foxy_ws/install/gazebo_msgs/lib/python3.8/site-packages:${PYTHONPATH} /usr/bin/cmake --build /home/ravi/pmb2_foxy_ws/build/gazebo_ros -- -j8 -l8
[72.797s] Invoking command in '/home/ravi/pmb2_foxy_ws/build/gazebo_ros': AMENT_PREFIX_PATH=/home/ravi/pmb2_foxy_ws/install/gazebo_msgs:/home/ravi/pmb2_foxy_ws/install/gazebo_dev:${AMENT_PREFIX_PATH} CMAKE_PREFIX_PATH=/home/ravi/pmb2_foxy_ws/install/gazebo_msgs:/home/ravi/pmb2_foxy_ws/install/gazebo_dev:/home/ravi/pmb2_foxy_ws/install/pal_gazebo_worlds:/home/ravi/pmb2_foxy_ws/install/pmb2_simulation:/home/ravi/pmb2_foxy_ws/install/pmb2_navigation:/home/ravi/pmb2_foxy_ws/install/pmb2_2dnav_gazebo:/home/ravi/pmb2_foxy_ws/install/pmb2_2dnav:/home/ravi/pmb2_foxy_ws/install/pmb2_maps:/home/ravi/pmb2_foxy_ws/install/pmb2_gazebo:/home/ravi/pmb2_foxy_ws/install/pmb2_robot:/home/ravi/pmb2_foxy_ws/install/pmb2_bringup:/home/ravi/pmb2_foxy_ws/install/pmb2_description:/home/ravi/pmb2_foxy_ws/install/pmb2_controller_configuration:/home/ravi/pmb2_foxy_ws/install/launch_pal:/opt/ros/foxy LD_LIBRARY_PATH=/home/ravi/pmb2_foxy_ws/install/gazebo_msgs/lib:${LD_LIBRARY_PATH} PYTHONPATH=/home/ravi/pmb2_foxy_ws/install/gazebo_msgs/lib/python3.8/site-packages:${PYTHONPATH} /usr/bin/cmake --install /home/ravi/pmb2_foxy_ws/build/gazebo_ros
[72.804s] -- Install configuration: ""
[72.804s] -- Execute custom install script
[72.804s] -- Symlinking: /home/ravi/pmb2_foxy_ws/install/gazebo_ros/share/gazebo_ros/environment/pythonpath.sh
[72.811s] -- Symlinking: /home/ravi/pmb2_foxy_ws/install/gazebo_ros/share/gazebo_ros/environment/pythonpath.dsv
[72.817s] -- Symlinking: /home/ravi/pmb2_foxy_ws/install/gazebo_ros/lib/python3.8/site-packages/scripts//__init__.py
[72.824s] -- Symlinking: /home/ravi/pmb2_foxy_ws/install/gazebo_ros/lib/python3.8/site-packages/scripts//gazebo_ros_paths.py
[72.829s] -- Symlinking: /home/ravi/pmb2_foxy_ws/install/gazebo_ros/lib/python3.8/site-packages/scripts//spawn_entity.py
[72.835s] -- Symlinking: /home/ravi/pmb2_foxy_ws/install/gazebo_ros/share/gazebo_ros/environment/library_path.sh
[72.842s] -- Symlinking: /home/ravi/pmb2_foxy_ws/install/gazebo_ros/share/gazebo_ros/environment/library_path.dsv
[72.847s] -- Symlinking: /home/ravi/pmb2_foxy_ws/install/gazebo_ros/share/ament_index/resource_index/package_run_dependencies/gazebo_ros
[72.853s] -- Symlinking: /home/ravi/pmb2_foxy_ws/install/gazebo_ros/share/ament_index/resource_index/parent_prefix_path/gazebo_ros
[72.860s] -- Symlinking: /home/ravi/pmb2_foxy_ws/install/gazebo_ros/share/gazebo_ros/environment/ament_prefix_path.sh
[72.865s] -- Symlinking: /home/ravi/pmb2_foxy_ws/install/gazebo_ros/share/gazebo_ros/environment/ament_prefix_path.dsv
[72.872s] -- Symlinking: /home/ravi/pmb2_foxy_ws/install/gazebo_ros/share/gazebo_ros/environment/path.sh
[72.878s] -- Symlinking: /home/ravi/pmb2_foxy_ws/install/gazebo_ros/share/gazebo_ros/environment/path.dsv
[72.884s] -- Symlinking: /home/ravi/pmb2_foxy_ws/install/gazebo_ros/share/gazebo_ros/local_setup.bash
[72.890s] -- Symlinking: /home/ravi/pmb2_foxy_ws/install/gazebo_ros/share/gazebo_ros/local_setup.sh
[72.896s] -- Symlinking: /home/ravi/pmb2_foxy_ws/install/gazebo_ros/share/gazebo_ros/local_setup.zsh
[72.906s] -- Symlinking: /home/ravi/pmb2_foxy_ws/install/gazebo_ros/share/gazebo_ros/local_setup.dsv
[72.913s] -- Symlinking: /home/ravi/pmb2_foxy_ws/install/gazebo_ros/share/gazebo_ros/package.dsv
[72.919s] -- Symlinking: /home/ravi/pmb2_foxy_ws/install/gazebo_ros/share/ament_index/resource_index/packages/gazebo_ros
[72.926s] -- Symlinking: /home/ravi/pmb2_foxy_ws/install/gazebo_ros/share/gazebo_ros/cmake/ament_cmake_export_libraries-extras.cmake
[72.932s] -- Symlinking: /home/ravi/pmb2_foxy_ws/install/gazebo_ros/share/gazebo_ros/cmake/ament_cmake_export_include_directories-extras.cmake
[72.938s] -- Symlinking: /home/ravi/pmb2_foxy_ws/install/gazebo_ros/share/gazebo_ros/cmake/ament_cmake_export_dependencies-extras.cmake
[72.945s] -- Symlinking: /home/ravi/pmb2_foxy_ws/install/gazebo_ros/share/gazebo_ros/cmake/gazebo_rosConfig.cmake
[72.950s] -- Symlinking: /home/ravi/pmb2_foxy_ws/install/gazebo_ros/share/gazebo_ros/cmake/gazebo_rosConfig-version.cmake
[72.957s] -- Symlinking: /home/ravi/pmb2_foxy_ws/install/gazebo_ros/share/gazebo_ros/package.xml
[72.963s] -- Symlinking: /home/ravi/pmb2_foxy_ws/install/gazebo_ros/include/gazebo_ros/conversions/builtin_interfaces.hpp
[72.969s] -- Symlinking: /home/ravi/pmb2_foxy_ws/install/gazebo_ros/include/gazebo_ros/conversions/gazebo_msgs.hpp
[72.975s] -- Symlinking: /home/ravi/pmb2_foxy_ws/install/gazebo_ros/include/gazebo_ros/conversions/generic.hpp
[72.980s] -- Symlinking: /home/ravi/pmb2_foxy_ws/install/gazebo_ros/include/gazebo_ros/conversions/geometry_msgs.hpp
[72.986s] -- Symlinking: /home/ravi/pmb2_foxy_ws/install/gazebo_ros/include/gazebo_ros/conversions/sensor_msgs.hpp
[72.992s] -- Symlinking: /home/ravi/pmb2_foxy_ws/install/gazebo_ros/include/gazebo_ros/executor.hpp
[72.998s] -- Symlinking: /home/ravi/pmb2_foxy_ws/install/gazebo_ros/include/gazebo_ros/gazebo_ros_factory.hpp
[73.003s] -- Symlinking: /home/ravi/pmb2_foxy_ws/install/gazebo_ros/include/gazebo_ros/gazebo_ros_force_system.hpp
[73.009s] -- Symlinking: /home/ravi/pmb2_foxy_ws/install/gazebo_ros/include/gazebo_ros/gazebo_ros_init.hpp
[73.014s] -- Symlinking: /home/ravi/pmb2_foxy_ws/install/gazebo_ros/include/gazebo_ros/gazebo_ros_properties.hpp
[73.019s] -- Symlinking: /home/ravi/pmb2_foxy_ws/install/gazebo_ros/include/gazebo_ros/gazebo_ros_state.hpp
[73.024s] -- Symlinking: /home/ravi/pmb2_foxy_ws/install/gazebo_ros/include/gazebo_ros/node.hpp
[73.029s] -- Symlinking: /home/ravi/pmb2_foxy_ws/install/gazebo_ros/include/gazebo_ros/node_visibility_control.h
[73.034s] -- Symlinking: /home/ravi/pmb2_foxy_ws/install/gazebo_ros/include/gazebo_ros/qos.hpp
[73.039s] -- Symlinking: /home/ravi/pmb2_foxy_ws/install/gazebo_ros/include/gazebo_ros/testing_utils.hpp
[73.045s] -- Symlinking: /home/ravi/pmb2_foxy_ws/install/gazebo_ros/include/gazebo_ros/utils.hpp
[73.050s] -- Symlinking: /home/ravi/pmb2_foxy_ws/install/gazebo_ros/include/gazebo_ros/utils_visibility_control.h
[73.055s] -- Symlinking: /home/ravi/pmb2_foxy_ws/install/gazebo_ros/lib/gazebo_ros//gazebo_ros_paths.py
[73.060s] -- Symlinking: /home/ravi/pmb2_foxy_ws/install/gazebo_ros/lib/libgazebo_ros_factory.so
[73.066s] -- Symlinking: /home/ravi/pmb2_foxy_ws/install/gazebo_ros/lib/libgazebo_ros_force_system.so
[73.072s] -- Symlinking: /home/ravi/pmb2_foxy_ws/install/gazebo_ros/lib/libgazebo_ros_init.so
[73.078s] -- Symlinking: /home/ravi/pmb2_foxy_ws/install/gazebo_ros/lib/libgazebo_ros_node.so
[73.083s] -- Symlinking: /home/ravi/pmb2_foxy_ws/install/gazebo_ros/lib/libgazebo_ros_properties.so
[73.090s] -- Symlinking: /home/ravi/pmb2_foxy_ws/install/gazebo_ros/lib/libgazebo_ros_state.so
[73.095s] -- Symlinking: /home/ravi/pmb2_foxy_ws/install/gazebo_ros/lib/libgazebo_ros_utils.so
[73.101s] -- Symlinking: /home/ravi/pmb2_foxy_ws/install/gazebo_ros/lib/gazebo_ros//spawn_entity.py
[73.107s] -- Symlinking: /home/ravi/pmb2_foxy_ws/install/gazebo_ros/share/gazebo_ros//launch/gazebo.launch.py
[73.114s] -- Symlinking: /home/ravi/pmb2_foxy_ws/install/gazebo_ros/share/gazebo_ros//launch/gzclient.launch.py
[73.119s] -- Symlinking: /home/ravi/pmb2_foxy_ws/install/gazebo_ros/share/gazebo_ros//launch/gzserver.launch.py
[73.125s] -- Symlinking: /home/ravi/pmb2_foxy_ws/install/gazebo_ros/share/gazebo_ros//launch/spawn_entity_demo.launch.py
[73.152s] Listing '/home/ravi/pmb2_foxy_ws/install/gazebo_ros/lib/python3.8/site-packages/scripts/'...
[73.152s] Compiling '/home/ravi/pmb2_foxy_ws/install/gazebo_ros/lib/python3.8/site-packages/scripts/__init__.py'...
[73.152s] Compiling '/home/ravi/pmb2_foxy_ws/install/gazebo_ros/lib/python3.8/site-packages/scripts/gazebo_ros_paths.py'...
[73.152s] Compiling '/home/ravi/pmb2_foxy_ws/install/gazebo_ros/lib/python3.8/site-packages/scripts/spawn_entity.py'...
[73.158s] Invoked command in '/home/ravi/pmb2_foxy_ws/build/gazebo_ros' returned '0': AMENT_PREFIX_PATH=/home/ravi/pmb2_foxy_ws/install/gazebo_msgs:/home/ravi/pmb2_foxy_ws/install/gazebo_dev:${AMENT_PREFIX_PATH} CMAKE_PREFIX_PATH=/home/ravi/pmb2_foxy_ws/install/gazebo_msgs:/home/ravi/pmb2_foxy_ws/install/gazebo_dev:/home/ravi/pmb2_foxy_ws/install/pal_gazebo_worlds:/home/ravi/pmb2_foxy_ws/install/pmb2_simulation:/home/ravi/pmb2_foxy_ws/install/pmb2_navigation:/home/ravi/pmb2_foxy_ws/install/pmb2_2dnav_gazebo:/home/ravi/pmb2_foxy_ws/install/pmb2_2dnav:/home/ravi/pmb2_foxy_ws/install/pmb2_maps:/home/ravi/pmb2_foxy_ws/install/pmb2_gazebo:/home/ravi/pmb2_foxy_ws/install/pmb2_robot:/home/ravi/pmb2_foxy_ws/install/pmb2_bringup:/home/ravi/pmb2_foxy_ws/install/pmb2_description:/home/ravi/pmb2_foxy_ws/install/pmb2_controller_configuration:/home/ravi/pmb2_foxy_ws/install/launch_pal:/opt/ros/foxy LD_LIBRARY_PATH=/home/ravi/pmb2_foxy_ws/install/gazebo_msgs/lib:${LD_LIBRARY_PATH} PYTHONPATH=/home/ravi/pmb2_foxy_ws/install/gazebo_msgs/lib/python3.8/site-packages:${PYTHONPATH} /usr/bin/cmake --install /home/ravi/pmb2_foxy_ws/build/gazebo_ros
