[0.080s] DEBUG:colcon:Command line arguments: ['/usr/bin/colcon', 'build']
[0.080s] DEBUG:colcon:Parsed command line arguments: Namespace(allow_overriding=[], ament_cmake_args=None, base_paths=['.'], build_base='build', catkin_cmake_args=None, catkin_skip_building_tests=False, cmake_args=None, cmake_clean_cache=False, cmake_clean_first=False, cmake_force_configure=False, cmake_target=None, cmake_target_skip_unavailable=False, continue_on_error=False, event_handlers=None, executor='parallel', ignore_user_meta=False, install_base='install', log_base=None, log_level=None, main=<bound method BuildVerb.main of <colcon_core.verb.build.BuildVerb object at 0x7f1eed793c40>>, merge_install=False, metas=['./colcon.meta'], packages_above=None, packages_above_and_dependencies=None, packages_above_depth=None, packages_end=None, packages_ignore=None, packages_ignore_regex=None, packages_select=None, packages_select_build_failed=False, packages_select_by_dep=None, packages_select_regex=None, packages_select_test_failures=False, packages_skip=None, packages_skip_build_finished=False, packages_skip_by_dep=None, packages_skip_regex=None, packages_skip_test_passed=False, packages_skip_up_to=None, packages_start=None, packages_up_to=None, packages_up_to_regex=None, parallel_workers=8, paths=None, symlink_install=False, test_result_base=None, verb_extension=<colcon_core.verb.build.BuildVerb object at 0x7f1eed793c40>, verb_name='build', verb_parser=<colcon_defaults.argument_parser.defaults.DefaultArgumentsDecorator object at 0x7f1eed79c1f0>)
[0.094s] Level 1:colcon.colcon_core.package_discovery:discover_packages(colcon_meta) check parameters
[0.095s] Level 1:colcon.colcon_core.package_discovery:discover_packages(recursive) check parameters
[0.095s] Level 1:colcon.colcon_core.package_discovery:discover_packages(ignore) check parameters
[0.095s] Level 1:colcon.colcon_core.package_discovery:discover_packages(path) check parameters
[0.095s] Level 1:colcon.colcon_core.package_discovery:discover_packages(colcon_meta) discover
[0.095s] Level 1:colcon.colcon_core.package_discovery:discover_packages(recursive) discover
[0.095s] INFO:colcon.colcon_core.package_discovery:Crawling recursively for packages in '/home/ravi/pmb2_foxy_ws'
[0.095s] Level 1:colcon.colcon_core.package_identification:_identify(.) by extensions ['ignore', 'ignore_ament_install']
[0.095s] Level 1:colcon.colcon_core.package_identification:_identify(.) by extension 'ignore'
[0.095s] Level 1:colcon.colcon_core.package_identification:_identify(.) by extension 'ignore_ament_install'
[0.095s] Level 1:colcon.colcon_core.package_identification:_identify(.) by extensions ['colcon_pkg']
[0.095s] Level 1:colcon.colcon_core.package_identification:_identify(.) by extension 'colcon_pkg'
[0.095s] Level 1:colcon.colcon_core.package_identification:_identify(.) by extensions ['colcon_meta']
[0.095s] Level 1:colcon.colcon_core.package_identification:_identify(.) by extension 'colcon_meta'
[0.095s] Level 1:colcon.colcon_core.package_identification:_identify(.) by extensions ['ros']
[0.095s] Level 1:colcon.colcon_core.package_identification:_identify(.) by extension 'ros'
[0.102s] Level 1:colcon.colcon_core.package_identification:_identify(.) by extensions ['cmake', 'python']
[0.102s] Level 1:colcon.colcon_core.package_identification:_identify(.) by extension 'cmake'
[0.102s] Level 1:colcon.colcon_core.package_identification:_identify(.) by extension 'python'
[0.102s] Level 1:colcon.colcon_core.package_identification:_identify(.) by extensions ['python_setup_py']
[0.102s] Level 1:colcon.colcon_core.package_identification:_identify(.) by extension 'python_setup_py'
[0.102s] Level 1:colcon.colcon_core.package_identification:_identify(build) by extensions ['ignore', 'ignore_ament_install']
[0.102s] Level 1:colcon.colcon_core.package_identification:_identify(build) by extension 'ignore'
[0.102s] Level 1:colcon.colcon_core.package_identification:_identify(build) ignored
[0.102s] Level 1:colcon.colcon_core.package_identification:_identify(install) by extensions ['ignore', 'ignore_ament_install']
[0.102s] Level 1:colcon.colcon_core.package_identification:_identify(install) by extension 'ignore'
[0.102s] Level 1:colcon.colcon_core.package_identification:_identify(install) ignored
[0.102s] Level 1:colcon.colcon_core.package_identification:_identify(log) by extensions ['ignore', 'ignore_ament_install']
[0.102s] Level 1:colcon.colcon_core.package_identification:_identify(log) by extension 'ignore'
[0.102s] Level 1:colcon.colcon_core.package_identification:_identify(log) ignored
[0.102s] Level 1:colcon.colcon_core.package_identification:_identify(src) by extensions ['ignore', 'ignore_ament_install']
[0.102s] Level 1:colcon.colcon_core.package_identification:_identify(src) by extension 'ignore'
[0.102s] Level 1:colcon.colcon_core.package_identification:_identify(src) by extension 'ignore_ament_install'
[0.102s] Level 1:colcon.colcon_core.package_identification:_identify(src) by extensions ['colcon_pkg']
[0.102s] Level 1:colcon.colcon_core.package_identification:_identify(src) by extension 'colcon_pkg'
[0.102s] Level 1:colcon.colcon_core.package_identification:_identify(src) by extensions ['colcon_meta']
[0.102s] Level 1:colcon.colcon_core.package_identification:_identify(src) by extension 'colcon_meta'
[0.102s] Level 1:colcon.colcon_core.package_identification:_identify(src) by extensions ['ros']
[0.102s] Level 1:colcon.colcon_core.package_identification:_identify(src) by extension 'ros'
[0.102s] Level 1:colcon.colcon_core.package_identification:_identify(src) by extensions ['cmake', 'python']
[0.103s] Level 1:colcon.colcon_core.package_identification:_identify(src) by extension 'cmake'
[0.103s] Level 1:colcon.colcon_core.package_identification:_identify(src) by extension 'python'
[0.103s] Level 1:colcon.colcon_core.package_identification:_identify(src) by extensions ['python_setup_py']
[0.103s] Level 1:colcon.colcon_core.package_identification:_identify(src) by extension 'python_setup_py'
[0.103s] Level 1:colcon.colcon_core.package_identification:_identify(src/launch_pal) by extensions ['ignore', 'ignore_ament_install']
[0.103s] Level 1:colcon.colcon_core.package_identification:_identify(src/launch_pal) by extension 'ignore'
[0.103s] Level 1:colcon.colcon_core.package_identification:_identify(src/launch_pal) by extension 'ignore_ament_install'
[0.103s] Level 1:colcon.colcon_core.package_identification:_identify(src/launch_pal) by extensions ['colcon_pkg']
[0.103s] Level 1:colcon.colcon_core.package_identification:_identify(src/launch_pal) by extension 'colcon_pkg'
[0.103s] Level 1:colcon.colcon_core.package_identification:_identify(src/launch_pal) by extensions ['colcon_meta']
[0.103s] Level 1:colcon.colcon_core.package_identification:_identify(src/launch_pal) by extension 'colcon_meta'
[0.103s] Level 1:colcon.colcon_core.package_identification:_identify(src/launch_pal) by extensions ['ros']
[0.103s] Level 1:colcon.colcon_core.package_identification:_identify(src/launch_pal) by extension 'ros'
[0.104s] DEBUG:colcon.colcon_core.package_identification:Package 'src/launch_pal' with type 'ros.ament_python' and name 'launch_pal'
[0.104s] Level 1:colcon.colcon_core.package_identification:_identify(src/pmb2_robot) by extensions ['ignore', 'ignore_ament_install']
[0.104s] Level 1:colcon.colcon_core.package_identification:_identify(src/pmb2_robot) by extension 'ignore'
[0.105s] Level 1:colcon.colcon_core.package_identification:_identify(src/pmb2_robot) by extension 'ignore_ament_install'
[0.105s] Level 1:colcon.colcon_core.package_identification:_identify(src/pmb2_robot) by extensions ['colcon_pkg']
[0.105s] Level 1:colcon.colcon_core.package_identification:_identify(src/pmb2_robot) by extension 'colcon_pkg'
[0.105s] Level 1:colcon.colcon_core.package_identification:_identify(src/pmb2_robot) by extensions ['colcon_meta']
[0.105s] Level 1:colcon.colcon_core.package_identification:_identify(src/pmb2_robot) by extension 'colcon_meta'
[0.105s] Level 1:colcon.colcon_core.package_identification:_identify(src/pmb2_robot) by extensions ['ros']
[0.105s] Level 1:colcon.colcon_core.package_identification:_identify(src/pmb2_robot) by extension 'ros'
[0.105s] Level 1:colcon.colcon_core.package_identification:_identify(src/pmb2_robot) by extensions ['cmake', 'python']
[0.105s] Level 1:colcon.colcon_core.package_identification:_identify(src/pmb2_robot) by extension 'cmake'
[0.105s] Level 1:colcon.colcon_core.package_identification:_identify(src/pmb2_robot) by extension 'python'
[0.105s] Level 1:colcon.colcon_core.package_identification:_identify(src/pmb2_robot) by extensions ['python_setup_py']
[0.105s] Level 1:colcon.colcon_core.package_identification:_identify(src/pmb2_robot) by extension 'python_setup_py'
[0.105s] Level 1:colcon.colcon_core.package_identification:_identify(src/pmb2_robot/pmb2_bringup) by extensions ['ignore', 'ignore_ament_install']
[0.105s] Level 1:colcon.colcon_core.package_identification:_identify(src/pmb2_robot/pmb2_bringup) by extension 'ignore'
[0.105s] Level 1:colcon.colcon_core.package_identification:_identify(src/pmb2_robot/pmb2_bringup) by extension 'ignore_ament_install'
[0.105s] Level 1:colcon.colcon_core.package_identification:_identify(src/pmb2_robot/pmb2_bringup) by extensions ['colcon_pkg']
[0.105s] Level 1:colcon.colcon_core.package_identification:_identify(src/pmb2_robot/pmb2_bringup) by extension 'colcon_pkg'
[0.105s] Level 1:colcon.colcon_core.package_identification:_identify(src/pmb2_robot/pmb2_bringup) by extensions ['colcon_meta']
[0.105s] Level 1:colcon.colcon_core.package_identification:_identify(src/pmb2_robot/pmb2_bringup) by extension 'colcon_meta'
[0.105s] Level 1:colcon.colcon_core.package_identification:_identify(src/pmb2_robot/pmb2_bringup) by extensions ['ros']
[0.105s] Level 1:colcon.colcon_core.package_identification:_identify(src/pmb2_robot/pmb2_bringup) by extension 'ros'
[0.105s] DEBUG:colcon.colcon_core.package_identification:Package 'src/pmb2_robot/pmb2_bringup' with type 'ros.ament_cmake' and name 'pmb2_bringup'
[0.105s] Level 1:colcon.colcon_core.package_identification:_identify(src/pmb2_robot/pmb2_controller_configuration) by extensions ['ignore', 'ignore_ament_install']
[0.105s] Level 1:colcon.colcon_core.package_identification:_identify(src/pmb2_robot/pmb2_controller_configuration) by extension 'ignore'
[0.106s] Level 1:colcon.colcon_core.package_identification:_identify(src/pmb2_robot/pmb2_controller_configuration) by extension 'ignore_ament_install'
[0.106s] Level 1:colcon.colcon_core.package_identification:_identify(src/pmb2_robot/pmb2_controller_configuration) by extensions ['colcon_pkg']
[0.106s] Level 1:colcon.colcon_core.package_identification:_identify(src/pmb2_robot/pmb2_controller_configuration) by extension 'colcon_pkg'
[0.106s] Level 1:colcon.colcon_core.package_identification:_identify(src/pmb2_robot/pmb2_controller_configuration) by extensions ['colcon_meta']
[0.106s] Level 1:colcon.colcon_core.package_identification:_identify(src/pmb2_robot/pmb2_controller_configuration) by extension 'colcon_meta'
[0.106s] Level 1:colcon.colcon_core.package_identification:_identify(src/pmb2_robot/pmb2_controller_configuration) by extensions ['ros']
[0.106s] Level 1:colcon.colcon_core.package_identification:_identify(src/pmb2_robot/pmb2_controller_configuration) by extension 'ros'
[0.106s] DEBUG:colcon.colcon_core.package_identification:Package 'src/pmb2_robot/pmb2_controller_configuration' with type 'ros.ament_cmake' and name 'pmb2_controller_configuration'
[0.106s] Level 1:colcon.colcon_core.package_identification:_identify(src/pmb2_robot/pmb2_description) by extensions ['ignore', 'ignore_ament_install']
[0.106s] Level 1:colcon.colcon_core.package_identification:_identify(src/pmb2_robot/pmb2_description) by extension 'ignore'
[0.106s] Level 1:colcon.colcon_core.package_identification:_identify(src/pmb2_robot/pmb2_description) by extension 'ignore_ament_install'
[0.106s] Level 1:colcon.colcon_core.package_identification:_identify(src/pmb2_robot/pmb2_description) by extensions ['colcon_pkg']
[0.106s] Level 1:colcon.colcon_core.package_identification:_identify(src/pmb2_robot/pmb2_description) by extension 'colcon_pkg'
[0.106s] Level 1:colcon.colcon_core.package_identification:_identify(src/pmb2_robot/pmb2_description) by extensions ['colcon_meta']
[0.106s] Level 1:colcon.colcon_core.package_identification:_identify(src/pmb2_robot/pmb2_description) by extension 'colcon_meta'
[0.106s] Level 1:colcon.colcon_core.package_identification:_identify(src/pmb2_robot/pmb2_description) by extensions ['ros']
[0.106s] Level 1:colcon.colcon_core.package_identification:_identify(src/pmb2_robot/pmb2_description) by extension 'ros'
[0.107s] DEBUG:colcon.colcon_core.package_identification:Package 'src/pmb2_robot/pmb2_description' with type 'ros.ament_cmake' and name 'pmb2_description'
[0.107s] Level 1:colcon.colcon_core.package_identification:_identify(src/pmb2_robot/pmb2_robot) by extensions ['ignore', 'ignore_ament_install']
[0.107s] Level 1:colcon.colcon_core.package_identification:_identify(src/pmb2_robot/pmb2_robot) by extension 'ignore'
[0.107s] Level 1:colcon.colcon_core.package_identification:_identify(src/pmb2_robot/pmb2_robot) by extension 'ignore_ament_install'
[0.107s] Level 1:colcon.colcon_core.package_identification:_identify(src/pmb2_robot/pmb2_robot) by extensions ['colcon_pkg']
[0.107s] Level 1:colcon.colcon_core.package_identification:_identify(src/pmb2_robot/pmb2_robot) by extension 'colcon_pkg'
[0.107s] Level 1:colcon.colcon_core.package_identification:_identify(src/pmb2_robot/pmb2_robot) by extensions ['colcon_meta']
[0.107s] Level 1:colcon.colcon_core.package_identification:_identify(src/pmb2_robot/pmb2_robot) by extension 'colcon_meta'
[0.107s] Level 1:colcon.colcon_core.package_identification:_identify(src/pmb2_robot/pmb2_robot) by extensions ['ros']
[0.107s] Level 1:colcon.colcon_core.package_identification:_identify(src/pmb2_robot/pmb2_robot) by extension 'ros'
[0.107s] DEBUG:colcon.colcon_core.package_identification:Package 'src/pmb2_robot/pmb2_robot' with type 'ros.ament_cmake' and name 'pmb2_robot'
[0.107s] Level 1:colcon.colcon_core.package_discovery:discover_packages(recursive) using defaults
[0.107s] Level 1:colcon.colcon_core.package_discovery:discover_packages(ignore) discover
[0.107s] Level 1:colcon.colcon_core.package_discovery:discover_packages(ignore) using defaults
[0.107s] Level 1:colcon.colcon_core.package_discovery:discover_packages(path) discover
[0.107s] Level 1:colcon.colcon_core.package_discovery:discover_packages(path) using defaults
[0.125s] Level 1:colcon.colcon_core.package_discovery:discover_packages(prefix_path) check parameters
[0.125s] Level 1:colcon.colcon_core.package_discovery:discover_packages(prefix_path) discover
[0.127s] DEBUG:colcon.colcon_installed_package_information.package_discovery:Found 4 installed packages in /home/ravi/pmb2_foxy_ws/install
[0.128s] DEBUG:colcon.colcon_installed_package_information.package_discovery:Found 256 installed packages in /opt/ros/foxy
[0.129s] Level 1:colcon.colcon_core.package_discovery:discover_packages(prefix_path) using defaults
[0.164s] Level 5:colcon.colcon_core.verb:set package 'launch_pal' build argument 'cmake_args' from command line to 'None'
[0.165s] Level 5:colcon.colcon_core.verb:set package 'launch_pal' build argument 'cmake_target' from command line to 'None'
[0.165s] Level 5:colcon.colcon_core.verb:set package 'launch_pal' build argument 'cmake_target_skip_unavailable' from command line to 'False'
[0.165s] Level 5:colcon.colcon_core.verb:set package 'launch_pal' build argument 'cmake_clean_cache' from command line to 'False'
[0.165s] Level 5:colcon.colcon_core.verb:set package 'launch_pal' build argument 'cmake_clean_first' from command line to 'False'
[0.165s] Level 5:colcon.colcon_core.verb:set package 'launch_pal' build argument 'cmake_force_configure' from command line to 'False'
[0.165s] Level 5:colcon.colcon_core.verb:set package 'launch_pal' build argument 'ament_cmake_args' from command line to 'None'
[0.165s] Level 5:colcon.colcon_core.verb:set package 'launch_pal' build argument 'catkin_cmake_args' from command line to 'None'
[0.165s] Level 5:colcon.colcon_core.verb:set package 'launch_pal' build argument 'catkin_skip_building_tests' from command line to 'False'
[0.165s] DEBUG:colcon.colcon_core.verb:Building package 'launch_pal' with the following arguments: {'ament_cmake_args': None, 'build_base': '/home/ravi/pmb2_foxy_ws/build/launch_pal', 'catkin_cmake_args': None, 'catkin_skip_building_tests': False, 'cmake_args': None, 'cmake_clean_cache': False, 'cmake_clean_first': False, 'cmake_force_configure': False, 'cmake_target': None, 'cmake_target_skip_unavailable': False, 'install_base': '/home/ravi/pmb2_foxy_ws/install/launch_pal', 'merge_install': False, 'path': '/home/ravi/pmb2_foxy_ws/src/launch_pal', 'symlink_install': False, 'test_result_base': None}
[0.165s] Level 5:colcon.colcon_core.verb:set package 'pmb2_controller_configuration' build argument 'cmake_args' from command line to 'None'
[0.165s] Level 5:colcon.colcon_core.verb:set package 'pmb2_controller_configuration' build argument 'cmake_target' from command line to 'None'
[0.165s] Level 5:colcon.colcon_core.verb:set package 'pmb2_controller_configuration' build argument 'cmake_target_skip_unavailable' from command line to 'False'
[0.165s] Level 5:colcon.colcon_core.verb:set package 'pmb2_controller_configuration' build argument 'cmake_clean_cache' from command line to 'False'
[0.165s] Level 5:colcon.colcon_core.verb:set package 'pmb2_controller_configuration' build argument 'cmake_clean_first' from command line to 'False'
[0.165s] Level 5:colcon.colcon_core.verb:set package 'pmb2_controller_configuration' build argument 'cmake_force_configure' from command line to 'False'
[0.165s] Level 5:colcon.colcon_core.verb:set package 'pmb2_controller_configuration' build argument 'ament_cmake_args' from command line to 'None'
[0.165s] Level 5:colcon.colcon_core.verb:set package 'pmb2_controller_configuration' build argument 'catkin_cmake_args' from command line to 'None'
[0.165s] Level 5:colcon.colcon_core.verb:set package 'pmb2_controller_configuration' build argument 'catkin_skip_building_tests' from command line to 'False'
[0.165s] DEBUG:colcon.colcon_core.verb:Building package 'pmb2_controller_configuration' with the following arguments: {'ament_cmake_args': None, 'build_base': '/home/ravi/pmb2_foxy_ws/build/pmb2_controller_configuration', 'catkin_cmake_args': None, 'catkin_skip_building_tests': False, 'cmake_args': None, 'cmake_clean_cache': False, 'cmake_clean_first': False, 'cmake_force_configure': False, 'cmake_target': None, 'cmake_target_skip_unavailable': False, 'install_base': '/home/ravi/pmb2_foxy_ws/install/pmb2_controller_configuration', 'merge_install': False, 'path': '/home/ravi/pmb2_foxy_ws/src/pmb2_robot/pmb2_controller_configuration', 'symlink_install': False, 'test_result_base': None}
[0.166s] Level 5:colcon.colcon_core.verb:set package 'pmb2_description' build argument 'cmake_args' from command line to 'None'
[0.166s] Level 5:colcon.colcon_core.verb:set package 'pmb2_description' build argument 'cmake_target' from command line to 'None'
[0.166s] Level 5:colcon.colcon_core.verb:set package 'pmb2_description' build argument 'cmake_target_skip_unavailable' from command line to 'False'
[0.166s] Level 5:colcon.colcon_core.verb:set package 'pmb2_description' build argument 'cmake_clean_cache' from command line to 'False'
[0.166s] Level 5:colcon.colcon_core.verb:set package 'pmb2_description' build argument 'cmake_clean_first' from command line to 'False'
[0.166s] Level 5:colcon.colcon_core.verb:set package 'pmb2_description' build argument 'cmake_force_configure' from command line to 'False'
[0.166s] Level 5:colcon.colcon_core.verb:set package 'pmb2_description' build argument 'ament_cmake_args' from command line to 'None'
[0.166s] Level 5:colcon.colcon_core.verb:set package 'pmb2_description' build argument 'catkin_cmake_args' from command line to 'None'
[0.166s] Level 5:colcon.colcon_core.verb:set package 'pmb2_description' build argument 'catkin_skip_building_tests' from command line to 'False'
[0.166s] DEBUG:colcon.colcon_core.verb:Building package 'pmb2_description' with the following arguments: {'ament_cmake_args': None, 'build_base': '/home/ravi/pmb2_foxy_ws/build/pmb2_description', 'catkin_cmake_args': None, 'catkin_skip_building_tests': False, 'cmake_args': None, 'cmake_clean_cache': False, 'cmake_clean_first': False, 'cmake_force_configure': False, 'cmake_target': None, 'cmake_target_skip_unavailable': False, 'install_base': '/home/ravi/pmb2_foxy_ws/install/pmb2_description', 'merge_install': False, 'path': '/home/ravi/pmb2_foxy_ws/src/pmb2_robot/pmb2_description', 'symlink_install': False, 'test_result_base': None}
[0.166s] Level 5:colcon.colcon_core.verb:set package 'pmb2_bringup' build argument 'cmake_args' from command line to 'None'
[0.166s] Level 5:colcon.colcon_core.verb:set package 'pmb2_bringup' build argument 'cmake_target' from command line to 'None'
[0.167s] Level 5:colcon.colcon_core.verb:set package 'pmb2_bringup' build argument 'cmake_target_skip_unavailable' from command line to 'False'
[0.167s] Level 5:colcon.colcon_core.verb:set package 'pmb2_bringup' build argument 'cmake_clean_cache' from command line to 'False'
[0.167s] Level 5:colcon.colcon_core.verb:set package 'pmb2_bringup' build argument 'cmake_clean_first' from command line to 'False'
[0.167s] Level 5:colcon.colcon_core.verb:set package 'pmb2_bringup' build argument 'cmake_force_configure' from command line to 'False'
[0.167s] Level 5:colcon.colcon_core.verb:set package 'pmb2_bringup' build argument 'ament_cmake_args' from command line to 'None'
[0.167s] Level 5:colcon.colcon_core.verb:set package 'pmb2_bringup' build argument 'catkin_cmake_args' from command line to 'None'
[0.167s] Level 5:colcon.colcon_core.verb:set package 'pmb2_bringup' build argument 'catkin_skip_building_tests' from command line to 'False'
[0.167s] DEBUG:colcon.colcon_core.verb:Building package 'pmb2_bringup' with the following arguments: {'ament_cmake_args': None, 'build_base': '/home/ravi/pmb2_foxy_ws/build/pmb2_bringup', 'catkin_cmake_args': None, 'catkin_skip_building_tests': False, 'cmake_args': None, 'cmake_clean_cache': False, 'cmake_clean_first': False, 'cmake_force_configure': False, 'cmake_target': None, 'cmake_target_skip_unavailable': False, 'install_base': '/home/ravi/pmb2_foxy_ws/install/pmb2_bringup', 'merge_install': False, 'path': '/home/ravi/pmb2_foxy_ws/src/pmb2_robot/pmb2_bringup', 'symlink_install': False, 'test_result_base': None}
[0.167s] Level 5:colcon.colcon_core.verb:set package 'pmb2_robot' build argument 'cmake_args' from command line to 'None'
[0.167s] Level 5:colcon.colcon_core.verb:set package 'pmb2_robot' build argument 'cmake_target' from command line to 'None'
[0.167s] Level 5:colcon.colcon_core.verb:set package 'pmb2_robot' build argument 'cmake_target_skip_unavailable' from command line to 'False'
[0.167s] Level 5:colcon.colcon_core.verb:set package 'pmb2_robot' build argument 'cmake_clean_cache' from command line to 'False'
[0.167s] Level 5:colcon.colcon_core.verb:set package 'pmb2_robot' build argument 'cmake_clean_first' from command line to 'False'
[0.167s] Level 5:colcon.colcon_core.verb:set package 'pmb2_robot' build argument 'cmake_force_configure' from command line to 'False'
[0.167s] Level 5:colcon.colcon_core.verb:set package 'pmb2_robot' build argument 'ament_cmake_args' from command line to 'None'
[0.167s] Level 5:colcon.colcon_core.verb:set package 'pmb2_robot' build argument 'catkin_cmake_args' from command line to 'None'
[0.167s] Level 5:colcon.colcon_core.verb:set package 'pmb2_robot' build argument 'catkin_skip_building_tests' from command line to 'False'
[0.167s] DEBUG:colcon.colcon_core.verb:Building package 'pmb2_robot' with the following arguments: {'ament_cmake_args': None, 'build_base': '/home/ravi/pmb2_foxy_ws/build/pmb2_robot', 'catkin_cmake_args': None, 'catkin_skip_building_tests': False, 'cmake_args': None, 'cmake_clean_cache': False, 'cmake_clean_first': False, 'cmake_force_configure': False, 'cmake_target': None, 'cmake_target_skip_unavailable': False, 'install_base': '/home/ravi/pmb2_foxy_ws/install/pmb2_robot', 'merge_install': False, 'path': '/home/ravi/pmb2_foxy_ws/src/pmb2_robot/pmb2_robot', 'symlink_install': False, 'test_result_base': None}
[0.168s] INFO:colcon.colcon_core.executor:Executing jobs using 'parallel' executor
[0.170s] DEBUG:colcon.colcon_parallel_executor.executor.parallel:run_until_complete
[0.170s] INFO:colcon.colcon_ros.task.ament_python.build:Building ROS package in '/home/ravi/pmb2_foxy_ws/src/launch_pal' with build type 'ament_python'
[0.170s] Level 1:colcon.colcon_core.shell:create_environment_hook('launch_pal', 'ament_prefix_path')
[0.173s] INFO:colcon.colcon_core.plugin_system:Skipping extension 'colcon_core.shell.bat': Not used on non-Windows systems
[0.173s] INFO:colcon.colcon_core.shell:Creating environment hook '/home/ravi/pmb2_foxy_ws/install/launch_pal/share/launch_pal/hook/ament_prefix_path.ps1'
[0.173s] INFO:colcon.colcon_core.shell:Creating environment descriptor '/home/ravi/pmb2_foxy_ws/install/launch_pal/share/launch_pal/hook/ament_prefix_path.dsv'
[0.173s] INFO:colcon.colcon_core.shell:Creating environment hook '/home/ravi/pmb2_foxy_ws/install/launch_pal/share/launch_pal/hook/ament_prefix_path.sh'
[0.174s] INFO:colcon.colcon_core.shell:Skip shell extension 'powershell' for command environment: Not usable outside of PowerShell
[0.174s] DEBUG:colcon.colcon_core.shell:Skip shell extension 'dsv' for command environment
[0.178s] INFO:colcon.colcon_ros.task.ament_cmake.build:Building ROS package in '/home/ravi/pmb2_foxy_ws/src/pmb2_robot/pmb2_controller_configuration' with build type 'ament_cmake'
[0.178s] INFO:colcon.colcon_cmake.task.cmake.build:Building CMake package in '/home/ravi/pmb2_foxy_ws/src/pmb2_robot/pmb2_controller_configuration'
[0.179s] INFO:colcon.colcon_core.shell:Skip shell extension 'powershell' for command environment: Not usable outside of PowerShell
[0.179s] DEBUG:colcon.colcon_core.shell:Skip shell extension 'dsv' for command environment
[0.302s] INFO:colcon.colcon_core.task.python.build:Building Python package in '/home/ravi/pmb2_foxy_ws/src/launch_pal'
[0.303s] INFO:colcon.colcon_core.shell:Skip shell extension 'powershell' for command environment: Not usable outside of PowerShell
[0.303s] DEBUG:colcon.colcon_core.shell:Skip shell extension 'dsv' for command environment
[0.311s] DEBUG:colcon.colcon_core.event_handler.log_command:Invoking command in '/home/ravi/pmb2_foxy_ws/build/pmb2_controller_configuration': CMAKE_PREFIX_PATH=${CMAKE_PREFIX_PATH}:/opt/ros/foxy /usr/bin/cmake --build /home/ravi/pmb2_foxy_ws/build/pmb2_controller_configuration -- -j8 -l8
[0.336s] DEBUG:colcon.colcon_core.event_handler.log_command:Invoked command in '/home/ravi/pmb2_foxy_ws/build/pmb2_controller_configuration' returned '0': CMAKE_PREFIX_PATH=${CMAKE_PREFIX_PATH}:/opt/ros/foxy /usr/bin/cmake --build /home/ravi/pmb2_foxy_ws/build/pmb2_controller_configuration -- -j8 -l8
[0.357s] DEBUG:colcon.colcon_core.event_handler.log_command:Invoking command in '/home/ravi/pmb2_foxy_ws/build/pmb2_controller_configuration': CMAKE_PREFIX_PATH=${CMAKE_PREFIX_PATH}:/opt/ros/foxy /usr/bin/cmake --install /home/ravi/pmb2_foxy_ws/build/pmb2_controller_configuration
[0.364s] Level 1:colcon.colcon_core.environment:create_environment_scripts_only(pmb2_controller_configuration)
[0.365s] DEBUG:colcon.colcon_core.event_handler.log_command:Invoked command in '/home/ravi/pmb2_foxy_ws/build/pmb2_controller_configuration' returned '0': CMAKE_PREFIX_PATH=${CMAKE_PREFIX_PATH}:/opt/ros/foxy /usr/bin/cmake --install /home/ravi/pmb2_foxy_ws/build/pmb2_controller_configuration
[0.368s] Level 1:colcon.colcon_core.environment:checking '/home/ravi/pmb2_foxy_ws/install/pmb2_controller_configuration' for CMake module files
[0.368s] Level 1:colcon.colcon_core.environment:checking '/home/ravi/pmb2_foxy_ws/install/pmb2_controller_configuration' for CMake config files
[0.368s] Level 1:colcon.colcon_core.shell:create_environment_hook('pmb2_controller_configuration', 'cmake_prefix_path')
[0.369s] INFO:colcon.colcon_core.shell:Creating environment hook '/home/ravi/pmb2_foxy_ws/install/pmb2_controller_configuration/share/pmb2_controller_configuration/hook/cmake_prefix_path.ps1'
[0.369s] INFO:colcon.colcon_core.shell:Creating environment descriptor '/home/ravi/pmb2_foxy_ws/install/pmb2_controller_configuration/share/pmb2_controller_configuration/hook/cmake_prefix_path.dsv'
[0.370s] INFO:colcon.colcon_core.shell:Creating environment hook '/home/ravi/pmb2_foxy_ws/install/pmb2_controller_configuration/share/pmb2_controller_configuration/hook/cmake_prefix_path.sh'
[0.370s] Level 1:colcon.colcon_core.environment:checking '/home/ravi/pmb2_foxy_ws/install/pmb2_controller_configuration/bin'
[0.370s] Level 1:colcon.colcon_core.environment:checking '/home/ravi/pmb2_foxy_ws/install/pmb2_controller_configuration/lib/pkgconfig/pmb2_controller_configuration.pc'
[0.370s] Level 1:colcon.colcon_core.environment:checking '/home/ravi/pmb2_foxy_ws/install/pmb2_controller_configuration/lib/python3.8/site-packages'
[0.370s] Level 1:colcon.colcon_core.environment:checking '/home/ravi/pmb2_foxy_ws/install/pmb2_controller_configuration/bin'
[0.371s] INFO:colcon.colcon_core.shell:Creating package script '/home/ravi/pmb2_foxy_ws/install/pmb2_controller_configuration/share/pmb2_controller_configuration/package.ps1'
[0.372s] INFO:colcon.colcon_core.shell:Creating package descriptor '/home/ravi/pmb2_foxy_ws/install/pmb2_controller_configuration/share/pmb2_controller_configuration/package.dsv'
[0.372s] INFO:colcon.colcon_core.shell:Creating package script '/home/ravi/pmb2_foxy_ws/install/pmb2_controller_configuration/share/pmb2_controller_configuration/package.sh'
[0.373s] INFO:colcon.colcon_core.shell:Creating package script '/home/ravi/pmb2_foxy_ws/install/pmb2_controller_configuration/share/pmb2_controller_configuration/package.bash'
[0.373s] INFO:colcon.colcon_core.shell:Creating package script '/home/ravi/pmb2_foxy_ws/install/pmb2_controller_configuration/share/pmb2_controller_configuration/package.zsh'
[0.373s] Level 1:colcon.colcon_core.environment:create_file_with_runtime_dependencies(/home/ravi/pmb2_foxy_ws/install/pmb2_controller_configuration/share/colcon-core/packages/pmb2_controller_configuration)
[0.387s] Level 1:colcon.colcon_core.environment:create_environment_scripts_only(pmb2_controller_configuration)
[0.389s] Level 1:colcon.colcon_core.environment:checking '/home/ravi/pmb2_foxy_ws/install/pmb2_controller_configuration' for CMake module files
[0.389s] Level 1:colcon.colcon_core.environment:checking '/home/ravi/pmb2_foxy_ws/install/pmb2_controller_configuration' for CMake config files
[0.389s] Level 1:colcon.colcon_core.shell:create_environment_hook('pmb2_controller_configuration', 'cmake_prefix_path')
[0.390s] INFO:colcon.colcon_core.shell:Creating environment hook '/home/ravi/pmb2_foxy_ws/install/pmb2_controller_configuration/share/pmb2_controller_configuration/hook/cmake_prefix_path.ps1'
[0.391s] INFO:colcon.colcon_core.shell:Creating environment descriptor '/home/ravi/pmb2_foxy_ws/install/pmb2_controller_configuration/share/pmb2_controller_configuration/hook/cmake_prefix_path.dsv'
[0.391s] INFO:colcon.colcon_core.shell:Creating environment hook '/home/ravi/pmb2_foxy_ws/install/pmb2_controller_configuration/share/pmb2_controller_configuration/hook/cmake_prefix_path.sh'
[0.391s] Level 1:colcon.colcon_core.environment:checking '/home/ravi/pmb2_foxy_ws/install/pmb2_controller_configuration/bin'
[0.391s] Level 1:colcon.colcon_core.environment:checking '/home/ravi/pmb2_foxy_ws/install/pmb2_controller_configuration/lib/pkgconfig/pmb2_controller_configuration.pc'
[0.391s] Level 1:colcon.colcon_core.environment:checking '/home/ravi/pmb2_foxy_ws/install/pmb2_controller_configuration/lib/python3.8/site-packages'
[0.391s] Level 1:colcon.colcon_core.environment:checking '/home/ravi/pmb2_foxy_ws/install/pmb2_controller_configuration/bin'
[0.392s] INFO:colcon.colcon_core.shell:Creating package script '/home/ravi/pmb2_foxy_ws/install/pmb2_controller_configuration/share/pmb2_controller_configuration/package.ps1'
[0.393s] INFO:colcon.colcon_core.shell:Creating package descriptor '/home/ravi/pmb2_foxy_ws/install/pmb2_controller_configuration/share/pmb2_controller_configuration/package.dsv'
[0.393s] INFO:colcon.colcon_core.shell:Creating package script '/home/ravi/pmb2_foxy_ws/install/pmb2_controller_configuration/share/pmb2_controller_configuration/package.sh'
[0.393s] INFO:colcon.colcon_core.shell:Creating package script '/home/ravi/pmb2_foxy_ws/install/pmb2_controller_configuration/share/pmb2_controller_configuration/package.bash'
[0.393s] INFO:colcon.colcon_core.shell:Creating package script '/home/ravi/pmb2_foxy_ws/install/pmb2_controller_configuration/share/pmb2_controller_configuration/package.zsh'
[0.393s] Level 1:colcon.colcon_core.environment:create_file_with_runtime_dependencies(/home/ravi/pmb2_foxy_ws/install/pmb2_controller_configuration/share/colcon-core/packages/pmb2_controller_configuration)
[0.526s] DEBUG:colcon.colcon_core.event_handler.log_command:Invoking command in '/home/ravi/pmb2_foxy_ws/src/launch_pal': PYTHONPATH=/home/ravi/pmb2_foxy_ws/install/launch_pal/lib/python3.8/site-packages:${PYTHONPATH} /usr/bin/python3 setup.py egg_info --egg-base ../../build/launch_pal build --build-base /home/ravi/pmb2_foxy_ws/build/launch_pal/build install --prefix /home/ravi/pmb2_foxy_ws/install/launch_pal --record /home/ravi/pmb2_foxy_ws/build/launch_pal/install.log --single-version-externally-managed
[0.680s] Level 1:colcon.colcon_core.environment:checking '/home/ravi/pmb2_foxy_ws/install/launch_pal' for CMake module files
[0.680s] DEBUG:colcon.colcon_core.event_handler.log_command:Invoked command in '/home/ravi/pmb2_foxy_ws/src/launch_pal' returned '0': PYTHONPATH=/home/ravi/pmb2_foxy_ws/install/launch_pal/lib/python3.8/site-packages:${PYTHONPATH} /usr/bin/python3 setup.py egg_info --egg-base ../../build/launch_pal build --build-base /home/ravi/pmb2_foxy_ws/build/launch_pal/build install --prefix /home/ravi/pmb2_foxy_ws/install/launch_pal --record /home/ravi/pmb2_foxy_ws/build/launch_pal/install.log --single-version-externally-managed
[0.680s] Level 1:colcon.colcon_core.environment:checking '/home/ravi/pmb2_foxy_ws/install/launch_pal' for CMake config files
[0.681s] Level 1:colcon.colcon_core.environment:checking '/home/ravi/pmb2_foxy_ws/install/launch_pal/lib'
[0.681s] Level 1:colcon.colcon_core.environment:checking '/home/ravi/pmb2_foxy_ws/install/launch_pal/bin'
[0.681s] Level 1:colcon.colcon_core.environment:checking '/home/ravi/pmb2_foxy_ws/install/launch_pal/lib/pkgconfig/launch_pal.pc'
[0.681s] Level 1:colcon.colcon_core.environment:checking '/home/ravi/pmb2_foxy_ws/install/launch_pal/lib/python3.8/site-packages'
[0.681s] Level 1:colcon.colcon_core.shell:create_environment_hook('launch_pal', 'pythonpath')
[0.682s] INFO:colcon.colcon_core.shell:Creating environment hook '/home/ravi/pmb2_foxy_ws/install/launch_pal/share/launch_pal/hook/pythonpath.ps1'
[0.682s] INFO:colcon.colcon_core.shell:Creating environment descriptor '/home/ravi/pmb2_foxy_ws/install/launch_pal/share/launch_pal/hook/pythonpath.dsv'
[0.682s] INFO:colcon.colcon_core.shell:Creating environment hook '/home/ravi/pmb2_foxy_ws/install/launch_pal/share/launch_pal/hook/pythonpath.sh'
[0.683s] Level 1:colcon.colcon_core.environment:checking '/home/ravi/pmb2_foxy_ws/install/launch_pal/bin'
[0.683s] Level 1:colcon.colcon_core.environment:create_environment_scripts_only(launch_pal)
[0.683s] INFO:colcon.colcon_core.shell:Creating package script '/home/ravi/pmb2_foxy_ws/install/launch_pal/share/launch_pal/package.ps1'
[0.684s] INFO:colcon.colcon_core.shell:Creating package descriptor '/home/ravi/pmb2_foxy_ws/install/launch_pal/share/launch_pal/package.dsv'
[0.684s] INFO:colcon.colcon_core.shell:Creating package script '/home/ravi/pmb2_foxy_ws/install/launch_pal/share/launch_pal/package.sh'
[0.684s] INFO:colcon.colcon_core.shell:Creating package script '/home/ravi/pmb2_foxy_ws/install/launch_pal/share/launch_pal/package.bash'
[0.684s] INFO:colcon.colcon_core.shell:Creating package script '/home/ravi/pmb2_foxy_ws/install/launch_pal/share/launch_pal/package.zsh'
[0.684s] Level 1:colcon.colcon_core.environment:create_file_with_runtime_dependencies(/home/ravi/pmb2_foxy_ws/install/launch_pal/share/colcon-core/packages/launch_pal)
[0.685s] INFO:colcon.colcon_ros.task.ament_cmake.build:Building ROS package in '/home/ravi/pmb2_foxy_ws/src/pmb2_robot/pmb2_description' with build type 'ament_cmake'
[0.685s] INFO:colcon.colcon_cmake.task.cmake.build:Building CMake package in '/home/ravi/pmb2_foxy_ws/src/pmb2_robot/pmb2_description'
[0.686s] INFO:colcon.colcon_core.shell:Skip shell extension 'powershell' for command environment: Not usable outside of PowerShell
[0.686s] DEBUG:colcon.colcon_core.shell:Skip shell extension 'dsv' for command environment
[0.694s] DEBUG:colcon.colcon_core.event_handler.log_command:Invoking command in '/home/ravi/pmb2_foxy_ws/build/pmb2_description': AMENT_PREFIX_PATH=/home/ravi/pmb2_foxy_ws/install/launch_pal:${AMENT_PREFIX_PATH} CMAKE_PREFIX_PATH=/home/ravi/pmb2_foxy_ws/install/pmb2_controller_configuration:/home/ravi/pmb2_foxy_ws/install/pmb2_robot:/home/ravi/pmb2_foxy_ws/install/pmb2_bringup:/home/ravi/pmb2_foxy_ws/install/pmb2_description:/opt/ros/foxy PYTHONPATH=/home/ravi/pmb2_foxy_ws/install/launch_pal/lib/python3.8/site-packages:${PYTHONPATH} /usr/bin/cmake --build /home/ravi/pmb2_foxy_ws/build/pmb2_description -- -j8 -l8
[0.720s] DEBUG:colcon.colcon_core.event_handler.log_command:Invoked command in '/home/ravi/pmb2_foxy_ws/build/pmb2_description' returned '0': AMENT_PREFIX_PATH=/home/ravi/pmb2_foxy_ws/install/launch_pal:${AMENT_PREFIX_PATH} CMAKE_PREFIX_PATH=/home/ravi/pmb2_foxy_ws/install/pmb2_controller_configuration:/home/ravi/pmb2_foxy_ws/install/pmb2_robot:/home/ravi/pmb2_foxy_ws/install/pmb2_bringup:/home/ravi/pmb2_foxy_ws/install/pmb2_description:/opt/ros/foxy PYTHONPATH=/home/ravi/pmb2_foxy_ws/install/launch_pal/lib/python3.8/site-packages:${PYTHONPATH} /usr/bin/cmake --build /home/ravi/pmb2_foxy_ws/build/pmb2_description -- -j8 -l8
[0.732s] DEBUG:colcon.colcon_core.event_handler.log_command:Invoking command in '/home/ravi/pmb2_foxy_ws/build/pmb2_description': AMENT_PREFIX_PATH=/home/ravi/pmb2_foxy_ws/install/launch_pal:${AMENT_PREFIX_PATH} CMAKE_PREFIX_PATH=/home/ravi/pmb2_foxy_ws/install/pmb2_controller_configuration:/home/ravi/pmb2_foxy_ws/install/pmb2_robot:/home/ravi/pmb2_foxy_ws/install/pmb2_bringup:/home/ravi/pmb2_foxy_ws/install/pmb2_description:/opt/ros/foxy PYTHONPATH=/home/ravi/pmb2_foxy_ws/install/launch_pal/lib/python3.8/site-packages:${PYTHONPATH} /usr/bin/cmake --install /home/ravi/pmb2_foxy_ws/build/pmb2_description
[0.765s] Level 1:colcon.colcon_core.environment:create_environment_scripts_only(pmb2_description)
[0.766s] Level 1:colcon.colcon_core.environment:checking '/home/ravi/pmb2_foxy_ws/install/pmb2_description' for CMake module files
[0.768s] DEBUG:colcon.colcon_core.event_handler.log_command:Invoked command in '/home/ravi/pmb2_foxy_ws/build/pmb2_description' returned '0': AMENT_PREFIX_PATH=/home/ravi/pmb2_foxy_ws/install/launch_pal:${AMENT_PREFIX_PATH} CMAKE_PREFIX_PATH=/home/ravi/pmb2_foxy_ws/install/pmb2_controller_configuration:/home/ravi/pmb2_foxy_ws/install/pmb2_robot:/home/ravi/pmb2_foxy_ws/install/pmb2_bringup:/home/ravi/pmb2_foxy_ws/install/pmb2_description:/opt/ros/foxy PYTHONPATH=/home/ravi/pmb2_foxy_ws/install/launch_pal/lib/python3.8/site-packages:${PYTHONPATH} /usr/bin/cmake --install /home/ravi/pmb2_foxy_ws/build/pmb2_description
[0.768s] Level 1:colcon.colcon_core.environment:checking '/home/ravi/pmb2_foxy_ws/install/pmb2_description' for CMake config files
[0.769s] Level 1:colcon.colcon_core.shell:create_environment_hook('pmb2_description', 'cmake_prefix_path')
[0.770s] INFO:colcon.colcon_core.shell:Creating environment hook '/home/ravi/pmb2_foxy_ws/install/pmb2_description/share/pmb2_description/hook/cmake_prefix_path.ps1'
[0.770s] INFO:colcon.colcon_core.shell:Creating environment descriptor '/home/ravi/pmb2_foxy_ws/install/pmb2_description/share/pmb2_description/hook/cmake_prefix_path.dsv'
[0.770s] INFO:colcon.colcon_core.shell:Creating environment hook '/home/ravi/pmb2_foxy_ws/install/pmb2_description/share/pmb2_description/hook/cmake_prefix_path.sh'
[0.771s] Level 1:colcon.colcon_core.environment:checking '/home/ravi/pmb2_foxy_ws/install/pmb2_description/lib'
[0.771s] Level 1:colcon.colcon_core.environment:checking '/home/ravi/pmb2_foxy_ws/install/pmb2_description/bin'
[0.771s] Level 1:colcon.colcon_core.environment:checking '/home/ravi/pmb2_foxy_ws/install/pmb2_description/lib/pkgconfig/pmb2_description.pc'
[0.771s] Level 1:colcon.colcon_core.environment:checking '/home/ravi/pmb2_foxy_ws/install/pmb2_description/lib/python3.8/site-packages'
[0.771s] Level 1:colcon.colcon_core.shell:create_environment_hook('pmb2_description', 'pythonpath')
[0.772s] INFO:colcon.colcon_core.shell:Creating environment hook '/home/ravi/pmb2_foxy_ws/install/pmb2_description/share/pmb2_description/hook/pythonpath.ps1'
[0.772s] INFO:colcon.colcon_core.shell:Creating environment descriptor '/home/ravi/pmb2_foxy_ws/install/pmb2_description/share/pmb2_description/hook/pythonpath.dsv'
[0.772s] INFO:colcon.colcon_core.shell:Creating environment hook '/home/ravi/pmb2_foxy_ws/install/pmb2_description/share/pmb2_description/hook/pythonpath.sh'
[0.773s] Level 1:colcon.colcon_core.environment:checking '/home/ravi/pmb2_foxy_ws/install/pmb2_description/bin'
[0.773s] INFO:colcon.colcon_core.shell:Creating package script '/home/ravi/pmb2_foxy_ws/install/pmb2_description/share/pmb2_description/package.ps1'
[0.774s] INFO:colcon.colcon_core.shell:Creating package descriptor '/home/ravi/pmb2_foxy_ws/install/pmb2_description/share/pmb2_description/package.dsv'
[0.774s] INFO:colcon.colcon_core.shell:Creating package script '/home/ravi/pmb2_foxy_ws/install/pmb2_description/share/pmb2_description/package.sh'
[0.774s] INFO:colcon.colcon_core.shell:Creating package script '/home/ravi/pmb2_foxy_ws/install/pmb2_description/share/pmb2_description/package.bash'
[0.774s] INFO:colcon.colcon_core.shell:Creating package script '/home/ravi/pmb2_foxy_ws/install/pmb2_description/share/pmb2_description/package.zsh'
[0.775s] Level 1:colcon.colcon_core.environment:create_file_with_runtime_dependencies(/home/ravi/pmb2_foxy_ws/install/pmb2_description/share/colcon-core/packages/pmb2_description)
[0.788s] Level 1:colcon.colcon_core.environment:create_environment_scripts_only(pmb2_description)
[0.790s] Level 1:colcon.colcon_core.environment:checking '/home/ravi/pmb2_foxy_ws/install/pmb2_description' for CMake module files
[0.790s] Level 1:colcon.colcon_core.environment:checking '/home/ravi/pmb2_foxy_ws/install/pmb2_description' for CMake config files
[0.791s] Level 1:colcon.colcon_core.shell:create_environment_hook('pmb2_description', 'cmake_prefix_path')
[0.791s] INFO:colcon.colcon_core.shell:Creating environment hook '/home/ravi/pmb2_foxy_ws/install/pmb2_description/share/pmb2_description/hook/cmake_prefix_path.ps1'
[0.792s] INFO:colcon.colcon_core.shell:Creating environment descriptor '/home/ravi/pmb2_foxy_ws/install/pmb2_description/share/pmb2_description/hook/cmake_prefix_path.dsv'
[0.792s] INFO:colcon.colcon_core.shell:Creating environment hook '/home/ravi/pmb2_foxy_ws/install/pmb2_description/share/pmb2_description/hook/cmake_prefix_path.sh'
[0.792s] Level 1:colcon.colcon_core.environment:checking '/home/ravi/pmb2_foxy_ws/install/pmb2_description/lib'
[0.792s] Level 1:colcon.colcon_core.environment:checking '/home/ravi/pmb2_foxy_ws/install/pmb2_description/bin'
[0.792s] Level 1:colcon.colcon_core.environment:checking '/home/ravi/pmb2_foxy_ws/install/pmb2_description/lib/pkgconfig/pmb2_description.pc'
[0.793s] Level 1:colcon.colcon_core.environment:checking '/home/ravi/pmb2_foxy_ws/install/pmb2_description/lib/python3.8/site-packages'
[0.793s] Level 1:colcon.colcon_core.shell:create_environment_hook('pmb2_description', 'pythonpath')
[0.793s] INFO:colcon.colcon_core.shell:Creating environment hook '/home/ravi/pmb2_foxy_ws/install/pmb2_description/share/pmb2_description/hook/pythonpath.ps1'
[0.794s] INFO:colcon.colcon_core.shell:Creating environment descriptor '/home/ravi/pmb2_foxy_ws/install/pmb2_description/share/pmb2_description/hook/pythonpath.dsv'
[0.794s] INFO:colcon.colcon_core.shell:Creating environment hook '/home/ravi/pmb2_foxy_ws/install/pmb2_description/share/pmb2_description/hook/pythonpath.sh'
[0.794s] Level 1:colcon.colcon_core.environment:checking '/home/ravi/pmb2_foxy_ws/install/pmb2_description/bin'
[0.795s] INFO:colcon.colcon_core.shell:Creating package script '/home/ravi/pmb2_foxy_ws/install/pmb2_description/share/pmb2_description/package.ps1'
[0.796s] INFO:colcon.colcon_core.shell:Creating package descriptor '/home/ravi/pmb2_foxy_ws/install/pmb2_description/share/pmb2_description/package.dsv'
[0.796s] INFO:colcon.colcon_core.shell:Creating package script '/home/ravi/pmb2_foxy_ws/install/pmb2_description/share/pmb2_description/package.sh'
[0.796s] INFO:colcon.colcon_core.shell:Creating package script '/home/ravi/pmb2_foxy_ws/install/pmb2_description/share/pmb2_description/package.bash'
[0.796s] INFO:colcon.colcon_core.shell:Creating package script '/home/ravi/pmb2_foxy_ws/install/pmb2_description/share/pmb2_description/package.zsh'
[0.797s] Level 1:colcon.colcon_core.environment:create_file_with_runtime_dependencies(/home/ravi/pmb2_foxy_ws/install/pmb2_description/share/colcon-core/packages/pmb2_description)
[0.797s] INFO:colcon.colcon_ros.task.ament_cmake.build:Building ROS package in '/home/ravi/pmb2_foxy_ws/src/pmb2_robot/pmb2_bringup' with build type 'ament_cmake'
[0.797s] INFO:colcon.colcon_cmake.task.cmake.build:Building CMake package in '/home/ravi/pmb2_foxy_ws/src/pmb2_robot/pmb2_bringup'
[0.798s] INFO:colcon.colcon_core.shell:Skip shell extension 'powershell' for command environment: Not usable outside of PowerShell
[0.798s] DEBUG:colcon.colcon_core.shell:Skip shell extension 'dsv' for command environment
[0.806s] DEBUG:colcon.colcon_core.event_handler.log_command:Invoking command in '/home/ravi/pmb2_foxy_ws/build/pmb2_bringup': AMENT_PREFIX_PATH=/home/ravi/pmb2_foxy_ws/install/launch_pal:${AMENT_PREFIX_PATH} CMAKE_PREFIX_PATH=/home/ravi/pmb2_foxy_ws/install/pmb2_description:/home/ravi/pmb2_foxy_ws/install/pmb2_controller_configuration:/home/ravi/pmb2_foxy_ws/install/pmb2_robot:/home/ravi/pmb2_foxy_ws/install/pmb2_bringup:/opt/ros/foxy PYTHONPATH=/home/ravi/pmb2_foxy_ws/install/pmb2_description/lib/python3.8/site-packages:/home/ravi/pmb2_foxy_ws/install/launch_pal/lib/python3.8/site-packages:/opt/ros/foxy/lib/python3.8/site-packages /usr/bin/cmake --build /home/ravi/pmb2_foxy_ws/build/pmb2_bringup -- -j8 -l8
[0.830s] DEBUG:colcon.colcon_core.event_handler.log_command:Invoked command in '/home/ravi/pmb2_foxy_ws/build/pmb2_bringup' returned '0': AMENT_PREFIX_PATH=/home/ravi/pmb2_foxy_ws/install/launch_pal:${AMENT_PREFIX_PATH} CMAKE_PREFIX_PATH=/home/ravi/pmb2_foxy_ws/install/pmb2_description:/home/ravi/pmb2_foxy_ws/install/pmb2_controller_configuration:/home/ravi/pmb2_foxy_ws/install/pmb2_robot:/home/ravi/pmb2_foxy_ws/install/pmb2_bringup:/opt/ros/foxy PYTHONPATH=/home/ravi/pmb2_foxy_ws/install/pmb2_description/lib/python3.8/site-packages:/home/ravi/pmb2_foxy_ws/install/launch_pal/lib/python3.8/site-packages:/opt/ros/foxy/lib/python3.8/site-packages /usr/bin/cmake --build /home/ravi/pmb2_foxy_ws/build/pmb2_bringup -- -j8 -l8
[0.846s] DEBUG:colcon.colcon_core.event_handler.log_command:Invoking command in '/home/ravi/pmb2_foxy_ws/build/pmb2_bringup': AMENT_PREFIX_PATH=/home/ravi/pmb2_foxy_ws/install/launch_pal:${AMENT_PREFIX_PATH} CMAKE_PREFIX_PATH=/home/ravi/pmb2_foxy_ws/install/pmb2_description:/home/ravi/pmb2_foxy_ws/install/pmb2_controller_configuration:/home/ravi/pmb2_foxy_ws/install/pmb2_robot:/home/ravi/pmb2_foxy_ws/install/pmb2_bringup:/opt/ros/foxy PYTHONPATH=/home/ravi/pmb2_foxy_ws/install/pmb2_description/lib/python3.8/site-packages:/home/ravi/pmb2_foxy_ws/install/launch_pal/lib/python3.8/site-packages:/opt/ros/foxy/lib/python3.8/site-packages /usr/bin/cmake --install /home/ravi/pmb2_foxy_ws/build/pmb2_bringup
[0.857s] Level 1:colcon.colcon_core.environment:create_environment_scripts_only(pmb2_bringup)
[0.858s] Level 1:colcon.colcon_core.environment:checking '/home/ravi/pmb2_foxy_ws/install/pmb2_bringup' for CMake module files
[0.859s] DEBUG:colcon.colcon_core.event_handler.log_command:Invoked command in '/home/ravi/pmb2_foxy_ws/build/pmb2_bringup' returned '0': AMENT_PREFIX_PATH=/home/ravi/pmb2_foxy_ws/install/launch_pal:${AMENT_PREFIX_PATH} CMAKE_PREFIX_PATH=/home/ravi/pmb2_foxy_ws/install/pmb2_description:/home/ravi/pmb2_foxy_ws/install/pmb2_controller_configuration:/home/ravi/pmb2_foxy_ws/install/pmb2_robot:/home/ravi/pmb2_foxy_ws/install/pmb2_bringup:/opt/ros/foxy PYTHONPATH=/home/ravi/pmb2_foxy_ws/install/pmb2_description/lib/python3.8/site-packages:/home/ravi/pmb2_foxy_ws/install/launch_pal/lib/python3.8/site-packages:/opt/ros/foxy/lib/python3.8/site-packages /usr/bin/cmake --install /home/ravi/pmb2_foxy_ws/build/pmb2_bringup
[0.859s] Level 1:colcon.colcon_core.environment:checking '/home/ravi/pmb2_foxy_ws/install/pmb2_bringup' for CMake config files
[0.859s] Level 1:colcon.colcon_core.shell:create_environment_hook('pmb2_bringup', 'cmake_prefix_path')
[0.860s] INFO:colcon.colcon_core.shell:Creating environment hook '/home/ravi/pmb2_foxy_ws/install/pmb2_bringup/share/pmb2_bringup/hook/cmake_prefix_path.ps1'
[0.861s] INFO:colcon.colcon_core.shell:Creating environment descriptor '/home/ravi/pmb2_foxy_ws/install/pmb2_bringup/share/pmb2_bringup/hook/cmake_prefix_path.dsv'
[0.861s] INFO:colcon.colcon_core.shell:Creating environment hook '/home/ravi/pmb2_foxy_ws/install/pmb2_bringup/share/pmb2_bringup/hook/cmake_prefix_path.sh'
[0.861s] Level 1:colcon.colcon_core.environment:checking '/home/ravi/pmb2_foxy_ws/install/pmb2_bringup/bin'
[0.861s] Level 1:colcon.colcon_core.environment:checking '/home/ravi/pmb2_foxy_ws/install/pmb2_bringup/lib/pkgconfig/pmb2_bringup.pc'
[0.861s] Level 1:colcon.colcon_core.environment:checking '/home/ravi/pmb2_foxy_ws/install/pmb2_bringup/lib/python3.8/site-packages'
[0.862s] Level 1:colcon.colcon_core.environment:checking '/home/ravi/pmb2_foxy_ws/install/pmb2_bringup/bin'
[0.862s] INFO:colcon.colcon_core.shell:Creating package script '/home/ravi/pmb2_foxy_ws/install/pmb2_bringup/share/pmb2_bringup/package.ps1'
[0.863s] INFO:colcon.colcon_core.shell:Creating package descriptor '/home/ravi/pmb2_foxy_ws/install/pmb2_bringup/share/pmb2_bringup/package.dsv'
[0.863s] INFO:colcon.colcon_core.shell:Creating package script '/home/ravi/pmb2_foxy_ws/install/pmb2_bringup/share/pmb2_bringup/package.sh'
[0.863s] INFO:colcon.colcon_core.shell:Creating package script '/home/ravi/pmb2_foxy_ws/install/pmb2_bringup/share/pmb2_bringup/package.bash'
[0.863s] INFO:colcon.colcon_core.shell:Creating package script '/home/ravi/pmb2_foxy_ws/install/pmb2_bringup/share/pmb2_bringup/package.zsh'
[0.864s] Level 1:colcon.colcon_core.environment:create_file_with_runtime_dependencies(/home/ravi/pmb2_foxy_ws/install/pmb2_bringup/share/colcon-core/packages/pmb2_bringup)
[0.878s] Level 1:colcon.colcon_core.environment:create_environment_scripts_only(pmb2_bringup)
[0.880s] Level 1:colcon.colcon_core.environment:checking '/home/ravi/pmb2_foxy_ws/install/pmb2_bringup' for CMake module files
[0.880s] Level 1:colcon.colcon_core.environment:checking '/home/ravi/pmb2_foxy_ws/install/pmb2_bringup' for CMake config files
[0.880s] Level 1:colcon.colcon_core.shell:create_environment_hook('pmb2_bringup', 'cmake_prefix_path')
[0.881s] INFO:colcon.colcon_core.shell:Creating environment hook '/home/ravi/pmb2_foxy_ws/install/pmb2_bringup/share/pmb2_bringup/hook/cmake_prefix_path.ps1'
[0.882s] INFO:colcon.colcon_core.shell:Creating environment descriptor '/home/ravi/pmb2_foxy_ws/install/pmb2_bringup/share/pmb2_bringup/hook/cmake_prefix_path.dsv'
[0.882s] INFO:colcon.colcon_core.shell:Creating environment hook '/home/ravi/pmb2_foxy_ws/install/pmb2_bringup/share/pmb2_bringup/hook/cmake_prefix_path.sh'
[0.882s] Level 1:colcon.colcon_core.environment:checking '/home/ravi/pmb2_foxy_ws/install/pmb2_bringup/bin'
[0.882s] Level 1:colcon.colcon_core.environment:checking '/home/ravi/pmb2_foxy_ws/install/pmb2_bringup/lib/pkgconfig/pmb2_bringup.pc'
[0.882s] Level 1:colcon.colcon_core.environment:checking '/home/ravi/pmb2_foxy_ws/install/pmb2_bringup/lib/python3.8/site-packages'
[0.882s] Level 1:colcon.colcon_core.environment:checking '/home/ravi/pmb2_foxy_ws/install/pmb2_bringup/bin'
[0.883s] INFO:colcon.colcon_core.shell:Creating package script '/home/ravi/pmb2_foxy_ws/install/pmb2_bringup/share/pmb2_bringup/package.ps1'
[0.884s] INFO:colcon.colcon_core.shell:Creating package descriptor '/home/ravi/pmb2_foxy_ws/install/pmb2_bringup/share/pmb2_bringup/package.dsv'
[0.884s] INFO:colcon.colcon_core.shell:Creating package script '/home/ravi/pmb2_foxy_ws/install/pmb2_bringup/share/pmb2_bringup/package.sh'
[0.884s] INFO:colcon.colcon_core.shell:Creating package script '/home/ravi/pmb2_foxy_ws/install/pmb2_bringup/share/pmb2_bringup/package.bash'
[0.884s] INFO:colcon.colcon_core.shell:Creating package script '/home/ravi/pmb2_foxy_ws/install/pmb2_bringup/share/pmb2_bringup/package.zsh'
[0.885s] Level 1:colcon.colcon_core.environment:create_file_with_runtime_dependencies(/home/ravi/pmb2_foxy_ws/install/pmb2_bringup/share/colcon-core/packages/pmb2_bringup)
[0.885s] INFO:colcon.colcon_ros.task.ament_cmake.build:Building ROS package in '/home/ravi/pmb2_foxy_ws/src/pmb2_robot/pmb2_robot' with build type 'ament_cmake'
[0.885s] INFO:colcon.colcon_cmake.task.cmake.build:Building CMake package in '/home/ravi/pmb2_foxy_ws/src/pmb2_robot/pmb2_robot'
[0.886s] INFO:colcon.colcon_core.shell:Skip shell extension 'powershell' for command environment: Not usable outside of PowerShell
[0.886s] DEBUG:colcon.colcon_core.shell:Skip shell extension 'dsv' for command environment
[0.895s] DEBUG:colcon.colcon_core.event_handler.log_command:Invoking command in '/home/ravi/pmb2_foxy_ws/build/pmb2_robot': AMENT_PREFIX_PATH=/home/ravi/pmb2_foxy_ws/install/launch_pal:${AMENT_PREFIX_PATH} CMAKE_PREFIX_PATH=/home/ravi/pmb2_foxy_ws/install/pmb2_bringup:/home/ravi/pmb2_foxy_ws/install/pmb2_description:/home/ravi/pmb2_foxy_ws/install/pmb2_controller_configuration:/home/ravi/pmb2_foxy_ws/install/pmb2_robot:/opt/ros/foxy PYTHONPATH=/home/ravi/pmb2_foxy_ws/install/pmb2_description/lib/python3.8/site-packages:/home/ravi/pmb2_foxy_ws/install/launch_pal/lib/python3.8/site-packages:/opt/ros/foxy/lib/python3.8/site-packages /usr/bin/cmake --build /home/ravi/pmb2_foxy_ws/build/pmb2_robot -- -j8 -l8
[0.921s] DEBUG:colcon.colcon_core.event_handler.log_command:Invoked command in '/home/ravi/pmb2_foxy_ws/build/pmb2_robot' returned '0': AMENT_PREFIX_PATH=/home/ravi/pmb2_foxy_ws/install/launch_pal:${AMENT_PREFIX_PATH} CMAKE_PREFIX_PATH=/home/ravi/pmb2_foxy_ws/install/pmb2_bringup:/home/ravi/pmb2_foxy_ws/install/pmb2_description:/home/ravi/pmb2_foxy_ws/install/pmb2_controller_configuration:/home/ravi/pmb2_foxy_ws/install/pmb2_robot:/opt/ros/foxy PYTHONPATH=/home/ravi/pmb2_foxy_ws/install/pmb2_description/lib/python3.8/site-packages:/home/ravi/pmb2_foxy_ws/install/launch_pal/lib/python3.8/site-packages:/opt/ros/foxy/lib/python3.8/site-packages /usr/bin/cmake --build /home/ravi/pmb2_foxy_ws/build/pmb2_robot -- -j8 -l8
[0.933s] DEBUG:colcon.colcon_core.event_handler.log_command:Invoking command in '/home/ravi/pmb2_foxy_ws/build/pmb2_robot': AMENT_PREFIX_PATH=/home/ravi/pmb2_foxy_ws/install/launch_pal:${AMENT_PREFIX_PATH} CMAKE_PREFIX_PATH=/home/ravi/pmb2_foxy_ws/install/pmb2_bringup:/home/ravi/pmb2_foxy_ws/install/pmb2_description:/home/ravi/pmb2_foxy_ws/install/pmb2_controller_configuration:/home/ravi/pmb2_foxy_ws/install/pmb2_robot:/opt/ros/foxy PYTHONPATH=/home/ravi/pmb2_foxy_ws/install/pmb2_description/lib/python3.8/site-packages:/home/ravi/pmb2_foxy_ws/install/launch_pal/lib/python3.8/site-packages:/opt/ros/foxy/lib/python3.8/site-packages /usr/bin/cmake --install /home/ravi/pmb2_foxy_ws/build/pmb2_robot
[0.940s] Level 1:colcon.colcon_core.environment:create_environment_scripts_only(pmb2_robot)
[0.941s] Level 1:colcon.colcon_core.environment:checking '/home/ravi/pmb2_foxy_ws/install/pmb2_robot' for CMake module files
[0.942s] DEBUG:colcon.colcon_core.event_handler.log_command:Invoked command in '/home/ravi/pmb2_foxy_ws/build/pmb2_robot' returned '0': AMENT_PREFIX_PATH=/home/ravi/pmb2_foxy_ws/install/launch_pal:${AMENT_PREFIX_PATH} CMAKE_PREFIX_PATH=/home/ravi/pmb2_foxy_ws/install/pmb2_bringup:/home/ravi/pmb2_foxy_ws/install/pmb2_description:/home/ravi/pmb2_foxy_ws/install/pmb2_controller_configuration:/home/ravi/pmb2_foxy_ws/install/pmb2_robot:/opt/ros/foxy PYTHONPATH=/home/ravi/pmb2_foxy_ws/install/pmb2_description/lib/python3.8/site-packages:/home/ravi/pmb2_foxy_ws/install/launch_pal/lib/python3.8/site-packages:/opt/ros/foxy/lib/python3.8/site-packages /usr/bin/cmake --install /home/ravi/pmb2_foxy_ws/build/pmb2_robot
[0.942s] Level 1:colcon.colcon_core.environment:checking '/home/ravi/pmb2_foxy_ws/install/pmb2_robot' for CMake config files
[0.942s] Level 1:colcon.colcon_core.shell:create_environment_hook('pmb2_robot', 'cmake_prefix_path')
[0.943s] INFO:colcon.colcon_core.shell:Creating environment hook '/home/ravi/pmb2_foxy_ws/install/pmb2_robot/share/pmb2_robot/hook/cmake_prefix_path.ps1'
[0.943s] INFO:colcon.colcon_core.shell:Creating environment descriptor '/home/ravi/pmb2_foxy_ws/install/pmb2_robot/share/pmb2_robot/hook/cmake_prefix_path.dsv'
[0.943s] INFO:colcon.colcon_core.shell:Creating environment hook '/home/ravi/pmb2_foxy_ws/install/pmb2_robot/share/pmb2_robot/hook/cmake_prefix_path.sh'
[0.944s] Level 1:colcon.colcon_core.environment:checking '/home/ravi/pmb2_foxy_ws/install/pmb2_robot/bin'
[0.944s] Level 1:colcon.colcon_core.environment:checking '/home/ravi/pmb2_foxy_ws/install/pmb2_robot/lib/pkgconfig/pmb2_robot.pc'
[0.944s] Level 1:colcon.colcon_core.environment:checking '/home/ravi/pmb2_foxy_ws/install/pmb2_robot/lib/python3.8/site-packages'
[0.944s] Level 1:colcon.colcon_core.environment:checking '/home/ravi/pmb2_foxy_ws/install/pmb2_robot/bin'
[0.945s] INFO:colcon.colcon_core.shell:Creating package script '/home/ravi/pmb2_foxy_ws/install/pmb2_robot/share/pmb2_robot/package.ps1'
[0.945s] INFO:colcon.colcon_core.shell:Creating package descriptor '/home/ravi/pmb2_foxy_ws/install/pmb2_robot/share/pmb2_robot/package.dsv'
[0.945s] INFO:colcon.colcon_core.shell:Creating package script '/home/ravi/pmb2_foxy_ws/install/pmb2_robot/share/pmb2_robot/package.sh'
[0.946s] INFO:colcon.colcon_core.shell:Creating package script '/home/ravi/pmb2_foxy_ws/install/pmb2_robot/share/pmb2_robot/package.bash'
[0.946s] INFO:colcon.colcon_core.shell:Creating package script '/home/ravi/pmb2_foxy_ws/install/pmb2_robot/share/pmb2_robot/package.zsh'
[0.946s] Level 1:colcon.colcon_core.environment:create_file_with_runtime_dependencies(/home/ravi/pmb2_foxy_ws/install/pmb2_robot/share/colcon-core/packages/pmb2_robot)
[0.962s] Level 1:colcon.colcon_core.environment:create_environment_scripts_only(pmb2_robot)
[0.963s] Level 1:colcon.colcon_core.environment:checking '/home/ravi/pmb2_foxy_ws/install/pmb2_robot' for CMake module files
[0.964s] Level 1:colcon.colcon_core.environment:checking '/home/ravi/pmb2_foxy_ws/install/pmb2_robot' for CMake config files
[0.964s] Level 1:colcon.colcon_core.shell:create_environment_hook('pmb2_robot', 'cmake_prefix_path')
[0.965s] INFO:colcon.colcon_core.shell:Creating environment hook '/home/ravi/pmb2_foxy_ws/install/pmb2_robot/share/pmb2_robot/hook/cmake_prefix_path.ps1'
[0.965s] INFO:colcon.colcon_core.shell:Creating environment descriptor '/home/ravi/pmb2_foxy_ws/install/pmb2_robot/share/pmb2_robot/hook/cmake_prefix_path.dsv'
[0.966s] INFO:colcon.colcon_core.shell:Creating environment hook '/home/ravi/pmb2_foxy_ws/install/pmb2_robot/share/pmb2_robot/hook/cmake_prefix_path.sh'
[0.966s] Level 1:colcon.colcon_core.environment:checking '/home/ravi/pmb2_foxy_ws/install/pmb2_robot/bin'
[0.966s] Level 1:colcon.colcon_core.environment:checking '/home/ravi/pmb2_foxy_ws/install/pmb2_robot/lib/pkgconfig/pmb2_robot.pc'
[0.966s] Level 1:colcon.colcon_core.environment:checking '/home/ravi/pmb2_foxy_ws/install/pmb2_robot/lib/python3.8/site-packages'
[0.967s] Level 1:colcon.colcon_core.environment:checking '/home/ravi/pmb2_foxy_ws/install/pmb2_robot/bin'
[0.968s] INFO:colcon.colcon_core.shell:Creating package script '/home/ravi/pmb2_foxy_ws/install/pmb2_robot/share/pmb2_robot/package.ps1'
[0.968s] INFO:colcon.colcon_core.shell:Creating package descriptor '/home/ravi/pmb2_foxy_ws/install/pmb2_robot/share/pmb2_robot/package.dsv'
[0.968s] INFO:colcon.colcon_core.shell:Creating package script '/home/ravi/pmb2_foxy_ws/install/pmb2_robot/share/pmb2_robot/package.sh'
[0.969s] INFO:colcon.colcon_core.shell:Creating package script '/home/ravi/pmb2_foxy_ws/install/pmb2_robot/share/pmb2_robot/package.bash'
[0.969s] INFO:colcon.colcon_core.shell:Creating package script '/home/ravi/pmb2_foxy_ws/install/pmb2_robot/share/pmb2_robot/package.zsh'
[0.969s] Level 1:colcon.colcon_core.environment:create_file_with_runtime_dependencies(/home/ravi/pmb2_foxy_ws/install/pmb2_robot/share/colcon-core/packages/pmb2_robot)
[0.969s] DEBUG:colcon.colcon_parallel_executor.executor.parallel:closing loop
[0.970s] DEBUG:colcon.colcon_parallel_executor.executor.parallel:loop closed
[0.970s] DEBUG:colcon.colcon_parallel_executor.executor.parallel:run_until_complete finished with '0'
[0.970s] DEBUG:colcon.colcon_core.event_reactor:joining thread
[0.974s] INFO:colcon.colcon_core.plugin_system:Skipping extension 'colcon_notification.desktop_notification.terminal_notifier': Not used on non-Darwin systems
[0.974s] INFO:colcon.colcon_core.plugin_system:Skipping extension 'colcon_notification.desktop_notification.win32': Not used on non-Windows systems
[0.974s] INFO:colcon.colcon_notification.desktop_notification:Sending desktop notification using 'notify2'
[0.985s] DEBUG:colcon.colcon_core.event_reactor:joined thread
[0.986s] INFO:colcon.colcon_core.shell:Creating prefix script '/home/ravi/pmb2_foxy_ws/install/local_setup.ps1'
[0.986s] INFO:colcon.colcon_core.shell:Creating prefix util module '/home/ravi/pmb2_foxy_ws/install/_local_setup_util_ps1.py'
[0.987s] INFO:colcon.colcon_core.shell:Creating prefix chain script '/home/ravi/pmb2_foxy_ws/install/setup.ps1'
[0.988s] INFO:colcon.colcon_core.shell:Creating prefix script '/home/ravi/pmb2_foxy_ws/install/local_setup.sh'
[0.988s] INFO:colcon.colcon_core.shell:Creating prefix util module '/home/ravi/pmb2_foxy_ws/install/_local_setup_util_sh.py'
[0.989s] INFO:colcon.colcon_core.shell:Creating prefix chain script '/home/ravi/pmb2_foxy_ws/install/setup.sh'
[0.990s] INFO:colcon.colcon_core.shell:Creating prefix script '/home/ravi/pmb2_foxy_ws/install/local_setup.bash'
[0.990s] INFO:colcon.colcon_core.shell:Creating prefix chain script '/home/ravi/pmb2_foxy_ws/install/setup.bash'
[0.991s] INFO:colcon.colcon_core.shell:Creating prefix script '/home/ravi/pmb2_foxy_ws/install/local_setup.zsh'
[0.991s] INFO:colcon.colcon_core.shell:Creating prefix chain script '/home/ravi/pmb2_foxy_ws/install/setup.zsh'
