[0.012s] Invoking command in '/home/ravi/pmb2_foxy_ws/build/controller_manager': AMENT_PREFIX_PATH=/home/ravi/pmb2_foxy_ws/install/controller_interface:/home/ravi/pmb2_foxy_ws/install/hardware_interface:/home/ravi/pmb2_foxy_ws/install/controller_manager_msgs:${AMENT_PREFIX_PATH} CMAKE_PREFIX_PATH=/home/ravi/pmb2_foxy_ws/install/controller_interface:/home/ravi/pmb2_foxy_ws/install/hardware_interface:/home/ravi/pmb2_foxy_ws/install/ros2_control_test_assets:/home/ravi/pmb2_foxy_ws/install/controller_manager_msgs:/home/ravi/pmb2_foxy_ws/install/gazebo_ros_pkgs:/home/ravi/pmb2_foxy_ws/install/gazebo_plugins:/home/ravi/pmb2_foxy_ws/install/gazebo_ros:/home/ravi/pmb2_foxy_ws/install/gazebo_msgs:/home/ravi/pmb2_foxy_ws/install/gazebo_dev:/home/ravi/pmb2_foxy_ws/install/pal_gazebo_worlds:/home/ravi/pmb2_foxy_ws/install/pmb2_simulation:/home/ravi/pmb2_foxy_ws/install/pmb2_navigation:/home/ravi/pmb2_foxy_ws/install/pmb2_2dnav_gazebo:/home/ravi/pmb2_foxy_ws/install/pmb2_2dnav:/home/ravi/pmb2_foxy_ws/install/pmb2_maps:/home/ravi/pmb2_foxy_ws/install/pmb2_gazebo:/home/ravi/pmb2_foxy_ws/install/pmb2_robot:/home/ravi/pmb2_foxy_ws/install/pmb2_bringup:/home/ravi/pmb2_foxy_ws/install/pmb2_description:/home/ravi/pmb2_foxy_ws/install/pmb2_controller_configuration:/home/ravi/pmb2_foxy_ws/install/launch_pal:/opt/ros/foxy LD_LIBRARY_PATH=/home/ravi/pmb2_foxy_ws/install/controller_interface/lib:/home/ravi/pmb2_foxy_ws/install/hardware_interface/lib:/home/ravi/pmb2_foxy_ws/install/controller_manager_msgs/lib:${LD_LIBRARY_PATH} PYTHONPATH=/home/ravi/pmb2_foxy_ws/install/controller_manager_msgs/lib/python3.8/site-packages:${PYTHONPATH} /usr/bin/cmake /home/ravi/pmb2_foxy_ws/src/ros2_control/controller_manager -DCMAKE_INSTALL_PREFIX=/home/ravi/pmb2_foxy_ws/install/controller_manager
[0.050s] -- The C compiler identification is GNU 9.4.0
[0.094s] -- The CXX compiler identification is GNU 9.4.0
[0.097s] -- Check for working C compiler: /usr/bin/cc
[0.146s] -- Check for working C compiler: /usr/bin/cc -- works
[0.147s] -- Detecting C compiler ABI info
[0.210s] -- Detecting C compiler ABI info - done
[0.223s] -- Detecting C compile features
[0.223s] -- Detecting C compile features - done
[0.225s] -- Check for working CXX compiler: /usr/bin/c++
[0.284s] -- Check for working CXX compiler: /usr/bin/c++ -- works
[0.285s] -- Detecting CXX compiler ABI info
[0.343s] -- Detecting CXX compiler ABI info - done
[0.350s] -- Detecting CXX compile features
[0.350s] -- Detecting CXX compile features - done
[0.352s] -- Found ament_cmake: 0.9.9 (/opt/ros/foxy/share/ament_cmake/cmake)
[0.373s] -- Found PythonInterp: /usr/bin/python3 (found suitable version "3.8.10", minimum required is "3") 
[0.374s] -- Using PYTHON_EXECUTABLE: /usr/bin/python3
[0.489s] -- Found ament_index_cpp: 1.1.0 (/opt/ros/foxy/share/ament_index_cpp/cmake)
[0.491s] -- Found controller_interface: 0.11.0 (/home/ravi/pmb2_foxy_ws/install/controller_interface/share/controller_interface/cmake)
[0.517s] -- Using all available rosidl_typesupport_c: rosidl_typesupport_fastrtps_c;rosidl_typesupport_introspection_c
[0.523s] -- Found rosidl_adapter: 1.2.1 (/opt/ros/foxy/share/rosidl_adapter/cmake)
[0.576s] -- Found OpenSSL: /usr/lib/x86_64-linux-gnu/libcrypto.so (found version "1.1.1f")  
[0.594s] -- Found FastRTPS: /opt/ros/foxy/include  
[0.645s] -- Using all available rosidl_typesupport_cpp: rosidl_typesupport_fastrtps_cpp;rosidl_typesupport_introspection_cpp
[0.976s] -- Found rmw_implementation_cmake: 1.0.3 (/opt/ros/foxy/share/rmw_implementation_cmake/cmake)
[0.977s] -- Using RMW implementation 'rmw_fastrtps_cpp' as default
[0.978s] -- Looking for pthread.h
[1.030s] -- Looking for pthread.h - found
[1.030s] -- Performing Test CMAKE_HAVE_LIBC_PTHREAD
[1.091s] -- Performing Test CMAKE_HAVE_LIBC_PTHREAD - Failed
[1.091s] -- Looking for pthread_create in pthreads
[1.135s] -- Looking for pthread_create in pthreads - not found
[1.135s] -- Looking for pthread_create in pthread
[1.210s] -- Looking for pthread_create in pthread - found
[1.211s] -- Found Threads: TRUE  
[1.370s] -- Found controller_manager_msgs: 0.11.0 (/home/ravi/pmb2_foxy_ws/install/controller_manager_msgs/share/controller_manager_msgs/cmake)
[1.428s] -- Found ament_cmake_gmock: 0.9.9 (/opt/ros/foxy/share/ament_cmake_gmock/cmake)
[1.429s] -- Found ament_cmake_gtest: 0.9.9 (/opt/ros/foxy/share/ament_cmake_gtest/cmake)
[1.431s] -- Found ament_lint_auto: 0.9.6 (/opt/ros/foxy/share/ament_lint_auto/cmake)
[1.432s] -- Found ros2_control_test_assets: 0.11.0 (/home/ravi/pmb2_foxy_ws/install/ros2_control_test_assets/share/ros2_control_test_assets/cmake)
[1.483s] -- Found gmock sources under '/opt/ros/foxy/src/gmock_vendor': C++ tests using 'Google Mock' will be built
[1.486s] -- Found gtest sources under '/opt/ros/foxy/src/gtest_vendor': C++ tests using 'Google Test' will be built
[1.511s] -- Added test 'copyright' to check source files copyright and LICENSE
[1.512s] -- Added test 'cppcheck' to perform static code analysis on C / C++ code
[1.513s] -- Configured cppcheck include dirs: /home/ravi/pmb2_foxy_ws/src/ros2_control/controller_manager/include
[1.513s] -- Configured cppcheck exclude dirs and/or files: 
[1.513s] -- Added test 'flake8' to check Python code syntax and style conventions
[1.514s] -- Added test 'lint_cmake' to check CMake code style
[1.514s] -- Added test 'pep257' to check Python code against some of the style conventions in PEP 257
[1.514s] -- Added test 'xmllint' to check XML markup files
[1.518s] -- Configuring done
[1.599s] -- Generating done
[1.600s] -- Build files have been written to: /home/ravi/pmb2_foxy_ws/build/controller_manager
[1.607s] Invoked command in '/home/ravi/pmb2_foxy_ws/build/controller_manager' returned '0': AMENT_PREFIX_PATH=/home/ravi/pmb2_foxy_ws/install/controller_interface:/home/ravi/pmb2_foxy_ws/install/hardware_interface:/home/ravi/pmb2_foxy_ws/install/controller_manager_msgs:${AMENT_PREFIX_PATH} CMAKE_PREFIX_PATH=/home/ravi/pmb2_foxy_ws/install/controller_interface:/home/ravi/pmb2_foxy_ws/install/hardware_interface:/home/ravi/pmb2_foxy_ws/install/ros2_control_test_assets:/home/ravi/pmb2_foxy_ws/install/controller_manager_msgs:/home/ravi/pmb2_foxy_ws/install/gazebo_ros_pkgs:/home/ravi/pmb2_foxy_ws/install/gazebo_plugins:/home/ravi/pmb2_foxy_ws/install/gazebo_ros:/home/ravi/pmb2_foxy_ws/install/gazebo_msgs:/home/ravi/pmb2_foxy_ws/install/gazebo_dev:/home/ravi/pmb2_foxy_ws/install/pal_gazebo_worlds:/home/ravi/pmb2_foxy_ws/install/pmb2_simulation:/home/ravi/pmb2_foxy_ws/install/pmb2_navigation:/home/ravi/pmb2_foxy_ws/install/pmb2_2dnav_gazebo:/home/ravi/pmb2_foxy_ws/install/pmb2_2dnav:/home/ravi/pmb2_foxy_ws/install/pmb2_maps:/home/ravi/pmb2_foxy_ws/install/pmb2_gazebo:/home/ravi/pmb2_foxy_ws/install/pmb2_robot:/home/ravi/pmb2_foxy_ws/install/pmb2_bringup:/home/ravi/pmb2_foxy_ws/install/pmb2_description:/home/ravi/pmb2_foxy_ws/install/pmb2_controller_configuration:/home/ravi/pmb2_foxy_ws/install/launch_pal:/opt/ros/foxy LD_LIBRARY_PATH=/home/ravi/pmb2_foxy_ws/install/controller_interface/lib:/home/ravi/pmb2_foxy_ws/install/hardware_interface/lib:/home/ravi/pmb2_foxy_ws/install/controller_manager_msgs/lib:${LD_LIBRARY_PATH} PYTHONPATH=/home/ravi/pmb2_foxy_ws/install/controller_manager_msgs/lib/python3.8/site-packages:${PYTHONPATH} /usr/bin/cmake /home/ravi/pmb2_foxy_ws/src/ros2_control/controller_manager -DCMAKE_INSTALL_PREFIX=/home/ravi/pmb2_foxy_ws/install/controller_manager
[1.609s] Invoking command in '/home/ravi/pmb2_foxy_ws/build/controller_manager': AMENT_PREFIX_PATH=/home/ravi/pmb2_foxy_ws/install/controller_interface:/home/ravi/pmb2_foxy_ws/install/hardware_interface:/home/ravi/pmb2_foxy_ws/install/controller_manager_msgs:${AMENT_PREFIX_PATH} CMAKE_PREFIX_PATH=/home/ravi/pmb2_foxy_ws/install/controller_interface:/home/ravi/pmb2_foxy_ws/install/hardware_interface:/home/ravi/pmb2_foxy_ws/install/ros2_control_test_assets:/home/ravi/pmb2_foxy_ws/install/controller_manager_msgs:/home/ravi/pmb2_foxy_ws/install/gazebo_ros_pkgs:/home/ravi/pmb2_foxy_ws/install/gazebo_plugins:/home/ravi/pmb2_foxy_ws/install/gazebo_ros:/home/ravi/pmb2_foxy_ws/install/gazebo_msgs:/home/ravi/pmb2_foxy_ws/install/gazebo_dev:/home/ravi/pmb2_foxy_ws/install/pal_gazebo_worlds:/home/ravi/pmb2_foxy_ws/install/pmb2_simulation:/home/ravi/pmb2_foxy_ws/install/pmb2_navigation:/home/ravi/pmb2_foxy_ws/install/pmb2_2dnav_gazebo:/home/ravi/pmb2_foxy_ws/install/pmb2_2dnav:/home/ravi/pmb2_foxy_ws/install/pmb2_maps:/home/ravi/pmb2_foxy_ws/install/pmb2_gazebo:/home/ravi/pmb2_foxy_ws/install/pmb2_robot:/home/ravi/pmb2_foxy_ws/install/pmb2_bringup:/home/ravi/pmb2_foxy_ws/install/pmb2_description:/home/ravi/pmb2_foxy_ws/install/pmb2_controller_configuration:/home/ravi/pmb2_foxy_ws/install/launch_pal:/opt/ros/foxy LD_LIBRARY_PATH=/home/ravi/pmb2_foxy_ws/install/controller_interface/lib:/home/ravi/pmb2_foxy_ws/install/hardware_interface/lib:/home/ravi/pmb2_foxy_ws/install/controller_manager_msgs/lib:${LD_LIBRARY_PATH} PYTHONPATH=/home/ravi/pmb2_foxy_ws/install/controller_manager_msgs/lib/python3.8/site-packages:${PYTHONPATH} /usr/bin/cmake --build /home/ravi/pmb2_foxy_ws/build/controller_manager -- -j8 -l8
[1.637s] [35m[1mScanning dependencies of target gmock[0m
[1.637s] [35m[1mScanning dependencies of target gmock_main[0m
[1.637s] [35m[1mScanning dependencies of target controller_manager[0m
[1.649s] [  4%] [32mBuilding CXX object gmock/CMakeFiles/gmock_main.dir/src/gmock_main.cc.o[0m
[1.651s] [ 12%] [32mBuilding CXX object gmock/CMakeFiles/gmock.dir/opt/ros/foxy/src/gtest_vendor/src/gtest-all.cc.o[0m
[1.651s] [ 12%] [32mBuilding CXX object gmock/CMakeFiles/gmock.dir/src/gmock-all.cc.o[0m
[1.668s] [ 16%] [32mBuilding CXX object CMakeFiles/controller_manager.dir/src/controller_manager.cpp.o[0m
[2.212s] [ 20%] [32m[1mLinking CXX static library libgmock_main.a[0m
[2.234s] [ 20%] Built target gmock_main
[3.610s] [ 24%] [32m[1mLinking CXX static library libgmock.a[0m
[3.650s] [ 24%] Built target gmock
[7.026s] [ 28%] [32m[1mLinking CXX shared library libcontroller_manager.so[0m
[7.324s] [ 28%] Built target controller_manager
[7.331s] [35m[1mScanning dependencies of target test_controller_failed_init[0m
[7.331s] [35m[1mScanning dependencies of target test_controller[0m
[7.331s] [35m[1mScanning dependencies of target ros2_control_node[0m
[7.331s] [35m[1mScanning dependencies of target test_controller_with_interfaces[0m
[7.360s] [ 44%] [32mBuilding CXX object CMakeFiles/test_controller_failed_init.dir/test/test_controller_failed_init/test_controller_failed_init.cpp.o[0m
[7.361s] [ 44%] [32mBuilding CXX object CMakeFiles/test_controller_with_interfaces.dir/test/test_controller_with_interfaces/test_controller_with_interfaces.cpp.o[0m
[7.361s] [ 44%] [32mBuilding CXX object CMakeFiles/test_controller.dir/test/test_controller/test_controller.cpp.o[0m
[7.361s] [ 44%] [32mBuilding CXX object CMakeFiles/ros2_control_node.dir/src/ros2_control_node.cpp.o[0m
[9.239s] [ 48%] [32m[1mLinking CXX shared library libtest_controller_failed_init.so[0m
[9.252s] [ 52%] [32m[1mLinking CXX shared library libtest_controller_with_interfaces.so[0m
[9.269s] [ 56%] [32m[1mLinking CXX shared library libtest_controller.so[0m
[9.318s] [ 56%] Built target test_controller_failed_init
[9.332s] [ 56%] Built target test_controller_with_interfaces
[9.334s] [ 60%] [32m[1mLinking CXX executable ros2_control_node[0m
[9.340s] [35m[1mScanning dependencies of target test_release_interfaces[0m
[9.351s] [ 60%] Built target test_controller
[9.359s] [35m[1mScanning dependencies of target test_controller_manager_srvs[0m
[9.361s] [35m[1mScanning dependencies of target test_load_controller[0m
[9.361s] [35m[1mScanning dependencies of target test_spawner_unspawner[0m
[9.361s] [35m[1mScanning dependencies of target test_controller_manager[0m
[9.386s] [ 64%] [32mBuilding CXX object CMakeFiles/test_release_interfaces.dir/test/test_release_interfaces.cpp.o[0m
[9.398s] [ 68%] [32mBuilding CXX object CMakeFiles/test_controller_manager_srvs.dir/test/test_controller_manager_srvs.cpp.o[0m
[9.411s] [ 72%] [32mBuilding CXX object CMakeFiles/test_spawner_unspawner.dir/test/test_spawner_unspawner.cpp.o[0m
[9.415s] [ 76%] [32mBuilding CXX object CMakeFiles/test_load_controller.dir/test/test_load_controller.cpp.o[0m
[9.415s] [ 80%] [32mBuilding CXX object CMakeFiles/test_controller_manager.dir/test/test_controller_manager.cpp.o[0m
[9.548s] [ 80%] Built target ros2_control_node
[12.047s] [ 84%] [32m[1mLinking CXX executable test_release_interfaces[0m
[12.113s] [ 88%] [32m[1mLinking CXX executable test_spawner_unspawner[0m
[12.407s] [ 88%] Built target test_release_interfaces
[12.476s] [ 88%] Built target test_spawner_unspawner
[13.381s] [ 92%] [32m[1mLinking CXX executable test_controller_manager[0m
[13.721s] [ 92%] Built target test_controller_manager
[14.136s] [ 96%] [32m[1mLinking CXX executable test_load_controller[0m
[14.474s] [ 96%] Built target test_load_controller
[15.144s] [100%] [32m[1mLinking CXX executable test_controller_manager_srvs[0m
[15.576s] [100%] Built target test_controller_manager_srvs
[15.585s] Invoked command in '/home/ravi/pmb2_foxy_ws/build/controller_manager' returned '0': AMENT_PREFIX_PATH=/home/ravi/pmb2_foxy_ws/install/controller_interface:/home/ravi/pmb2_foxy_ws/install/hardware_interface:/home/ravi/pmb2_foxy_ws/install/controller_manager_msgs:${AMENT_PREFIX_PATH} CMAKE_PREFIX_PATH=/home/ravi/pmb2_foxy_ws/install/controller_interface:/home/ravi/pmb2_foxy_ws/install/hardware_interface:/home/ravi/pmb2_foxy_ws/install/ros2_control_test_assets:/home/ravi/pmb2_foxy_ws/install/controller_manager_msgs:/home/ravi/pmb2_foxy_ws/install/gazebo_ros_pkgs:/home/ravi/pmb2_foxy_ws/install/gazebo_plugins:/home/ravi/pmb2_foxy_ws/install/gazebo_ros:/home/ravi/pmb2_foxy_ws/install/gazebo_msgs:/home/ravi/pmb2_foxy_ws/install/gazebo_dev:/home/ravi/pmb2_foxy_ws/install/pal_gazebo_worlds:/home/ravi/pmb2_foxy_ws/install/pmb2_simulation:/home/ravi/pmb2_foxy_ws/install/pmb2_navigation:/home/ravi/pmb2_foxy_ws/install/pmb2_2dnav_gazebo:/home/ravi/pmb2_foxy_ws/install/pmb2_2dnav:/home/ravi/pmb2_foxy_ws/install/pmb2_maps:/home/ravi/pmb2_foxy_ws/install/pmb2_gazebo:/home/ravi/pmb2_foxy_ws/install/pmb2_robot:/home/ravi/pmb2_foxy_ws/install/pmb2_bringup:/home/ravi/pmb2_foxy_ws/install/pmb2_description:/home/ravi/pmb2_foxy_ws/install/pmb2_controller_configuration:/home/ravi/pmb2_foxy_ws/install/launch_pal:/opt/ros/foxy LD_LIBRARY_PATH=/home/ravi/pmb2_foxy_ws/install/controller_interface/lib:/home/ravi/pmb2_foxy_ws/install/hardware_interface/lib:/home/ravi/pmb2_foxy_ws/install/controller_manager_msgs/lib:${LD_LIBRARY_PATH} PYTHONPATH=/home/ravi/pmb2_foxy_ws/install/controller_manager_msgs/lib/python3.8/site-packages:${PYTHONPATH} /usr/bin/cmake --build /home/ravi/pmb2_foxy_ws/build/controller_manager -- -j8 -l8
[15.619s] Invoking command in '/home/ravi/pmb2_foxy_ws/build/controller_manager': AMENT_PREFIX_PATH=/home/ravi/pmb2_foxy_ws/install/controller_interface:/home/ravi/pmb2_foxy_ws/install/hardware_interface:/home/ravi/pmb2_foxy_ws/install/controller_manager_msgs:${AMENT_PREFIX_PATH} CMAKE_PREFIX_PATH=/home/ravi/pmb2_foxy_ws/install/controller_interface:/home/ravi/pmb2_foxy_ws/install/hardware_interface:/home/ravi/pmb2_foxy_ws/install/ros2_control_test_assets:/home/ravi/pmb2_foxy_ws/install/controller_manager_msgs:/home/ravi/pmb2_foxy_ws/install/gazebo_ros_pkgs:/home/ravi/pmb2_foxy_ws/install/gazebo_plugins:/home/ravi/pmb2_foxy_ws/install/gazebo_ros:/home/ravi/pmb2_foxy_ws/install/gazebo_msgs:/home/ravi/pmb2_foxy_ws/install/gazebo_dev:/home/ravi/pmb2_foxy_ws/install/pal_gazebo_worlds:/home/ravi/pmb2_foxy_ws/install/pmb2_simulation:/home/ravi/pmb2_foxy_ws/install/pmb2_navigation:/home/ravi/pmb2_foxy_ws/install/pmb2_2dnav_gazebo:/home/ravi/pmb2_foxy_ws/install/pmb2_2dnav:/home/ravi/pmb2_foxy_ws/install/pmb2_maps:/home/ravi/pmb2_foxy_ws/install/pmb2_gazebo:/home/ravi/pmb2_foxy_ws/install/pmb2_robot:/home/ravi/pmb2_foxy_ws/install/pmb2_bringup:/home/ravi/pmb2_foxy_ws/install/pmb2_description:/home/ravi/pmb2_foxy_ws/install/pmb2_controller_configuration:/home/ravi/pmb2_foxy_ws/install/launch_pal:/opt/ros/foxy LD_LIBRARY_PATH=/home/ravi/pmb2_foxy_ws/install/controller_interface/lib:/home/ravi/pmb2_foxy_ws/install/hardware_interface/lib:/home/ravi/pmb2_foxy_ws/install/controller_manager_msgs/lib:${LD_LIBRARY_PATH} PYTHONPATH=/home/ravi/pmb2_foxy_ws/install/controller_manager_msgs/lib/python3.8/site-packages:${PYTHONPATH} /usr/bin/cmake --install /home/ravi/pmb2_foxy_ws/build/controller_manager
[15.625s] -- Install configuration: ""
[15.625s] -- Installing: /home/ravi/pmb2_foxy_ws/install/controller_manager/lib/libcontroller_manager.so
[15.628s] -- Set runtime path of "/home/ravi/pmb2_foxy_ws/install/controller_manager/lib/libcontroller_manager.so" to ""
[15.628s] -- Installing: /home/ravi/pmb2_foxy_ws/install/controller_manager/lib/controller_manager/ros2_control_node
[15.629s] -- Set runtime path of "/home/ravi/pmb2_foxy_ws/install/controller_manager/lib/controller_manager/ros2_control_node" to ""
[15.629s] -- Installing: /home/ravi/pmb2_foxy_ws/install/controller_manager/include
[15.629s] -- Installing: /home/ravi/pmb2_foxy_ws/install/controller_manager/include/controller_manager
[15.629s] -- Installing: /home/ravi/pmb2_foxy_ws/install/controller_manager/include/controller_manager/controller_manager.hpp
[15.629s] -- Installing: /home/ravi/pmb2_foxy_ws/install/controller_manager/include/controller_manager/controller_spec.hpp
[15.629s] -- Installing: /home/ravi/pmb2_foxy_ws/install/controller_manager/include/controller_manager/visibility_control.h
[15.629s] -- Installing: /home/ravi/pmb2_foxy_ws/install/controller_manager/lib/controller_manager/spawner.py
[15.629s] -- Installing: /home/ravi/pmb2_foxy_ws/install/controller_manager/lib/controller_manager/unspawner.py
[15.629s] -- Installing: /home/ravi/pmb2_foxy_ws/install/controller_manager/share/controller_manager/test/test_controller/test_controller.xml
[15.629s] -- Installing: /home/ravi/pmb2_foxy_ws/install/controller_manager/lib/libtest_controller.so
[15.629s] -- Set runtime path of "/home/ravi/pmb2_foxy_ws/install/controller_manager/lib/libtest_controller.so" to ""
[15.629s] -- Installing: /home/ravi/pmb2_foxy_ws/install/controller_manager/share/controller_manager/test/test_controller_failed_init/test_controller_failed_init.xml
[15.629s] -- Installing: /home/ravi/pmb2_foxy_ws/install/controller_manager/lib/libtest_controller_failed_init.so
[15.630s] -- Set runtime path of "/home/ravi/pmb2_foxy_ws/install/controller_manager/lib/libtest_controller_failed_init.so" to ""
[15.630s] -- Installing: /home/ravi/pmb2_foxy_ws/install/controller_manager/share/controller_manager/test/test_controller_with_interfaces/test_controller_with_interfaces.xml
[15.630s] -- Installing: /home/ravi/pmb2_foxy_ws/install/controller_manager/lib/libtest_controller_with_interfaces.so
[15.630s] -- Set runtime path of "/home/ravi/pmb2_foxy_ws/install/controller_manager/lib/libtest_controller_with_interfaces.so" to ""
[15.630s] -- Installing: /home/ravi/pmb2_foxy_ws/install/controller_manager/share/controller_manager/environment/pythonpath.sh
[15.630s] -- Installing: /home/ravi/pmb2_foxy_ws/install/controller_manager/share/controller_manager/environment/pythonpath.dsv
[15.630s] -- Installing: /home/ravi/pmb2_foxy_ws/install/controller_manager/lib/python3.8/site-packages/controller_manager
[15.630s] -- Installing: /home/ravi/pmb2_foxy_ws/install/controller_manager/lib/python3.8/site-packages/controller_manager/controller_manager_services.py
[15.631s] -- Installing: /home/ravi/pmb2_foxy_ws/install/controller_manager/lib/python3.8/site-packages/controller_manager/launch_utils.py
[15.631s] -- Installing: /home/ravi/pmb2_foxy_ws/install/controller_manager/lib/python3.8/site-packages/controller_manager/__init__.py
[15.652s] Listing '/home/ravi/pmb2_foxy_ws/install/controller_manager/lib/python3.8/site-packages/controller_manager'...
[15.652s] Compiling '/home/ravi/pmb2_foxy_ws/install/controller_manager/lib/python3.8/site-packages/controller_manager/__init__.py'...
[15.652s] Compiling '/home/ravi/pmb2_foxy_ws/install/controller_manager/lib/python3.8/site-packages/controller_manager/controller_manager_services.py'...
[15.652s] Compiling '/home/ravi/pmb2_foxy_ws/install/controller_manager/lib/python3.8/site-packages/controller_manager/launch_utils.py'...
[15.654s] -- Installing: /home/ravi/pmb2_foxy_ws/install/controller_manager/share/controller_manager/environment/library_path.sh
[15.654s] -- Installing: /home/ravi/pmb2_foxy_ws/install/controller_manager/share/controller_manager/environment/library_path.dsv
[15.655s] -- Installing: /home/ravi/pmb2_foxy_ws/install/controller_manager/share/ament_index/resource_index/package_run_dependencies/controller_manager
[15.655s] -- Installing: /home/ravi/pmb2_foxy_ws/install/controller_manager/share/ament_index/resource_index/parent_prefix_path/controller_manager
[15.655s] -- Installing: /home/ravi/pmb2_foxy_ws/install/controller_manager/share/controller_manager/environment/ament_prefix_path.sh
[15.655s] -- Installing: /home/ravi/pmb2_foxy_ws/install/controller_manager/share/controller_manager/environment/ament_prefix_path.dsv
[15.655s] -- Installing: /home/ravi/pmb2_foxy_ws/install/controller_manager/share/controller_manager/environment/path.sh
[15.655s] -- Installing: /home/ravi/pmb2_foxy_ws/install/controller_manager/share/controller_manager/environment/path.dsv
[15.655s] -- Installing: /home/ravi/pmb2_foxy_ws/install/controller_manager/share/controller_manager/local_setup.bash
[15.655s] -- Installing: /home/ravi/pmb2_foxy_ws/install/controller_manager/share/controller_manager/local_setup.sh
[15.655s] -- Installing: /home/ravi/pmb2_foxy_ws/install/controller_manager/share/controller_manager/local_setup.zsh
[15.655s] -- Installing: /home/ravi/pmb2_foxy_ws/install/controller_manager/share/controller_manager/local_setup.dsv
[15.655s] -- Installing: /home/ravi/pmb2_foxy_ws/install/controller_manager/share/controller_manager/package.dsv
[15.655s] -- Installing: /home/ravi/pmb2_foxy_ws/install/controller_manager/share/ament_index/resource_index/packages/controller_manager
[15.655s] -- Installing: /home/ravi/pmb2_foxy_ws/install/controller_manager/share/ament_index/resource_index/controller_interface__pluginlib__plugin/controller_manager
[15.656s] -- Installing: /home/ravi/pmb2_foxy_ws/install/controller_manager/share/controller_manager/cmake/ament_cmake_export_libraries-extras.cmake
[15.656s] -- Installing: /home/ravi/pmb2_foxy_ws/install/controller_manager/share/controller_manager/cmake/ament_cmake_export_include_directories-extras.cmake
[15.656s] -- Installing: /home/ravi/pmb2_foxy_ws/install/controller_manager/share/controller_manager/cmake/ament_cmake_export_dependencies-extras.cmake
[15.656s] -- Installing: /home/ravi/pmb2_foxy_ws/install/controller_manager/share/controller_manager/cmake/controller_managerConfig.cmake
[15.656s] -- Installing: /home/ravi/pmb2_foxy_ws/install/controller_manager/share/controller_manager/cmake/controller_managerConfig-version.cmake
[15.656s] -- Installing: /home/ravi/pmb2_foxy_ws/install/controller_manager/share/controller_manager/package.xml
[15.659s] Invoked command in '/home/ravi/pmb2_foxy_ws/build/controller_manager' returned '0': AMENT_PREFIX_PATH=/home/ravi/pmb2_foxy_ws/install/controller_interface:/home/ravi/pmb2_foxy_ws/install/hardware_interface:/home/ravi/pmb2_foxy_ws/install/controller_manager_msgs:${AMENT_PREFIX_PATH} CMAKE_PREFIX_PATH=/home/ravi/pmb2_foxy_ws/install/controller_interface:/home/ravi/pmb2_foxy_ws/install/hardware_interface:/home/ravi/pmb2_foxy_ws/install/ros2_control_test_assets:/home/ravi/pmb2_foxy_ws/install/controller_manager_msgs:/home/ravi/pmb2_foxy_ws/install/gazebo_ros_pkgs:/home/ravi/pmb2_foxy_ws/install/gazebo_plugins:/home/ravi/pmb2_foxy_ws/install/gazebo_ros:/home/ravi/pmb2_foxy_ws/install/gazebo_msgs:/home/ravi/pmb2_foxy_ws/install/gazebo_dev:/home/ravi/pmb2_foxy_ws/install/pal_gazebo_worlds:/home/ravi/pmb2_foxy_ws/install/pmb2_simulation:/home/ravi/pmb2_foxy_ws/install/pmb2_navigation:/home/ravi/pmb2_foxy_ws/install/pmb2_2dnav_gazebo:/home/ravi/pmb2_foxy_ws/install/pmb2_2dnav:/home/ravi/pmb2_foxy_ws/install/pmb2_maps:/home/ravi/pmb2_foxy_ws/install/pmb2_gazebo:/home/ravi/pmb2_foxy_ws/install/pmb2_robot:/home/ravi/pmb2_foxy_ws/install/pmb2_bringup:/home/ravi/pmb2_foxy_ws/install/pmb2_description:/home/ravi/pmb2_foxy_ws/install/pmb2_controller_configuration:/home/ravi/pmb2_foxy_ws/install/launch_pal:/opt/ros/foxy LD_LIBRARY_PATH=/home/ravi/pmb2_foxy_ws/install/controller_interface/lib:/home/ravi/pmb2_foxy_ws/install/hardware_interface/lib:/home/ravi/pmb2_foxy_ws/install/controller_manager_msgs/lib:${LD_LIBRARY_PATH} PYTHONPATH=/home/ravi/pmb2_foxy_ws/install/controller_manager_msgs/lib/python3.8/site-packages:${PYTHONPATH} /usr/bin/cmake --install /home/ravi/pmb2_foxy_ws/build/controller_manager
