[0.011s] Invoking command in '/home/ravi/pmb2_foxy_ws/build/transmission_interface': AMENT_PREFIX_PATH=/home/ravi/pmb2_foxy_ws/install/hardware_interface:${AMENT_PREFIX_PATH} CMAKE_PREFIX_PATH=/home/ravi/pmb2_foxy_ws/install/hardware_interface:/home/ravi/pmb2_foxy_ws/install/ros2_control_test_assets:/home/ravi/pmb2_foxy_ws/install/gazebo_ros_pkgs:/home/ravi/pmb2_foxy_ws/install/gazebo_plugins:/home/ravi/pmb2_foxy_ws/install/gazebo_ros:/home/ravi/pmb2_foxy_ws/install/gazebo_msgs:/home/ravi/pmb2_foxy_ws/install/gazebo_dev:/home/ravi/pmb2_foxy_ws/install/pal_gazebo_worlds:/home/ravi/pmb2_foxy_ws/install/pmb2_simulation:/home/ravi/pmb2_foxy_ws/install/pmb2_navigation:/home/ravi/pmb2_foxy_ws/install/pmb2_2dnav_gazebo:/home/ravi/pmb2_foxy_ws/install/pmb2_2dnav:/home/ravi/pmb2_foxy_ws/install/pmb2_maps:/home/ravi/pmb2_foxy_ws/install/pmb2_gazebo:/home/ravi/pmb2_foxy_ws/install/pmb2_robot:/home/ravi/pmb2_foxy_ws/install/pmb2_bringup:/home/ravi/pmb2_foxy_ws/install/pmb2_description:/home/ravi/pmb2_foxy_ws/install/pmb2_controller_configuration:/home/ravi/pmb2_foxy_ws/install/launch_pal:/opt/ros/foxy LD_LIBRARY_PATH=/home/ravi/pmb2_foxy_ws/install/hardware_interface/lib:${LD_LIBRARY_PATH} /usr/bin/cmake /home/ravi/pmb2_foxy_ws/src/ros2_control/transmission_interface -DCMAKE_INSTALL_PREFIX=/home/ravi/pmb2_foxy_ws/install/transmission_interface
[0.020s] -- Found ament_cmake: 0.9.9 (/opt/ros/foxy/share/ament_cmake/cmake)
[0.037s] -- Using PYTHON_EXECUTABLE: /usr/bin/python3
[0.142s] -- Found hardware_interface: 0.11.0 (/home/ravi/pmb2_foxy_ws/install/hardware_interface/share/hardware_interface/cmake)
[0.167s] -- Using all available rosidl_typesupport_c: rosidl_typesupport_fastrtps_c;rosidl_typesupport_introspection_c
[0.172s] -- Found rosidl_adapter: 1.2.1 (/opt/ros/foxy/share/rosidl_adapter/cmake)
[0.224s] -- Found OpenSSL: /usr/lib/x86_64-linux-gnu/libcrypto.so (found version "1.1.1f")  
[0.243s] -- Found FastRTPS: /opt/ros/foxy/include  
[0.294s] -- Using all available rosidl_typesupport_cpp: rosidl_typesupport_fastrtps_cpp;rosidl_typesupport_introspection_cpp
[0.595s] -- Found ament_cmake_gmock: 0.9.9 (/opt/ros/foxy/share/ament_cmake_gmock/cmake)
[0.596s] -- Found ament_lint_auto: 0.9.6 (/opt/ros/foxy/share/ament_lint_auto/cmake)
[0.647s] -- Found gmock sources under '/opt/ros/foxy/src/gmock_vendor': C++ tests using 'Google Mock' will be built
[0.650s] -- Found ament_cmake_gtest: 0.9.9 (/opt/ros/foxy/share/ament_cmake_gtest/cmake)
[0.651s] -- Found gtest sources under '/opt/ros/foxy/src/gtest_vendor': C++ tests using 'Google Test' will be built
[0.676s] -- Added test 'copyright' to check source files copyright and LICENSE
[0.677s] -- Added test 'cppcheck' to perform static code analysis on C / C++ code
[0.677s] -- Configured cppcheck include dirs: /home/ravi/pmb2_foxy_ws/src/ros2_control/transmission_interface/include;/home/ravi/pmb2_foxy_ws/src/ros2_control/transmission_interface/hardware_interface
[0.677s] -- Configured cppcheck exclude dirs and/or files: 
[0.678s] -- Added test 'lint_cmake' to check CMake code style
[0.678s] -- Added test 'xmllint' to check XML markup files
[0.681s] -- Configuring done
[0.707s] -- Generating done
[0.708s] -- Build files have been written to: /home/ravi/pmb2_foxy_ws/build/transmission_interface
[0.713s] Invoked command in '/home/ravi/pmb2_foxy_ws/build/transmission_interface' returned '0': AMENT_PREFIX_PATH=/home/ravi/pmb2_foxy_ws/install/hardware_interface:${AMENT_PREFIX_PATH} CMAKE_PREFIX_PATH=/home/ravi/pmb2_foxy_ws/install/hardware_interface:/home/ravi/pmb2_foxy_ws/install/ros2_control_test_assets:/home/ravi/pmb2_foxy_ws/install/gazebo_ros_pkgs:/home/ravi/pmb2_foxy_ws/install/gazebo_plugins:/home/ravi/pmb2_foxy_ws/install/gazebo_ros:/home/ravi/pmb2_foxy_ws/install/gazebo_msgs:/home/ravi/pmb2_foxy_ws/install/gazebo_dev:/home/ravi/pmb2_foxy_ws/install/pal_gazebo_worlds:/home/ravi/pmb2_foxy_ws/install/pmb2_simulation:/home/ravi/pmb2_foxy_ws/install/pmb2_navigation:/home/ravi/pmb2_foxy_ws/install/pmb2_2dnav_gazebo:/home/ravi/pmb2_foxy_ws/install/pmb2_2dnav:/home/ravi/pmb2_foxy_ws/install/pmb2_maps:/home/ravi/pmb2_foxy_ws/install/pmb2_gazebo:/home/ravi/pmb2_foxy_ws/install/pmb2_robot:/home/ravi/pmb2_foxy_ws/install/pmb2_bringup:/home/ravi/pmb2_foxy_ws/install/pmb2_description:/home/ravi/pmb2_foxy_ws/install/pmb2_controller_configuration:/home/ravi/pmb2_foxy_ws/install/launch_pal:/opt/ros/foxy LD_LIBRARY_PATH=/home/ravi/pmb2_foxy_ws/install/hardware_interface/lib:${LD_LIBRARY_PATH} /usr/bin/cmake /home/ravi/pmb2_foxy_ws/src/ros2_control/transmission_interface -DCMAKE_INSTALL_PREFIX=/home/ravi/pmb2_foxy_ws/install/transmission_interface
[0.715s] Invoking command in '/home/ravi/pmb2_foxy_ws/build/transmission_interface': AMENT_PREFIX_PATH=/home/ravi/pmb2_foxy_ws/install/hardware_interface:${AMENT_PREFIX_PATH} CMAKE_PREFIX_PATH=/home/ravi/pmb2_foxy_ws/install/hardware_interface:/home/ravi/pmb2_foxy_ws/install/ros2_control_test_assets:/home/ravi/pmb2_foxy_ws/install/gazebo_ros_pkgs:/home/ravi/pmb2_foxy_ws/install/gazebo_plugins:/home/ravi/pmb2_foxy_ws/install/gazebo_ros:/home/ravi/pmb2_foxy_ws/install/gazebo_msgs:/home/ravi/pmb2_foxy_ws/install/gazebo_dev:/home/ravi/pmb2_foxy_ws/install/pal_gazebo_worlds:/home/ravi/pmb2_foxy_ws/install/pmb2_simulation:/home/ravi/pmb2_foxy_ws/install/pmb2_navigation:/home/ravi/pmb2_foxy_ws/install/pmb2_2dnav_gazebo:/home/ravi/pmb2_foxy_ws/install/pmb2_2dnav:/home/ravi/pmb2_foxy_ws/install/pmb2_maps:/home/ravi/pmb2_foxy_ws/install/pmb2_gazebo:/home/ravi/pmb2_foxy_ws/install/pmb2_robot:/home/ravi/pmb2_foxy_ws/install/pmb2_bringup:/home/ravi/pmb2_foxy_ws/install/pmb2_description:/home/ravi/pmb2_foxy_ws/install/pmb2_controller_configuration:/home/ravi/pmb2_foxy_ws/install/launch_pal:/opt/ros/foxy LD_LIBRARY_PATH=/home/ravi/pmb2_foxy_ws/install/hardware_interface/lib:${LD_LIBRARY_PATH} /usr/bin/cmake --build /home/ravi/pmb2_foxy_ws/build/transmission_interface -- -j8 -l8
[0.744s] [35m[1mScanning dependencies of target gmock[0m
[0.745s] [35m[1mScanning dependencies of target gmock_main[0m
[0.756s] [  9%] [32mBuilding CXX object gmock/CMakeFiles/gmock_main.dir/src/gmock_main.cc.o[0m
[0.758s] [ 27%] [32mBuilding CXX object gmock/CMakeFiles/gmock.dir/src/gmock-all.cc.o[0m
[0.758s] [ 27%] [32mBuilding CXX object gmock/CMakeFiles/gmock.dir/opt/ros/foxy/src/gtest_vendor/src/gtest-all.cc.o[0m
[1.407s] [ 36%] [32m[1mLinking CXX static library libgmock_main.a[0m
[1.440s] [ 36%] Built target gmock_main
[3.079s] [ 45%] [32m[1mLinking CXX static library libgmock.a[0m
[3.119s] [ 45%] Built target gmock
[3.126s] [35m[1mScanning dependencies of target test_four_bar_linkage_transmission[0m
[3.126s] [35m[1mScanning dependencies of target test_differential_transmission[0m
[3.126s] [35m[1mScanning dependencies of target test_simple_transmission[0m
[3.140s] [ 63%] [32mBuilding CXX object CMakeFiles/test_four_bar_linkage_transmission.dir/test/four_bar_linkage_transmission_test.cpp.o[0m
[3.140s] [ 63%] [32mBuilding CXX object CMakeFiles/test_differential_transmission.dir/test/differential_transmission_test.cpp.o[0m
[3.140s] [ 72%] [32mBuilding CXX object CMakeFiles/test_simple_transmission.dir/test/simple_transmission_test.cpp.o[0m
[4.345s] [ 81%] [32m[1mLinking CXX executable test_differential_transmission[0m
[4.502s] [ 81%] Built target test_differential_transmission
[4.712s] [ 90%] [32m[1mLinking CXX executable test_simple_transmission[0m
[4.808s] [100%] [32m[1mLinking CXX executable test_four_bar_linkage_transmission[0m
[4.960s] [100%] Built target test_simple_transmission
[5.049s] [100%] Built target test_four_bar_linkage_transmission
[5.057s] Invoked command in '/home/ravi/pmb2_foxy_ws/build/transmission_interface' returned '0': AMENT_PREFIX_PATH=/home/ravi/pmb2_foxy_ws/install/hardware_interface:${AMENT_PREFIX_PATH} CMAKE_PREFIX_PATH=/home/ravi/pmb2_foxy_ws/install/hardware_interface:/home/ravi/pmb2_foxy_ws/install/ros2_control_test_assets:/home/ravi/pmb2_foxy_ws/install/gazebo_ros_pkgs:/home/ravi/pmb2_foxy_ws/install/gazebo_plugins:/home/ravi/pmb2_foxy_ws/install/gazebo_ros:/home/ravi/pmb2_foxy_ws/install/gazebo_msgs:/home/ravi/pmb2_foxy_ws/install/gazebo_dev:/home/ravi/pmb2_foxy_ws/install/pal_gazebo_worlds:/home/ravi/pmb2_foxy_ws/install/pmb2_simulation:/home/ravi/pmb2_foxy_ws/install/pmb2_navigation:/home/ravi/pmb2_foxy_ws/install/pmb2_2dnav_gazebo:/home/ravi/pmb2_foxy_ws/install/pmb2_2dnav:/home/ravi/pmb2_foxy_ws/install/pmb2_maps:/home/ravi/pmb2_foxy_ws/install/pmb2_gazebo:/home/ravi/pmb2_foxy_ws/install/pmb2_robot:/home/ravi/pmb2_foxy_ws/install/pmb2_bringup:/home/ravi/pmb2_foxy_ws/install/pmb2_description:/home/ravi/pmb2_foxy_ws/install/pmb2_controller_configuration:/home/ravi/pmb2_foxy_ws/install/launch_pal:/opt/ros/foxy LD_LIBRARY_PATH=/home/ravi/pmb2_foxy_ws/install/hardware_interface/lib:${LD_LIBRARY_PATH} /usr/bin/cmake --build /home/ravi/pmb2_foxy_ws/build/transmission_interface -- -j8 -l8
[5.081s] Invoking command in '/home/ravi/pmb2_foxy_ws/build/transmission_interface': AMENT_PREFIX_PATH=/home/ravi/pmb2_foxy_ws/install/hardware_interface:${AMENT_PREFIX_PATH} CMAKE_PREFIX_PATH=/home/ravi/pmb2_foxy_ws/install/hardware_interface:/home/ravi/pmb2_foxy_ws/install/ros2_control_test_assets:/home/ravi/pmb2_foxy_ws/install/gazebo_ros_pkgs:/home/ravi/pmb2_foxy_ws/install/gazebo_plugins:/home/ravi/pmb2_foxy_ws/install/gazebo_ros:/home/ravi/pmb2_foxy_ws/install/gazebo_msgs:/home/ravi/pmb2_foxy_ws/install/gazebo_dev:/home/ravi/pmb2_foxy_ws/install/pal_gazebo_worlds:/home/ravi/pmb2_foxy_ws/install/pmb2_simulation:/home/ravi/pmb2_foxy_ws/install/pmb2_navigation:/home/ravi/pmb2_foxy_ws/install/pmb2_2dnav_gazebo:/home/ravi/pmb2_foxy_ws/install/pmb2_2dnav:/home/ravi/pmb2_foxy_ws/install/pmb2_maps:/home/ravi/pmb2_foxy_ws/install/pmb2_gazebo:/home/ravi/pmb2_foxy_ws/install/pmb2_robot:/home/ravi/pmb2_foxy_ws/install/pmb2_bringup:/home/ravi/pmb2_foxy_ws/install/pmb2_description:/home/ravi/pmb2_foxy_ws/install/pmb2_controller_configuration:/home/ravi/pmb2_foxy_ws/install/launch_pal:/opt/ros/foxy LD_LIBRARY_PATH=/home/ravi/pmb2_foxy_ws/install/hardware_interface/lib:${LD_LIBRARY_PATH} /usr/bin/cmake --install /home/ravi/pmb2_foxy_ws/build/transmission_interface
[5.088s] -- Install configuration: ""
[5.088s] -- Installing: /home/ravi/pmb2_foxy_ws/install/transmission_interface/include
[5.088s] -- Installing: /home/ravi/pmb2_foxy_ws/install/transmission_interface/include/transmission_interface
[5.088s] -- Installing: /home/ravi/pmb2_foxy_ws/install/transmission_interface/include/transmission_interface/transmission_parser.hpp
[5.088s] -- Installing: /home/ravi/pmb2_foxy_ws/install/transmission_interface/include/transmission_interface/differential_transmission.hpp
[5.088s] -- Installing: /home/ravi/pmb2_foxy_ws/install/transmission_interface/include/transmission_interface/simple_transmission.hpp
[5.089s] -- Installing: /home/ravi/pmb2_foxy_ws/install/transmission_interface/include/transmission_interface/four_bar_linkage_transmission.hpp
[5.089s] -- Installing: /home/ravi/pmb2_foxy_ws/install/transmission_interface/include/transmission_interface/exception.hpp
[5.089s] -- Installing: /home/ravi/pmb2_foxy_ws/install/transmission_interface/include/transmission_interface/accessor.hpp
[5.089s] -- Installing: /home/ravi/pmb2_foxy_ws/install/transmission_interface/include/transmission_interface/handle.hpp
[5.089s] -- Installing: /home/ravi/pmb2_foxy_ws/install/transmission_interface/include/transmission_interface/visibility_control.h
[5.089s] -- Installing: /home/ravi/pmb2_foxy_ws/install/transmission_interface/include/transmission_interface/transmission.hpp
[5.089s] -- Installing: /home/ravi/pmb2_foxy_ws/install/transmission_interface/share/ament_index/resource_index/package_run_dependencies/transmission_interface
[5.089s] -- Installing: /home/ravi/pmb2_foxy_ws/install/transmission_interface/share/ament_index/resource_index/parent_prefix_path/transmission_interface
[5.089s] -- Installing: /home/ravi/pmb2_foxy_ws/install/transmission_interface/share/transmission_interface/environment/ament_prefix_path.sh
[5.089s] -- Installing: /home/ravi/pmb2_foxy_ws/install/transmission_interface/share/transmission_interface/environment/ament_prefix_path.dsv
[5.089s] -- Installing: /home/ravi/pmb2_foxy_ws/install/transmission_interface/share/transmission_interface/environment/path.sh
[5.089s] -- Installing: /home/ravi/pmb2_foxy_ws/install/transmission_interface/share/transmission_interface/environment/path.dsv
[5.089s] -- Installing: /home/ravi/pmb2_foxy_ws/install/transmission_interface/share/transmission_interface/local_setup.bash
[5.089s] -- Installing: /home/ravi/pmb2_foxy_ws/install/transmission_interface/share/transmission_interface/local_setup.sh
[5.090s] -- Installing: /home/ravi/pmb2_foxy_ws/install/transmission_interface/share/transmission_interface/local_setup.zsh
[5.090s] -- Installing: /home/ravi/pmb2_foxy_ws/install/transmission_interface/share/transmission_interface/local_setup.dsv
[5.090s] -- Installing: /home/ravi/pmb2_foxy_ws/install/transmission_interface/share/transmission_interface/package.dsv
[5.090s] -- Installing: /home/ravi/pmb2_foxy_ws/install/transmission_interface/share/ament_index/resource_index/packages/transmission_interface
[5.090s] -- Installing: /home/ravi/pmb2_foxy_ws/install/transmission_interface/share/transmission_interface/cmake/ament_cmake_export_include_directories-extras.cmake
[5.090s] -- Installing: /home/ravi/pmb2_foxy_ws/install/transmission_interface/share/transmission_interface/cmake/ament_cmake_export_dependencies-extras.cmake
[5.090s] -- Installing: /home/ravi/pmb2_foxy_ws/install/transmission_interface/share/transmission_interface/cmake/transmission_interfaceConfig.cmake
[5.090s] -- Installing: /home/ravi/pmb2_foxy_ws/install/transmission_interface/share/transmission_interface/cmake/transmission_interfaceConfig-version.cmake
[5.090s] -- Installing: /home/ravi/pmb2_foxy_ws/install/transmission_interface/share/transmission_interface/package.xml
[5.095s] Invoked command in '/home/ravi/pmb2_foxy_ws/build/transmission_interface' returned '0': AMENT_PREFIX_PATH=/home/ravi/pmb2_foxy_ws/install/hardware_interface:${AMENT_PREFIX_PATH} CMAKE_PREFIX_PATH=/home/ravi/pmb2_foxy_ws/install/hardware_interface:/home/ravi/pmb2_foxy_ws/install/ros2_control_test_assets:/home/ravi/pmb2_foxy_ws/install/gazebo_ros_pkgs:/home/ravi/pmb2_foxy_ws/install/gazebo_plugins:/home/ravi/pmb2_foxy_ws/install/gazebo_ros:/home/ravi/pmb2_foxy_ws/install/gazebo_msgs:/home/ravi/pmb2_foxy_ws/install/gazebo_dev:/home/ravi/pmb2_foxy_ws/install/pal_gazebo_worlds:/home/ravi/pmb2_foxy_ws/install/pmb2_simulation:/home/ravi/pmb2_foxy_ws/install/pmb2_navigation:/home/ravi/pmb2_foxy_ws/install/pmb2_2dnav_gazebo:/home/ravi/pmb2_foxy_ws/install/pmb2_2dnav:/home/ravi/pmb2_foxy_ws/install/pmb2_maps:/home/ravi/pmb2_foxy_ws/install/pmb2_gazebo:/home/ravi/pmb2_foxy_ws/install/pmb2_robot:/home/ravi/pmb2_foxy_ws/install/pmb2_bringup:/home/ravi/pmb2_foxy_ws/install/pmb2_description:/home/ravi/pmb2_foxy_ws/install/pmb2_controller_configuration:/home/ravi/pmb2_foxy_ws/install/launch_pal:/opt/ros/foxy LD_LIBRARY_PATH=/home/ravi/pmb2_foxy_ws/install/hardware_interface/lib:${LD_LIBRARY_PATH} /usr/bin/cmake --install /home/ravi/pmb2_foxy_ws/build/transmission_interface
