-- Found ament_cmake: 0.9.9 (/opt/ros/foxy/share/ament_cmake/cmake)
-- Using PYTHON_EXECUTABLE: /usr/bin/python3
-- Override CMake install command with custom implementation using symlinks instead of copying resources
-- Found hardware_interface: 0.11.0 (/home/ravi/pmb2_foxy_ws/install/hardware_interface/share/hardware_interface/cmake)
-- Using all available rosidl_typesupport_c: rosidl_typesupport_fastrtps_c;rosidl_typesupport_introspection_c
-- Found rosidl_adapter: 1.2.1 (/opt/ros/foxy/share/rosidl_adapter/cmake)
-- Using all available rosidl_typesupport_cpp: rosidl_typesupport_fastrtps_cpp;rosidl_typesupport_introspection_cpp
-- Found ament_cmake_gmock: 0.9.9 (/opt/ros/foxy/share/ament_cmake_gmock/cmake)
-- Found ament_lint_auto: 0.9.6 (/opt/ros/foxy/share/ament_lint_auto/cmake)
-- Found gmock sources under '/opt/ros/foxy/src/gmock_vendor': C++ tests using 'Google Mock' will be built
-- Found ament_cmake_gtest: 0.9.9 (/opt/ros/foxy/share/ament_cmake_gtest/cmake)
-- Found gtest sources under '/opt/ros/foxy/src/gtest_vendor': C++ tests using 'Google Test' will be built
-- Added test 'copyright' to check source files copyright and LICENSE
-- Added test 'cppcheck' to perform static code analysis on C / C++ code
-- Configured cppcheck include dirs: /home/ravi/pmb2_foxy_ws/src/ros2_control/transmission_interface/include;/home/ravi/pmb2_foxy_ws/src/ros2_control/transmission_interface/hardware_interface
-- Configured cppcheck exclude dirs and/or files: 
-- Added test 'lint_cmake' to check CMake code style
-- Added test 'xmllint' to check XML markup files
-- Configuring done
-- Generating done
-- Build files have been written to: /home/ravi/pmb2_foxy_ws/build/transmission_interface
[ 18%] Built target gmock_main
[ 45%] Built target gmock
[100%] Built target test_simple_transmission
[100%] Built target test_differential_transmission
[100%] Built target test_four_bar_linkage_transmission
-- Install configuration: ""
-- Execute custom install script
-- Symlinking: /home/ravi/pmb2_foxy_ws/install/transmission_interface/include/transmission_interface/accessor.hpp
-- Symlinking: /home/ravi/pmb2_foxy_ws/install/transmission_interface/include/transmission_interface/differential_transmission.hpp
-- Symlinking: /home/ravi/pmb2_foxy_ws/install/transmission_interface/include/transmission_interface/exception.hpp
-- Symlinking: /home/ravi/pmb2_foxy_ws/install/transmission_interface/include/transmission_interface/four_bar_linkage_transmission.hpp
-- Symlinking: /home/ravi/pmb2_foxy_ws/install/transmission_interface/include/transmission_interface/handle.hpp
-- Symlinking: /home/ravi/pmb2_foxy_ws/install/transmission_interface/include/transmission_interface/simple_transmission.hpp
-- Symlinking: /home/ravi/pmb2_foxy_ws/install/transmission_interface/include/transmission_interface/transmission.hpp
-- Symlinking: /home/ravi/pmb2_foxy_ws/install/transmission_interface/include/transmission_interface/transmission_parser.hpp
-- Symlinking: /home/ravi/pmb2_foxy_ws/install/transmission_interface/include/transmission_interface/visibility_control.h
-- Symlinking: /home/ravi/pmb2_foxy_ws/install/transmission_interface/share/ament_index/resource_index/package_run_dependencies/transmission_interface
-- Symlinking: /home/ravi/pmb2_foxy_ws/install/transmission_interface/share/ament_index/resource_index/parent_prefix_path/transmission_interface
-- Symlinking: /home/ravi/pmb2_foxy_ws/install/transmission_interface/share/transmission_interface/environment/ament_prefix_path.sh
-- Symlinking: /home/ravi/pmb2_foxy_ws/install/transmission_interface/share/transmission_interface/environment/ament_prefix_path.dsv
-- Symlinking: /home/ravi/pmb2_foxy_ws/install/transmission_interface/share/transmission_interface/environment/path.sh
-- Symlinking: /home/ravi/pmb2_foxy_ws/install/transmission_interface/share/transmission_interface/environment/path.dsv
-- Symlinking: /home/ravi/pmb2_foxy_ws/install/transmission_interface/share/transmission_interface/local_setup.bash
-- Symlinking: /home/ravi/pmb2_foxy_ws/install/transmission_interface/share/transmission_interface/local_setup.sh
-- Symlinking: /home/ravi/pmb2_foxy_ws/install/transmission_interface/share/transmission_interface/local_setup.zsh
-- Symlinking: /home/ravi/pmb2_foxy_ws/install/transmission_interface/share/transmission_interface/local_setup.dsv
-- Symlinking: /home/ravi/pmb2_foxy_ws/install/transmission_interface/share/transmission_interface/package.dsv
-- Symlinking: /home/ravi/pmb2_foxy_ws/install/transmission_interface/share/ament_index/resource_index/packages/transmission_interface
-- Symlinking: /home/ravi/pmb2_foxy_ws/install/transmission_interface/share/transmission_interface/cmake/ament_cmake_export_include_directories-extras.cmake
-- Symlinking: /home/ravi/pmb2_foxy_ws/install/transmission_interface/share/transmission_interface/cmake/ament_cmake_export_dependencies-extras.cmake
-- Symlinking: /home/ravi/pmb2_foxy_ws/install/transmission_interface/share/transmission_interface/cmake/transmission_interfaceConfig.cmake
-- Symlinking: /home/ravi/pmb2_foxy_ws/install/transmission_interface/share/transmission_interface/cmake/transmission_interfaceConfig-version.cmake
-- Symlinking: /home/ravi/pmb2_foxy_ws/install/transmission_interface/share/transmission_interface/package.xml
