[0.028s] Invoking command in '/home/ravi/pmb2_foxy_ws/build/transmission_interface': CMAKE_PREFIX_PATH=/home/ravi/pmb2_foxy_ws/install/hardware_interface:/home/ravi/pmb2_foxy_ws/install/transmission_interface:/home/ravi/pmb2_foxy_ws/install/ros2_control:/home/ravi/pmb2_foxy_ws/install/controller_manager:/home/ravi/pmb2_foxy_ws/install/controller_interface:/home/ravi/pmb2_foxy_ws/install/controller_manager_msgs:/home/ravi/pmb2_foxy_ws/install/ros2_control_test_assets:/home/ravi/pmb2_foxy_ws/install/gazebo_ros_pkgs:/home/ravi/pmb2_foxy_ws/install/gazebo_plugins:/home/ravi/pmb2_foxy_ws/install/gazebo_ros:/home/ravi/pmb2_foxy_ws/install/gazebo_msgs:/home/ravi/pmb2_foxy_ws/install/gazebo_dev:/home/ravi/pmb2_foxy_ws/install/pal_gazebo_worlds:/home/ravi/pmb2_foxy_ws/install/pmb2_simulation:/home/ravi/pmb2_foxy_ws/install/pmb2_navigation:/home/ravi/pmb2_foxy_ws/install/pmb2_2dnav_gazebo:/home/ravi/pmb2_foxy_ws/install/pmb2_2dnav:/home/ravi/pmb2_foxy_ws/install/pmb2_maps:/home/ravi/pmb2_foxy_ws/install/pmb2_gazebo:/home/ravi/pmb2_foxy_ws/install/pmb2_robot:/home/ravi/pmb2_foxy_ws/install/pmb2_bringup:/home/ravi/pmb2_foxy_ws/install/pmb2_description:/home/ravi/pmb2_foxy_ws/install/pmb2_controller_configuration:/home/ravi/pmb2_foxy_ws/install/ros2controlcli:/home/ravi/pmb2_foxy_ws/install/launch_pal:/opt/ros/foxy LD_LIBRARY_PATH=/home/ravi/pmb2_foxy_ws/install/hardware_interface/lib:/home/ravi/pmb2_foxy_ws/install/controller_manager/lib:/home/ravi/pmb2_foxy_ws/install/controller_interface/lib:/home/ravi/pmb2_foxy_ws/install/controller_manager_msgs/lib:/usr/lib/x86_64-linux-gnu/gazebo-11/plugins:/home/ravi/pmb2_foxy_ws/install/gazebo_plugins/lib:/home/ravi/pmb2_foxy_ws/install/gazebo_ros/lib:/home/ravi/pmb2_foxy_ws/install/gazebo_msgs/lib:/opt/ros/foxy/opt/yaml_cpp_vendor/lib:/opt/ros/foxy/opt/rviz_ogre_vendor/lib:/opt/ros/foxy/lib/x86_64-linux-gnu:/opt/ros/foxy/lib /usr/bin/cmake /home/ravi/pmb2_foxy_ws/src/ros2_control/transmission_interface -DAMENT_CMAKE_SYMLINK_INSTALL=1 -DCMAKE_INSTALL_PREFIX=/home/ravi/pmb2_foxy_ws/install/transmission_interface
[0.056s] -- Found ament_cmake: 0.9.9 (/opt/ros/foxy/share/ament_cmake/cmake)
[0.089s] -- Using PYTHON_EXECUTABLE: /usr/bin/python3
[0.281s] -- Override CMake install command with custom implementation using symlinks instead of copying resources
[0.289s] -- Found hardware_interface: 0.11.0 (/home/ravi/pmb2_foxy_ws/install/hardware_interface/share/hardware_interface/cmake)
[0.319s] -- Using all available rosidl_typesupport_c: rosidl_typesupport_fastrtps_c;rosidl_typesupport_introspection_c
[0.323s] -- Found rosidl_adapter: 1.2.1 (/opt/ros/foxy/share/rosidl_adapter/cmake)
[0.466s] -- Using all available rosidl_typesupport_cpp: rosidl_typesupport_fastrtps_cpp;rosidl_typesupport_introspection_cpp
[1.050s] -- Found ament_cmake_gmock: 0.9.9 (/opt/ros/foxy/share/ament_cmake_gmock/cmake)
[1.050s] -- Found ament_lint_auto: 0.9.6 (/opt/ros/foxy/share/ament_lint_auto/cmake)
[1.124s] -- Found gmock sources under '/opt/ros/foxy/src/gmock_vendor': C++ tests using 'Google Mock' will be built
[1.125s] -- Found ament_cmake_gtest: 0.9.9 (/opt/ros/foxy/share/ament_cmake_gtest/cmake)
[1.126s] -- Found gtest sources under '/opt/ros/foxy/src/gtest_vendor': C++ tests using 'Google Test' will be built
[1.180s] -- Added test 'copyright' to check source files copyright and LICENSE
[1.180s] -- Added test 'cppcheck' to perform static code analysis on C / C++ code
[1.181s] -- Configured cppcheck include dirs: /home/ravi/pmb2_foxy_ws/src/ros2_control/transmission_interface/include;/home/ravi/pmb2_foxy_ws/src/ros2_control/transmission_interface/hardware_interface
[1.181s] -- Configured cppcheck exclude dirs and/or files: 
[1.182s] -- Added test 'lint_cmake' to check CMake code style
[1.182s] -- Added test 'xmllint' to check XML markup files
[1.187s] -- Configuring done
[1.232s] -- Generating done
[1.236s] -- Build files have been written to: /home/ravi/pmb2_foxy_ws/build/transmission_interface
[1.243s] Invoked command in '/home/ravi/pmb2_foxy_ws/build/transmission_interface' returned '0': CMAKE_PREFIX_PATH=/home/ravi/pmb2_foxy_ws/install/hardware_interface:/home/ravi/pmb2_foxy_ws/install/transmission_interface:/home/ravi/pmb2_foxy_ws/install/ros2_control:/home/ravi/pmb2_foxy_ws/install/controller_manager:/home/ravi/pmb2_foxy_ws/install/controller_interface:/home/ravi/pmb2_foxy_ws/install/controller_manager_msgs:/home/ravi/pmb2_foxy_ws/install/ros2_control_test_assets:/home/ravi/pmb2_foxy_ws/install/gazebo_ros_pkgs:/home/ravi/pmb2_foxy_ws/install/gazebo_plugins:/home/ravi/pmb2_foxy_ws/install/gazebo_ros:/home/ravi/pmb2_foxy_ws/install/gazebo_msgs:/home/ravi/pmb2_foxy_ws/install/gazebo_dev:/home/ravi/pmb2_foxy_ws/install/pal_gazebo_worlds:/home/ravi/pmb2_foxy_ws/install/pmb2_simulation:/home/ravi/pmb2_foxy_ws/install/pmb2_navigation:/home/ravi/pmb2_foxy_ws/install/pmb2_2dnav_gazebo:/home/ravi/pmb2_foxy_ws/install/pmb2_2dnav:/home/ravi/pmb2_foxy_ws/install/pmb2_maps:/home/ravi/pmb2_foxy_ws/install/pmb2_gazebo:/home/ravi/pmb2_foxy_ws/install/pmb2_robot:/home/ravi/pmb2_foxy_ws/install/pmb2_bringup:/home/ravi/pmb2_foxy_ws/install/pmb2_description:/home/ravi/pmb2_foxy_ws/install/pmb2_controller_configuration:/home/ravi/pmb2_foxy_ws/install/ros2controlcli:/home/ravi/pmb2_foxy_ws/install/launch_pal:/opt/ros/foxy LD_LIBRARY_PATH=/home/ravi/pmb2_foxy_ws/install/hardware_interface/lib:/home/ravi/pmb2_foxy_ws/install/controller_manager/lib:/home/ravi/pmb2_foxy_ws/install/controller_interface/lib:/home/ravi/pmb2_foxy_ws/install/controller_manager_msgs/lib:/usr/lib/x86_64-linux-gnu/gazebo-11/plugins:/home/ravi/pmb2_foxy_ws/install/gazebo_plugins/lib:/home/ravi/pmb2_foxy_ws/install/gazebo_ros/lib:/home/ravi/pmb2_foxy_ws/install/gazebo_msgs/lib:/opt/ros/foxy/opt/yaml_cpp_vendor/lib:/opt/ros/foxy/opt/rviz_ogre_vendor/lib:/opt/ros/foxy/lib/x86_64-linux-gnu:/opt/ros/foxy/lib /usr/bin/cmake /home/ravi/pmb2_foxy_ws/src/ros2_control/transmission_interface -DAMENT_CMAKE_SYMLINK_INSTALL=1 -DCMAKE_INSTALL_PREFIX=/home/ravi/pmb2_foxy_ws/install/transmission_interface
[1.246s] Invoking command in '/home/ravi/pmb2_foxy_ws/build/transmission_interface': CMAKE_PREFIX_PATH=/home/ravi/pmb2_foxy_ws/install/hardware_interface:/home/ravi/pmb2_foxy_ws/install/transmission_interface:/home/ravi/pmb2_foxy_ws/install/ros2_control:/home/ravi/pmb2_foxy_ws/install/controller_manager:/home/ravi/pmb2_foxy_ws/install/controller_interface:/home/ravi/pmb2_foxy_ws/install/controller_manager_msgs:/home/ravi/pmb2_foxy_ws/install/ros2_control_test_assets:/home/ravi/pmb2_foxy_ws/install/gazebo_ros_pkgs:/home/ravi/pmb2_foxy_ws/install/gazebo_plugins:/home/ravi/pmb2_foxy_ws/install/gazebo_ros:/home/ravi/pmb2_foxy_ws/install/gazebo_msgs:/home/ravi/pmb2_foxy_ws/install/gazebo_dev:/home/ravi/pmb2_foxy_ws/install/pal_gazebo_worlds:/home/ravi/pmb2_foxy_ws/install/pmb2_simulation:/home/ravi/pmb2_foxy_ws/install/pmb2_navigation:/home/ravi/pmb2_foxy_ws/install/pmb2_2dnav_gazebo:/home/ravi/pmb2_foxy_ws/install/pmb2_2dnav:/home/ravi/pmb2_foxy_ws/install/pmb2_maps:/home/ravi/pmb2_foxy_ws/install/pmb2_gazebo:/home/ravi/pmb2_foxy_ws/install/pmb2_robot:/home/ravi/pmb2_foxy_ws/install/pmb2_bringup:/home/ravi/pmb2_foxy_ws/install/pmb2_description:/home/ravi/pmb2_foxy_ws/install/pmb2_controller_configuration:/home/ravi/pmb2_foxy_ws/install/ros2controlcli:/home/ravi/pmb2_foxy_ws/install/launch_pal:/opt/ros/foxy LD_LIBRARY_PATH=/home/ravi/pmb2_foxy_ws/install/hardware_interface/lib:/home/ravi/pmb2_foxy_ws/install/controller_manager/lib:/home/ravi/pmb2_foxy_ws/install/controller_interface/lib:/home/ravi/pmb2_foxy_ws/install/controller_manager_msgs/lib:/usr/lib/x86_64-linux-gnu/gazebo-11/plugins:/home/ravi/pmb2_foxy_ws/install/gazebo_plugins/lib:/home/ravi/pmb2_foxy_ws/install/gazebo_ros/lib:/home/ravi/pmb2_foxy_ws/install/gazebo_msgs/lib:/opt/ros/foxy/opt/yaml_cpp_vendor/lib:/opt/ros/foxy/opt/rviz_ogre_vendor/lib:/opt/ros/foxy/lib/x86_64-linux-gnu:/opt/ros/foxy/lib /usr/bin/cmake --build /home/ravi/pmb2_foxy_ws/build/transmission_interface -- -j8 -l8
[1.302s] [ 18%] Built target gmock_main
[1.315s] [ 45%] Built target gmock
[1.343s] [100%] Built target test_simple_transmission
[1.343s] [100%] Built target test_differential_transmission
[1.343s] [100%] Built target test_four_bar_linkage_transmission
[1.356s] Invoked command in '/home/ravi/pmb2_foxy_ws/build/transmission_interface' returned '0': CMAKE_PREFIX_PATH=/home/ravi/pmb2_foxy_ws/install/hardware_interface:/home/ravi/pmb2_foxy_ws/install/transmission_interface:/home/ravi/pmb2_foxy_ws/install/ros2_control:/home/ravi/pmb2_foxy_ws/install/controller_manager:/home/ravi/pmb2_foxy_ws/install/controller_interface:/home/ravi/pmb2_foxy_ws/install/controller_manager_msgs:/home/ravi/pmb2_foxy_ws/install/ros2_control_test_assets:/home/ravi/pmb2_foxy_ws/install/gazebo_ros_pkgs:/home/ravi/pmb2_foxy_ws/install/gazebo_plugins:/home/ravi/pmb2_foxy_ws/install/gazebo_ros:/home/ravi/pmb2_foxy_ws/install/gazebo_msgs:/home/ravi/pmb2_foxy_ws/install/gazebo_dev:/home/ravi/pmb2_foxy_ws/install/pal_gazebo_worlds:/home/ravi/pmb2_foxy_ws/install/pmb2_simulation:/home/ravi/pmb2_foxy_ws/install/pmb2_navigation:/home/ravi/pmb2_foxy_ws/install/pmb2_2dnav_gazebo:/home/ravi/pmb2_foxy_ws/install/pmb2_2dnav:/home/ravi/pmb2_foxy_ws/install/pmb2_maps:/home/ravi/pmb2_foxy_ws/install/pmb2_gazebo:/home/ravi/pmb2_foxy_ws/install/pmb2_robot:/home/ravi/pmb2_foxy_ws/install/pmb2_bringup:/home/ravi/pmb2_foxy_ws/install/pmb2_description:/home/ravi/pmb2_foxy_ws/install/pmb2_controller_configuration:/home/ravi/pmb2_foxy_ws/install/ros2controlcli:/home/ravi/pmb2_foxy_ws/install/launch_pal:/opt/ros/foxy LD_LIBRARY_PATH=/home/ravi/pmb2_foxy_ws/install/hardware_interface/lib:/home/ravi/pmb2_foxy_ws/install/controller_manager/lib:/home/ravi/pmb2_foxy_ws/install/controller_interface/lib:/home/ravi/pmb2_foxy_ws/install/controller_manager_msgs/lib:/usr/lib/x86_64-linux-gnu/gazebo-11/plugins:/home/ravi/pmb2_foxy_ws/install/gazebo_plugins/lib:/home/ravi/pmb2_foxy_ws/install/gazebo_ros/lib:/home/ravi/pmb2_foxy_ws/install/gazebo_msgs/lib:/opt/ros/foxy/opt/yaml_cpp_vendor/lib:/opt/ros/foxy/opt/rviz_ogre_vendor/lib:/opt/ros/foxy/lib/x86_64-linux-gnu:/opt/ros/foxy/lib /usr/bin/cmake --build /home/ravi/pmb2_foxy_ws/build/transmission_interface -- -j8 -l8
[1.397s] Invoking command in '/home/ravi/pmb2_foxy_ws/build/transmission_interface': CMAKE_PREFIX_PATH=/home/ravi/pmb2_foxy_ws/install/hardware_interface:/home/ravi/pmb2_foxy_ws/install/transmission_interface:/home/ravi/pmb2_foxy_ws/install/ros2_control:/home/ravi/pmb2_foxy_ws/install/controller_manager:/home/ravi/pmb2_foxy_ws/install/controller_interface:/home/ravi/pmb2_foxy_ws/install/controller_manager_msgs:/home/ravi/pmb2_foxy_ws/install/ros2_control_test_assets:/home/ravi/pmb2_foxy_ws/install/gazebo_ros_pkgs:/home/ravi/pmb2_foxy_ws/install/gazebo_plugins:/home/ravi/pmb2_foxy_ws/install/gazebo_ros:/home/ravi/pmb2_foxy_ws/install/gazebo_msgs:/home/ravi/pmb2_foxy_ws/install/gazebo_dev:/home/ravi/pmb2_foxy_ws/install/pal_gazebo_worlds:/home/ravi/pmb2_foxy_ws/install/pmb2_simulation:/home/ravi/pmb2_foxy_ws/install/pmb2_navigation:/home/ravi/pmb2_foxy_ws/install/pmb2_2dnav_gazebo:/home/ravi/pmb2_foxy_ws/install/pmb2_2dnav:/home/ravi/pmb2_foxy_ws/install/pmb2_maps:/home/ravi/pmb2_foxy_ws/install/pmb2_gazebo:/home/ravi/pmb2_foxy_ws/install/pmb2_robot:/home/ravi/pmb2_foxy_ws/install/pmb2_bringup:/home/ravi/pmb2_foxy_ws/install/pmb2_description:/home/ravi/pmb2_foxy_ws/install/pmb2_controller_configuration:/home/ravi/pmb2_foxy_ws/install/ros2controlcli:/home/ravi/pmb2_foxy_ws/install/launch_pal:/opt/ros/foxy LD_LIBRARY_PATH=/home/ravi/pmb2_foxy_ws/install/hardware_interface/lib:/home/ravi/pmb2_foxy_ws/install/controller_manager/lib:/home/ravi/pmb2_foxy_ws/install/controller_interface/lib:/home/ravi/pmb2_foxy_ws/install/controller_manager_msgs/lib:/usr/lib/x86_64-linux-gnu/gazebo-11/plugins:/home/ravi/pmb2_foxy_ws/install/gazebo_plugins/lib:/home/ravi/pmb2_foxy_ws/install/gazebo_ros/lib:/home/ravi/pmb2_foxy_ws/install/gazebo_msgs/lib:/opt/ros/foxy/opt/yaml_cpp_vendor/lib:/opt/ros/foxy/opt/rviz_ogre_vendor/lib:/opt/ros/foxy/lib/x86_64-linux-gnu:/opt/ros/foxy/lib /usr/bin/cmake --install /home/ravi/pmb2_foxy_ws/build/transmission_interface
[1.407s] -- Install configuration: ""
[1.407s] -- Execute custom install script
[1.408s] -- Symlinking: /home/ravi/pmb2_foxy_ws/install/transmission_interface/include/transmission_interface/accessor.hpp
[1.419s] -- Symlinking: /home/ravi/pmb2_foxy_ws/install/transmission_interface/include/transmission_interface/differential_transmission.hpp
[1.429s] -- Symlinking: /home/ravi/pmb2_foxy_ws/install/transmission_interface/include/transmission_interface/exception.hpp
[1.445s] -- Symlinking: /home/ravi/pmb2_foxy_ws/install/transmission_interface/include/transmission_interface/four_bar_linkage_transmission.hpp
[1.455s] -- Symlinking: /home/ravi/pmb2_foxy_ws/install/transmission_interface/include/transmission_interface/handle.hpp
[1.464s] -- Symlinking: /home/ravi/pmb2_foxy_ws/install/transmission_interface/include/transmission_interface/simple_transmission.hpp
[1.474s] -- Symlinking: /home/ravi/pmb2_foxy_ws/install/transmission_interface/include/transmission_interface/transmission.hpp
[1.483s] -- Symlinking: /home/ravi/pmb2_foxy_ws/install/transmission_interface/include/transmission_interface/transmission_parser.hpp
[1.493s] -- Symlinking: /home/ravi/pmb2_foxy_ws/install/transmission_interface/include/transmission_interface/visibility_control.h
[1.503s] -- Symlinking: /home/ravi/pmb2_foxy_ws/install/transmission_interface/share/ament_index/resource_index/package_run_dependencies/transmission_interface
[1.511s] -- Symlinking: /home/ravi/pmb2_foxy_ws/install/transmission_interface/share/ament_index/resource_index/parent_prefix_path/transmission_interface
[1.521s] -- Symlinking: /home/ravi/pmb2_foxy_ws/install/transmission_interface/share/transmission_interface/environment/ament_prefix_path.sh
[1.530s] -- Symlinking: /home/ravi/pmb2_foxy_ws/install/transmission_interface/share/transmission_interface/environment/ament_prefix_path.dsv
[1.539s] -- Symlinking: /home/ravi/pmb2_foxy_ws/install/transmission_interface/share/transmission_interface/environment/path.sh
[1.549s] -- Symlinking: /home/ravi/pmb2_foxy_ws/install/transmission_interface/share/transmission_interface/environment/path.dsv
[1.559s] -- Symlinking: /home/ravi/pmb2_foxy_ws/install/transmission_interface/share/transmission_interface/local_setup.bash
[1.568s] -- Symlinking: /home/ravi/pmb2_foxy_ws/install/transmission_interface/share/transmission_interface/local_setup.sh
[1.577s] -- Symlinking: /home/ravi/pmb2_foxy_ws/install/transmission_interface/share/transmission_interface/local_setup.zsh
[1.587s] -- Symlinking: /home/ravi/pmb2_foxy_ws/install/transmission_interface/share/transmission_interface/local_setup.dsv
[1.597s] -- Symlinking: /home/ravi/pmb2_foxy_ws/install/transmission_interface/share/transmission_interface/package.dsv
[1.607s] -- Symlinking: /home/ravi/pmb2_foxy_ws/install/transmission_interface/share/ament_index/resource_index/packages/transmission_interface
[1.614s] -- Symlinking: /home/ravi/pmb2_foxy_ws/install/transmission_interface/share/transmission_interface/cmake/ament_cmake_export_include_directories-extras.cmake
[1.623s] -- Symlinking: /home/ravi/pmb2_foxy_ws/install/transmission_interface/share/transmission_interface/cmake/ament_cmake_export_dependencies-extras.cmake
[1.633s] -- Symlinking: /home/ravi/pmb2_foxy_ws/install/transmission_interface/share/transmission_interface/cmake/transmission_interfaceConfig.cmake
[1.642s] -- Symlinking: /home/ravi/pmb2_foxy_ws/install/transmission_interface/share/transmission_interface/cmake/transmission_interfaceConfig-version.cmake
[1.651s] -- Symlinking: /home/ravi/pmb2_foxy_ws/install/transmission_interface/share/transmission_interface/package.xml
[1.677s] Invoked command in '/home/ravi/pmb2_foxy_ws/build/transmission_interface' returned '0': CMAKE_PREFIX_PATH=/home/ravi/pmb2_foxy_ws/install/hardware_interface:/home/ravi/pmb2_foxy_ws/install/transmission_interface:/home/ravi/pmb2_foxy_ws/install/ros2_control:/home/ravi/pmb2_foxy_ws/install/controller_manager:/home/ravi/pmb2_foxy_ws/install/controller_interface:/home/ravi/pmb2_foxy_ws/install/controller_manager_msgs:/home/ravi/pmb2_foxy_ws/install/ros2_control_test_assets:/home/ravi/pmb2_foxy_ws/install/gazebo_ros_pkgs:/home/ravi/pmb2_foxy_ws/install/gazebo_plugins:/home/ravi/pmb2_foxy_ws/install/gazebo_ros:/home/ravi/pmb2_foxy_ws/install/gazebo_msgs:/home/ravi/pmb2_foxy_ws/install/gazebo_dev:/home/ravi/pmb2_foxy_ws/install/pal_gazebo_worlds:/home/ravi/pmb2_foxy_ws/install/pmb2_simulation:/home/ravi/pmb2_foxy_ws/install/pmb2_navigation:/home/ravi/pmb2_foxy_ws/install/pmb2_2dnav_gazebo:/home/ravi/pmb2_foxy_ws/install/pmb2_2dnav:/home/ravi/pmb2_foxy_ws/install/pmb2_maps:/home/ravi/pmb2_foxy_ws/install/pmb2_gazebo:/home/ravi/pmb2_foxy_ws/install/pmb2_robot:/home/ravi/pmb2_foxy_ws/install/pmb2_bringup:/home/ravi/pmb2_foxy_ws/install/pmb2_description:/home/ravi/pmb2_foxy_ws/install/pmb2_controller_configuration:/home/ravi/pmb2_foxy_ws/install/ros2controlcli:/home/ravi/pmb2_foxy_ws/install/launch_pal:/opt/ros/foxy LD_LIBRARY_PATH=/home/ravi/pmb2_foxy_ws/install/hardware_interface/lib:/home/ravi/pmb2_foxy_ws/install/controller_manager/lib:/home/ravi/pmb2_foxy_ws/install/controller_interface/lib:/home/ravi/pmb2_foxy_ws/install/controller_manager_msgs/lib:/usr/lib/x86_64-linux-gnu/gazebo-11/plugins:/home/ravi/pmb2_foxy_ws/install/gazebo_plugins/lib:/home/ravi/pmb2_foxy_ws/install/gazebo_ros/lib:/home/ravi/pmb2_foxy_ws/install/gazebo_msgs/lib:/opt/ros/foxy/opt/yaml_cpp_vendor/lib:/opt/ros/foxy/opt/rviz_ogre_vendor/lib:/opt/ros/foxy/lib/x86_64-linux-gnu:/opt/ros/foxy/lib /usr/bin/cmake --install /home/ravi/pmb2_foxy_ws/build/transmission_interface
