[0.015s] Invoking command in '/home/ravi/pmb2_foxy_ws/build/gazebo_plugins': CMAKE_PREFIX_PATH=/home/ravi/pmb2_foxy_ws/install/gazebo_ros:/home/ravi/pmb2_foxy_ws/install/gazebo_msgs:/home/ravi/pmb2_foxy_ws/install/gazebo_dev:/home/ravi/pmb2_foxy_ws/install/gazebo_ros_pkgs:/home/ravi/pmb2_foxy_ws/install/gazebo_plugins:/home/ravi/pmb2_foxy_ws/install/pal_gazebo_worlds:/home/ravi/pmb2_foxy_ws/install/pmb2_simulation:/home/ravi/pmb2_foxy_ws/install/pmb2_navigation:/home/ravi/pmb2_foxy_ws/install/pmb2_2dnav_gazebo:/home/ravi/pmb2_foxy_ws/install/pmb2_2dnav:/home/ravi/pmb2_foxy_ws/install/pmb2_maps:/home/ravi/pmb2_foxy_ws/install/pmb2_gazebo:/home/ravi/pmb2_foxy_ws/install/pmb2_robot:/home/ravi/pmb2_foxy_ws/install/pmb2_bringup:/home/ravi/pmb2_foxy_ws/install/pmb2_description:/home/ravi/pmb2_foxy_ws/install/pmb2_controller_configuration:/home/ravi/pmb2_foxy_ws/install/launch_pal:/opt/ros/foxy LD_LIBRARY_PATH=/home/ravi/pmb2_foxy_ws/install/gazebo_ros/lib:/home/ravi/pmb2_foxy_ws/install/gazebo_msgs/lib:/usr/lib/x86_64-linux-gnu/gazebo-11/plugins:/home/ravi/pmb2_foxy_ws/install/gazebo_plugins/lib:/opt/ros/foxy/opt/yaml_cpp_vendor/lib:/opt/ros/foxy/opt/rviz_ogre_vendor/lib:/opt/ros/foxy/lib/x86_64-linux-gnu:/opt/ros/foxy/lib /usr/bin/cmake /home/ravi/pmb2_foxy_ws/src/gazebo_ros_pkgs/gazebo_plugins -DCMAKE_INSTALL_PREFIX=/home/ravi/pmb2_foxy_ws/install/gazebo_plugins
[0.026s] -- Found ament_cmake: 0.9.9 (/opt/ros/foxy/share/ament_cmake/cmake)
[0.044s] -- Using PYTHON_EXECUTABLE: /usr/bin/python3
[0.145s] -- Override CMake install command with custom implementation using symlinks instead of copying resources
[0.150s] -- Found camera_info_manager: 2.3.0 (/opt/ros/foxy/share/camera_info_manager/cmake)
[0.177s] -- Using all available rosidl_typesupport_c: rosidl_typesupport_fastrtps_c;rosidl_typesupport_introspection_c
[0.179s] -- Found rosidl_adapter: 1.2.1 (/opt/ros/foxy/share/rosidl_adapter/cmake)
[0.259s] -- Using all available rosidl_typesupport_cpp: rosidl_typesupport_fastrtps_cpp;rosidl_typesupport_introspection_cpp
[0.293s] -- Found rmw_implementation_cmake: 1.0.3 (/opt/ros/foxy/share/rmw_implementation_cmake/cmake)
[0.294s] -- Using RMW implementation 'rmw_fastrtps_cpp' as default
[0.478s] -- Setting yaml-cpp_DIR to: '/opt/ros/foxy/share/yaml_cpp_vendor/cmake/../../../opt/yaml_cpp_vendor/lib/cmake/yaml-cpp'
[0.517s] -- Found gazebo_dev: 3.5.3 (/home/ravi/pmb2_foxy_ws/install/gazebo_dev/share/gazebo_dev/cmake)
[0.546s] -- Found DART: /usr/include (Required is at least version "6.6") found components: dart 
[0.563s] -- Found Protobuf: /usr/lib/x86_64-linux-gnu/libprotobuf.so;-pthread (found version "3.6.1") 
[0.564s] -- Looking for ignition-math6 -- found version 6.12.0
[0.567s] -- Searching for dependencies of ignition-math6
[0.568s] -- Looking for OGRE...
[0.572s] -- Found Ogre Ghadamon (1.9.0)
[0.572s] -- Found OGRE: optimized;/usr/lib/x86_64-linux-gnu/libOgreMain.so;debug;/usr/lib/x86_64-linux-gnu/libOgreMain.so
[0.579s] -- Looking for OGRE_Paging...
[0.579s] -- Found OGRE_Paging: optimized;/usr/lib/x86_64-linux-gnu/libOgrePaging.so;debug;/usr/lib/x86_64-linux-gnu/libOgrePaging.so
[0.579s] -- Looking for OGRE_Terrain...
[0.579s] -- Found OGRE_Terrain: optimized;/usr/lib/x86_64-linux-gnu/libOgreTerrain.so;debug;/usr/lib/x86_64-linux-gnu/libOgreTerrain.so
[0.579s] -- Looking for OGRE_Property...
[0.579s] -- Found OGRE_Property: optimized;/usr/lib/x86_64-linux-gnu/libOgreProperty.so;debug;/usr/lib/x86_64-linux-gnu/libOgreProperty.so
[0.579s] -- Looking for OGRE_RTShaderSystem...
[0.579s] -- Found OGRE_RTShaderSystem: optimized;/usr/lib/x86_64-linux-gnu/libOgreRTShaderSystem.so;debug;/usr/lib/x86_64-linux-gnu/libOgreRTShaderSystem.so
[0.579s] -- Looking for OGRE_Volume...
[0.579s] -- Found OGRE_Volume: optimized;/usr/lib/x86_64-linux-gnu/libOgreVolume.so;debug;/usr/lib/x86_64-linux-gnu/libOgreVolume.so
[0.579s] -- Looking for OGRE_Overlay...
[0.579s] -- Found OGRE_Overlay: optimized;/usr/lib/x86_64-linux-gnu/libOgreOverlay.so;debug;/usr/lib/x86_64-linux-gnu/libOgreOverlay.so
[0.664s] -- Looking for ignition-math6 -- found version 6.12.0
[0.664s] -- Looking for ignition-transport8 -- found version 8.3.0
[0.664s] -- Searching for dependencies of ignition-transport8
[0.676s] -- Found Protobuf: /usr/lib/x86_64-linux-gnu/libprotobuf.so;-pthread (found suitable version "3.6.1", minimum required is "3") 
[0.683s] -- Config-file not installed for ZeroMQ -- checking for pkg-config
[0.686s] -- Checking for module 'libzmq >= 4'
[0.696s] --   Found libzmq , version 4.3.2
[0.722s] -- Checking for module 'uuid'
[0.731s] --   Found uuid, version 2.34.0
[0.752s] -- Looking for ignition-msgs5 -- found version 5.10.0
[0.752s] -- Searching for dependencies of ignition-msgs5
[0.764s] -- Looking for ignition-math6 -- found version 6.12.0
[0.767s] -- Checking for module 'tinyxml2'
[0.777s] --   Found tinyxml2, version 6.2.0
[0.797s] -- Looking for ignition-msgs5 -- found version 5.10.0
[0.798s] -- Looking for ignition-common3 -- found version 3.14.2
[0.798s] -- Searching for dependencies of ignition-common3
[0.798s] -- Looking for dlfcn.h - found
[0.798s] -- Looking for libdl - found
[0.804s] -- Searching for <ignition-common3> component [graphics]
[0.804s] -- Looking for ignition-common3-graphics -- found version 3.14.2
[0.805s] -- Searching for dependencies of ignition-common3-graphics
[0.805s] -- Looking for ignition-math6 -- found version 6.12.0
[0.806s] -- Looking for ignition-fuel_tools4 -- found version 4.6.0
[0.806s] -- Searching for dependencies of ignition-fuel_tools4
[0.824s] -- Checking for module 'jsoncpp'
[0.833s] --   Found jsoncpp, version 1.7.4
[0.857s] -- Checking for module 'libzip'
[0.866s] --   Found libzip, version 1.5.1
[0.886s] -- Looking for ignition-common3 -- found version 3.14.2
[0.886s] -- Looking for ignition-math6 -- found version 6.12.0
[0.887s] -- Looking for ignition-msgs5 -- found version 5.10.0
[0.887s] -- Gazebo version: 11.11
[0.887s] -- Found gazebo_msgs: 3.5.3 (/home/ravi/pmb2_foxy_ws/install/gazebo_msgs/share/gazebo_msgs/cmake)
[1.015s] -- Found gazebo_ros: 3.5.3 (/home/ravi/pmb2_foxy_ws/install/gazebo_ros/share/gazebo_ros/cmake)
[1.024s] -- Found image_transport: 2.3.0 (/opt/ros/foxy/share/image_transport/cmake)
[1.053s] -- Found cv_bridge: 2.2.1 (/opt/ros/foxy/share/cv_bridge/cmake)
[1.064s] -- Found nav_msgs: 2.0.5 (/opt/ros/foxy/share/nav_msgs/cmake)
[1.110s] -- Found std_srvs: 2.0.5 (/opt/ros/foxy/share/std_srvs/cmake)
[1.116s] -- Found tf2: 0.13.13 (/opt/ros/foxy/share/tf2/cmake)
[1.122s] -- Found tf2_geometry_msgs: 0.13.13 (/opt/ros/foxy/share/tf2_geometry_msgs/cmake)
[1.127s] -- Found eigen3_cmake_module: 0.1.1 (/opt/ros/foxy/share/eigen3_cmake_module/cmake)
[1.712s] -- Found ament_cmake_gtest: 0.9.9 (/opt/ros/foxy/share/ament_cmake_gtest/cmake)
[1.718s] -- Found gtest sources under '/opt/ros/foxy/src/gtest_vendor': C++ tests using 'Google Test' will be built
[2.196s] -- Found ament_lint_auto: 0.9.6 (/opt/ros/foxy/share/ament_lint_auto/cmake)
[2.242s] -- Added test 'copyright' to check source files copyright and LICENSE
[2.244s] -- Added test 'cppcheck' to perform static code analysis on C / C++ code
[2.247s] -- Configured cppcheck include dirs: /home/ravi/pmb2_foxy_ws/src/gazebo_ros_pkgs/gazebo_plugins/include
[2.247s] -- Configured cppcheck exclude dirs and/or files: 
[2.249s] -- Added test 'cpplint' to check C / C++ code against the Google style
[2.249s] -- Configured cpplint exclude dirs and/or files: 
[2.250s] -- Added test 'lint_cmake' to check CMake code style
[2.253s] -- Added test 'uncrustify' to check C / C++ code style
[2.253s] -- Configured uncrustify additional arguments: 
[2.253s] -- Added test 'xmllint' to check XML markup files
[2.257s] -- Configuring done
[2.895s] -- Generating done
[2.900s] -- Build files have been written to: /home/ravi/pmb2_foxy_ws/build/gazebo_plugins
[2.913s] Invoked command in '/home/ravi/pmb2_foxy_ws/build/gazebo_plugins' returned '0': CMAKE_PREFIX_PATH=/home/ravi/pmb2_foxy_ws/install/gazebo_ros:/home/ravi/pmb2_foxy_ws/install/gazebo_msgs:/home/ravi/pmb2_foxy_ws/install/gazebo_dev:/home/ravi/pmb2_foxy_ws/install/gazebo_ros_pkgs:/home/ravi/pmb2_foxy_ws/install/gazebo_plugins:/home/ravi/pmb2_foxy_ws/install/pal_gazebo_worlds:/home/ravi/pmb2_foxy_ws/install/pmb2_simulation:/home/ravi/pmb2_foxy_ws/install/pmb2_navigation:/home/ravi/pmb2_foxy_ws/install/pmb2_2dnav_gazebo:/home/ravi/pmb2_foxy_ws/install/pmb2_2dnav:/home/ravi/pmb2_foxy_ws/install/pmb2_maps:/home/ravi/pmb2_foxy_ws/install/pmb2_gazebo:/home/ravi/pmb2_foxy_ws/install/pmb2_robot:/home/ravi/pmb2_foxy_ws/install/pmb2_bringup:/home/ravi/pmb2_foxy_ws/install/pmb2_description:/home/ravi/pmb2_foxy_ws/install/pmb2_controller_configuration:/home/ravi/pmb2_foxy_ws/install/launch_pal:/opt/ros/foxy LD_LIBRARY_PATH=/home/ravi/pmb2_foxy_ws/install/gazebo_ros/lib:/home/ravi/pmb2_foxy_ws/install/gazebo_msgs/lib:/usr/lib/x86_64-linux-gnu/gazebo-11/plugins:/home/ravi/pmb2_foxy_ws/install/gazebo_plugins/lib:/opt/ros/foxy/opt/yaml_cpp_vendor/lib:/opt/ros/foxy/opt/rviz_ogre_vendor/lib:/opt/ros/foxy/lib/x86_64-linux-gnu:/opt/ros/foxy/lib /usr/bin/cmake /home/ravi/pmb2_foxy_ws/src/gazebo_ros_pkgs/gazebo_plugins -DCMAKE_INSTALL_PREFIX=/home/ravi/pmb2_foxy_ws/install/gazebo_plugins
[2.915s] Invoking command in '/home/ravi/pmb2_foxy_ws/build/gazebo_plugins': CMAKE_PREFIX_PATH=/home/ravi/pmb2_foxy_ws/install/gazebo_ros:/home/ravi/pmb2_foxy_ws/install/gazebo_msgs:/home/ravi/pmb2_foxy_ws/install/gazebo_dev:/home/ravi/pmb2_foxy_ws/install/gazebo_ros_pkgs:/home/ravi/pmb2_foxy_ws/install/gazebo_plugins:/home/ravi/pmb2_foxy_ws/install/pal_gazebo_worlds:/home/ravi/pmb2_foxy_ws/install/pmb2_simulation:/home/ravi/pmb2_foxy_ws/install/pmb2_navigation:/home/ravi/pmb2_foxy_ws/install/pmb2_2dnav_gazebo:/home/ravi/pmb2_foxy_ws/install/pmb2_2dnav:/home/ravi/pmb2_foxy_ws/install/pmb2_maps:/home/ravi/pmb2_foxy_ws/install/pmb2_gazebo:/home/ravi/pmb2_foxy_ws/install/pmb2_robot:/home/ravi/pmb2_foxy_ws/install/pmb2_bringup:/home/ravi/pmb2_foxy_ws/install/pmb2_description:/home/ravi/pmb2_foxy_ws/install/pmb2_controller_configuration:/home/ravi/pmb2_foxy_ws/install/launch_pal:/opt/ros/foxy LD_LIBRARY_PATH=/home/ravi/pmb2_foxy_ws/install/gazebo_ros/lib:/home/ravi/pmb2_foxy_ws/install/gazebo_msgs/lib:/usr/lib/x86_64-linux-gnu/gazebo-11/plugins:/home/ravi/pmb2_foxy_ws/install/gazebo_plugins/lib:/opt/ros/foxy/opt/yaml_cpp_vendor/lib:/opt/ros/foxy/opt/rviz_ogre_vendor/lib:/opt/ros/foxy/lib/x86_64-linux-gnu:/opt/ros/foxy/lib /usr/bin/cmake --build /home/ravi/pmb2_foxy_ws/build/gazebo_plugins -- -j8 -l8
[2.968s] [  1%] [32mBuilding CXX object CMakeFiles/multi_camera_plugin.dir/src/multi_camera_plugin.cpp.o[0m
[2.978s] [  2%] [32mBuilding CXX object CMakeFiles/gazebo_ros_force.dir/src/gazebo_ros_force.cpp.o[0m
[2.979s] [  3%] [32mBuilding CXX object CMakeFiles/gazebo_ros_joint_state_publisher.dir/src/gazebo_ros_joint_state_publisher.cpp.o[0m
[2.979s] [  4%] [32mBuilding CXX object CMakeFiles/gazebo_ros_imu_sensor.dir/src/gazebo_ros_imu_sensor.cpp.o[0m
[2.981s] [  5%] [32mBuilding CXX object CMakeFiles/gazebo_ros_tricycle_drive.dir/src/gazebo_ros_tricycle_drive.cpp.o[0m
[2.981s] [  7%] [32mBuilding CXX object CMakeFiles/gazebo_ros_p3d.dir/src/gazebo_ros_p3d.cpp.o[0m
[2.981s] [  8%] [32mBuilding CXX object CMakeFiles/gazebo_ros_gps_sensor.dir/src/gazebo_ros_gps_sensor.cpp.o[0m
[2.985s] [  9%] [32mBuilding CXX object CMakeFiles/gazebo_ros_diff_drive.dir/src/gazebo_ros_diff_drive.cpp.o[0m
[16.311s] [ 10%] [32m[1mLinking CXX shared library libgazebo_ros_gps_sensor.so[0m
[16.850s] [ 10%] Built target gazebo_ros_gps_sensor
[16.908s] [ 11%] [32mBuilding CXX object CMakeFiles/gazebo_ros_template.dir/src/gazebo_ros_template.cpp.o[0m
[16.912s] [ 13%] [32m[1mLinking CXX shared library libgazebo_ros_joint_state_publisher.so[0m
[17.005s] [ 14%] [32m[1mLinking CXX shared library libgazebo_ros_imu_sensor.so[0m
[17.401s] [ 15%] [32m[1mLinking CXX shared library libgazebo_ros_p3d.so[0m
[17.566s] [ 15%] Built target gazebo_ros_joint_state_publisher
[17.593s] [ 15%] Built target gazebo_ros_imu_sensor
[17.629s] [ 16%] [32mBuilding CXX object CMakeFiles/gazebo_ros_video.dir/src/gazebo_ros_video.cpp.o[0m
[17.673s] [ 17%] [32mBuilding CXX object CMakeFiles/gazebo_ros_ft_sensor.dir/src/gazebo_ros_ft_sensor.cpp.o[0m
[18.105s] [ 17%] Built target gazebo_ros_p3d
[18.161s] [ 19%] [32mBuilding CXX object CMakeFiles/gazebo_ros_ray_sensor.dir/src/gazebo_ros_ray_sensor.cpp.o[0m
[18.726s] [ 20%] [32m[1mLinking CXX shared library libgazebo_ros_force.so[0m
[19.520s] [ 20%] Built target gazebo_ros_force
[19.582s] [ 21%] [32mBuilding CXX object CMakeFiles/gazebo_ros_bumper.dir/src/gazebo_ros_bumper.cpp.o[0m
[20.224s] [ 22%] [32m[1mLinking CXX shared library libgazebo_ros_diff_drive.so[0m
[20.226s] [ 23%] [32m[1mLinking CXX shared library libmulti_camera_plugin.so[0m
[20.567s] [ 23%] Built target multi_camera_plugin
[20.621s] [ 25%] [32mBuilding CXX object CMakeFiles/gazebo_ros_harness.dir/src/gazebo_ros_harness.cpp.o[0m
[20.724s] [ 26%] [32m[1mLinking CXX shared library libgazebo_ros_tricycle_drive.so[0m
[21.187s] [ 26%] Built target gazebo_ros_diff_drive
[21.247s] [ 27%] [32mBuilding CXX object CMakeFiles/gazebo_ros_ackermann_drive.dir/src/gazebo_ros_ackermann_drive.cpp.o[0m
[21.714s] [ 27%] Built target gazebo_ros_tricycle_drive
[21.769s] [ 28%] [32mBuilding CXX object CMakeFiles/gazebo_ros_hand_of_god.dir/src/gazebo_ros_hand_of_god.cpp.o[0m
[28.308s] [ 29%] [32m[1mLinking CXX shared library libgazebo_ros_template.so[0m
[28.788s] [ 29%] Built target gazebo_ros_template
[28.846s] [ 30%] [32mBuilding CXX object CMakeFiles/gazebo_ros_planar_move.dir/src/gazebo_ros_planar_move.cpp.o[0m
[31.524s] [ 32%] [32m[1mLinking CXX shared library libgazebo_ros_ft_sensor.so[0m
[32.129s] [ 32%] Built target gazebo_ros_ft_sensor
[32.179s] [ 33%] [32mBuilding CXX object CMakeFiles/gazebo_ros_wheel_slip.dir/src/gazebo_ros_wheel_slip.cpp.o[0m
[34.671s] [ 34%] [32m[1mLinking CXX shared library libgazebo_ros_bumper.so[0m
[35.313s] [ 35%] [32m[1mLinking CXX shared library libgazebo_ros_ray_sensor.so[0m
[35.479s] [ 35%] Built target gazebo_ros_bumper
[35.535s] [ 36%] [32mBuilding CXX object CMakeFiles/gazebo_ros_vacuum_gripper.dir/src/gazebo_ros_vacuum_gripper.cpp.o[0m
[35.916s] [ 38%] [32m[1mLinking CXX shared library libgazebo_ros_hand_of_god.so[0m
[36.247s] [ 38%] Built target gazebo_ros_ray_sensor
[36.304s] [ 39%] [32mBuilding CXX object CMakeFiles/gazebo_ros_joint_pose_trajectory.dir/src/gazebo_ros_joint_pose_trajectory.cpp.o[0m
[36.613s] [ 39%] Built target gazebo_ros_hand_of_god
[36.660s] [ 40%] [32mBuilding CXX object CMakeFiles/gazebo_ros_elevator.dir/src/gazebo_ros_elevator.cpp.o[0m
[37.830s] [ 41%] [32m[1mLinking CXX shared library libgazebo_ros_harness.so[0m
[38.635s] [ 41%] Built target gazebo_ros_harness
[38.688s] [ 42%] [32mBuilding CXX object CMakeFiles/gazebo_ros_projector.dir/src/gazebo_ros_projector.cpp.o[0m
[40.093s] [ 44%] [32m[1mLinking CXX shared library libgazebo_ros_ackermann_drive.so[0m
[41.075s] [ 44%] Built target gazebo_ros_ackermann_drive
[41.100s] [ 46%] Built target gtest
[41.125s] [ 48%] Built target gtest_main
[41.180s] [ 50%] [32mBuilding CXX object CMakeFiles/gazebo_ros_camera.dir/src/gazebo_ros_camera.cpp.o[0m
[43.655s] [ 51%] [32m[1mLinking CXX shared library libgazebo_ros_video.so[0m
[44.813s] [ 51%] Built target gazebo_ros_video
[44.877s] [ 52%] [32mBuilding CXX object test/CMakeFiles/test_gazebo_ros_ray_sensor.dir/test_gazebo_ros_ray_sensor.cpp.o[0m
[46.164s] [ 53%] [32m[1mLinking CXX shared library libgazebo_ros_wheel_slip.so[0m
[46.407s] [ 54%] [32m[1mLinking CXX shared library libgazebo_ros_planar_move.so[0m
[46.633s] [ 54%] Built target gazebo_ros_wheel_slip
[46.694s] [ 55%] [32mBuilding CXX object test/CMakeFiles/test_gazebo_ros_planar_move.dir/test_gazebo_ros_planar_move.cpp.o[0m
[47.341s] [ 55%] Built target gazebo_ros_planar_move
[47.399s] [ 57%] [32mBuilding CXX object test/CMakeFiles/test_gazebo_ros_joint_pose_trajectory.dir/test_gazebo_ros_joint_pose_trajectory.cpp.o[0m
[49.872s] [ 58%] [32m[1mLinking CXX shared library libgazebo_ros_vacuum_gripper.so[0m
[50.055s] [ 59%] [32m[1mLinking CXX shared library libgazebo_ros_elevator.so[0m
[50.536s] [ 59%] Built target gazebo_ros_vacuum_gripper
[50.599s] [ 60%] [32mBuilding CXX object test/CMakeFiles/test_gazebo_ros_ackermann_drive.dir/test_gazebo_ros_ackermann_drive.cpp.o[0m
[50.751s] [ 60%] Built target gazebo_ros_elevator
[50.812s] [ 61%] [32mBuilding CXX object test/CMakeFiles/test_gazebo_ros_elevator.dir/test_gazebo_ros_elevator.cpp.o[0m
[53.483s] [ 63%] [32m[1mLinking CXX shared library libgazebo_ros_joint_pose_trajectory.so[0m
[54.292s] [ 63%] Built target gazebo_ros_joint_pose_trajectory
[54.353s] [ 64%] [32mBuilding CXX object test/CMakeFiles/test_gazebo_ros_p3d.dir/test_gazebo_ros_p3d.cpp.o[0m
[56.168s] [ 65%] [32m[1mLinking CXX shared library libgazebo_ros_projector.so[0m
[57.107s] [ 65%] Built target gazebo_ros_projector
[57.164s] [ 66%] [32mBuilding CXX object test/CMakeFiles/test_gazebo_ros_force.dir/test_gazebo_ros_force.cpp.o[0m
[68.404s] [ 67%] [32m[1mLinking CXX shared library libgazebo_ros_camera.so[0m
[69.452s] [ 67%] Built target gazebo_ros_camera
[69.510s] [ 69%] [32mBuilding CXX object test/CMakeFiles/test_gazebo_ros_tricycle_drive.dir/test_gazebo_ros_tricycle_drive.cpp.o[0m
[71.418s] [ 70%] [32m[1mLinking CXX executable test_gazebo_ros_joint_pose_trajectory[0m
[73.522s] [ 70%] Built target test_gazebo_ros_joint_pose_trajectory
[73.583s] [ 71%] [32mBuilding CXX object test/CMakeFiles/test_gazebo_ros_hand_of_god.dir/test_gazebo_ros_hand_of_god.cpp.o[0m
[74.592s] [ 72%] [32m[1mLinking CXX executable test_gazebo_ros_elevator[0m
[75.644s] [ 73%] [32m[1mLinking CXX executable test_gazebo_ros_planar_move[0m
[76.733s] [ 73%] Built target test_gazebo_ros_elevator
[76.795s] [ 75%] [32mBuilding CXX object test/CMakeFiles/test_gazebo_ros_vacuum_gripper.dir/test_gazebo_ros_vacuum_gripper.cpp.o[0m
[77.917s] [ 75%] Built target test_gazebo_ros_planar_move
[77.981s] [ 76%] [32mBuilding CXX object test/CMakeFiles/test_gazebo_ros_harness.dir/test_gazebo_ros_harness.cpp.o[0m
[78.218s] [ 77%] [32m[1mLinking CXX executable test_gazebo_ros_ray_sensor[0m
[78.841s] [ 78%] [32m[1mLinking CXX executable test_gazebo_ros_ackermann_drive[0m
[81.301s] [ 78%] Built target test_gazebo_ros_ray_sensor
[81.365s] [ 79%] [32mBuilding CXX object test/CMakeFiles/test_gazebo_ros_imu_sensor.dir/test_gazebo_ros_imu_sensor.cpp.o[0m
[81.424s] [ 79%] Built target test_gazebo_ros_ackermann_drive
[81.489s] [ 80%] [32mBuilding CXX object test/CMakeFiles/test_gazebo_ros_gps_sensor.dir/test_gazebo_ros_gps_sensor.cpp.o[0m
[81.638s] [ 82%] [32m[1mLinking CXX executable test_gazebo_ros_force[0m
[83.720s] [ 82%] Built target test_gazebo_ros_force
[83.779s] [ 83%] [32mBuilding CXX object test/CMakeFiles/test_gazebo_ros_ft_sensor.dir/test_gazebo_ros_ft_sensor.cpp.o[0m
[84.254s] [ 84%] [32m[1mLinking CXX executable test_gazebo_ros_p3d[0m
[86.624s] [ 84%] Built target test_gazebo_ros_p3d
[86.685s] [ 85%] [32mBuilding CXX object test/CMakeFiles/test_gazebo_ros_bumper.dir/test_gazebo_ros_bumper.cpp.o[0m
[98.406s] [ 86%] [32m[1mLinking CXX executable test_gazebo_ros_tricycle_drive[0m
[98.429s] [ 88%] [32m[1mLinking CXX executable test_gazebo_ros_hand_of_god[0m
[100.642s] [ 88%] Built target test_gazebo_ros_hand_of_god
[100.702s] [ 89%] [32mBuilding CXX object test/CMakeFiles/test_gazebo_ros_diff_drive.dir/test_gazebo_ros_diff_drive.cpp.o[0m
[100.788s] [ 89%] Built target test_gazebo_ros_tricycle_drive
[100.851s] [ 90%] [32mBuilding CXX object test/CMakeFiles/test_gazebo_ros_joint_state_publisher.dir/test_gazebo_ros_joint_state_publisher.cpp.o[0m
[100.956s] [ 91%] [32m[1mLinking CXX executable test_gazebo_ros_vacuum_gripper[0m
[103.102s] [ 91%] Built target test_gazebo_ros_vacuum_gripper
[105.163s] [ 92%] [32m[1mLinking CXX executable test_gazebo_ros_harness[0m
[107.336s] [ 92%] Built target test_gazebo_ros_harness
[108.343s] [ 94%] [32m[1mLinking CXX executable test_gazebo_ros_imu_sensor[0m
[109.800s] [ 94%] Built target test_gazebo_ros_imu_sensor
[110.545s] [ 95%] [32m[1mLinking CXX executable test_gazebo_ros_ft_sensor[0m
[111.593s] [ 96%] [32m[1mLinking CXX executable test_gazebo_ros_gps_sensor[0m
[111.919s] [ 96%] Built target test_gazebo_ros_ft_sensor
[113.165s] [ 96%] Built target test_gazebo_ros_gps_sensor
[113.644s] [ 97%] [32m[1mLinking CXX executable test_gazebo_ros_bumper[0m
[114.928s] [ 97%] Built target test_gazebo_ros_bumper
[120.785s] [ 98%] [32m[1mLinking CXX executable test_gazebo_ros_diff_drive[0m
[121.547s] [100%] [32m[1mLinking CXX executable test_gazebo_ros_joint_state_publisher[0m
[122.093s] [100%] Built target test_gazebo_ros_diff_drive
[122.706s] [100%] Built target test_gazebo_ros_joint_state_publisher
[122.715s] Invoked command in '/home/ravi/pmb2_foxy_ws/build/gazebo_plugins' returned '0': CMAKE_PREFIX_PATH=/home/ravi/pmb2_foxy_ws/install/gazebo_ros:/home/ravi/pmb2_foxy_ws/install/gazebo_msgs:/home/ravi/pmb2_foxy_ws/install/gazebo_dev:/home/ravi/pmb2_foxy_ws/install/gazebo_ros_pkgs:/home/ravi/pmb2_foxy_ws/install/gazebo_plugins:/home/ravi/pmb2_foxy_ws/install/pal_gazebo_worlds:/home/ravi/pmb2_foxy_ws/install/pmb2_simulation:/home/ravi/pmb2_foxy_ws/install/pmb2_navigation:/home/ravi/pmb2_foxy_ws/install/pmb2_2dnav_gazebo:/home/ravi/pmb2_foxy_ws/install/pmb2_2dnav:/home/ravi/pmb2_foxy_ws/install/pmb2_maps:/home/ravi/pmb2_foxy_ws/install/pmb2_gazebo:/home/ravi/pmb2_foxy_ws/install/pmb2_robot:/home/ravi/pmb2_foxy_ws/install/pmb2_bringup:/home/ravi/pmb2_foxy_ws/install/pmb2_description:/home/ravi/pmb2_foxy_ws/install/pmb2_controller_configuration:/home/ravi/pmb2_foxy_ws/install/launch_pal:/opt/ros/foxy LD_LIBRARY_PATH=/home/ravi/pmb2_foxy_ws/install/gazebo_ros/lib:/home/ravi/pmb2_foxy_ws/install/gazebo_msgs/lib:/usr/lib/x86_64-linux-gnu/gazebo-11/plugins:/home/ravi/pmb2_foxy_ws/install/gazebo_plugins/lib:/opt/ros/foxy/opt/yaml_cpp_vendor/lib:/opt/ros/foxy/opt/rviz_ogre_vendor/lib:/opt/ros/foxy/lib/x86_64-linux-gnu:/opt/ros/foxy/lib /usr/bin/cmake --build /home/ravi/pmb2_foxy_ws/build/gazebo_plugins -- -j8 -l8
[122.780s] Invoking command in '/home/ravi/pmb2_foxy_ws/build/gazebo_plugins': CMAKE_PREFIX_PATH=/home/ravi/pmb2_foxy_ws/install/gazebo_ros:/home/ravi/pmb2_foxy_ws/install/gazebo_msgs:/home/ravi/pmb2_foxy_ws/install/gazebo_dev:/home/ravi/pmb2_foxy_ws/install/gazebo_ros_pkgs:/home/ravi/pmb2_foxy_ws/install/gazebo_plugins:/home/ravi/pmb2_foxy_ws/install/pal_gazebo_worlds:/home/ravi/pmb2_foxy_ws/install/pmb2_simulation:/home/ravi/pmb2_foxy_ws/install/pmb2_navigation:/home/ravi/pmb2_foxy_ws/install/pmb2_2dnav_gazebo:/home/ravi/pmb2_foxy_ws/install/pmb2_2dnav:/home/ravi/pmb2_foxy_ws/install/pmb2_maps:/home/ravi/pmb2_foxy_ws/install/pmb2_gazebo:/home/ravi/pmb2_foxy_ws/install/pmb2_robot:/home/ravi/pmb2_foxy_ws/install/pmb2_bringup:/home/ravi/pmb2_foxy_ws/install/pmb2_description:/home/ravi/pmb2_foxy_ws/install/pmb2_controller_configuration:/home/ravi/pmb2_foxy_ws/install/launch_pal:/opt/ros/foxy LD_LIBRARY_PATH=/home/ravi/pmb2_foxy_ws/install/gazebo_ros/lib:/home/ravi/pmb2_foxy_ws/install/gazebo_msgs/lib:/usr/lib/x86_64-linux-gnu/gazebo-11/plugins:/home/ravi/pmb2_foxy_ws/install/gazebo_plugins/lib:/opt/ros/foxy/opt/yaml_cpp_vendor/lib:/opt/ros/foxy/opt/rviz_ogre_vendor/lib:/opt/ros/foxy/lib/x86_64-linux-gnu:/opt/ros/foxy/lib /usr/bin/cmake --install /home/ravi/pmb2_foxy_ws/build/gazebo_plugins
[122.786s] -- Install configuration: ""
[122.786s] -- Execute custom install script
[122.787s] -- Up-to-date symlink: /home/ravi/pmb2_foxy_ws/install/gazebo_plugins/share/gazebo_plugins/environment/library_path.sh
[122.787s] -- Up-to-date symlink: /home/ravi/pmb2_foxy_ws/install/gazebo_plugins/share/gazebo_plugins/environment/library_path.dsv
[122.787s] -- Up-to-date symlink: /home/ravi/pmb2_foxy_ws/install/gazebo_plugins/share/gazebo_plugins/environment/gazebo_plugins.sh
[122.787s] -- Up-to-date symlink: /home/ravi/pmb2_foxy_ws/install/gazebo_plugins/share/gazebo_plugins/environment/gazebo_plugins.dsv
[122.787s] -- Up-to-date symlink: /home/ravi/pmb2_foxy_ws/install/gazebo_plugins/share/ament_index/resource_index/package_run_dependencies/gazebo_plugins
[122.787s] -- Up-to-date symlink: /home/ravi/pmb2_foxy_ws/install/gazebo_plugins/share/ament_index/resource_index/parent_prefix_path/gazebo_plugins
[122.788s] -- Up-to-date symlink: /home/ravi/pmb2_foxy_ws/install/gazebo_plugins/share/gazebo_plugins/environment/ament_prefix_path.sh
[122.788s] -- Up-to-date symlink: /home/ravi/pmb2_foxy_ws/install/gazebo_plugins/share/gazebo_plugins/environment/ament_prefix_path.dsv
[122.788s] -- Up-to-date symlink: /home/ravi/pmb2_foxy_ws/install/gazebo_plugins/share/gazebo_plugins/environment/path.sh
[122.788s] -- Up-to-date symlink: /home/ravi/pmb2_foxy_ws/install/gazebo_plugins/share/gazebo_plugins/environment/path.dsv
[122.788s] -- Up-to-date symlink: /home/ravi/pmb2_foxy_ws/install/gazebo_plugins/share/gazebo_plugins/local_setup.bash
[122.788s] -- Up-to-date symlink: /home/ravi/pmb2_foxy_ws/install/gazebo_plugins/share/gazebo_plugins/local_setup.sh
[122.789s] -- Up-to-date symlink: /home/ravi/pmb2_foxy_ws/install/gazebo_plugins/share/gazebo_plugins/local_setup.zsh
[122.789s] -- Up-to-date symlink: /home/ravi/pmb2_foxy_ws/install/gazebo_plugins/share/gazebo_plugins/local_setup.dsv
[122.789s] -- Symlinking: /home/ravi/pmb2_foxy_ws/install/gazebo_plugins/share/gazebo_plugins/package.dsv
[122.795s] -- Up-to-date symlink: /home/ravi/pmb2_foxy_ws/install/gazebo_plugins/share/ament_index/resource_index/packages/gazebo_plugins
[122.796s] -- Up-to-date symlink: /home/ravi/pmb2_foxy_ws/install/gazebo_plugins/share/gazebo_plugins/cmake/ament_cmake_export_libraries-extras.cmake
[122.796s] -- Up-to-date symlink: /home/ravi/pmb2_foxy_ws/install/gazebo_plugins/share/gazebo_plugins/cmake/ament_cmake_export_include_directories-extras.cmake
[122.796s] -- Up-to-date symlink: /home/ravi/pmb2_foxy_ws/install/gazebo_plugins/share/gazebo_plugins/cmake/ament_cmake_export_dependencies-extras.cmake
[122.796s] -- Up-to-date symlink: /home/ravi/pmb2_foxy_ws/install/gazebo_plugins/share/gazebo_plugins/cmake/gazebo_pluginsConfig.cmake
[122.796s] -- Up-to-date symlink: /home/ravi/pmb2_foxy_ws/install/gazebo_plugins/share/gazebo_plugins/cmake/gazebo_pluginsConfig-version.cmake
[122.797s] -- Up-to-date symlink: /home/ravi/pmb2_foxy_ws/install/gazebo_plugins/share/gazebo_plugins/package.xml
[122.797s] -- Up-to-date symlink: /home/ravi/pmb2_foxy_ws/install/gazebo_plugins/include/gazebo_plugins/gazebo_ros_ackermann_drive.hpp
[122.797s] -- Up-to-date symlink: /home/ravi/pmb2_foxy_ws/install/gazebo_plugins/include/gazebo_plugins/gazebo_ros_bumper.hpp
[122.797s] -- Up-to-date symlink: /home/ravi/pmb2_foxy_ws/install/gazebo_plugins/include/gazebo_plugins/gazebo_ros_camera.hpp
[122.797s] -- Up-to-date symlink: /home/ravi/pmb2_foxy_ws/install/gazebo_plugins/include/gazebo_plugins/gazebo_ros_diff_drive.hpp
[122.798s] -- Up-to-date symlink: /home/ravi/pmb2_foxy_ws/install/gazebo_plugins/include/gazebo_plugins/gazebo_ros_elevator.hpp
[122.798s] -- Up-to-date symlink: /home/ravi/pmb2_foxy_ws/install/gazebo_plugins/include/gazebo_plugins/gazebo_ros_force.hpp
[122.798s] -- Up-to-date symlink: /home/ravi/pmb2_foxy_ws/install/gazebo_plugins/include/gazebo_plugins/gazebo_ros_ft_sensor.hpp
[122.798s] -- Up-to-date symlink: /home/ravi/pmb2_foxy_ws/install/gazebo_plugins/include/gazebo_plugins/gazebo_ros_gps_sensor.hpp
[122.798s] -- Up-to-date symlink: /home/ravi/pmb2_foxy_ws/install/gazebo_plugins/include/gazebo_plugins/gazebo_ros_hand_of_god.hpp
[122.798s] -- Up-to-date symlink: /home/ravi/pmb2_foxy_ws/install/gazebo_plugins/include/gazebo_plugins/gazebo_ros_harness.hpp
[122.798s] -- Up-to-date symlink: /home/ravi/pmb2_foxy_ws/install/gazebo_plugins/include/gazebo_plugins/gazebo_ros_imu_sensor.hpp
[122.798s] -- Up-to-date symlink: /home/ravi/pmb2_foxy_ws/install/gazebo_plugins/include/gazebo_plugins/gazebo_ros_joint_pose_trajectory.hpp
[122.799s] -- Up-to-date symlink: /home/ravi/pmb2_foxy_ws/install/gazebo_plugins/include/gazebo_plugins/gazebo_ros_joint_state_publisher.hpp
[122.799s] -- Up-to-date symlink: /home/ravi/pmb2_foxy_ws/install/gazebo_plugins/include/gazebo_plugins/gazebo_ros_p3d.hpp
[122.799s] -- Up-to-date symlink: /home/ravi/pmb2_foxy_ws/install/gazebo_plugins/include/gazebo_plugins/gazebo_ros_planar_move.hpp
[122.799s] -- Up-to-date symlink: /home/ravi/pmb2_foxy_ws/install/gazebo_plugins/include/gazebo_plugins/gazebo_ros_projector.hpp
[122.799s] -- Up-to-date symlink: /home/ravi/pmb2_foxy_ws/install/gazebo_plugins/include/gazebo_plugins/gazebo_ros_ray_sensor.hpp
[122.799s] -- Up-to-date symlink: /home/ravi/pmb2_foxy_ws/install/gazebo_plugins/include/gazebo_plugins/gazebo_ros_template.hpp
[122.799s] -- Up-to-date symlink: /home/ravi/pmb2_foxy_ws/install/gazebo_plugins/include/gazebo_plugins/gazebo_ros_tricycle_drive.hpp
[122.799s] -- Up-to-date symlink: /home/ravi/pmb2_foxy_ws/install/gazebo_plugins/include/gazebo_plugins/gazebo_ros_vacuum_gripper.hpp
[122.799s] -- Up-to-date symlink: /home/ravi/pmb2_foxy_ws/install/gazebo_plugins/include/gazebo_plugins/gazebo_ros_video.hpp
[122.800s] -- Up-to-date symlink: /home/ravi/pmb2_foxy_ws/install/gazebo_plugins/include/gazebo_plugins/gazebo_ros_wheel_slip.hpp
[122.800s] -- Up-to-date symlink: /home/ravi/pmb2_foxy_ws/install/gazebo_plugins/include/gazebo_plugins/multi_camera_plugin.hpp
[122.800s] -- Up-to-date symlink: /home/ravi/pmb2_foxy_ws/install/gazebo_plugins/lib/libgazebo_ros_ackermann_drive.so
[122.800s] -- Up-to-date symlink: /home/ravi/pmb2_foxy_ws/install/gazebo_plugins/lib/libgazebo_ros_bumper.so
[122.801s] -- Up-to-date symlink: /home/ravi/pmb2_foxy_ws/install/gazebo_plugins/lib/libgazebo_ros_camera.so
[122.801s] -- Up-to-date symlink: /home/ravi/pmb2_foxy_ws/install/gazebo_plugins/lib/libgazebo_ros_diff_drive.so
[122.801s] -- Up-to-date symlink: /home/ravi/pmb2_foxy_ws/install/gazebo_plugins/lib/libgazebo_ros_elevator.so
[122.801s] -- Up-to-date symlink: /home/ravi/pmb2_foxy_ws/install/gazebo_plugins/lib/libgazebo_ros_force.so
[122.801s] -- Up-to-date symlink: /home/ravi/pmb2_foxy_ws/install/gazebo_plugins/lib/libgazebo_ros_ft_sensor.so
[122.801s] -- Up-to-date symlink: /home/ravi/pmb2_foxy_ws/install/gazebo_plugins/lib/libgazebo_ros_hand_of_god.so
[122.801s] -- Up-to-date symlink: /home/ravi/pmb2_foxy_ws/install/gazebo_plugins/lib/libgazebo_ros_harness.so
[122.801s] -- Up-to-date symlink: /home/ravi/pmb2_foxy_ws/install/gazebo_plugins/lib/libgazebo_ros_imu_sensor.so
[122.802s] -- Up-to-date symlink: /home/ravi/pmb2_foxy_ws/install/gazebo_plugins/lib/libgazebo_ros_gps_sensor.so
[122.802s] -- Up-to-date symlink: /home/ravi/pmb2_foxy_ws/install/gazebo_plugins/lib/libgazebo_ros_joint_pose_trajectory.so
[122.802s] -- Up-to-date symlink: /home/ravi/pmb2_foxy_ws/install/gazebo_plugins/lib/libgazebo_ros_joint_state_publisher.so
[122.802s] -- Up-to-date symlink: /home/ravi/pmb2_foxy_ws/install/gazebo_plugins/lib/libgazebo_ros_planar_move.so
[122.802s] -- Up-to-date symlink: /home/ravi/pmb2_foxy_ws/install/gazebo_plugins/lib/libgazebo_ros_projector.so
[122.802s] -- Up-to-date symlink: /home/ravi/pmb2_foxy_ws/install/gazebo_plugins/lib/libgazebo_ros_ray_sensor.so
[122.802s] -- Up-to-date symlink: /home/ravi/pmb2_foxy_ws/install/gazebo_plugins/lib/libgazebo_ros_p3d.so
[122.802s] -- Up-to-date symlink: /home/ravi/pmb2_foxy_ws/install/gazebo_plugins/lib/libgazebo_ros_template.so
[122.803s] -- Up-to-date symlink: /home/ravi/pmb2_foxy_ws/install/gazebo_plugins/lib/libgazebo_ros_tricycle_drive.so
[122.803s] -- Up-to-date symlink: /home/ravi/pmb2_foxy_ws/install/gazebo_plugins/lib/libgazebo_ros_vacuum_gripper.so
[122.803s] -- Up-to-date symlink: /home/ravi/pmb2_foxy_ws/install/gazebo_plugins/lib/libgazebo_ros_video.so
[122.803s] -- Up-to-date symlink: /home/ravi/pmb2_foxy_ws/install/gazebo_plugins/lib/libmulti_camera_plugin.so
[122.803s] -- Up-to-date symlink: /home/ravi/pmb2_foxy_ws/install/gazebo_plugins/lib/libgazebo_ros_wheel_slip.so
[122.804s] -- Up-to-date symlink: /home/ravi/pmb2_foxy_ws/install/gazebo_plugins/share/gazebo_plugins//worlds/gazebo_ros_ackermann_drive_demo.world
[122.804s] -- Up-to-date symlink: /home/ravi/pmb2_foxy_ws/install/gazebo_plugins/share/gazebo_plugins//worlds/gazebo_ros_bumper_demo.world
[122.804s] -- Up-to-date symlink: /home/ravi/pmb2_foxy_ws/install/gazebo_plugins/share/gazebo_plugins//worlds/gazebo_ros_camera_demo.world
[122.804s] -- Up-to-date symlink: /home/ravi/pmb2_foxy_ws/install/gazebo_plugins/share/gazebo_plugins//worlds/gazebo_ros_camera_distortion_barrel_demo.world
[122.804s] -- Up-to-date symlink: /home/ravi/pmb2_foxy_ws/install/gazebo_plugins/share/gazebo_plugins//worlds/gazebo_ros_camera_distortion_pincushion_demo.world
[122.804s] -- Up-to-date symlink: /home/ravi/pmb2_foxy_ws/install/gazebo_plugins/share/gazebo_plugins//worlds/gazebo_ros_camera_triggered_demo.world
[122.804s] -- Up-to-date symlink: /home/ravi/pmb2_foxy_ws/install/gazebo_plugins/share/gazebo_plugins//worlds/gazebo_ros_depth_camera_demo.world
[122.804s] -- Up-to-date symlink: /home/ravi/pmb2_foxy_ws/install/gazebo_plugins/share/gazebo_plugins//worlds/gazebo_ros_diff_drive_demo.world
[122.804s] -- Up-to-date symlink: /home/ravi/pmb2_foxy_ws/install/gazebo_plugins/share/gazebo_plugins//worlds/gazebo_ros_elevator_demo.world
[122.805s] -- Up-to-date symlink: /home/ravi/pmb2_foxy_ws/install/gazebo_plugins/share/gazebo_plugins//worlds/gazebo_ros_force_demo.world
[122.805s] -- Up-to-date symlink: /home/ravi/pmb2_foxy_ws/install/gazebo_plugins/share/gazebo_plugins//worlds/gazebo_ros_ft_sensor_demo.world
[122.805s] -- Up-to-date symlink: /home/ravi/pmb2_foxy_ws/install/gazebo_plugins/share/gazebo_plugins//worlds/gazebo_ros_gps_sensor_demo.world
[122.805s] -- Up-to-date symlink: /home/ravi/pmb2_foxy_ws/install/gazebo_plugins/share/gazebo_plugins//worlds/gazebo_ros_hand_of_god_demo.world
[122.805s] -- Up-to-date symlink: /home/ravi/pmb2_foxy_ws/install/gazebo_plugins/share/gazebo_plugins//worlds/gazebo_ros_harness_demo.world
[122.805s] -- Up-to-date symlink: /home/ravi/pmb2_foxy_ws/install/gazebo_plugins/share/gazebo_plugins//worlds/gazebo_ros_joint_pose_trajectory_demo.world
[122.805s] -- Up-to-date symlink: /home/ravi/pmb2_foxy_ws/install/gazebo_plugins/share/gazebo_plugins//worlds/gazebo_ros_joint_state_publisher_demo.world
[122.805s] -- Up-to-date symlink: /home/ravi/pmb2_foxy_ws/install/gazebo_plugins/share/gazebo_plugins//worlds/gazebo_ros_multi_camera_demo.world
[122.805s] -- Up-to-date symlink: /home/ravi/pmb2_foxy_ws/install/gazebo_plugins/share/gazebo_plugins//worlds/gazebo_ros_multicamera_demo.world
[122.805s] -- Up-to-date symlink: /home/ravi/pmb2_foxy_ws/install/gazebo_plugins/share/gazebo_plugins//worlds/gazebo_ros_p3d_demo.world
[122.805s] -- Up-to-date symlink: /home/ravi/pmb2_foxy_ws/install/gazebo_plugins/share/gazebo_plugins//worlds/gazebo_ros_planar_move_demo.world
[122.806s] -- Up-to-date symlink: /home/ravi/pmb2_foxy_ws/install/gazebo_plugins/share/gazebo_plugins//worlds/gazebo_ros_projector_demo.world
[122.806s] -- Up-to-date symlink: /home/ravi/pmb2_foxy_ws/install/gazebo_plugins/share/gazebo_plugins//worlds/gazebo_ros_ray_sensor_demo.world
[122.806s] -- Up-to-date symlink: /home/ravi/pmb2_foxy_ws/install/gazebo_plugins/share/gazebo_plugins//worlds/gazebo_ros_skid_steer_drive_demo.world
[122.806s] -- Up-to-date symlink: /home/ravi/pmb2_foxy_ws/install/gazebo_plugins/share/gazebo_plugins//worlds/gazebo_ros_template_demo.world
[122.806s] -- Up-to-date symlink: /home/ravi/pmb2_foxy_ws/install/gazebo_plugins/share/gazebo_plugins//worlds/gazebo_ros_tricycle_drive_demo.world
[122.806s] -- Up-to-date symlink: /home/ravi/pmb2_foxy_ws/install/gazebo_plugins/share/gazebo_plugins//worlds/gazebo_ros_vacuum_gripper_demo.world
[122.806s] -- Up-to-date symlink: /home/ravi/pmb2_foxy_ws/install/gazebo_plugins/share/gazebo_plugins//worlds/gazebo_ros_video_demo.world
[122.806s] -- Up-to-date symlink: /home/ravi/pmb2_foxy_ws/install/gazebo_plugins/share/gazebo_plugins//worlds/gazebo_ros_wheel_slip_demo.world
[122.809s] Invoked command in '/home/ravi/pmb2_foxy_ws/build/gazebo_plugins' returned '0': CMAKE_PREFIX_PATH=/home/ravi/pmb2_foxy_ws/install/gazebo_ros:/home/ravi/pmb2_foxy_ws/install/gazebo_msgs:/home/ravi/pmb2_foxy_ws/install/gazebo_dev:/home/ravi/pmb2_foxy_ws/install/gazebo_ros_pkgs:/home/ravi/pmb2_foxy_ws/install/gazebo_plugins:/home/ravi/pmb2_foxy_ws/install/pal_gazebo_worlds:/home/ravi/pmb2_foxy_ws/install/pmb2_simulation:/home/ravi/pmb2_foxy_ws/install/pmb2_navigation:/home/ravi/pmb2_foxy_ws/install/pmb2_2dnav_gazebo:/home/ravi/pmb2_foxy_ws/install/pmb2_2dnav:/home/ravi/pmb2_foxy_ws/install/pmb2_maps:/home/ravi/pmb2_foxy_ws/install/pmb2_gazebo:/home/ravi/pmb2_foxy_ws/install/pmb2_robot:/home/ravi/pmb2_foxy_ws/install/pmb2_bringup:/home/ravi/pmb2_foxy_ws/install/pmb2_description:/home/ravi/pmb2_foxy_ws/install/pmb2_controller_configuration:/home/ravi/pmb2_foxy_ws/install/launch_pal:/opt/ros/foxy LD_LIBRARY_PATH=/home/ravi/pmb2_foxy_ws/install/gazebo_ros/lib:/home/ravi/pmb2_foxy_ws/install/gazebo_msgs/lib:/usr/lib/x86_64-linux-gnu/gazebo-11/plugins:/home/ravi/pmb2_foxy_ws/install/gazebo_plugins/lib:/opt/ros/foxy/opt/yaml_cpp_vendor/lib:/opt/ros/foxy/opt/rviz_ogre_vendor/lib:/opt/ros/foxy/lib/x86_64-linux-gnu:/opt/ros/foxy/lib /usr/bin/cmake --install /home/ravi/pmb2_foxy_ws/build/gazebo_plugins
