[0.038s] Invoking command in '/home/ravi/pmb2_foxy_ws/build/controller_manager_msgs': CMAKE_PREFIX_PATH=${CMAKE_PREFIX_PATH}:/home/ravi/pmb2_foxy_ws/install/launch_pal:/opt/ros/foxy /usr/bin/cmake --build /home/ravi/pmb2_foxy_ws/build/controller_manager_msgs -- -j8 -l8
[0.216s] -- Found ament_cmake: 0.9.9 (/opt/ros/foxy/share/ament_cmake/cmake)
[0.216s] -- Found PythonInterp: /usr/bin/python3 (found suitable version "3.8.10", minimum required is "3") 
[0.216s] -- Using PYTHON_EXECUTABLE: /usr/bin/python3
[0.216s] -- Override CMake install command with custom implementation using symlinks instead of copying resources
[0.221s] -- Found builtin_interfaces: 1.0.0 (/opt/ros/foxy/share/builtin_interfaces/cmake)
[0.242s] -- Using all available rosidl_typesupport_c: rosidl_typesupport_fastrtps_c;rosidl_typesupport_introspection_c
[0.246s] -- Found rosidl_adapter: 1.2.1 (/opt/ros/foxy/share/rosidl_adapter/cmake)
[0.369s] -- Using all available rosidl_typesupport_cpp: rosidl_typesupport_fastrtps_cpp;rosidl_typesupport_introspection_cpp
[0.390s] -- Found rosidl_default_generators: 1.0.1 (/opt/ros/foxy/share/rosidl_default_generators/cmake)
[0.400s] -- Found ament_lint_auto: 0.9.6 (/opt/ros/foxy/share/ament_lint_auto/cmake)
[0.469s] -- Found PythonInterp: /usr/bin/python3 (found version "3.8.10") 
[0.603s] -- Found ament_cmake_ros: 0.9.2 (/opt/ros/foxy/share/ament_cmake_ros/cmake)
[0.692s] -- Using all available rosidl_typesupport_c: rosidl_typesupport_fastrtps_c;rosidl_typesupport_introspection_c
[0.707s] -- Using all available rosidl_typesupport_cpp: rosidl_typesupport_fastrtps_cpp;rosidl_typesupport_introspection_cpp
[0.730s] -- Found PythonInterp: /usr/bin/python3 (found suitable version "3.8.10", minimum required is "3.5") 
[0.730s] -- Found python_cmake_module: 0.8.1 (/opt/ros/foxy/share/python_cmake_module/cmake)
[0.750s] -- Using PYTHON_EXECUTABLE: /usr/bin/python3
[0.750s] -- Using PYTHON_INCLUDE_DIRS: /usr/include/python3.8
[0.750s] -- Using PYTHON_LIBRARIES: /usr/lib/x86_64-linux-gnu/libpython3.8.so
[0.777s] -- Added test 'copyright' to check source files copyright and LICENSE
[0.779s] -- Added test 'lint_cmake' to check CMake code style
[0.779s] -- Added test 'xmllint' to check XML markup files
[0.784s] -- Configuring done
[0.822s] -- Generating done
[0.825s] -- Build files have been written to: /home/ravi/pmb2_foxy_ws/build/controller_manager_msgs
[0.851s] [  0%] Built target controller_manager_msgs__cpp
[0.852s] [ 12%] Built target controller_manager_msgs__rosidl_generator_c
[0.872s] [ 24%] Built target controller_manager_msgs__rosidl_typesupport_cpp
[0.873s] [ 36%] Built target controller_manager_msgs__rosidl_typesupport_c
[0.874s] [ 48%] Built target controller_manager_msgs__rosidl_typesupport_introspection_cpp
[0.880s] [ 60%] Built target controller_manager_msgs__rosidl_typesupport_introspection_c
[0.882s] [ 72%] Built target controller_manager_msgs__rosidl_typesupport_fastrtps_cpp
[0.915s] [ 84%] Built target controller_manager_msgs__rosidl_typesupport_fastrtps_c
[0.931s] [ 84%] Built target controller_manager_msgs
[0.947s] [ 85%] Built target controller_manager_msgs__py
[0.971s] [ 96%] Built target controller_manager_msgs__python
[0.990s] [ 99%] Built target controller_manager_msgs__rosidl_typesupport_fastrtps_c__pyext
[0.990s] [ 99%] Built target controller_manager_msgs__rosidl_typesupport_c__pyext
[0.990s] [100%] Built target controller_manager_msgs__rosidl_typesupport_introspection_c__pyext
