[0.204s] Invoking command in '/home/ravi/pmb2_foxy_ws/build/twist_mux': CMAKE_PREFIX_PATH=${CMAKE_PREFIX_PATH}:/home/ravi/pmb2_foxy_ws/install/ros2controlcli:/home/ravi/pmb2_foxy_ws/install/launch_pal:/opt/ros/foxy /usr/bin/cmake /home/ravi/pmb2_foxy_ws/src/twist_mux -DCMAKE_INSTALL_PREFIX=/home/ravi/pmb2_foxy_ws/install/twist_mux
[0.253s] -- The C compiler identification is GNU 9.4.0
[0.309s] -- The CXX compiler identification is GNU 9.4.0
[0.315s] -- Check for working C compiler: /usr/bin/cc
[0.367s] -- Check for working C compiler: /usr/bin/cc -- works
[0.367s] -- Detecting C compiler ABI info
[0.444s] -- Detecting C compiler ABI info - done
[0.447s] -- Detecting C compile features
[0.448s] -- Detecting C compile features - done
[0.450s] -- Check for working CXX compiler: /usr/bin/c++
[0.524s] -- Check for working CXX compiler: /usr/bin/c++ -- works
[0.525s] -- Detecting CXX compiler ABI info
[0.597s] -- Detecting CXX compiler ABI info - done
[0.605s] -- Detecting CXX compile features
[0.606s] -- Detecting CXX compile features - done
[0.610s] -- Found ament_cmake: 0.9.9 (/opt/ros/foxy/share/ament_cmake/cmake)
[0.637s] -- Found PythonInterp: /usr/bin/python3 (found suitable version "3.8.10", minimum required is "3") 
[0.637s] -- Using PYTHON_EXECUTABLE: /usr/bin/python3
[0.846s] -- Found rclcpp: 2.4.1 (/opt/ros/foxy/share/rclcpp/cmake)
[0.905s] -- Using all available rosidl_typesupport_c: rosidl_typesupport_fastrtps_c;rosidl_typesupport_introspection_c
[0.914s] -- Found rosidl_adapter: 1.2.1 (/opt/ros/foxy/share/rosidl_adapter/cmake)
[0.976s] -- Found OpenSSL: /usr/lib/x86_64-linux-gnu/libcrypto.so (found version "1.1.1f")  
[1.005s] -- Found FastRTPS: /opt/ros/foxy/include  
[1.087s] -- Using all available rosidl_typesupport_cpp: rosidl_typesupport_fastrtps_cpp;rosidl_typesupport_introspection_cpp
[1.150s] -- Found rmw_implementation_cmake: 1.0.3 (/opt/ros/foxy/share/rmw_implementation_cmake/cmake)
[1.152s] -- Using RMW implementation 'rmw_fastrtps_cpp' as default
[1.152s] -- Looking for pthread.h
[1.205s] -- Looking for pthread.h - found
[1.205s] -- Performing Test CMAKE_HAVE_LIBC_PTHREAD
[1.256s] -- Performing Test CMAKE_HAVE_LIBC_PTHREAD - Failed
[1.257s] -- Looking for pthread_create in pthreads
[1.300s] -- Looking for pthread_create in pthreads - not found
[1.300s] -- Looking for pthread_create in pthread
[1.349s] -- Looking for pthread_create in pthread - found
[1.350s] -- Found Threads: TRUE  
[1.461s] -- Found geometry_msgs: 2.0.5 (/opt/ros/foxy/share/geometry_msgs/cmake)
[1.488s] -- Found visualization_msgs: 2.0.5 (/opt/ros/foxy/share/visualization_msgs/cmake)
[1.551s] CMake Error at CMakeLists.txt:18 (find_package):
[1.551s]   By not providing "Finddiagnostic_updater.cmake" in CMAKE_MODULE_PATH this
[1.552s]   project has asked CMake to find a package configuration file provided by
[1.552s]   "diagnostic_updater", but CMake did not find one.
[1.552s] 
[1.552s]   Could not find a package configuration file provided by
[1.553s]   "diagnostic_updater" with any of the following names:
[1.553s] 
[1.553s]     diagnostic_updaterConfig.cmake
[1.553s]     diagnostic_updater-config.cmake
[1.553s] 
[1.553s]   Add the installation prefix of "diagnostic_updater" to CMAKE_PREFIX_PATH or
[1.553s]   set "diagnostic_updater_DIR" to a directory containing one of the above
[1.553s]   files.  If "diagnostic_updater" provides a separate development package or
[1.553s]   SDK, be sure it has been installed.
[1.553s] 
[1.553s] 
[1.553s] -- Configuring incomplete, errors occurred!
[1.553s] See also "/home/ravi/pmb2_foxy_ws/build/twist_mux/CMakeFiles/CMakeOutput.log".
[1.553s] See also "/home/ravi/pmb2_foxy_ws/build/twist_mux/CMakeFiles/CMakeError.log".
[1.558s] Invoked command in '/home/ravi/pmb2_foxy_ws/build/twist_mux' returned '1': CMAKE_PREFIX_PATH=${CMAKE_PREFIX_PATH}:/home/ravi/pmb2_foxy_ws/install/ros2controlcli:/home/ravi/pmb2_foxy_ws/install/launch_pal:/opt/ros/foxy /usr/bin/cmake /home/ravi/pmb2_foxy_ws/src/twist_mux -DCMAKE_INSTALL_PREFIX=/home/ravi/pmb2_foxy_ws/install/twist_mux
