[0.255s] Invoking command in '/home/ravi/pmb2_foxy_ws/build/pmb2_maps': CMAKE_PREFIX_PATH=${CMAKE_PREFIX_PATH}:/home/ravi/pmb2_foxy_ws/install/ros2controlcli:/home/ravi/pmb2_foxy_ws/install/launch_pal:/opt/ros/foxy /usr/bin/cmake /home/ravi/pmb2_foxy_ws/src/pmb2_navigation/pmb2_maps -DAMENT_CMAKE_SYMLINK_INSTALL=1 -DCMAKE_INSTALL_PREFIX=/home/ravi/pmb2_foxy_ws/install/pmb2_maps
[0.264s] -- Found ament_cmake_auto: 0.9.9 (/opt/ros/foxy/share/ament_cmake_auto/cmake)
[0.295s] -- Using PYTHON_EXECUTABLE: /usr/bin/python3
[0.477s] -- Override CMake install command with custom implementation using symlinks instead of copying resources
[0.537s] -- Configuring done
[0.539s] -- Generating done
[0.540s] -- Build files have been written to: /home/ravi/pmb2_foxy_ws/build/pmb2_maps
[0.542s] Invoked command in '/home/ravi/pmb2_foxy_ws/build/pmb2_maps' returned '0': CMAKE_PREFIX_PATH=${CMAKE_PREFIX_PATH}:/home/ravi/pmb2_foxy_ws/install/ros2controlcli:/home/ravi/pmb2_foxy_ws/install/launch_pal:/opt/ros/foxy /usr/bin/cmake /home/ravi/pmb2_foxy_ws/src/pmb2_navigation/pmb2_maps -DAMENT_CMAKE_SYMLINK_INSTALL=1 -DCMAKE_INSTALL_PREFIX=/home/ravi/pmb2_foxy_ws/install/pmb2_maps
[0.544s] Invoking command in '/home/ravi/pmb2_foxy_ws/build/pmb2_maps': CMAKE_PREFIX_PATH=${CMAKE_PREFIX_PATH}:/home/ravi/pmb2_foxy_ws/install/ros2controlcli:/home/ravi/pmb2_foxy_ws/install/launch_pal:/opt/ros/foxy /usr/bin/cmake --build /home/ravi/pmb2_foxy_ws/build/pmb2_maps -- -j8 -l8
[0.573s] Invoked command in '/home/ravi/pmb2_foxy_ws/build/pmb2_maps' returned '0': CMAKE_PREFIX_PATH=${CMAKE_PREFIX_PATH}:/home/ravi/pmb2_foxy_ws/install/ros2controlcli:/home/ravi/pmb2_foxy_ws/install/launch_pal:/opt/ros/foxy /usr/bin/cmake --build /home/ravi/pmb2_foxy_ws/build/pmb2_maps -- -j8 -l8
[0.591s] Invoking command in '/home/ravi/pmb2_foxy_ws/build/pmb2_maps': CMAKE_PREFIX_PATH=${CMAKE_PREFIX_PATH}:/home/ravi/pmb2_foxy_ws/install/ros2controlcli:/home/ravi/pmb2_foxy_ws/install/launch_pal:/opt/ros/foxy /usr/bin/cmake --install /home/ravi/pmb2_foxy_ws/build/pmb2_maps
[0.601s] -- Install configuration: ""
[0.601s] -- Execute custom install script
[0.602s] -- Up-to-date symlink: /home/ravi/pmb2_foxy_ws/install/pmb2_maps/share/pmb2_maps/config/map.pgm
[0.602s] -- Up-to-date symlink: /home/ravi/pmb2_foxy_ws/install/pmb2_maps/share/pmb2_maps/config/map.yaml
[0.602s] -- Up-to-date symlink: /home/ravi/pmb2_foxy_ws/install/pmb2_maps/share/pmb2_maps/config/mmap.yaml
[0.603s] -- Up-to-date symlink: /home/ravi/pmb2_foxy_ws/install/pmb2_maps/share/pmb2_maps/configurations/pal_office/map.pgm
[0.603s] -- Up-to-date symlink: /home/ravi/pmb2_foxy_ws/install/pmb2_maps/share/pmb2_maps/configurations/pal_office/map.yaml
[0.603s] -- Up-to-date symlink: /home/ravi/pmb2_foxy_ws/install/pmb2_maps/share/pmb2_maps/configurations/pal_office/mmap.yaml
[0.603s] -- Up-to-date symlink: /home/ravi/pmb2_foxy_ws/install/pmb2_maps/share/pmb2_maps/configurations/small_office/map.bmp
[0.603s] -- Up-to-date symlink: /home/ravi/pmb2_foxy_ws/install/pmb2_maps/share/pmb2_maps/configurations/small_office/map.bt
[0.604s] -- Up-to-date symlink: /home/ravi/pmb2_foxy_ws/install/pmb2_maps/share/pmb2_maps/configurations/small_office/map.ot
[0.604s] -- Up-to-date symlink: /home/ravi/pmb2_foxy_ws/install/pmb2_maps/share/pmb2_maps/configurations/small_office/map.pgm
[0.604s] -- Up-to-date symlink: /home/ravi/pmb2_foxy_ws/install/pmb2_maps/share/pmb2_maps/configurations/small_office/map.yaml
[0.604s] -- Up-to-date symlink: /home/ravi/pmb2_foxy_ws/install/pmb2_maps/share/pmb2_maps/configurations/small_office/mmap.yaml
[0.604s] -- Up-to-date symlink: /home/ravi/pmb2_foxy_ws/install/pmb2_maps/share/pmb2_maps/configurations/small_office/transformation.yaml
[0.604s] -- Up-to-date symlink: /home/ravi/pmb2_foxy_ws/install/pmb2_maps/share/ament_index/resource_index/package_run_dependencies/pmb2_maps
[0.604s] -- Up-to-date symlink: /home/ravi/pmb2_foxy_ws/install/pmb2_maps/share/ament_index/resource_index/parent_prefix_path/pmb2_maps
[0.605s] -- Up-to-date symlink: /home/ravi/pmb2_foxy_ws/install/pmb2_maps/share/pmb2_maps/environment/ament_prefix_path.sh
[0.605s] -- Up-to-date symlink: /home/ravi/pmb2_foxy_ws/install/pmb2_maps/share/pmb2_maps/environment/ament_prefix_path.dsv
[0.605s] -- Up-to-date symlink: /home/ravi/pmb2_foxy_ws/install/pmb2_maps/share/pmb2_maps/environment/path.sh
[0.605s] -- Up-to-date symlink: /home/ravi/pmb2_foxy_ws/install/pmb2_maps/share/pmb2_maps/environment/path.dsv
[0.606s] -- Up-to-date symlink: /home/ravi/pmb2_foxy_ws/install/pmb2_maps/share/pmb2_maps/local_setup.bash
[0.606s] -- Up-to-date symlink: /home/ravi/pmb2_foxy_ws/install/pmb2_maps/share/pmb2_maps/local_setup.sh
[0.606s] -- Up-to-date symlink: /home/ravi/pmb2_foxy_ws/install/pmb2_maps/share/pmb2_maps/local_setup.zsh
[0.606s] -- Up-to-date symlink: /home/ravi/pmb2_foxy_ws/install/pmb2_maps/share/pmb2_maps/local_setup.dsv
[0.607s] -- Symlinking: /home/ravi/pmb2_foxy_ws/install/pmb2_maps/share/pmb2_maps/package.dsv
[0.614s] -- Up-to-date symlink: /home/ravi/pmb2_foxy_ws/install/pmb2_maps/share/ament_index/resource_index/packages/pmb2_maps
[0.614s] -- Up-to-date symlink: /home/ravi/pmb2_foxy_ws/install/pmb2_maps/share/pmb2_maps/cmake/pmb2_mapsConfig.cmake
[0.615s] -- Up-to-date symlink: /home/ravi/pmb2_foxy_ws/install/pmb2_maps/share/pmb2_maps/cmake/pmb2_mapsConfig-version.cmake
[0.615s] -- Up-to-date symlink: /home/ravi/pmb2_foxy_ws/install/pmb2_maps/share/pmb2_maps/package.xml
[0.618s] Invoked command in '/home/ravi/pmb2_foxy_ws/build/pmb2_maps' returned '0': CMAKE_PREFIX_PATH=${CMAKE_PREFIX_PATH}:/home/ravi/pmb2_foxy_ws/install/ros2controlcli:/home/ravi/pmb2_foxy_ws/install/launch_pal:/opt/ros/foxy /usr/bin/cmake --install /home/ravi/pmb2_foxy_ws/build/pmb2_maps
