[0.006s] Invoking command in '/home/ravi/pmb2_foxy_ws/build/pmb2_bringup': AMENT_PREFIX_PATH=/home/ravi/pmb2_foxy_ws/install/pmb2_description:/home/ravi/pmb2_foxy_ws/install/pmb2_controller_configuration:${AMENT_PREFIX_PATH} CMAKE_PREFIX_PATH=/home/ravi/pmb2_foxy_ws/install/pmb2_description:/home/ravi/pmb2_foxy_ws/install/pmb2_controller_configuration:/opt/ros/foxy PYTHONPATH=/home/ravi/pmb2_foxy_ws/install/pmb2_description/lib/python3.8/site-packages:${PYTHONPATH} /usr/bin/cmake /home/ravi/pmb2_foxy_ws/src/pmb2_robot/pmb2_bringup -DCMAKE_INSTALL_PREFIX=/home/ravi/pmb2_foxy_ws/install/pmb2_bringup
[0.043s] -- The C compiler identification is GNU 9.4.0
[0.080s] -- The CXX compiler identification is GNU 9.4.0
[0.083s] -- Check for working C compiler: /usr/bin/cc
[0.128s] -- Check for working C compiler: /usr/bin/cc -- works
[0.129s] -- Detecting C compiler ABI info
[0.180s] -- Detecting C compiler ABI info - done
[0.188s] -- Detecting C compile features
[0.188s] -- Detecting C compile features - done
[0.190s] -- Check for working CXX compiler: /usr/bin/c++
[0.247s] -- Check for working CXX compiler: /usr/bin/c++ -- works
[0.247s] -- Detecting CXX compiler ABI info
[0.303s] -- Detecting CXX compiler ABI info - done
[0.310s] -- Detecting CXX compile features
[0.310s] -- Detecting CXX compile features - done
[0.311s] -- Found ament_cmake_auto: 0.9.9 (/opt/ros/foxy/share/ament_cmake_auto/cmake)
[0.326s] -- Found PythonInterp: /usr/bin/python3 (found suitable version "3.8.10", minimum required is "3") 
[0.326s] -- Using PYTHON_EXECUTABLE: /usr/bin/python3
[0.467s] -- Found ament_lint_auto: 0.9.6 (/opt/ros/foxy/share/ament_lint_auto/cmake)
[0.476s] -- Added test 'copyright' to check source files copyright and LICENSE
[0.477s] -- Added test 'flake8' to check Python code syntax and style conventions
[0.478s] -- Added test 'lint_cmake' to check CMake code style
[0.478s] -- Added test 'pep257' to check Python code against some of the style conventions in PEP 257
[0.479s] -- Added test 'xmllint' to check XML markup files
[0.480s] -- Configuring done
[0.481s] -- Generating done
[0.481s] -- Build files have been written to: /home/ravi/pmb2_foxy_ws/build/pmb2_bringup
[0.483s] Invoked command in '/home/ravi/pmb2_foxy_ws/build/pmb2_bringup' returned '0': AMENT_PREFIX_PATH=/home/ravi/pmb2_foxy_ws/install/pmb2_description:/home/ravi/pmb2_foxy_ws/install/pmb2_controller_configuration:${AMENT_PREFIX_PATH} CMAKE_PREFIX_PATH=/home/ravi/pmb2_foxy_ws/install/pmb2_description:/home/ravi/pmb2_foxy_ws/install/pmb2_controller_configuration:/opt/ros/foxy PYTHONPATH=/home/ravi/pmb2_foxy_ws/install/pmb2_description/lib/python3.8/site-packages:${PYTHONPATH} /usr/bin/cmake /home/ravi/pmb2_foxy_ws/src/pmb2_robot/pmb2_bringup -DCMAKE_INSTALL_PREFIX=/home/ravi/pmb2_foxy_ws/install/pmb2_bringup
[0.485s] Invoking command in '/home/ravi/pmb2_foxy_ws/build/pmb2_bringup': AMENT_PREFIX_PATH=/home/ravi/pmb2_foxy_ws/install/pmb2_description:/home/ravi/pmb2_foxy_ws/install/pmb2_controller_configuration:${AMENT_PREFIX_PATH} CMAKE_PREFIX_PATH=/home/ravi/pmb2_foxy_ws/install/pmb2_description:/home/ravi/pmb2_foxy_ws/install/pmb2_controller_configuration:/opt/ros/foxy PYTHONPATH=/home/ravi/pmb2_foxy_ws/install/pmb2_description/lib/python3.8/site-packages:${PYTHONPATH} /usr/bin/cmake --build /home/ravi/pmb2_foxy_ws/build/pmb2_bringup -- -j8 -l8
[0.510s] Invoked command in '/home/ravi/pmb2_foxy_ws/build/pmb2_bringup' returned '0': AMENT_PREFIX_PATH=/home/ravi/pmb2_foxy_ws/install/pmb2_description:/home/ravi/pmb2_foxy_ws/install/pmb2_controller_configuration:${AMENT_PREFIX_PATH} CMAKE_PREFIX_PATH=/home/ravi/pmb2_foxy_ws/install/pmb2_description:/home/ravi/pmb2_foxy_ws/install/pmb2_controller_configuration:/opt/ros/foxy PYTHONPATH=/home/ravi/pmb2_foxy_ws/install/pmb2_description/lib/python3.8/site-packages:${PYTHONPATH} /usr/bin/cmake --build /home/ravi/pmb2_foxy_ws/build/pmb2_bringup -- -j8 -l8
[0.526s] Invoking command in '/home/ravi/pmb2_foxy_ws/build/pmb2_bringup': AMENT_PREFIX_PATH=/home/ravi/pmb2_foxy_ws/install/pmb2_description:/home/ravi/pmb2_foxy_ws/install/pmb2_controller_configuration:${AMENT_PREFIX_PATH} CMAKE_PREFIX_PATH=/home/ravi/pmb2_foxy_ws/install/pmb2_description:/home/ravi/pmb2_foxy_ws/install/pmb2_controller_configuration:/opt/ros/foxy PYTHONPATH=/home/ravi/pmb2_foxy_ws/install/pmb2_description/lib/python3.8/site-packages:${PYTHONPATH} /usr/bin/cmake --install /home/ravi/pmb2_foxy_ws/build/pmb2_bringup
[0.533s] -- Install configuration: ""
[0.533s] -- Installing: /home/ravi/pmb2_foxy_ws/install/pmb2_bringup/share/pmb2_bringup/config
[0.533s] -- Installing: /home/ravi/pmb2_foxy_ws/install/pmb2_bringup/share/pmb2_bringup/config/pmb2_hardware.yaml
[0.533s] -- Installing: /home/ravi/pmb2_foxy_ws/install/pmb2_bringup/share/pmb2_bringup/config/twist_mux
[0.533s] -- Installing: /home/ravi/pmb2_foxy_ws/install/pmb2_bringup/share/pmb2_bringup/config/twist_mux/twist_mux_topics.yaml
[0.533s] -- Installing: /home/ravi/pmb2_foxy_ws/install/pmb2_bringup/share/pmb2_bringup/config/twist_mux/joystick.yaml
[0.533s] -- Installing: /home/ravi/pmb2_foxy_ws/install/pmb2_bringup/share/pmb2_bringup/config/twist_mux/twist_mux_locks.yaml
[0.534s] -- Installing: /home/ravi/pmb2_foxy_ws/install/pmb2_bringup/share/pmb2_bringup/config/joy_teleop.yaml
[0.534s] -- Installing: /home/ravi/pmb2_foxy_ws/install/pmb2_bringup/share/pmb2_bringup/launch
[0.534s] -- Installing: /home/ravi/pmb2_foxy_ws/install/pmb2_bringup/share/pmb2_bringup/launch/twist_mux.launch.py
[0.534s] -- Installing: /home/ravi/pmb2_foxy_ws/install/pmb2_bringup/share/pmb2_bringup/launch/pmb2_bringup.launch.py
[0.534s] -- Installing: /home/ravi/pmb2_foxy_ws/install/pmb2_bringup/share/pmb2_bringup/launch/pmb2.launch
[0.534s] -- Installing: /home/ravi/pmb2_foxy_ws/install/pmb2_bringup/share/pmb2_bringup/launch/joystick_teleop.launch.py
[0.534s] -- Installing: /home/ravi/pmb2_foxy_ws/install/pmb2_bringup/share/ament_index/resource_index/package_run_dependencies/pmb2_bringup
[0.534s] -- Installing: /home/ravi/pmb2_foxy_ws/install/pmb2_bringup/share/ament_index/resource_index/parent_prefix_path/pmb2_bringup
[0.534s] -- Installing: /home/ravi/pmb2_foxy_ws/install/pmb2_bringup/share/pmb2_bringup/environment/ament_prefix_path.sh
[0.534s] -- Installing: /home/ravi/pmb2_foxy_ws/install/pmb2_bringup/share/pmb2_bringup/environment/ament_prefix_path.dsv
[0.534s] -- Installing: /home/ravi/pmb2_foxy_ws/install/pmb2_bringup/share/pmb2_bringup/environment/path.sh
[0.534s] -- Installing: /home/ravi/pmb2_foxy_ws/install/pmb2_bringup/share/pmb2_bringup/environment/path.dsv
[0.534s] -- Installing: /home/ravi/pmb2_foxy_ws/install/pmb2_bringup/share/pmb2_bringup/local_setup.bash
[0.534s] -- Installing: /home/ravi/pmb2_foxy_ws/install/pmb2_bringup/share/pmb2_bringup/local_setup.sh
[0.534s] -- Installing: /home/ravi/pmb2_foxy_ws/install/pmb2_bringup/share/pmb2_bringup/local_setup.zsh
[0.534s] -- Installing: /home/ravi/pmb2_foxy_ws/install/pmb2_bringup/share/pmb2_bringup/local_setup.dsv
[0.534s] -- Installing: /home/ravi/pmb2_foxy_ws/install/pmb2_bringup/share/pmb2_bringup/package.dsv
[0.534s] -- Installing: /home/ravi/pmb2_foxy_ws/install/pmb2_bringup/share/ament_index/resource_index/packages/pmb2_bringup
[0.534s] -- Installing: /home/ravi/pmb2_foxy_ws/install/pmb2_bringup/share/pmb2_bringup/cmake/pmb2_bringupConfig.cmake
[0.534s] -- Installing: /home/ravi/pmb2_foxy_ws/install/pmb2_bringup/share/pmb2_bringup/cmake/pmb2_bringupConfig-version.cmake
[0.535s] -- Installing: /home/ravi/pmb2_foxy_ws/install/pmb2_bringup/share/pmb2_bringup/package.xml
[0.537s] Invoked command in '/home/ravi/pmb2_foxy_ws/build/pmb2_bringup' returned '0': AMENT_PREFIX_PATH=/home/ravi/pmb2_foxy_ws/install/pmb2_description:/home/ravi/pmb2_foxy_ws/install/pmb2_controller_configuration:${AMENT_PREFIX_PATH} CMAKE_PREFIX_PATH=/home/ravi/pmb2_foxy_ws/install/pmb2_description:/home/ravi/pmb2_foxy_ws/install/pmb2_controller_configuration:/opt/ros/foxy PYTHONPATH=/home/ravi/pmb2_foxy_ws/install/pmb2_description/lib/python3.8/site-packages:${PYTHONPATH} /usr/bin/cmake --install /home/ravi/pmb2_foxy_ws/build/pmb2_bringup
