[0.016s] Invoking command in '/home/ravi/pmb2_foxy_ws/build/hardware_interface': CMAKE_PREFIX_PATH=${CMAKE_PREFIX_PATH}:/home/ravi/pmb2_foxy_ws/install/launch_pal:/opt/ros/foxy /usr/bin/cmake /home/ravi/pmb2_foxy_ws/src/ros2_control/hardware_interface -DCMAKE_INSTALL_PREFIX=/home/ravi/pmb2_foxy_ws/install/hardware_interface
[0.030s] -- Found ament_cmake: 0.9.9 (/opt/ros/foxy/share/ament_cmake/cmake)
[0.057s] -- Using PYTHON_EXECUTABLE: /usr/bin/python3
[0.187s] -- Override CMake install command with custom implementation using symlinks instead of copying resources
[0.201s] CMake Error at CMakeLists.txt:14 (find_package):
[0.201s]   By not providing "Findcontrol_msgs.cmake" in CMAKE_MODULE_PATH this project
[0.201s]   has asked CMake to find a package configuration file provided by
[0.201s]   "control_msgs", but CMake did not find one.
[0.201s] 
[0.201s]   Could not find a package configuration file provided by "control_msgs" with
[0.201s]   any of the following names:
[0.201s] 
[0.201s]     control_msgsConfig.cmake
[0.201s]     control_msgs-config.cmake
[0.201s] 
[0.201s]   Add the installation prefix of "control_msgs" to CMAKE_PREFIX_PATH or set
[0.202s]   "control_msgs_DIR" to a directory containing one of the above files.  If
[0.202s]   "control_msgs" provides a separate development package or SDK, be sure it
[0.202s]   has been installed.
[0.202s] 
[0.202s] 
[0.202s] -- Configuring incomplete, errors occurred!
[0.202s] See also "/home/ravi/pmb2_foxy_ws/build/hardware_interface/CMakeFiles/CMakeOutput.log".
[0.203s] Invoked command in '/home/ravi/pmb2_foxy_ws/build/hardware_interface' returned '1': CMAKE_PREFIX_PATH=${CMAKE_PREFIX_PATH}:/home/ravi/pmb2_foxy_ws/install/launch_pal:/opt/ros/foxy /usr/bin/cmake /home/ravi/pmb2_foxy_ws/src/ros2_control/hardware_interface -DCMAKE_INSTALL_PREFIX=/home/ravi/pmb2_foxy_ws/install/hardware_interface
