-- The C compiler identification is GNU 9.4.0
-- The CXX compiler identification is GNU 9.4.0
-- Check for working C compiler: /usr/bin/cc
-- Check for working C compiler: /usr/bin/cc -- works
-- Detecting C compiler ABI info
-- Detecting C compiler ABI info - done
-- Detecting C compile features
-- Detecting C compile features - done
-- Check for working CXX compiler: /usr/bin/c++
-- Check for working CXX compiler: /usr/bin/c++ -- works
-- Detecting CXX compiler ABI info
-- Detecting CXX compiler ABI info - done
-- Detecting CXX compile features
-- Detecting CXX compile features - done
-- Found ament_cmake_auto: 0.9.9 (/opt/ros/foxy/share/ament_cmake_auto/cmake)
-- Found PythonInterp: /usr/bin/python3 (found suitable version "3.8.10", minimum required is "3") 
-- Using PYTHON_EXECUTABLE: /usr/bin/python3
-- Override CMake install command with custom implementation using symlinks instead of copying resources
-- Found ament_lint_auto: 0.9.6 (/opt/ros/foxy/share/ament_lint_auto/cmake)
-- Added test 'copyright' to check source files copyright and LICENSE
-- Added test 'flake8' to check Python code syntax and style conventions
-- Added test 'lint_cmake' to check CMake code style
-- Added test 'pep257' to check Python code against some of the style conventions in PEP 257
-- Added test 'xmllint' to check XML markup files
-- Configuring done
-- Generating done
-- Build files have been written to: /home/ravi/pmb2_foxy_ws/build/pmb2_2dnav_gazebo
-- Install configuration: ""
-- Execute custom install script
-- Symlinking: /home/ravi/pmb2_foxy_ws/install/pmb2_2dnav_gazebo/share/pmb2_2dnav_gazebo/launch/pmb2_mapping_gazebo.launch.py
-- Symlinking: /home/ravi/pmb2_foxy_ws/install/pmb2_2dnav_gazebo/share/pmb2_2dnav_gazebo/launch/pmb2_navigation_gazebo.launch.py
-- Symlinking: /home/ravi/pmb2_foxy_ws/install/pmb2_2dnav_gazebo/share/ament_index/resource_index/package_run_dependencies/pmb2_2dnav_gazebo
-- Symlinking: /home/ravi/pmb2_foxy_ws/install/pmb2_2dnav_gazebo/share/ament_index/resource_index/parent_prefix_path/pmb2_2dnav_gazebo
-- Symlinking: /home/ravi/pmb2_foxy_ws/install/pmb2_2dnav_gazebo/share/pmb2_2dnav_gazebo/environment/ament_prefix_path.sh
-- Symlinking: /home/ravi/pmb2_foxy_ws/install/pmb2_2dnav_gazebo/share/pmb2_2dnav_gazebo/environment/ament_prefix_path.dsv
-- Symlinking: /home/ravi/pmb2_foxy_ws/install/pmb2_2dnav_gazebo/share/pmb2_2dnav_gazebo/environment/path.sh
-- Symlinking: /home/ravi/pmb2_foxy_ws/install/pmb2_2dnav_gazebo/share/pmb2_2dnav_gazebo/environment/path.dsv
-- Symlinking: /home/ravi/pmb2_foxy_ws/install/pmb2_2dnav_gazebo/share/pmb2_2dnav_gazebo/local_setup.bash
-- Symlinking: /home/ravi/pmb2_foxy_ws/install/pmb2_2dnav_gazebo/share/pmb2_2dnav_gazebo/local_setup.sh
-- Symlinking: /home/ravi/pmb2_foxy_ws/install/pmb2_2dnav_gazebo/share/pmb2_2dnav_gazebo/local_setup.zsh
-- Symlinking: /home/ravi/pmb2_foxy_ws/install/pmb2_2dnav_gazebo/share/pmb2_2dnav_gazebo/local_setup.dsv
-- Symlinking: /home/ravi/pmb2_foxy_ws/install/pmb2_2dnav_gazebo/share/pmb2_2dnav_gazebo/package.dsv
-- Symlinking: /home/ravi/pmb2_foxy_ws/install/pmb2_2dnav_gazebo/share/ament_index/resource_index/packages/pmb2_2dnav_gazebo
-- Symlinking: /home/ravi/pmb2_foxy_ws/install/pmb2_2dnav_gazebo/share/pmb2_2dnav_gazebo/cmake/pmb2_2dnav_gazeboConfig.cmake
-- Symlinking: /home/ravi/pmb2_foxy_ws/install/pmb2_2dnav_gazebo/share/pmb2_2dnav_gazebo/cmake/pmb2_2dnav_gazeboConfig-version.cmake
-- Symlinking: /home/ravi/pmb2_foxy_ws/install/pmb2_2dnav_gazebo/share/pmb2_2dnav_gazebo/package.xml
