[0.009s] Invoking command in '/home/ravi/pmb2_foxy_ws/build/pmb2_2dnav_gazebo': AMENT_PREFIX_PATH=/home/ravi/pmb2_foxy_ws/install/pmb2_gazebo:/home/ravi/pmb2_foxy_ws/install/pmb2_2dnav:/home/ravi/pmb2_foxy_ws/install/pmb2_maps:${AMENT_PREFIX_PATH} CMAKE_PREFIX_PATH=/home/ravi/pmb2_foxy_ws/install/pmb2_gazebo:/home/ravi/pmb2_foxy_ws/install/pmb2_bringup:/home/ravi/pmb2_foxy_ws/install/pmb2_description:/home/ravi/pmb2_foxy_ws/install/pmb2_2dnav:/home/ravi/pmb2_foxy_ws/install/pmb2_maps:/home/ravi/pmb2_foxy_ws/install/pmb2_controller_configuration:/home/ravi/pmb2_foxy_ws/install/pmb2_robot:/home/ravi/pmb2_foxy_ws/install/launch_pal:/opt/ros/foxy PYTHONPATH=/home/ravi/pmb2_foxy_ws/install/pmb2_description/lib/python3.8/site-packages:/home/ravi/pmb2_foxy_ws/build/launch_pal:/home/ravi/pmb2_foxy_ws/install/launch_pal/lib/python3.8/site-packages:/opt/ros/foxy/lib/python3.8/site-packages /usr/bin/cmake /home/ravi/pmb2_foxy_ws/src/pmb2_simulation/pmb2_2dnav_gazebo -DAMENT_CMAKE_SYMLINK_INSTALL=1 -DCMAKE_INSTALL_PREFIX=/home/ravi/pmb2_foxy_ws/install/pmb2_2dnav_gazebo
[0.043s] -- The C compiler identification is GNU 9.4.0
[0.082s] -- The CXX compiler identification is GNU 9.4.0
[0.085s] -- Check for working C compiler: /usr/bin/cc
[0.128s] -- Check for working C compiler: /usr/bin/cc -- works
[0.129s] -- Detecting C compiler ABI info
[0.172s] -- Detecting C compiler ABI info - done
[0.179s] -- Detecting C compile features
[0.179s] -- Detecting C compile features - done
[0.180s] -- Check for working CXX compiler: /usr/bin/c++
[0.237s] -- Check for working CXX compiler: /usr/bin/c++ -- works
[0.237s] -- Detecting CXX compiler ABI info
[0.290s] -- Detecting CXX compiler ABI info - done
[0.297s] -- Detecting CXX compile features
[0.298s] -- Detecting CXX compile features - done
[0.299s] -- Found ament_cmake_auto: 0.9.9 (/opt/ros/foxy/share/ament_cmake_auto/cmake)
[0.318s] -- Found PythonInterp: /usr/bin/python3 (found suitable version "3.8.10", minimum required is "3") 
[0.319s] -- Using PYTHON_EXECUTABLE: /usr/bin/python3
[0.411s] -- Override CMake install command with custom implementation using symlinks instead of copying resources
[0.431s] -- Found ament_lint_auto: 0.9.6 (/opt/ros/foxy/share/ament_lint_auto/cmake)
[0.476s] -- Added test 'copyright' to check source files copyright and LICENSE
[0.477s] -- Added test 'flake8' to check Python code syntax and style conventions
[0.477s] -- Added test 'lint_cmake' to check CMake code style
[0.477s] -- Added test 'pep257' to check Python code against some of the style conventions in PEP 257
[0.478s] -- Added test 'xmllint' to check XML markup files
[0.479s] -- Configuring done
[0.480s] -- Generating done
[0.481s] -- Build files have been written to: /home/ravi/pmb2_foxy_ws/build/pmb2_2dnav_gazebo
[0.484s] Invoked command in '/home/ravi/pmb2_foxy_ws/build/pmb2_2dnav_gazebo' returned '0': AMENT_PREFIX_PATH=/home/ravi/pmb2_foxy_ws/install/pmb2_gazebo:/home/ravi/pmb2_foxy_ws/install/pmb2_2dnav:/home/ravi/pmb2_foxy_ws/install/pmb2_maps:${AMENT_PREFIX_PATH} CMAKE_PREFIX_PATH=/home/ravi/pmb2_foxy_ws/install/pmb2_gazebo:/home/ravi/pmb2_foxy_ws/install/pmb2_bringup:/home/ravi/pmb2_foxy_ws/install/pmb2_description:/home/ravi/pmb2_foxy_ws/install/pmb2_2dnav:/home/ravi/pmb2_foxy_ws/install/pmb2_maps:/home/ravi/pmb2_foxy_ws/install/pmb2_controller_configuration:/home/ravi/pmb2_foxy_ws/install/pmb2_robot:/home/ravi/pmb2_foxy_ws/install/launch_pal:/opt/ros/foxy PYTHONPATH=/home/ravi/pmb2_foxy_ws/install/pmb2_description/lib/python3.8/site-packages:/home/ravi/pmb2_foxy_ws/build/launch_pal:/home/ravi/pmb2_foxy_ws/install/launch_pal/lib/python3.8/site-packages:/opt/ros/foxy/lib/python3.8/site-packages /usr/bin/cmake /home/ravi/pmb2_foxy_ws/src/pmb2_simulation/pmb2_2dnav_gazebo -DAMENT_CMAKE_SYMLINK_INSTALL=1 -DCMAKE_INSTALL_PREFIX=/home/ravi/pmb2_foxy_ws/install/pmb2_2dnav_gazebo
[0.485s] Invoking command in '/home/ravi/pmb2_foxy_ws/build/pmb2_2dnav_gazebo': AMENT_PREFIX_PATH=/home/ravi/pmb2_foxy_ws/install/pmb2_gazebo:/home/ravi/pmb2_foxy_ws/install/pmb2_2dnav:/home/ravi/pmb2_foxy_ws/install/pmb2_maps:${AMENT_PREFIX_PATH} CMAKE_PREFIX_PATH=/home/ravi/pmb2_foxy_ws/install/pmb2_gazebo:/home/ravi/pmb2_foxy_ws/install/pmb2_bringup:/home/ravi/pmb2_foxy_ws/install/pmb2_description:/home/ravi/pmb2_foxy_ws/install/pmb2_2dnav:/home/ravi/pmb2_foxy_ws/install/pmb2_maps:/home/ravi/pmb2_foxy_ws/install/pmb2_controller_configuration:/home/ravi/pmb2_foxy_ws/install/pmb2_robot:/home/ravi/pmb2_foxy_ws/install/launch_pal:/opt/ros/foxy PYTHONPATH=/home/ravi/pmb2_foxy_ws/install/pmb2_description/lib/python3.8/site-packages:/home/ravi/pmb2_foxy_ws/build/launch_pal:/home/ravi/pmb2_foxy_ws/install/launch_pal/lib/python3.8/site-packages:/opt/ros/foxy/lib/python3.8/site-packages /usr/bin/cmake --build /home/ravi/pmb2_foxy_ws/build/pmb2_2dnav_gazebo -- -j8 -l8
[0.512s] Invoked command in '/home/ravi/pmb2_foxy_ws/build/pmb2_2dnav_gazebo' returned '0': AMENT_PREFIX_PATH=/home/ravi/pmb2_foxy_ws/install/pmb2_gazebo:/home/ravi/pmb2_foxy_ws/install/pmb2_2dnav:/home/ravi/pmb2_foxy_ws/install/pmb2_maps:${AMENT_PREFIX_PATH} CMAKE_PREFIX_PATH=/home/ravi/pmb2_foxy_ws/install/pmb2_gazebo:/home/ravi/pmb2_foxy_ws/install/pmb2_bringup:/home/ravi/pmb2_foxy_ws/install/pmb2_description:/home/ravi/pmb2_foxy_ws/install/pmb2_2dnav:/home/ravi/pmb2_foxy_ws/install/pmb2_maps:/home/ravi/pmb2_foxy_ws/install/pmb2_controller_configuration:/home/ravi/pmb2_foxy_ws/install/pmb2_robot:/home/ravi/pmb2_foxy_ws/install/launch_pal:/opt/ros/foxy PYTHONPATH=/home/ravi/pmb2_foxy_ws/install/pmb2_description/lib/python3.8/site-packages:/home/ravi/pmb2_foxy_ws/build/launch_pal:/home/ravi/pmb2_foxy_ws/install/launch_pal/lib/python3.8/site-packages:/opt/ros/foxy/lib/python3.8/site-packages /usr/bin/cmake --build /home/ravi/pmb2_foxy_ws/build/pmb2_2dnav_gazebo -- -j8 -l8
[0.527s] Invoking command in '/home/ravi/pmb2_foxy_ws/build/pmb2_2dnav_gazebo': AMENT_PREFIX_PATH=/home/ravi/pmb2_foxy_ws/install/pmb2_gazebo:/home/ravi/pmb2_foxy_ws/install/pmb2_2dnav:/home/ravi/pmb2_foxy_ws/install/pmb2_maps:${AMENT_PREFIX_PATH} CMAKE_PREFIX_PATH=/home/ravi/pmb2_foxy_ws/install/pmb2_gazebo:/home/ravi/pmb2_foxy_ws/install/pmb2_bringup:/home/ravi/pmb2_foxy_ws/install/pmb2_description:/home/ravi/pmb2_foxy_ws/install/pmb2_2dnav:/home/ravi/pmb2_foxy_ws/install/pmb2_maps:/home/ravi/pmb2_foxy_ws/install/pmb2_controller_configuration:/home/ravi/pmb2_foxy_ws/install/pmb2_robot:/home/ravi/pmb2_foxy_ws/install/launch_pal:/opt/ros/foxy PYTHONPATH=/home/ravi/pmb2_foxy_ws/install/pmb2_description/lib/python3.8/site-packages:/home/ravi/pmb2_foxy_ws/build/launch_pal:/home/ravi/pmb2_foxy_ws/install/launch_pal/lib/python3.8/site-packages:/opt/ros/foxy/lib/python3.8/site-packages /usr/bin/cmake --install /home/ravi/pmb2_foxy_ws/build/pmb2_2dnav_gazebo
[0.533s] -- Install configuration: ""
[0.533s] -- Execute custom install script
[0.534s] -- Symlinking: /home/ravi/pmb2_foxy_ws/install/pmb2_2dnav_gazebo/share/pmb2_2dnav_gazebo/launch/pmb2_mapping_gazebo.launch.py
[0.539s] -- Symlinking: /home/ravi/pmb2_foxy_ws/install/pmb2_2dnav_gazebo/share/pmb2_2dnav_gazebo/launch/pmb2_navigation_gazebo.launch.py
[0.545s] -- Symlinking: /home/ravi/pmb2_foxy_ws/install/pmb2_2dnav_gazebo/share/ament_index/resource_index/package_run_dependencies/pmb2_2dnav_gazebo
[0.552s] -- Symlinking: /home/ravi/pmb2_foxy_ws/install/pmb2_2dnav_gazebo/share/ament_index/resource_index/parent_prefix_path/pmb2_2dnav_gazebo
[0.558s] -- Symlinking: /home/ravi/pmb2_foxy_ws/install/pmb2_2dnav_gazebo/share/pmb2_2dnav_gazebo/environment/ament_prefix_path.sh
[0.563s] -- Symlinking: /home/ravi/pmb2_foxy_ws/install/pmb2_2dnav_gazebo/share/pmb2_2dnav_gazebo/environment/ament_prefix_path.dsv
[0.568s] -- Symlinking: /home/ravi/pmb2_foxy_ws/install/pmb2_2dnav_gazebo/share/pmb2_2dnav_gazebo/environment/path.sh
[0.573s] -- Symlinking: /home/ravi/pmb2_foxy_ws/install/pmb2_2dnav_gazebo/share/pmb2_2dnav_gazebo/environment/path.dsv
[0.580s] -- Symlinking: /home/ravi/pmb2_foxy_ws/install/pmb2_2dnav_gazebo/share/pmb2_2dnav_gazebo/local_setup.bash
[0.586s] -- Symlinking: /home/ravi/pmb2_foxy_ws/install/pmb2_2dnav_gazebo/share/pmb2_2dnav_gazebo/local_setup.sh
[0.591s] -- Symlinking: /home/ravi/pmb2_foxy_ws/install/pmb2_2dnav_gazebo/share/pmb2_2dnav_gazebo/local_setup.zsh
[0.596s] -- Symlinking: /home/ravi/pmb2_foxy_ws/install/pmb2_2dnav_gazebo/share/pmb2_2dnav_gazebo/local_setup.dsv
[0.601s] -- Symlinking: /home/ravi/pmb2_foxy_ws/install/pmb2_2dnav_gazebo/share/pmb2_2dnav_gazebo/package.dsv
[0.606s] -- Symlinking: /home/ravi/pmb2_foxy_ws/install/pmb2_2dnav_gazebo/share/ament_index/resource_index/packages/pmb2_2dnav_gazebo
[0.611s] -- Symlinking: /home/ravi/pmb2_foxy_ws/install/pmb2_2dnav_gazebo/share/pmb2_2dnav_gazebo/cmake/pmb2_2dnav_gazeboConfig.cmake
[0.616s] -- Symlinking: /home/ravi/pmb2_foxy_ws/install/pmb2_2dnav_gazebo/share/pmb2_2dnav_gazebo/cmake/pmb2_2dnav_gazeboConfig-version.cmake
[0.621s] -- Symlinking: /home/ravi/pmb2_foxy_ws/install/pmb2_2dnav_gazebo/share/pmb2_2dnav_gazebo/package.xml
[0.629s] Invoked command in '/home/ravi/pmb2_foxy_ws/build/pmb2_2dnav_gazebo' returned '0': AMENT_PREFIX_PATH=/home/ravi/pmb2_foxy_ws/install/pmb2_gazebo:/home/ravi/pmb2_foxy_ws/install/pmb2_2dnav:/home/ravi/pmb2_foxy_ws/install/pmb2_maps:${AMENT_PREFIX_PATH} CMAKE_PREFIX_PATH=/home/ravi/pmb2_foxy_ws/install/pmb2_gazebo:/home/ravi/pmb2_foxy_ws/install/pmb2_bringup:/home/ravi/pmb2_foxy_ws/install/pmb2_description:/home/ravi/pmb2_foxy_ws/install/pmb2_2dnav:/home/ravi/pmb2_foxy_ws/install/pmb2_maps:/home/ravi/pmb2_foxy_ws/install/pmb2_controller_configuration:/home/ravi/pmb2_foxy_ws/install/pmb2_robot:/home/ravi/pmb2_foxy_ws/install/launch_pal:/opt/ros/foxy PYTHONPATH=/home/ravi/pmb2_foxy_ws/install/pmb2_description/lib/python3.8/site-packages:/home/ravi/pmb2_foxy_ws/build/launch_pal:/home/ravi/pmb2_foxy_ws/install/launch_pal/lib/python3.8/site-packages:/opt/ros/foxy/lib/python3.8/site-packages /usr/bin/cmake --install /home/ravi/pmb2_foxy_ws/build/pmb2_2dnav_gazebo
