[0.025s] Invoking command in '/home/ravi/pmb2_foxy_ws/build/pmb2_2dnav': CMAKE_PREFIX_PATH=/home/ravi/pmb2_foxy_ws/install/pmb2_maps:/home/ravi/pmb2_foxy_ws/install/ros2_control_test_assets:/home/ravi/pmb2_foxy_ws/install/gazebo_ros_pkgs:/home/ravi/pmb2_foxy_ws/install/gazebo_plugins:/home/ravi/pmb2_foxy_ws/install/gazebo_ros:/home/ravi/pmb2_foxy_ws/install/gazebo_msgs:/home/ravi/pmb2_foxy_ws/install/gazebo_dev:/home/ravi/pmb2_foxy_ws/install/pal_gazebo_worlds:/home/ravi/pmb2_foxy_ws/install/pmb2_simulation:/home/ravi/pmb2_foxy_ws/install/pmb2_navigation:/home/ravi/pmb2_foxy_ws/install/pmb2_2dnav_gazebo:/home/ravi/pmb2_foxy_ws/install/pmb2_2dnav:/home/ravi/pmb2_foxy_ws/install/pmb2_gazebo:/home/ravi/pmb2_foxy_ws/install/pmb2_robot:/home/ravi/pmb2_foxy_ws/install/pmb2_bringup:/home/ravi/pmb2_foxy_ws/install/pmb2_description:/home/ravi/pmb2_foxy_ws/install/pmb2_controller_configuration:/home/ravi/pmb2_foxy_ws/install/launch_pal:/opt/ros/foxy /usr/bin/cmake --build /home/ravi/pmb2_foxy_ws/build/pmb2_2dnav -- -j8 -l8
[0.060s] Invoked command in '/home/ravi/pmb2_foxy_ws/build/pmb2_2dnav' returned '0': CMAKE_PREFIX_PATH=/home/ravi/pmb2_foxy_ws/install/pmb2_maps:/home/ravi/pmb2_foxy_ws/install/ros2_control_test_assets:/home/ravi/pmb2_foxy_ws/install/gazebo_ros_pkgs:/home/ravi/pmb2_foxy_ws/install/gazebo_plugins:/home/ravi/pmb2_foxy_ws/install/gazebo_ros:/home/ravi/pmb2_foxy_ws/install/gazebo_msgs:/home/ravi/pmb2_foxy_ws/install/gazebo_dev:/home/ravi/pmb2_foxy_ws/install/pal_gazebo_worlds:/home/ravi/pmb2_foxy_ws/install/pmb2_simulation:/home/ravi/pmb2_foxy_ws/install/pmb2_navigation:/home/ravi/pmb2_foxy_ws/install/pmb2_2dnav_gazebo:/home/ravi/pmb2_foxy_ws/install/pmb2_2dnav:/home/ravi/pmb2_foxy_ws/install/pmb2_gazebo:/home/ravi/pmb2_foxy_ws/install/pmb2_robot:/home/ravi/pmb2_foxy_ws/install/pmb2_bringup:/home/ravi/pmb2_foxy_ws/install/pmb2_description:/home/ravi/pmb2_foxy_ws/install/pmb2_controller_configuration:/home/ravi/pmb2_foxy_ws/install/launch_pal:/opt/ros/foxy /usr/bin/cmake --build /home/ravi/pmb2_foxy_ws/build/pmb2_2dnav -- -j8 -l8
[0.080s] Invoking command in '/home/ravi/pmb2_foxy_ws/build/pmb2_2dnav': CMAKE_PREFIX_PATH=/home/ravi/pmb2_foxy_ws/install/pmb2_maps:/home/ravi/pmb2_foxy_ws/install/ros2_control_test_assets:/home/ravi/pmb2_foxy_ws/install/gazebo_ros_pkgs:/home/ravi/pmb2_foxy_ws/install/gazebo_plugins:/home/ravi/pmb2_foxy_ws/install/gazebo_ros:/home/ravi/pmb2_foxy_ws/install/gazebo_msgs:/home/ravi/pmb2_foxy_ws/install/gazebo_dev:/home/ravi/pmb2_foxy_ws/install/pal_gazebo_worlds:/home/ravi/pmb2_foxy_ws/install/pmb2_simulation:/home/ravi/pmb2_foxy_ws/install/pmb2_navigation:/home/ravi/pmb2_foxy_ws/install/pmb2_2dnav_gazebo:/home/ravi/pmb2_foxy_ws/install/pmb2_2dnav:/home/ravi/pmb2_foxy_ws/install/pmb2_gazebo:/home/ravi/pmb2_foxy_ws/install/pmb2_robot:/home/ravi/pmb2_foxy_ws/install/pmb2_bringup:/home/ravi/pmb2_foxy_ws/install/pmb2_description:/home/ravi/pmb2_foxy_ws/install/pmb2_controller_configuration:/home/ravi/pmb2_foxy_ws/install/launch_pal:/opt/ros/foxy /usr/bin/cmake --install /home/ravi/pmb2_foxy_ws/build/pmb2_2dnav
[0.086s] -- Install configuration: ""
[0.086s] -- Execute custom install script
[0.087s] -- Up-to-date symlink: /home/ravi/pmb2_foxy_ws/install/pmb2_2dnav/lib/pmb2_2dnav/record_mapping.sh
[0.087s] -- Up-to-date symlink: /home/ravi/pmb2_foxy_ws/install/pmb2_2dnav/lib/pmb2_2dnav/record_move_base.sh
[0.087s] -- Up-to-date symlink: /home/ravi/pmb2_foxy_ws/install/pmb2_2dnav/lib/pmb2_2dnav/record_odom.sh
[0.087s] -- Up-to-date symlink: /home/ravi/pmb2_foxy_ws/install/pmb2_2dnav/lib/pmb2_2dnav/record_patrol.sh
[0.087s] -- Up-to-date symlink: /home/ravi/pmb2_foxy_ws/install/pmb2_2dnav/lib/pmb2_2dnav/record_rgbd.sh
[0.088s] -- Up-to-date symlink: /home/ravi/pmb2_foxy_ws/install/pmb2_2dnav/share/pmb2_2dnav/config/rviz/advanced_navigation.rviz
[0.088s] -- Up-to-date symlink: /home/ravi/pmb2_foxy_ws/install/pmb2_2dnav/share/pmb2_2dnav/config/rviz/navigation.rviz
[0.088s] -- Up-to-date symlink: /home/ravi/pmb2_foxy_ws/install/pmb2_2dnav/share/pmb2_2dnav/launch/pmb2_nav_bringup.launch.py
[0.089s] -- Up-to-date symlink: /home/ravi/pmb2_foxy_ws/install/pmb2_2dnav/share/pmb2_2dnav/params/pmb2_params.yaml
[0.089s] -- Up-to-date symlink: /home/ravi/pmb2_foxy_ws/install/pmb2_2dnav/share/ament_index/resource_index/package_run_dependencies/pmb2_2dnav
[0.090s] -- Up-to-date symlink: /home/ravi/pmb2_foxy_ws/install/pmb2_2dnav/share/ament_index/resource_index/parent_prefix_path/pmb2_2dnav
[0.090s] -- Up-to-date symlink: /home/ravi/pmb2_foxy_ws/install/pmb2_2dnav/share/pmb2_2dnav/environment/ament_prefix_path.sh
[0.090s] -- Up-to-date symlink: /home/ravi/pmb2_foxy_ws/install/pmb2_2dnav/share/pmb2_2dnav/environment/ament_prefix_path.dsv
[0.091s] -- Up-to-date symlink: /home/ravi/pmb2_foxy_ws/install/pmb2_2dnav/share/pmb2_2dnav/environment/path.sh
[0.091s] -- Up-to-date symlink: /home/ravi/pmb2_foxy_ws/install/pmb2_2dnav/share/pmb2_2dnav/environment/path.dsv
[0.091s] -- Up-to-date symlink: /home/ravi/pmb2_foxy_ws/install/pmb2_2dnav/share/pmb2_2dnav/local_setup.bash
[0.091s] -- Up-to-date symlink: /home/ravi/pmb2_foxy_ws/install/pmb2_2dnav/share/pmb2_2dnav/local_setup.sh
[0.091s] -- Up-to-date symlink: /home/ravi/pmb2_foxy_ws/install/pmb2_2dnav/share/pmb2_2dnav/local_setup.zsh
[0.092s] -- Up-to-date symlink: /home/ravi/pmb2_foxy_ws/install/pmb2_2dnav/share/pmb2_2dnav/local_setup.dsv
[0.092s] -- Symlinking: /home/ravi/pmb2_foxy_ws/install/pmb2_2dnav/share/pmb2_2dnav/package.dsv
[0.101s] -- Up-to-date symlink: /home/ravi/pmb2_foxy_ws/install/pmb2_2dnav/share/ament_index/resource_index/packages/pmb2_2dnav
[0.102s] -- Up-to-date symlink: /home/ravi/pmb2_foxy_ws/install/pmb2_2dnav/share/pmb2_2dnav/cmake/pmb2_2dnavConfig.cmake
[0.102s] -- Up-to-date symlink: /home/ravi/pmb2_foxy_ws/install/pmb2_2dnav/share/pmb2_2dnav/cmake/pmb2_2dnavConfig-version.cmake
[0.102s] -- Up-to-date symlink: /home/ravi/pmb2_foxy_ws/install/pmb2_2dnav/share/pmb2_2dnav/package.xml
[0.107s] Invoked command in '/home/ravi/pmb2_foxy_ws/build/pmb2_2dnav' returned '0': CMAKE_PREFIX_PATH=/home/ravi/pmb2_foxy_ws/install/pmb2_maps:/home/ravi/pmb2_foxy_ws/install/ros2_control_test_assets:/home/ravi/pmb2_foxy_ws/install/gazebo_ros_pkgs:/home/ravi/pmb2_foxy_ws/install/gazebo_plugins:/home/ravi/pmb2_foxy_ws/install/gazebo_ros:/home/ravi/pmb2_foxy_ws/install/gazebo_msgs:/home/ravi/pmb2_foxy_ws/install/gazebo_dev:/home/ravi/pmb2_foxy_ws/install/pal_gazebo_worlds:/home/ravi/pmb2_foxy_ws/install/pmb2_simulation:/home/ravi/pmb2_foxy_ws/install/pmb2_navigation:/home/ravi/pmb2_foxy_ws/install/pmb2_2dnav_gazebo:/home/ravi/pmb2_foxy_ws/install/pmb2_2dnav:/home/ravi/pmb2_foxy_ws/install/pmb2_gazebo:/home/ravi/pmb2_foxy_ws/install/pmb2_robot:/home/ravi/pmb2_foxy_ws/install/pmb2_bringup:/home/ravi/pmb2_foxy_ws/install/pmb2_description:/home/ravi/pmb2_foxy_ws/install/pmb2_controller_configuration:/home/ravi/pmb2_foxy_ws/install/launch_pal:/opt/ros/foxy /usr/bin/cmake --install /home/ravi/pmb2_foxy_ws/build/pmb2_2dnav
