[0.014s] Invoking command in '/home/ravi/pmb2_foxy_ws/build/pmb2_navigation': CMAKE_PREFIX_PATH=/home/ravi/pmb2_foxy_ws/install/pmb2_2dnav:/home/ravi/pmb2_foxy_ws/install/pmb2_maps:/home/ravi/pmb2_foxy_ws/install/gazebo_ros_pkgs:/home/ravi/pmb2_foxy_ws/install/gazebo_plugins:/home/ravi/pmb2_foxy_ws/install/gazebo_ros:/home/ravi/pmb2_foxy_ws/install/gazebo_msgs:/home/ravi/pmb2_foxy_ws/install/gazebo_dev:/home/ravi/pmb2_foxy_ws/install/pal_gazebo_worlds:/home/ravi/pmb2_foxy_ws/install/pmb2_simulation:/home/ravi/pmb2_foxy_ws/install/pmb2_navigation:/home/ravi/pmb2_foxy_ws/install/pmb2_2dnav_gazebo:/home/ravi/pmb2_foxy_ws/install/pmb2_gazebo:/home/ravi/pmb2_foxy_ws/install/pmb2_robot:/home/ravi/pmb2_foxy_ws/install/pmb2_bringup:/home/ravi/pmb2_foxy_ws/install/pmb2_description:/home/ravi/pmb2_foxy_ws/install/pmb2_controller_configuration:/home/ravi/pmb2_foxy_ws/install/launch_pal:/opt/ros/foxy /usr/bin/cmake --build /home/ravi/pmb2_foxy_ws/build/pmb2_navigation -- -j8 -l8
[0.038s] Invoked command in '/home/ravi/pmb2_foxy_ws/build/pmb2_navigation' returned '0': CMAKE_PREFIX_PATH=/home/ravi/pmb2_foxy_ws/install/pmb2_2dnav:/home/ravi/pmb2_foxy_ws/install/pmb2_maps:/home/ravi/pmb2_foxy_ws/install/gazebo_ros_pkgs:/home/ravi/pmb2_foxy_ws/install/gazebo_plugins:/home/ravi/pmb2_foxy_ws/install/gazebo_ros:/home/ravi/pmb2_foxy_ws/install/gazebo_msgs:/home/ravi/pmb2_foxy_ws/install/gazebo_dev:/home/ravi/pmb2_foxy_ws/install/pal_gazebo_worlds:/home/ravi/pmb2_foxy_ws/install/pmb2_simulation:/home/ravi/pmb2_foxy_ws/install/pmb2_navigation:/home/ravi/pmb2_foxy_ws/install/pmb2_2dnav_gazebo:/home/ravi/pmb2_foxy_ws/install/pmb2_gazebo:/home/ravi/pmb2_foxy_ws/install/pmb2_robot:/home/ravi/pmb2_foxy_ws/install/pmb2_bringup:/home/ravi/pmb2_foxy_ws/install/pmb2_description:/home/ravi/pmb2_foxy_ws/install/pmb2_controller_configuration:/home/ravi/pmb2_foxy_ws/install/launch_pal:/opt/ros/foxy /usr/bin/cmake --build /home/ravi/pmb2_foxy_ws/build/pmb2_navigation -- -j8 -l8
[0.054s] Invoking command in '/home/ravi/pmb2_foxy_ws/build/pmb2_navigation': CMAKE_PREFIX_PATH=/home/ravi/pmb2_foxy_ws/install/pmb2_2dnav:/home/ravi/pmb2_foxy_ws/install/pmb2_maps:/home/ravi/pmb2_foxy_ws/install/gazebo_ros_pkgs:/home/ravi/pmb2_foxy_ws/install/gazebo_plugins:/home/ravi/pmb2_foxy_ws/install/gazebo_ros:/home/ravi/pmb2_foxy_ws/install/gazebo_msgs:/home/ravi/pmb2_foxy_ws/install/gazebo_dev:/home/ravi/pmb2_foxy_ws/install/pal_gazebo_worlds:/home/ravi/pmb2_foxy_ws/install/pmb2_simulation:/home/ravi/pmb2_foxy_ws/install/pmb2_navigation:/home/ravi/pmb2_foxy_ws/install/pmb2_2dnav_gazebo:/home/ravi/pmb2_foxy_ws/install/pmb2_gazebo:/home/ravi/pmb2_foxy_ws/install/pmb2_robot:/home/ravi/pmb2_foxy_ws/install/pmb2_bringup:/home/ravi/pmb2_foxy_ws/install/pmb2_description:/home/ravi/pmb2_foxy_ws/install/pmb2_controller_configuration:/home/ravi/pmb2_foxy_ws/install/launch_pal:/opt/ros/foxy /usr/bin/cmake --install /home/ravi/pmb2_foxy_ws/build/pmb2_navigation
[0.060s] -- Install configuration: ""
[0.060s] -- Execute custom install script
[0.060s] -- Up-to-date symlink: /home/ravi/pmb2_foxy_ws/install/pmb2_navigation/share/ament_index/resource_index/package_run_dependencies/pmb2_navigation
[0.061s] -- Up-to-date symlink: /home/ravi/pmb2_foxy_ws/install/pmb2_navigation/share/ament_index/resource_index/parent_prefix_path/pmb2_navigation
[0.061s] -- Up-to-date symlink: /home/ravi/pmb2_foxy_ws/install/pmb2_navigation/share/pmb2_navigation/environment/ament_prefix_path.sh
[0.061s] -- Up-to-date symlink: /home/ravi/pmb2_foxy_ws/install/pmb2_navigation/share/pmb2_navigation/environment/ament_prefix_path.dsv
[0.061s] -- Up-to-date symlink: /home/ravi/pmb2_foxy_ws/install/pmb2_navigation/share/pmb2_navigation/environment/path.sh
[0.061s] -- Up-to-date symlink: /home/ravi/pmb2_foxy_ws/install/pmb2_navigation/share/pmb2_navigation/environment/path.dsv
[0.061s] -- Up-to-date symlink: /home/ravi/pmb2_foxy_ws/install/pmb2_navigation/share/pmb2_navigation/local_setup.bash
[0.062s] -- Up-to-date symlink: /home/ravi/pmb2_foxy_ws/install/pmb2_navigation/share/pmb2_navigation/local_setup.sh
[0.062s] -- Up-to-date symlink: /home/ravi/pmb2_foxy_ws/install/pmb2_navigation/share/pmb2_navigation/local_setup.zsh
[0.062s] -- Up-to-date symlink: /home/ravi/pmb2_foxy_ws/install/pmb2_navigation/share/pmb2_navigation/local_setup.dsv
[0.062s] -- Symlinking: /home/ravi/pmb2_foxy_ws/install/pmb2_navigation/share/pmb2_navigation/package.dsv
[0.069s] -- Up-to-date symlink: /home/ravi/pmb2_foxy_ws/install/pmb2_navigation/share/ament_index/resource_index/packages/pmb2_navigation
[0.069s] -- Up-to-date symlink: /home/ravi/pmb2_foxy_ws/install/pmb2_navigation/share/pmb2_navigation/cmake/pmb2_navigationConfig.cmake
[0.069s] -- Up-to-date symlink: /home/ravi/pmb2_foxy_ws/install/pmb2_navigation/share/pmb2_navigation/cmake/pmb2_navigationConfig-version.cmake
[0.069s] -- Up-to-date symlink: /home/ravi/pmb2_foxy_ws/install/pmb2_navigation/share/pmb2_navigation/package.xml
[0.072s] Invoked command in '/home/ravi/pmb2_foxy_ws/build/pmb2_navigation' returned '0': CMAKE_PREFIX_PATH=/home/ravi/pmb2_foxy_ws/install/pmb2_2dnav:/home/ravi/pmb2_foxy_ws/install/pmb2_maps:/home/ravi/pmb2_foxy_ws/install/gazebo_ros_pkgs:/home/ravi/pmb2_foxy_ws/install/gazebo_plugins:/home/ravi/pmb2_foxy_ws/install/gazebo_ros:/home/ravi/pmb2_foxy_ws/install/gazebo_msgs:/home/ravi/pmb2_foxy_ws/install/gazebo_dev:/home/ravi/pmb2_foxy_ws/install/pal_gazebo_worlds:/home/ravi/pmb2_foxy_ws/install/pmb2_simulation:/home/ravi/pmb2_foxy_ws/install/pmb2_navigation:/home/ravi/pmb2_foxy_ws/install/pmb2_2dnav_gazebo:/home/ravi/pmb2_foxy_ws/install/pmb2_gazebo:/home/ravi/pmb2_foxy_ws/install/pmb2_robot:/home/ravi/pmb2_foxy_ws/install/pmb2_bringup:/home/ravi/pmb2_foxy_ws/install/pmb2_description:/home/ravi/pmb2_foxy_ws/install/pmb2_controller_configuration:/home/ravi/pmb2_foxy_ws/install/launch_pal:/opt/ros/foxy /usr/bin/cmake --install /home/ravi/pmb2_foxy_ws/build/pmb2_navigation
