[0.046s] Invoking command in '/home/ravi/pmb2_foxy_ws/build/controller_manager_msgs': CMAKE_PREFIX_PATH=${CMAKE_PREFIX_PATH}:/home/ravi/pmb2_foxy_ws/install/ros2controlcli:/home/ravi/pmb2_foxy_ws/install/launch_pal:/opt/ros/foxy /usr/bin/cmake /home/ravi/pmb2_foxy_ws/src/ros2_control/controller_manager_msgs -DAMENT_CMAKE_SYMLINK_INSTALL=1 -DCMAKE_INSTALL_PREFIX=/home/ravi/pmb2_foxy_ws/install/controller_manager_msgs
[0.279s] -- Found ament_cmake: 0.9.9 (/opt/ros/foxy/share/ament_cmake/cmake)
[0.279s] -- Found PythonInterp: /usr/bin/python3 (found suitable version "3.8.10", minimum required is "3") 
[0.280s] -- Using PYTHON_EXECUTABLE: /usr/bin/python3
[0.281s] -- Override CMake install command with custom implementation using symlinks instead of copying resources
[0.281s] -- Found builtin_interfaces: 1.0.0 (/opt/ros/foxy/share/builtin_interfaces/cmake)
[0.281s] -- Using all available rosidl_typesupport_c: rosidl_typesupport_fastrtps_c;rosidl_typesupport_introspection_c
[0.281s] -- Found rosidl_adapter: 1.2.1 (/opt/ros/foxy/share/rosidl_adapter/cmake)
[0.313s] -- Using all available rosidl_typesupport_cpp: rosidl_typesupport_fastrtps_cpp;rosidl_typesupport_introspection_cpp
[0.338s] -- Found rosidl_default_generators: 1.0.1 (/opt/ros/foxy/share/rosidl_default_generators/cmake)
[0.347s] -- Found ament_lint_auto: 0.9.6 (/opt/ros/foxy/share/ament_lint_auto/cmake)
[0.434s] -- Found PythonInterp: /usr/bin/python3 (found version "3.8.10") 
[0.622s] -- Found ament_cmake_ros: 0.9.2 (/opt/ros/foxy/share/ament_cmake_ros/cmake)
[0.754s] -- Using all available rosidl_typesupport_c: rosidl_typesupport_fastrtps_c;rosidl_typesupport_introspection_c
[0.781s] -- Using all available rosidl_typesupport_cpp: rosidl_typesupport_fastrtps_cpp;rosidl_typesupport_introspection_cpp
[0.816s] -- Found PythonInterp: /usr/bin/python3 (found suitable version "3.8.10", minimum required is "3.5") 
[0.816s] -- Found python_cmake_module: 0.8.1 (/opt/ros/foxy/share/python_cmake_module/cmake)
[0.847s] -- Using PYTHON_EXECUTABLE: /usr/bin/python3
[0.847s] -- Using PYTHON_INCLUDE_DIRS: /usr/include/python3.8
[0.847s] -- Using PYTHON_LIBRARIES: /usr/lib/x86_64-linux-gnu/libpython3.8.so
[0.896s] -- Added test 'copyright' to check source files copyright and LICENSE
[0.899s] -- Added test 'lint_cmake' to check CMake code style
[0.900s] -- Added test 'xmllint' to check XML markup files
[0.907s] -- Configuring done
[0.982s] -- Generating done
[0.986s] -- Build files have been written to: /home/ravi/pmb2_foxy_ws/build/controller_manager_msgs
[1.008s] Invoked command in '/home/ravi/pmb2_foxy_ws/build/controller_manager_msgs' returned '0': CMAKE_PREFIX_PATH=${CMAKE_PREFIX_PATH}:/home/ravi/pmb2_foxy_ws/install/ros2controlcli:/home/ravi/pmb2_foxy_ws/install/launch_pal:/opt/ros/foxy /usr/bin/cmake /home/ravi/pmb2_foxy_ws/src/ros2_control/controller_manager_msgs -DAMENT_CMAKE_SYMLINK_INSTALL=1 -DCMAKE_INSTALL_PREFIX=/home/ravi/pmb2_foxy_ws/install/controller_manager_msgs
[1.011s] Invoking command in '/home/ravi/pmb2_foxy_ws/build/controller_manager_msgs': CMAKE_PREFIX_PATH=${CMAKE_PREFIX_PATH}:/home/ravi/pmb2_foxy_ws/install/ros2controlcli:/home/ravi/pmb2_foxy_ws/install/launch_pal:/opt/ros/foxy /usr/bin/cmake --build /home/ravi/pmb2_foxy_ws/build/controller_manager_msgs -- -j8 -l8
[1.068s] [  0%] Built target controller_manager_msgs__cpp
[1.071s] [ 12%] Built target controller_manager_msgs__rosidl_generator_c
[1.099s] [ 24%] Built target controller_manager_msgs__rosidl_typesupport_cpp
[1.101s] [ 36%] Built target controller_manager_msgs__rosidl_typesupport_introspection_c
[1.106s] [ 48%] Built target controller_manager_msgs__rosidl_typesupport_introspection_cpp
[1.108s] [ 60%] Built target controller_manager_msgs__rosidl_typesupport_c
[1.109s] [ 72%] Built target controller_manager_msgs__rosidl_typesupport_fastrtps_cpp
[1.134s] [ 73%] [32m[1mLinking CXX shared library libcontroller_manager_msgs__rosidl_typesupport_fastrtps_c.so[0m
[1.217s] [ 84%] Built target controller_manager_msgs__rosidl_typesupport_fastrtps_c
[1.232s] [ 84%] Built target controller_manager_msgs
[1.255s] [ 85%] Built target controller_manager_msgs__py
[1.281s] [ 96%] Built target controller_manager_msgs__python
[1.308s] [ 96%] [32m[1mLinking CXX shared library rosidl_generator_py/controller_manager_msgs/controller_manager_msgs_s__rosidl_typesupport_fastrtps_c.cpython-38-x86_64-linux-gnu.so[0m
[1.308s] [ 98%] Built target controller_manager_msgs__rosidl_typesupport_introspection_c__pyext
[1.308s] [ 99%] Built target controller_manager_msgs__rosidl_typesupport_c__pyext
[1.373s] [100%] Built target controller_manager_msgs__rosidl_typesupport_fastrtps_c__pyext
[1.399s] Invoked command in '/home/ravi/pmb2_foxy_ws/build/controller_manager_msgs' returned '0': CMAKE_PREFIX_PATH=${CMAKE_PREFIX_PATH}:/home/ravi/pmb2_foxy_ws/install/ros2controlcli:/home/ravi/pmb2_foxy_ws/install/launch_pal:/opt/ros/foxy /usr/bin/cmake --build /home/ravi/pmb2_foxy_ws/build/controller_manager_msgs -- -j8 -l8
[1.726s] Invoking command in '/home/ravi/pmb2_foxy_ws/build/controller_manager_msgs': CMAKE_PREFIX_PATH=${CMAKE_PREFIX_PATH}:/home/ravi/pmb2_foxy_ws/install/ros2controlcli:/home/ravi/pmb2_foxy_ws/install/launch_pal:/opt/ros/foxy /usr/bin/cmake --install /home/ravi/pmb2_foxy_ws/build/controller_manager_msgs
[1.739s] -- Install configuration: ""
[1.740s] -- Execute custom install script
[1.740s] -- Up-to-date symlink: /home/ravi/pmb2_foxy_ws/install/controller_manager_msgs/share/ament_index/resource_index/rosidl_interfaces/controller_manager_msgs
[1.741s] -- Up-to-date symlink: /home/ravi/pmb2_foxy_ws/install/controller_manager_msgs/include/controller_manager_msgs/msg/controller_state.h
[1.741s] -- Up-to-date symlink: /home/ravi/pmb2_foxy_ws/install/controller_manager_msgs/include/controller_manager_msgs/msg/detail/controller_state__functions.h
[1.741s] -- Up-to-date symlink: /home/ravi/pmb2_foxy_ws/install/controller_manager_msgs/include/controller_manager_msgs/msg/detail/controller_state__struct.h
[1.741s] -- Up-to-date symlink: /home/ravi/pmb2_foxy_ws/install/controller_manager_msgs/include/controller_manager_msgs/msg/detail/controller_state__type_support.h
[1.742s] -- Up-to-date symlink: /home/ravi/pmb2_foxy_ws/install/controller_manager_msgs/include/controller_manager_msgs/msg/detail/hardware_interface__functions.h
[1.742s] -- Up-to-date symlink: /home/ravi/pmb2_foxy_ws/install/controller_manager_msgs/include/controller_manager_msgs/msg/detail/hardware_interface__struct.h
[1.742s] -- Up-to-date symlink: /home/ravi/pmb2_foxy_ws/install/controller_manager_msgs/include/controller_manager_msgs/msg/detail/hardware_interface__type_support.h
[1.742s] -- Up-to-date symlink: /home/ravi/pmb2_foxy_ws/install/controller_manager_msgs/include/controller_manager_msgs/msg/hardware_interface.h
[1.742s] -- Up-to-date symlink: /home/ravi/pmb2_foxy_ws/install/controller_manager_msgs/include/controller_manager_msgs/msg/rosidl_generator_c__visibility_control.h
[1.743s] -- Up-to-date symlink: /home/ravi/pmb2_foxy_ws/install/controller_manager_msgs/include/controller_manager_msgs/srv/configure_controller.h
[1.743s] -- Up-to-date symlink: /home/ravi/pmb2_foxy_ws/install/controller_manager_msgs/include/controller_manager_msgs/srv/configure_start_controller.h
[1.743s] -- Up-to-date symlink: /home/ravi/pmb2_foxy_ws/install/controller_manager_msgs/include/controller_manager_msgs/srv/detail/configure_controller__functions.h
[1.743s] -- Up-to-date symlink: /home/ravi/pmb2_foxy_ws/install/controller_manager_msgs/include/controller_manager_msgs/srv/detail/configure_controller__struct.h
[1.743s] -- Up-to-date symlink: /home/ravi/pmb2_foxy_ws/install/controller_manager_msgs/include/controller_manager_msgs/srv/detail/configure_controller__type_support.h
[1.743s] -- Up-to-date symlink: /home/ravi/pmb2_foxy_ws/install/controller_manager_msgs/include/controller_manager_msgs/srv/detail/configure_start_controller__functions.h
[1.744s] -- Up-to-date symlink: /home/ravi/pmb2_foxy_ws/install/controller_manager_msgs/include/controller_manager_msgs/srv/detail/configure_start_controller__struct.h
[1.744s] -- Up-to-date symlink: /home/ravi/pmb2_foxy_ws/install/controller_manager_msgs/include/controller_manager_msgs/srv/detail/configure_start_controller__type_support.h
[1.744s] -- Up-to-date symlink: /home/ravi/pmb2_foxy_ws/install/controller_manager_msgs/include/controller_manager_msgs/srv/detail/list_controller_types__functions.h
[1.744s] -- Up-to-date symlink: /home/ravi/pmb2_foxy_ws/install/controller_manager_msgs/include/controller_manager_msgs/srv/detail/list_controller_types__struct.h
[1.744s] -- Up-to-date symlink: /home/ravi/pmb2_foxy_ws/install/controller_manager_msgs/include/controller_manager_msgs/srv/detail/list_controller_types__type_support.h
[1.744s] -- Up-to-date symlink: /home/ravi/pmb2_foxy_ws/install/controller_manager_msgs/include/controller_manager_msgs/srv/detail/list_controllers__functions.h
[1.745s] -- Up-to-date symlink: /home/ravi/pmb2_foxy_ws/install/controller_manager_msgs/include/controller_manager_msgs/srv/detail/list_controllers__struct.h
[1.745s] -- Up-to-date symlink: /home/ravi/pmb2_foxy_ws/install/controller_manager_msgs/include/controller_manager_msgs/srv/detail/list_controllers__type_support.h
[1.745s] -- Up-to-date symlink: /home/ravi/pmb2_foxy_ws/install/controller_manager_msgs/include/controller_manager_msgs/srv/detail/list_hardware_interfaces__functions.h
[1.745s] -- Up-to-date symlink: /home/ravi/pmb2_foxy_ws/install/controller_manager_msgs/include/controller_manager_msgs/srv/detail/list_hardware_interfaces__struct.h
[1.745s] -- Up-to-date symlink: /home/ravi/pmb2_foxy_ws/install/controller_manager_msgs/include/controller_manager_msgs/srv/detail/list_hardware_interfaces__type_support.h
[1.745s] -- Up-to-date symlink: /home/ravi/pmb2_foxy_ws/install/controller_manager_msgs/include/controller_manager_msgs/srv/detail/load_configure_controller__functions.h
[1.746s] -- Up-to-date symlink: /home/ravi/pmb2_foxy_ws/install/controller_manager_msgs/include/controller_manager_msgs/srv/detail/load_configure_controller__struct.h
[1.746s] -- Up-to-date symlink: /home/ravi/pmb2_foxy_ws/install/controller_manager_msgs/include/controller_manager_msgs/srv/detail/load_configure_controller__type_support.h
[1.746s] -- Up-to-date symlink: /home/ravi/pmb2_foxy_ws/install/controller_manager_msgs/include/controller_manager_msgs/srv/detail/load_controller__functions.h
[1.746s] -- Up-to-date symlink: /home/ravi/pmb2_foxy_ws/install/controller_manager_msgs/include/controller_manager_msgs/srv/detail/load_controller__struct.h
[1.746s] -- Up-to-date symlink: /home/ravi/pmb2_foxy_ws/install/controller_manager_msgs/include/controller_manager_msgs/srv/detail/load_controller__type_support.h
[1.746s] -- Up-to-date symlink: /home/ravi/pmb2_foxy_ws/install/controller_manager_msgs/include/controller_manager_msgs/srv/detail/load_start_controller__functions.h
[1.747s] -- Up-to-date symlink: /home/ravi/pmb2_foxy_ws/install/controller_manager_msgs/include/controller_manager_msgs/srv/detail/load_start_controller__struct.h
[1.747s] -- Up-to-date symlink: /home/ravi/pmb2_foxy_ws/install/controller_manager_msgs/include/controller_manager_msgs/srv/detail/load_start_controller__type_support.h
[1.747s] -- Up-to-date symlink: /home/ravi/pmb2_foxy_ws/install/controller_manager_msgs/include/controller_manager_msgs/srv/detail/reload_controller_libraries__functions.h
[1.747s] -- Up-to-date symlink: /home/ravi/pmb2_foxy_ws/install/controller_manager_msgs/include/controller_manager_msgs/srv/detail/reload_controller_libraries__struct.h
[1.747s] -- Up-to-date symlink: /home/ravi/pmb2_foxy_ws/install/controller_manager_msgs/include/controller_manager_msgs/srv/detail/reload_controller_libraries__type_support.h
[1.747s] -- Up-to-date symlink: /home/ravi/pmb2_foxy_ws/install/controller_manager_msgs/include/controller_manager_msgs/srv/detail/switch_controller__functions.h
[1.748s] -- Up-to-date symlink: /home/ravi/pmb2_foxy_ws/install/controller_manager_msgs/include/controller_manager_msgs/srv/detail/switch_controller__struct.h
[1.748s] -- Up-to-date symlink: /home/ravi/pmb2_foxy_ws/install/controller_manager_msgs/include/controller_manager_msgs/srv/detail/switch_controller__type_support.h
[1.748s] -- Up-to-date symlink: /home/ravi/pmb2_foxy_ws/install/controller_manager_msgs/include/controller_manager_msgs/srv/detail/unload_controller__functions.h
[1.748s] -- Up-to-date symlink: /home/ravi/pmb2_foxy_ws/install/controller_manager_msgs/include/controller_manager_msgs/srv/detail/unload_controller__struct.h
[1.748s] -- Up-to-date symlink: /home/ravi/pmb2_foxy_ws/install/controller_manager_msgs/include/controller_manager_msgs/srv/detail/unload_controller__type_support.h
[1.748s] -- Up-to-date symlink: /home/ravi/pmb2_foxy_ws/install/controller_manager_msgs/include/controller_manager_msgs/srv/list_controller_types.h
[1.749s] -- Up-to-date symlink: /home/ravi/pmb2_foxy_ws/install/controller_manager_msgs/include/controller_manager_msgs/srv/list_controllers.h
[1.749s] -- Up-to-date symlink: /home/ravi/pmb2_foxy_ws/install/controller_manager_msgs/include/controller_manager_msgs/srv/list_hardware_interfaces.h
[1.749s] -- Up-to-date symlink: /home/ravi/pmb2_foxy_ws/install/controller_manager_msgs/include/controller_manager_msgs/srv/load_configure_controller.h
[1.749s] -- Up-to-date symlink: /home/ravi/pmb2_foxy_ws/install/controller_manager_msgs/include/controller_manager_msgs/srv/load_controller.h
[1.749s] -- Up-to-date symlink: /home/ravi/pmb2_foxy_ws/install/controller_manager_msgs/include/controller_manager_msgs/srv/load_start_controller.h
[1.749s] -- Up-to-date symlink: /home/ravi/pmb2_foxy_ws/install/controller_manager_msgs/include/controller_manager_msgs/srv/reload_controller_libraries.h
[1.750s] -- Up-to-date symlink: /home/ravi/pmb2_foxy_ws/install/controller_manager_msgs/include/controller_manager_msgs/srv/switch_controller.h
[1.750s] -- Up-to-date symlink: /home/ravi/pmb2_foxy_ws/install/controller_manager_msgs/include/controller_manager_msgs/srv/unload_controller.h
[1.750s] -- Up-to-date symlink: /home/ravi/pmb2_foxy_ws/install/controller_manager_msgs/share/controller_manager_msgs/environment/library_path.sh
[1.751s] -- Up-to-date symlink: /home/ravi/pmb2_foxy_ws/install/controller_manager_msgs/share/controller_manager_msgs/environment/library_path.dsv
[1.752s] -- Up-to-date symlink: /home/ravi/pmb2_foxy_ws/install/controller_manager_msgs/include/controller_manager_msgs/msg/detail/controller_state__rosidl_typesupport_fastrtps_c.h
[1.752s] -- Up-to-date symlink: /home/ravi/pmb2_foxy_ws/install/controller_manager_msgs/include/controller_manager_msgs/msg/detail/hardware_interface__rosidl_typesupport_fastrtps_c.h
[1.752s] -- Up-to-date symlink: /home/ravi/pmb2_foxy_ws/install/controller_manager_msgs/include/controller_manager_msgs/msg/rosidl_typesupport_fastrtps_c__visibility_control.h
[1.752s] -- Up-to-date symlink: /home/ravi/pmb2_foxy_ws/install/controller_manager_msgs/include/controller_manager_msgs/srv/detail/configure_controller__rosidl_typesupport_fastrtps_c.h
[1.753s] -- Up-to-date symlink: /home/ravi/pmb2_foxy_ws/install/controller_manager_msgs/include/controller_manager_msgs/srv/detail/configure_start_controller__rosidl_typesupport_fastrtps_c.h
[1.753s] -- Up-to-date symlink: /home/ravi/pmb2_foxy_ws/install/controller_manager_msgs/include/controller_manager_msgs/srv/detail/list_controller_types__rosidl_typesupport_fastrtps_c.h
[1.753s] -- Up-to-date symlink: /home/ravi/pmb2_foxy_ws/install/controller_manager_msgs/include/controller_manager_msgs/srv/detail/list_controllers__rosidl_typesupport_fastrtps_c.h
[1.753s] -- Up-to-date symlink: /home/ravi/pmb2_foxy_ws/install/controller_manager_msgs/include/controller_manager_msgs/srv/detail/list_hardware_interfaces__rosidl_typesupport_fastrtps_c.h
[1.753s] -- Up-to-date symlink: /home/ravi/pmb2_foxy_ws/install/controller_manager_msgs/include/controller_manager_msgs/srv/detail/load_configure_controller__rosidl_typesupport_fastrtps_c.h
[1.753s] -- Up-to-date symlink: /home/ravi/pmb2_foxy_ws/install/controller_manager_msgs/include/controller_manager_msgs/srv/detail/load_controller__rosidl_typesupport_fastrtps_c.h
[1.754s] -- Up-to-date symlink: /home/ravi/pmb2_foxy_ws/install/controller_manager_msgs/include/controller_manager_msgs/srv/detail/load_start_controller__rosidl_typesupport_fastrtps_c.h
[1.754s] -- Up-to-date symlink: /home/ravi/pmb2_foxy_ws/install/controller_manager_msgs/include/controller_manager_msgs/srv/detail/reload_controller_libraries__rosidl_typesupport_fastrtps_c.h
[1.754s] -- Up-to-date symlink: /home/ravi/pmb2_foxy_ws/install/controller_manager_msgs/include/controller_manager_msgs/srv/detail/switch_controller__rosidl_typesupport_fastrtps_c.h
[1.754s] -- Up-to-date symlink: /home/ravi/pmb2_foxy_ws/install/controller_manager_msgs/include/controller_manager_msgs/srv/detail/unload_controller__rosidl_typesupport_fastrtps_c.h
[1.755s] -- Up-to-date symlink: /home/ravi/pmb2_foxy_ws/install/controller_manager_msgs/lib/libcontroller_manager_msgs__rosidl_typesupport_fastrtps_c.so
[1.756s] -- Up-to-date symlink: /home/ravi/pmb2_foxy_ws/install/controller_manager_msgs/include/controller_manager_msgs/msg/detail/controller_state__rosidl_typesupport_fastrtps_cpp.hpp
[1.756s] -- Up-to-date symlink: /home/ravi/pmb2_foxy_ws/install/controller_manager_msgs/include/controller_manager_msgs/msg/detail/hardware_interface__rosidl_typesupport_fastrtps_cpp.hpp
[1.756s] -- Up-to-date symlink: /home/ravi/pmb2_foxy_ws/install/controller_manager_msgs/include/controller_manager_msgs/msg/rosidl_typesupport_fastrtps_cpp__visibility_control.h
[1.756s] -- Up-to-date symlink: /home/ravi/pmb2_foxy_ws/install/controller_manager_msgs/include/controller_manager_msgs/srv/detail/configure_controller__rosidl_typesupport_fastrtps_cpp.hpp
[1.756s] -- Up-to-date symlink: /home/ravi/pmb2_foxy_ws/install/controller_manager_msgs/include/controller_manager_msgs/srv/detail/configure_start_controller__rosidl_typesupport_fastrtps_cpp.hpp
[1.756s] -- Up-to-date symlink: /home/ravi/pmb2_foxy_ws/install/controller_manager_msgs/include/controller_manager_msgs/srv/detail/list_controller_types__rosidl_typesupport_fastrtps_cpp.hpp
[1.757s] -- Up-to-date symlink: /home/ravi/pmb2_foxy_ws/install/controller_manager_msgs/include/controller_manager_msgs/srv/detail/list_controllers__rosidl_typesupport_fastrtps_cpp.hpp
[1.757s] -- Up-to-date symlink: /home/ravi/pmb2_foxy_ws/install/controller_manager_msgs/include/controller_manager_msgs/srv/detail/list_hardware_interfaces__rosidl_typesupport_fastrtps_cpp.hpp
[1.757s] -- Up-to-date symlink: /home/ravi/pmb2_foxy_ws/install/controller_manager_msgs/include/controller_manager_msgs/srv/detail/load_configure_controller__rosidl_typesupport_fastrtps_cpp.hpp
[1.757s] -- Up-to-date symlink: /home/ravi/pmb2_foxy_ws/install/controller_manager_msgs/include/controller_manager_msgs/srv/detail/load_controller__rosidl_typesupport_fastrtps_cpp.hpp
[1.757s] -- Up-to-date symlink: /home/ravi/pmb2_foxy_ws/install/controller_manager_msgs/include/controller_manager_msgs/srv/detail/load_start_controller__rosidl_typesupport_fastrtps_cpp.hpp
[1.757s] -- Up-to-date symlink: /home/ravi/pmb2_foxy_ws/install/controller_manager_msgs/include/controller_manager_msgs/srv/detail/reload_controller_libraries__rosidl_typesupport_fastrtps_cpp.hpp
[1.758s] -- Up-to-date symlink: /home/ravi/pmb2_foxy_ws/install/controller_manager_msgs/include/controller_manager_msgs/srv/detail/switch_controller__rosidl_typesupport_fastrtps_cpp.hpp
[1.758s] -- Up-to-date symlink: /home/ravi/pmb2_foxy_ws/install/controller_manager_msgs/include/controller_manager_msgs/srv/detail/unload_controller__rosidl_typesupport_fastrtps_cpp.hpp
[1.758s] -- Up-to-date symlink: /home/ravi/pmb2_foxy_ws/install/controller_manager_msgs/lib/libcontroller_manager_msgs__rosidl_typesupport_fastrtps_cpp.so
[1.759s] -- Up-to-date symlink: /home/ravi/pmb2_foxy_ws/install/controller_manager_msgs/include/controller_manager_msgs/msg/detail/controller_state__rosidl_typesupport_introspection_c.h
[1.759s] -- Up-to-date symlink: /home/ravi/pmb2_foxy_ws/install/controller_manager_msgs/include/controller_manager_msgs/msg/detail/hardware_interface__rosidl_typesupport_introspection_c.h
[1.759s] -- Up-to-date symlink: /home/ravi/pmb2_foxy_ws/install/controller_manager_msgs/include/controller_manager_msgs/msg/rosidl_typesupport_introspection_c__visibility_control.h
[1.759s] -- Up-to-date symlink: /home/ravi/pmb2_foxy_ws/install/controller_manager_msgs/include/controller_manager_msgs/srv/detail/configure_controller__rosidl_typesupport_introspection_c.h
[1.760s] -- Up-to-date symlink: /home/ravi/pmb2_foxy_ws/install/controller_manager_msgs/include/controller_manager_msgs/srv/detail/configure_start_controller__rosidl_typesupport_introspection_c.h
[1.760s] -- Up-to-date symlink: /home/ravi/pmb2_foxy_ws/install/controller_manager_msgs/include/controller_manager_msgs/srv/detail/list_controller_types__rosidl_typesupport_introspection_c.h
[1.760s] -- Up-to-date symlink: /home/ravi/pmb2_foxy_ws/install/controller_manager_msgs/include/controller_manager_msgs/srv/detail/list_controllers__rosidl_typesupport_introspection_c.h
[1.760s] -- Up-to-date symlink: /home/ravi/pmb2_foxy_ws/install/controller_manager_msgs/include/controller_manager_msgs/srv/detail/list_hardware_interfaces__rosidl_typesupport_introspection_c.h
[1.760s] -- Up-to-date symlink: /home/ravi/pmb2_foxy_ws/install/controller_manager_msgs/include/controller_manager_msgs/srv/detail/load_configure_controller__rosidl_typesupport_introspection_c.h
[1.761s] -- Up-to-date symlink: /home/ravi/pmb2_foxy_ws/install/controller_manager_msgs/include/controller_manager_msgs/srv/detail/load_controller__rosidl_typesupport_introspection_c.h
[1.761s] -- Up-to-date symlink: /home/ravi/pmb2_foxy_ws/install/controller_manager_msgs/include/controller_manager_msgs/srv/detail/load_start_controller__rosidl_typesupport_introspection_c.h
[1.761s] -- Up-to-date symlink: /home/ravi/pmb2_foxy_ws/install/controller_manager_msgs/include/controller_manager_msgs/srv/detail/reload_controller_libraries__rosidl_typesupport_introspection_c.h
[1.761s] -- Up-to-date symlink: /home/ravi/pmb2_foxy_ws/install/controller_manager_msgs/include/controller_manager_msgs/srv/detail/switch_controller__rosidl_typesupport_introspection_c.h
[1.761s] -- Up-to-date symlink: /home/ravi/pmb2_foxy_ws/install/controller_manager_msgs/include/controller_manager_msgs/srv/detail/unload_controller__rosidl_typesupport_introspection_c.h
[1.762s] -- Up-to-date symlink: /home/ravi/pmb2_foxy_ws/install/controller_manager_msgs/include/controller_manager_msgs/msg/controller_state.hpp
[1.762s] -- Up-to-date symlink: /home/ravi/pmb2_foxy_ws/install/controller_manager_msgs/include/controller_manager_msgs/msg/detail/controller_state__builder.hpp
[1.763s] -- Up-to-date symlink: /home/ravi/pmb2_foxy_ws/install/controller_manager_msgs/include/controller_manager_msgs/msg/detail/controller_state__struct.hpp
[1.763s] -- Up-to-date symlink: /home/ravi/pmb2_foxy_ws/install/controller_manager_msgs/include/controller_manager_msgs/msg/detail/controller_state__traits.hpp
[1.763s] -- Up-to-date symlink: /home/ravi/pmb2_foxy_ws/install/controller_manager_msgs/include/controller_manager_msgs/msg/detail/hardware_interface__builder.hpp
[1.763s] -- Up-to-date symlink: /home/ravi/pmb2_foxy_ws/install/controller_manager_msgs/include/controller_manager_msgs/msg/detail/hardware_interface__struct.hpp
[1.763s] -- Up-to-date symlink: /home/ravi/pmb2_foxy_ws/install/controller_manager_msgs/include/controller_manager_msgs/msg/detail/hardware_interface__traits.hpp
[1.763s] -- Up-to-date symlink: /home/ravi/pmb2_foxy_ws/install/controller_manager_msgs/include/controller_manager_msgs/msg/hardware_interface.hpp
[1.764s] -- Up-to-date symlink: /home/ravi/pmb2_foxy_ws/install/controller_manager_msgs/include/controller_manager_msgs/srv/configure_controller.hpp
[1.764s] -- Up-to-date symlink: /home/ravi/pmb2_foxy_ws/install/controller_manager_msgs/include/controller_manager_msgs/srv/configure_start_controller.hpp
[1.764s] -- Up-to-date symlink: /home/ravi/pmb2_foxy_ws/install/controller_manager_msgs/include/controller_manager_msgs/srv/detail/configure_controller__builder.hpp
[1.764s] -- Up-to-date symlink: /home/ravi/pmb2_foxy_ws/install/controller_manager_msgs/include/controller_manager_msgs/srv/detail/configure_controller__struct.hpp
[1.764s] -- Up-to-date symlink: /home/ravi/pmb2_foxy_ws/install/controller_manager_msgs/include/controller_manager_msgs/srv/detail/configure_controller__traits.hpp
[1.764s] -- Up-to-date symlink: /home/ravi/pmb2_foxy_ws/install/controller_manager_msgs/include/controller_manager_msgs/srv/detail/configure_start_controller__builder.hpp
[1.765s] -- Up-to-date symlink: /home/ravi/pmb2_foxy_ws/install/controller_manager_msgs/include/controller_manager_msgs/srv/detail/configure_start_controller__struct.hpp
[1.765s] -- Up-to-date symlink: /home/ravi/pmb2_foxy_ws/install/controller_manager_msgs/include/controller_manager_msgs/srv/detail/configure_start_controller__traits.hpp
[1.765s] -- Up-to-date symlink: /home/ravi/pmb2_foxy_ws/install/controller_manager_msgs/include/controller_manager_msgs/srv/detail/list_controller_types__builder.hpp
[1.765s] -- Up-to-date symlink: /home/ravi/pmb2_foxy_ws/install/controller_manager_msgs/include/controller_manager_msgs/srv/detail/list_controller_types__struct.hpp
[1.765s] -- Up-to-date symlink: /home/ravi/pmb2_foxy_ws/install/controller_manager_msgs/include/controller_manager_msgs/srv/detail/list_controller_types__traits.hpp
[1.765s] -- Up-to-date symlink: /home/ravi/pmb2_foxy_ws/install/controller_manager_msgs/include/controller_manager_msgs/srv/detail/list_controllers__builder.hpp
[1.766s] -- Up-to-date symlink: /home/ravi/pmb2_foxy_ws/install/controller_manager_msgs/include/controller_manager_msgs/srv/detail/list_controllers__struct.hpp
[1.766s] -- Up-to-date symlink: /home/ravi/pmb2_foxy_ws/install/controller_manager_msgs/include/controller_manager_msgs/srv/detail/list_controllers__traits.hpp
[1.766s] -- Up-to-date symlink: /home/ravi/pmb2_foxy_ws/install/controller_manager_msgs/include/controller_manager_msgs/srv/detail/list_hardware_interfaces__builder.hpp
[1.766s] -- Up-to-date symlink: /home/ravi/pmb2_foxy_ws/install/controller_manager_msgs/include/controller_manager_msgs/srv/detail/list_hardware_interfaces__struct.hpp
[1.766s] -- Up-to-date symlink: /home/ravi/pmb2_foxy_ws/install/controller_manager_msgs/include/controller_manager_msgs/srv/detail/list_hardware_interfaces__traits.hpp
[1.767s] -- Up-to-date symlink: /home/ravi/pmb2_foxy_ws/install/controller_manager_msgs/include/controller_manager_msgs/srv/detail/load_configure_controller__builder.hpp
[1.767s] -- Up-to-date symlink: /home/ravi/pmb2_foxy_ws/install/controller_manager_msgs/include/controller_manager_msgs/srv/detail/load_configure_controller__struct.hpp
[1.767s] -- Up-to-date symlink: /home/ravi/pmb2_foxy_ws/install/controller_manager_msgs/include/controller_manager_msgs/srv/detail/load_configure_controller__traits.hpp
[1.767s] -- Up-to-date symlink: /home/ravi/pmb2_foxy_ws/install/controller_manager_msgs/include/controller_manager_msgs/srv/detail/load_controller__builder.hpp
[1.768s] -- Up-to-date symlink: /home/ravi/pmb2_foxy_ws/install/controller_manager_msgs/include/controller_manager_msgs/srv/detail/load_controller__struct.hpp
[1.768s] -- Up-to-date symlink: /home/ravi/pmb2_foxy_ws/install/controller_manager_msgs/include/controller_manager_msgs/srv/detail/load_controller__traits.hpp
[1.768s] -- Up-to-date symlink: /home/ravi/pmb2_foxy_ws/install/controller_manager_msgs/include/controller_manager_msgs/srv/detail/load_start_controller__builder.hpp
[1.768s] -- Up-to-date symlink: /home/ravi/pmb2_foxy_ws/install/controller_manager_msgs/include/controller_manager_msgs/srv/detail/load_start_controller__struct.hpp
[1.768s] -- Up-to-date symlink: /home/ravi/pmb2_foxy_ws/install/controller_manager_msgs/include/controller_manager_msgs/srv/detail/load_start_controller__traits.hpp
[1.768s] -- Up-to-date symlink: /home/ravi/pmb2_foxy_ws/install/controller_manager_msgs/include/controller_manager_msgs/srv/detail/reload_controller_libraries__builder.hpp
[1.769s] -- Up-to-date symlink: /home/ravi/pmb2_foxy_ws/install/controller_manager_msgs/include/controller_manager_msgs/srv/detail/reload_controller_libraries__struct.hpp
[1.769s] -- Up-to-date symlink: /home/ravi/pmb2_foxy_ws/install/controller_manager_msgs/include/controller_manager_msgs/srv/detail/reload_controller_libraries__traits.hpp
[1.769s] -- Up-to-date symlink: /home/ravi/pmb2_foxy_ws/install/controller_manager_msgs/include/controller_manager_msgs/srv/detail/switch_controller__builder.hpp
[1.769s] -- Up-to-date symlink: /home/ravi/pmb2_foxy_ws/install/controller_manager_msgs/include/controller_manager_msgs/srv/detail/switch_controller__struct.hpp
[1.769s] -- Up-to-date symlink: /home/ravi/pmb2_foxy_ws/install/controller_manager_msgs/include/controller_manager_msgs/srv/detail/switch_controller__traits.hpp
[1.769s] -- Up-to-date symlink: /home/ravi/pmb2_foxy_ws/install/controller_manager_msgs/include/controller_manager_msgs/srv/detail/unload_controller__builder.hpp
[1.770s] -- Up-to-date symlink: /home/ravi/pmb2_foxy_ws/install/controller_manager_msgs/include/controller_manager_msgs/srv/detail/unload_controller__struct.hpp
[1.770s] -- Up-to-date symlink: /home/ravi/pmb2_foxy_ws/install/controller_manager_msgs/include/controller_manager_msgs/srv/detail/unload_controller__traits.hpp
[1.770s] -- Up-to-date symlink: /home/ravi/pmb2_foxy_ws/install/controller_manager_msgs/include/controller_manager_msgs/srv/list_controller_types.hpp
[1.770s] -- Up-to-date symlink: /home/ravi/pmb2_foxy_ws/install/controller_manager_msgs/include/controller_manager_msgs/srv/list_controllers.hpp
[1.770s] -- Up-to-date symlink: /home/ravi/pmb2_foxy_ws/install/controller_manager_msgs/include/controller_manager_msgs/srv/list_hardware_interfaces.hpp
[1.770s] -- Up-to-date symlink: /home/ravi/pmb2_foxy_ws/install/controller_manager_msgs/include/controller_manager_msgs/srv/load_configure_controller.hpp
[1.770s] -- Up-to-date symlink: /home/ravi/pmb2_foxy_ws/install/controller_manager_msgs/include/controller_manager_msgs/srv/load_controller.hpp
[1.771s] -- Up-to-date symlink: /home/ravi/pmb2_foxy_ws/install/controller_manager_msgs/include/controller_manager_msgs/srv/load_start_controller.hpp
[1.771s] -- Up-to-date symlink: /home/ravi/pmb2_foxy_ws/install/controller_manager_msgs/include/controller_manager_msgs/srv/reload_controller_libraries.hpp
[1.771s] -- Up-to-date symlink: /home/ravi/pmb2_foxy_ws/install/controller_manager_msgs/include/controller_manager_msgs/srv/switch_controller.hpp
[1.771s] -- Up-to-date symlink: /home/ravi/pmb2_foxy_ws/install/controller_manager_msgs/include/controller_manager_msgs/srv/unload_controller.hpp
[1.772s] -- Up-to-date symlink: /home/ravi/pmb2_foxy_ws/install/controller_manager_msgs/include/controller_manager_msgs/msg/detail/controller_state__rosidl_typesupport_introspection_cpp.hpp
[1.772s] -- Up-to-date symlink: /home/ravi/pmb2_foxy_ws/install/controller_manager_msgs/include/controller_manager_msgs/msg/detail/hardware_interface__rosidl_typesupport_introspection_cpp.hpp
[1.772s] -- Up-to-date symlink: /home/ravi/pmb2_foxy_ws/install/controller_manager_msgs/include/controller_manager_msgs/srv/detail/configure_controller__rosidl_typesupport_introspection_cpp.hpp
[1.772s] -- Up-to-date symlink: /home/ravi/pmb2_foxy_ws/install/controller_manager_msgs/include/controller_manager_msgs/srv/detail/configure_start_controller__rosidl_typesupport_introspection_cpp.hpp
[1.773s] -- Up-to-date symlink: /home/ravi/pmb2_foxy_ws/install/controller_manager_msgs/include/controller_manager_msgs/srv/detail/list_controller_types__rosidl_typesupport_introspection_cpp.hpp
[1.773s] -- Up-to-date symlink: /home/ravi/pmb2_foxy_ws/install/controller_manager_msgs/include/controller_manager_msgs/srv/detail/list_controllers__rosidl_typesupport_introspection_cpp.hpp
[1.773s] -- Up-to-date symlink: /home/ravi/pmb2_foxy_ws/install/controller_manager_msgs/include/controller_manager_msgs/srv/detail/list_hardware_interfaces__rosidl_typesupport_introspection_cpp.hpp
[1.773s] -- Up-to-date symlink: /home/ravi/pmb2_foxy_ws/install/controller_manager_msgs/include/controller_manager_msgs/srv/detail/load_configure_controller__rosidl_typesupport_introspection_cpp.hpp
[1.773s] -- Up-to-date symlink: /home/ravi/pmb2_foxy_ws/install/controller_manager_msgs/include/controller_manager_msgs/srv/detail/load_controller__rosidl_typesupport_introspection_cpp.hpp
[1.773s] -- Up-to-date symlink: /home/ravi/pmb2_foxy_ws/install/controller_manager_msgs/include/controller_manager_msgs/srv/detail/load_start_controller__rosidl_typesupport_introspection_cpp.hpp
[1.774s] -- Up-to-date symlink: /home/ravi/pmb2_foxy_ws/install/controller_manager_msgs/include/controller_manager_msgs/srv/detail/reload_controller_libraries__rosidl_typesupport_introspection_cpp.hpp
[1.774s] -- Up-to-date symlink: /home/ravi/pmb2_foxy_ws/install/controller_manager_msgs/include/controller_manager_msgs/srv/detail/switch_controller__rosidl_typesupport_introspection_cpp.hpp
[1.774s] -- Up-to-date symlink: /home/ravi/pmb2_foxy_ws/install/controller_manager_msgs/include/controller_manager_msgs/srv/detail/unload_controller__rosidl_typesupport_introspection_cpp.hpp
[1.774s] -- Up-to-date symlink: /home/ravi/pmb2_foxy_ws/install/controller_manager_msgs/share/controller_manager_msgs/environment/pythonpath.sh
[1.774s] -- Up-to-date symlink: /home/ravi/pmb2_foxy_ws/install/controller_manager_msgs/share/controller_manager_msgs/environment/pythonpath.dsv
[1.775s] -- Up-to-date symlink: /home/ravi/pmb2_foxy_ws/install/controller_manager_msgs/lib/python3.8/site-packages/controller_manager_msgs/__init__.py
[1.775s] -- Up-to-date symlink: /home/ravi/pmb2_foxy_ws/install/controller_manager_msgs/lib/python3.8/site-packages/controller_manager_msgs/msg/__init__.py
[1.775s] -- Up-to-date symlink: /home/ravi/pmb2_foxy_ws/install/controller_manager_msgs/lib/python3.8/site-packages/controller_manager_msgs/msg/_controller_state.py
[1.776s] -- Up-to-date symlink: /home/ravi/pmb2_foxy_ws/install/controller_manager_msgs/lib/python3.8/site-packages/controller_manager_msgs/msg/_hardware_interface.py
[1.776s] -- Up-to-date symlink: /home/ravi/pmb2_foxy_ws/install/controller_manager_msgs/lib/python3.8/site-packages/controller_manager_msgs/srv/__init__.py
[1.776s] -- Up-to-date symlink: /home/ravi/pmb2_foxy_ws/install/controller_manager_msgs/lib/python3.8/site-packages/controller_manager_msgs/srv/_configure_controller.py
[1.776s] -- Up-to-date symlink: /home/ravi/pmb2_foxy_ws/install/controller_manager_msgs/lib/python3.8/site-packages/controller_manager_msgs/srv/_configure_start_controller.py
[1.777s] -- Up-to-date symlink: /home/ravi/pmb2_foxy_ws/install/controller_manager_msgs/lib/python3.8/site-packages/controller_manager_msgs/srv/_list_controller_types.py
[1.777s] -- Up-to-date symlink: /home/ravi/pmb2_foxy_ws/install/controller_manager_msgs/lib/python3.8/site-packages/controller_manager_msgs/srv/_list_controllers.py
[1.777s] -- Up-to-date symlink: /home/ravi/pmb2_foxy_ws/install/controller_manager_msgs/lib/python3.8/site-packages/controller_manager_msgs/srv/_list_hardware_interfaces.py
[1.777s] -- Up-to-date symlink: /home/ravi/pmb2_foxy_ws/install/controller_manager_msgs/lib/python3.8/site-packages/controller_manager_msgs/srv/_load_configure_controller.py
[1.777s] -- Up-to-date symlink: /home/ravi/pmb2_foxy_ws/install/controller_manager_msgs/lib/python3.8/site-packages/controller_manager_msgs/srv/_load_controller.py
[1.777s] -- Up-to-date symlink: /home/ravi/pmb2_foxy_ws/install/controller_manager_msgs/lib/python3.8/site-packages/controller_manager_msgs/srv/_load_start_controller.py
[1.778s] -- Up-to-date symlink: /home/ravi/pmb2_foxy_ws/install/controller_manager_msgs/lib/python3.8/site-packages/controller_manager_msgs/srv/_reload_controller_libraries.py
[1.778s] -- Up-to-date symlink: /home/ravi/pmb2_foxy_ws/install/controller_manager_msgs/lib/python3.8/site-packages/controller_manager_msgs/srv/_switch_controller.py
[1.778s] -- Up-to-date symlink: /home/ravi/pmb2_foxy_ws/install/controller_manager_msgs/lib/python3.8/site-packages/controller_manager_msgs/srv/_unload_controller.py
[1.778s] -- Up-to-date symlink: /home/ravi/pmb2_foxy_ws/install/controller_manager_msgs/lib/python3.8/site-packages/controller_manager_msgs/controller_manager_msgs_s__rosidl_typesupport_fastrtps_c.cpython-38-x86_64-linux-gnu.so
[1.779s] -- Up-to-date symlink: /home/ravi/pmb2_foxy_ws/install/controller_manager_msgs/lib/python3.8/site-packages/controller_manager_msgs/controller_manager_msgs_s__rosidl_typesupport_introspection_c.cpython-38-x86_64-linux-gnu.so
[1.779s] -- Up-to-date symlink: /home/ravi/pmb2_foxy_ws/install/controller_manager_msgs/lib/python3.8/site-packages/controller_manager_msgs/controller_manager_msgs_s__rosidl_typesupport_c.cpython-38-x86_64-linux-gnu.so
[1.780s] -- Up-to-date symlink: /home/ravi/pmb2_foxy_ws/install/controller_manager_msgs/lib/libcontroller_manager_msgs__python.so
[1.780s] -- Up-to-date symlink: /home/ravi/pmb2_foxy_ws/install/controller_manager_msgs/share/controller_manager_msgs/msg/ControllerState.idl
[1.780s] -- Up-to-date symlink: /home/ravi/pmb2_foxy_ws/install/controller_manager_msgs/share/controller_manager_msgs/msg/HardwareInterface.idl
[1.780s] -- Up-to-date symlink: /home/ravi/pmb2_foxy_ws/install/controller_manager_msgs/share/controller_manager_msgs/srv/ConfigureController.idl
[1.781s] -- Up-to-date symlink: /home/ravi/pmb2_foxy_ws/install/controller_manager_msgs/share/controller_manager_msgs/srv/ConfigureStartController.idl
[1.781s] -- Up-to-date symlink: /home/ravi/pmb2_foxy_ws/install/controller_manager_msgs/share/controller_manager_msgs/srv/ListControllers.idl
[1.781s] -- Up-to-date symlink: /home/ravi/pmb2_foxy_ws/install/controller_manager_msgs/share/controller_manager_msgs/srv/ListControllerTypes.idl
[1.781s] -- Up-to-date symlink: /home/ravi/pmb2_foxy_ws/install/controller_manager_msgs/share/controller_manager_msgs/srv/ListHardwareInterfaces.idl
[1.782s] -- Up-to-date symlink: /home/ravi/pmb2_foxy_ws/install/controller_manager_msgs/share/controller_manager_msgs/srv/LoadConfigureController.idl
[1.782s] -- Up-to-date symlink: /home/ravi/pmb2_foxy_ws/install/controller_manager_msgs/share/controller_manager_msgs/srv/LoadController.idl
[1.782s] -- Up-to-date symlink: /home/ravi/pmb2_foxy_ws/install/controller_manager_msgs/share/controller_manager_msgs/srv/LoadStartController.idl
[1.783s] -- Up-to-date symlink: /home/ravi/pmb2_foxy_ws/install/controller_manager_msgs/share/controller_manager_msgs/srv/ReloadControllerLibraries.idl
[1.783s] -- Up-to-date symlink: /home/ravi/pmb2_foxy_ws/install/controller_manager_msgs/share/controller_manager_msgs/srv/SwitchController.idl
[1.783s] -- Up-to-date symlink: /home/ravi/pmb2_foxy_ws/install/controller_manager_msgs/share/controller_manager_msgs/srv/UnloadController.idl
[1.783s] -- Up-to-date symlink: /home/ravi/pmb2_foxy_ws/install/controller_manager_msgs/share/controller_manager_msgs/msg/ControllerState.msg
[1.784s] -- Up-to-date symlink: /home/ravi/pmb2_foxy_ws/install/controller_manager_msgs/share/controller_manager_msgs/msg/HardwareInterface.msg
[1.784s] -- Up-to-date symlink: /home/ravi/pmb2_foxy_ws/install/controller_manager_msgs/share/controller_manager_msgs/srv/ConfigureController.srv
[1.784s] -- Up-to-date symlink: /home/ravi/pmb2_foxy_ws/install/controller_manager_msgs/share/controller_manager_msgs/srv/ConfigureController_Request.msg
[1.785s] -- Up-to-date symlink: /home/ravi/pmb2_foxy_ws/install/controller_manager_msgs/share/controller_manager_msgs/srv/ConfigureController_Response.msg
[1.785s] -- Up-to-date symlink: /home/ravi/pmb2_foxy_ws/install/controller_manager_msgs/share/controller_manager_msgs/srv/ConfigureStartController.srv
[1.785s] -- Up-to-date symlink: /home/ravi/pmb2_foxy_ws/install/controller_manager_msgs/share/controller_manager_msgs/srv/ConfigureStartController_Request.msg
[1.785s] -- Up-to-date symlink: /home/ravi/pmb2_foxy_ws/install/controller_manager_msgs/share/controller_manager_msgs/srv/ConfigureStartController_Response.msg
[1.786s] -- Up-to-date symlink: /home/ravi/pmb2_foxy_ws/install/controller_manager_msgs/share/controller_manager_msgs/srv/ListControllers.srv
[1.786s] -- Up-to-date symlink: /home/ravi/pmb2_foxy_ws/install/controller_manager_msgs/share/controller_manager_msgs/srv/ListControllers_Request.msg
[1.786s] -- Up-to-date symlink: /home/ravi/pmb2_foxy_ws/install/controller_manager_msgs/share/controller_manager_msgs/srv/ListControllers_Response.msg
[1.786s] -- Up-to-date symlink: /home/ravi/pmb2_foxy_ws/install/controller_manager_msgs/share/controller_manager_msgs/srv/ListControllerTypes.srv
[1.787s] -- Up-to-date symlink: /home/ravi/pmb2_foxy_ws/install/controller_manager_msgs/share/controller_manager_msgs/srv/ListControllerTypes_Request.msg
[1.787s] -- Up-to-date symlink: /home/ravi/pmb2_foxy_ws/install/controller_manager_msgs/share/controller_manager_msgs/srv/ListControllerTypes_Response.msg
[1.787s] -- Up-to-date symlink: /home/ravi/pmb2_foxy_ws/install/controller_manager_msgs/share/controller_manager_msgs/srv/ListHardwareInterfaces.srv
[1.787s] -- Up-to-date symlink: /home/ravi/pmb2_foxy_ws/install/controller_manager_msgs/share/controller_manager_msgs/srv/ListHardwareInterfaces_Request.msg
[1.788s] -- Up-to-date symlink: /home/ravi/pmb2_foxy_ws/install/controller_manager_msgs/share/controller_manager_msgs/srv/ListHardwareInterfaces_Response.msg
[1.788s] -- Up-to-date symlink: /home/ravi/pmb2_foxy_ws/install/controller_manager_msgs/share/controller_manager_msgs/srv/LoadConfigureController.srv
[1.788s] -- Up-to-date symlink: /home/ravi/pmb2_foxy_ws/install/controller_manager_msgs/share/controller_manager_msgs/srv/LoadConfigureController_Request.msg
[1.788s] -- Up-to-date symlink: /home/ravi/pmb2_foxy_ws/install/controller_manager_msgs/share/controller_manager_msgs/srv/LoadConfigureController_Response.msg
[1.789s] -- Up-to-date symlink: /home/ravi/pmb2_foxy_ws/install/controller_manager_msgs/share/controller_manager_msgs/srv/LoadController.srv
[1.789s] -- Up-to-date symlink: /home/ravi/pmb2_foxy_ws/install/controller_manager_msgs/share/controller_manager_msgs/srv/LoadController_Request.msg
[1.789s] -- Up-to-date symlink: /home/ravi/pmb2_foxy_ws/install/controller_manager_msgs/share/controller_manager_msgs/srv/LoadController_Response.msg
[1.789s] -- Up-to-date symlink: /home/ravi/pmb2_foxy_ws/install/controller_manager_msgs/share/controller_manager_msgs/srv/LoadStartController.srv
[1.790s] -- Up-to-date symlink: /home/ravi/pmb2_foxy_ws/install/controller_manager_msgs/share/controller_manager_msgs/srv/LoadStartController_Request.msg
[1.790s] -- Up-to-date symlink: /home/ravi/pmb2_foxy_ws/install/controller_manager_msgs/share/controller_manager_msgs/srv/LoadStartController_Response.msg
[1.790s] -- Up-to-date symlink: /home/ravi/pmb2_foxy_ws/install/controller_manager_msgs/share/controller_manager_msgs/srv/ReloadControllerLibraries.srv
[1.790s] -- Up-to-date symlink: /home/ravi/pmb2_foxy_ws/install/controller_manager_msgs/share/controller_manager_msgs/srv/ReloadControllerLibraries_Request.msg
[1.791s] -- Up-to-date symlink: /home/ravi/pmb2_foxy_ws/install/controller_manager_msgs/share/controller_manager_msgs/srv/ReloadControllerLibraries_Response.msg
[1.791s] -- Up-to-date symlink: /home/ravi/pmb2_foxy_ws/install/controller_manager_msgs/share/controller_manager_msgs/srv/SwitchController.srv
[1.791s] -- Up-to-date symlink: /home/ravi/pmb2_foxy_ws/install/controller_manager_msgs/share/controller_manager_msgs/srv/SwitchController_Request.msg
[1.791s] -- Up-to-date symlink: /home/ravi/pmb2_foxy_ws/install/controller_manager_msgs/share/controller_manager_msgs/srv/SwitchController_Response.msg
[1.792s] -- Up-to-date symlink: /home/ravi/pmb2_foxy_ws/install/controller_manager_msgs/share/controller_manager_msgs/srv/UnloadController.srv
[1.792s] -- Up-to-date symlink: /home/ravi/pmb2_foxy_ws/install/controller_manager_msgs/share/controller_manager_msgs/srv/UnloadController_Request.msg
[1.792s] -- Up-to-date symlink: /home/ravi/pmb2_foxy_ws/install/controller_manager_msgs/share/controller_manager_msgs/srv/UnloadController_Response.msg
[1.793s] -- Up-to-date symlink: /home/ravi/pmb2_foxy_ws/install/controller_manager_msgs/share/ament_index/resource_index/package_run_dependencies/controller_manager_msgs
[1.793s] -- Up-to-date symlink: /home/ravi/pmb2_foxy_ws/install/controller_manager_msgs/share/ament_index/resource_index/parent_prefix_path/controller_manager_msgs
[1.793s] -- Up-to-date symlink: /home/ravi/pmb2_foxy_ws/install/controller_manager_msgs/share/controller_manager_msgs/environment/ament_prefix_path.sh
[1.793s] -- Up-to-date symlink: /home/ravi/pmb2_foxy_ws/install/controller_manager_msgs/share/controller_manager_msgs/environment/ament_prefix_path.dsv
[1.794s] -- Up-to-date symlink: /home/ravi/pmb2_foxy_ws/install/controller_manager_msgs/share/controller_manager_msgs/environment/path.sh
[1.794s] -- Up-to-date symlink: /home/ravi/pmb2_foxy_ws/install/controller_manager_msgs/share/controller_manager_msgs/environment/path.dsv
[1.794s] -- Up-to-date symlink: /home/ravi/pmb2_foxy_ws/install/controller_manager_msgs/share/controller_manager_msgs/local_setup.bash
[1.794s] -- Up-to-date symlink: /home/ravi/pmb2_foxy_ws/install/controller_manager_msgs/share/controller_manager_msgs/local_setup.sh
[1.795s] -- Up-to-date symlink: /home/ravi/pmb2_foxy_ws/install/controller_manager_msgs/share/controller_manager_msgs/local_setup.zsh
[1.795s] -- Up-to-date symlink: /home/ravi/pmb2_foxy_ws/install/controller_manager_msgs/share/controller_manager_msgs/local_setup.dsv
[1.795s] -- Symlinking: /home/ravi/pmb2_foxy_ws/install/controller_manager_msgs/share/controller_manager_msgs/package.dsv
[1.808s] -- Up-to-date symlink: /home/ravi/pmb2_foxy_ws/install/controller_manager_msgs/share/ament_index/resource_index/packages/controller_manager_msgs
[1.809s] -- Up-to-date symlink: /home/ravi/pmb2_foxy_ws/install/controller_manager_msgs/share/controller_manager_msgs/cmake/rosidl_cmake-extras.cmake
[1.809s] -- Up-to-date symlink: /home/ravi/pmb2_foxy_ws/install/controller_manager_msgs/share/controller_manager_msgs/cmake/ament_cmake_export_dependencies-extras.cmake
[1.809s] -- Up-to-date symlink: /home/ravi/pmb2_foxy_ws/install/controller_manager_msgs/share/controller_manager_msgs/cmake/ament_cmake_export_libraries-extras.cmake
[1.809s] -- Up-to-date symlink: /home/ravi/pmb2_foxy_ws/install/controller_manager_msgs/share/controller_manager_msgs/cmake/ament_cmake_export_targets-extras.cmake
[1.810s] -- Up-to-date symlink: /home/ravi/pmb2_foxy_ws/install/controller_manager_msgs/share/controller_manager_msgs/cmake/ament_cmake_export_include_directories-extras.cmake
[1.810s] -- Up-to-date symlink: /home/ravi/pmb2_foxy_ws/install/controller_manager_msgs/share/controller_manager_msgs/cmake/rosidl_cmake_export_typesupport_libraries-extras.cmake
[1.810s] -- Up-to-date symlink: /home/ravi/pmb2_foxy_ws/install/controller_manager_msgs/share/controller_manager_msgs/cmake/rosidl_cmake_export_typesupport_targets-extras.cmake
[1.810s] -- Up-to-date symlink: /home/ravi/pmb2_foxy_ws/install/controller_manager_msgs/share/controller_manager_msgs/cmake/controller_manager_msgsConfig.cmake
[1.811s] -- Up-to-date symlink: /home/ravi/pmb2_foxy_ws/install/controller_manager_msgs/share/controller_manager_msgs/cmake/controller_manager_msgsConfig-version.cmake
[1.811s] -- Up-to-date symlink: /home/ravi/pmb2_foxy_ws/install/controller_manager_msgs/share/controller_manager_msgs/package.xml
[1.812s] -- Up-to-date: /home/ravi/pmb2_foxy_ws/install/controller_manager_msgs/lib/libcontroller_manager_msgs__rosidl_generator_c.so
[1.812s] -- Up-to-date: /home/ravi/pmb2_foxy_ws/install/controller_manager_msgs/lib/libcontroller_manager_msgs__rosidl_typesupport_introspection_c.so
[1.812s] -- Up-to-date: /home/ravi/pmb2_foxy_ws/install/controller_manager_msgs/lib/libcontroller_manager_msgs__rosidl_typesupport_c.so
[1.812s] -- Up-to-date: /home/ravi/pmb2_foxy_ws/install/controller_manager_msgs/lib/libcontroller_manager_msgs__rosidl_typesupport_introspection_cpp.so
[1.813s] -- Up-to-date: /home/ravi/pmb2_foxy_ws/install/controller_manager_msgs/lib/libcontroller_manager_msgs__rosidl_typesupport_cpp.so
[1.851s] Compiling '/home/ravi/pmb2_foxy_ws/install/controller_manager_msgs/lib/python3.8/site-packages/controller_manager_msgs/__init__.py'...
[1.855s] -- Up-to-date: /home/ravi/pmb2_foxy_ws/install/controller_manager_msgs/share/controller_manager_msgs/cmake/controller_manager_msgs__rosidl_generator_cExport.cmake
[1.855s] -- Installing: /home/ravi/pmb2_foxy_ws/install/controller_manager_msgs/share/controller_manager_msgs/cmake/controller_manager_msgs__rosidl_generator_cExport-noconfig.cmake
[1.855s] -- Up-to-date: /home/ravi/pmb2_foxy_ws/install/controller_manager_msgs/share/controller_manager_msgs/cmake/controller_manager_msgs__rosidl_typesupport_introspection_cExport.cmake
[1.856s] -- Installing: /home/ravi/pmb2_foxy_ws/install/controller_manager_msgs/share/controller_manager_msgs/cmake/controller_manager_msgs__rosidl_typesupport_introspection_cExport-noconfig.cmake
[1.856s] -- Up-to-date: /home/ravi/pmb2_foxy_ws/install/controller_manager_msgs/share/controller_manager_msgs/cmake/controller_manager_msgs__rosidl_typesupport_cExport.cmake
[1.856s] -- Installing: /home/ravi/pmb2_foxy_ws/install/controller_manager_msgs/share/controller_manager_msgs/cmake/controller_manager_msgs__rosidl_typesupport_cExport-noconfig.cmake
[1.856s] -- Up-to-date: /home/ravi/pmb2_foxy_ws/install/controller_manager_msgs/share/controller_manager_msgs/cmake/controller_manager_msgs__rosidl_generator_cppExport.cmake
[1.856s] -- Up-to-date: /home/ravi/pmb2_foxy_ws/install/controller_manager_msgs/share/controller_manager_msgs/cmake/controller_manager_msgs__rosidl_typesupport_introspection_cppExport.cmake
[1.856s] -- Installing: /home/ravi/pmb2_foxy_ws/install/controller_manager_msgs/share/controller_manager_msgs/cmake/controller_manager_msgs__rosidl_typesupport_introspection_cppExport-noconfig.cmake
[1.857s] -- Up-to-date: /home/ravi/pmb2_foxy_ws/install/controller_manager_msgs/share/controller_manager_msgs/cmake/controller_manager_msgs__rosidl_typesupport_cppExport.cmake
[1.857s] -- Installing: /home/ravi/pmb2_foxy_ws/install/controller_manager_msgs/share/controller_manager_msgs/cmake/controller_manager_msgs__rosidl_typesupport_cppExport-noconfig.cmake
[1.874s] Invoked command in '/home/ravi/pmb2_foxy_ws/build/controller_manager_msgs' returned '0': CMAKE_PREFIX_PATH=${CMAKE_PREFIX_PATH}:/home/ravi/pmb2_foxy_ws/install/ros2controlcli:/home/ravi/pmb2_foxy_ws/install/launch_pal:/opt/ros/foxy /usr/bin/cmake --install /home/ravi/pmb2_foxy_ws/build/controller_manager_msgs
