-- Install configuration: ""
-- Execute custom install script
-- Up-to-date symlink: /home/ravi/pmb2_foxy_ws/install/pmb2_gazebo/share/pmb2_gazebo/launch/pmb2_gazebo.launch.py
-- Up-to-date symlink: /home/ravi/pmb2_foxy_ws/install/pmb2_gazebo/share/pmb2_gazebo/launch/pmb2_spawn.launch.py
-- Up-to-date symlink: /home/ravi/pmb2_foxy_ws/install/pmb2_gazebo/share/pmb2_gazebo/models/abu_dhabi/README
-- Up-to-date symlink: /home/ravi/pmb2_foxy_ws/install/pmb2_gazebo/share/pmb2_gazebo/models/abu_dhabi/model.config
-- Up-to-date symlink: /home/ravi/pmb2_foxy_ws/install/pmb2_gazebo/share/pmb2_gazebo/models/abu_dhabi/model.sdf
-- Up-to-date symlink: /home/ravi/pmb2_foxy_ws/install/pmb2_gazebo/share/pmb2_gazebo/models/abu_dhabi/palace_demo.png
-- Up-to-date symlink: /home/ravi/pmb2_foxy_ws/install/pmb2_gazebo/share/pmb2_gazebo/models/adler_erfurt_shop_downstairs/README
-- Up-to-date symlink: /home/ravi/pmb2_foxy_ws/install/pmb2_gazebo/share/pmb2_gazebo/models/adler_erfurt_shop_downstairs/adler_erfurt_shop.pdf
-- Up-to-date symlink: /home/ravi/pmb2_foxy_ws/install/pmb2_gazebo/share/pmb2_gazebo/models/adler_erfurt_shop_downstairs/adler_erfurt_shop_downstairs.png
-- Up-to-date symlink: /home/ravi/pmb2_foxy_ws/install/pmb2_gazebo/share/pmb2_gazebo/models/adler_erfurt_shop_downstairs/model.config
-- Up-to-date symlink: /home/ravi/pmb2_foxy_ws/install/pmb2_gazebo/share/pmb2_gazebo/models/adler_erfurt_shop_downstairs/model.sdf
-- Up-to-date symlink: /home/ravi/pmb2_foxy_ws/install/pmb2_gazebo/share/pmb2_gazebo/models/adler_erfurt_shop_upstairs/README
-- Up-to-date symlink: /home/ravi/pmb2_foxy_ws/install/pmb2_gazebo/share/pmb2_gazebo/models/adler_erfurt_shop_upstairs/adler_erfurt_shop.pdf
-- Up-to-date symlink: /home/ravi/pmb2_foxy_ws/install/pmb2_gazebo/share/pmb2_gazebo/models/adler_erfurt_shop_upstairs/adler_erfurt_shop_upstairs.png
-- Up-to-date symlink: /home/ravi/pmb2_foxy_ws/install/pmb2_gazebo/share/pmb2_gazebo/models/adler_erfurt_shop_upstairs/model.config
-- Up-to-date symlink: /home/ravi/pmb2_foxy_ws/install/pmb2_gazebo/share/pmb2_gazebo/models/adler_erfurt_shop_upstairs/model.sdf
-- Up-to-date symlink: /home/ravi/pmb2_foxy_ws/install/pmb2_gazebo/share/pmb2_gazebo/models/arm_chair/arm_chair.sdf
-- Up-to-date symlink: /home/ravi/pmb2_foxy_ws/install/pmb2_gazebo/share/pmb2_gazebo/models/arm_chair/meshes/arm_chair.stl
-- Up-to-date symlink: /home/ravi/pmb2_foxy_ws/install/pmb2_gazebo/share/pmb2_gazebo/models/arm_chair/model.config
-- Up-to-date symlink: /home/ravi/pmb2_foxy_ws/install/pmb2_gazebo/share/pmb2_gazebo/models/bed/bed.sdf
-- Up-to-date symlink: /home/ravi/pmb2_foxy_ws/install/pmb2_gazebo/share/pmb2_gazebo/models/bed/meshes/bed_base.stl
-- Up-to-date symlink: /home/ravi/pmb2_foxy_ws/install/pmb2_gazebo/share/pmb2_gazebo/models/bed/meshes/bed_quilt.stl
-- Up-to-date symlink: /home/ravi/pmb2_foxy_ws/install/pmb2_gazebo/share/pmb2_gazebo/models/bed/model.config
-- Up-to-date symlink: /home/ravi/pmb2_foxy_ws/install/pmb2_gazebo/share/pmb2_gazebo/models/bed_double/bed_double.sdf
-- Up-to-date symlink: /home/ravi/pmb2_foxy_ws/install/pmb2_gazebo/share/pmb2_gazebo/models/bed_double/materials/wood-oak-horizontal.jpg
-- Up-to-date symlink: /home/ravi/pmb2_foxy_ws/install/pmb2_gazebo/share/pmb2_gazebo/models/bed_double/materials/wood-oak-vertical.jpg
-- Up-to-date symlink: /home/ravi/pmb2_foxy_ws/install/pmb2_gazebo/share/pmb2_gazebo/models/bed_double/materials/wood-pine.jpg
-- Up-to-date symlink: /home/ravi/pmb2_foxy_ws/install/pmb2_gazebo/share/pmb2_gazebo/models/bed_double/meshes/bed.dae
-- Up-to-date symlink: /home/ravi/pmb2_foxy_ws/install/pmb2_gazebo/share/pmb2_gazebo/models/bed_double/meshes/bed.min.dae
-- Up-to-date symlink: /home/ravi/pmb2_foxy_ws/install/pmb2_gazebo/share/pmb2_gazebo/models/bed_double/model.config
-- Up-to-date symlink: /home/ravi/pmb2_foxy_ws/install/pmb2_gazebo/share/pmb2_gazebo/models/bench/bench.sdf
-- Up-to-date symlink: /home/ravi/pmb2_foxy_ws/install/pmb2_gazebo/share/pmb2_gazebo/models/bench/meshes/bench.stl
-- Up-to-date symlink: /home/ravi/pmb2_foxy_ws/install/pmb2_gazebo/share/pmb2_gazebo/models/bench/model.config
-- Up-to-date symlink: /home/ravi/pmb2_foxy_ws/install/pmb2_gazebo/share/pmb2_gazebo/models/bifrutas_tropical_can/bifrutas_tropical_can.sdf
-- Up-to-date symlink: /home/ravi/pmb2_foxy_ws/install/pmb2_gazebo/share/pmb2_gazebo/models/bifrutas_tropical_can/material/scripts/bifrutas_tropical_can.material
-- Up-to-date symlink: /home/ravi/pmb2_foxy_ws/install/pmb2_gazebo/share/pmb2_gazebo/models/bifrutas_tropical_can/material/textures/bifrutas_tropical_can.jpg
-- Up-to-date symlink: /home/ravi/pmb2_foxy_ws/install/pmb2_gazebo/share/pmb2_gazebo/models/bifrutas_tropical_can/model.config
-- Up-to-date symlink: /home/ravi/pmb2_foxy_ws/install/pmb2_gazebo/share/pmb2_gazebo/models/biscuits_pack/biscuits_pack.sdf
-- Up-to-date symlink: /home/ravi/pmb2_foxy_ws/install/pmb2_gazebo/share/pmb2_gazebo/models/biscuits_pack/material/scripts/pringles.material
-- Up-to-date symlink: /home/ravi/pmb2_foxy_ws/install/pmb2_gazebo/share/pmb2_gazebo/models/biscuits_pack/material/textures/biscuits_pack.jpg
-- Up-to-date symlink: /home/ravi/pmb2_foxy_ws/install/pmb2_gazebo/share/pmb2_gazebo/models/biscuits_pack/model.config
-- Up-to-date symlink: /home/ravi/pmb2_foxy_ws/install/pmb2_gazebo/share/pmb2_gazebo/models/box/box.sdf
-- Up-to-date symlink: /home/ravi/pmb2_foxy_ws/install/pmb2_gazebo/share/pmb2_gazebo/models/box/model.config
-- Up-to-date symlink: /home/ravi/pmb2_foxy_ws/install/pmb2_gazebo/share/pmb2_gazebo/models/butterfly/README
-- Up-to-date symlink: /home/ravi/pmb2_foxy_ws/install/pmb2_gazebo/share/pmb2_gazebo/models/butterfly/butterfly.orig.png
-- Up-to-date symlink: /home/ravi/pmb2_foxy_ws/install/pmb2_gazebo/share/pmb2_gazebo/models/butterfly/butterfly.png
-- Up-to-date symlink: /home/ravi/pmb2_foxy_ws/install/pmb2_gazebo/share/pmb2_gazebo/models/butterfly/model.config
-- Up-to-date symlink: /home/ravi/pmb2_foxy_ws/install/pmb2_gazebo/share/pmb2_gazebo/models/butterfly/model.sdf
-- Up-to-date symlink: /home/ravi/pmb2_foxy_ws/install/pmb2_gazebo/share/pmb2_gazebo/models/cereal_bran_bruds/cereal_bran_bruds.sdf
-- Up-to-date symlink: /home/ravi/pmb2_foxy_ws/install/pmb2_gazebo/share/pmb2_gazebo/models/cereal_bran_bruds/meshes/bran_bruds.jpg
-- Up-to-date symlink: /home/ravi/pmb2_foxy_ws/install/pmb2_gazebo/share/pmb2_gazebo/models/cereal_bran_bruds/meshes/cereal_bran_bruds.dae
-- Up-to-date symlink: /home/ravi/pmb2_foxy_ws/install/pmb2_gazebo/share/pmb2_gazebo/models/cereal_bran_bruds/model.config
-- Up-to-date symlink: /home/ravi/pmb2_foxy_ws/install/pmb2_gazebo/share/pmb2_gazebo/models/cereal_c3po/cereal_c3po.sdf
-- Up-to-date symlink: /home/ravi/pmb2_foxy_ws/install/pmb2_gazebo/share/pmb2_gazebo/models/cereal_c3po/meshes/c3po.jpg
-- Up-to-date symlink: /home/ravi/pmb2_foxy_ws/install/pmb2_gazebo/share/pmb2_gazebo/models/cereal_c3po/meshes/cereal_c3po.dae
-- Up-to-date symlink: /home/ravi/pmb2_foxy_ws/install/pmb2_gazebo/share/pmb2_gazebo/models/cereal_c3po/model.config
-- Up-to-date symlink: /home/ravi/pmb2_foxy_ws/install/pmb2_gazebo/share/pmb2_gazebo/models/cereal_mr_t/cereal_mr_t.sdf
-- Up-to-date symlink: /home/ravi/pmb2_foxy_ws/install/pmb2_gazebo/share/pmb2_gazebo/models/cereal_mr_t/meshes/CC_Quaker-Mr.-T-cereal-box-Mr.-T-Stickers-1984.jpg
-- Up-to-date symlink: /home/ravi/pmb2_foxy_ws/install/pmb2_gazebo/share/pmb2_gazebo/models/cereal_mr_t/meshes/cereal_mr_t.dae
-- Up-to-date symlink: /home/ravi/pmb2_foxy_ws/install/pmb2_gazebo/share/pmb2_gazebo/models/cereal_mr_t/model.config
-- Up-to-date symlink: /home/ravi/pmb2_foxy_ws/install/pmb2_gazebo/share/pmb2_gazebo/models/cereal_rocket_power/cereal_rocket_power.sdf
-- Up-to-date symlink: /home/ravi/pmb2_foxy_ws/install/pmb2_gazebo/share/pmb2_gazebo/models/cereal_rocket_power/meshes/cereal_rocket_power.dae
-- Up-to-date symlink: /home/ravi/pmb2_foxy_ws/install/pmb2_gazebo/share/pmb2_gazebo/models/cereal_rocket_power/meshes/rocket_power.jpg
-- Up-to-date symlink: /home/ravi/pmb2_foxy_ws/install/pmb2_gazebo/share/pmb2_gazebo/models/cereal_rocket_power/model.config
-- Up-to-date symlink: /home/ravi/pmb2_foxy_ws/install/pmb2_gazebo/share/pmb2_gazebo/models/citizen_extras_female_02/images/_01_-_Default1noCulling.JPG
-- Up-to-date symlink: /home/ravi/pmb2_foxy_ws/install/pmb2_gazebo/share/pmb2_gazebo/models/citizen_extras_female_02/images/_02_-_Default1noCulling.JPG
-- Up-to-date symlink: /home/ravi/pmb2_foxy_ws/install/pmb2_gazebo/share/pmb2_gazebo/models/citizen_extras_female_02/images/_03_-_Default1noCulling.JPG
-- Up-to-date symlink: /home/ravi/pmb2_foxy_ws/install/pmb2_gazebo/share/pmb2_gazebo/models/citizen_extras_female_02/meshes/mesh.dae
-- Up-to-date symlink: /home/ravi/pmb2_foxy_ws/install/pmb2_gazebo/share/pmb2_gazebo/models/citizen_extras_female_02/model.config
-- Up-to-date symlink: /home/ravi/pmb2_foxy_ws/install/pmb2_gazebo/share/pmb2_gazebo/models/citizen_extras_female_02/model.sdf
-- Up-to-date symlink: /home/ravi/pmb2_foxy_ws/install/pmb2_gazebo/share/pmb2_gazebo/models/citizen_extras_female_03/images/Material__1noCulling.JPG
-- Up-to-date symlink: /home/ravi/pmb2_foxy_ws/install/pmb2_gazebo/share/pmb2_gazebo/models/citizen_extras_female_03/images/Material__2noCulling.JPG
-- Up-to-date symlink: /home/ravi/pmb2_foxy_ws/install/pmb2_gazebo/share/pmb2_gazebo/models/citizen_extras_female_03/images/_03_-_Default1noCulling.JPG
-- Up-to-date symlink: /home/ravi/pmb2_foxy_ws/install/pmb2_gazebo/share/pmb2_gazebo/models/citizen_extras_female_03/meshes/mesh.dae
-- Up-to-date symlink: /home/ravi/pmb2_foxy_ws/install/pmb2_gazebo/share/pmb2_gazebo/models/citizen_extras_female_03/model.config
-- Up-to-date symlink: /home/ravi/pmb2_foxy_ws/install/pmb2_gazebo/share/pmb2_gazebo/models/citizen_extras_female_03/model.sdf
-- Up-to-date symlink: /home/ravi/pmb2_foxy_ws/install/pmb2_gazebo/share/pmb2_gazebo/models/citizen_extras_male_03/images/Material__1noCulling.JPG
-- Up-to-date symlink: /home/ravi/pmb2_foxy_ws/install/pmb2_gazebo/share/pmb2_gazebo/models/citizen_extras_male_03/images/hair1noCulling.JPG
-- Up-to-date symlink: /home/ravi/pmb2_foxy_ws/install/pmb2_gazebo/share/pmb2_gazebo/models/citizen_extras_male_03/images/hrad1noCulling.JPG
-- Up-to-date symlink: /home/ravi/pmb2_foxy_ws/install/pmb2_gazebo/share/pmb2_gazebo/models/citizen_extras_male_03/meshes/mesh.dae
-- Up-to-date symlink: /home/ravi/pmb2_foxy_ws/install/pmb2_gazebo/share/pmb2_gazebo/models/citizen_extras_male_03/model.config
-- Up-to-date symlink: /home/ravi/pmb2_foxy_ws/install/pmb2_gazebo/share/pmb2_gazebo/models/citizen_extras_male_03/model.sdf
-- Up-to-date symlink: /home/ravi/pmb2_foxy_ws/install/pmb2_gazebo/share/pmb2_gazebo/models/closet/closet.sdf
-- Up-to-date symlink: /home/ravi/pmb2_foxy_ws/install/pmb2_gazebo/share/pmb2_gazebo/models/closet/meshes/closet.stl
-- Up-to-date symlink: /home/ravi/pmb2_foxy_ws/install/pmb2_gazebo/share/pmb2_gazebo/models/closet/model.config
-- Up-to-date symlink: /home/ravi/pmb2_foxy_ws/install/pmb2_gazebo/share/pmb2_gazebo/models/clothes_stand/clothes_stand.sdf
-- Up-to-date symlink: /home/ravi/pmb2_foxy_ws/install/pmb2_gazebo/share/pmb2_gazebo/models/clothes_stand/meshes/clothes_stand.blend
-- Up-to-date symlink: /home/ravi/pmb2_foxy_ws/install/pmb2_gazebo/share/pmb2_gazebo/models/clothes_stand/meshes/clothes_stand.stl
-- Up-to-date symlink: /home/ravi/pmb2_foxy_ws/install/pmb2_gazebo/share/pmb2_gazebo/models/clothes_stand/model.config
-- Up-to-date symlink: /home/ravi/pmb2_foxy_ws/install/pmb2_gazebo/share/pmb2_gazebo/models/cocacola/cocacola.sdf
-- Up-to-date symlink: /home/ravi/pmb2_foxy_ws/install/pmb2_gazebo/share/pmb2_gazebo/models/cocacola/material/scripts/cocacola.material
-- Up-to-date symlink: /home/ravi/pmb2_foxy_ws/install/pmb2_gazebo/share/pmb2_gazebo/models/cocacola/material/textures/cocacola.jpg
-- Up-to-date symlink: /home/ravi/pmb2_foxy_ws/install/pmb2_gazebo/share/pmb2_gazebo/models/cocacola/model.config
-- Up-to-date symlink: /home/ravi/pmb2_foxy_ws/install/pmb2_gazebo/share/pmb2_gazebo/models/coffee_table/coffee_table.sdf
-- Up-to-date symlink: /home/ravi/pmb2_foxy_ws/install/pmb2_gazebo/share/pmb2_gazebo/models/coffee_table/materials/glass.jpg
-- Up-to-date symlink: /home/ravi/pmb2_foxy_ws/install/pmb2_gazebo/share/pmb2_gazebo/models/coffee_table/materials/newspaper.jpg
-- Up-to-date symlink: /home/ravi/pmb2_foxy_ws/install/pmb2_gazebo/share/pmb2_gazebo/models/coffee_table/materials/wood-mahogany.jpg
-- Up-to-date symlink: /home/ravi/pmb2_foxy_ws/install/pmb2_gazebo/share/pmb2_gazebo/models/coffee_table/meshes/coffee_table.dae
-- Up-to-date symlink: /home/ravi/pmb2_foxy_ws/install/pmb2_gazebo/share/pmb2_gazebo/models/coffee_table/meshes/coffee_table.min.dae
-- Up-to-date symlink: /home/ravi/pmb2_foxy_ws/install/pmb2_gazebo/share/pmb2_gazebo/models/coffee_table/model.config
-- Up-to-date symlink: /home/ravi/pmb2_foxy_ws/install/pmb2_gazebo/share/pmb2_gazebo/models/coke_can_slim/coke_can_slim.sdf
-- Up-to-date symlink: /home/ravi/pmb2_foxy_ws/install/pmb2_gazebo/share/pmb2_gazebo/models/coke_can_slim/material/scripts/coke_can_slim.material
-- Up-to-date symlink: /home/ravi/pmb2_foxy_ws/install/pmb2_gazebo/share/pmb2_gazebo/models/coke_can_slim/material/textures/coke_can_slim.jpg
-- Up-to-date symlink: /home/ravi/pmb2_foxy_ws/install/pmb2_gazebo/share/pmb2_gazebo/models/coke_can_slim/model.config
-- Up-to-date symlink: /home/ravi/pmb2_foxy_ws/install/pmb2_gazebo/share/pmb2_gazebo/models/couch/couch.sdf
-- Up-to-date symlink: /home/ravi/pmb2_foxy_ws/install/pmb2_gazebo/share/pmb2_gazebo/models/couch/materials/leather.jpg
-- Up-to-date symlink: /home/ravi/pmb2_foxy_ws/install/pmb2_gazebo/share/pmb2_gazebo/models/couch/materials/metal.jpg
-- Up-to-date symlink: /home/ravi/pmb2_foxy_ws/install/pmb2_gazebo/share/pmb2_gazebo/models/couch/meshes/couch.dae
-- Up-to-date symlink: /home/ravi/pmb2_foxy_ws/install/pmb2_gazebo/share/pmb2_gazebo/models/couch/meshes/couch.min.dae
-- Up-to-date symlink: /home/ravi/pmb2_foxy_ws/install/pmb2_gazebo/share/pmb2_gazebo/models/couch/model.config
-- Up-to-date symlink: /home/ravi/pmb2_foxy_ws/install/pmb2_gazebo/share/pmb2_gazebo/models/dining_chair/dining_chair.sdf
-- Up-to-date symlink: /home/ravi/pmb2_foxy_ws/install/pmb2_gazebo/share/pmb2_gazebo/models/dining_chair/meshes/dining_chair.stl
-- Up-to-date symlink: /home/ravi/pmb2_foxy_ws/install/pmb2_gazebo/share/pmb2_gazebo/models/dining_chair/model.config
-- Up-to-date symlink: /home/ravi/pmb2_foxy_ws/install/pmb2_gazebo/share/pmb2_gazebo/models/dining_table/dining_table.sdf
-- Up-to-date symlink: /home/ravi/pmb2_foxy_ws/install/pmb2_gazebo/share/pmb2_gazebo/models/dining_table/materials/fabric-pattern.jpg
-- Up-to-date symlink: /home/ravi/pmb2_foxy_ws/install/pmb2_gazebo/share/pmb2_gazebo/models/dining_table/materials/particle-board.jpg
-- Up-to-date symlink: /home/ravi/pmb2_foxy_ws/install/pmb2_gazebo/share/pmb2_gazebo/models/dining_table/materials/wood-mahogany-polished.jpg
-- Up-to-date symlink: /home/ravi/pmb2_foxy_ws/install/pmb2_gazebo/share/pmb2_gazebo/models/dining_table/meshes/dining_table.dae
-- Up-to-date symlink: /home/ravi/pmb2_foxy_ws/install/pmb2_gazebo/share/pmb2_gazebo/models/dining_table/meshes/dining_table.min.dae
-- Up-to-date symlink: /home/ravi/pmb2_foxy_ws/install/pmb2_gazebo/share/pmb2_gazebo/models/dining_table/model.config
-- Up-to-date symlink: /home/ravi/pmb2_foxy_ws/install/pmb2_gazebo/share/pmb2_gazebo/models/dock/dock.sdf
-- Up-to-date symlink: /home/ravi/pmb2_foxy_ws/install/pmb2_gazebo/share/pmb2_gazebo/models/dock/meshes/dock.stl
-- Up-to-date symlink: /home/ravi/pmb2_foxy_ws/install/pmb2_gazebo/share/pmb2_gazebo/models/dock/model.config
-- Up-to-date symlink: /home/ravi/pmb2_foxy_ws/install/pmb2_gazebo/share/pmb2_gazebo/models/dock_circular/dock_circular.sdf
-- Up-to-date symlink: /home/ravi/pmb2_foxy_ws/install/pmb2_gazebo/share/pmb2_gazebo/models/dock_circular/meshes/dock_circular.stl
-- Up-to-date symlink: /home/ravi/pmb2_foxy_ws/install/pmb2_gazebo/share/pmb2_gazebo/models/dock_circular/model.config
-- Up-to-date symlink: /home/ravi/pmb2_foxy_ws/install/pmb2_gazebo/share/pmb2_gazebo/models/dock_peak_in/dock_peak_in.sdf
-- Up-to-date symlink: /home/ravi/pmb2_foxy_ws/install/pmb2_gazebo/share/pmb2_gazebo/models/dock_peak_in/meshes/dock_peak_in.stl
-- Up-to-date symlink: /home/ravi/pmb2_foxy_ws/install/pmb2_gazebo/share/pmb2_gazebo/models/dock_peak_in/model.config
-- Up-to-date symlink: /home/ravi/pmb2_foxy_ws/install/pmb2_gazebo/share/pmb2_gazebo/models/dock_peak_out/dock_peak_out.sdf
-- Up-to-date symlink: /home/ravi/pmb2_foxy_ws/install/pmb2_gazebo/share/pmb2_gazebo/models/dock_peak_out/meshes/dock_peak_out.stl
-- Up-to-date symlink: /home/ravi/pmb2_foxy_ws/install/pmb2_gazebo/share/pmb2_gazebo/models/dock_peak_out/model.config
-- Up-to-date symlink: /home/ravi/pmb2_foxy_ws/install/pmb2_gazebo/share/pmb2_gazebo/models/dock_peaks/dock_peaks.sdf
-- Up-to-date symlink: /home/ravi/pmb2_foxy_ws/install/pmb2_gazebo/share/pmb2_gazebo/models/dock_peaks/meshes/dock_peaks.stl
-- Up-to-date symlink: /home/ravi/pmb2_foxy_ws/install/pmb2_gazebo/share/pmb2_gazebo/models/dock_peaks/model.config
-- Up-to-date symlink: /home/ravi/pmb2_foxy_ws/install/pmb2_gazebo/share/pmb2_gazebo/models/dock_square/dock_square.sdf
-- Up-to-date symlink: /home/ravi/pmb2_foxy_ws/install/pmb2_gazebo/share/pmb2_gazebo/models/dock_square/meshes/dock_square.stl
-- Up-to-date symlink: /home/ravi/pmb2_foxy_ws/install/pmb2_gazebo/share/pmb2_gazebo/models/dock_square/model.config
-- Up-to-date symlink: /home/ravi/pmb2_foxy_ws/install/pmb2_gazebo/share/pmb2_gazebo/models/dock_station/dock_station.sdf
-- Up-to-date symlink: /home/ravi/pmb2_foxy_ws/install/pmb2_gazebo/share/pmb2_gazebo/models/dock_station/meshes/dock_station.stl
-- Up-to-date symlink: /home/ravi/pmb2_foxy_ws/install/pmb2_gazebo/share/pmb2_gazebo/models/dock_station/model.config
-- Up-to-date symlink: /home/ravi/pmb2_foxy_ws/install/pmb2_gazebo/share/pmb2_gazebo/models/floor_lamp/floor_lamp.sdf
-- Up-to-date symlink: /home/ravi/pmb2_foxy_ws/install/pmb2_gazebo/share/pmb2_gazebo/models/floor_lamp/meshes/floor_lamp.stl
-- Up-to-date symlink: /home/ravi/pmb2_foxy_ws/install/pmb2_gazebo/share/pmb2_gazebo/models/floor_lamp/model.config
-- Up-to-date symlink: /home/ravi/pmb2_foxy_ws/install/pmb2_gazebo/share/pmb2_gazebo/models/fun_world_1/README
-- Up-to-date symlink: /home/ravi/pmb2_foxy_ws/install/pmb2_gazebo/share/pmb2_gazebo/models/fun_world_1/model.config
-- Up-to-date symlink: /home/ravi/pmb2_foxy_ws/install/pmb2_gazebo/share/pmb2_gazebo/models/fun_world_1/model.sdf
-- Up-to-date symlink: /home/ravi/pmb2_foxy_ws/install/pmb2_gazebo/share/pmb2_gazebo/models/fun_world_1/world.png
-- Up-to-date symlink: /home/ravi/pmb2_foxy_ws/install/pmb2_gazebo/share/pmb2_gazebo/models/green_ball/materials/scripts/ball.material
-- Up-to-date symlink: /home/ravi/pmb2_foxy_ws/install/pmb2_gazebo/share/pmb2_gazebo/models/green_ball/model.config
-- Up-to-date symlink: /home/ravi/pmb2_foxy_ws/install/pmb2_gazebo/share/pmb2_gazebo/models/green_ball/model.sdf
-- Up-to-date symlink: /home/ravi/pmb2_foxy_ws/install/pmb2_gazebo/share/pmb2_gazebo/models/ikea_stool/ikea_stool.sdf
-- Up-to-date symlink: /home/ravi/pmb2_foxy_ws/install/pmb2_gazebo/share/pmb2_gazebo/models/ikea_stool/materials/real_wood.jpg
-- Up-to-date symlink: /home/ravi/pmb2_foxy_ws/install/pmb2_gazebo/share/pmb2_gazebo/models/ikea_stool/meshes/ikea_stool.dae
-- Up-to-date symlink: /home/ravi/pmb2_foxy_ws/install/pmb2_gazebo/share/pmb2_gazebo/models/ikea_stool/meshes/ikea_stool.min.dae
-- Up-to-date symlink: /home/ravi/pmb2_foxy_ws/install/pmb2_gazebo/share/pmb2_gazebo/models/ikea_stool/model.config
-- Up-to-date symlink: /home/ravi/pmb2_foxy_ws/install/pmb2_gazebo/share/pmb2_gazebo/models/kitchen_chair/kitchen_chair.sdf
-- Up-to-date symlink: /home/ravi/pmb2_foxy_ws/install/pmb2_gazebo/share/pmb2_gazebo/models/kitchen_chair/meshes/kitchen_chair.stl
-- Up-to-date symlink: /home/ravi/pmb2_foxy_ws/install/pmb2_gazebo/share/pmb2_gazebo/models/kitchen_chair/model.config
-- Up-to-date symlink: /home/ravi/pmb2_foxy_ws/install/pmb2_gazebo/share/pmb2_gazebo/models/kitchen_table/kitchen_table.sdf
-- Up-to-date symlink: /home/ravi/pmb2_foxy_ws/install/pmb2_gazebo/share/pmb2_gazebo/models/kitchen_table/meshes/kitchen_table.stl
-- Up-to-date symlink: /home/ravi/pmb2_foxy_ws/install/pmb2_gazebo/share/pmb2_gazebo/models/kitchen_table/model.config
-- Up-to-date symlink: /home/ravi/pmb2_foxy_ws/install/pmb2_gazebo/share/pmb2_gazebo/models/lab_table/lab_table.sdf
-- Up-to-date symlink: /home/ravi/pmb2_foxy_ws/install/pmb2_gazebo/share/pmb2_gazebo/models/lab_table/materials/Asphalt_New_.jpg
-- Up-to-date symlink: /home/ravi/pmb2_foxy_ws/install/pmb2_gazebo/share/pmb2_gazebo/models/lab_table/materials/Metal_Corrogated_Shiny_.jpg
-- Up-to-date symlink: /home/ravi/pmb2_foxy_ws/install/pmb2_gazebo/share/pmb2_gazebo/models/lab_table/materials/flat-black.jpg
-- Up-to-date symlink: /home/ravi/pmb2_foxy_ws/install/pmb2_gazebo/share/pmb2_gazebo/models/lab_table/materials/tabletop.jpg
-- Up-to-date symlink: /home/ravi/pmb2_foxy_ws/install/pmb2_gazebo/share/pmb2_gazebo/models/lab_table/meshes/lab_table.dae
-- Up-to-date symlink: /home/ravi/pmb2_foxy_ws/install/pmb2_gazebo/share/pmb2_gazebo/models/lab_table/meshes/lab_table.min.dae
-- Up-to-date symlink: /home/ravi/pmb2_foxy_ws/install/pmb2_gazebo/share/pmb2_gazebo/models/lab_table/model.config
-- Up-to-date symlink: /home/ravi/pmb2_foxy_ws/install/pmb2_gazebo/share/pmb2_gazebo/models/lamp/lamp.sdf
-- Up-to-date symlink: /home/ravi/pmb2_foxy_ws/install/pmb2_gazebo/share/pmb2_gazebo/models/lamp/meshes/lamp.stl
-- Up-to-date symlink: /home/ravi/pmb2_foxy_ws/install/pmb2_gazebo/share/pmb2_gazebo/models/lamp/model.config
-- Up-to-date symlink: /home/ravi/pmb2_foxy_ws/install/pmb2_gazebo/share/pmb2_gazebo/models/large_couch/large_couch.sdf
-- Up-to-date symlink: /home/ravi/pmb2_foxy_ws/install/pmb2_gazebo/share/pmb2_gazebo/models/large_couch/materials/fabric-red.jpg
-- Up-to-date symlink: /home/ravi/pmb2_foxy_ws/install/pmb2_gazebo/share/pmb2_gazebo/models/large_couch/materials/wallpaper-red-dots.jpg
-- Up-to-date symlink: /home/ravi/pmb2_foxy_ws/install/pmb2_gazebo/share/pmb2_gazebo/models/large_couch/meshes/large_couch.dae
-- Up-to-date symlink: /home/ravi/pmb2_foxy_ws/install/pmb2_gazebo/share/pmb2_gazebo/models/large_couch/meshes/large_couch.min.dae
-- Up-to-date symlink: /home/ravi/pmb2_foxy_ws/install/pmb2_gazebo/share/pmb2_gazebo/models/large_couch/model.config
-- Up-to-date symlink: /home/ravi/pmb2_foxy_ws/install/pmb2_gazebo/share/pmb2_gazebo/models/lazy_chair/lazy_chair.sdf
-- Up-to-date symlink: /home/ravi/pmb2_foxy_ws/install/pmb2_gazebo/share/pmb2_gazebo/models/lazy_chair/materials/leather.jpg
-- Up-to-date symlink: /home/ravi/pmb2_foxy_ws/install/pmb2_gazebo/share/pmb2_gazebo/models/lazy_chair/materials/metal.jpg
-- Up-to-date symlink: /home/ravi/pmb2_foxy_ws/install/pmb2_gazebo/share/pmb2_gazebo/models/lazy_chair/meshes/lazy_chair.dae
-- Up-to-date symlink: /home/ravi/pmb2_foxy_ws/install/pmb2_gazebo/share/pmb2_gazebo/models/lazy_chair/meshes/lazy_chair.min.dae
-- Up-to-date symlink: /home/ravi/pmb2_foxy_ws/install/pmb2_gazebo/share/pmb2_gazebo/models/lazy_chair/model.config
-- Up-to-date symlink: /home/ravi/pmb2_foxy_ws/install/pmb2_gazebo/share/pmb2_gazebo/models/marker26_8cm/marker26_8cm.sdf
-- Up-to-date symlink: /home/ravi/pmb2_foxy_ws/install/pmb2_gazebo/share/pmb2_gazebo/models/marker26_8cm/material/scripts/marker26_8cm.material
-- Up-to-date symlink: /home/ravi/pmb2_foxy_ws/install/pmb2_gazebo/share/pmb2_gazebo/models/marker26_8cm/material/textures/aruco-26_8cm.png
-- Up-to-date symlink: /home/ravi/pmb2_foxy_ws/install/pmb2_gazebo/share/pmb2_gazebo/models/marker26_8cm/model.config
-- Up-to-date symlink: /home/ravi/pmb2_foxy_ws/install/pmb2_gazebo/share/pmb2_gazebo/models/marker26_8cm_massless/marker26_8cm_massless.sdf
-- Up-to-date symlink: /home/ravi/pmb2_foxy_ws/install/pmb2_gazebo/share/pmb2_gazebo/models/marker26_8cm_massless/material/scripts/marker26_8cm.material
-- Up-to-date symlink: /home/ravi/pmb2_foxy_ws/install/pmb2_gazebo/share/pmb2_gazebo/models/marker26_8cm_massless/material/textures/aruco-26_8cm.png
-- Up-to-date symlink: /home/ravi/pmb2_foxy_ws/install/pmb2_gazebo/share/pmb2_gazebo/models/marker26_8cm_massless/model.config
-- Up-to-date symlink: /home/ravi/pmb2_foxy_ws/install/pmb2_gazebo/share/pmb2_gazebo/models/medium_loop_closure/model.config
-- Up-to-date symlink: /home/ravi/pmb2_foxy_ws/install/pmb2_gazebo/share/pmb2_gazebo/models/medium_loop_closure/model.sdf
-- Up-to-date symlink: /home/ravi/pmb2_foxy_ws/install/pmb2_gazebo/share/pmb2_gazebo/models/multi_loops/README
-- Up-to-date symlink: /home/ravi/pmb2_foxy_ws/install/pmb2_gazebo/share/pmb2_gazebo/models/multi_loops/model.config
-- Up-to-date symlink: /home/ravi/pmb2_foxy_ws/install/pmb2_gazebo/share/pmb2_gazebo/models/multi_loops/model.sdf
-- Up-to-date symlink: /home/ravi/pmb2_foxy_ws/install/pmb2_gazebo/share/pmb2_gazebo/models/multi_loops/multi_loops.png
-- Up-to-date symlink: /home/ravi/pmb2_foxy_ws/install/pmb2_gazebo/share/pmb2_gazebo/models/nightstand/materials/nightstand.jpg
-- Up-to-date symlink: /home/ravi/pmb2_foxy_ws/install/pmb2_gazebo/share/pmb2_gazebo/models/nightstand/materials/wood-mahogany.jpg
-- Up-to-date symlink: /home/ravi/pmb2_foxy_ws/install/pmb2_gazebo/share/pmb2_gazebo/models/nightstand/meshes/nightstand.dae
-- Up-to-date symlink: /home/ravi/pmb2_foxy_ws/install/pmb2_gazebo/share/pmb2_gazebo/models/nightstand/meshes/nightstand.min.dae
-- Up-to-date symlink: /home/ravi/pmb2_foxy_ws/install/pmb2_gazebo/share/pmb2_gazebo/models/nightstand/model.config
-- Up-to-date symlink: /home/ravi/pmb2_foxy_ws/install/pmb2_gazebo/share/pmb2_gazebo/models/nightstand/nightstand.sdf
-- Up-to-date symlink: /home/ravi/pmb2_foxy_ws/install/pmb2_gazebo/share/pmb2_gazebo/models/pal_office/README
-- Up-to-date symlink: /home/ravi/pmb2_foxy_ws/install/pmb2_gazebo/share/pmb2_gazebo/models/pal_office/model.config
-- Up-to-date symlink: /home/ravi/pmb2_foxy_ws/install/pmb2_gazebo/share/pmb2_gazebo/models/pal_office/model.sdf
-- Up-to-date symlink: /home/ravi/pmb2_foxy_ws/install/pmb2_gazebo/share/pmb2_gazebo/models/pal_office/pal_office.png
-- Up-to-date symlink: /home/ravi/pmb2_foxy_ws/install/pmb2_gazebo/share/pmb2_gazebo/models/pal_textured_object/material/scripts/pal_textured_object.material
-- Up-to-date symlink: /home/ravi/pmb2_foxy_ws/install/pmb2_gazebo/share/pmb2_gazebo/models/pal_textured_object/material/textures/pal_textured_object.png
-- Up-to-date symlink: /home/ravi/pmb2_foxy_ws/install/pmb2_gazebo/share/pmb2_gazebo/models/pal_textured_object/model.config
-- Up-to-date symlink: /home/ravi/pmb2_foxy_ws/install/pmb2_gazebo/share/pmb2_gazebo/models/pal_textured_object/pal_textured_object.sdf
-- Up-to-date symlink: /home/ravi/pmb2_foxy_ws/install/pmb2_gazebo/share/pmb2_gazebo/models/plpmb2/meshes/plpmb2_base.stl
-- Up-to-date symlink: /home/ravi/pmb2_foxy_ws/install/pmb2_gazebo/share/pmb2_gazebo/models/plpmb2/meshes/plpmb2_leaf.stl
-- Up-to-date symlink: /home/ravi/pmb2_foxy_ws/install/pmb2_gazebo/share/pmb2_gazebo/models/plpmb2/model.config
-- Up-to-date symlink: /home/ravi/pmb2_foxy_ws/install/pmb2_gazebo/share/pmb2_gazebo/models/plpmb2/plpmb2.sdf
-- Up-to-date symlink: /home/ravi/pmb2_foxy_ws/install/pmb2_gazebo/share/pmb2_gazebo/models/pmb2_description/model.config
-- Up-to-date symlink: /home/ravi/pmb2_foxy_ws/install/pmb2_gazebo/share/pmb2_gazebo/models/pmb2_full/model.config
-- Up-to-date symlink: /home/ravi/pmb2_foxy_ws/install/pmb2_gazebo/share/pmb2_gazebo/models/pmb2_full/model.sdf
-- Up-to-date symlink: /home/ravi/pmb2_foxy_ws/install/pmb2_gazebo/share/pmb2_gazebo/models/pringles/material/scripts/pringles.material
-- Up-to-date symlink: /home/ravi/pmb2_foxy_ws/install/pmb2_gazebo/share/pmb2_gazebo/models/pringles/material/textures/pringles.jpg
-- Up-to-date symlink: /home/ravi/pmb2_foxy_ws/install/pmb2_gazebo/share/pmb2_gazebo/models/pringles/model.config
-- Up-to-date symlink: /home/ravi/pmb2_foxy_ws/install/pmb2_gazebo/share/pmb2_gazebo/models/pringles/pringles.sdf
-- Up-to-date symlink: /home/ravi/pmb2_foxy_ws/install/pmb2_gazebo/share/pmb2_gazebo/models/pringles2/material/scripts/pringles2.material
-- Up-to-date symlink: /home/ravi/pmb2_foxy_ws/install/pmb2_gazebo/share/pmb2_gazebo/models/pringles2/material/textures/pringles2.jpg
-- Up-to-date symlink: /home/ravi/pmb2_foxy_ws/install/pmb2_gazebo/share/pmb2_gazebo/models/pringles2/model.config
-- Up-to-date symlink: /home/ravi/pmb2_foxy_ws/install/pmb2_gazebo/share/pmb2_gazebo/models/pringles2/pringles2.sdf
-- Up-to-date symlink: /home/ravi/pmb2_foxy_ws/install/pmb2_gazebo/share/pmb2_gazebo/models/pringles_with_marker/model.config
-- Up-to-date symlink: /home/ravi/pmb2_foxy_ws/install/pmb2_gazebo/share/pmb2_gazebo/models/pringles_with_marker/pringles_with_marker.sdf
-- Up-to-date symlink: /home/ravi/pmb2_foxy_ws/install/pmb2_gazebo/share/pmb2_gazebo/models/ramp/model.config
-- Up-to-date symlink: /home/ravi/pmb2_foxy_ws/install/pmb2_gazebo/share/pmb2_gazebo/models/ramp/ramp.sdf
-- Up-to-date symlink: /home/ravi/pmb2_foxy_ws/install/pmb2_gazebo/share/pmb2_gazebo/models/reviews_table/meshes/reviews_table.stl
-- Up-to-date symlink: /home/ravi/pmb2_foxy_ws/install/pmb2_gazebo/share/pmb2_gazebo/models/reviews_table/model.config
-- Up-to-date symlink: /home/ravi/pmb2_foxy_ws/install/pmb2_gazebo/share/pmb2_gazebo/models/reviews_table/reviews_table.sdf
-- Up-to-date symlink: /home/ravi/pmb2_foxy_ws/install/pmb2_gazebo/share/pmb2_gazebo/models/robocup_walls_70cm_doors/house_walls.sdf
-- Up-to-date symlink: /home/ravi/pmb2_foxy_ws/install/pmb2_gazebo/share/pmb2_gazebo/models/robocup_walls_70cm_doors/meshes/robocup_house.stl
-- Up-to-date symlink: /home/ravi/pmb2_foxy_ws/install/pmb2_gazebo/share/pmb2_gazebo/models/robocup_walls_70cm_doors/model.config
-- Up-to-date symlink: /home/ravi/pmb2_foxy_ws/install/pmb2_gazebo/share/pmb2_gazebo/models/rockin_camp/README
-- Up-to-date symlink: /home/ravi/pmb2_foxy_ws/install/pmb2_gazebo/share/pmb2_gazebo/models/rockin_camp/model.config
-- Up-to-date symlink: /home/ravi/pmb2_foxy_ws/install/pmb2_gazebo/share/pmb2_gazebo/models/rockin_camp/model.sdf
-- Up-to-date symlink: /home/ravi/pmb2_foxy_ws/install/pmb2_gazebo/share/pmb2_gazebo/models/rockin_camp/rockin_camp.png
-- Up-to-date symlink: /home/ravi/pmb2_foxy_ws/install/pmb2_gazebo/share/pmb2_gazebo/models/russian_restaurpmb2/README
-- Up-to-date symlink: /home/ravi/pmb2_foxy_ws/install/pmb2_gazebo/share/pmb2_gazebo/models/russian_restaurpmb2/model.config
-- Up-to-date symlink: /home/ravi/pmb2_foxy_ws/install/pmb2_gazebo/share/pmb2_gazebo/models/russian_restaurpmb2/model.sdf
-- Up-to-date symlink: /home/ravi/pmb2_foxy_ws/install/pmb2_gazebo/share/pmb2_gazebo/models/russian_restaurpmb2/russian_restaurpmb2_walls.png
-- Up-to-date symlink: /home/ravi/pmb2_foxy_ws/install/pmb2_gazebo/share/pmb2_gazebo/models/shelves/materials/gray.jpg
-- Up-to-date symlink: /home/ravi/pmb2_foxy_ws/install/pmb2_gazebo/share/pmb2_gazebo/models/shelves/meshes/shelves.dae
-- Up-to-date symlink: /home/ravi/pmb2_foxy_ws/install/pmb2_gazebo/share/pmb2_gazebo/models/shelves/meshes/shelves.min.dae
-- Up-to-date symlink: /home/ravi/pmb2_foxy_ws/install/pmb2_gazebo/share/pmb2_gazebo/models/shelves/model.config
-- Up-to-date symlink: /home/ravi/pmb2_foxy_ws/install/pmb2_gazebo/share/pmb2_gazebo/models/shelves/shelves.sdf
-- Up-to-date symlink: /home/ravi/pmb2_foxy_ws/install/pmb2_gazebo/share/pmb2_gazebo/models/sideboard/meshes/sideboard.stl
-- Up-to-date symlink: /home/ravi/pmb2_foxy_ws/install/pmb2_gazebo/share/pmb2_gazebo/models/sideboard/model.config
-- Up-to-date symlink: /home/ravi/pmb2_foxy_ws/install/pmb2_gazebo/share/pmb2_gazebo/models/sideboard/sideboard.sdf
-- Up-to-date symlink: /home/ravi/pmb2_foxy_ws/install/pmb2_gazebo/share/pmb2_gazebo/models/simple_loop/model.config
-- Up-to-date symlink: /home/ravi/pmb2_foxy_ws/install/pmb2_gazebo/share/pmb2_gazebo/models/simple_loop/model.sdf
-- Up-to-date symlink: /home/ravi/pmb2_foxy_ws/install/pmb2_gazebo/share/pmb2_gazebo/models/sketchup_map_1/map1.dae
-- Up-to-date symlink: /home/ravi/pmb2_foxy_ws/install/pmb2_gazebo/share/pmb2_gazebo/models/sketchup_map_1/map1_SketchUp_File.skp
-- Up-to-date symlink: /home/ravi/pmb2_foxy_ws/install/pmb2_gazebo/share/pmb2_gazebo/models/sketchup_map_1/model.config
-- Up-to-date symlink: /home/ravi/pmb2_foxy_ws/install/pmb2_gazebo/share/pmb2_gazebo/models/sketchup_map_1/sketchup_map_1.sdf
-- Up-to-date symlink: /home/ravi/pmb2_foxy_ws/install/pmb2_gazebo/share/pmb2_gazebo/models/sofa/meshes/sofa.stl
-- Up-to-date symlink: /home/ravi/pmb2_foxy_ws/install/pmb2_gazebo/share/pmb2_gazebo/models/sofa/model.config
-- Up-to-date symlink: /home/ravi/pmb2_foxy_ws/install/pmb2_gazebo/share/pmb2_gazebo/models/sofa/sofa.sdf
-- Up-to-date symlink: /home/ravi/pmb2_foxy_ws/install/pmb2_gazebo/share/pmb2_gazebo/models/sprite/material/scripts/sprite.material
-- Up-to-date symlink: /home/ravi/pmb2_foxy_ws/install/pmb2_gazebo/share/pmb2_gazebo/models/sprite/material/textures/sprite.jpg
-- Up-to-date symlink: /home/ravi/pmb2_foxy_ws/install/pmb2_gazebo/share/pmb2_gazebo/models/sprite/model.config
-- Up-to-date symlink: /home/ravi/pmb2_foxy_ws/install/pmb2_gazebo/share/pmb2_gazebo/models/sprite/sprite.sdf
-- Up-to-date symlink: /home/ravi/pmb2_foxy_ws/install/pmb2_gazebo/share/pmb2_gazebo/models/stool/meshes/stool.stl
-- Up-to-date symlink: /home/ravi/pmb2_foxy_ws/install/pmb2_gazebo/share/pmb2_gazebo/models/stool/model.config
-- Up-to-date symlink: /home/ravi/pmb2_foxy_ws/install/pmb2_gazebo/share/pmb2_gazebo/models/stool/stool.sdf
-- Up-to-date symlink: /home/ravi/pmb2_foxy_ws/install/pmb2_gazebo/share/pmb2_gazebo/models/table_0m8/model.config
-- Up-to-date symlink: /home/ravi/pmb2_foxy_ws/install/pmb2_gazebo/share/pmb2_gazebo/models/table_0m8/table.sdf
-- Up-to-date symlink: /home/ravi/pmb2_foxy_ws/install/pmb2_gazebo/share/pmb2_gazebo/models/table_1m/model.config
-- Up-to-date symlink: /home/ravi/pmb2_foxy_ws/install/pmb2_gazebo/share/pmb2_gazebo/models/table_1m/table_1m.sdf
-- Up-to-date symlink: /home/ravi/pmb2_foxy_ws/install/pmb2_gazebo/share/pmb2_gazebo/models/tray_trolley/meshes/tray_trolley.stl
-- Up-to-date symlink: /home/ravi/pmb2_foxy_ws/install/pmb2_gazebo/share/pmb2_gazebo/models/tray_trolley/model.config
-- Up-to-date symlink: /home/ravi/pmb2_foxy_ws/install/pmb2_gazebo/share/pmb2_gazebo/models/tray_trolley/tray_trolley.sdf
-- Up-to-date symlink: /home/ravi/pmb2_foxy_ws/install/pmb2_gazebo/share/pmb2_gazebo/models/tv/meshes/tv.stl
-- Up-to-date symlink: /home/ravi/pmb2_foxy_ws/install/pmb2_gazebo/share/pmb2_gazebo/models/tv/model.config
-- Up-to-date symlink: /home/ravi/pmb2_foxy_ws/install/pmb2_gazebo/share/pmb2_gazebo/models/tv/tv.sdf
-- Up-to-date symlink: /home/ravi/pmb2_foxy_ws/install/pmb2_gazebo/share/pmb2_gazebo/models/tv_set/materials/plastic-black.jpg
-- Up-to-date symlink: /home/ravi/pmb2_foxy_ws/install/pmb2_gazebo/share/pmb2_gazebo/models/tv_set/materials/wood-mahogany.jpg
-- Up-to-date symlink: /home/ravi/pmb2_foxy_ws/install/pmb2_gazebo/share/pmb2_gazebo/models/tv_set/meshes/tv_set.dae
-- Up-to-date symlink: /home/ravi/pmb2_foxy_ws/install/pmb2_gazebo/share/pmb2_gazebo/models/tv_set/meshes/tv_set.min.dae
-- Up-to-date symlink: /home/ravi/pmb2_foxy_ws/install/pmb2_gazebo/share/pmb2_gazebo/models/tv_set/model.config
-- Up-to-date symlink: /home/ravi/pmb2_foxy_ws/install/pmb2_gazebo/share/pmb2_gazebo/models/tv_set/tv_set.sdf
-- Up-to-date symlink: /home/ravi/pmb2_foxy_ws/install/pmb2_gazebo/share/pmb2_gazebo/models/wardrobe/meshes/wardrobe.stl
-- Up-to-date symlink: /home/ravi/pmb2_foxy_ws/install/pmb2_gazebo/share/pmb2_gazebo/models/wardrobe/model.config
-- Up-to-date symlink: /home/ravi/pmb2_foxy_ws/install/pmb2_gazebo/share/pmb2_gazebo/models/wardrobe/wardrobe.sdf
-- Up-to-date symlink: /home/ravi/pmb2_foxy_ws/install/pmb2_gazebo/share/pmb2_gazebo/worlds/butterfly.world
-- Up-to-date symlink: /home/ravi/pmb2_foxy_ws/install/pmb2_gazebo/share/pmb2_gazebo/worlds/empty.world
-- Up-to-date symlink: /home/ravi/pmb2_foxy_ws/install/pmb2_gazebo/share/pmb2_gazebo/worlds/fun_world_1.world
-- Up-to-date symlink: /home/ravi/pmb2_foxy_ws/install/pmb2_gazebo/share/pmb2_gazebo/worlds/large_corridor.world
-- Up-to-date symlink: /home/ravi/pmb2_foxy_ws/install/pmb2_gazebo/share/pmb2_gazebo/worlds/medium_loop.world
-- Up-to-date symlink: /home/ravi/pmb2_foxy_ws/install/pmb2_gazebo/share/pmb2_gazebo/worlds/multi_loops.world
-- Up-to-date symlink: /home/ravi/pmb2_foxy_ws/install/pmb2_gazebo/share/pmb2_gazebo/worlds/narrow_walls.world
-- Up-to-date symlink: /home/ravi/pmb2_foxy_ws/install/pmb2_gazebo/share/pmb2_gazebo/worlds/objects_and_marker_on_table.world
-- Up-to-date symlink: /home/ravi/pmb2_foxy_ws/install/pmb2_gazebo/share/pmb2_gazebo/worlds/objects_on_table.world
-- Up-to-date symlink: /home/ravi/pmb2_foxy_ws/install/pmb2_gazebo/share/pmb2_gazebo/worlds/pal_office.world
-- Up-to-date symlink: /home/ravi/pmb2_foxy_ws/install/pmb2_gazebo/share/pmb2_gazebo/worlds/ramp.world
-- Up-to-date symlink: /home/ravi/pmb2_foxy_ws/install/pmb2_gazebo/share/pmb2_gazebo/worlds/robocup.world
-- Up-to-date symlink: /home/ravi/pmb2_foxy_ws/install/pmb2_gazebo/share/pmb2_gazebo/worlds/rockin_camp.world
-- Up-to-date symlink: /home/ravi/pmb2_foxy_ws/install/pmb2_gazebo/share/pmb2_gazebo/worlds/russian_restaurpmb2.world
-- Up-to-date symlink: /home/ravi/pmb2_foxy_ws/install/pmb2_gazebo/share/pmb2_gazebo/worlds/simple_loop.world
-- Up-to-date symlink: /home/ravi/pmb2_foxy_ws/install/pmb2_gazebo/share/pmb2_gazebo/worlds/simple_office.world
-- Up-to-date symlink: /home/ravi/pmb2_foxy_ws/install/pmb2_gazebo/share/pmb2_gazebo/worlds/sketchup_1.world
-- Up-to-date symlink: /home/ravi/pmb2_foxy_ws/install/pmb2_gazebo/share/pmb2_gazebo/worlds/small_office.world
-- Up-to-date symlink: /home/ravi/pmb2_foxy_ws/install/pmb2_gazebo/share/pmb2_gazebo/worlds/willow_garage.world
-- Up-to-date symlink: /home/ravi/pmb2_foxy_ws/install/pmb2_gazebo/share/ament_index/resource_index/package_run_dependencies/pmb2_gazebo
-- Up-to-date symlink: /home/ravi/pmb2_foxy_ws/install/pmb2_gazebo/share/ament_index/resource_index/parent_prefix_path/pmb2_gazebo
-- Up-to-date symlink: /home/ravi/pmb2_foxy_ws/install/pmb2_gazebo/share/pmb2_gazebo/environment/ament_prefix_path.sh
-- Up-to-date symlink: /home/ravi/pmb2_foxy_ws/install/pmb2_gazebo/share/pmb2_gazebo/environment/ament_prefix_path.dsv
-- Up-to-date symlink: /home/ravi/pmb2_foxy_ws/install/pmb2_gazebo/share/pmb2_gazebo/environment/path.sh
-- Up-to-date symlink: /home/ravi/pmb2_foxy_ws/install/pmb2_gazebo/share/pmb2_gazebo/environment/path.dsv
-- Up-to-date symlink: /home/ravi/pmb2_foxy_ws/install/pmb2_gazebo/share/pmb2_gazebo/local_setup.bash
-- Up-to-date symlink: /home/ravi/pmb2_foxy_ws/install/pmb2_gazebo/share/pmb2_gazebo/local_setup.sh
-- Up-to-date symlink: /home/ravi/pmb2_foxy_ws/install/pmb2_gazebo/share/pmb2_gazebo/local_setup.zsh
-- Up-to-date symlink: /home/ravi/pmb2_foxy_ws/install/pmb2_gazebo/share/pmb2_gazebo/local_setup.dsv
-- Symlinking: /home/ravi/pmb2_foxy_ws/install/pmb2_gazebo/share/pmb2_gazebo/package.dsv
-- Up-to-date symlink: /home/ravi/pmb2_foxy_ws/install/pmb2_gazebo/share/ament_index/resource_index/packages/pmb2_gazebo
-- Up-to-date symlink: /home/ravi/pmb2_foxy_ws/install/pmb2_gazebo/share/pmb2_gazebo/cmake/pmb2_gazeboConfig.cmake
-- Up-to-date symlink: /home/ravi/pmb2_foxy_ws/install/pmb2_gazebo/share/pmb2_gazebo/cmake/pmb2_gazeboConfig-version.cmake
-- Up-to-date symlink: /home/ravi/pmb2_foxy_ws/install/pmb2_gazebo/share/pmb2_gazebo/package.xml
