[0.015s] Invoking command in '/home/ravi/pmb2_foxy_ws/build/pmb2_bringup': CMAKE_PREFIX_PATH=/home/ravi/pmb2_foxy_ws/install/pmb2_description:/home/ravi/pmb2_foxy_ws/install/pmb2_controller_configuration:/home/ravi/pmb2_foxy_ws/install/pmb2_robot:/home/ravi/pmb2_foxy_ws/install/pmb2_bringup:/home/ravi/pmb2_foxy_ws/install/launch_pal:/opt/ros/foxy PYTHONPATH=/home/ravi/pmb2_foxy_ws/install/pmb2_description/lib/python3.8/site-packages:/home/ravi/pmb2_foxy_ws/build/launch_pal:/home/ravi/pmb2_foxy_ws/install/launch_pal/lib/python3.8/site-packages:/opt/ros/foxy/lib/python3.8/site-packages /usr/bin/cmake /home/ravi/pmb2_foxy_ws/src/pmb2_robot/pmb2_bringup -DAMENT_CMAKE_SYMLINK_INSTALL=1 -DCMAKE_INSTALL_PREFIX=/home/ravi/pmb2_foxy_ws/install/pmb2_bringup
[0.026s] -- Found ament_cmake_auto: 0.9.9 (/opt/ros/foxy/share/ament_cmake_auto/cmake)
[0.042s] -- Using PYTHON_EXECUTABLE: /usr/bin/python3
[0.148s] -- Override CMake install command with custom implementation using symlinks instead of copying resources
[0.204s] -- Found ament_lint_auto: 0.9.6 (/opt/ros/foxy/share/ament_lint_auto/cmake)
[0.210s] -- Added test 'copyright' to check source files copyright and LICENSE
[0.211s] -- Added test 'flake8' to check Python code syntax and style conventions
[0.212s] -- Added test 'lint_cmake' to check CMake code style
[0.212s] -- Added test 'pep257' to check Python code against some of the style conventions in PEP 257
[0.212s] -- Added test 'xmllint' to check XML markup files
[0.213s] -- Configuring done
[0.215s] -- Generating done
[0.215s] -- Build files have been written to: /home/ravi/pmb2_foxy_ws/build/pmb2_bringup
[0.217s] Invoked command in '/home/ravi/pmb2_foxy_ws/build/pmb2_bringup' returned '0': CMAKE_PREFIX_PATH=/home/ravi/pmb2_foxy_ws/install/pmb2_description:/home/ravi/pmb2_foxy_ws/install/pmb2_controller_configuration:/home/ravi/pmb2_foxy_ws/install/pmb2_robot:/home/ravi/pmb2_foxy_ws/install/pmb2_bringup:/home/ravi/pmb2_foxy_ws/install/launch_pal:/opt/ros/foxy PYTHONPATH=/home/ravi/pmb2_foxy_ws/install/pmb2_description/lib/python3.8/site-packages:/home/ravi/pmb2_foxy_ws/build/launch_pal:/home/ravi/pmb2_foxy_ws/install/launch_pal/lib/python3.8/site-packages:/opt/ros/foxy/lib/python3.8/site-packages /usr/bin/cmake /home/ravi/pmb2_foxy_ws/src/pmb2_robot/pmb2_bringup -DAMENT_CMAKE_SYMLINK_INSTALL=1 -DCMAKE_INSTALL_PREFIX=/home/ravi/pmb2_foxy_ws/install/pmb2_bringup
[0.219s] Invoking command in '/home/ravi/pmb2_foxy_ws/build/pmb2_bringup': CMAKE_PREFIX_PATH=/home/ravi/pmb2_foxy_ws/install/pmb2_description:/home/ravi/pmb2_foxy_ws/install/pmb2_controller_configuration:/home/ravi/pmb2_foxy_ws/install/pmb2_robot:/home/ravi/pmb2_foxy_ws/install/pmb2_bringup:/home/ravi/pmb2_foxy_ws/install/launch_pal:/opt/ros/foxy PYTHONPATH=/home/ravi/pmb2_foxy_ws/install/pmb2_description/lib/python3.8/site-packages:/home/ravi/pmb2_foxy_ws/build/launch_pal:/home/ravi/pmb2_foxy_ws/install/launch_pal/lib/python3.8/site-packages:/opt/ros/foxy/lib/python3.8/site-packages /usr/bin/cmake --build /home/ravi/pmb2_foxy_ws/build/pmb2_bringup -- -j8 -l8
[0.242s] Invoked command in '/home/ravi/pmb2_foxy_ws/build/pmb2_bringup' returned '0': CMAKE_PREFIX_PATH=/home/ravi/pmb2_foxy_ws/install/pmb2_description:/home/ravi/pmb2_foxy_ws/install/pmb2_controller_configuration:/home/ravi/pmb2_foxy_ws/install/pmb2_robot:/home/ravi/pmb2_foxy_ws/install/pmb2_bringup:/home/ravi/pmb2_foxy_ws/install/launch_pal:/opt/ros/foxy PYTHONPATH=/home/ravi/pmb2_foxy_ws/install/pmb2_description/lib/python3.8/site-packages:/home/ravi/pmb2_foxy_ws/build/launch_pal:/home/ravi/pmb2_foxy_ws/install/launch_pal/lib/python3.8/site-packages:/opt/ros/foxy/lib/python3.8/site-packages /usr/bin/cmake --build /home/ravi/pmb2_foxy_ws/build/pmb2_bringup -- -j8 -l8
[0.257s] Invoking command in '/home/ravi/pmb2_foxy_ws/build/pmb2_bringup': CMAKE_PREFIX_PATH=/home/ravi/pmb2_foxy_ws/install/pmb2_description:/home/ravi/pmb2_foxy_ws/install/pmb2_controller_configuration:/home/ravi/pmb2_foxy_ws/install/pmb2_robot:/home/ravi/pmb2_foxy_ws/install/pmb2_bringup:/home/ravi/pmb2_foxy_ws/install/launch_pal:/opt/ros/foxy PYTHONPATH=/home/ravi/pmb2_foxy_ws/install/pmb2_description/lib/python3.8/site-packages:/home/ravi/pmb2_foxy_ws/build/launch_pal:/home/ravi/pmb2_foxy_ws/install/launch_pal/lib/python3.8/site-packages:/opt/ros/foxy/lib/python3.8/site-packages /usr/bin/cmake --install /home/ravi/pmb2_foxy_ws/build/pmb2_bringup
[0.262s] -- Install configuration: ""
[0.263s] -- Execute custom install script
[0.263s] -- Symlinking: /home/ravi/pmb2_foxy_ws/install/pmb2_bringup/share/pmb2_bringup/config/joy_teleop.yaml
[0.269s] -- Symlinking: /home/ravi/pmb2_foxy_ws/install/pmb2_bringup/share/pmb2_bringup/config/pmb2_hardware.yaml
[0.274s] -- Symlinking: /home/ravi/pmb2_foxy_ws/install/pmb2_bringup/share/pmb2_bringup/config/twist_mux/joystick.yaml
[0.280s] -- Symlinking: /home/ravi/pmb2_foxy_ws/install/pmb2_bringup/share/pmb2_bringup/config/twist_mux/twist_mux_locks.yaml
[0.285s] -- Symlinking: /home/ravi/pmb2_foxy_ws/install/pmb2_bringup/share/pmb2_bringup/config/twist_mux/twist_mux_topics.yaml
[0.291s] -- Symlinking: /home/ravi/pmb2_foxy_ws/install/pmb2_bringup/share/pmb2_bringup/launch/joystick_teleop.launch.py
[0.296s] -- Symlinking: /home/ravi/pmb2_foxy_ws/install/pmb2_bringup/share/pmb2_bringup/launch/pmb2.launch
[0.302s] -- Symlinking: /home/ravi/pmb2_foxy_ws/install/pmb2_bringup/share/pmb2_bringup/launch/pmb2_bringup.launch.py
[0.307s] -- Symlinking: /home/ravi/pmb2_foxy_ws/install/pmb2_bringup/share/pmb2_bringup/launch/twist_mux.launch.py
[0.313s] -- Symlinking: /home/ravi/pmb2_foxy_ws/install/pmb2_bringup/share/ament_index/resource_index/package_run_dependencies/pmb2_bringup
[0.318s] -- Symlinking: /home/ravi/pmb2_foxy_ws/install/pmb2_bringup/share/ament_index/resource_index/parent_prefix_path/pmb2_bringup
[0.324s] -- Symlinking: /home/ravi/pmb2_foxy_ws/install/pmb2_bringup/share/pmb2_bringup/environment/ament_prefix_path.sh
[0.329s] -- Symlinking: /home/ravi/pmb2_foxy_ws/install/pmb2_bringup/share/pmb2_bringup/environment/ament_prefix_path.dsv
[0.335s] -- Symlinking: /home/ravi/pmb2_foxy_ws/install/pmb2_bringup/share/pmb2_bringup/environment/path.sh
[0.340s] -- Symlinking: /home/ravi/pmb2_foxy_ws/install/pmb2_bringup/share/pmb2_bringup/environment/path.dsv
[0.346s] -- Symlinking: /home/ravi/pmb2_foxy_ws/install/pmb2_bringup/share/pmb2_bringup/local_setup.bash
[0.351s] -- Symlinking: /home/ravi/pmb2_foxy_ws/install/pmb2_bringup/share/pmb2_bringup/local_setup.sh
[0.356s] -- Symlinking: /home/ravi/pmb2_foxy_ws/install/pmb2_bringup/share/pmb2_bringup/local_setup.zsh
[0.362s] -- Symlinking: /home/ravi/pmb2_foxy_ws/install/pmb2_bringup/share/pmb2_bringup/local_setup.dsv
[0.367s] -- Symlinking: /home/ravi/pmb2_foxy_ws/install/pmb2_bringup/share/pmb2_bringup/package.dsv
[0.373s] -- Symlinking: /home/ravi/pmb2_foxy_ws/install/pmb2_bringup/share/ament_index/resource_index/packages/pmb2_bringup
[0.378s] -- Symlinking: /home/ravi/pmb2_foxy_ws/install/pmb2_bringup/share/pmb2_bringup/cmake/pmb2_bringupConfig.cmake
[0.383s] -- Symlinking: /home/ravi/pmb2_foxy_ws/install/pmb2_bringup/share/pmb2_bringup/cmake/pmb2_bringupConfig-version.cmake
[0.388s] -- Symlinking: /home/ravi/pmb2_foxy_ws/install/pmb2_bringup/share/pmb2_bringup/package.xml
[0.397s] Invoked command in '/home/ravi/pmb2_foxy_ws/build/pmb2_bringup' returned '0': CMAKE_PREFIX_PATH=/home/ravi/pmb2_foxy_ws/install/pmb2_description:/home/ravi/pmb2_foxy_ws/install/pmb2_controller_configuration:/home/ravi/pmb2_foxy_ws/install/pmb2_robot:/home/ravi/pmb2_foxy_ws/install/pmb2_bringup:/home/ravi/pmb2_foxy_ws/install/launch_pal:/opt/ros/foxy PYTHONPATH=/home/ravi/pmb2_foxy_ws/install/pmb2_description/lib/python3.8/site-packages:/home/ravi/pmb2_foxy_ws/build/launch_pal:/home/ravi/pmb2_foxy_ws/install/launch_pal/lib/python3.8/site-packages:/opt/ros/foxy/lib/python3.8/site-packages /usr/bin/cmake --install /home/ravi/pmb2_foxy_ws/build/pmb2_bringup
