[0.483s] Invoking command in '/home/ravi/pmb2_foxy_ws/build/launch_pal': PYTHONPATH=/home/ravi/pmb2_foxy_ws/install/launch_pal/lib/python3.8/site-packages:${PYTHONPATH} /usr/bin/python3 setup.py develop --prefix /home/ravi/pmb2_foxy_ws/install/launch_pal --uninstall --editable --build-directory /home/ravi/pmb2_foxy_ws/build/launch_pal/build
[0.629s] running develop
[0.713s] Removing /home/ravi/pmb2_foxy_ws/install/launch_pal/lib/python3.8/site-packages/launch-pal.egg-link (link to .)
[0.729s] Invoked command in '/home/ravi/pmb2_foxy_ws/build/launch_pal' returned '0': PYTHONPATH=/home/ravi/pmb2_foxy_ws/install/launch_pal/lib/python3.8/site-packages:${PYTHONPATH} /usr/bin/python3 setup.py develop --prefix /home/ravi/pmb2_foxy_ws/install/launch_pal --uninstall --editable --build-directory /home/ravi/pmb2_foxy_ws/build/launch_pal/build
[0.730s] Invoking command in '/home/ravi/pmb2_foxy_ws/src/launch_pal': PYTHONPATH=/home/ravi/pmb2_foxy_ws/install/launch_pal/lib/python3.8/site-packages:${PYTHONPATH} /usr/bin/python3 setup.py egg_info --egg-base ../../build/launch_pal build --build-base /home/ravi/pmb2_foxy_ws/build/launch_pal/build install --prefix /home/ravi/pmb2_foxy_ws/install/launch_pal --record /home/ravi/pmb2_foxy_ws/build/launch_pal/install.log --single-version-externally-managed
[0.853s] running egg_info
[0.853s] writing ../../build/launch_pal/launch_pal.egg-info/PKG-INFO
[0.853s] writing dependency_links to ../../build/launch_pal/launch_pal.egg-info/dependency_links.txt
[0.853s] writing entry points to ../../build/launch_pal/launch_pal.egg-info/entry_points.txt
[0.853s] writing requirements to ../../build/launch_pal/launch_pal.egg-info/requires.txt
[0.854s] writing top-level names to ../../build/launch_pal/launch_pal.egg-info/top_level.txt
[0.876s] reading manifest file '../../build/launch_pal/launch_pal.egg-info/SOURCES.txt'
[0.877s] writing manifest file '../../build/launch_pal/launch_pal.egg-info/SOURCES.txt'
[0.877s] running build
[0.877s] running build_py
[0.877s] copying launch_pal/include_utils.py -> /home/ravi/pmb2_foxy_ws/build/launch_pal/build/lib/launch_pal
[0.877s] copying launch_pal/param_utils.py -> /home/ravi/pmb2_foxy_ws/build/launch_pal/build/lib/launch_pal
[0.877s] copying launch_pal/__init__.py -> /home/ravi/pmb2_foxy_ws/build/launch_pal/build/lib/launch_pal
[0.877s] running install
[0.877s] running install_lib
[0.878s] creating /home/ravi/pmb2_foxy_ws/install/launch_pal/lib/python3.8/site-packages/launch_pal
[0.878s] copying /home/ravi/pmb2_foxy_ws/build/launch_pal/build/lib/launch_pal/include_utils.py -> /home/ravi/pmb2_foxy_ws/install/launch_pal/lib/python3.8/site-packages/launch_pal
[0.878s] creating /home/ravi/pmb2_foxy_ws/install/launch_pal/lib/python3.8/site-packages/launch_pal/substitutions
[0.878s] copying /home/ravi/pmb2_foxy_ws/build/launch_pal/build/lib/launch_pal/substitutions/load_file.py -> /home/ravi/pmb2_foxy_ws/install/launch_pal/lib/python3.8/site-packages/launch_pal/substitutions
[0.878s] copying /home/ravi/pmb2_foxy_ws/build/launch_pal/build/lib/launch_pal/substitutions/__init__.py -> /home/ravi/pmb2_foxy_ws/install/launch_pal/lib/python3.8/site-packages/launch_pal/substitutions
[0.878s] copying /home/ravi/pmb2_foxy_ws/build/launch_pal/build/lib/launch_pal/param_utils.py -> /home/ravi/pmb2_foxy_ws/install/launch_pal/lib/python3.8/site-packages/launch_pal
[0.878s] copying /home/ravi/pmb2_foxy_ws/build/launch_pal/build/lib/launch_pal/arg_utils.py -> /home/ravi/pmb2_foxy_ws/install/launch_pal/lib/python3.8/site-packages/launch_pal
[0.879s] copying /home/ravi/pmb2_foxy_ws/build/launch_pal/build/lib/launch_pal/__init__.py -> /home/ravi/pmb2_foxy_ws/install/launch_pal/lib/python3.8/site-packages/launch_pal
[0.879s] byte-compiling /home/ravi/pmb2_foxy_ws/install/launch_pal/lib/python3.8/site-packages/launch_pal/include_utils.py to include_utils.cpython-38.pyc
[0.880s] byte-compiling /home/ravi/pmb2_foxy_ws/install/launch_pal/lib/python3.8/site-packages/launch_pal/substitutions/load_file.py to load_file.cpython-38.pyc
[0.880s] byte-compiling /home/ravi/pmb2_foxy_ws/install/launch_pal/lib/python3.8/site-packages/launch_pal/substitutions/__init__.py to __init__.cpython-38.pyc
[0.880s] byte-compiling /home/ravi/pmb2_foxy_ws/install/launch_pal/lib/python3.8/site-packages/launch_pal/param_utils.py to param_utils.cpython-38.pyc
[0.880s] byte-compiling /home/ravi/pmb2_foxy_ws/install/launch_pal/lib/python3.8/site-packages/launch_pal/arg_utils.py to arg_utils.cpython-38.pyc
[0.880s] byte-compiling /home/ravi/pmb2_foxy_ws/install/launch_pal/lib/python3.8/site-packages/launch_pal/__init__.py to __init__.cpython-38.pyc
[0.880s] running install_data
[0.881s] copying resource/launch_pal -> /home/ravi/pmb2_foxy_ws/install/launch_pal/share/ament_index/resource_index/packages
[0.881s] copying package.xml -> /home/ravi/pmb2_foxy_ws/install/launch_pal/share/launch_pal
[0.881s] running install_egg_info
[0.882s] Copying ../../build/launch_pal/launch_pal.egg-info to /home/ravi/pmb2_foxy_ws/install/launch_pal/lib/python3.8/site-packages/launch_pal-0.0.0-py3.8.egg-info
[0.882s] running install_scripts
[0.894s] writing list of installed files to '/home/ravi/pmb2_foxy_ws/build/launch_pal/install.log'
[0.909s] Invoked command in '/home/ravi/pmb2_foxy_ws/src/launch_pal' returned '0': PYTHONPATH=/home/ravi/pmb2_foxy_ws/install/launch_pal/lib/python3.8/site-packages:${PYTHONPATH} /usr/bin/python3 setup.py egg_info --egg-base ../../build/launch_pal build --build-base /home/ravi/pmb2_foxy_ws/build/launch_pal/build install --prefix /home/ravi/pmb2_foxy_ws/install/launch_pal --record /home/ravi/pmb2_foxy_ws/build/launch_pal/install.log --single-version-externally-managed
