[0.011s] Invoking command in '/home/ravi/pmb2_foxy_ws/build/hardware_interface': AMENT_PREFIX_PATH=/home/ravi/pmb2_foxy_ws/install/ros2_control_test_assets:${AMENT_PREFIX_PATH} CMAKE_PREFIX_PATH=/home/ravi/pmb2_foxy_ws/install/ros2_control_test_assets:/home/ravi/pmb2_foxy_ws/install/gazebo_ros_pkgs:/home/ravi/pmb2_foxy_ws/install/gazebo_plugins:/home/ravi/pmb2_foxy_ws/install/gazebo_ros:/home/ravi/pmb2_foxy_ws/install/gazebo_msgs:/home/ravi/pmb2_foxy_ws/install/gazebo_dev:/home/ravi/pmb2_foxy_ws/install/pal_gazebo_worlds:/home/ravi/pmb2_foxy_ws/install/pmb2_simulation:/home/ravi/pmb2_foxy_ws/install/pmb2_navigation:/home/ravi/pmb2_foxy_ws/install/pmb2_2dnav_gazebo:/home/ravi/pmb2_foxy_ws/install/pmb2_2dnav:/home/ravi/pmb2_foxy_ws/install/pmb2_maps:/home/ravi/pmb2_foxy_ws/install/pmb2_gazebo:/home/ravi/pmb2_foxy_ws/install/pmb2_robot:/home/ravi/pmb2_foxy_ws/install/pmb2_bringup:/home/ravi/pmb2_foxy_ws/install/pmb2_description:/home/ravi/pmb2_foxy_ws/install/pmb2_controller_configuration:/home/ravi/pmb2_foxy_ws/install/launch_pal:/opt/ros/foxy /usr/bin/cmake /home/ravi/pmb2_foxy_ws/src/ros2_control/hardware_interface -DCMAKE_INSTALL_PREFIX=/home/ravi/pmb2_foxy_ws/install/hardware_interface
[0.053s] -- The C compiler identification is GNU 9.4.0
[0.095s] -- The CXX compiler identification is GNU 9.4.0
[0.102s] -- Check for working C compiler: /usr/bin/cc
[0.150s] -- Check for working C compiler: /usr/bin/cc -- works
[0.151s] -- Detecting C compiler ABI info
[0.200s] -- Detecting C compiler ABI info - done
[0.214s] -- Detecting C compile features
[0.215s] -- Detecting C compile features - done
[0.217s] -- Check for working CXX compiler: /usr/bin/c++
[0.275s] -- Check for working CXX compiler: /usr/bin/c++ -- works
[0.278s] -- Detecting CXX compiler ABI info
[0.330s] -- Detecting CXX compiler ABI info - done
[0.344s] -- Detecting CXX compile features
[0.345s] -- Detecting CXX compile features - done
[0.345s] -- Found ament_cmake: 0.9.9 (/opt/ros/foxy/share/ament_cmake/cmake)
[0.366s] -- Found PythonInterp: /usr/bin/python3 (found suitable version "3.8.10", minimum required is "3") 
[0.366s] -- Using PYTHON_EXECUTABLE: /usr/bin/python3
[0.505s] CMake Error at CMakeLists.txt:14 (find_package):
[0.505s]   By not providing "Findcontrol_msgs.cmake" in CMAKE_MODULE_PATH this project
[0.505s]   has asked CMake to find a package configuration file provided by
[0.505s]   "control_msgs", but CMake did not find one.
[0.505s] 
[0.505s]   Could not find a package configuration file provided by "control_msgs" with
[0.506s]   any of the following names:
[0.506s] 
[0.506s]     control_msgsConfig.cmake
[0.506s]     control_msgs-config.cmake
[0.506s] 
[0.506s]   Add the installation prefix of "control_msgs" to CMAKE_PREFIX_PATH or set
[0.506s]   "control_msgs_DIR" to a directory containing one of the above files.  If
[0.506s]   "control_msgs" provides a separate development package or SDK, be sure it
[0.506s]   has been installed.
[0.506s] 
[0.506s] 
[0.506s] -- Configuring incomplete, errors occurred!
[0.506s] See also "/home/ravi/pmb2_foxy_ws/build/hardware_interface/CMakeFiles/CMakeOutput.log".
[0.508s] Invoked command in '/home/ravi/pmb2_foxy_ws/build/hardware_interface' returned '1': AMENT_PREFIX_PATH=/home/ravi/pmb2_foxy_ws/install/ros2_control_test_assets:${AMENT_PREFIX_PATH} CMAKE_PREFIX_PATH=/home/ravi/pmb2_foxy_ws/install/ros2_control_test_assets:/home/ravi/pmb2_foxy_ws/install/gazebo_ros_pkgs:/home/ravi/pmb2_foxy_ws/install/gazebo_plugins:/home/ravi/pmb2_foxy_ws/install/gazebo_ros:/home/ravi/pmb2_foxy_ws/install/gazebo_msgs:/home/ravi/pmb2_foxy_ws/install/gazebo_dev:/home/ravi/pmb2_foxy_ws/install/pal_gazebo_worlds:/home/ravi/pmb2_foxy_ws/install/pmb2_simulation:/home/ravi/pmb2_foxy_ws/install/pmb2_navigation:/home/ravi/pmb2_foxy_ws/install/pmb2_2dnav_gazebo:/home/ravi/pmb2_foxy_ws/install/pmb2_2dnav:/home/ravi/pmb2_foxy_ws/install/pmb2_maps:/home/ravi/pmb2_foxy_ws/install/pmb2_gazebo:/home/ravi/pmb2_foxy_ws/install/pmb2_robot:/home/ravi/pmb2_foxy_ws/install/pmb2_bringup:/home/ravi/pmb2_foxy_ws/install/pmb2_description:/home/ravi/pmb2_foxy_ws/install/pmb2_controller_configuration:/home/ravi/pmb2_foxy_ws/install/launch_pal:/opt/ros/foxy /usr/bin/cmake /home/ravi/pmb2_foxy_ws/src/ros2_control/hardware_interface -DCMAKE_INSTALL_PREFIX=/home/ravi/pmb2_foxy_ws/install/hardware_interface
