[0.015s] Invoking command in '/home/ravi/pmb2_foxy_ws/build/pmb2_bringup': CMAKE_PREFIX_PATH=/home/ravi/pmb2_foxy_ws/install/pmb2_description:/home/ravi/pmb2_foxy_ws/install/pmb2_controller_configuration:/home/ravi/pmb2_foxy_ws/install/gazebo_ros_pkgs:/home/ravi/pmb2_foxy_ws/install/gazebo_plugins:/home/ravi/pmb2_foxy_ws/install/gazebo_ros:/home/ravi/pmb2_foxy_ws/install/gazebo_msgs:/home/ravi/pmb2_foxy_ws/install/gazebo_dev:/home/ravi/pmb2_foxy_ws/install/pal_gazebo_worlds:/home/ravi/pmb2_foxy_ws/install/pmb2_simulation:/home/ravi/pmb2_foxy_ws/install/pmb2_navigation:/home/ravi/pmb2_foxy_ws/install/pmb2_2dnav_gazebo:/home/ravi/pmb2_foxy_ws/install/pmb2_2dnav:/home/ravi/pmb2_foxy_ws/install/pmb2_maps:/home/ravi/pmb2_foxy_ws/install/pmb2_gazebo:/home/ravi/pmb2_foxy_ws/install/pmb2_robot:/home/ravi/pmb2_foxy_ws/install/pmb2_bringup:/home/ravi/pmb2_foxy_ws/install/launch_pal:/opt/ros/foxy PYTHONPATH=/home/ravi/pmb2_foxy_ws/install/pmb2_description/lib/python3.8/site-packages:/home/ravi/pmb2_foxy_ws/install/gazebo_ros/lib/python3.8/site-packages:/home/ravi/pmb2_foxy_ws/install/gazebo_msgs/lib/python3.8/site-packages:/home/ravi/pmb2_foxy_ws/build/launch_pal:/home/ravi/pmb2_foxy_ws/install/launch_pal/lib/python3.8/site-packages:/opt/ros/foxy/lib/python3.8/site-packages /usr/bin/cmake /home/ravi/pmb2_foxy_ws/src/pmb2_robot/pmb2_bringup -DAMENT_CMAKE_SYMLINK_INSTALL=1 -DCMAKE_INSTALL_PREFIX=/home/ravi/pmb2_foxy_ws/install/pmb2_bringup
[0.024s] -- Found ament_cmake_auto: 0.9.9 (/opt/ros/foxy/share/ament_cmake_auto/cmake)
[0.043s] -- Using PYTHON_EXECUTABLE: /usr/bin/python3
[0.150s] -- Override CMake install command with custom implementation using symlinks instead of copying resources
[0.202s] -- Found ament_lint_auto: 0.9.6 (/opt/ros/foxy/share/ament_lint_auto/cmake)
[0.209s] -- Added test 'copyright' to check source files copyright and LICENSE
[0.210s] -- Added test 'flake8' to check Python code syntax and style conventions
[0.210s] -- Added test 'lint_cmake' to check CMake code style
[0.211s] -- Added test 'pep257' to check Python code against some of the style conventions in PEP 257
[0.211s] -- Added test 'xmllint' to check XML markup files
[0.212s] -- Configuring done
[0.213s] -- Generating done
[0.214s] -- Build files have been written to: /home/ravi/pmb2_foxy_ws/build/pmb2_bringup
[0.216s] Invoked command in '/home/ravi/pmb2_foxy_ws/build/pmb2_bringup' returned '0': CMAKE_PREFIX_PATH=/home/ravi/pmb2_foxy_ws/install/pmb2_description:/home/ravi/pmb2_foxy_ws/install/pmb2_controller_configuration:/home/ravi/pmb2_foxy_ws/install/gazebo_ros_pkgs:/home/ravi/pmb2_foxy_ws/install/gazebo_plugins:/home/ravi/pmb2_foxy_ws/install/gazebo_ros:/home/ravi/pmb2_foxy_ws/install/gazebo_msgs:/home/ravi/pmb2_foxy_ws/install/gazebo_dev:/home/ravi/pmb2_foxy_ws/install/pal_gazebo_worlds:/home/ravi/pmb2_foxy_ws/install/pmb2_simulation:/home/ravi/pmb2_foxy_ws/install/pmb2_navigation:/home/ravi/pmb2_foxy_ws/install/pmb2_2dnav_gazebo:/home/ravi/pmb2_foxy_ws/install/pmb2_2dnav:/home/ravi/pmb2_foxy_ws/install/pmb2_maps:/home/ravi/pmb2_foxy_ws/install/pmb2_gazebo:/home/ravi/pmb2_foxy_ws/install/pmb2_robot:/home/ravi/pmb2_foxy_ws/install/pmb2_bringup:/home/ravi/pmb2_foxy_ws/install/launch_pal:/opt/ros/foxy PYTHONPATH=/home/ravi/pmb2_foxy_ws/install/pmb2_description/lib/python3.8/site-packages:/home/ravi/pmb2_foxy_ws/install/gazebo_ros/lib/python3.8/site-packages:/home/ravi/pmb2_foxy_ws/install/gazebo_msgs/lib/python3.8/site-packages:/home/ravi/pmb2_foxy_ws/build/launch_pal:/home/ravi/pmb2_foxy_ws/install/launch_pal/lib/python3.8/site-packages:/opt/ros/foxy/lib/python3.8/site-packages /usr/bin/cmake /home/ravi/pmb2_foxy_ws/src/pmb2_robot/pmb2_bringup -DAMENT_CMAKE_SYMLINK_INSTALL=1 -DCMAKE_INSTALL_PREFIX=/home/ravi/pmb2_foxy_ws/install/pmb2_bringup
[0.217s] Invoking command in '/home/ravi/pmb2_foxy_ws/build/pmb2_bringup': CMAKE_PREFIX_PATH=/home/ravi/pmb2_foxy_ws/install/pmb2_description:/home/ravi/pmb2_foxy_ws/install/pmb2_controller_configuration:/home/ravi/pmb2_foxy_ws/install/gazebo_ros_pkgs:/home/ravi/pmb2_foxy_ws/install/gazebo_plugins:/home/ravi/pmb2_foxy_ws/install/gazebo_ros:/home/ravi/pmb2_foxy_ws/install/gazebo_msgs:/home/ravi/pmb2_foxy_ws/install/gazebo_dev:/home/ravi/pmb2_foxy_ws/install/pal_gazebo_worlds:/home/ravi/pmb2_foxy_ws/install/pmb2_simulation:/home/ravi/pmb2_foxy_ws/install/pmb2_navigation:/home/ravi/pmb2_foxy_ws/install/pmb2_2dnav_gazebo:/home/ravi/pmb2_foxy_ws/install/pmb2_2dnav:/home/ravi/pmb2_foxy_ws/install/pmb2_maps:/home/ravi/pmb2_foxy_ws/install/pmb2_gazebo:/home/ravi/pmb2_foxy_ws/install/pmb2_robot:/home/ravi/pmb2_foxy_ws/install/pmb2_bringup:/home/ravi/pmb2_foxy_ws/install/launch_pal:/opt/ros/foxy PYTHONPATH=/home/ravi/pmb2_foxy_ws/install/pmb2_description/lib/python3.8/site-packages:/home/ravi/pmb2_foxy_ws/install/gazebo_ros/lib/python3.8/site-packages:/home/ravi/pmb2_foxy_ws/install/gazebo_msgs/lib/python3.8/site-packages:/home/ravi/pmb2_foxy_ws/build/launch_pal:/home/ravi/pmb2_foxy_ws/install/launch_pal/lib/python3.8/site-packages:/opt/ros/foxy/lib/python3.8/site-packages /usr/bin/cmake --build /home/ravi/pmb2_foxy_ws/build/pmb2_bringup -- -j8 -l8
[0.244s] Invoked command in '/home/ravi/pmb2_foxy_ws/build/pmb2_bringup' returned '0': CMAKE_PREFIX_PATH=/home/ravi/pmb2_foxy_ws/install/pmb2_description:/home/ravi/pmb2_foxy_ws/install/pmb2_controller_configuration:/home/ravi/pmb2_foxy_ws/install/gazebo_ros_pkgs:/home/ravi/pmb2_foxy_ws/install/gazebo_plugins:/home/ravi/pmb2_foxy_ws/install/gazebo_ros:/home/ravi/pmb2_foxy_ws/install/gazebo_msgs:/home/ravi/pmb2_foxy_ws/install/gazebo_dev:/home/ravi/pmb2_foxy_ws/install/pal_gazebo_worlds:/home/ravi/pmb2_foxy_ws/install/pmb2_simulation:/home/ravi/pmb2_foxy_ws/install/pmb2_navigation:/home/ravi/pmb2_foxy_ws/install/pmb2_2dnav_gazebo:/home/ravi/pmb2_foxy_ws/install/pmb2_2dnav:/home/ravi/pmb2_foxy_ws/install/pmb2_maps:/home/ravi/pmb2_foxy_ws/install/pmb2_gazebo:/home/ravi/pmb2_foxy_ws/install/pmb2_robot:/home/ravi/pmb2_foxy_ws/install/pmb2_bringup:/home/ravi/pmb2_foxy_ws/install/launch_pal:/opt/ros/foxy PYTHONPATH=/home/ravi/pmb2_foxy_ws/install/pmb2_description/lib/python3.8/site-packages:/home/ravi/pmb2_foxy_ws/install/gazebo_ros/lib/python3.8/site-packages:/home/ravi/pmb2_foxy_ws/install/gazebo_msgs/lib/python3.8/site-packages:/home/ravi/pmb2_foxy_ws/build/launch_pal:/home/ravi/pmb2_foxy_ws/install/launch_pal/lib/python3.8/site-packages:/opt/ros/foxy/lib/python3.8/site-packages /usr/bin/cmake --build /home/ravi/pmb2_foxy_ws/build/pmb2_bringup -- -j8 -l8
[0.259s] Invoking command in '/home/ravi/pmb2_foxy_ws/build/pmb2_bringup': CMAKE_PREFIX_PATH=/home/ravi/pmb2_foxy_ws/install/pmb2_description:/home/ravi/pmb2_foxy_ws/install/pmb2_controller_configuration:/home/ravi/pmb2_foxy_ws/install/gazebo_ros_pkgs:/home/ravi/pmb2_foxy_ws/install/gazebo_plugins:/home/ravi/pmb2_foxy_ws/install/gazebo_ros:/home/ravi/pmb2_foxy_ws/install/gazebo_msgs:/home/ravi/pmb2_foxy_ws/install/gazebo_dev:/home/ravi/pmb2_foxy_ws/install/pal_gazebo_worlds:/home/ravi/pmb2_foxy_ws/install/pmb2_simulation:/home/ravi/pmb2_foxy_ws/install/pmb2_navigation:/home/ravi/pmb2_foxy_ws/install/pmb2_2dnav_gazebo:/home/ravi/pmb2_foxy_ws/install/pmb2_2dnav:/home/ravi/pmb2_foxy_ws/install/pmb2_maps:/home/ravi/pmb2_foxy_ws/install/pmb2_gazebo:/home/ravi/pmb2_foxy_ws/install/pmb2_robot:/home/ravi/pmb2_foxy_ws/install/pmb2_bringup:/home/ravi/pmb2_foxy_ws/install/launch_pal:/opt/ros/foxy PYTHONPATH=/home/ravi/pmb2_foxy_ws/install/pmb2_description/lib/python3.8/site-packages:/home/ravi/pmb2_foxy_ws/install/gazebo_ros/lib/python3.8/site-packages:/home/ravi/pmb2_foxy_ws/install/gazebo_msgs/lib/python3.8/site-packages:/home/ravi/pmb2_foxy_ws/build/launch_pal:/home/ravi/pmb2_foxy_ws/install/launch_pal/lib/python3.8/site-packages:/opt/ros/foxy/lib/python3.8/site-packages /usr/bin/cmake --install /home/ravi/pmb2_foxy_ws/build/pmb2_bringup
[0.265s] -- Install configuration: ""
[0.265s] -- Execute custom install script
[0.266s] -- Up-to-date symlink: /home/ravi/pmb2_foxy_ws/install/pmb2_bringup/share/pmb2_bringup/config/joy_teleop.yaml
[0.266s] -- Up-to-date symlink: /home/ravi/pmb2_foxy_ws/install/pmb2_bringup/share/pmb2_bringup/config/pmb2_hardware.yaml
[0.266s] -- Up-to-date symlink: /home/ravi/pmb2_foxy_ws/install/pmb2_bringup/share/pmb2_bringup/config/twist_mux/joystick.yaml
[0.266s] -- Up-to-date symlink: /home/ravi/pmb2_foxy_ws/install/pmb2_bringup/share/pmb2_bringup/config/twist_mux/twist_mux_locks.yaml
[0.266s] -- Up-to-date symlink: /home/ravi/pmb2_foxy_ws/install/pmb2_bringup/share/pmb2_bringup/config/twist_mux/twist_mux_topics.yaml
[0.267s] -- Up-to-date symlink: /home/ravi/pmb2_foxy_ws/install/pmb2_bringup/share/pmb2_bringup/launch/joystick_teleop.launch.py
[0.267s] -- Up-to-date symlink: /home/ravi/pmb2_foxy_ws/install/pmb2_bringup/share/pmb2_bringup/launch/pmb2.launch
[0.267s] -- Up-to-date symlink: /home/ravi/pmb2_foxy_ws/install/pmb2_bringup/share/pmb2_bringup/launch/pmb2_bringup.launch.py
[0.267s] -- Up-to-date symlink: /home/ravi/pmb2_foxy_ws/install/pmb2_bringup/share/pmb2_bringup/launch/twist_mux.launch.py
[0.267s] -- Up-to-date symlink: /home/ravi/pmb2_foxy_ws/install/pmb2_bringup/share/ament_index/resource_index/package_run_dependencies/pmb2_bringup
[0.267s] -- Up-to-date symlink: /home/ravi/pmb2_foxy_ws/install/pmb2_bringup/share/ament_index/resource_index/parent_prefix_path/pmb2_bringup
[0.267s] -- Up-to-date symlink: /home/ravi/pmb2_foxy_ws/install/pmb2_bringup/share/pmb2_bringup/environment/ament_prefix_path.sh
[0.268s] -- Up-to-date symlink: /home/ravi/pmb2_foxy_ws/install/pmb2_bringup/share/pmb2_bringup/environment/ament_prefix_path.dsv
[0.268s] -- Up-to-date symlink: /home/ravi/pmb2_foxy_ws/install/pmb2_bringup/share/pmb2_bringup/environment/path.sh
[0.268s] -- Up-to-date symlink: /home/ravi/pmb2_foxy_ws/install/pmb2_bringup/share/pmb2_bringup/environment/path.dsv
[0.268s] -- Up-to-date symlink: /home/ravi/pmb2_foxy_ws/install/pmb2_bringup/share/pmb2_bringup/local_setup.bash
[0.268s] -- Up-to-date symlink: /home/ravi/pmb2_foxy_ws/install/pmb2_bringup/share/pmb2_bringup/local_setup.sh
[0.268s] -- Up-to-date symlink: /home/ravi/pmb2_foxy_ws/install/pmb2_bringup/share/pmb2_bringup/local_setup.zsh
[0.268s] -- Up-to-date symlink: /home/ravi/pmb2_foxy_ws/install/pmb2_bringup/share/pmb2_bringup/local_setup.dsv
[0.268s] -- Symlinking: /home/ravi/pmb2_foxy_ws/install/pmb2_bringup/share/pmb2_bringup/package.dsv
[0.275s] -- Up-to-date symlink: /home/ravi/pmb2_foxy_ws/install/pmb2_bringup/share/ament_index/resource_index/packages/pmb2_bringup
[0.275s] -- Up-to-date symlink: /home/ravi/pmb2_foxy_ws/install/pmb2_bringup/share/pmb2_bringup/cmake/pmb2_bringupConfig.cmake
[0.275s] -- Up-to-date symlink: /home/ravi/pmb2_foxy_ws/install/pmb2_bringup/share/pmb2_bringup/cmake/pmb2_bringupConfig-version.cmake
[0.275s] -- Up-to-date symlink: /home/ravi/pmb2_foxy_ws/install/pmb2_bringup/share/pmb2_bringup/package.xml
[0.278s] Invoked command in '/home/ravi/pmb2_foxy_ws/build/pmb2_bringup' returned '0': CMAKE_PREFIX_PATH=/home/ravi/pmb2_foxy_ws/install/pmb2_description:/home/ravi/pmb2_foxy_ws/install/pmb2_controller_configuration:/home/ravi/pmb2_foxy_ws/install/gazebo_ros_pkgs:/home/ravi/pmb2_foxy_ws/install/gazebo_plugins:/home/ravi/pmb2_foxy_ws/install/gazebo_ros:/home/ravi/pmb2_foxy_ws/install/gazebo_msgs:/home/ravi/pmb2_foxy_ws/install/gazebo_dev:/home/ravi/pmb2_foxy_ws/install/pal_gazebo_worlds:/home/ravi/pmb2_foxy_ws/install/pmb2_simulation:/home/ravi/pmb2_foxy_ws/install/pmb2_navigation:/home/ravi/pmb2_foxy_ws/install/pmb2_2dnav_gazebo:/home/ravi/pmb2_foxy_ws/install/pmb2_2dnav:/home/ravi/pmb2_foxy_ws/install/pmb2_maps:/home/ravi/pmb2_foxy_ws/install/pmb2_gazebo:/home/ravi/pmb2_foxy_ws/install/pmb2_robot:/home/ravi/pmb2_foxy_ws/install/pmb2_bringup:/home/ravi/pmb2_foxy_ws/install/launch_pal:/opt/ros/foxy PYTHONPATH=/home/ravi/pmb2_foxy_ws/install/pmb2_description/lib/python3.8/site-packages:/home/ravi/pmb2_foxy_ws/install/gazebo_ros/lib/python3.8/site-packages:/home/ravi/pmb2_foxy_ws/install/gazebo_msgs/lib/python3.8/site-packages:/home/ravi/pmb2_foxy_ws/build/launch_pal:/home/ravi/pmb2_foxy_ws/install/launch_pal/lib/python3.8/site-packages:/opt/ros/foxy/lib/python3.8/site-packages /usr/bin/cmake --install /home/ravi/pmb2_foxy_ws/build/pmb2_bringup
