[0.016s] Invoking command in '/home/ravi/pmb2_foxy_ws/build/gazebo_plugins': CMAKE_PREFIX_PATH=/home/ravi/pmb2_foxy_ws/install/gazebo_ros:/home/ravi/pmb2_foxy_ws/install/gazebo_msgs:/home/ravi/pmb2_foxy_ws/install/gazebo_dev:/home/ravi/pmb2_foxy_ws/install/transmission_interface:/home/ravi/pmb2_foxy_ws/install/ros2_control:/home/ravi/pmb2_foxy_ws/install/controller_manager:/home/ravi/pmb2_foxy_ws/install/controller_interface:/home/ravi/pmb2_foxy_ws/install/hardware_interface:/home/ravi/pmb2_foxy_ws/install/controller_manager_msgs:/home/ravi/pmb2_foxy_ws/install/ros2_control_test_assets:/home/ravi/pmb2_foxy_ws/install/gazebo_ros_pkgs:/home/ravi/pmb2_foxy_ws/install/gazebo_plugins:/home/ravi/pmb2_foxy_ws/install/pal_gazebo_worlds:/home/ravi/pmb2_foxy_ws/install/pmb2_simulation:/home/ravi/pmb2_foxy_ws/install/pmb2_navigation:/home/ravi/pmb2_foxy_ws/install/pmb2_2dnav_gazebo:/home/ravi/pmb2_foxy_ws/install/pmb2_2dnav:/home/ravi/pmb2_foxy_ws/install/pmb2_maps:/home/ravi/pmb2_foxy_ws/install/pmb2_gazebo:/home/ravi/pmb2_foxy_ws/install/pmb2_robot:/home/ravi/pmb2_foxy_ws/install/pmb2_bringup:/home/ravi/pmb2_foxy_ws/install/pmb2_description:/home/ravi/pmb2_foxy_ws/install/pmb2_controller_configuration:/home/ravi/pmb2_foxy_ws/install/ros2controlcli:/home/ravi/pmb2_foxy_ws/install/launch_pal:/opt/ros/foxy LD_LIBRARY_PATH=/home/ravi/pmb2_foxy_ws/install/gazebo_ros/lib:/home/ravi/pmb2_foxy_ws/install/gazebo_msgs/lib:/home/ravi/pmb2_foxy_ws/install/controller_manager/lib:/home/ravi/pmb2_foxy_ws/install/controller_interface/lib:/home/ravi/pmb2_foxy_ws/install/hardware_interface/lib:/home/ravi/pmb2_foxy_ws/install/controller_manager_msgs/lib:/usr/lib/x86_64-linux-gnu/gazebo-11/plugins:/home/ravi/pmb2_foxy_ws/install/gazebo_plugins/lib:/opt/ros/foxy/opt/yaml_cpp_vendor/lib:/opt/ros/foxy/opt/rviz_ogre_vendor/lib:/opt/ros/foxy/lib/x86_64-linux-gnu:/opt/ros/foxy/lib PYTHONPATH=/home/ravi/pmb2_foxy_ws/install/gazebo_ros/lib/python3.8/site-packages:/home/ravi/pmb2_foxy_ws/install/gazebo_msgs/lib/python3.8/site-packages:/home/ravi/pmb2_foxy_ws/install/ros2controlcli/lib/python3.8/site-packages:/home/ravi/pmb2_foxy_ws/install/controller_manager/lib/python3.8/site-packages:/home/ravi/pmb2_foxy_ws/install/controller_manager_msgs/lib/python3.8/site-packages:/home/ravi/pmb2_foxy_ws/build/launch_pal:/home/ravi/pmb2_foxy_ws/install/launch_pal/lib/python3.8/site-packages:/home/ravi/pmb2_foxy_ws/install/pmb2_description/lib/python3.8/site-packages:/opt/ros/foxy/lib/python3.8/site-packages /usr/bin/cmake /home/ravi/pmb2_foxy_ws/src/gazebo_ros_pkgs/gazebo_plugins -DAMENT_CMAKE_SYMLINK_INSTALL=1 -DCMAKE_INSTALL_PREFIX=/home/ravi/pmb2_foxy_ws/install/gazebo_plugins
[0.028s] -- Found ament_cmake: 0.9.9 (/opt/ros/foxy/share/ament_cmake/cmake)
[0.048s] -- Using PYTHON_EXECUTABLE: /usr/bin/python3
[0.236s] -- Override CMake install command with custom implementation using symlinks instead of copying resources
[0.249s] -- Found camera_info_manager: 2.3.0 (/opt/ros/foxy/share/camera_info_manager/cmake)
[0.285s] -- Using all available rosidl_typesupport_c: rosidl_typesupport_fastrtps_c;rosidl_typesupport_introspection_c
[0.289s] -- Found rosidl_adapter: 1.2.1 (/opt/ros/foxy/share/rosidl_adapter/cmake)
[0.394s] -- Using all available rosidl_typesupport_cpp: rosidl_typesupport_fastrtps_cpp;rosidl_typesupport_introspection_cpp
[0.430s] -- Found rmw_implementation_cmake: 1.0.3 (/opt/ros/foxy/share/rmw_implementation_cmake/cmake)
[0.432s] -- Using RMW implementation 'rmw_fastrtps_cpp' as default
[0.627s] -- Setting yaml-cpp_DIR to: '/opt/ros/foxy/share/yaml_cpp_vendor/cmake/../../../opt/yaml_cpp_vendor/lib/cmake/yaml-cpp'
[0.669s] -- Found gazebo_dev: 3.5.3 (/home/ravi/pmb2_foxy_ws/install/gazebo_dev/share/gazebo_dev/cmake)
[0.702s] -- Found DART: /usr/include (Required is at least version "6.6") found components: dart 
[0.725s] -- Found Protobuf: /usr/lib/x86_64-linux-gnu/libprotobuf.so;-pthread (found version "3.6.1") 
[0.726s] -- Looking for ignition-math6 -- found version 6.12.0
[0.729s] -- Searching for dependencies of ignition-math6
[0.730s] -- Looking for OGRE...
[0.734s] -- Found Ogre Ghadamon (1.9.0)
[0.734s] -- Found OGRE: optimized;/usr/lib/x86_64-linux-gnu/libOgreMain.so;debug;/usr/lib/x86_64-linux-gnu/libOgreMain.so
[0.744s] -- Looking for OGRE_Paging...
[0.744s] -- Found OGRE_Paging: optimized;/usr/lib/x86_64-linux-gnu/libOgrePaging.so;debug;/usr/lib/x86_64-linux-gnu/libOgrePaging.so
[0.744s] -- Looking for OGRE_Terrain...
[0.744s] -- Found OGRE_Terrain: optimized;/usr/lib/x86_64-linux-gnu/libOgreTerrain.so;debug;/usr/lib/x86_64-linux-gnu/libOgreTerrain.so
[0.744s] -- Looking for OGRE_Property...
[0.744s] -- Found OGRE_Property: optimized;/usr/lib/x86_64-linux-gnu/libOgreProperty.so;debug;/usr/lib/x86_64-linux-gnu/libOgreProperty.so
[0.744s] -- Looking for OGRE_RTShaderSystem...
[0.744s] -- Found OGRE_RTShaderSystem: optimized;/usr/lib/x86_64-linux-gnu/libOgreRTShaderSystem.so;debug;/usr/lib/x86_64-linux-gnu/libOgreRTShaderSystem.so
[0.744s] -- Looking for OGRE_Volume...
[0.745s] -- Found OGRE_Volume: optimized;/usr/lib/x86_64-linux-gnu/libOgreVolume.so;debug;/usr/lib/x86_64-linux-gnu/libOgreVolume.so
[0.745s] -- Looking for OGRE_Overlay...
[0.745s] -- Found OGRE_Overlay: optimized;/usr/lib/x86_64-linux-gnu/libOgreOverlay.so;debug;/usr/lib/x86_64-linux-gnu/libOgreOverlay.so
[0.872s] -- Looking for ignition-math6 -- found version 6.12.0
[0.872s] -- Looking for ignition-transport8 -- found version 8.3.0
[0.873s] -- Searching for dependencies of ignition-transport8
[0.886s] -- Found Protobuf: /usr/lib/x86_64-linux-gnu/libprotobuf.so;-pthread (found suitable version "3.6.1", minimum required is "3") 
[0.894s] -- Config-file not installed for ZeroMQ -- checking for pkg-config
[0.898s] -- Checking for module 'libzmq >= 4'
[0.909s] --   Found libzmq , version 4.3.2
[0.941s] -- Checking for module 'uuid'
[0.955s] --   Found uuid, version 2.34.0
[0.982s] -- Looking for ignition-msgs5 -- found version 5.10.0
[0.982s] -- Searching for dependencies of ignition-msgs5
[0.996s] -- Looking for ignition-math6 -- found version 6.12.0
[1.000s] -- Checking for module 'tinyxml2'
[1.012s] --   Found tinyxml2, version 6.2.0
[1.038s] -- Looking for ignition-msgs5 -- found version 5.10.0
[1.038s] -- Looking for ignition-common3 -- found version 3.14.2
[1.038s] -- Searching for dependencies of ignition-common3
[1.038s] -- Looking for dlfcn.h - found
[1.038s] -- Looking for libdl - found
[1.046s] -- Searching for <ignition-common3> component [graphics]
[1.047s] -- Looking for ignition-common3-graphics -- found version 3.14.2
[1.048s] -- Searching for dependencies of ignition-common3-graphics
[1.048s] -- Looking for ignition-math6 -- found version 6.12.0
[1.048s] -- Looking for ignition-fuel_tools4 -- found version 4.6.0
[1.048s] -- Searching for dependencies of ignition-fuel_tools4
[1.070s] -- Checking for module 'jsoncpp'
[1.081s] --   Found jsoncpp, version 1.7.4
[1.112s] -- Checking for module 'libzip'
[1.125s] --   Found libzip, version 1.5.1
[1.151s] -- Looking for ignition-common3 -- found version 3.14.2
[1.151s] -- Looking for ignition-math6 -- found version 6.12.0
[1.151s] -- Looking for ignition-msgs5 -- found version 5.10.0
[1.152s] -- Gazebo version: 11.11
[1.152s] -- Found gazebo_msgs: 3.5.3 (/home/ravi/pmb2_foxy_ws/install/gazebo_msgs/share/gazebo_msgs/cmake)
[1.288s] -- Found gazebo_ros: 3.5.3 (/home/ravi/pmb2_foxy_ws/install/gazebo_ros/share/gazebo_ros/cmake)
[1.293s] -- Found image_transport: 2.3.0 (/opt/ros/foxy/share/image_transport/cmake)
[1.317s] -- Found cv_bridge: 2.2.1 (/opt/ros/foxy/share/cv_bridge/cmake)
[1.326s] -- Found nav_msgs: 2.0.5 (/opt/ros/foxy/share/nav_msgs/cmake)
[1.370s] -- Found std_srvs: 2.0.5 (/opt/ros/foxy/share/std_srvs/cmake)
[1.377s] -- Found tf2: 0.13.13 (/opt/ros/foxy/share/tf2/cmake)
[1.382s] -- Found tf2_geometry_msgs: 0.13.13 (/opt/ros/foxy/share/tf2_geometry_msgs/cmake)
[1.386s] -- Found eigen3_cmake_module: 0.1.1 (/opt/ros/foxy/share/eigen3_cmake_module/cmake)
[2.012s] -- Found ament_cmake_gtest: 0.9.9 (/opt/ros/foxy/share/ament_cmake_gtest/cmake)
[2.013s] -- Found gtest sources under '/opt/ros/foxy/src/gtest_vendor': C++ tests using 'Google Test' will be built
[2.514s] -- Found ament_lint_auto: 0.9.6 (/opt/ros/foxy/share/ament_lint_auto/cmake)
[2.558s] -- Added test 'copyright' to check source files copyright and LICENSE
[2.560s] -- Added test 'cppcheck' to perform static code analysis on C / C++ code
[2.563s] -- Configured cppcheck include dirs: /home/ravi/pmb2_foxy_ws/src/gazebo_ros_pkgs/gazebo_plugins/include
[2.563s] -- Configured cppcheck exclude dirs and/or files: 
[2.565s] -- Added test 'cpplint' to check C / C++ code against the Google style
[2.565s] -- Configured cpplint exclude dirs and/or files: 
[2.566s] -- Added test 'lint_cmake' to check CMake code style
[2.568s] -- Added test 'uncrustify' to check C / C++ code style
[2.568s] -- Configured uncrustify additional arguments: 
[2.568s] -- Added test 'xmllint' to check XML markup files
[2.573s] -- Configuring done
[3.165s] -- Generating done
[3.169s] -- Build files have been written to: /home/ravi/pmb2_foxy_ws/build/gazebo_plugins
[3.183s] Invoked command in '/home/ravi/pmb2_foxy_ws/build/gazebo_plugins' returned '0': CMAKE_PREFIX_PATH=/home/ravi/pmb2_foxy_ws/install/gazebo_ros:/home/ravi/pmb2_foxy_ws/install/gazebo_msgs:/home/ravi/pmb2_foxy_ws/install/gazebo_dev:/home/ravi/pmb2_foxy_ws/install/transmission_interface:/home/ravi/pmb2_foxy_ws/install/ros2_control:/home/ravi/pmb2_foxy_ws/install/controller_manager:/home/ravi/pmb2_foxy_ws/install/controller_interface:/home/ravi/pmb2_foxy_ws/install/hardware_interface:/home/ravi/pmb2_foxy_ws/install/controller_manager_msgs:/home/ravi/pmb2_foxy_ws/install/ros2_control_test_assets:/home/ravi/pmb2_foxy_ws/install/gazebo_ros_pkgs:/home/ravi/pmb2_foxy_ws/install/gazebo_plugins:/home/ravi/pmb2_foxy_ws/install/pal_gazebo_worlds:/home/ravi/pmb2_foxy_ws/install/pmb2_simulation:/home/ravi/pmb2_foxy_ws/install/pmb2_navigation:/home/ravi/pmb2_foxy_ws/install/pmb2_2dnav_gazebo:/home/ravi/pmb2_foxy_ws/install/pmb2_2dnav:/home/ravi/pmb2_foxy_ws/install/pmb2_maps:/home/ravi/pmb2_foxy_ws/install/pmb2_gazebo:/home/ravi/pmb2_foxy_ws/install/pmb2_robot:/home/ravi/pmb2_foxy_ws/install/pmb2_bringup:/home/ravi/pmb2_foxy_ws/install/pmb2_description:/home/ravi/pmb2_foxy_ws/install/pmb2_controller_configuration:/home/ravi/pmb2_foxy_ws/install/ros2controlcli:/home/ravi/pmb2_foxy_ws/install/launch_pal:/opt/ros/foxy LD_LIBRARY_PATH=/home/ravi/pmb2_foxy_ws/install/gazebo_ros/lib:/home/ravi/pmb2_foxy_ws/install/gazebo_msgs/lib:/home/ravi/pmb2_foxy_ws/install/controller_manager/lib:/home/ravi/pmb2_foxy_ws/install/controller_interface/lib:/home/ravi/pmb2_foxy_ws/install/hardware_interface/lib:/home/ravi/pmb2_foxy_ws/install/controller_manager_msgs/lib:/usr/lib/x86_64-linux-gnu/gazebo-11/plugins:/home/ravi/pmb2_foxy_ws/install/gazebo_plugins/lib:/opt/ros/foxy/opt/yaml_cpp_vendor/lib:/opt/ros/foxy/opt/rviz_ogre_vendor/lib:/opt/ros/foxy/lib/x86_64-linux-gnu:/opt/ros/foxy/lib PYTHONPATH=/home/ravi/pmb2_foxy_ws/install/gazebo_ros/lib/python3.8/site-packages:/home/ravi/pmb2_foxy_ws/install/gazebo_msgs/lib/python3.8/site-packages:/home/ravi/pmb2_foxy_ws/install/ros2controlcli/lib/python3.8/site-packages:/home/ravi/pmb2_foxy_ws/install/controller_manager/lib/python3.8/site-packages:/home/ravi/pmb2_foxy_ws/install/controller_manager_msgs/lib/python3.8/site-packages:/home/ravi/pmb2_foxy_ws/build/launch_pal:/home/ravi/pmb2_foxy_ws/install/launch_pal/lib/python3.8/site-packages:/home/ravi/pmb2_foxy_ws/install/pmb2_description/lib/python3.8/site-packages:/opt/ros/foxy/lib/python3.8/site-packages /usr/bin/cmake /home/ravi/pmb2_foxy_ws/src/gazebo_ros_pkgs/gazebo_plugins -DAMENT_CMAKE_SYMLINK_INSTALL=1 -DCMAKE_INSTALL_PREFIX=/home/ravi/pmb2_foxy_ws/install/gazebo_plugins
[3.185s] Invoking command in '/home/ravi/pmb2_foxy_ws/build/gazebo_plugins': CMAKE_PREFIX_PATH=/home/ravi/pmb2_foxy_ws/install/gazebo_ros:/home/ravi/pmb2_foxy_ws/install/gazebo_msgs:/home/ravi/pmb2_foxy_ws/install/gazebo_dev:/home/ravi/pmb2_foxy_ws/install/transmission_interface:/home/ravi/pmb2_foxy_ws/install/ros2_control:/home/ravi/pmb2_foxy_ws/install/controller_manager:/home/ravi/pmb2_foxy_ws/install/controller_interface:/home/ravi/pmb2_foxy_ws/install/hardware_interface:/home/ravi/pmb2_foxy_ws/install/controller_manager_msgs:/home/ravi/pmb2_foxy_ws/install/ros2_control_test_assets:/home/ravi/pmb2_foxy_ws/install/gazebo_ros_pkgs:/home/ravi/pmb2_foxy_ws/install/gazebo_plugins:/home/ravi/pmb2_foxy_ws/install/pal_gazebo_worlds:/home/ravi/pmb2_foxy_ws/install/pmb2_simulation:/home/ravi/pmb2_foxy_ws/install/pmb2_navigation:/home/ravi/pmb2_foxy_ws/install/pmb2_2dnav_gazebo:/home/ravi/pmb2_foxy_ws/install/pmb2_2dnav:/home/ravi/pmb2_foxy_ws/install/pmb2_maps:/home/ravi/pmb2_foxy_ws/install/pmb2_gazebo:/home/ravi/pmb2_foxy_ws/install/pmb2_robot:/home/ravi/pmb2_foxy_ws/install/pmb2_bringup:/home/ravi/pmb2_foxy_ws/install/pmb2_description:/home/ravi/pmb2_foxy_ws/install/pmb2_controller_configuration:/home/ravi/pmb2_foxy_ws/install/ros2controlcli:/home/ravi/pmb2_foxy_ws/install/launch_pal:/opt/ros/foxy LD_LIBRARY_PATH=/home/ravi/pmb2_foxy_ws/install/gazebo_ros/lib:/home/ravi/pmb2_foxy_ws/install/gazebo_msgs/lib:/home/ravi/pmb2_foxy_ws/install/controller_manager/lib:/home/ravi/pmb2_foxy_ws/install/controller_interface/lib:/home/ravi/pmb2_foxy_ws/install/hardware_interface/lib:/home/ravi/pmb2_foxy_ws/install/controller_manager_msgs/lib:/usr/lib/x86_64-linux-gnu/gazebo-11/plugins:/home/ravi/pmb2_foxy_ws/install/gazebo_plugins/lib:/opt/ros/foxy/opt/yaml_cpp_vendor/lib:/opt/ros/foxy/opt/rviz_ogre_vendor/lib:/opt/ros/foxy/lib/x86_64-linux-gnu:/opt/ros/foxy/lib PYTHONPATH=/home/ravi/pmb2_foxy_ws/install/gazebo_ros/lib/python3.8/site-packages:/home/ravi/pmb2_foxy_ws/install/gazebo_msgs/lib/python3.8/site-packages:/home/ravi/pmb2_foxy_ws/install/ros2controlcli/lib/python3.8/site-packages:/home/ravi/pmb2_foxy_ws/install/controller_manager/lib/python3.8/site-packages:/home/ravi/pmb2_foxy_ws/install/controller_manager_msgs/lib/python3.8/site-packages:/home/ravi/pmb2_foxy_ws/build/launch_pal:/home/ravi/pmb2_foxy_ws/install/launch_pal/lib/python3.8/site-packages:/home/ravi/pmb2_foxy_ws/install/pmb2_description/lib/python3.8/site-packages:/opt/ros/foxy/lib/python3.8/site-packages /usr/bin/cmake --build /home/ravi/pmb2_foxy_ws/build/gazebo_plugins -- -j8 -l8
[3.244s] [  2%] Built target multi_camera_plugin
[3.252s] [  7%] Built target gazebo_ros_force
[3.252s] [  9%] Built target gazebo_ros_joint_state_publisher
[3.252s] [  7%] Built target gazebo_ros_gps_sensor
[3.254s] [ 11%] Built target gazebo_ros_p3d
[3.254s] [ 14%] Built target gazebo_ros_imu_sensor
[3.254s] [ 16%] Built target gazebo_ros_tricycle_drive
[3.254s] [ 19%] Built target gazebo_ros_diff_drive
[3.289s] [ 21%] Built target gazebo_ros_template
[3.292s] [ 23%] Built target gazebo_ros_harness
[3.295s] [ 28%] Built target gazebo_ros_ft_sensor
[3.295s] [ 28%] Built target gazebo_ros_ray_sensor
[3.298s] [ 30%] Built target gazebo_ros_bumper
[3.299s] [ 33%] Built target gazebo_ros_video
[3.299s] [ 35%] Built target gazebo_ros_ackermann_drive
[3.307s] [ 38%] Built target gazebo_ros_hand_of_god
[3.323s] [ 40%] Built target gtest
[3.329s] [ 42%] Built target gtest_main
[3.334s] [ 47%] Built target gazebo_ros_planar_move
[3.334s] [ 47%] Built target gazebo_ros_wheel_slip
[3.335s] [ 50%] Built target gazebo_ros_vacuum_gripper
[3.336s] [ 52%] Built target gazebo_ros_joint_pose_trajectory
[3.339s] [ 54%] Built target gazebo_ros_elevator
[3.341s] [ 57%] Built target gazebo_ros_projector
[3.368s] [ 59%] Built target gazebo_ros_camera
[3.380s] [ 61%] Built target test_gazebo_ros_ray_sensor
[3.383s] [ 64%] Built target test_gazebo_ros_elevator
[3.383s] [ 66%] Built target test_gazebo_ros_ackermann_drive
[3.384s] [ 69%] Built target test_gazebo_ros_joint_pose_trajectory
[3.386s] [ 71%] Built target test_gazebo_ros_p3d
[3.386s] [ 73%] Built target test_gazebo_ros_planar_move
[3.386s] [ 76%] Built target test_gazebo_ros_force
[3.417s] [ 78%] Built target test_gazebo_ros_tricycle_drive
[3.428s] [ 80%] Built target test_gazebo_ros_imu_sensor
[3.429s] [ 83%] Built target test_gazebo_ros_harness
[3.429s] [ 85%] Built target test_gazebo_ros_vacuum_gripper
[3.429s] [ 88%] Built target test_gazebo_ros_hand_of_god
[3.434s] [ 92%] Built target test_gazebo_ros_gps_sensor
[3.435s] [ 92%] Built target test_gazebo_ros_bumper
[3.442s] [ 95%] Built target test_gazebo_ros_ft_sensor
[3.452s] [ 97%] Built target test_gazebo_ros_diff_drive
[3.462s] [100%] Built target test_gazebo_ros_joint_state_publisher
[3.470s] Invoked command in '/home/ravi/pmb2_foxy_ws/build/gazebo_plugins' returned '0': CMAKE_PREFIX_PATH=/home/ravi/pmb2_foxy_ws/install/gazebo_ros:/home/ravi/pmb2_foxy_ws/install/gazebo_msgs:/home/ravi/pmb2_foxy_ws/install/gazebo_dev:/home/ravi/pmb2_foxy_ws/install/transmission_interface:/home/ravi/pmb2_foxy_ws/install/ros2_control:/home/ravi/pmb2_foxy_ws/install/controller_manager:/home/ravi/pmb2_foxy_ws/install/controller_interface:/home/ravi/pmb2_foxy_ws/install/hardware_interface:/home/ravi/pmb2_foxy_ws/install/controller_manager_msgs:/home/ravi/pmb2_foxy_ws/install/ros2_control_test_assets:/home/ravi/pmb2_foxy_ws/install/gazebo_ros_pkgs:/home/ravi/pmb2_foxy_ws/install/gazebo_plugins:/home/ravi/pmb2_foxy_ws/install/pal_gazebo_worlds:/home/ravi/pmb2_foxy_ws/install/pmb2_simulation:/home/ravi/pmb2_foxy_ws/install/pmb2_navigation:/home/ravi/pmb2_foxy_ws/install/pmb2_2dnav_gazebo:/home/ravi/pmb2_foxy_ws/install/pmb2_2dnav:/home/ravi/pmb2_foxy_ws/install/pmb2_maps:/home/ravi/pmb2_foxy_ws/install/pmb2_gazebo:/home/ravi/pmb2_foxy_ws/install/pmb2_robot:/home/ravi/pmb2_foxy_ws/install/pmb2_bringup:/home/ravi/pmb2_foxy_ws/install/pmb2_description:/home/ravi/pmb2_foxy_ws/install/pmb2_controller_configuration:/home/ravi/pmb2_foxy_ws/install/ros2controlcli:/home/ravi/pmb2_foxy_ws/install/launch_pal:/opt/ros/foxy LD_LIBRARY_PATH=/home/ravi/pmb2_foxy_ws/install/gazebo_ros/lib:/home/ravi/pmb2_foxy_ws/install/gazebo_msgs/lib:/home/ravi/pmb2_foxy_ws/install/controller_manager/lib:/home/ravi/pmb2_foxy_ws/install/controller_interface/lib:/home/ravi/pmb2_foxy_ws/install/hardware_interface/lib:/home/ravi/pmb2_foxy_ws/install/controller_manager_msgs/lib:/usr/lib/x86_64-linux-gnu/gazebo-11/plugins:/home/ravi/pmb2_foxy_ws/install/gazebo_plugins/lib:/opt/ros/foxy/opt/yaml_cpp_vendor/lib:/opt/ros/foxy/opt/rviz_ogre_vendor/lib:/opt/ros/foxy/lib/x86_64-linux-gnu:/opt/ros/foxy/lib PYTHONPATH=/home/ravi/pmb2_foxy_ws/install/gazebo_ros/lib/python3.8/site-packages:/home/ravi/pmb2_foxy_ws/install/gazebo_msgs/lib/python3.8/site-packages:/home/ravi/pmb2_foxy_ws/install/ros2controlcli/lib/python3.8/site-packages:/home/ravi/pmb2_foxy_ws/install/controller_manager/lib/python3.8/site-packages:/home/ravi/pmb2_foxy_ws/install/controller_manager_msgs/lib/python3.8/site-packages:/home/ravi/pmb2_foxy_ws/build/launch_pal:/home/ravi/pmb2_foxy_ws/install/launch_pal/lib/python3.8/site-packages:/home/ravi/pmb2_foxy_ws/install/pmb2_description/lib/python3.8/site-packages:/opt/ros/foxy/lib/python3.8/site-packages /usr/bin/cmake --build /home/ravi/pmb2_foxy_ws/build/gazebo_plugins -- -j8 -l8
[3.559s] Invoking command in '/home/ravi/pmb2_foxy_ws/build/gazebo_plugins': CMAKE_PREFIX_PATH=/home/ravi/pmb2_foxy_ws/install/gazebo_ros:/home/ravi/pmb2_foxy_ws/install/gazebo_msgs:/home/ravi/pmb2_foxy_ws/install/gazebo_dev:/home/ravi/pmb2_foxy_ws/install/transmission_interface:/home/ravi/pmb2_foxy_ws/install/ros2_control:/home/ravi/pmb2_foxy_ws/install/controller_manager:/home/ravi/pmb2_foxy_ws/install/controller_interface:/home/ravi/pmb2_foxy_ws/install/hardware_interface:/home/ravi/pmb2_foxy_ws/install/controller_manager_msgs:/home/ravi/pmb2_foxy_ws/install/ros2_control_test_assets:/home/ravi/pmb2_foxy_ws/install/gazebo_ros_pkgs:/home/ravi/pmb2_foxy_ws/install/gazebo_plugins:/home/ravi/pmb2_foxy_ws/install/pal_gazebo_worlds:/home/ravi/pmb2_foxy_ws/install/pmb2_simulation:/home/ravi/pmb2_foxy_ws/install/pmb2_navigation:/home/ravi/pmb2_foxy_ws/install/pmb2_2dnav_gazebo:/home/ravi/pmb2_foxy_ws/install/pmb2_2dnav:/home/ravi/pmb2_foxy_ws/install/pmb2_maps:/home/ravi/pmb2_foxy_ws/install/pmb2_gazebo:/home/ravi/pmb2_foxy_ws/install/pmb2_robot:/home/ravi/pmb2_foxy_ws/install/pmb2_bringup:/home/ravi/pmb2_foxy_ws/install/pmb2_description:/home/ravi/pmb2_foxy_ws/install/pmb2_controller_configuration:/home/ravi/pmb2_foxy_ws/install/ros2controlcli:/home/ravi/pmb2_foxy_ws/install/launch_pal:/opt/ros/foxy LD_LIBRARY_PATH=/home/ravi/pmb2_foxy_ws/install/gazebo_ros/lib:/home/ravi/pmb2_foxy_ws/install/gazebo_msgs/lib:/home/ravi/pmb2_foxy_ws/install/controller_manager/lib:/home/ravi/pmb2_foxy_ws/install/controller_interface/lib:/home/ravi/pmb2_foxy_ws/install/hardware_interface/lib:/home/ravi/pmb2_foxy_ws/install/controller_manager_msgs/lib:/usr/lib/x86_64-linux-gnu/gazebo-11/plugins:/home/ravi/pmb2_foxy_ws/install/gazebo_plugins/lib:/opt/ros/foxy/opt/yaml_cpp_vendor/lib:/opt/ros/foxy/opt/rviz_ogre_vendor/lib:/opt/ros/foxy/lib/x86_64-linux-gnu:/opt/ros/foxy/lib PYTHONPATH=/home/ravi/pmb2_foxy_ws/install/gazebo_ros/lib/python3.8/site-packages:/home/ravi/pmb2_foxy_ws/install/gazebo_msgs/lib/python3.8/site-packages:/home/ravi/pmb2_foxy_ws/install/ros2controlcli/lib/python3.8/site-packages:/home/ravi/pmb2_foxy_ws/install/controller_manager/lib/python3.8/site-packages:/home/ravi/pmb2_foxy_ws/install/controller_manager_msgs/lib/python3.8/site-packages:/home/ravi/pmb2_foxy_ws/build/launch_pal:/home/ravi/pmb2_foxy_ws/install/launch_pal/lib/python3.8/site-packages:/home/ravi/pmb2_foxy_ws/install/pmb2_description/lib/python3.8/site-packages:/opt/ros/foxy/lib/python3.8/site-packages /usr/bin/cmake --install /home/ravi/pmb2_foxy_ws/build/gazebo_plugins
[3.565s] -- Install configuration: ""
[3.565s] -- Execute custom install script
[3.565s] -- Up-to-date symlink: /home/ravi/pmb2_foxy_ws/install/gazebo_plugins/share/gazebo_plugins/environment/library_path.sh
[3.565s] -- Up-to-date symlink: /home/ravi/pmb2_foxy_ws/install/gazebo_plugins/share/gazebo_plugins/environment/library_path.dsv
[3.566s] -- Up-to-date symlink: /home/ravi/pmb2_foxy_ws/install/gazebo_plugins/share/gazebo_plugins/environment/gazebo_plugins.sh
[3.566s] -- Up-to-date symlink: /home/ravi/pmb2_foxy_ws/install/gazebo_plugins/share/gazebo_plugins/environment/gazebo_plugins.dsv
[3.566s] -- Up-to-date symlink: /home/ravi/pmb2_foxy_ws/install/gazebo_plugins/share/ament_index/resource_index/package_run_dependencies/gazebo_plugins
[3.566s] -- Up-to-date symlink: /home/ravi/pmb2_foxy_ws/install/gazebo_plugins/share/ament_index/resource_index/parent_prefix_path/gazebo_plugins
[3.566s] -- Up-to-date symlink: /home/ravi/pmb2_foxy_ws/install/gazebo_plugins/share/gazebo_plugins/environment/ament_prefix_path.sh
[3.566s] -- Up-to-date symlink: /home/ravi/pmb2_foxy_ws/install/gazebo_plugins/share/gazebo_plugins/environment/ament_prefix_path.dsv
[3.566s] -- Up-to-date symlink: /home/ravi/pmb2_foxy_ws/install/gazebo_plugins/share/gazebo_plugins/environment/path.sh
[3.567s] -- Up-to-date symlink: /home/ravi/pmb2_foxy_ws/install/gazebo_plugins/share/gazebo_plugins/environment/path.dsv
[3.567s] -- Up-to-date symlink: /home/ravi/pmb2_foxy_ws/install/gazebo_plugins/share/gazebo_plugins/local_setup.bash
[3.567s] -- Up-to-date symlink: /home/ravi/pmb2_foxy_ws/install/gazebo_plugins/share/gazebo_plugins/local_setup.sh
[3.567s] -- Up-to-date symlink: /home/ravi/pmb2_foxy_ws/install/gazebo_plugins/share/gazebo_plugins/local_setup.zsh
[3.567s] -- Up-to-date symlink: /home/ravi/pmb2_foxy_ws/install/gazebo_plugins/share/gazebo_plugins/local_setup.dsv
[3.567s] -- Symlinking: /home/ravi/pmb2_foxy_ws/install/gazebo_plugins/share/gazebo_plugins/package.dsv
[3.573s] -- Up-to-date symlink: /home/ravi/pmb2_foxy_ws/install/gazebo_plugins/share/ament_index/resource_index/packages/gazebo_plugins
[3.573s] -- Up-to-date symlink: /home/ravi/pmb2_foxy_ws/install/gazebo_plugins/share/gazebo_plugins/cmake/ament_cmake_export_libraries-extras.cmake
[3.573s] -- Up-to-date symlink: /home/ravi/pmb2_foxy_ws/install/gazebo_plugins/share/gazebo_plugins/cmake/ament_cmake_export_include_directories-extras.cmake
[3.573s] -- Up-to-date symlink: /home/ravi/pmb2_foxy_ws/install/gazebo_plugins/share/gazebo_plugins/cmake/ament_cmake_export_dependencies-extras.cmake
[3.574s] -- Up-to-date symlink: /home/ravi/pmb2_foxy_ws/install/gazebo_plugins/share/gazebo_plugins/cmake/gazebo_pluginsConfig.cmake
[3.574s] -- Up-to-date symlink: /home/ravi/pmb2_foxy_ws/install/gazebo_plugins/share/gazebo_plugins/cmake/gazebo_pluginsConfig-version.cmake
[3.574s] -- Up-to-date symlink: /home/ravi/pmb2_foxy_ws/install/gazebo_plugins/share/gazebo_plugins/package.xml
[3.574s] -- Up-to-date symlink: /home/ravi/pmb2_foxy_ws/install/gazebo_plugins/include/gazebo_plugins/gazebo_ros_ackermann_drive.hpp
[3.574s] -- Up-to-date symlink: /home/ravi/pmb2_foxy_ws/install/gazebo_plugins/include/gazebo_plugins/gazebo_ros_bumper.hpp
[3.574s] -- Up-to-date symlink: /home/ravi/pmb2_foxy_ws/install/gazebo_plugins/include/gazebo_plugins/gazebo_ros_camera.hpp
[3.575s] -- Up-to-date symlink: /home/ravi/pmb2_foxy_ws/install/gazebo_plugins/include/gazebo_plugins/gazebo_ros_diff_drive.hpp
[3.575s] -- Up-to-date symlink: /home/ravi/pmb2_foxy_ws/install/gazebo_plugins/include/gazebo_plugins/gazebo_ros_elevator.hpp
[3.575s] -- Up-to-date symlink: /home/ravi/pmb2_foxy_ws/install/gazebo_plugins/include/gazebo_plugins/gazebo_ros_force.hpp
[3.575s] -- Up-to-date symlink: /home/ravi/pmb2_foxy_ws/install/gazebo_plugins/include/gazebo_plugins/gazebo_ros_ft_sensor.hpp
[3.575s] -- Up-to-date symlink: /home/ravi/pmb2_foxy_ws/install/gazebo_plugins/include/gazebo_plugins/gazebo_ros_gps_sensor.hpp
[3.575s] -- Up-to-date symlink: /home/ravi/pmb2_foxy_ws/install/gazebo_plugins/include/gazebo_plugins/gazebo_ros_hand_of_god.hpp
[3.575s] -- Up-to-date symlink: /home/ravi/pmb2_foxy_ws/install/gazebo_plugins/include/gazebo_plugins/gazebo_ros_harness.hpp
[3.575s] -- Up-to-date symlink: /home/ravi/pmb2_foxy_ws/install/gazebo_plugins/include/gazebo_plugins/gazebo_ros_imu_sensor.hpp
[3.575s] -- Up-to-date symlink: /home/ravi/pmb2_foxy_ws/install/gazebo_plugins/include/gazebo_plugins/gazebo_ros_joint_pose_trajectory.hpp
[3.575s] -- Up-to-date symlink: /home/ravi/pmb2_foxy_ws/install/gazebo_plugins/include/gazebo_plugins/gazebo_ros_joint_state_publisher.hpp
[3.575s] -- Up-to-date symlink: /home/ravi/pmb2_foxy_ws/install/gazebo_plugins/include/gazebo_plugins/gazebo_ros_p3d.hpp
[3.575s] -- Up-to-date symlink: /home/ravi/pmb2_foxy_ws/install/gazebo_plugins/include/gazebo_plugins/gazebo_ros_planar_move.hpp
[3.575s] -- Up-to-date symlink: /home/ravi/pmb2_foxy_ws/install/gazebo_plugins/include/gazebo_plugins/gazebo_ros_projector.hpp
[3.576s] -- Up-to-date symlink: /home/ravi/pmb2_foxy_ws/install/gazebo_plugins/include/gazebo_plugins/gazebo_ros_ray_sensor.hpp
[3.576s] -- Up-to-date symlink: /home/ravi/pmb2_foxy_ws/install/gazebo_plugins/include/gazebo_plugins/gazebo_ros_template.hpp
[3.576s] -- Up-to-date symlink: /home/ravi/pmb2_foxy_ws/install/gazebo_plugins/include/gazebo_plugins/gazebo_ros_tricycle_drive.hpp
[3.576s] -- Up-to-date symlink: /home/ravi/pmb2_foxy_ws/install/gazebo_plugins/include/gazebo_plugins/gazebo_ros_vacuum_gripper.hpp
[3.576s] -- Up-to-date symlink: /home/ravi/pmb2_foxy_ws/install/gazebo_plugins/include/gazebo_plugins/gazebo_ros_video.hpp
[3.576s] -- Up-to-date symlink: /home/ravi/pmb2_foxy_ws/install/gazebo_plugins/include/gazebo_plugins/gazebo_ros_wheel_slip.hpp
[3.576s] -- Up-to-date symlink: /home/ravi/pmb2_foxy_ws/install/gazebo_plugins/include/gazebo_plugins/multi_camera_plugin.hpp
[3.576s] -- Up-to-date symlink: /home/ravi/pmb2_foxy_ws/install/gazebo_plugins/lib/libgazebo_ros_ackermann_drive.so
[3.577s] -- Up-to-date symlink: /home/ravi/pmb2_foxy_ws/install/gazebo_plugins/lib/libgazebo_ros_bumper.so
[3.577s] -- Up-to-date symlink: /home/ravi/pmb2_foxy_ws/install/gazebo_plugins/lib/libgazebo_ros_camera.so
[3.577s] -- Up-to-date symlink: /home/ravi/pmb2_foxy_ws/install/gazebo_plugins/lib/libgazebo_ros_diff_drive.so
[3.577s] -- Up-to-date symlink: /home/ravi/pmb2_foxy_ws/install/gazebo_plugins/lib/libgazebo_ros_elevator.so
[3.577s] -- Up-to-date symlink: /home/ravi/pmb2_foxy_ws/install/gazebo_plugins/lib/libgazebo_ros_force.so
[3.577s] -- Up-to-date symlink: /home/ravi/pmb2_foxy_ws/install/gazebo_plugins/lib/libgazebo_ros_ft_sensor.so
[3.577s] -- Up-to-date symlink: /home/ravi/pmb2_foxy_ws/install/gazebo_plugins/lib/libgazebo_ros_hand_of_god.so
[3.577s] -- Up-to-date symlink: /home/ravi/pmb2_foxy_ws/install/gazebo_plugins/lib/libgazebo_ros_harness.so
[3.577s] -- Up-to-date symlink: /home/ravi/pmb2_foxy_ws/install/gazebo_plugins/lib/libgazebo_ros_imu_sensor.so
[3.578s] -- Up-to-date symlink: /home/ravi/pmb2_foxy_ws/install/gazebo_plugins/lib/libgazebo_ros_gps_sensor.so
[3.578s] -- Up-to-date symlink: /home/ravi/pmb2_foxy_ws/install/gazebo_plugins/lib/libgazebo_ros_joint_pose_trajectory.so
[3.578s] -- Up-to-date symlink: /home/ravi/pmb2_foxy_ws/install/gazebo_plugins/lib/libgazebo_ros_joint_state_publisher.so
[3.578s] -- Up-to-date symlink: /home/ravi/pmb2_foxy_ws/install/gazebo_plugins/lib/libgazebo_ros_planar_move.so
[3.578s] -- Up-to-date symlink: /home/ravi/pmb2_foxy_ws/install/gazebo_plugins/lib/libgazebo_ros_projector.so
[3.578s] -- Up-to-date symlink: /home/ravi/pmb2_foxy_ws/install/gazebo_plugins/lib/libgazebo_ros_ray_sensor.so
[3.578s] -- Up-to-date symlink: /home/ravi/pmb2_foxy_ws/install/gazebo_plugins/lib/libgazebo_ros_p3d.so
[3.578s] -- Up-to-date symlink: /home/ravi/pmb2_foxy_ws/install/gazebo_plugins/lib/libgazebo_ros_template.so
[3.578s] -- Up-to-date symlink: /home/ravi/pmb2_foxy_ws/install/gazebo_plugins/lib/libgazebo_ros_tricycle_drive.so
[3.579s] -- Up-to-date symlink: /home/ravi/pmb2_foxy_ws/install/gazebo_plugins/lib/libgazebo_ros_vacuum_gripper.so
[3.579s] -- Up-to-date symlink: /home/ravi/pmb2_foxy_ws/install/gazebo_plugins/lib/libgazebo_ros_video.so
[3.579s] -- Up-to-date symlink: /home/ravi/pmb2_foxy_ws/install/gazebo_plugins/lib/libmulti_camera_plugin.so
[3.580s] -- Up-to-date symlink: /home/ravi/pmb2_foxy_ws/install/gazebo_plugins/lib/libgazebo_ros_wheel_slip.so
[3.580s] -- Up-to-date symlink: /home/ravi/pmb2_foxy_ws/install/gazebo_plugins/share/gazebo_plugins//worlds/gazebo_ros_ackermann_drive_demo.world
[3.580s] -- Up-to-date symlink: /home/ravi/pmb2_foxy_ws/install/gazebo_plugins/share/gazebo_plugins//worlds/gazebo_ros_bumper_demo.world
[3.580s] -- Up-to-date symlink: /home/ravi/pmb2_foxy_ws/install/gazebo_plugins/share/gazebo_plugins//worlds/gazebo_ros_camera_demo.world
[3.580s] -- Up-to-date symlink: /home/ravi/pmb2_foxy_ws/install/gazebo_plugins/share/gazebo_plugins//worlds/gazebo_ros_camera_distortion_barrel_demo.world
[3.580s] -- Up-to-date symlink: /home/ravi/pmb2_foxy_ws/install/gazebo_plugins/share/gazebo_plugins//worlds/gazebo_ros_camera_distortion_pincushion_demo.world
[3.580s] -- Up-to-date symlink: /home/ravi/pmb2_foxy_ws/install/gazebo_plugins/share/gazebo_plugins//worlds/gazebo_ros_camera_triggered_demo.world
[3.580s] -- Up-to-date symlink: /home/ravi/pmb2_foxy_ws/install/gazebo_plugins/share/gazebo_plugins//worlds/gazebo_ros_depth_camera_demo.world
[3.580s] -- Up-to-date symlink: /home/ravi/pmb2_foxy_ws/install/gazebo_plugins/share/gazebo_plugins//worlds/gazebo_ros_diff_drive_demo.world
[3.581s] -- Up-to-date symlink: /home/ravi/pmb2_foxy_ws/install/gazebo_plugins/share/gazebo_plugins//worlds/gazebo_ros_elevator_demo.world
[3.581s] -- Up-to-date symlink: /home/ravi/pmb2_foxy_ws/install/gazebo_plugins/share/gazebo_plugins//worlds/gazebo_ros_force_demo.world
[3.581s] -- Up-to-date symlink: /home/ravi/pmb2_foxy_ws/install/gazebo_plugins/share/gazebo_plugins//worlds/gazebo_ros_ft_sensor_demo.world
[3.581s] -- Up-to-date symlink: /home/ravi/pmb2_foxy_ws/install/gazebo_plugins/share/gazebo_plugins//worlds/gazebo_ros_gps_sensor_demo.world
[3.581s] -- Up-to-date symlink: /home/ravi/pmb2_foxy_ws/install/gazebo_plugins/share/gazebo_plugins//worlds/gazebo_ros_hand_of_god_demo.world
[3.581s] -- Up-to-date symlink: /home/ravi/pmb2_foxy_ws/install/gazebo_plugins/share/gazebo_plugins//worlds/gazebo_ros_harness_demo.world
[3.581s] -- Up-to-date symlink: /home/ravi/pmb2_foxy_ws/install/gazebo_plugins/share/gazebo_plugins//worlds/gazebo_ros_joint_pose_trajectory_demo.world
[3.581s] -- Up-to-date symlink: /home/ravi/pmb2_foxy_ws/install/gazebo_plugins/share/gazebo_plugins//worlds/gazebo_ros_joint_state_publisher_demo.world
[3.581s] -- Up-to-date symlink: /home/ravi/pmb2_foxy_ws/install/gazebo_plugins/share/gazebo_plugins//worlds/gazebo_ros_multi_camera_demo.world
[3.581s] -- Up-to-date symlink: /home/ravi/pmb2_foxy_ws/install/gazebo_plugins/share/gazebo_plugins//worlds/gazebo_ros_multicamera_demo.world
[3.581s] -- Up-to-date symlink: /home/ravi/pmb2_foxy_ws/install/gazebo_plugins/share/gazebo_plugins//worlds/gazebo_ros_p3d_demo.world
[3.581s] -- Up-to-date symlink: /home/ravi/pmb2_foxy_ws/install/gazebo_plugins/share/gazebo_plugins//worlds/gazebo_ros_planar_move_demo.world
[3.581s] -- Up-to-date symlink: /home/ravi/pmb2_foxy_ws/install/gazebo_plugins/share/gazebo_plugins//worlds/gazebo_ros_projector_demo.world
[3.581s] -- Up-to-date symlink: /home/ravi/pmb2_foxy_ws/install/gazebo_plugins/share/gazebo_plugins//worlds/gazebo_ros_ray_sensor_demo.world
[3.581s] -- Up-to-date symlink: /home/ravi/pmb2_foxy_ws/install/gazebo_plugins/share/gazebo_plugins//worlds/gazebo_ros_skid_steer_drive_demo.world
[3.581s] -- Up-to-date symlink: /home/ravi/pmb2_foxy_ws/install/gazebo_plugins/share/gazebo_plugins//worlds/gazebo_ros_template_demo.world
[3.581s] -- Up-to-date symlink: /home/ravi/pmb2_foxy_ws/install/gazebo_plugins/share/gazebo_plugins//worlds/gazebo_ros_tricycle_drive_demo.world
[3.581s] -- Up-to-date symlink: /home/ravi/pmb2_foxy_ws/install/gazebo_plugins/share/gazebo_plugins//worlds/gazebo_ros_vacuum_gripper_demo.world
[3.582s] -- Up-to-date symlink: /home/ravi/pmb2_foxy_ws/install/gazebo_plugins/share/gazebo_plugins//worlds/gazebo_ros_video_demo.world
[3.582s] -- Up-to-date symlink: /home/ravi/pmb2_foxy_ws/install/gazebo_plugins/share/gazebo_plugins//worlds/gazebo_ros_wheel_slip_demo.world
[3.585s] Invoked command in '/home/ravi/pmb2_foxy_ws/build/gazebo_plugins' returned '0': CMAKE_PREFIX_PATH=/home/ravi/pmb2_foxy_ws/install/gazebo_ros:/home/ravi/pmb2_foxy_ws/install/gazebo_msgs:/home/ravi/pmb2_foxy_ws/install/gazebo_dev:/home/ravi/pmb2_foxy_ws/install/transmission_interface:/home/ravi/pmb2_foxy_ws/install/ros2_control:/home/ravi/pmb2_foxy_ws/install/controller_manager:/home/ravi/pmb2_foxy_ws/install/controller_interface:/home/ravi/pmb2_foxy_ws/install/hardware_interface:/home/ravi/pmb2_foxy_ws/install/controller_manager_msgs:/home/ravi/pmb2_foxy_ws/install/ros2_control_test_assets:/home/ravi/pmb2_foxy_ws/install/gazebo_ros_pkgs:/home/ravi/pmb2_foxy_ws/install/gazebo_plugins:/home/ravi/pmb2_foxy_ws/install/pal_gazebo_worlds:/home/ravi/pmb2_foxy_ws/install/pmb2_simulation:/home/ravi/pmb2_foxy_ws/install/pmb2_navigation:/home/ravi/pmb2_foxy_ws/install/pmb2_2dnav_gazebo:/home/ravi/pmb2_foxy_ws/install/pmb2_2dnav:/home/ravi/pmb2_foxy_ws/install/pmb2_maps:/home/ravi/pmb2_foxy_ws/install/pmb2_gazebo:/home/ravi/pmb2_foxy_ws/install/pmb2_robot:/home/ravi/pmb2_foxy_ws/install/pmb2_bringup:/home/ravi/pmb2_foxy_ws/install/pmb2_description:/home/ravi/pmb2_foxy_ws/install/pmb2_controller_configuration:/home/ravi/pmb2_foxy_ws/install/ros2controlcli:/home/ravi/pmb2_foxy_ws/install/launch_pal:/opt/ros/foxy LD_LIBRARY_PATH=/home/ravi/pmb2_foxy_ws/install/gazebo_ros/lib:/home/ravi/pmb2_foxy_ws/install/gazebo_msgs/lib:/home/ravi/pmb2_foxy_ws/install/controller_manager/lib:/home/ravi/pmb2_foxy_ws/install/controller_interface/lib:/home/ravi/pmb2_foxy_ws/install/hardware_interface/lib:/home/ravi/pmb2_foxy_ws/install/controller_manager_msgs/lib:/usr/lib/x86_64-linux-gnu/gazebo-11/plugins:/home/ravi/pmb2_foxy_ws/install/gazebo_plugins/lib:/opt/ros/foxy/opt/yaml_cpp_vendor/lib:/opt/ros/foxy/opt/rviz_ogre_vendor/lib:/opt/ros/foxy/lib/x86_64-linux-gnu:/opt/ros/foxy/lib PYTHONPATH=/home/ravi/pmb2_foxy_ws/install/gazebo_ros/lib/python3.8/site-packages:/home/ravi/pmb2_foxy_ws/install/gazebo_msgs/lib/python3.8/site-packages:/home/ravi/pmb2_foxy_ws/install/ros2controlcli/lib/python3.8/site-packages:/home/ravi/pmb2_foxy_ws/install/controller_manager/lib/python3.8/site-packages:/home/ravi/pmb2_foxy_ws/install/controller_manager_msgs/lib/python3.8/site-packages:/home/ravi/pmb2_foxy_ws/build/launch_pal:/home/ravi/pmb2_foxy_ws/install/launch_pal/lib/python3.8/site-packages:/home/ravi/pmb2_foxy_ws/install/pmb2_description/lib/python3.8/site-packages:/opt/ros/foxy/lib/python3.8/site-packages /usr/bin/cmake --install /home/ravi/pmb2_foxy_ws/build/gazebo_plugins
