[0.214s] Invoking command in '/home/ravi/pmb2_foxy_ws/build/transmission_interface': CMAKE_PREFIX_PATH=${CMAKE_PREFIX_PATH}:/home/ravi/pmb2_foxy_ws/install/launch_pal:/opt/ros/foxy /usr/bin/cmake /home/ravi/pmb2_foxy_ws/src/ros2_control/transmission_interface -DCMAKE_INSTALL_PREFIX=/home/ravi/pmb2_foxy_ws/install/transmission_interface
[0.265s] -- The C compiler identification is GNU 9.4.0
[0.324s] -- The CXX compiler identification is GNU 9.4.0
[0.327s] -- Check for working C compiler: /usr/bin/cc
[0.385s] -- Check for working C compiler: /usr/bin/cc -- works
[0.386s] -- Detecting C compiler ABI info
[0.449s] -- Detecting C compiler ABI info - done
[0.463s] -- Detecting C compile features
[0.463s] -- Detecting C compile features - done
[0.466s] -- Check for working CXX compiler: /usr/bin/c++
[0.539s] -- Check for working CXX compiler: /usr/bin/c++ -- works
[0.540s] -- Detecting CXX compiler ABI info
[0.615s] -- Detecting CXX compiler ABI info - done
[0.625s] -- Detecting CXX compile features
[0.625s] -- Detecting CXX compile features - done
[0.631s] -- Found ament_cmake: 0.9.9 (/opt/ros/foxy/share/ament_cmake/cmake)
[0.655s] -- Found PythonInterp: /usr/bin/python3 (found suitable version "3.8.10", minimum required is "3") 
[0.655s] -- Using PYTHON_EXECUTABLE: /usr/bin/python3
[0.845s] CMake Error at CMakeLists.txt:15 (find_package):
[0.846s]   By not providing "Findhardware_interface.cmake" in CMAKE_MODULE_PATH this
[0.846s]   project has asked CMake to find a package configuration file provided by
[0.846s]   "hardware_interface", but CMake did not find one.
[0.846s] 
[0.846s]   Could not find a package configuration file provided by
[0.846s]   "hardware_interface" with any of the following names:
[0.846s] 
[0.846s]     hardware_interfaceConfig.cmake
[0.846s]     hardware_interface-config.cmake
[0.846s] 
[0.846s]   Add the installation prefix of "hardware_interface" to CMAKE_PREFIX_PATH or
[0.847s]   set "hardware_interface_DIR" to a directory containing one of the above
[0.847s]   files.  If "hardware_interface" provides a separate development package or
[0.847s]   SDK, be sure it has been installed.
[0.847s] 
[0.847s] 
[0.847s] -- Configuring incomplete, errors occurred!
[0.847s] See also "/home/ravi/pmb2_foxy_ws/build/transmission_interface/CMakeFiles/CMakeOutput.log".
