[0.006s] Invoking command in '/home/ravi/pmb2_foxy_ws/build/pmb2_robot': AMENT_PREFIX_PATH=/home/ravi/pmb2_foxy_ws/install/pmb2_bringup:/home/ravi/pmb2_foxy_ws/install/pmb2_description:/home/ravi/pmb2_foxy_ws/install/pmb2_controller_configuration:${AMENT_PREFIX_PATH} CMAKE_PREFIX_PATH=/home/ravi/pmb2_foxy_ws/install/pmb2_bringup:/home/ravi/pmb2_foxy_ws/install/pmb2_description:/home/ravi/pmb2_foxy_ws/install/pmb2_controller_configuration:/opt/ros/foxy PYTHONPATH=/home/ravi/pmb2_foxy_ws/install/pmb2_description/lib/python3.8/site-packages:${PYTHONPATH} /usr/bin/cmake /home/ravi/pmb2_foxy_ws/src/pmb2_robot/pmb2_robot -DCMAKE_INSTALL_PREFIX=/home/ravi/pmb2_foxy_ws/install/pmb2_robot
[0.041s] -- The C compiler identification is GNU 9.4.0
[0.077s] -- The CXX compiler identification is GNU 9.4.0
[0.079s] -- Check for working C compiler: /usr/bin/cc
[0.125s] -- Check for working C compiler: /usr/bin/cc -- works
[0.126s] -- Detecting C compiler ABI info
[0.195s] -- Detecting C compiler ABI info - done
[0.206s] -- Detecting C compile features
[0.206s] -- Detecting C compile features - done
[0.208s] -- Check for working CXX compiler: /usr/bin/c++
[0.263s] -- Check for working CXX compiler: /usr/bin/c++ -- works
[0.263s] -- Detecting CXX compiler ABI info
[0.329s] -- Detecting CXX compiler ABI info - done
[0.336s] -- Detecting CXX compile features
[0.336s] -- Detecting CXX compile features - done
[0.338s] -- Found ament_cmake: 0.9.9 (/opt/ros/foxy/share/ament_cmake/cmake)
[0.352s] -- Found PythonInterp: /usr/bin/python3 (found suitable version "3.8.10", minimum required is "3") 
[0.352s] -- Using PYTHON_EXECUTABLE: /usr/bin/python3
[0.490s] -- Configuring done
[0.491s] -- Generating done
[0.491s] -- Build files have been written to: /home/ravi/pmb2_foxy_ws/build/pmb2_robot
[0.495s] Invoked command in '/home/ravi/pmb2_foxy_ws/build/pmb2_robot' returned '0': AMENT_PREFIX_PATH=/home/ravi/pmb2_foxy_ws/install/pmb2_bringup:/home/ravi/pmb2_foxy_ws/install/pmb2_description:/home/ravi/pmb2_foxy_ws/install/pmb2_controller_configuration:${AMENT_PREFIX_PATH} CMAKE_PREFIX_PATH=/home/ravi/pmb2_foxy_ws/install/pmb2_bringup:/home/ravi/pmb2_foxy_ws/install/pmb2_description:/home/ravi/pmb2_foxy_ws/install/pmb2_controller_configuration:/opt/ros/foxy PYTHONPATH=/home/ravi/pmb2_foxy_ws/install/pmb2_description/lib/python3.8/site-packages:${PYTHONPATH} /usr/bin/cmake /home/ravi/pmb2_foxy_ws/src/pmb2_robot/pmb2_robot -DCMAKE_INSTALL_PREFIX=/home/ravi/pmb2_foxy_ws/install/pmb2_robot
[0.495s] Invoking command in '/home/ravi/pmb2_foxy_ws/build/pmb2_robot': AMENT_PREFIX_PATH=/home/ravi/pmb2_foxy_ws/install/pmb2_bringup:/home/ravi/pmb2_foxy_ws/install/pmb2_description:/home/ravi/pmb2_foxy_ws/install/pmb2_controller_configuration:${AMENT_PREFIX_PATH} CMAKE_PREFIX_PATH=/home/ravi/pmb2_foxy_ws/install/pmb2_bringup:/home/ravi/pmb2_foxy_ws/install/pmb2_description:/home/ravi/pmb2_foxy_ws/install/pmb2_controller_configuration:/opt/ros/foxy PYTHONPATH=/home/ravi/pmb2_foxy_ws/install/pmb2_description/lib/python3.8/site-packages:${PYTHONPATH} /usr/bin/cmake --build /home/ravi/pmb2_foxy_ws/build/pmb2_robot -- -j8 -l8
[0.518s] Invoked command in '/home/ravi/pmb2_foxy_ws/build/pmb2_robot' returned '0': AMENT_PREFIX_PATH=/home/ravi/pmb2_foxy_ws/install/pmb2_bringup:/home/ravi/pmb2_foxy_ws/install/pmb2_description:/home/ravi/pmb2_foxy_ws/install/pmb2_controller_configuration:${AMENT_PREFIX_PATH} CMAKE_PREFIX_PATH=/home/ravi/pmb2_foxy_ws/install/pmb2_bringup:/home/ravi/pmb2_foxy_ws/install/pmb2_description:/home/ravi/pmb2_foxy_ws/install/pmb2_controller_configuration:/opt/ros/foxy PYTHONPATH=/home/ravi/pmb2_foxy_ws/install/pmb2_description/lib/python3.8/site-packages:${PYTHONPATH} /usr/bin/cmake --build /home/ravi/pmb2_foxy_ws/build/pmb2_robot -- -j8 -l8
[0.535s] Invoking command in '/home/ravi/pmb2_foxy_ws/build/pmb2_robot': AMENT_PREFIX_PATH=/home/ravi/pmb2_foxy_ws/install/pmb2_bringup:/home/ravi/pmb2_foxy_ws/install/pmb2_description:/home/ravi/pmb2_foxy_ws/install/pmb2_controller_configuration:${AMENT_PREFIX_PATH} CMAKE_PREFIX_PATH=/home/ravi/pmb2_foxy_ws/install/pmb2_bringup:/home/ravi/pmb2_foxy_ws/install/pmb2_description:/home/ravi/pmb2_foxy_ws/install/pmb2_controller_configuration:/opt/ros/foxy PYTHONPATH=/home/ravi/pmb2_foxy_ws/install/pmb2_description/lib/python3.8/site-packages:${PYTHONPATH} /usr/bin/cmake --install /home/ravi/pmb2_foxy_ws/build/pmb2_robot
[0.543s] -- Install configuration: ""
[0.543s] -- Installing: /home/ravi/pmb2_foxy_ws/install/pmb2_robot/share/ament_index/resource_index/package_run_dependencies/pmb2_robot
[0.543s] -- Installing: /home/ravi/pmb2_foxy_ws/install/pmb2_robot/share/ament_index/resource_index/parent_prefix_path/pmb2_robot
[0.543s] -- Installing: /home/ravi/pmb2_foxy_ws/install/pmb2_robot/share/pmb2_robot/environment/ament_prefix_path.sh
[0.543s] -- Installing: /home/ravi/pmb2_foxy_ws/install/pmb2_robot/share/pmb2_robot/environment/ament_prefix_path.dsv
[0.543s] -- Installing: /home/ravi/pmb2_foxy_ws/install/pmb2_robot/share/pmb2_robot/environment/path.sh
[0.543s] -- Installing: /home/ravi/pmb2_foxy_ws/install/pmb2_robot/share/pmb2_robot/environment/path.dsv
[0.543s] -- Installing: /home/ravi/pmb2_foxy_ws/install/pmb2_robot/share/pmb2_robot/local_setup.bash
[0.543s] -- Installing: /home/ravi/pmb2_foxy_ws/install/pmb2_robot/share/pmb2_robot/local_setup.sh
[0.543s] -- Installing: /home/ravi/pmb2_foxy_ws/install/pmb2_robot/share/pmb2_robot/local_setup.zsh
[0.543s] -- Installing: /home/ravi/pmb2_foxy_ws/install/pmb2_robot/share/pmb2_robot/local_setup.dsv
[0.543s] -- Installing: /home/ravi/pmb2_foxy_ws/install/pmb2_robot/share/pmb2_robot/package.dsv
[0.544s] -- Installing: /home/ravi/pmb2_foxy_ws/install/pmb2_robot/share/ament_index/resource_index/packages/pmb2_robot
[0.544s] -- Installing: /home/ravi/pmb2_foxy_ws/install/pmb2_robot/share/pmb2_robot/cmake/pmb2_robotConfig.cmake
[0.544s] -- Installing: /home/ravi/pmb2_foxy_ws/install/pmb2_robot/share/pmb2_robot/cmake/pmb2_robotConfig-version.cmake
[0.544s] -- Installing: /home/ravi/pmb2_foxy_ws/install/pmb2_robot/share/pmb2_robot/package.xml
[0.547s] Invoked command in '/home/ravi/pmb2_foxy_ws/build/pmb2_robot' returned '0': AMENT_PREFIX_PATH=/home/ravi/pmb2_foxy_ws/install/pmb2_bringup:/home/ravi/pmb2_foxy_ws/install/pmb2_description:/home/ravi/pmb2_foxy_ws/install/pmb2_controller_configuration:${AMENT_PREFIX_PATH} CMAKE_PREFIX_PATH=/home/ravi/pmb2_foxy_ws/install/pmb2_bringup:/home/ravi/pmb2_foxy_ws/install/pmb2_description:/home/ravi/pmb2_foxy_ws/install/pmb2_controller_configuration:/opt/ros/foxy PYTHONPATH=/home/ravi/pmb2_foxy_ws/install/pmb2_description/lib/python3.8/site-packages:${PYTHONPATH} /usr/bin/cmake --install /home/ravi/pmb2_foxy_ws/build/pmb2_robot
