[0.386s] Invoking command in '/home/ravi/pmb2_foxy_ws/src/ros2_control/ros2controlcli': AMENT_PREFIX_PATH=/home/ravi/pmb2_foxy_ws/install/controller_manager:/home/ravi/pmb2_foxy_ws/install/controller_interface:/home/ravi/pmb2_foxy_ws/install/hardware_interface:/home/ravi/pmb2_foxy_ws/install/controller_manager_msgs:${AMENT_PREFIX_PATH} CMAKE_PREFIX_PATH=/home/ravi/pmb2_foxy_ws/install/controller_manager:/home/ravi/pmb2_foxy_ws/install/controller_interface:/home/ravi/pmb2_foxy_ws/install/hardware_interface:/home/ravi/pmb2_foxy_ws/install/ros2_control_test_assets:/home/ravi/pmb2_foxy_ws/install/controller_manager_msgs:/home/ravi/pmb2_foxy_ws/install/gazebo_ros_pkgs:/home/ravi/pmb2_foxy_ws/install/gazebo_plugins:/home/ravi/pmb2_foxy_ws/install/gazebo_ros:/home/ravi/pmb2_foxy_ws/install/gazebo_msgs:/home/ravi/pmb2_foxy_ws/install/gazebo_dev:/home/ravi/pmb2_foxy_ws/install/pal_gazebo_worlds:/home/ravi/pmb2_foxy_ws/install/pmb2_simulation:/home/ravi/pmb2_foxy_ws/install/pmb2_navigation:/home/ravi/pmb2_foxy_ws/install/pmb2_2dnav_gazebo:/home/ravi/pmb2_foxy_ws/install/pmb2_2dnav:/home/ravi/pmb2_foxy_ws/install/pmb2_maps:/home/ravi/pmb2_foxy_ws/install/pmb2_gazebo:/home/ravi/pmb2_foxy_ws/install/pmb2_robot:/home/ravi/pmb2_foxy_ws/install/pmb2_bringup:/home/ravi/pmb2_foxy_ws/install/pmb2_description:/home/ravi/pmb2_foxy_ws/install/pmb2_controller_configuration LD_LIBRARY_PATH=/home/ravi/pmb2_foxy_ws/install/controller_manager/lib:/home/ravi/pmb2_foxy_ws/install/controller_interface/lib:/home/ravi/pmb2_foxy_ws/install/hardware_interface/lib:/home/ravi/pmb2_foxy_ws/install/controller_manager_msgs/lib:${LD_LIBRARY_PATH} PYTHONPATH=/home/ravi/pmb2_foxy_ws/install/ros2controlcli/lib/python3.8/site-packages:/home/ravi/pmb2_foxy_ws/install/controller_manager/lib/python3.8/site-packages:/home/ravi/pmb2_foxy_ws/install/controller_manager_msgs/lib/python3.8/site-packages:${PYTHONPATH} /usr/bin/python3 setup.py egg_info --egg-base ../../../build/ros2controlcli build --build-base /home/ravi/pmb2_foxy_ws/build/ros2controlcli/build install --prefix /home/ravi/pmb2_foxy_ws/install/ros2controlcli --record /home/ravi/pmb2_foxy_ws/build/ros2controlcli/install.log --single-version-externally-managed
[0.517s] running egg_info
[0.517s] creating ../../../build/ros2controlcli/ros2controlcli.egg-info
[0.518s] writing ../../../build/ros2controlcli/ros2controlcli.egg-info/PKG-INFO
[0.518s] writing dependency_links to ../../../build/ros2controlcli/ros2controlcli.egg-info/dependency_links.txt
[0.518s] writing entry points to ../../../build/ros2controlcli/ros2controlcli.egg-info/entry_points.txt
[0.518s] writing requirements to ../../../build/ros2controlcli/ros2controlcli.egg-info/requires.txt
[0.518s] writing top-level names to ../../../build/ros2controlcli/ros2controlcli.egg-info/top_level.txt
[0.519s] writing manifest file '../../../build/ros2controlcli/ros2controlcli.egg-info/SOURCES.txt'
[0.543s] reading manifest file '../../../build/ros2controlcli/ros2controlcli.egg-info/SOURCES.txt'
[0.544s] writing manifest file '../../../build/ros2controlcli/ros2controlcli.egg-info/SOURCES.txt'
[0.544s] running build
[0.544s] running build_py
[0.548s] creating /home/ravi/pmb2_foxy_ws/build/ros2controlcli/build
[0.548s] creating /home/ravi/pmb2_foxy_ws/build/ros2controlcli/build/lib
[0.548s] creating /home/ravi/pmb2_foxy_ws/build/ros2controlcli/build/lib/ros2controlcli
[0.548s] copying ros2controlcli/__init__.py -> /home/ravi/pmb2_foxy_ws/build/ros2controlcli/build/lib/ros2controlcli
[0.549s] creating /home/ravi/pmb2_foxy_ws/build/ros2controlcli/build/lib/ros2controlcli/command
[0.549s] copying ros2controlcli/command/control.py -> /home/ravi/pmb2_foxy_ws/build/ros2controlcli/build/lib/ros2controlcli/command
[0.549s] copying ros2controlcli/command/__init__.py -> /home/ravi/pmb2_foxy_ws/build/ros2controlcli/build/lib/ros2controlcli/command
[0.553s] creating /home/ravi/pmb2_foxy_ws/build/ros2controlcli/build/lib/ros2controlcli/verb
[0.554s] copying ros2controlcli/verb/list_hardware_interfaces.py -> /home/ravi/pmb2_foxy_ws/build/ros2controlcli/build/lib/ros2controlcli/verb
[0.555s] copying ros2controlcli/verb/unload_controller.py -> /home/ravi/pmb2_foxy_ws/build/ros2controlcli/build/lib/ros2controlcli/verb
[0.555s] copying ros2controlcli/verb/load_configure_controller.py -> /home/ravi/pmb2_foxy_ws/build/ros2controlcli/build/lib/ros2controlcli/verb
[0.555s] copying ros2controlcli/verb/load_start_controller.py -> /home/ravi/pmb2_foxy_ws/build/ros2controlcli/build/lib/ros2controlcli/verb
[0.555s] copying ros2controlcli/verb/switch_controllers.py -> /home/ravi/pmb2_foxy_ws/build/ros2controlcli/build/lib/ros2controlcli/verb
[0.555s] copying ros2controlcli/verb/list_controllers.py -> /home/ravi/pmb2_foxy_ws/build/ros2controlcli/build/lib/ros2controlcli/verb
[0.556s] copying ros2controlcli/verb/set_controller_state.py -> /home/ravi/pmb2_foxy_ws/build/ros2controlcli/build/lib/ros2controlcli/verb
[0.556s] copying ros2controlcli/verb/list_controller_types.py -> /home/ravi/pmb2_foxy_ws/build/ros2controlcli/build/lib/ros2controlcli/verb
[0.561s] copying ros2controlcli/verb/reload_controller_libraries.py -> /home/ravi/pmb2_foxy_ws/build/ros2controlcli/build/lib/ros2controlcli/verb
[0.561s] copying ros2controlcli/verb/configure_controller.py -> /home/ravi/pmb2_foxy_ws/build/ros2controlcli/build/lib/ros2controlcli/verb
[0.562s] copying ros2controlcli/verb/configure_start_controller.py -> /home/ravi/pmb2_foxy_ws/build/ros2controlcli/build/lib/ros2controlcli/verb
[0.562s] copying ros2controlcli/verb/__init__.py -> /home/ravi/pmb2_foxy_ws/build/ros2controlcli/build/lib/ros2controlcli/verb
[0.562s] copying ros2controlcli/verb/load_controller.py -> /home/ravi/pmb2_foxy_ws/build/ros2controlcli/build/lib/ros2controlcli/verb
[0.562s] creating /home/ravi/pmb2_foxy_ws/build/ros2controlcli/build/lib/ros2controlcli/api
[0.562s] copying ros2controlcli/api/__init__.py -> /home/ravi/pmb2_foxy_ws/build/ros2controlcli/build/lib/ros2controlcli/api
[0.562s] running install
[0.562s] running install_lib
[0.562s] creating /home/ravi/pmb2_foxy_ws/install/ros2controlcli/lib/python3.8/site-packages/ros2controlcli
[0.562s] creating /home/ravi/pmb2_foxy_ws/install/ros2controlcli/lib/python3.8/site-packages/ros2controlcli/command
[0.562s] copying /home/ravi/pmb2_foxy_ws/build/ros2controlcli/build/lib/ros2controlcli/command/control.py -> /home/ravi/pmb2_foxy_ws/install/ros2controlcli/lib/python3.8/site-packages/ros2controlcli/command
[0.562s] copying /home/ravi/pmb2_foxy_ws/build/ros2controlcli/build/lib/ros2controlcli/command/__init__.py -> /home/ravi/pmb2_foxy_ws/install/ros2controlcli/lib/python3.8/site-packages/ros2controlcli/command
[0.562s] creating /home/ravi/pmb2_foxy_ws/install/ros2controlcli/lib/python3.8/site-packages/ros2controlcli/verb
[0.562s] copying /home/ravi/pmb2_foxy_ws/build/ros2controlcli/build/lib/ros2controlcli/verb/list_hardware_interfaces.py -> /home/ravi/pmb2_foxy_ws/install/ros2controlcli/lib/python3.8/site-packages/ros2controlcli/verb
[0.562s] copying /home/ravi/pmb2_foxy_ws/build/ros2controlcli/build/lib/ros2controlcli/verb/unload_controller.py -> /home/ravi/pmb2_foxy_ws/install/ros2controlcli/lib/python3.8/site-packages/ros2controlcli/verb
[0.563s] copying /home/ravi/pmb2_foxy_ws/build/ros2controlcli/build/lib/ros2controlcli/verb/load_configure_controller.py -> /home/ravi/pmb2_foxy_ws/install/ros2controlcli/lib/python3.8/site-packages/ros2controlcli/verb
[0.563s] copying /home/ravi/pmb2_foxy_ws/build/ros2controlcli/build/lib/ros2controlcli/verb/load_start_controller.py -> /home/ravi/pmb2_foxy_ws/install/ros2controlcli/lib/python3.8/site-packages/ros2controlcli/verb
[0.563s] copying /home/ravi/pmb2_foxy_ws/build/ros2controlcli/build/lib/ros2controlcli/verb/switch_controllers.py -> /home/ravi/pmb2_foxy_ws/install/ros2controlcli/lib/python3.8/site-packages/ros2controlcli/verb
[0.563s] copying /home/ravi/pmb2_foxy_ws/build/ros2controlcli/build/lib/ros2controlcli/verb/list_controllers.py -> /home/ravi/pmb2_foxy_ws/install/ros2controlcli/lib/python3.8/site-packages/ros2controlcli/verb
[0.563s] copying /home/ravi/pmb2_foxy_ws/build/ros2controlcli/build/lib/ros2controlcli/verb/set_controller_state.py -> /home/ravi/pmb2_foxy_ws/install/ros2controlcli/lib/python3.8/site-packages/ros2controlcli/verb
[0.563s] copying /home/ravi/pmb2_foxy_ws/build/ros2controlcli/build/lib/ros2controlcli/verb/list_controller_types.py -> /home/ravi/pmb2_foxy_ws/install/ros2controlcli/lib/python3.8/site-packages/ros2controlcli/verb
[0.563s] copying /home/ravi/pmb2_foxy_ws/build/ros2controlcli/build/lib/ros2controlcli/verb/reload_controller_libraries.py -> /home/ravi/pmb2_foxy_ws/install/ros2controlcli/lib/python3.8/site-packages/ros2controlcli/verb
[0.563s] copying /home/ravi/pmb2_foxy_ws/build/ros2controlcli/build/lib/ros2controlcli/verb/configure_controller.py -> /home/ravi/pmb2_foxy_ws/install/ros2controlcli/lib/python3.8/site-packages/ros2controlcli/verb
[0.563s] copying /home/ravi/pmb2_foxy_ws/build/ros2controlcli/build/lib/ros2controlcli/verb/configure_start_controller.py -> /home/ravi/pmb2_foxy_ws/install/ros2controlcli/lib/python3.8/site-packages/ros2controlcli/verb
[0.564s] copying /home/ravi/pmb2_foxy_ws/build/ros2controlcli/build/lib/ros2controlcli/verb/__init__.py -> /home/ravi/pmb2_foxy_ws/install/ros2controlcli/lib/python3.8/site-packages/ros2controlcli/verb
[0.564s] copying /home/ravi/pmb2_foxy_ws/build/ros2controlcli/build/lib/ros2controlcli/verb/load_controller.py -> /home/ravi/pmb2_foxy_ws/install/ros2controlcli/lib/python3.8/site-packages/ros2controlcli/verb
[0.564s] creating /home/ravi/pmb2_foxy_ws/install/ros2controlcli/lib/python3.8/site-packages/ros2controlcli/api
[0.564s] copying /home/ravi/pmb2_foxy_ws/build/ros2controlcli/build/lib/ros2controlcli/api/__init__.py -> /home/ravi/pmb2_foxy_ws/install/ros2controlcli/lib/python3.8/site-packages/ros2controlcli/api
[0.564s] copying /home/ravi/pmb2_foxy_ws/build/ros2controlcli/build/lib/ros2controlcli/__init__.py -> /home/ravi/pmb2_foxy_ws/install/ros2controlcli/lib/python3.8/site-packages/ros2controlcli
[0.564s] byte-compiling /home/ravi/pmb2_foxy_ws/install/ros2controlcli/lib/python3.8/site-packages/ros2controlcli/command/control.py to control.cpython-38.pyc
[0.565s] byte-compiling /home/ravi/pmb2_foxy_ws/install/ros2controlcli/lib/python3.8/site-packages/ros2controlcli/command/__init__.py to __init__.cpython-38.pyc
[0.565s] byte-compiling /home/ravi/pmb2_foxy_ws/install/ros2controlcli/lib/python3.8/site-packages/ros2controlcli/verb/list_hardware_interfaces.py to list_hardware_interfaces.cpython-38.pyc
[0.565s] byte-compiling /home/ravi/pmb2_foxy_ws/install/ros2controlcli/lib/python3.8/site-packages/ros2controlcli/verb/unload_controller.py to unload_controller.cpython-38.pyc
[0.565s] byte-compiling /home/ravi/pmb2_foxy_ws/install/ros2controlcli/lib/python3.8/site-packages/ros2controlcli/verb/load_configure_controller.py to load_configure_controller.cpython-38.pyc
[0.565s] byte-compiling /home/ravi/pmb2_foxy_ws/install/ros2controlcli/lib/python3.8/site-packages/ros2controlcli/verb/load_start_controller.py to load_start_controller.cpython-38.pyc
[0.566s] byte-compiling /home/ravi/pmb2_foxy_ws/install/ros2controlcli/lib/python3.8/site-packages/ros2controlcli/verb/switch_controllers.py to switch_controllers.cpython-38.pyc
[0.566s] byte-compiling /home/ravi/pmb2_foxy_ws/install/ros2controlcli/lib/python3.8/site-packages/ros2controlcli/verb/list_controllers.py to list_controllers.cpython-38.pyc
[0.567s] byte-compiling /home/ravi/pmb2_foxy_ws/install/ros2controlcli/lib/python3.8/site-packages/ros2controlcli/verb/set_controller_state.py to set_controller_state.cpython-38.pyc
[0.567s] byte-compiling /home/ravi/pmb2_foxy_ws/install/ros2controlcli/lib/python3.8/site-packages/ros2controlcli/verb/list_controller_types.py to list_controller_types.cpython-38.pyc
[0.567s] byte-compiling /home/ravi/pmb2_foxy_ws/install/ros2controlcli/lib/python3.8/site-packages/ros2controlcli/verb/reload_controller_libraries.py to reload_controller_libraries.cpython-38.pyc
[0.567s] byte-compiling /home/ravi/pmb2_foxy_ws/install/ros2controlcli/lib/python3.8/site-packages/ros2controlcli/verb/configure_controller.py to configure_controller.cpython-38.pyc
[0.568s] byte-compiling /home/ravi/pmb2_foxy_ws/install/ros2controlcli/lib/python3.8/site-packages/ros2controlcli/verb/configure_start_controller.py to configure_start_controller.cpython-38.pyc
[0.568s] byte-compiling /home/ravi/pmb2_foxy_ws/install/ros2controlcli/lib/python3.8/site-packages/ros2controlcli/verb/__init__.py to __init__.cpython-38.pyc
[0.568s] byte-compiling /home/ravi/pmb2_foxy_ws/install/ros2controlcli/lib/python3.8/site-packages/ros2controlcli/verb/load_controller.py to load_controller.cpython-38.pyc
[0.569s] byte-compiling /home/ravi/pmb2_foxy_ws/install/ros2controlcli/lib/python3.8/site-packages/ros2controlcli/api/__init__.py to __init__.cpython-38.pyc
[0.569s] byte-compiling /home/ravi/pmb2_foxy_ws/install/ros2controlcli/lib/python3.8/site-packages/ros2controlcli/__init__.py to __init__.cpython-38.pyc
[0.569s] running install_data
[0.569s] copying package.xml -> /home/ravi/pmb2_foxy_ws/install/ros2controlcli/share/ros2controlcli
[0.569s] creating /home/ravi/pmb2_foxy_ws/install/ros2controlcli/share/ament_index
[0.569s] creating /home/ravi/pmb2_foxy_ws/install/ros2controlcli/share/ament_index/resource_index
[0.569s] creating /home/ravi/pmb2_foxy_ws/install/ros2controlcli/share/ament_index/resource_index/packages
[0.569s] copying resource/ros2controlcli -> /home/ravi/pmb2_foxy_ws/install/ros2controlcli/share/ament_index/resource_index/packages
[0.570s] running install_egg_info
[0.571s] Copying ../../../build/ros2controlcli/ros2controlcli.egg-info to /home/ravi/pmb2_foxy_ws/install/ros2controlcli/lib/python3.8/site-packages/ros2controlcli-0.11.0-py3.8.egg-info
[0.571s] running install_scripts
[0.581s] writing list of installed files to '/home/ravi/pmb2_foxy_ws/build/ros2controlcli/install.log'
[0.599s] Invoked command in '/home/ravi/pmb2_foxy_ws/src/ros2_control/ros2controlcli' returned '0': AMENT_PREFIX_PATH=/home/ravi/pmb2_foxy_ws/install/controller_manager:/home/ravi/pmb2_foxy_ws/install/controller_interface:/home/ravi/pmb2_foxy_ws/install/hardware_interface:/home/ravi/pmb2_foxy_ws/install/controller_manager_msgs:${AMENT_PREFIX_PATH} CMAKE_PREFIX_PATH=/home/ravi/pmb2_foxy_ws/install/controller_manager:/home/ravi/pmb2_foxy_ws/install/controller_interface:/home/ravi/pmb2_foxy_ws/install/hardware_interface:/home/ravi/pmb2_foxy_ws/install/ros2_control_test_assets:/home/ravi/pmb2_foxy_ws/install/controller_manager_msgs:/home/ravi/pmb2_foxy_ws/install/gazebo_ros_pkgs:/home/ravi/pmb2_foxy_ws/install/gazebo_plugins:/home/ravi/pmb2_foxy_ws/install/gazebo_ros:/home/ravi/pmb2_foxy_ws/install/gazebo_msgs:/home/ravi/pmb2_foxy_ws/install/gazebo_dev:/home/ravi/pmb2_foxy_ws/install/pal_gazebo_worlds:/home/ravi/pmb2_foxy_ws/install/pmb2_simulation:/home/ravi/pmb2_foxy_ws/install/pmb2_navigation:/home/ravi/pmb2_foxy_ws/install/pmb2_2dnav_gazebo:/home/ravi/pmb2_foxy_ws/install/pmb2_2dnav:/home/ravi/pmb2_foxy_ws/install/pmb2_maps:/home/ravi/pmb2_foxy_ws/install/pmb2_gazebo:/home/ravi/pmb2_foxy_ws/install/pmb2_robot:/home/ravi/pmb2_foxy_ws/install/pmb2_bringup:/home/ravi/pmb2_foxy_ws/install/pmb2_description:/home/ravi/pmb2_foxy_ws/install/pmb2_controller_configuration LD_LIBRARY_PATH=/home/ravi/pmb2_foxy_ws/install/controller_manager/lib:/home/ravi/pmb2_foxy_ws/install/controller_interface/lib:/home/ravi/pmb2_foxy_ws/install/hardware_interface/lib:/home/ravi/pmb2_foxy_ws/install/controller_manager_msgs/lib:${LD_LIBRARY_PATH} PYTHONPATH=/home/ravi/pmb2_foxy_ws/install/ros2controlcli/lib/python3.8/site-packages:/home/ravi/pmb2_foxy_ws/install/controller_manager/lib/python3.8/site-packages:/home/ravi/pmb2_foxy_ws/install/controller_manager_msgs/lib/python3.8/site-packages:${PYTHONPATH} /usr/bin/python3 setup.py egg_info --egg-base ../../../build/ros2controlcli build --build-base /home/ravi/pmb2_foxy_ws/build/ros2controlcli/build install --prefix /home/ravi/pmb2_foxy_ws/install/ros2controlcli --record /home/ravi/pmb2_foxy_ws/build/ros2controlcli/install.log --single-version-externally-managed
