[0.009s] Invoking command in '/home/ravi/pmb2_foxy_ws/build/pmb2_navigation': CMAKE_PREFIX_PATH=/home/ravi/pmb2_foxy_ws/install/pmb2_2dnav:/home/ravi/pmb2_foxy_ws/install/pmb2_maps:/home/ravi/pmb2_foxy_ws/install/pal_gazebo_worlds:/home/ravi/pmb2_foxy_ws/install/pmb2_simulation:/home/ravi/pmb2_foxy_ws/install/pmb2_navigation:/home/ravi/pmb2_foxy_ws/install/pmb2_2dnav_gazebo:/home/ravi/pmb2_foxy_ws/install/pmb2_gazebo:/home/ravi/pmb2_foxy_ws/install/pmb2_robot:/home/ravi/pmb2_foxy_ws/install/pmb2_bringup:/home/ravi/pmb2_foxy_ws/install/pmb2_description:/home/ravi/pmb2_foxy_ws/install/pmb2_controller_configuration:/home/ravi/pmb2_foxy_ws/install/launch_pal:/opt/ros/foxy /usr/bin/cmake /home/ravi/pmb2_foxy_ws/src/pmb2_navigation/pmb2_navigation -DCMAKE_INSTALL_PREFIX=/home/ravi/pmb2_foxy_ws/install/pmb2_navigation
[0.018s] -- Found ament_cmake_auto: 0.9.9 (/opt/ros/foxy/share/ament_cmake_auto/cmake)
[0.036s] -- Using PYTHON_EXECUTABLE: /usr/bin/python3
[0.147s] -- Override CMake install command with custom implementation using symlinks instead of copying resources
[0.194s] -- Configuring done
[0.195s] -- Generating done
[0.195s] -- Build files have been written to: /home/ravi/pmb2_foxy_ws/build/pmb2_navigation
[0.197s] Invoked command in '/home/ravi/pmb2_foxy_ws/build/pmb2_navigation' returned '0': CMAKE_PREFIX_PATH=/home/ravi/pmb2_foxy_ws/install/pmb2_2dnav:/home/ravi/pmb2_foxy_ws/install/pmb2_maps:/home/ravi/pmb2_foxy_ws/install/pal_gazebo_worlds:/home/ravi/pmb2_foxy_ws/install/pmb2_simulation:/home/ravi/pmb2_foxy_ws/install/pmb2_navigation:/home/ravi/pmb2_foxy_ws/install/pmb2_2dnav_gazebo:/home/ravi/pmb2_foxy_ws/install/pmb2_gazebo:/home/ravi/pmb2_foxy_ws/install/pmb2_robot:/home/ravi/pmb2_foxy_ws/install/pmb2_bringup:/home/ravi/pmb2_foxy_ws/install/pmb2_description:/home/ravi/pmb2_foxy_ws/install/pmb2_controller_configuration:/home/ravi/pmb2_foxy_ws/install/launch_pal:/opt/ros/foxy /usr/bin/cmake /home/ravi/pmb2_foxy_ws/src/pmb2_navigation/pmb2_navigation -DCMAKE_INSTALL_PREFIX=/home/ravi/pmb2_foxy_ws/install/pmb2_navigation
[0.198s] Invoking command in '/home/ravi/pmb2_foxy_ws/build/pmb2_navigation': CMAKE_PREFIX_PATH=/home/ravi/pmb2_foxy_ws/install/pmb2_2dnav:/home/ravi/pmb2_foxy_ws/install/pmb2_maps:/home/ravi/pmb2_foxy_ws/install/pal_gazebo_worlds:/home/ravi/pmb2_foxy_ws/install/pmb2_simulation:/home/ravi/pmb2_foxy_ws/install/pmb2_navigation:/home/ravi/pmb2_foxy_ws/install/pmb2_2dnav_gazebo:/home/ravi/pmb2_foxy_ws/install/pmb2_gazebo:/home/ravi/pmb2_foxy_ws/install/pmb2_robot:/home/ravi/pmb2_foxy_ws/install/pmb2_bringup:/home/ravi/pmb2_foxy_ws/install/pmb2_description:/home/ravi/pmb2_foxy_ws/install/pmb2_controller_configuration:/home/ravi/pmb2_foxy_ws/install/launch_pal:/opt/ros/foxy /usr/bin/cmake --build /home/ravi/pmb2_foxy_ws/build/pmb2_navigation -- -j8 -l8
[0.226s] Invoked command in '/home/ravi/pmb2_foxy_ws/build/pmb2_navigation' returned '0': CMAKE_PREFIX_PATH=/home/ravi/pmb2_foxy_ws/install/pmb2_2dnav:/home/ravi/pmb2_foxy_ws/install/pmb2_maps:/home/ravi/pmb2_foxy_ws/install/pal_gazebo_worlds:/home/ravi/pmb2_foxy_ws/install/pmb2_simulation:/home/ravi/pmb2_foxy_ws/install/pmb2_navigation:/home/ravi/pmb2_foxy_ws/install/pmb2_2dnav_gazebo:/home/ravi/pmb2_foxy_ws/install/pmb2_gazebo:/home/ravi/pmb2_foxy_ws/install/pmb2_robot:/home/ravi/pmb2_foxy_ws/install/pmb2_bringup:/home/ravi/pmb2_foxy_ws/install/pmb2_description:/home/ravi/pmb2_foxy_ws/install/pmb2_controller_configuration:/home/ravi/pmb2_foxy_ws/install/launch_pal:/opt/ros/foxy /usr/bin/cmake --build /home/ravi/pmb2_foxy_ws/build/pmb2_navigation -- -j8 -l8
[0.242s] Invoking command in '/home/ravi/pmb2_foxy_ws/build/pmb2_navigation': CMAKE_PREFIX_PATH=/home/ravi/pmb2_foxy_ws/install/pmb2_2dnav:/home/ravi/pmb2_foxy_ws/install/pmb2_maps:/home/ravi/pmb2_foxy_ws/install/pal_gazebo_worlds:/home/ravi/pmb2_foxy_ws/install/pmb2_simulation:/home/ravi/pmb2_foxy_ws/install/pmb2_navigation:/home/ravi/pmb2_foxy_ws/install/pmb2_2dnav_gazebo:/home/ravi/pmb2_foxy_ws/install/pmb2_gazebo:/home/ravi/pmb2_foxy_ws/install/pmb2_robot:/home/ravi/pmb2_foxy_ws/install/pmb2_bringup:/home/ravi/pmb2_foxy_ws/install/pmb2_description:/home/ravi/pmb2_foxy_ws/install/pmb2_controller_configuration:/home/ravi/pmb2_foxy_ws/install/launch_pal:/opt/ros/foxy /usr/bin/cmake --install /home/ravi/pmb2_foxy_ws/build/pmb2_navigation
[0.248s] -- Install configuration: ""
[0.248s] -- Execute custom install script
[0.248s] -- Up-to-date symlink: /home/ravi/pmb2_foxy_ws/install/pmb2_navigation/share/ament_index/resource_index/package_run_dependencies/pmb2_navigation
[0.249s] -- Up-to-date symlink: /home/ravi/pmb2_foxy_ws/install/pmb2_navigation/share/ament_index/resource_index/parent_prefix_path/pmb2_navigation
[0.249s] -- Up-to-date symlink: /home/ravi/pmb2_foxy_ws/install/pmb2_navigation/share/pmb2_navigation/environment/ament_prefix_path.sh
[0.249s] -- Up-to-date symlink: /home/ravi/pmb2_foxy_ws/install/pmb2_navigation/share/pmb2_navigation/environment/ament_prefix_path.dsv
[0.249s] -- Up-to-date symlink: /home/ravi/pmb2_foxy_ws/install/pmb2_navigation/share/pmb2_navigation/environment/path.sh
[0.249s] -- Up-to-date symlink: /home/ravi/pmb2_foxy_ws/install/pmb2_navigation/share/pmb2_navigation/environment/path.dsv
[0.249s] -- Up-to-date symlink: /home/ravi/pmb2_foxy_ws/install/pmb2_navigation/share/pmb2_navigation/local_setup.bash
[0.249s] -- Up-to-date symlink: /home/ravi/pmb2_foxy_ws/install/pmb2_navigation/share/pmb2_navigation/local_setup.sh
[0.249s] -- Up-to-date symlink: /home/ravi/pmb2_foxy_ws/install/pmb2_navigation/share/pmb2_navigation/local_setup.zsh
[0.250s] -- Up-to-date symlink: /home/ravi/pmb2_foxy_ws/install/pmb2_navigation/share/pmb2_navigation/local_setup.dsv
[0.250s] -- Symlinking: /home/ravi/pmb2_foxy_ws/install/pmb2_navigation/share/pmb2_navigation/package.dsv
[0.256s] -- Up-to-date symlink: /home/ravi/pmb2_foxy_ws/install/pmb2_navigation/share/ament_index/resource_index/packages/pmb2_navigation
[0.256s] -- Up-to-date symlink: /home/ravi/pmb2_foxy_ws/install/pmb2_navigation/share/pmb2_navigation/cmake/pmb2_navigationConfig.cmake
[0.256s] -- Up-to-date symlink: /home/ravi/pmb2_foxy_ws/install/pmb2_navigation/share/pmb2_navigation/cmake/pmb2_navigationConfig-version.cmake
[0.256s] -- Up-to-date symlink: /home/ravi/pmb2_foxy_ws/install/pmb2_navigation/share/pmb2_navigation/package.xml
[0.260s] Invoked command in '/home/ravi/pmb2_foxy_ws/build/pmb2_navigation' returned '0': CMAKE_PREFIX_PATH=/home/ravi/pmb2_foxy_ws/install/pmb2_2dnav:/home/ravi/pmb2_foxy_ws/install/pmb2_maps:/home/ravi/pmb2_foxy_ws/install/pal_gazebo_worlds:/home/ravi/pmb2_foxy_ws/install/pmb2_simulation:/home/ravi/pmb2_foxy_ws/install/pmb2_navigation:/home/ravi/pmb2_foxy_ws/install/pmb2_2dnav_gazebo:/home/ravi/pmb2_foxy_ws/install/pmb2_gazebo:/home/ravi/pmb2_foxy_ws/install/pmb2_robot:/home/ravi/pmb2_foxy_ws/install/pmb2_bringup:/home/ravi/pmb2_foxy_ws/install/pmb2_description:/home/ravi/pmb2_foxy_ws/install/pmb2_controller_configuration:/home/ravi/pmb2_foxy_ws/install/launch_pal:/opt/ros/foxy /usr/bin/cmake --install /home/ravi/pmb2_foxy_ws/build/pmb2_navigation
