[0.053s] Invoking command in '/home/ravi/pmb2_foxy_ws/build/teleop_tools_msgs': CMAKE_PREFIX_PATH=${CMAKE_PREFIX_PATH}:/home/ravi/pmb2_foxy_ws/install/joy_teleop:/home/ravi/pmb2_foxy_ws/install/mouse_teleop:/home/ravi/pmb2_foxy_ws/install/key_teleop:/home/ravi/pmb2_foxy_ws/install/ros2controlcli:/home/ravi/pmb2_foxy_ws/install/launch_pal:/opt/ros/foxy /usr/bin/cmake --build /home/ravi/pmb2_foxy_ws/build/teleop_tools_msgs -- -j8 -l8
[0.407s] [  3%] Built target teleop_tools_msgs__cpp
[0.407s] [ 12%] Built target teleop_tools_msgs__rosidl_generator_c
[0.407s] [ 22%] Built target teleop_tools_msgs__rosidl_typesupport_introspection_cpp
[0.407s] [ 32%] Built target teleop_tools_msgs__rosidl_typesupport_cpp
[0.408s] [ 41%] Built target teleop_tools_msgs__rosidl_typesupport_introspection_c
[0.408s] [ 51%] Built target teleop_tools_msgs__rosidl_typesupport_fastrtps_cpp
[0.408s] [ 61%] Built target teleop_tools_msgs__rosidl_typesupport_c
[0.408s] [ 70%] Built target teleop_tools_msgs__rosidl_typesupport_fastrtps_c
[0.408s] [ 70%] Built target teleop_tools_msgs
[0.408s] [ 74%] Built target teleop_tools_msgs__py
[0.408s] [ 80%] Built target teleop_tools_msgs__python
[0.408s] [ 87%] Built target teleop_tools_msgs__rosidl_typesupport_fastrtps_c__pyext
[0.408s] [ 93%] Built target teleop_tools_msgs__rosidl_typesupport_introspection_c__pyext
[0.408s] [100%] Built target teleop_tools_msgs__rosidl_typesupport_c__pyext
[0.410s] Invoked command in '/home/ravi/pmb2_foxy_ws/build/teleop_tools_msgs' returned '0': CMAKE_PREFIX_PATH=${CMAKE_PREFIX_PATH}:/home/ravi/pmb2_foxy_ws/install/joy_teleop:/home/ravi/pmb2_foxy_ws/install/mouse_teleop:/home/ravi/pmb2_foxy_ws/install/key_teleop:/home/ravi/pmb2_foxy_ws/install/ros2controlcli:/home/ravi/pmb2_foxy_ws/install/launch_pal:/opt/ros/foxy /usr/bin/cmake --build /home/ravi/pmb2_foxy_ws/build/teleop_tools_msgs -- -j8 -l8
[0.465s] Invoking command in '/home/ravi/pmb2_foxy_ws/build/teleop_tools_msgs': CMAKE_PREFIX_PATH=${CMAKE_PREFIX_PATH}:/home/ravi/pmb2_foxy_ws/install/joy_teleop:/home/ravi/pmb2_foxy_ws/install/mouse_teleop:/home/ravi/pmb2_foxy_ws/install/key_teleop:/home/ravi/pmb2_foxy_ws/install/ros2controlcli:/home/ravi/pmb2_foxy_ws/install/launch_pal:/opt/ros/foxy /usr/bin/cmake --install /home/ravi/pmb2_foxy_ws/build/teleop_tools_msgs
[0.489s] -- Install configuration: ""
[0.489s] -- Execute custom install script
[0.489s] -- Up-to-date symlink: /home/ravi/pmb2_foxy_ws/install/teleop_tools_msgs/share/ament_index/resource_index/rosidl_interfaces/teleop_tools_msgs
[0.491s] -- Up-to-date symlink: /home/ravi/pmb2_foxy_ws/install/teleop_tools_msgs/include/teleop_tools_msgs/action/detail/increment__functions.h
[0.491s] -- Up-to-date symlink: /home/ravi/pmb2_foxy_ws/install/teleop_tools_msgs/include/teleop_tools_msgs/action/detail/increment__struct.h
[0.491s] -- Up-to-date symlink: /home/ravi/pmb2_foxy_ws/install/teleop_tools_msgs/include/teleop_tools_msgs/action/detail/increment__type_support.h
[0.491s] -- Up-to-date symlink: /home/ravi/pmb2_foxy_ws/install/teleop_tools_msgs/include/teleop_tools_msgs/action/increment.h
[0.491s] -- Up-to-date symlink: /home/ravi/pmb2_foxy_ws/install/teleop_tools_msgs/include/teleop_tools_msgs/msg/rosidl_generator_c__visibility_control.h
[0.491s] -- Up-to-date symlink: /home/ravi/pmb2_foxy_ws/install/teleop_tools_msgs/share/teleop_tools_msgs/environment/library_path.sh
[0.494s] -- Up-to-date symlink: /home/ravi/pmb2_foxy_ws/install/teleop_tools_msgs/share/teleop_tools_msgs/environment/library_path.dsv
[0.495s] -- Up-to-date symlink: /home/ravi/pmb2_foxy_ws/install/teleop_tools_msgs/include/teleop_tools_msgs/action/detail/increment__rosidl_typesupport_fastrtps_c.h
[0.495s] -- Up-to-date symlink: /home/ravi/pmb2_foxy_ws/install/teleop_tools_msgs/include/teleop_tools_msgs/msg/rosidl_typesupport_fastrtps_c__visibility_control.h
[0.495s] -- Up-to-date symlink: /home/ravi/pmb2_foxy_ws/install/teleop_tools_msgs/lib/libteleop_tools_msgs__rosidl_typesupport_fastrtps_c.so
[0.495s] -- Up-to-date symlink: /home/ravi/pmb2_foxy_ws/install/teleop_tools_msgs/include/teleop_tools_msgs/action/detail/increment__rosidl_typesupport_fastrtps_cpp.hpp
[0.495s] -- Up-to-date symlink: /home/ravi/pmb2_foxy_ws/install/teleop_tools_msgs/include/teleop_tools_msgs/msg/rosidl_typesupport_fastrtps_cpp__visibility_control.h
[0.495s] -- Up-to-date symlink: /home/ravi/pmb2_foxy_ws/install/teleop_tools_msgs/lib/libteleop_tools_msgs__rosidl_typesupport_fastrtps_cpp.so
[0.496s] -- Up-to-date symlink: /home/ravi/pmb2_foxy_ws/install/teleop_tools_msgs/include/teleop_tools_msgs/action/detail/increment__rosidl_typesupport_introspection_c.h
[0.496s] -- Up-to-date symlink: /home/ravi/pmb2_foxy_ws/install/teleop_tools_msgs/include/teleop_tools_msgs/msg/rosidl_typesupport_introspection_c__visibility_control.h
[0.496s] -- Up-to-date symlink: /home/ravi/pmb2_foxy_ws/install/teleop_tools_msgs/include/teleop_tools_msgs/action/detail/increment__builder.hpp
[0.496s] -- Up-to-date symlink: /home/ravi/pmb2_foxy_ws/install/teleop_tools_msgs/include/teleop_tools_msgs/action/detail/increment__struct.hpp
[0.496s] -- Up-to-date symlink: /home/ravi/pmb2_foxy_ws/install/teleop_tools_msgs/include/teleop_tools_msgs/action/detail/increment__traits.hpp
[0.496s] -- Up-to-date symlink: /home/ravi/pmb2_foxy_ws/install/teleop_tools_msgs/include/teleop_tools_msgs/action/increment.hpp
[0.496s] -- Up-to-date symlink: /home/ravi/pmb2_foxy_ws/install/teleop_tools_msgs/include/teleop_tools_msgs/action/detail/increment__rosidl_typesupport_introspection_cpp.hpp
[0.496s] -- Up-to-date symlink: /home/ravi/pmb2_foxy_ws/install/teleop_tools_msgs/share/teleop_tools_msgs/environment/pythonpath.sh
[0.496s] -- Up-to-date symlink: /home/ravi/pmb2_foxy_ws/install/teleop_tools_msgs/share/teleop_tools_msgs/environment/pythonpath.dsv
[0.496s] -- Up-to-date symlink: /home/ravi/pmb2_foxy_ws/install/teleop_tools_msgs/lib/python3.8/site-packages/teleop_tools_msgs/__init__.py
[0.496s] -- Up-to-date symlink: /home/ravi/pmb2_foxy_ws/install/teleop_tools_msgs/lib/python3.8/site-packages/teleop_tools_msgs/action/__init__.py
[0.497s] -- Up-to-date symlink: /home/ravi/pmb2_foxy_ws/install/teleop_tools_msgs/lib/python3.8/site-packages/teleop_tools_msgs/action/_increment.py
[0.498s] -- Up-to-date symlink: /home/ravi/pmb2_foxy_ws/install/teleop_tools_msgs/lib/python3.8/site-packages/teleop_tools_msgs/teleop_tools_msgs_s__rosidl_typesupport_fastrtps_c.cpython-38-x86_64-linux-gnu.so
[0.498s] -- Up-to-date symlink: /home/ravi/pmb2_foxy_ws/install/teleop_tools_msgs/lib/python3.8/site-packages/teleop_tools_msgs/teleop_tools_msgs_s__rosidl_typesupport_introspection_c.cpython-38-x86_64-linux-gnu.so
[0.498s] -- Up-to-date symlink: /home/ravi/pmb2_foxy_ws/install/teleop_tools_msgs/lib/python3.8/site-packages/teleop_tools_msgs/teleop_tools_msgs_s__rosidl_typesupport_c.cpython-38-x86_64-linux-gnu.so
[0.499s] -- Up-to-date symlink: /home/ravi/pmb2_foxy_ws/install/teleop_tools_msgs/lib/libteleop_tools_msgs__python.so
[0.499s] -- Up-to-date symlink: /home/ravi/pmb2_foxy_ws/install/teleop_tools_msgs/share/teleop_tools_msgs/action/Increment.idl
[0.499s] -- Up-to-date symlink: /home/ravi/pmb2_foxy_ws/install/teleop_tools_msgs/share/teleop_tools_msgs/action/Increment.action
[0.499s] -- Up-to-date symlink: /home/ravi/pmb2_foxy_ws/install/teleop_tools_msgs/share/ament_index/resource_index/package_run_dependencies/teleop_tools_msgs
[0.499s] -- Up-to-date symlink: /home/ravi/pmb2_foxy_ws/install/teleop_tools_msgs/share/ament_index/resource_index/parent_prefix_path/teleop_tools_msgs
[0.499s] -- Up-to-date symlink: /home/ravi/pmb2_foxy_ws/install/teleop_tools_msgs/share/teleop_tools_msgs/environment/ament_prefix_path.sh
[0.500s] -- Up-to-date symlink: /home/ravi/pmb2_foxy_ws/install/teleop_tools_msgs/share/teleop_tools_msgs/environment/ament_prefix_path.dsv
[0.501s] -- Up-to-date symlink: /home/ravi/pmb2_foxy_ws/install/teleop_tools_msgs/share/teleop_tools_msgs/environment/path.sh
[0.502s] -- Up-to-date symlink: /home/ravi/pmb2_foxy_ws/install/teleop_tools_msgs/share/teleop_tools_msgs/environment/path.dsv
[0.502s] -- Up-to-date symlink: /home/ravi/pmb2_foxy_ws/install/teleop_tools_msgs/share/teleop_tools_msgs/local_setup.bash
[0.505s] -- Up-to-date symlink: /home/ravi/pmb2_foxy_ws/install/teleop_tools_msgs/share/teleop_tools_msgs/local_setup.sh
[0.506s] -- Up-to-date symlink: /home/ravi/pmb2_foxy_ws/install/teleop_tools_msgs/share/teleop_tools_msgs/local_setup.zsh
[0.506s] -- Up-to-date symlink: /home/ravi/pmb2_foxy_ws/install/teleop_tools_msgs/share/teleop_tools_msgs/local_setup.dsv
[0.506s] -- Symlinking: /home/ravi/pmb2_foxy_ws/install/teleop_tools_msgs/share/teleop_tools_msgs/package.dsv
[0.512s] -- Up-to-date symlink: /home/ravi/pmb2_foxy_ws/install/teleop_tools_msgs/share/ament_index/resource_index/packages/teleop_tools_msgs
[0.512s] -- Up-to-date symlink: /home/ravi/pmb2_foxy_ws/install/teleop_tools_msgs/share/teleop_tools_msgs/cmake/rosidl_cmake-extras.cmake
[0.512s] -- Up-to-date symlink: /home/ravi/pmb2_foxy_ws/install/teleop_tools_msgs/share/teleop_tools_msgs/cmake/ament_cmake_export_dependencies-extras.cmake
[0.512s] -- Up-to-date symlink: /home/ravi/pmb2_foxy_ws/install/teleop_tools_msgs/share/teleop_tools_msgs/cmake/ament_cmake_export_libraries-extras.cmake
[0.512s] -- Up-to-date symlink: /home/ravi/pmb2_foxy_ws/install/teleop_tools_msgs/share/teleop_tools_msgs/cmake/ament_cmake_export_targets-extras.cmake
[0.512s] -- Up-to-date symlink: /home/ravi/pmb2_foxy_ws/install/teleop_tools_msgs/share/teleop_tools_msgs/cmake/ament_cmake_export_include_directories-extras.cmake
[0.513s] -- Up-to-date symlink: /home/ravi/pmb2_foxy_ws/install/teleop_tools_msgs/share/teleop_tools_msgs/cmake/rosidl_cmake_export_typesupport_libraries-extras.cmake
[0.513s] -- Up-to-date symlink: /home/ravi/pmb2_foxy_ws/install/teleop_tools_msgs/share/teleop_tools_msgs/cmake/rosidl_cmake_export_typesupport_targets-extras.cmake
[0.513s] -- Up-to-date symlink: /home/ravi/pmb2_foxy_ws/install/teleop_tools_msgs/share/teleop_tools_msgs/cmake/teleop_tools_msgsConfig.cmake
[0.513s] -- Up-to-date symlink: /home/ravi/pmb2_foxy_ws/install/teleop_tools_msgs/share/teleop_tools_msgs/cmake/teleop_tools_msgsConfig-version.cmake
[0.513s] -- Up-to-date symlink: /home/ravi/pmb2_foxy_ws/install/teleop_tools_msgs/share/teleop_tools_msgs/package.xml
[0.513s] -- Up-to-date: /home/ravi/pmb2_foxy_ws/install/teleop_tools_msgs/lib/libteleop_tools_msgs__rosidl_generator_c.so
[0.514s] -- Up-to-date: /home/ravi/pmb2_foxy_ws/install/teleop_tools_msgs/lib/libteleop_tools_msgs__rosidl_typesupport_introspection_c.so
[0.514s] -- Up-to-date: /home/ravi/pmb2_foxy_ws/install/teleop_tools_msgs/lib/libteleop_tools_msgs__rosidl_typesupport_c.so
[0.514s] -- Up-to-date: /home/ravi/pmb2_foxy_ws/install/teleop_tools_msgs/lib/libteleop_tools_msgs__rosidl_typesupport_introspection_cpp.so
[0.515s] -- Up-to-date: /home/ravi/pmb2_foxy_ws/install/teleop_tools_msgs/lib/libteleop_tools_msgs__rosidl_typesupport_cpp.so
[0.557s] -- Up-to-date: /home/ravi/pmb2_foxy_ws/install/teleop_tools_msgs/share/teleop_tools_msgs/cmake/teleop_tools_msgs__rosidl_generator_cExport.cmake
[0.558s] -- Up-to-date: /home/ravi/pmb2_foxy_ws/install/teleop_tools_msgs/share/teleop_tools_msgs/cmake/teleop_tools_msgs__rosidl_generator_cExport-noconfig.cmake
[0.558s] -- Up-to-date: /home/ravi/pmb2_foxy_ws/install/teleop_tools_msgs/share/teleop_tools_msgs/cmake/teleop_tools_msgs__rosidl_typesupport_introspection_cExport.cmake
[0.558s] -- Up-to-date: /home/ravi/pmb2_foxy_ws/install/teleop_tools_msgs/share/teleop_tools_msgs/cmake/teleop_tools_msgs__rosidl_typesupport_introspection_cExport-noconfig.cmake
[0.558s] -- Up-to-date: /home/ravi/pmb2_foxy_ws/install/teleop_tools_msgs/share/teleop_tools_msgs/cmake/teleop_tools_msgs__rosidl_typesupport_cExport.cmake
[0.558s] -- Up-to-date: /home/ravi/pmb2_foxy_ws/install/teleop_tools_msgs/share/teleop_tools_msgs/cmake/teleop_tools_msgs__rosidl_typesupport_cExport-noconfig.cmake
[0.559s] -- Up-to-date: /home/ravi/pmb2_foxy_ws/install/teleop_tools_msgs/share/teleop_tools_msgs/cmake/teleop_tools_msgs__rosidl_generator_cppExport.cmake
[0.559s] -- Up-to-date: /home/ravi/pmb2_foxy_ws/install/teleop_tools_msgs/share/teleop_tools_msgs/cmake/teleop_tools_msgs__rosidl_typesupport_introspection_cppExport.cmake
[0.560s] -- Up-to-date: /home/ravi/pmb2_foxy_ws/install/teleop_tools_msgs/share/teleop_tools_msgs/cmake/teleop_tools_msgs__rosidl_typesupport_introspection_cppExport-noconfig.cmake
[0.561s] -- Up-to-date: /home/ravi/pmb2_foxy_ws/install/teleop_tools_msgs/share/teleop_tools_msgs/cmake/teleop_tools_msgs__rosidl_typesupport_cppExport.cmake
[0.561s] -- Up-to-date: /home/ravi/pmb2_foxy_ws/install/teleop_tools_msgs/share/teleop_tools_msgs/cmake/teleop_tools_msgs__rosidl_typesupport_cppExport-noconfig.cmake
[0.586s] Invoked command in '/home/ravi/pmb2_foxy_ws/build/teleop_tools_msgs' returned '0': CMAKE_PREFIX_PATH=${CMAKE_PREFIX_PATH}:/home/ravi/pmb2_foxy_ws/install/joy_teleop:/home/ravi/pmb2_foxy_ws/install/mouse_teleop:/home/ravi/pmb2_foxy_ws/install/key_teleop:/home/ravi/pmb2_foxy_ws/install/ros2controlcli:/home/ravi/pmb2_foxy_ws/install/launch_pal:/opt/ros/foxy /usr/bin/cmake --install /home/ravi/pmb2_foxy_ws/build/teleop_tools_msgs
