[0.456s] Invoking command in '/home/ravi/pmb2_foxy_ws/build/launch_pal': PYTHONPATH=/home/ravi/pmb2_foxy_ws/install/launch_pal/lib/python3.8/site-packages:${PYTHONPATH} /usr/bin/python3 setup.py develop --prefix /home/ravi/pmb2_foxy_ws/install/launch_pal --uninstall --editable --build-directory /home/ravi/pmb2_foxy_ws/build/launch_pal/build
[0.600s] running develop
[0.686s] Invoked command in '/home/ravi/pmb2_foxy_ws/build/launch_pal' returned '0': PYTHONPATH=/home/ravi/pmb2_foxy_ws/install/launch_pal/lib/python3.8/site-packages:${PYTHONPATH} /usr/bin/python3 setup.py develop --prefix /home/ravi/pmb2_foxy_ws/install/launch_pal --uninstall --editable --build-directory /home/ravi/pmb2_foxy_ws/build/launch_pal/build
[0.688s] Invoking command in '/home/ravi/pmb2_foxy_ws/src/launch_pal': PYTHONPATH=/home/ravi/pmb2_foxy_ws/install/launch_pal/lib/python3.8/site-packages:${PYTHONPATH} /usr/bin/python3 setup.py egg_info --egg-base ../../build/launch_pal build --build-base /home/ravi/pmb2_foxy_ws/build/launch_pal/build install --prefix /home/ravi/pmb2_foxy_ws/install/launch_pal --record /home/ravi/pmb2_foxy_ws/build/launch_pal/install.log --single-version-externally-managed
[0.812s] running egg_info
[0.812s] writing ../../build/launch_pal/launch_pal.egg-info/PKG-INFO
[0.812s] writing dependency_links to ../../build/launch_pal/launch_pal.egg-info/dependency_links.txt
[0.813s] writing entry points to ../../build/launch_pal/launch_pal.egg-info/entry_points.txt
[0.813s] writing requirements to ../../build/launch_pal/launch_pal.egg-info/requires.txt
[0.813s] writing top-level names to ../../build/launch_pal/launch_pal.egg-info/top_level.txt
[0.836s] reading manifest file '../../build/launch_pal/launch_pal.egg-info/SOURCES.txt'
[0.836s] writing manifest file '../../build/launch_pal/launch_pal.egg-info/SOURCES.txt'
[0.836s] running build
[0.837s] running build_py
[0.837s] copying launch_pal/include_utils.py -> /home/ravi/pmb2_foxy_ws/build/launch_pal/build/lib/launch_pal
[0.837s] copying launch_pal/param_utils.py -> /home/ravi/pmb2_foxy_ws/build/launch_pal/build/lib/launch_pal
[0.837s] copying launch_pal/arg_utils.py -> /home/ravi/pmb2_foxy_ws/build/launch_pal/build/lib/launch_pal
[0.837s] copying launch_pal/__init__.py -> /home/ravi/pmb2_foxy_ws/build/launch_pal/build/lib/launch_pal
[0.837s] copying launch_pal/substitutions/load_file.py -> /home/ravi/pmb2_foxy_ws/build/launch_pal/build/lib/launch_pal/substitutions
[0.837s] copying launch_pal/substitutions/__init__.py -> /home/ravi/pmb2_foxy_ws/build/launch_pal/build/lib/launch_pal/substitutions
[0.837s] running install
[0.838s] running install_lib
[0.838s] copying /home/ravi/pmb2_foxy_ws/build/launch_pal/build/lib/launch_pal/include_utils.py -> /home/ravi/pmb2_foxy_ws/install/launch_pal/lib/python3.8/site-packages/launch_pal
[0.838s] copying /home/ravi/pmb2_foxy_ws/build/launch_pal/build/lib/launch_pal/substitutions/load_file.py -> /home/ravi/pmb2_foxy_ws/install/launch_pal/lib/python3.8/site-packages/launch_pal/substitutions
[0.838s] copying /home/ravi/pmb2_foxy_ws/build/launch_pal/build/lib/launch_pal/substitutions/__init__.py -> /home/ravi/pmb2_foxy_ws/install/launch_pal/lib/python3.8/site-packages/launch_pal/substitutions
[0.838s] copying /home/ravi/pmb2_foxy_ws/build/launch_pal/build/lib/launch_pal/param_utils.py -> /home/ravi/pmb2_foxy_ws/install/launch_pal/lib/python3.8/site-packages/launch_pal
[0.838s] copying /home/ravi/pmb2_foxy_ws/build/launch_pal/build/lib/launch_pal/arg_utils.py -> /home/ravi/pmb2_foxy_ws/install/launch_pal/lib/python3.8/site-packages/launch_pal
[0.838s] copying /home/ravi/pmb2_foxy_ws/build/launch_pal/build/lib/launch_pal/__init__.py -> /home/ravi/pmb2_foxy_ws/install/launch_pal/lib/python3.8/site-packages/launch_pal
[0.839s] byte-compiling /home/ravi/pmb2_foxy_ws/install/launch_pal/lib/python3.8/site-packages/launch_pal/include_utils.py to include_utils.cpython-38.pyc
[0.840s] byte-compiling /home/ravi/pmb2_foxy_ws/install/launch_pal/lib/python3.8/site-packages/launch_pal/substitutions/load_file.py to load_file.cpython-38.pyc
[0.840s] byte-compiling /home/ravi/pmb2_foxy_ws/install/launch_pal/lib/python3.8/site-packages/launch_pal/substitutions/__init__.py to __init__.cpython-38.pyc
[0.840s] byte-compiling /home/ravi/pmb2_foxy_ws/install/launch_pal/lib/python3.8/site-packages/launch_pal/param_utils.py to param_utils.cpython-38.pyc
[0.840s] byte-compiling /home/ravi/pmb2_foxy_ws/install/launch_pal/lib/python3.8/site-packages/launch_pal/arg_utils.py to arg_utils.cpython-38.pyc
[0.841s] byte-compiling /home/ravi/pmb2_foxy_ws/install/launch_pal/lib/python3.8/site-packages/launch_pal/__init__.py to __init__.cpython-38.pyc
[0.841s] running install_data
[0.841s] copying resource/launch_pal -> /home/ravi/pmb2_foxy_ws/install/launch_pal/share/ament_index/resource_index/packages
[0.841s] copying package.xml -> /home/ravi/pmb2_foxy_ws/install/launch_pal/share/launch_pal
[0.841s] running install_egg_info
[0.842s] removing '/home/ravi/pmb2_foxy_ws/install/launch_pal/lib/python3.8/site-packages/launch_pal-0.0.0-py3.8.egg-info' (and everything under it)
[0.842s] Copying ../../build/launch_pal/launch_pal.egg-info to /home/ravi/pmb2_foxy_ws/install/launch_pal/lib/python3.8/site-packages/launch_pal-0.0.0-py3.8.egg-info
[0.843s] running install_scripts
[0.853s] writing list of installed files to '/home/ravi/pmb2_foxy_ws/build/launch_pal/install.log'
[0.868s] Invoked command in '/home/ravi/pmb2_foxy_ws/src/launch_pal' returned '0': PYTHONPATH=/home/ravi/pmb2_foxy_ws/install/launch_pal/lib/python3.8/site-packages:${PYTHONPATH} /usr/bin/python3 setup.py egg_info --egg-base ../../build/launch_pal build --build-base /home/ravi/pmb2_foxy_ws/build/launch_pal/build install --prefix /home/ravi/pmb2_foxy_ws/install/launch_pal --record /home/ravi/pmb2_foxy_ws/build/launch_pal/install.log --single-version-externally-managed
