[0.185s] Invoking command in '/home/ravi/pmb2_foxy_ws/build/pmb2_controller_configuration': CMAKE_PREFIX_PATH=${CMAKE_PREFIX_PATH}:/home/ravi/pmb2_foxy_ws/install/launch_pal:/opt/ros/foxy /usr/bin/cmake /home/ravi/pmb2_foxy_ws/src/pmb2_robot/pmb2_controller_configuration -DCMAKE_INSTALL_PREFIX=/home/ravi/pmb2_foxy_ws/install/pmb2_controller_configuration
[0.198s] -- Found ament_cmake_auto: 0.9.9 (/opt/ros/foxy/share/ament_cmake_auto/cmake)
[0.221s] -- Using PYTHON_EXECUTABLE: /usr/bin/python3
[0.367s] -- Override CMake install command with custom implementation using symlinks instead of copying resources
[0.425s] -- Found ament_lint_auto: 0.9.6 (/opt/ros/foxy/share/ament_lint_auto/cmake)
[0.431s] -- Added test 'copyright' to check source files copyright and LICENSE
[0.432s] -- Added test 'flake8' to check Python code syntax and style conventions
[0.433s] -- Added test 'lint_cmake' to check CMake code style
[0.433s] -- Added test 'pep257' to check Python code against some of the style conventions in PEP 257
[0.433s] -- Added test 'xmllint' to check XML markup files
[0.434s] -- Configuring done
[0.436s] -- Generating done
[0.437s] -- Build files have been written to: /home/ravi/pmb2_foxy_ws/build/pmb2_controller_configuration
[0.439s] Invoked command in '/home/ravi/pmb2_foxy_ws/build/pmb2_controller_configuration' returned '0': CMAKE_PREFIX_PATH=${CMAKE_PREFIX_PATH}:/home/ravi/pmb2_foxy_ws/install/launch_pal:/opt/ros/foxy /usr/bin/cmake /home/ravi/pmb2_foxy_ws/src/pmb2_robot/pmb2_controller_configuration -DCMAKE_INSTALL_PREFIX=/home/ravi/pmb2_foxy_ws/install/pmb2_controller_configuration
[0.440s] Invoking command in '/home/ravi/pmb2_foxy_ws/build/pmb2_controller_configuration': CMAKE_PREFIX_PATH=${CMAKE_PREFIX_PATH}:/home/ravi/pmb2_foxy_ws/install/launch_pal:/opt/ros/foxy /usr/bin/cmake --build /home/ravi/pmb2_foxy_ws/build/pmb2_controller_configuration -- -j8 -l8
[0.467s] Invoked command in '/home/ravi/pmb2_foxy_ws/build/pmb2_controller_configuration' returned '0': CMAKE_PREFIX_PATH=${CMAKE_PREFIX_PATH}:/home/ravi/pmb2_foxy_ws/install/launch_pal:/opt/ros/foxy /usr/bin/cmake --build /home/ravi/pmb2_foxy_ws/build/pmb2_controller_configuration -- -j8 -l8
[0.483s] Invoking command in '/home/ravi/pmb2_foxy_ws/build/pmb2_controller_configuration': CMAKE_PREFIX_PATH=${CMAKE_PREFIX_PATH}:/home/ravi/pmb2_foxy_ws/install/launch_pal:/opt/ros/foxy /usr/bin/cmake --install /home/ravi/pmb2_foxy_ws/build/pmb2_controller_configuration
[0.490s] -- Install configuration: ""
[0.490s] -- Execute custom install script
[0.491s] -- Up-to-date symlink: /home/ravi/pmb2_foxy_ws/install/pmb2_controller_configuration/share/pmb2_controller_configuration/config/gazebo_controller_manager_cfg.yaml
[0.491s] -- Up-to-date symlink: /home/ravi/pmb2_foxy_ws/install/pmb2_controller_configuration/share/pmb2_controller_configuration/config/joint_state_broadcaster.yaml
[0.491s] -- Up-to-date symlink: /home/ravi/pmb2_foxy_ws/install/pmb2_controller_configuration/share/pmb2_controller_configuration/config/joint_state_controller_extra_joints.yaml
[0.491s] -- Up-to-date symlink: /home/ravi/pmb2_foxy_ws/install/pmb2_controller_configuration/share/pmb2_controller_configuration/config/mobile_base_controller.yaml
[0.491s] -- Up-to-date symlink: /home/ravi/pmb2_foxy_ws/install/pmb2_controller_configuration/share/pmb2_controller_configuration/config/mobile_base_controller_multipliers.yaml
[0.491s] -- Up-to-date symlink: /home/ravi/pmb2_foxy_ws/install/pmb2_controller_configuration/share/pmb2_controller_configuration/launch/default_controllers.launch.py
[0.492s] -- Up-to-date symlink: /home/ravi/pmb2_foxy_ws/install/pmb2_controller_configuration/share/pmb2_controller_configuration/launch/joint_state_broadcaster.launch.py
[0.492s] -- Up-to-date symlink: /home/ravi/pmb2_foxy_ws/install/pmb2_controller_configuration/share/pmb2_controller_configuration/launch/mobile_base_controller.launch.py
[0.492s] -- Up-to-date symlink: /home/ravi/pmb2_foxy_ws/install/pmb2_controller_configuration/share/ament_index/resource_index/package_run_dependencies/pmb2_controller_configuration
[0.492s] -- Up-to-date symlink: /home/ravi/pmb2_foxy_ws/install/pmb2_controller_configuration/share/ament_index/resource_index/parent_prefix_path/pmb2_controller_configuration
[0.493s] -- Up-to-date symlink: /home/ravi/pmb2_foxy_ws/install/pmb2_controller_configuration/share/pmb2_controller_configuration/environment/ament_prefix_path.sh
[0.493s] -- Up-to-date symlink: /home/ravi/pmb2_foxy_ws/install/pmb2_controller_configuration/share/pmb2_controller_configuration/environment/ament_prefix_path.dsv
[0.493s] -- Up-to-date symlink: /home/ravi/pmb2_foxy_ws/install/pmb2_controller_configuration/share/pmb2_controller_configuration/environment/path.sh
[0.493s] -- Up-to-date symlink: /home/ravi/pmb2_foxy_ws/install/pmb2_controller_configuration/share/pmb2_controller_configuration/environment/path.dsv
[0.493s] -- Up-to-date symlink: /home/ravi/pmb2_foxy_ws/install/pmb2_controller_configuration/share/pmb2_controller_configuration/local_setup.bash
[0.494s] -- Up-to-date symlink: /home/ravi/pmb2_foxy_ws/install/pmb2_controller_configuration/share/pmb2_controller_configuration/local_setup.sh
[0.494s] -- Up-to-date symlink: /home/ravi/pmb2_foxy_ws/install/pmb2_controller_configuration/share/pmb2_controller_configuration/local_setup.zsh
[0.494s] -- Up-to-date symlink: /home/ravi/pmb2_foxy_ws/install/pmb2_controller_configuration/share/pmb2_controller_configuration/local_setup.dsv
[0.494s] -- Symlinking: /home/ravi/pmb2_foxy_ws/install/pmb2_controller_configuration/share/pmb2_controller_configuration/package.dsv
[0.502s] -- Up-to-date symlink: /home/ravi/pmb2_foxy_ws/install/pmb2_controller_configuration/share/ament_index/resource_index/packages/pmb2_controller_configuration
[0.502s] -- Up-to-date symlink: /home/ravi/pmb2_foxy_ws/install/pmb2_controller_configuration/share/pmb2_controller_configuration/cmake/pmb2_controller_configurationConfig.cmake
[0.502s] -- Up-to-date symlink: /home/ravi/pmb2_foxy_ws/install/pmb2_controller_configuration/share/pmb2_controller_configuration/cmake/pmb2_controller_configurationConfig-version.cmake
[0.502s] -- Up-to-date symlink: /home/ravi/pmb2_foxy_ws/install/pmb2_controller_configuration/share/pmb2_controller_configuration/package.xml
[0.515s] Invoked command in '/home/ravi/pmb2_foxy_ws/build/pmb2_controller_configuration' returned '0': CMAKE_PREFIX_PATH=${CMAKE_PREFIX_PATH}:/home/ravi/pmb2_foxy_ws/install/launch_pal:/opt/ros/foxy /usr/bin/cmake --install /home/ravi/pmb2_foxy_ws/build/pmb2_controller_configuration
