-- Found ament_cmake: 0.9.9 (/opt/ros/foxy/share/ament_cmake/cmake)
-- Using PYTHON_EXECUTABLE: /usr/bin/python3
-- Override CMake install command with custom implementation using symlinks instead of copying resources
-- Found ament_index_cpp: 1.1.0 (/opt/ros/foxy/share/ament_index_cpp/cmake)
-- Found controller_interface: 0.11.0 (/home/ravi/pmb2_foxy_ws/install/controller_interface/share/controller_interface/cmake)
-- Using all available rosidl_typesupport_c: rosidl_typesupport_fastrtps_c;rosidl_typesupport_introspection_c
-- Found rosidl_adapter: 1.2.1 (/opt/ros/foxy/share/rosidl_adapter/cmake)
-- Using all available rosidl_typesupport_cpp: rosidl_typesupport_fastrtps_cpp;rosidl_typesupport_introspection_cpp
-- Found rmw_implementation_cmake: 1.0.3 (/opt/ros/foxy/share/rmw_implementation_cmake/cmake)
-- Using RMW implementation 'rmw_fastrtps_cpp' as default
-- Found controller_manager_msgs: 0.11.0 (/home/ravi/pmb2_foxy_ws/install/controller_manager_msgs/share/controller_manager_msgs/cmake)
-- Found ament_cmake_gmock: 0.9.9 (/opt/ros/foxy/share/ament_cmake_gmock/cmake)
-- Found ament_cmake_gtest: 0.9.9 (/opt/ros/foxy/share/ament_cmake_gtest/cmake)
-- Found ament_lint_auto: 0.9.6 (/opt/ros/foxy/share/ament_lint_auto/cmake)
-- Found ros2_control_test_assets: 0.11.0 (/home/ravi/pmb2_foxy_ws/install/ros2_control_test_assets/share/ros2_control_test_assets/cmake)
-- Found gmock sources under '/opt/ros/foxy/src/gmock_vendor': C++ tests using 'Google Mock' will be built
-- Found gtest sources under '/opt/ros/foxy/src/gtest_vendor': C++ tests using 'Google Test' will be built
-- Added test 'copyright' to check source files copyright and LICENSE
-- Added test 'cppcheck' to perform static code analysis on C / C++ code
-- Configured cppcheck include dirs: /home/ravi/pmb2_foxy_ws/src/ros2_control/controller_manager/include
-- Configured cppcheck exclude dirs and/or files: 
-- Added test 'flake8' to check Python code syntax and style conventions
-- Added test 'lint_cmake' to check CMake code style
-- Added test 'pep257' to check Python code against some of the style conventions in PEP 257
-- Added test 'xmllint' to check XML markup files
-- Configuring done
-- Generating done
-- Build files have been written to: /home/ravi/pmb2_foxy_ws/build/controller_manager
[ 16%] Built target gmock_main
[ 20%] Built target gmock
[ 24%] [32m[1mLinking CXX shared library libcontroller_manager.so[0m
[ 28%] Built target controller_manager
[ 32%] [32m[1mLinking CXX shared library libtest_controller.so[0m
[ 36%] [32m[1mLinking CXX executable ros2_control_node[0m
[ 40%] [32m[1mLinking CXX shared library libtest_controller_with_interfaces.so[0m
[ 44%] [32m[1mLinking CXX shared library libtest_controller_failed_init.so[0m
[ 48%] Built target test_controller
[ 52%] [32m[1mLinking CXX executable test_controller_manager[0m
[ 56%] [32m[1mLinking CXX executable test_spawner_unspawner[0m
[ 64%] Built target test_controller_failed_init
[ 64%] Built target test_controller_with_interfaces
[ 68%] [32m[1mLinking CXX executable test_controller_manager_srvs[0m
[ 72%] [32m[1mLinking CXX executable test_release_interfaces[0m
[ 76%] [32m[1mLinking CXX executable test_load_controller[0m
[ 80%] Built target ros2_control_node
[ 84%] Built target test_controller_manager
[ 88%] Built target test_spawner_unspawner
[ 92%] Built target test_release_interfaces
[ 96%] Built target test_load_controller
[100%] Built target test_controller_manager_srvs
-- Install configuration: ""
-- Execute custom install script
-- Symlinking: /home/ravi/pmb2_foxy_ws/install/controller_manager/lib/libcontroller_manager.so
-- Symlinking: /home/ravi/pmb2_foxy_ws/install/controller_manager/lib/controller_manager/ros2_control_node
-- Symlinking: /home/ravi/pmb2_foxy_ws/install/controller_manager/include/controller_manager/controller_manager.hpp
-- Symlinking: /home/ravi/pmb2_foxy_ws/install/controller_manager/include/controller_manager/controller_spec.hpp
-- Symlinking: /home/ravi/pmb2_foxy_ws/install/controller_manager/include/controller_manager/visibility_control.h
-- Symlinking: /home/ravi/pmb2_foxy_ws/install/controller_manager/lib/controller_manager/spawner.py
-- Symlinking: /home/ravi/pmb2_foxy_ws/install/controller_manager/lib/controller_manager/unspawner.py
-- Symlinking: /home/ravi/pmb2_foxy_ws/install/controller_manager/share/controller_manager/test/test_controller/test_controller.xml
-- Symlinking: /home/ravi/pmb2_foxy_ws/install/controller_manager/lib/libtest_controller.so
-- Symlinking: /home/ravi/pmb2_foxy_ws/install/controller_manager/share/controller_manager/test/test_controller_failed_init/test_controller_failed_init.xml
-- Symlinking: /home/ravi/pmb2_foxy_ws/install/controller_manager/lib/libtest_controller_failed_init.so
-- Symlinking: /home/ravi/pmb2_foxy_ws/install/controller_manager/share/controller_manager/test/test_controller_with_interfaces/test_controller_with_interfaces.xml
-- Symlinking: /home/ravi/pmb2_foxy_ws/install/controller_manager/lib/libtest_controller_with_interfaces.so
-- Symlinking: /home/ravi/pmb2_foxy_ws/install/controller_manager/share/controller_manager/environment/pythonpath.sh
-- Symlinking: /home/ravi/pmb2_foxy_ws/install/controller_manager/share/controller_manager/environment/pythonpath.dsv
-- Symlinking: /home/ravi/pmb2_foxy_ws/install/controller_manager/lib/python3.8/site-packages/controller_manager/__init__.py
-- Symlinking: /home/ravi/pmb2_foxy_ws/install/controller_manager/lib/python3.8/site-packages/controller_manager/controller_manager_services.py
-- Symlinking: /home/ravi/pmb2_foxy_ws/install/controller_manager/lib/python3.8/site-packages/controller_manager/launch_utils.py
-- Symlinking: /home/ravi/pmb2_foxy_ws/install/controller_manager/share/controller_manager/environment/library_path.sh
-- Symlinking: /home/ravi/pmb2_foxy_ws/install/controller_manager/share/controller_manager/environment/library_path.dsv
-- Symlinking: /home/ravi/pmb2_foxy_ws/install/controller_manager/share/ament_index/resource_index/package_run_dependencies/controller_manager
-- Symlinking: /home/ravi/pmb2_foxy_ws/install/controller_manager/share/ament_index/resource_index/parent_prefix_path/controller_manager
-- Symlinking: /home/ravi/pmb2_foxy_ws/install/controller_manager/share/controller_manager/environment/ament_prefix_path.sh
-- Symlinking: /home/ravi/pmb2_foxy_ws/install/controller_manager/share/controller_manager/environment/ament_prefix_path.dsv
-- Symlinking: /home/ravi/pmb2_foxy_ws/install/controller_manager/share/controller_manager/environment/path.sh
-- Symlinking: /home/ravi/pmb2_foxy_ws/install/controller_manager/share/controller_manager/environment/path.dsv
-- Symlinking: /home/ravi/pmb2_foxy_ws/install/controller_manager/share/controller_manager/local_setup.bash
-- Symlinking: /home/ravi/pmb2_foxy_ws/install/controller_manager/share/controller_manager/local_setup.sh
-- Symlinking: /home/ravi/pmb2_foxy_ws/install/controller_manager/share/controller_manager/local_setup.zsh
-- Symlinking: /home/ravi/pmb2_foxy_ws/install/controller_manager/share/controller_manager/local_setup.dsv
-- Symlinking: /home/ravi/pmb2_foxy_ws/install/controller_manager/share/controller_manager/package.dsv
-- Symlinking: /home/ravi/pmb2_foxy_ws/install/controller_manager/share/ament_index/resource_index/packages/controller_manager
-- Symlinking: /home/ravi/pmb2_foxy_ws/install/controller_manager/share/ament_index/resource_index/controller_interface__pluginlib__plugin/controller_manager
-- Symlinking: /home/ravi/pmb2_foxy_ws/install/controller_manager/share/controller_manager/cmake/ament_cmake_export_libraries-extras.cmake
-- Symlinking: /home/ravi/pmb2_foxy_ws/install/controller_manager/share/controller_manager/cmake/ament_cmake_export_include_directories-extras.cmake
-- Symlinking: /home/ravi/pmb2_foxy_ws/install/controller_manager/share/controller_manager/cmake/ament_cmake_export_dependencies-extras.cmake
-- Symlinking: /home/ravi/pmb2_foxy_ws/install/controller_manager/share/controller_manager/cmake/controller_managerConfig.cmake
-- Symlinking: /home/ravi/pmb2_foxy_ws/install/controller_manager/share/controller_manager/cmake/controller_managerConfig-version.cmake
-- Symlinking: /home/ravi/pmb2_foxy_ws/install/controller_manager/share/controller_manager/package.xml
Listing '/home/ravi/pmb2_foxy_ws/install/controller_manager/lib/python3.8/site-packages/controller_manager'...
