-- Found ament_cmake_auto: 0.9.9 (/opt/ros/foxy/share/ament_cmake_auto/cmake)
-- Using PYTHON_EXECUTABLE: /usr/bin/python3
-- Override CMake install command with custom implementation using symlinks instead of copying resources
-- Found ament_lint_auto: 0.9.6 (/opt/ros/foxy/share/ament_lint_auto/cmake)
-- Added test 'copyright' to check source files copyright and LICENSE
-- Added test 'flake8' to check Python code syntax and style conventions
-- Added test 'lint_cmake' to check CMake code style
-- Added test 'pep257' to check Python code against some of the style conventions in PEP 257
-- Added test 'xmllint' to check XML markup files
-- Configuring done
-- Generating done
-- Build files have been written to: /home/ravi/pmb2_foxy_ws/build/pmb2_2dnav_gazebo
-- Install configuration: ""
-- Execute custom install script
-- Up-to-date symlink: /home/ravi/pmb2_foxy_ws/install/pmb2_2dnav_gazebo/share/pmb2_2dnav_gazebo/launch/pmb2_mapping_gazebo.launch.py
-- Up-to-date symlink: /home/ravi/pmb2_foxy_ws/install/pmb2_2dnav_gazebo/share/pmb2_2dnav_gazebo/launch/pmb2_navigation_gazebo.launch.py
-- Up-to-date symlink: /home/ravi/pmb2_foxy_ws/install/pmb2_2dnav_gazebo/share/ament_index/resource_index/package_run_dependencies/pmb2_2dnav_gazebo
-- Up-to-date symlink: /home/ravi/pmb2_foxy_ws/install/pmb2_2dnav_gazebo/share/ament_index/resource_index/parent_prefix_path/pmb2_2dnav_gazebo
-- Up-to-date symlink: /home/ravi/pmb2_foxy_ws/install/pmb2_2dnav_gazebo/share/pmb2_2dnav_gazebo/environment/ament_prefix_path.sh
-- Up-to-date symlink: /home/ravi/pmb2_foxy_ws/install/pmb2_2dnav_gazebo/share/pmb2_2dnav_gazebo/environment/ament_prefix_path.dsv
-- Up-to-date symlink: /home/ravi/pmb2_foxy_ws/install/pmb2_2dnav_gazebo/share/pmb2_2dnav_gazebo/environment/path.sh
-- Up-to-date symlink: /home/ravi/pmb2_foxy_ws/install/pmb2_2dnav_gazebo/share/pmb2_2dnav_gazebo/environment/path.dsv
-- Up-to-date symlink: /home/ravi/pmb2_foxy_ws/install/pmb2_2dnav_gazebo/share/pmb2_2dnav_gazebo/local_setup.bash
-- Up-to-date symlink: /home/ravi/pmb2_foxy_ws/install/pmb2_2dnav_gazebo/share/pmb2_2dnav_gazebo/local_setup.sh
-- Up-to-date symlink: /home/ravi/pmb2_foxy_ws/install/pmb2_2dnav_gazebo/share/pmb2_2dnav_gazebo/local_setup.zsh
-- Up-to-date symlink: /home/ravi/pmb2_foxy_ws/install/pmb2_2dnav_gazebo/share/pmb2_2dnav_gazebo/local_setup.dsv
-- Symlinking: /home/ravi/pmb2_foxy_ws/install/pmb2_2dnav_gazebo/share/pmb2_2dnav_gazebo/package.dsv
-- Up-to-date symlink: /home/ravi/pmb2_foxy_ws/install/pmb2_2dnav_gazebo/share/ament_index/resource_index/packages/pmb2_2dnav_gazebo
-- Up-to-date symlink: /home/ravi/pmb2_foxy_ws/install/pmb2_2dnav_gazebo/share/pmb2_2dnav_gazebo/cmake/pmb2_2dnav_gazeboConfig.cmake
-- Up-to-date symlink: /home/ravi/pmb2_foxy_ws/install/pmb2_2dnav_gazebo/share/pmb2_2dnav_gazebo/cmake/pmb2_2dnav_gazeboConfig-version.cmake
-- Up-to-date symlink: /home/ravi/pmb2_foxy_ws/install/pmb2_2dnav_gazebo/share/pmb2_2dnav_gazebo/package.xml
