[0.009s] Invoking command in '/home/ravi/pmb2_foxy_ws/build/pmb2_2dnav': CMAKE_PREFIX_PATH=/home/ravi/pmb2_foxy_ws/install/pmb2_maps:/home/ravi/pmb2_foxy_ws/install/transmission_interface:/home/ravi/pmb2_foxy_ws/install/ros2_control:/home/ravi/pmb2_foxy_ws/install/controller_manager:/home/ravi/pmb2_foxy_ws/install/controller_interface:/home/ravi/pmb2_foxy_ws/install/hardware_interface:/home/ravi/pmb2_foxy_ws/install/controller_manager_msgs:/home/ravi/pmb2_foxy_ws/install/ros2_control_test_assets:/home/ravi/pmb2_foxy_ws/install/gazebo_ros_pkgs:/home/ravi/pmb2_foxy_ws/install/gazebo_plugins:/home/ravi/pmb2_foxy_ws/install/gazebo_ros:/home/ravi/pmb2_foxy_ws/install/gazebo_msgs:/home/ravi/pmb2_foxy_ws/install/gazebo_dev:/home/ravi/pmb2_foxy_ws/install/pal_gazebo_worlds:/home/ravi/pmb2_foxy_ws/install/pmb2_simulation:/home/ravi/pmb2_foxy_ws/install/pmb2_navigation:/home/ravi/pmb2_foxy_ws/install/pmb2_2dnav_gazebo:/home/ravi/pmb2_foxy_ws/install/pmb2_2dnav:/home/ravi/pmb2_foxy_ws/install/pmb2_gazebo:/home/ravi/pmb2_foxy_ws/install/pmb2_robot:/home/ravi/pmb2_foxy_ws/install/pmb2_bringup:/home/ravi/pmb2_foxy_ws/install/pmb2_description:/home/ravi/pmb2_foxy_ws/install/pmb2_controller_configuration:/home/ravi/pmb2_foxy_ws/install/ros2controlcli:/home/ravi/pmb2_foxy_ws/install/launch_pal:/opt/ros/foxy /usr/bin/cmake /home/ravi/pmb2_foxy_ws/src/pmb2_navigation/pmb2_2dnav -DAMENT_CMAKE_SYMLINK_INSTALL=1 -DCMAKE_INSTALL_PREFIX=/home/ravi/pmb2_foxy_ws/install/pmb2_2dnav
[0.020s] -- Found ament_cmake_auto: 0.9.9 (/opt/ros/foxy/share/ament_cmake_auto/cmake)
[0.040s] -- Using PYTHON_EXECUTABLE: /usr/bin/python3
[0.150s] -- Override CMake install command with custom implementation using symlinks instead of copying resources
[0.201s] -- Found ament_lint_auto: 0.9.6 (/opt/ros/foxy/share/ament_lint_auto/cmake)
[0.208s] -- Added test 'copyright' to check source files copyright and LICENSE
[0.210s] -- Added test 'flake8' to check Python code syntax and style conventions
[0.210s] -- Added test 'lint_cmake' to check CMake code style
[0.210s] -- Added test 'pep257' to check Python code against some of the style conventions in PEP 257
[0.211s] -- Added test 'xmllint' to check XML markup files
[0.212s] -- Configuring done
[0.213s] -- Generating done
[0.214s] -- Build files have been written to: /home/ravi/pmb2_foxy_ws/build/pmb2_2dnav
[0.215s] Invoked command in '/home/ravi/pmb2_foxy_ws/build/pmb2_2dnav' returned '0': CMAKE_PREFIX_PATH=/home/ravi/pmb2_foxy_ws/install/pmb2_maps:/home/ravi/pmb2_foxy_ws/install/transmission_interface:/home/ravi/pmb2_foxy_ws/install/ros2_control:/home/ravi/pmb2_foxy_ws/install/controller_manager:/home/ravi/pmb2_foxy_ws/install/controller_interface:/home/ravi/pmb2_foxy_ws/install/hardware_interface:/home/ravi/pmb2_foxy_ws/install/controller_manager_msgs:/home/ravi/pmb2_foxy_ws/install/ros2_control_test_assets:/home/ravi/pmb2_foxy_ws/install/gazebo_ros_pkgs:/home/ravi/pmb2_foxy_ws/install/gazebo_plugins:/home/ravi/pmb2_foxy_ws/install/gazebo_ros:/home/ravi/pmb2_foxy_ws/install/gazebo_msgs:/home/ravi/pmb2_foxy_ws/install/gazebo_dev:/home/ravi/pmb2_foxy_ws/install/pal_gazebo_worlds:/home/ravi/pmb2_foxy_ws/install/pmb2_simulation:/home/ravi/pmb2_foxy_ws/install/pmb2_navigation:/home/ravi/pmb2_foxy_ws/install/pmb2_2dnav_gazebo:/home/ravi/pmb2_foxy_ws/install/pmb2_2dnav:/home/ravi/pmb2_foxy_ws/install/pmb2_gazebo:/home/ravi/pmb2_foxy_ws/install/pmb2_robot:/home/ravi/pmb2_foxy_ws/install/pmb2_bringup:/home/ravi/pmb2_foxy_ws/install/pmb2_description:/home/ravi/pmb2_foxy_ws/install/pmb2_controller_configuration:/home/ravi/pmb2_foxy_ws/install/ros2controlcli:/home/ravi/pmb2_foxy_ws/install/launch_pal:/opt/ros/foxy /usr/bin/cmake /home/ravi/pmb2_foxy_ws/src/pmb2_navigation/pmb2_2dnav -DAMENT_CMAKE_SYMLINK_INSTALL=1 -DCMAKE_INSTALL_PREFIX=/home/ravi/pmb2_foxy_ws/install/pmb2_2dnav
[0.218s] Invoking command in '/home/ravi/pmb2_foxy_ws/build/pmb2_2dnav': CMAKE_PREFIX_PATH=/home/ravi/pmb2_foxy_ws/install/pmb2_maps:/home/ravi/pmb2_foxy_ws/install/transmission_interface:/home/ravi/pmb2_foxy_ws/install/ros2_control:/home/ravi/pmb2_foxy_ws/install/controller_manager:/home/ravi/pmb2_foxy_ws/install/controller_interface:/home/ravi/pmb2_foxy_ws/install/hardware_interface:/home/ravi/pmb2_foxy_ws/install/controller_manager_msgs:/home/ravi/pmb2_foxy_ws/install/ros2_control_test_assets:/home/ravi/pmb2_foxy_ws/install/gazebo_ros_pkgs:/home/ravi/pmb2_foxy_ws/install/gazebo_plugins:/home/ravi/pmb2_foxy_ws/install/gazebo_ros:/home/ravi/pmb2_foxy_ws/install/gazebo_msgs:/home/ravi/pmb2_foxy_ws/install/gazebo_dev:/home/ravi/pmb2_foxy_ws/install/pal_gazebo_worlds:/home/ravi/pmb2_foxy_ws/install/pmb2_simulation:/home/ravi/pmb2_foxy_ws/install/pmb2_navigation:/home/ravi/pmb2_foxy_ws/install/pmb2_2dnav_gazebo:/home/ravi/pmb2_foxy_ws/install/pmb2_2dnav:/home/ravi/pmb2_foxy_ws/install/pmb2_gazebo:/home/ravi/pmb2_foxy_ws/install/pmb2_robot:/home/ravi/pmb2_foxy_ws/install/pmb2_bringup:/home/ravi/pmb2_foxy_ws/install/pmb2_description:/home/ravi/pmb2_foxy_ws/install/pmb2_controller_configuration:/home/ravi/pmb2_foxy_ws/install/ros2controlcli:/home/ravi/pmb2_foxy_ws/install/launch_pal:/opt/ros/foxy /usr/bin/cmake --build /home/ravi/pmb2_foxy_ws/build/pmb2_2dnav -- -j8 -l8
[0.245s] Invoked command in '/home/ravi/pmb2_foxy_ws/build/pmb2_2dnav' returned '0': CMAKE_PREFIX_PATH=/home/ravi/pmb2_foxy_ws/install/pmb2_maps:/home/ravi/pmb2_foxy_ws/install/transmission_interface:/home/ravi/pmb2_foxy_ws/install/ros2_control:/home/ravi/pmb2_foxy_ws/install/controller_manager:/home/ravi/pmb2_foxy_ws/install/controller_interface:/home/ravi/pmb2_foxy_ws/install/hardware_interface:/home/ravi/pmb2_foxy_ws/install/controller_manager_msgs:/home/ravi/pmb2_foxy_ws/install/ros2_control_test_assets:/home/ravi/pmb2_foxy_ws/install/gazebo_ros_pkgs:/home/ravi/pmb2_foxy_ws/install/gazebo_plugins:/home/ravi/pmb2_foxy_ws/install/gazebo_ros:/home/ravi/pmb2_foxy_ws/install/gazebo_msgs:/home/ravi/pmb2_foxy_ws/install/gazebo_dev:/home/ravi/pmb2_foxy_ws/install/pal_gazebo_worlds:/home/ravi/pmb2_foxy_ws/install/pmb2_simulation:/home/ravi/pmb2_foxy_ws/install/pmb2_navigation:/home/ravi/pmb2_foxy_ws/install/pmb2_2dnav_gazebo:/home/ravi/pmb2_foxy_ws/install/pmb2_2dnav:/home/ravi/pmb2_foxy_ws/install/pmb2_gazebo:/home/ravi/pmb2_foxy_ws/install/pmb2_robot:/home/ravi/pmb2_foxy_ws/install/pmb2_bringup:/home/ravi/pmb2_foxy_ws/install/pmb2_description:/home/ravi/pmb2_foxy_ws/install/pmb2_controller_configuration:/home/ravi/pmb2_foxy_ws/install/ros2controlcli:/home/ravi/pmb2_foxy_ws/install/launch_pal:/opt/ros/foxy /usr/bin/cmake --build /home/ravi/pmb2_foxy_ws/build/pmb2_2dnav -- -j8 -l8
[0.262s] Invoking command in '/home/ravi/pmb2_foxy_ws/build/pmb2_2dnav': CMAKE_PREFIX_PATH=/home/ravi/pmb2_foxy_ws/install/pmb2_maps:/home/ravi/pmb2_foxy_ws/install/transmission_interface:/home/ravi/pmb2_foxy_ws/install/ros2_control:/home/ravi/pmb2_foxy_ws/install/controller_manager:/home/ravi/pmb2_foxy_ws/install/controller_interface:/home/ravi/pmb2_foxy_ws/install/hardware_interface:/home/ravi/pmb2_foxy_ws/install/controller_manager_msgs:/home/ravi/pmb2_foxy_ws/install/ros2_control_test_assets:/home/ravi/pmb2_foxy_ws/install/gazebo_ros_pkgs:/home/ravi/pmb2_foxy_ws/install/gazebo_plugins:/home/ravi/pmb2_foxy_ws/install/gazebo_ros:/home/ravi/pmb2_foxy_ws/install/gazebo_msgs:/home/ravi/pmb2_foxy_ws/install/gazebo_dev:/home/ravi/pmb2_foxy_ws/install/pal_gazebo_worlds:/home/ravi/pmb2_foxy_ws/install/pmb2_simulation:/home/ravi/pmb2_foxy_ws/install/pmb2_navigation:/home/ravi/pmb2_foxy_ws/install/pmb2_2dnav_gazebo:/home/ravi/pmb2_foxy_ws/install/pmb2_2dnav:/home/ravi/pmb2_foxy_ws/install/pmb2_gazebo:/home/ravi/pmb2_foxy_ws/install/pmb2_robot:/home/ravi/pmb2_foxy_ws/install/pmb2_bringup:/home/ravi/pmb2_foxy_ws/install/pmb2_description:/home/ravi/pmb2_foxy_ws/install/pmb2_controller_configuration:/home/ravi/pmb2_foxy_ws/install/ros2controlcli:/home/ravi/pmb2_foxy_ws/install/launch_pal:/opt/ros/foxy /usr/bin/cmake --install /home/ravi/pmb2_foxy_ws/build/pmb2_2dnav
[0.269s] -- Install configuration: ""
[0.269s] -- Execute custom install script
[0.269s] -- Up-to-date symlink: /home/ravi/pmb2_foxy_ws/install/pmb2_2dnav/lib/pmb2_2dnav/record_mapping.sh
[0.269s] -- Up-to-date symlink: /home/ravi/pmb2_foxy_ws/install/pmb2_2dnav/lib/pmb2_2dnav/record_move_base.sh
[0.270s] -- Up-to-date symlink: /home/ravi/pmb2_foxy_ws/install/pmb2_2dnav/lib/pmb2_2dnav/record_odom.sh
[0.270s] -- Up-to-date symlink: /home/ravi/pmb2_foxy_ws/install/pmb2_2dnav/lib/pmb2_2dnav/record_patrol.sh
[0.270s] -- Up-to-date symlink: /home/ravi/pmb2_foxy_ws/install/pmb2_2dnav/lib/pmb2_2dnav/record_rgbd.sh
[0.270s] -- Up-to-date symlink: /home/ravi/pmb2_foxy_ws/install/pmb2_2dnav/share/pmb2_2dnav/config/rviz/advanced_navigation.rviz
[0.270s] -- Up-to-date symlink: /home/ravi/pmb2_foxy_ws/install/pmb2_2dnav/share/pmb2_2dnav/config/rviz/navigation.rviz
[0.271s] -- Up-to-date symlink: /home/ravi/pmb2_foxy_ws/install/pmb2_2dnav/share/pmb2_2dnav/launch/pmb2_nav_bringup.launch.py
[0.271s] -- Up-to-date symlink: /home/ravi/pmb2_foxy_ws/install/pmb2_2dnav/share/pmb2_2dnav/params/pmb2_params.yaml
[0.271s] -- Up-to-date symlink: /home/ravi/pmb2_foxy_ws/install/pmb2_2dnav/share/ament_index/resource_index/package_run_dependencies/pmb2_2dnav
[0.271s] -- Up-to-date symlink: /home/ravi/pmb2_foxy_ws/install/pmb2_2dnav/share/ament_index/resource_index/parent_prefix_path/pmb2_2dnav
[0.271s] -- Up-to-date symlink: /home/ravi/pmb2_foxy_ws/install/pmb2_2dnav/share/pmb2_2dnav/environment/ament_prefix_path.sh
[0.271s] -- Up-to-date symlink: /home/ravi/pmb2_foxy_ws/install/pmb2_2dnav/share/pmb2_2dnav/environment/ament_prefix_path.dsv
[0.272s] -- Up-to-date symlink: /home/ravi/pmb2_foxy_ws/install/pmb2_2dnav/share/pmb2_2dnav/environment/path.sh
[0.272s] -- Up-to-date symlink: /home/ravi/pmb2_foxy_ws/install/pmb2_2dnav/share/pmb2_2dnav/environment/path.dsv
[0.272s] -- Up-to-date symlink: /home/ravi/pmb2_foxy_ws/install/pmb2_2dnav/share/pmb2_2dnav/local_setup.bash
[0.272s] -- Up-to-date symlink: /home/ravi/pmb2_foxy_ws/install/pmb2_2dnav/share/pmb2_2dnav/local_setup.sh
[0.272s] -- Up-to-date symlink: /home/ravi/pmb2_foxy_ws/install/pmb2_2dnav/share/pmb2_2dnav/local_setup.zsh
[0.272s] -- Up-to-date symlink: /home/ravi/pmb2_foxy_ws/install/pmb2_2dnav/share/pmb2_2dnav/local_setup.dsv
[0.272s] -- Symlinking: /home/ravi/pmb2_foxy_ws/install/pmb2_2dnav/share/pmb2_2dnav/package.dsv
[0.279s] -- Up-to-date symlink: /home/ravi/pmb2_foxy_ws/install/pmb2_2dnav/share/ament_index/resource_index/packages/pmb2_2dnav
[0.279s] -- Up-to-date symlink: /home/ravi/pmb2_foxy_ws/install/pmb2_2dnav/share/pmb2_2dnav/cmake/pmb2_2dnavConfig.cmake
[0.279s] -- Up-to-date symlink: /home/ravi/pmb2_foxy_ws/install/pmb2_2dnav/share/pmb2_2dnav/cmake/pmb2_2dnavConfig-version.cmake
[0.279s] -- Up-to-date symlink: /home/ravi/pmb2_foxy_ws/install/pmb2_2dnav/share/pmb2_2dnav/package.xml
[0.283s] Invoked command in '/home/ravi/pmb2_foxy_ws/build/pmb2_2dnav' returned '0': CMAKE_PREFIX_PATH=/home/ravi/pmb2_foxy_ws/install/pmb2_maps:/home/ravi/pmb2_foxy_ws/install/transmission_interface:/home/ravi/pmb2_foxy_ws/install/ros2_control:/home/ravi/pmb2_foxy_ws/install/controller_manager:/home/ravi/pmb2_foxy_ws/install/controller_interface:/home/ravi/pmb2_foxy_ws/install/hardware_interface:/home/ravi/pmb2_foxy_ws/install/controller_manager_msgs:/home/ravi/pmb2_foxy_ws/install/ros2_control_test_assets:/home/ravi/pmb2_foxy_ws/install/gazebo_ros_pkgs:/home/ravi/pmb2_foxy_ws/install/gazebo_plugins:/home/ravi/pmb2_foxy_ws/install/gazebo_ros:/home/ravi/pmb2_foxy_ws/install/gazebo_msgs:/home/ravi/pmb2_foxy_ws/install/gazebo_dev:/home/ravi/pmb2_foxy_ws/install/pal_gazebo_worlds:/home/ravi/pmb2_foxy_ws/install/pmb2_simulation:/home/ravi/pmb2_foxy_ws/install/pmb2_navigation:/home/ravi/pmb2_foxy_ws/install/pmb2_2dnav_gazebo:/home/ravi/pmb2_foxy_ws/install/pmb2_2dnav:/home/ravi/pmb2_foxy_ws/install/pmb2_gazebo:/home/ravi/pmb2_foxy_ws/install/pmb2_robot:/home/ravi/pmb2_foxy_ws/install/pmb2_bringup:/home/ravi/pmb2_foxy_ws/install/pmb2_description:/home/ravi/pmb2_foxy_ws/install/pmb2_controller_configuration:/home/ravi/pmb2_foxy_ws/install/ros2controlcli:/home/ravi/pmb2_foxy_ws/install/launch_pal:/opt/ros/foxy /usr/bin/cmake --install /home/ravi/pmb2_foxy_ws/build/pmb2_2dnav
