[0.044s] Invoking command in '/home/ravi/pmb2_foxy_ws/build/teleop_tools_msgs': CMAKE_PREFIX_PATH=${CMAKE_PREFIX_PATH}:/home/ravi/pmb2_foxy_ws/install/ros2controlcli:/home/ravi/pmb2_foxy_ws/install/launch_pal:/opt/ros/foxy /usr/bin/cmake /home/ravi/pmb2_foxy_ws/src/teleop_tools/teleop_tools_msgs -DAMENT_CMAKE_SYMLINK_INSTALL=1 -DCMAKE_INSTALL_PREFIX=/home/ravi/pmb2_foxy_ws/install/teleop_tools_msgs
[0.256s] -- The C compiler identification is GNU 9.4.0
[0.256s] -- The CXX compiler identification is GNU 9.4.0
[0.256s] -- Check for working C compiler: /usr/bin/cc
[0.256s] -- Check for working C compiler: /usr/bin/cc -- works
[0.256s] -- Detecting C compiler ABI info
[0.258s] -- Detecting C compiler ABI info - done
[0.266s] -- Detecting C compile features
[0.266s] -- Detecting C compile features - done
[0.270s] -- Check for working CXX compiler: /usr/bin/c++
[0.358s] -- Check for working CXX compiler: /usr/bin/c++ -- works
[0.359s] -- Detecting CXX compiler ABI info
[0.438s] -- Detecting CXX compiler ABI info - done
[0.446s] -- Detecting CXX compile features
[0.450s] -- Detecting CXX compile features - done
[0.450s] -- Found ament_cmake: 0.9.9 (/opt/ros/foxy/share/ament_cmake/cmake)
[0.480s] -- Found PythonInterp: /usr/bin/python3 (found suitable version "3.8.10", minimum required is "3") 
[0.481s] -- Using PYTHON_EXECUTABLE: /usr/bin/python3
[0.629s] -- Override CMake install command with custom implementation using symlinks instead of copying resources
[0.655s] -- Found rosidl_default_generators: 1.0.1 (/opt/ros/foxy/share/rosidl_default_generators/cmake)
[0.660s] -- Using all available rosidl_typesupport_c: rosidl_typesupport_fastrtps_c;rosidl_typesupport_introspection_c
[0.667s] -- Found rosidl_adapter: 1.2.1 (/opt/ros/foxy/share/rosidl_adapter/cmake)
[0.759s] -- Found OpenSSL: /usr/lib/x86_64-linux-gnu/libcrypto.so (found version "1.1.1f")  
[0.793s] -- Found FastRTPS: /opt/ros/foxy/include  
[0.902s] -- Using all available rosidl_typesupport_cpp: rosidl_typesupport_fastrtps_cpp;rosidl_typesupport_introspection_cpp
[0.929s] -- Found ament_lint_auto: 0.9.6 (/opt/ros/foxy/share/ament_lint_auto/cmake)
[1.060s] -- Found PythonInterp: /usr/bin/python3 (found version "3.8.10") 
[1.234s] -- Found ament_cmake_ros: 0.9.2 (/opt/ros/foxy/share/ament_cmake_ros/cmake)
[1.393s] -- Using all available rosidl_typesupport_c: rosidl_typesupport_fastrtps_c;rosidl_typesupport_introspection_c
[1.432s] -- Using all available rosidl_typesupport_cpp: rosidl_typesupport_fastrtps_cpp;rosidl_typesupport_introspection_cpp
[1.473s] -- Found PythonInterp: /usr/bin/python3 (found suitable version "3.8.10", minimum required is "3.5") 
[1.475s] -- Found python_cmake_module: 0.8.1 (/opt/ros/foxy/share/python_cmake_module/cmake)
[1.505s] -- Found PythonLibs: /usr/lib/x86_64-linux-gnu/libpython3.8.so (found suitable version "3.8.10", minimum required is "3.5") 
[1.505s] -- Using PYTHON_EXECUTABLE: /usr/bin/python3
[1.505s] -- Using PYTHON_INCLUDE_DIRS: /usr/include/python3.8
[1.505s] -- Using PYTHON_LIBRARIES: /usr/lib/x86_64-linux-gnu/libpython3.8.so
[1.536s] -- Found PythonExtra: .so  
[1.626s] -- Added test 'copyright' to check source files copyright and LICENSE
[1.628s] -- Added test 'lint_cmake' to check CMake code style
[1.629s] -- Added test 'xmllint' to check XML markup files
[1.638s] -- Configuring done
[1.690s] -- Generating done
[1.694s] -- Build files have been written to: /home/ravi/pmb2_foxy_ws/build/teleop_tools_msgs
[1.703s] Invoked command in '/home/ravi/pmb2_foxy_ws/build/teleop_tools_msgs' returned '0': CMAKE_PREFIX_PATH=${CMAKE_PREFIX_PATH}:/home/ravi/pmb2_foxy_ws/install/ros2controlcli:/home/ravi/pmb2_foxy_ws/install/launch_pal:/opt/ros/foxy /usr/bin/cmake /home/ravi/pmb2_foxy_ws/src/teleop_tools/teleop_tools_msgs -DAMENT_CMAKE_SYMLINK_INSTALL=1 -DCMAKE_INSTALL_PREFIX=/home/ravi/pmb2_foxy_ws/install/teleop_tools_msgs
[1.705s] Invoking command in '/home/ravi/pmb2_foxy_ws/build/teleop_tools_msgs': CMAKE_PREFIX_PATH=${CMAKE_PREFIX_PATH}:/home/ravi/pmb2_foxy_ws/install/ros2controlcli:/home/ravi/pmb2_foxy_ws/install/launch_pal:/opt/ros/foxy /usr/bin/cmake --build /home/ravi/pmb2_foxy_ws/build/teleop_tools_msgs -- -j8 -l8
[1.734s] [35m[1mScanning dependencies of target teleop_tools_msgs__cpp[0m
[1.734s] [  3%] [34m[1mGenerating C code for ROS interfaces[0m
[1.742s] [  6%] [34m[1mGenerating C++ code for ROS interfaces[0m
[2.015s] [  6%] Built target teleop_tools_msgs__cpp
[2.021s] [  9%] [34m[1mGenerating C++ type support for eProsima Fast-RTPS[0m
[2.021s] [ 12%] [34m[1mGenerating C++ introspection for ROS interfaces[0m
[2.021s] [35m[1mScanning dependencies of target teleop_tools_msgs__rosidl_generator_c[0m
[2.022s] [ 16%] [34m[1mGenerating C++ type support dispatch for ROS interfaces[0m
[2.048s] [ 19%] [32mBuilding C object CMakeFiles/teleop_tools_msgs__rosidl_generator_c.dir/rosidl_generator_c/teleop_tools_msgs/action/detail/increment__functions.c.o[0m
[2.135s] [ 22%] [32m[1mLinking C shared library libteleop_tools_msgs__rosidl_generator_c.so[0m
[2.177s] [ 22%] Built target teleop_tools_msgs__rosidl_generator_c
[2.192s] [ 25%] [34m[1mGenerating C type support dispatch for ROS interfaces[0m
[2.207s] [ 29%] [34m[1mGenerating C introspection for ROS interfaces[0m
[2.322s] [35m[1mScanning dependencies of target teleop_tools_msgs__rosidl_typesupport_cpp[0m
[2.375s] [ 32%] [32mBuilding CXX object CMakeFiles/teleop_tools_msgs__rosidl_typesupport_cpp.dir/rosidl_typesupport_cpp/teleop_tools_msgs/action/increment__type_support.cpp.o[0m
[2.399s] [35m[1mScanning dependencies of target teleop_tools_msgs__rosidl_typesupport_introspection_cpp[0m
[2.416s] [ 35%] [32mBuilding CXX object CMakeFiles/teleop_tools_msgs__rosidl_typesupport_introspection_cpp.dir/rosidl_typesupport_introspection_cpp/teleop_tools_msgs/action/detail/increment__type_support.cpp.o[0m
[2.449s] [35m[1mScanning dependencies of target teleop_tools_msgs__rosidl_typesupport_fastrtps_cpp[0m
[2.476s] [ 38%] [32mBuilding CXX object CMakeFiles/teleop_tools_msgs__rosidl_typesupport_fastrtps_cpp.dir/rosidl_typesupport_fastrtps_cpp/teleop_tools_msgs/action/detail/dds_fastrtps/increment__type_support.cpp.o[0m
[2.518s] [35m[1mScanning dependencies of target teleop_tools_msgs__rosidl_typesupport_c[0m
[2.535s] [ 41%] [32mBuilding CXX object CMakeFiles/teleop_tools_msgs__rosidl_typesupport_c.dir/rosidl_typesupport_c/teleop_tools_msgs/action/increment__type_support.cpp.o[0m
[2.585s] [ 45%] [32m[1mLinking CXX shared library libteleop_tools_msgs__rosidl_typesupport_c.so[0m
[2.610s] [35m[1mScanning dependencies of target teleop_tools_msgs__rosidl_typesupport_introspection_c[0m
[2.625s] [ 48%] [32mBuilding C object CMakeFiles/teleop_tools_msgs__rosidl_typesupport_introspection_c.dir/rosidl_typesupport_introspection_c/teleop_tools_msgs/action/detail/increment__type_support.c.o[0m
[2.648s] [ 48%] Built target teleop_tools_msgs__rosidl_typesupport_c
[2.668s] [ 51%] [32m[1mLinking C shared library libteleop_tools_msgs__rosidl_typesupport_introspection_c.so[0m
[2.703s] [ 51%] Built target teleop_tools_msgs__rosidl_typesupport_introspection_c
[2.707s] [ 54%] [32m[1mLinking CXX shared library libteleop_tools_msgs__rosidl_typesupport_cpp.so[0m
[2.739s] [ 54%] Built target teleop_tools_msgs__rosidl_typesupport_cpp
[2.783s] [ 58%] [32m[1mLinking CXX shared library libteleop_tools_msgs__rosidl_typesupport_introspection_cpp.so[0m
[2.836s] [ 58%] Built target teleop_tools_msgs__rosidl_typesupport_introspection_cpp
[2.939s] [ 61%] [32m[1mLinking CXX shared library libteleop_tools_msgs__rosidl_typesupport_fastrtps_cpp.so[0m
[3.035s] [ 61%] Built target teleop_tools_msgs__rosidl_typesupport_fastrtps_cpp
[3.045s] [ 64%] [34m[1mGenerating C type support for eProsima Fast-RTPS[0m
[3.324s] [35m[1mScanning dependencies of target teleop_tools_msgs__rosidl_typesupport_fastrtps_c[0m
[3.336s] [ 67%] [32mBuilding CXX object CMakeFiles/teleop_tools_msgs__rosidl_typesupport_fastrtps_c.dir/rosidl_typesupport_fastrtps_c/teleop_tools_msgs/action/detail/increment__type_support_c.cpp.o[0m
[3.575s] [ 70%] [32m[1mLinking CXX shared library libteleop_tools_msgs__rosidl_typesupport_fastrtps_c.so[0m
[3.630s] [ 70%] Built target teleop_tools_msgs__rosidl_typesupport_fastrtps_c
[3.637s] [35m[1mScanning dependencies of target teleop_tools_msgs[0m
[3.644s] [ 70%] Built target teleop_tools_msgs
[3.651s] [35m[1mScanning dependencies of target teleop_tools_msgs__py[0m
[3.659s] [ 74%] [34m[1mGenerating Python code for ROS interfaces[0m
[4.116s] [ 74%] Built target teleop_tools_msgs__py
[4.123s] [35m[1mScanning dependencies of target teleop_tools_msgs__python[0m
[4.135s] [ 77%] [32mBuilding C object CMakeFiles/teleop_tools_msgs__python.dir/rosidl_generator_py/teleop_tools_msgs/action/_increment_s.c.o[0m
[4.213s] [ 80%] [32m[1mLinking C shared library rosidl_generator_py/teleop_tools_msgs/libteleop_tools_msgs__python.so[0m
[4.246s] [ 80%] Built target teleop_tools_msgs__python
[4.254s] [35m[1mScanning dependencies of target teleop_tools_msgs__rosidl_typesupport_c__pyext[0m
[4.255s] [35m[1mScanning dependencies of target teleop_tools_msgs__rosidl_typesupport_introspection_c__pyext[0m
[4.255s] [35m[1mScanning dependencies of target teleop_tools_msgs__rosidl_typesupport_fastrtps_c__pyext[0m
[4.266s] [ 83%] [32mBuilding C object CMakeFiles/teleop_tools_msgs__rosidl_typesupport_c__pyext.dir/rosidl_generator_py/teleop_tools_msgs/_teleop_tools_msgs_s.ep.rosidl_typesupport_c.c.o[0m
[4.267s] [ 87%] [32mBuilding C object CMakeFiles/teleop_tools_msgs__rosidl_typesupport_introspection_c__pyext.dir/rosidl_generator_py/teleop_tools_msgs/_teleop_tools_msgs_s.ep.rosidl_typesupport_introspection_c.c.o[0m
[4.267s] [ 90%] [32mBuilding C object CMakeFiles/teleop_tools_msgs__rosidl_typesupport_fastrtps_c__pyext.dir/rosidl_generator_py/teleop_tools_msgs/_teleop_tools_msgs_s.ep.rosidl_typesupport_fastrtps_c.c.o[0m
[4.332s] [100%] [32m[1mLinking C shared library rosidl_generator_py/teleop_tools_msgs/teleop_tools_msgs_s__rosidl_typesupport_c.cpython-38-x86_64-linux-gnu.so[0m
[4.333s] [100%] [32m[1mLinking CXX shared library rosidl_generator_py/teleop_tools_msgs/teleop_tools_msgs_s__rosidl_typesupport_fastrtps_c.cpython-38-x86_64-linux-gnu.so[0m
[4.333s] [100%] [32m[1mLinking C shared library rosidl_generator_py/teleop_tools_msgs/teleop_tools_msgs_s__rosidl_typesupport_introspection_c.cpython-38-x86_64-linux-gnu.so[0m
[4.359s] [100%] Built target teleop_tools_msgs__rosidl_typesupport_c__pyext
[4.359s] [100%] Built target teleop_tools_msgs__rosidl_typesupport_introspection_c__pyext
[4.379s] [100%] Built target teleop_tools_msgs__rosidl_typesupport_fastrtps_c__pyext
[4.387s] Invoked command in '/home/ravi/pmb2_foxy_ws/build/teleop_tools_msgs' returned '0': CMAKE_PREFIX_PATH=${CMAKE_PREFIX_PATH}:/home/ravi/pmb2_foxy_ws/install/ros2controlcli:/home/ravi/pmb2_foxy_ws/install/launch_pal:/opt/ros/foxy /usr/bin/cmake --build /home/ravi/pmb2_foxy_ws/build/teleop_tools_msgs -- -j8 -l8
[4.427s] Invoking command in '/home/ravi/pmb2_foxy_ws/build/teleop_tools_msgs': CMAKE_PREFIX_PATH=${CMAKE_PREFIX_PATH}:/home/ravi/pmb2_foxy_ws/install/ros2controlcli:/home/ravi/pmb2_foxy_ws/install/launch_pal:/opt/ros/foxy /usr/bin/cmake --install /home/ravi/pmb2_foxy_ws/build/teleop_tools_msgs
[4.433s] -- Install configuration: ""
[4.434s] -- Execute custom install script
[4.434s] -- Symlinking: /home/ravi/pmb2_foxy_ws/install/teleop_tools_msgs/share/ament_index/resource_index/rosidl_interfaces/teleop_tools_msgs
[4.441s] -- Symlinking: /home/ravi/pmb2_foxy_ws/install/teleop_tools_msgs/include/teleop_tools_msgs/action/detail/increment__functions.h
[4.446s] -- Symlinking: /home/ravi/pmb2_foxy_ws/install/teleop_tools_msgs/include/teleop_tools_msgs/action/detail/increment__struct.h
[4.452s] -- Symlinking: /home/ravi/pmb2_foxy_ws/install/teleop_tools_msgs/include/teleop_tools_msgs/action/detail/increment__type_support.h
[4.457s] -- Symlinking: /home/ravi/pmb2_foxy_ws/install/teleop_tools_msgs/include/teleop_tools_msgs/action/increment.h
[4.464s] -- Symlinking: /home/ravi/pmb2_foxy_ws/install/teleop_tools_msgs/include/teleop_tools_msgs/msg/rosidl_generator_c__visibility_control.h
[4.470s] -- Symlinking: /home/ravi/pmb2_foxy_ws/install/teleop_tools_msgs/share/teleop_tools_msgs/environment/library_path.sh
[4.476s] -- Symlinking: /home/ravi/pmb2_foxy_ws/install/teleop_tools_msgs/share/teleop_tools_msgs/environment/library_path.dsv
[4.481s] -- Symlinking: /home/ravi/pmb2_foxy_ws/install/teleop_tools_msgs/include/teleop_tools_msgs/action/detail/increment__rosidl_typesupport_fastrtps_c.h
[4.487s] -- Symlinking: /home/ravi/pmb2_foxy_ws/install/teleop_tools_msgs/include/teleop_tools_msgs/msg/rosidl_typesupport_fastrtps_c__visibility_control.h
[4.493s] -- Symlinking: /home/ravi/pmb2_foxy_ws/install/teleop_tools_msgs/lib/libteleop_tools_msgs__rosidl_typesupport_fastrtps_c.so
[4.498s] -- Symlinking: /home/ravi/pmb2_foxy_ws/install/teleop_tools_msgs/include/teleop_tools_msgs/action/detail/increment__rosidl_typesupport_fastrtps_cpp.hpp
[4.504s] -- Symlinking: /home/ravi/pmb2_foxy_ws/install/teleop_tools_msgs/include/teleop_tools_msgs/msg/rosidl_typesupport_fastrtps_cpp__visibility_control.h
[4.510s] -- Symlinking: /home/ravi/pmb2_foxy_ws/install/teleop_tools_msgs/lib/libteleop_tools_msgs__rosidl_typesupport_fastrtps_cpp.so
[4.515s] -- Symlinking: /home/ravi/pmb2_foxy_ws/install/teleop_tools_msgs/include/teleop_tools_msgs/action/detail/increment__rosidl_typesupport_introspection_c.h
[4.521s] -- Symlinking: /home/ravi/pmb2_foxy_ws/install/teleop_tools_msgs/include/teleop_tools_msgs/msg/rosidl_typesupport_introspection_c__visibility_control.h
[4.527s] -- Symlinking: /home/ravi/pmb2_foxy_ws/install/teleop_tools_msgs/include/teleop_tools_msgs/action/detail/increment__builder.hpp
[4.532s] -- Symlinking: /home/ravi/pmb2_foxy_ws/install/teleop_tools_msgs/include/teleop_tools_msgs/action/detail/increment__struct.hpp
[4.538s] -- Symlinking: /home/ravi/pmb2_foxy_ws/install/teleop_tools_msgs/include/teleop_tools_msgs/action/detail/increment__traits.hpp
[4.544s] -- Symlinking: /home/ravi/pmb2_foxy_ws/install/teleop_tools_msgs/include/teleop_tools_msgs/action/increment.hpp
[4.549s] -- Symlinking: /home/ravi/pmb2_foxy_ws/install/teleop_tools_msgs/include/teleop_tools_msgs/action/detail/increment__rosidl_typesupport_introspection_cpp.hpp
[4.555s] -- Symlinking: /home/ravi/pmb2_foxy_ws/install/teleop_tools_msgs/share/teleop_tools_msgs/environment/pythonpath.sh
[4.561s] -- Symlinking: /home/ravi/pmb2_foxy_ws/install/teleop_tools_msgs/share/teleop_tools_msgs/environment/pythonpath.dsv
[4.566s] -- Symlinking: /home/ravi/pmb2_foxy_ws/install/teleop_tools_msgs/lib/python3.8/site-packages/teleop_tools_msgs/__init__.py
[4.572s] -- Symlinking: /home/ravi/pmb2_foxy_ws/install/teleop_tools_msgs/lib/python3.8/site-packages/teleop_tools_msgs/action/__init__.py
[4.578s] -- Symlinking: /home/ravi/pmb2_foxy_ws/install/teleop_tools_msgs/lib/python3.8/site-packages/teleop_tools_msgs/action/_increment.py
[4.583s] -- Symlinking: /home/ravi/pmb2_foxy_ws/install/teleop_tools_msgs/lib/python3.8/site-packages/teleop_tools_msgs/teleop_tools_msgs_s__rosidl_typesupport_fastrtps_c.cpython-38-x86_64-linux-gnu.so
[4.589s] -- Symlinking: /home/ravi/pmb2_foxy_ws/install/teleop_tools_msgs/lib/python3.8/site-packages/teleop_tools_msgs/teleop_tools_msgs_s__rosidl_typesupport_introspection_c.cpython-38-x86_64-linux-gnu.so
[4.594s] -- Symlinking: /home/ravi/pmb2_foxy_ws/install/teleop_tools_msgs/lib/python3.8/site-packages/teleop_tools_msgs/teleop_tools_msgs_s__rosidl_typesupport_c.cpython-38-x86_64-linux-gnu.so
[4.600s] -- Symlinking: /home/ravi/pmb2_foxy_ws/install/teleop_tools_msgs/lib/libteleop_tools_msgs__python.so
[4.605s] -- Symlinking: /home/ravi/pmb2_foxy_ws/install/teleop_tools_msgs/share/teleop_tools_msgs/action/Increment.idl
[4.611s] -- Symlinking: /home/ravi/pmb2_foxy_ws/install/teleop_tools_msgs/share/teleop_tools_msgs/action/Increment.action
[4.617s] -- Symlinking: /home/ravi/pmb2_foxy_ws/install/teleop_tools_msgs/share/ament_index/resource_index/package_run_dependencies/teleop_tools_msgs
[4.623s] -- Symlinking: /home/ravi/pmb2_foxy_ws/install/teleop_tools_msgs/share/ament_index/resource_index/parent_prefix_path/teleop_tools_msgs
[4.629s] -- Symlinking: /home/ravi/pmb2_foxy_ws/install/teleop_tools_msgs/share/teleop_tools_msgs/environment/ament_prefix_path.sh
[4.635s] -- Symlinking: /home/ravi/pmb2_foxy_ws/install/teleop_tools_msgs/share/teleop_tools_msgs/environment/ament_prefix_path.dsv
[4.640s] -- Symlinking: /home/ravi/pmb2_foxy_ws/install/teleop_tools_msgs/share/teleop_tools_msgs/environment/path.sh
[4.646s] -- Symlinking: /home/ravi/pmb2_foxy_ws/install/teleop_tools_msgs/share/teleop_tools_msgs/environment/path.dsv
[4.652s] -- Symlinking: /home/ravi/pmb2_foxy_ws/install/teleop_tools_msgs/share/teleop_tools_msgs/local_setup.bash
[4.657s] -- Symlinking: /home/ravi/pmb2_foxy_ws/install/teleop_tools_msgs/share/teleop_tools_msgs/local_setup.sh
[4.663s] -- Symlinking: /home/ravi/pmb2_foxy_ws/install/teleop_tools_msgs/share/teleop_tools_msgs/local_setup.zsh
[4.668s] -- Symlinking: /home/ravi/pmb2_foxy_ws/install/teleop_tools_msgs/share/teleop_tools_msgs/local_setup.dsv
[4.674s] -- Symlinking: /home/ravi/pmb2_foxy_ws/install/teleop_tools_msgs/share/teleop_tools_msgs/package.dsv
[4.680s] -- Symlinking: /home/ravi/pmb2_foxy_ws/install/teleop_tools_msgs/share/ament_index/resource_index/packages/teleop_tools_msgs
[4.685s] -- Symlinking: /home/ravi/pmb2_foxy_ws/install/teleop_tools_msgs/share/teleop_tools_msgs/cmake/rosidl_cmake-extras.cmake
[4.691s] -- Symlinking: /home/ravi/pmb2_foxy_ws/install/teleop_tools_msgs/share/teleop_tools_msgs/cmake/ament_cmake_export_dependencies-extras.cmake
[4.696s] -- Symlinking: /home/ravi/pmb2_foxy_ws/install/teleop_tools_msgs/share/teleop_tools_msgs/cmake/ament_cmake_export_libraries-extras.cmake
[4.702s] -- Symlinking: /home/ravi/pmb2_foxy_ws/install/teleop_tools_msgs/share/teleop_tools_msgs/cmake/ament_cmake_export_targets-extras.cmake
[4.708s] -- Symlinking: /home/ravi/pmb2_foxy_ws/install/teleop_tools_msgs/share/teleop_tools_msgs/cmake/ament_cmake_export_include_directories-extras.cmake
[4.713s] -- Symlinking: /home/ravi/pmb2_foxy_ws/install/teleop_tools_msgs/share/teleop_tools_msgs/cmake/rosidl_cmake_export_typesupport_libraries-extras.cmake
[4.719s] -- Symlinking: /home/ravi/pmb2_foxy_ws/install/teleop_tools_msgs/share/teleop_tools_msgs/cmake/rosidl_cmake_export_typesupport_targets-extras.cmake
[4.725s] -- Symlinking: /home/ravi/pmb2_foxy_ws/install/teleop_tools_msgs/share/teleop_tools_msgs/cmake/teleop_tools_msgsConfig.cmake
[4.731s] -- Symlinking: /home/ravi/pmb2_foxy_ws/install/teleop_tools_msgs/share/teleop_tools_msgs/cmake/teleop_tools_msgsConfig-version.cmake
[4.737s] -- Symlinking: /home/ravi/pmb2_foxy_ws/install/teleop_tools_msgs/share/teleop_tools_msgs/package.xml
[4.743s] -- Installing: /home/ravi/pmb2_foxy_ws/install/teleop_tools_msgs/lib/libteleop_tools_msgs__rosidl_generator_c.so
[4.743s] -- Set runtime path of "/home/ravi/pmb2_foxy_ws/install/teleop_tools_msgs/lib/libteleop_tools_msgs__rosidl_generator_c.so" to ""
[4.743s] -- Installing: /home/ravi/pmb2_foxy_ws/install/teleop_tools_msgs/lib/libteleop_tools_msgs__rosidl_typesupport_introspection_c.so
[4.743s] -- Set runtime path of "/home/ravi/pmb2_foxy_ws/install/teleop_tools_msgs/lib/libteleop_tools_msgs__rosidl_typesupport_introspection_c.so" to ""
[4.743s] -- Installing: /home/ravi/pmb2_foxy_ws/install/teleop_tools_msgs/lib/libteleop_tools_msgs__rosidl_typesupport_c.so
[4.743s] -- Set runtime path of "/home/ravi/pmb2_foxy_ws/install/teleop_tools_msgs/lib/libteleop_tools_msgs__rosidl_typesupport_c.so" to ""
[4.743s] -- Installing: /home/ravi/pmb2_foxy_ws/install/teleop_tools_msgs/lib/libteleop_tools_msgs__rosidl_typesupport_introspection_cpp.so
[4.744s] -- Set runtime path of "/home/ravi/pmb2_foxy_ws/install/teleop_tools_msgs/lib/libteleop_tools_msgs__rosidl_typesupport_introspection_cpp.so" to ""
[4.744s] -- Installing: /home/ravi/pmb2_foxy_ws/install/teleop_tools_msgs/lib/libteleop_tools_msgs__rosidl_typesupport_cpp.so
[4.744s] -- Set runtime path of "/home/ravi/pmb2_foxy_ws/install/teleop_tools_msgs/lib/libteleop_tools_msgs__rosidl_typesupport_cpp.so" to ""
[4.766s] Compiling '/home/ravi/pmb2_foxy_ws/install/teleop_tools_msgs/lib/python3.8/site-packages/teleop_tools_msgs/__init__.py'...
[4.768s] -- Installing: /home/ravi/pmb2_foxy_ws/install/teleop_tools_msgs/share/teleop_tools_msgs/cmake/teleop_tools_msgs__rosidl_generator_cExport.cmake
[4.768s] -- Installing: /home/ravi/pmb2_foxy_ws/install/teleop_tools_msgs/share/teleop_tools_msgs/cmake/teleop_tools_msgs__rosidl_generator_cExport-noconfig.cmake
[4.768s] -- Installing: /home/ravi/pmb2_foxy_ws/install/teleop_tools_msgs/share/teleop_tools_msgs/cmake/teleop_tools_msgs__rosidl_typesupport_introspection_cExport.cmake
[4.768s] -- Installing: /home/ravi/pmb2_foxy_ws/install/teleop_tools_msgs/share/teleop_tools_msgs/cmake/teleop_tools_msgs__rosidl_typesupport_introspection_cExport-noconfig.cmake
[4.768s] -- Installing: /home/ravi/pmb2_foxy_ws/install/teleop_tools_msgs/share/teleop_tools_msgs/cmake/teleop_tools_msgs__rosidl_typesupport_cExport.cmake
[4.768s] -- Installing: /home/ravi/pmb2_foxy_ws/install/teleop_tools_msgs/share/teleop_tools_msgs/cmake/teleop_tools_msgs__rosidl_typesupport_cExport-noconfig.cmake
[4.768s] -- Installing: /home/ravi/pmb2_foxy_ws/install/teleop_tools_msgs/share/teleop_tools_msgs/cmake/teleop_tools_msgs__rosidl_generator_cppExport.cmake
[4.768s] -- Installing: /home/ravi/pmb2_foxy_ws/install/teleop_tools_msgs/share/teleop_tools_msgs/cmake/teleop_tools_msgs__rosidl_typesupport_introspection_cppExport.cmake
[4.768s] -- Installing: /home/ravi/pmb2_foxy_ws/install/teleop_tools_msgs/share/teleop_tools_msgs/cmake/teleop_tools_msgs__rosidl_typesupport_introspection_cppExport-noconfig.cmake
[4.768s] -- Installing: /home/ravi/pmb2_foxy_ws/install/teleop_tools_msgs/share/teleop_tools_msgs/cmake/teleop_tools_msgs__rosidl_typesupport_cppExport.cmake
[4.769s] -- Installing: /home/ravi/pmb2_foxy_ws/install/teleop_tools_msgs/share/teleop_tools_msgs/cmake/teleop_tools_msgs__rosidl_typesupport_cppExport-noconfig.cmake
[4.772s] Invoked command in '/home/ravi/pmb2_foxy_ws/build/teleop_tools_msgs' returned '0': CMAKE_PREFIX_PATH=${CMAKE_PREFIX_PATH}:/home/ravi/pmb2_foxy_ws/install/ros2controlcli:/home/ravi/pmb2_foxy_ws/install/launch_pal:/opt/ros/foxy /usr/bin/cmake --install /home/ravi/pmb2_foxy_ws/build/teleop_tools_msgs
