[0.008s] Invoking command in '/home/ravi/pmb2_foxy_ws/build/pmb2_description': CMAKE_PREFIX_PATH=/home/ravi/pmb2_foxy_ws/install/pmb2_controller_configuration:/home/ravi/pmb2_foxy_ws/install/gazebo_ros_pkgs:/home/ravi/pmb2_foxy_ws/install/gazebo_plugins:/home/ravi/pmb2_foxy_ws/install/gazebo_ros:/home/ravi/pmb2_foxy_ws/install/gazebo_msgs:/home/ravi/pmb2_foxy_ws/install/gazebo_dev:/home/ravi/pmb2_foxy_ws/install/pal_gazebo_worlds:/home/ravi/pmb2_foxy_ws/install/pmb2_simulation:/home/ravi/pmb2_foxy_ws/install/pmb2_navigation:/home/ravi/pmb2_foxy_ws/install/pmb2_2dnav_gazebo:/home/ravi/pmb2_foxy_ws/install/pmb2_2dnav:/home/ravi/pmb2_foxy_ws/install/pmb2_maps:/home/ravi/pmb2_foxy_ws/install/pmb2_gazebo:/home/ravi/pmb2_foxy_ws/install/pmb2_robot:/home/ravi/pmb2_foxy_ws/install/pmb2_bringup:/home/ravi/pmb2_foxy_ws/install/pmb2_description:/home/ravi/pmb2_foxy_ws/install/launch_pal:/opt/ros/foxy /usr/bin/cmake /home/ravi/pmb2_foxy_ws/src/pmb2_robot/pmb2_description -DAMENT_CMAKE_SYMLINK_INSTALL=1 -DCMAKE_INSTALL_PREFIX=/home/ravi/pmb2_foxy_ws/install/pmb2_description
[0.017s] -- Found ament_cmake_auto: 0.9.9 (/opt/ros/foxy/share/ament_cmake_auto/cmake)
[0.036s] -- Found PythonInterp: /usr/bin/python3 (found suitable version "3.8.10", minimum required is "3") 
[0.036s] -- Using PYTHON_EXECUTABLE: /usr/bin/python3
[0.149s] -- Override CMake install command with custom implementation using symlinks instead of copying resources
[0.200s] -- Found ament_lint_auto: 0.9.6 (/opt/ros/foxy/share/ament_lint_auto/cmake)
[0.204s] -- Found python_cmake_module: 0.8.1 (/opt/ros/foxy/share/python_cmake_module/cmake)
[0.222s] -- Found PythonInterp: /usr/bin/python3 (found suitable version "3.8.10", minimum required is "3.5") 
[0.223s] -- Using PYTHON_EXECUTABLE: /usr/bin/python3
[0.223s] -- Using PYTHON_INCLUDE_DIRS: /usr/include/python3.8
[0.223s] -- Using PYTHON_LIBRARIES: /usr/lib/x86_64-linux-gnu/libpython3.8.so
[0.239s] -- Added test 'copyright' to check source files copyright and LICENSE
[0.243s] -- Added test 'flake8' to check Python code syntax and style conventions
[0.244s] -- Added test 'lint_cmake' to check CMake code style
[0.244s] -- Added test 'pep257' to check Python code against some of the style conventions in PEP 257
[0.247s] -- Added test 'xmllint' to check XML markup files
[0.248s] -- Configuring done
[0.250s] -- Generating done
[0.250s] -- Build files have been written to: /home/ravi/pmb2_foxy_ws/build/pmb2_description
[0.252s] Invoked command in '/home/ravi/pmb2_foxy_ws/build/pmb2_description' returned '0': CMAKE_PREFIX_PATH=/home/ravi/pmb2_foxy_ws/install/pmb2_controller_configuration:/home/ravi/pmb2_foxy_ws/install/gazebo_ros_pkgs:/home/ravi/pmb2_foxy_ws/install/gazebo_plugins:/home/ravi/pmb2_foxy_ws/install/gazebo_ros:/home/ravi/pmb2_foxy_ws/install/gazebo_msgs:/home/ravi/pmb2_foxy_ws/install/gazebo_dev:/home/ravi/pmb2_foxy_ws/install/pal_gazebo_worlds:/home/ravi/pmb2_foxy_ws/install/pmb2_simulation:/home/ravi/pmb2_foxy_ws/install/pmb2_navigation:/home/ravi/pmb2_foxy_ws/install/pmb2_2dnav_gazebo:/home/ravi/pmb2_foxy_ws/install/pmb2_2dnav:/home/ravi/pmb2_foxy_ws/install/pmb2_maps:/home/ravi/pmb2_foxy_ws/install/pmb2_gazebo:/home/ravi/pmb2_foxy_ws/install/pmb2_robot:/home/ravi/pmb2_foxy_ws/install/pmb2_bringup:/home/ravi/pmb2_foxy_ws/install/pmb2_description:/home/ravi/pmb2_foxy_ws/install/launch_pal:/opt/ros/foxy /usr/bin/cmake /home/ravi/pmb2_foxy_ws/src/pmb2_robot/pmb2_description -DAMENT_CMAKE_SYMLINK_INSTALL=1 -DCMAKE_INSTALL_PREFIX=/home/ravi/pmb2_foxy_ws/install/pmb2_description
[0.254s] Invoking command in '/home/ravi/pmb2_foxy_ws/build/pmb2_description': CMAKE_PREFIX_PATH=/home/ravi/pmb2_foxy_ws/install/pmb2_controller_configuration:/home/ravi/pmb2_foxy_ws/install/gazebo_ros_pkgs:/home/ravi/pmb2_foxy_ws/install/gazebo_plugins:/home/ravi/pmb2_foxy_ws/install/gazebo_ros:/home/ravi/pmb2_foxy_ws/install/gazebo_msgs:/home/ravi/pmb2_foxy_ws/install/gazebo_dev:/home/ravi/pmb2_foxy_ws/install/pal_gazebo_worlds:/home/ravi/pmb2_foxy_ws/install/pmb2_simulation:/home/ravi/pmb2_foxy_ws/install/pmb2_navigation:/home/ravi/pmb2_foxy_ws/install/pmb2_2dnav_gazebo:/home/ravi/pmb2_foxy_ws/install/pmb2_2dnav:/home/ravi/pmb2_foxy_ws/install/pmb2_maps:/home/ravi/pmb2_foxy_ws/install/pmb2_gazebo:/home/ravi/pmb2_foxy_ws/install/pmb2_robot:/home/ravi/pmb2_foxy_ws/install/pmb2_bringup:/home/ravi/pmb2_foxy_ws/install/pmb2_description:/home/ravi/pmb2_foxy_ws/install/launch_pal:/opt/ros/foxy /usr/bin/cmake --build /home/ravi/pmb2_foxy_ws/build/pmb2_description -- -j8 -l8
[0.280s] Invoked command in '/home/ravi/pmb2_foxy_ws/build/pmb2_description' returned '0': CMAKE_PREFIX_PATH=/home/ravi/pmb2_foxy_ws/install/pmb2_controller_configuration:/home/ravi/pmb2_foxy_ws/install/gazebo_ros_pkgs:/home/ravi/pmb2_foxy_ws/install/gazebo_plugins:/home/ravi/pmb2_foxy_ws/install/gazebo_ros:/home/ravi/pmb2_foxy_ws/install/gazebo_msgs:/home/ravi/pmb2_foxy_ws/install/gazebo_dev:/home/ravi/pmb2_foxy_ws/install/pal_gazebo_worlds:/home/ravi/pmb2_foxy_ws/install/pmb2_simulation:/home/ravi/pmb2_foxy_ws/install/pmb2_navigation:/home/ravi/pmb2_foxy_ws/install/pmb2_2dnav_gazebo:/home/ravi/pmb2_foxy_ws/install/pmb2_2dnav:/home/ravi/pmb2_foxy_ws/install/pmb2_maps:/home/ravi/pmb2_foxy_ws/install/pmb2_gazebo:/home/ravi/pmb2_foxy_ws/install/pmb2_robot:/home/ravi/pmb2_foxy_ws/install/pmb2_bringup:/home/ravi/pmb2_foxy_ws/install/pmb2_description:/home/ravi/pmb2_foxy_ws/install/launch_pal:/opt/ros/foxy /usr/bin/cmake --build /home/ravi/pmb2_foxy_ws/build/pmb2_description -- -j8 -l8
[0.296s] Invoking command in '/home/ravi/pmb2_foxy_ws/build/pmb2_description': CMAKE_PREFIX_PATH=/home/ravi/pmb2_foxy_ws/install/pmb2_controller_configuration:/home/ravi/pmb2_foxy_ws/install/gazebo_ros_pkgs:/home/ravi/pmb2_foxy_ws/install/gazebo_plugins:/home/ravi/pmb2_foxy_ws/install/gazebo_ros:/home/ravi/pmb2_foxy_ws/install/gazebo_msgs:/home/ravi/pmb2_foxy_ws/install/gazebo_dev:/home/ravi/pmb2_foxy_ws/install/pal_gazebo_worlds:/home/ravi/pmb2_foxy_ws/install/pmb2_simulation:/home/ravi/pmb2_foxy_ws/install/pmb2_navigation:/home/ravi/pmb2_foxy_ws/install/pmb2_2dnav_gazebo:/home/ravi/pmb2_foxy_ws/install/pmb2_2dnav:/home/ravi/pmb2_foxy_ws/install/pmb2_maps:/home/ravi/pmb2_foxy_ws/install/pmb2_gazebo:/home/ravi/pmb2_foxy_ws/install/pmb2_robot:/home/ravi/pmb2_foxy_ws/install/pmb2_bringup:/home/ravi/pmb2_foxy_ws/install/pmb2_description:/home/ravi/pmb2_foxy_ws/install/launch_pal:/opt/ros/foxy /usr/bin/cmake --install /home/ravi/pmb2_foxy_ws/build/pmb2_description
[0.302s] -- Install configuration: ""
[0.302s] -- Execute custom install script
[0.302s] -- Up-to-date symlink: /home/ravi/pmb2_foxy_ws/install/pmb2_description/share/pmb2_description/environment/pythonpath.sh
[0.302s] -- Up-to-date symlink: /home/ravi/pmb2_foxy_ws/install/pmb2_description/share/pmb2_description/environment/pythonpath.dsv
[0.303s] -- Up-to-date symlink: /home/ravi/pmb2_foxy_ws/install/pmb2_description/lib/python3.8/site-packages/pmb2_description/__init__.py
[0.303s] -- Up-to-date symlink: /home/ravi/pmb2_foxy_ws/install/pmb2_description/lib/python3.8/site-packages/pmb2_description/pmb2_launch_utils.py
[0.303s] -- Up-to-date symlink: /home/ravi/pmb2_foxy_ws/install/pmb2_description/share/pmb2_description/config/joint_limits.yaml
[0.303s] -- Up-to-date symlink: /home/ravi/pmb2_foxy_ws/install/pmb2_description/share/pmb2_description/gazebo/gazebo.urdf.xacro
[0.304s] -- Up-to-date symlink: /home/ravi/pmb2_foxy_ws/install/pmb2_description/share/pmb2_description/launch/robot_state_publisher.launch.py
[0.304s] -- Up-to-date symlink: /home/ravi/pmb2_foxy_ws/install/pmb2_description/share/pmb2_description/launch/show.launch.py
[0.304s] -- Up-to-date symlink: /home/ravi/pmb2_foxy_ws/install/pmb2_description/share/pmb2_description/Media/materials/scripts/markers.material
[0.304s] -- Up-to-date symlink: /home/ravi/pmb2_foxy_ws/install/pmb2_description/share/pmb2_description/Media/materials/textures/aruco-26_8cm.png
[0.304s] -- Up-to-date symlink: /home/ravi/pmb2_foxy_ws/install/pmb2_description/share/pmb2_description/Media/materials/textures/aruco-582_8cm.png
[0.304s] -- Up-to-date symlink: /home/ravi/pmb2_foxy_ws/install/pmb2_description/share/pmb2_description/Media/materials/textures/pal_logo_1_7cm.jpg
[0.304s] -- Up-to-date symlink: /home/ravi/pmb2_foxy_ws/install/pmb2_description/share/pmb2_description/Media/materials/textures/pal_logo_2_7cm.jpg
[0.305s] -- Up-to-date symlink: /home/ravi/pmb2_foxy_ws/install/pmb2_description/share/pmb2_description/Media/materials/textures/pal_logo_3_7cm.jpg
[0.305s] -- Up-to-date symlink: /home/ravi/pmb2_foxy_ws/install/pmb2_description/share/pmb2_description/meshes/base/base.stl
[0.305s] -- Up-to-date symlink: /home/ravi/pmb2_foxy_ws/install/pmb2_description/share/pmb2_description/meshes/base/base_collision.dae
[0.305s] -- Up-to-date symlink: /home/ravi/pmb2_foxy_ws/install/pmb2_description/share/pmb2_description/meshes/base/base_ring.stl
[0.305s] -- Up-to-date symlink: /home/ravi/pmb2_foxy_ws/install/pmb2_description/share/pmb2_description/meshes/base/high_resolution/base.stl
[0.305s] -- Up-to-date symlink: /home/ravi/pmb2_foxy_ws/install/pmb2_description/share/pmb2_description/meshes/base/high_resolution/base_collision.stl
[0.306s] -- Up-to-date symlink: /home/ravi/pmb2_foxy_ws/install/pmb2_description/share/pmb2_description/meshes/cameras_add_on/cameras_add_on.stl
[0.306s] -- Up-to-date symlink: /home/ravi/pmb2_foxy_ws/install/pmb2_description/share/pmb2_description/meshes/cameras_add_on/cameras_add_on_collision.stl
[0.306s] -- Up-to-date symlink: /home/ravi/pmb2_foxy_ws/install/pmb2_description/share/pmb2_description/meshes/dock/dock.stl
[0.306s] -- Up-to-date symlink: /home/ravi/pmb2_foxy_ws/install/pmb2_description/share/pmb2_description/meshes/dock/dock_collision.stl
[0.306s] -- Up-to-date symlink: /home/ravi/pmb2_foxy_ws/install/pmb2_description/share/pmb2_description/meshes/objects/antenna.stl
[0.306s] -- Up-to-date symlink: /home/ravi/pmb2_foxy_ws/install/pmb2_description/share/pmb2_description/meshes/objects/cover.stl
[0.306s] -- Up-to-date symlink: /home/ravi/pmb2_foxy_ws/install/pmb2_description/share/pmb2_description/meshes/objects/high_resolution/cover.stl
[0.306s] -- Up-to-date symlink: /home/ravi/pmb2_foxy_ws/install/pmb2_description/share/pmb2_description/meshes/sensors/bumper.stl
[0.306s] -- Up-to-date symlink: /home/ravi/pmb2_foxy_ws/install/pmb2_description/share/pmb2_description/meshes/sensors/bumper_collision.stl
[0.306s] -- Up-to-date symlink: /home/ravi/pmb2_foxy_ws/install/pmb2_description/share/pmb2_description/meshes/sensors/elp_camera.stl
[0.306s] -- Up-to-date symlink: /home/ravi/pmb2_foxy_ws/install/pmb2_description/share/pmb2_description/meshes/sensors/high_resolution/bumper.stl
[0.306s] -- Up-to-date symlink: /home/ravi/pmb2_foxy_ws/install/pmb2_description/share/pmb2_description/meshes/sensors/high_resolution/hokuyo_urg_04lx_ug01.stl
[0.307s] -- Up-to-date symlink: /home/ravi/pmb2_foxy_ws/install/pmb2_description/share/pmb2_description/meshes/sensors/high_resolution/sick_tim551.stl
[0.307s] -- Up-to-date symlink: /home/ravi/pmb2_foxy_ws/install/pmb2_description/share/pmb2_description/meshes/sensors/high_resolution/srf05.stl
[0.307s] -- Up-to-date symlink: /home/ravi/pmb2_foxy_ws/install/pmb2_description/share/pmb2_description/meshes/sensors/high_resolution/xtion_pro_live.stl
[0.307s] -- Up-to-date symlink: /home/ravi/pmb2_foxy_ws/install/pmb2_description/share/pmb2_description/meshes/sensors/hokuyo_urg_04lx_ug01.stl
[0.307s] -- Up-to-date symlink: /home/ravi/pmb2_foxy_ws/install/pmb2_description/share/pmb2_description/meshes/sensors/sick_tim551.stl
[0.307s] -- Up-to-date symlink: /home/ravi/pmb2_foxy_ws/install/pmb2_description/share/pmb2_description/meshes/sensors/srf05.stl
[0.307s] -- Up-to-date symlink: /home/ravi/pmb2_foxy_ws/install/pmb2_description/share/pmb2_description/meshes/sensors/structure_sensor.stl
[0.307s] -- Up-to-date symlink: /home/ravi/pmb2_foxy_ws/install/pmb2_description/share/pmb2_description/meshes/sensors/xtion_pro_live.dae
[0.307s] -- Up-to-date symlink: /home/ravi/pmb2_foxy_ws/install/pmb2_description/share/pmb2_description/meshes/wheels/caster_1.stl
[0.307s] -- Up-to-date symlink: /home/ravi/pmb2_foxy_ws/install/pmb2_description/share/pmb2_description/meshes/wheels/caster_2.stl
[0.307s] -- Up-to-date symlink: /home/ravi/pmb2_foxy_ws/install/pmb2_description/share/pmb2_description/meshes/wheels/high_resolution/caster_1.stl
[0.308s] -- Up-to-date symlink: /home/ravi/pmb2_foxy_ws/install/pmb2_description/share/pmb2_description/meshes/wheels/high_resolution/caster_2.stl
[0.308s] -- Up-to-date symlink: /home/ravi/pmb2_foxy_ws/install/pmb2_description/share/pmb2_description/meshes/wheels/high_resolution/wheel.stl
[0.308s] -- Up-to-date symlink: /home/ravi/pmb2_foxy_ws/install/pmb2_description/share/pmb2_description/meshes/wheels/wheel.stl
[0.308s] -- Up-to-date symlink: /home/ravi/pmb2_foxy_ws/install/pmb2_description/share/pmb2_description/robots/pmb2.urdf.xacro
[0.308s] -- Up-to-date symlink: /home/ravi/pmb2_foxy_ws/install/pmb2_description/share/pmb2_description/ros2_control/ros2_control.urdf.xacro
[0.309s] -- Up-to-date symlink: /home/ravi/pmb2_foxy_ws/install/pmb2_description/share/pmb2_description/urdf/base/base.urdf.xacro
[0.309s] -- Up-to-date symlink: /home/ravi/pmb2_foxy_ws/install/pmb2_description/share/pmb2_description/urdf/base/base_sensors.urdf.xacro
[0.309s] -- Up-to-date symlink: /home/ravi/pmb2_foxy_ws/install/pmb2_description/share/pmb2_description/urdf/base/footprint.yaml
[0.309s] -- Up-to-date symlink: /home/ravi/pmb2_foxy_ws/install/pmb2_description/share/pmb2_description/urdf/cameras_add_on/cameras_add_on.urdf.xacro
[0.309s] -- Up-to-date symlink: /home/ravi/pmb2_foxy_ws/install/pmb2_description/share/pmb2_description/urdf/deg_to_rad.xacro
[0.309s] -- Up-to-date symlink: /home/ravi/pmb2_foxy_ws/install/pmb2_description/share/pmb2_description/urdf/dock/dock.urdf.xacro
[0.309s] -- Up-to-date symlink: /home/ravi/pmb2_foxy_ws/install/pmb2_description/share/pmb2_description/urdf/materials.urdf.xacro
[0.309s] -- Up-to-date symlink: /home/ravi/pmb2_foxy_ws/install/pmb2_description/share/pmb2_description/urdf/objects/antenna.urdf.xacro
[0.309s] -- Up-to-date symlink: /home/ravi/pmb2_foxy_ws/install/pmb2_description/share/pmb2_description/urdf/objects/cover.urdf.xacro
[0.310s] -- Up-to-date symlink: /home/ravi/pmb2_foxy_ws/install/pmb2_description/share/pmb2_description/urdf/sensors/bumper.gazebo.xacro
[0.310s] -- Up-to-date symlink: /home/ravi/pmb2_foxy_ws/install/pmb2_description/share/pmb2_description/urdf/sensors/bumper.urdf.xacro
[0.310s] -- Up-to-date symlink: /home/ravi/pmb2_foxy_ws/install/pmb2_description/share/pmb2_description/urdf/sensors/courier.urdf.xacro
[0.310s] -- Up-to-date symlink: /home/ravi/pmb2_foxy_ws/install/pmb2_description/share/pmb2_description/urdf/sensors/elp_rgb.gazebo.xacro
[0.310s] -- Up-to-date symlink: /home/ravi/pmb2_foxy_ws/install/pmb2_description/share/pmb2_description/urdf/sensors/elp_rgb.urdf.xacro
[0.310s] -- Up-to-date symlink: /home/ravi/pmb2_foxy_ws/install/pmb2_description/share/pmb2_description/urdf/sensors/hokuyo_urg_04lx_ug01_laser.gazebo.xacro
[0.310s] -- Up-to-date symlink: /home/ravi/pmb2_foxy_ws/install/pmb2_description/share/pmb2_description/urdf/sensors/hokuyo_urg_04lx_ug01_laser.urdf.xacro
[0.310s] -- Up-to-date symlink: /home/ravi/pmb2_foxy_ws/install/pmb2_description/share/pmb2_description/urdf/sensors/imu.urdf.xacro
[0.310s] -- Up-to-date symlink: /home/ravi/pmb2_foxy_ws/install/pmb2_description/share/pmb2_description/urdf/sensors/microphone.urdf.xacro
[0.310s] -- Up-to-date symlink: /home/ravi/pmb2_foxy_ws/install/pmb2_description/share/pmb2_description/urdf/sensors/range.gazebo.xacro
[0.310s] -- Up-to-date symlink: /home/ravi/pmb2_foxy_ws/install/pmb2_description/share/pmb2_description/urdf/sensors/range.urdf.xacro
[0.310s] -- Up-to-date symlink: /home/ravi/pmb2_foxy_ws/install/pmb2_description/share/pmb2_description/urdf/sensors/sensors.ros2_control.xacro
[0.311s] -- Up-to-date symlink: /home/ravi/pmb2_foxy_ws/install/pmb2_description/share/pmb2_description/urdf/sensors/sick_tim551_laser.gazebo.xacro
[0.311s] -- Up-to-date symlink: /home/ravi/pmb2_foxy_ws/install/pmb2_description/share/pmb2_description/urdf/sensors/sick_tim551_laser.urdf.xacro
[0.311s] -- Up-to-date symlink: /home/ravi/pmb2_foxy_ws/install/pmb2_description/share/pmb2_description/urdf/sensors/sick_tim561_laser.gazebo.xacro
[0.311s] -- Up-to-date symlink: /home/ravi/pmb2_foxy_ws/install/pmb2_description/share/pmb2_description/urdf/sensors/sick_tim561_laser.urdf.xacro
[0.311s] -- Up-to-date symlink: /home/ravi/pmb2_foxy_ws/install/pmb2_description/share/pmb2_description/urdf/sensors/sick_tim571_laser.gazebo.xacro
[0.311s] -- Up-to-date symlink: /home/ravi/pmb2_foxy_ws/install/pmb2_description/share/pmb2_description/urdf/sensors/sick_tim571_laser.urdf.xacro
[0.311s] -- Up-to-date symlink: /home/ravi/pmb2_foxy_ws/install/pmb2_description/share/pmb2_description/urdf/sensors/structure_sensor.gazebo.xacro
[0.311s] -- Up-to-date symlink: /home/ravi/pmb2_foxy_ws/install/pmb2_description/share/pmb2_description/urdf/sensors/structure_sensor.urdf.xacro
[0.311s] -- Up-to-date symlink: /home/ravi/pmb2_foxy_ws/install/pmb2_description/share/pmb2_description/urdf/wheels/caster.gazebo.xacro
[0.311s] -- Up-to-date symlink: /home/ravi/pmb2_foxy_ws/install/pmb2_description/share/pmb2_description/urdf/wheels/caster.urdf.xacro
[0.311s] -- Up-to-date symlink: /home/ravi/pmb2_foxy_ws/install/pmb2_description/share/pmb2_description/urdf/wheels/wheel.gazebo.xacro
[0.312s] -- Up-to-date symlink: /home/ravi/pmb2_foxy_ws/install/pmb2_description/share/pmb2_description/urdf/wheels/wheel.ros2_control.xacro
[0.312s] -- Up-to-date symlink: /home/ravi/pmb2_foxy_ws/install/pmb2_description/share/pmb2_description/urdf/wheels/wheel.urdf.xacro
[0.312s] -- Up-to-date symlink: /home/ravi/pmb2_foxy_ws/install/pmb2_description/share/ament_index/resource_index/package_run_dependencies/pmb2_description
[0.312s] -- Up-to-date symlink: /home/ravi/pmb2_foxy_ws/install/pmb2_description/share/ament_index/resource_index/parent_prefix_path/pmb2_description
[0.312s] -- Up-to-date symlink: /home/ravi/pmb2_foxy_ws/install/pmb2_description/share/pmb2_description/environment/ament_prefix_path.sh
[0.312s] -- Up-to-date symlink: /home/ravi/pmb2_foxy_ws/install/pmb2_description/share/pmb2_description/environment/ament_prefix_path.dsv
[0.312s] -- Up-to-date symlink: /home/ravi/pmb2_foxy_ws/install/pmb2_description/share/pmb2_description/environment/path.sh
[0.312s] -- Up-to-date symlink: /home/ravi/pmb2_foxy_ws/install/pmb2_description/share/pmb2_description/environment/path.dsv
[0.313s] -- Up-to-date symlink: /home/ravi/pmb2_foxy_ws/install/pmb2_description/share/pmb2_description/local_setup.bash
[0.313s] -- Up-to-date symlink: /home/ravi/pmb2_foxy_ws/install/pmb2_description/share/pmb2_description/local_setup.sh
[0.313s] -- Up-to-date symlink: /home/ravi/pmb2_foxy_ws/install/pmb2_description/share/pmb2_description/local_setup.zsh
[0.313s] -- Up-to-date symlink: /home/ravi/pmb2_foxy_ws/install/pmb2_description/share/pmb2_description/local_setup.dsv
[0.313s] -- Symlinking: /home/ravi/pmb2_foxy_ws/install/pmb2_description/share/pmb2_description/package.dsv
[0.320s] -- Up-to-date symlink: /home/ravi/pmb2_foxy_ws/install/pmb2_description/share/ament_index/resource_index/packages/pmb2_description
[0.320s] -- Up-to-date symlink: /home/ravi/pmb2_foxy_ws/install/pmb2_description/share/pmb2_description/cmake/pmb2_descriptionConfig.cmake
[0.320s] -- Up-to-date symlink: /home/ravi/pmb2_foxy_ws/install/pmb2_description/share/pmb2_description/cmake/pmb2_descriptionConfig-version.cmake
[0.320s] -- Up-to-date symlink: /home/ravi/pmb2_foxy_ws/install/pmb2_description/share/pmb2_description/package.xml
[0.341s] Listing '/home/ravi/pmb2_foxy_ws/install/pmb2_description/lib/python3.8/site-packages/pmb2_description'...
[0.347s] Invoked command in '/home/ravi/pmb2_foxy_ws/build/pmb2_description' returned '0': CMAKE_PREFIX_PATH=/home/ravi/pmb2_foxy_ws/install/pmb2_controller_configuration:/home/ravi/pmb2_foxy_ws/install/gazebo_ros_pkgs:/home/ravi/pmb2_foxy_ws/install/gazebo_plugins:/home/ravi/pmb2_foxy_ws/install/gazebo_ros:/home/ravi/pmb2_foxy_ws/install/gazebo_msgs:/home/ravi/pmb2_foxy_ws/install/gazebo_dev:/home/ravi/pmb2_foxy_ws/install/pal_gazebo_worlds:/home/ravi/pmb2_foxy_ws/install/pmb2_simulation:/home/ravi/pmb2_foxy_ws/install/pmb2_navigation:/home/ravi/pmb2_foxy_ws/install/pmb2_2dnav_gazebo:/home/ravi/pmb2_foxy_ws/install/pmb2_2dnav:/home/ravi/pmb2_foxy_ws/install/pmb2_maps:/home/ravi/pmb2_foxy_ws/install/pmb2_gazebo:/home/ravi/pmb2_foxy_ws/install/pmb2_robot:/home/ravi/pmb2_foxy_ws/install/pmb2_bringup:/home/ravi/pmb2_foxy_ws/install/pmb2_description:/home/ravi/pmb2_foxy_ws/install/launch_pal:/opt/ros/foxy /usr/bin/cmake --install /home/ravi/pmb2_foxy_ws/build/pmb2_description
