-- The C compiler identification is GNU 9.4.0
-- The CXX compiler identification is GNU 9.4.0
-- Check for working C compiler: /usr/bin/cc
-- Check for working C compiler: /usr/bin/cc -- works
-- Detecting C compiler ABI info
-- Detecting C compiler ABI info - done
-- Detecting C compile features
-- Detecting C compile features - done
-- Check for working CXX compiler: /usr/bin/c++
-- Check for working CXX compiler: /usr/bin/c++ -- works
-- Detecting CXX compiler ABI info
-- Detecting CXX compiler ABI info - done
-- Detecting CXX compile features
-- Detecting CXX compile features - done
-- Found ament_cmake: 0.9.9 (/opt/ros/foxy/share/ament_cmake/cmake)
-- Found PythonInterp: /usr/bin/python3 (found suitable version "3.8.10", minimum required is "3") 
-- Using PYTHON_EXECUTABLE: /usr/bin/python3
-- Override CMake install command with custom implementation using symlinks instead of copying resources
-- Found ament_lint_auto: 0.9.6 (/opt/ros/foxy/share/ament_lint_auto/cmake)
-- Added test 'copyright' to check source files copyright and LICENSE
-- Added test 'lint_cmake' to check CMake code style
-- Added test 'xmllint' to check XML markup files
-- Configuring done
-- Generating done
-- Build files have been written to: /home/ravi/pmb2_foxy_ws/build/pmb2_simulation
-- Install configuration: ""
-- Execute custom install script
-- Symlinking: /home/ravi/pmb2_foxy_ws/install/pmb2_simulation/share/ament_index/resource_index/package_run_dependencies/pmb2_simulation
-- Symlinking: /home/ravi/pmb2_foxy_ws/install/pmb2_simulation/share/ament_index/resource_index/parent_prefix_path/pmb2_simulation
-- Symlinking: /home/ravi/pmb2_foxy_ws/install/pmb2_simulation/share/pmb2_simulation/environment/ament_prefix_path.sh
-- Symlinking: /home/ravi/pmb2_foxy_ws/install/pmb2_simulation/share/pmb2_simulation/environment/ament_prefix_path.dsv
-- Symlinking: /home/ravi/pmb2_foxy_ws/install/pmb2_simulation/share/pmb2_simulation/environment/path.sh
-- Symlinking: /home/ravi/pmb2_foxy_ws/install/pmb2_simulation/share/pmb2_simulation/environment/path.dsv
-- Symlinking: /home/ravi/pmb2_foxy_ws/install/pmb2_simulation/share/pmb2_simulation/local_setup.bash
-- Symlinking: /home/ravi/pmb2_foxy_ws/install/pmb2_simulation/share/pmb2_simulation/local_setup.sh
-- Symlinking: /home/ravi/pmb2_foxy_ws/install/pmb2_simulation/share/pmb2_simulation/local_setup.zsh
-- Symlinking: /home/ravi/pmb2_foxy_ws/install/pmb2_simulation/share/pmb2_simulation/local_setup.dsv
-- Symlinking: /home/ravi/pmb2_foxy_ws/install/pmb2_simulation/share/pmb2_simulation/package.dsv
-- Symlinking: /home/ravi/pmb2_foxy_ws/install/pmb2_simulation/share/ament_index/resource_index/packages/pmb2_simulation
-- Symlinking: /home/ravi/pmb2_foxy_ws/install/pmb2_simulation/share/pmb2_simulation/cmake/pmb2_simulationConfig.cmake
-- Symlinking: /home/ravi/pmb2_foxy_ws/install/pmb2_simulation/share/pmb2_simulation/cmake/pmb2_simulationConfig-version.cmake
-- Symlinking: /home/ravi/pmb2_foxy_ws/install/pmb2_simulation/share/pmb2_simulation/package.xml
