[0.023s] Invoking command in '/home/ravi/pmb2_foxy_ws/build/pmb2_simulation': AMENT_PREFIX_PATH=/home/ravi/pmb2_foxy_ws/install/pmb2_2dnav_gazebo:/home/ravi/pmb2_foxy_ws/install/pmb2_gazebo:/home/ravi/pmb2_foxy_ws/install/pmb2_2dnav:/home/ravi/pmb2_foxy_ws/install/pmb2_maps:${AMENT_PREFIX_PATH} CMAKE_PREFIX_PATH=/home/ravi/pmb2_foxy_ws/install/pmb2_2dnav_gazebo:/home/ravi/pmb2_foxy_ws/install/pmb2_gazebo:/home/ravi/pmb2_foxy_ws/install/pmb2_bringup:/home/ravi/pmb2_foxy_ws/install/pmb2_description:/home/ravi/pmb2_foxy_ws/install/pmb2_2dnav:/home/ravi/pmb2_foxy_ws/install/pmb2_maps:/home/ravi/pmb2_foxy_ws/install/pmb2_controller_configuration:/home/ravi/pmb2_foxy_ws/install/pmb2_robot:/home/ravi/pmb2_foxy_ws/install/launch_pal:/opt/ros/foxy PYTHONPATH=/home/ravi/pmb2_foxy_ws/install/pmb2_description/lib/python3.8/site-packages:/home/ravi/pmb2_foxy_ws/build/launch_pal:/home/ravi/pmb2_foxy_ws/install/launch_pal/lib/python3.8/site-packages:/opt/ros/foxy/lib/python3.8/site-packages /usr/bin/cmake /home/ravi/pmb2_foxy_ws/src/pmb2_simulation/pmb2_simulation -DAMENT_CMAKE_SYMLINK_INSTALL=1 -DCMAKE_INSTALL_PREFIX=/home/ravi/pmb2_foxy_ws/install/pmb2_simulation
[0.072s] -- The C compiler identification is GNU 9.4.0
[0.116s] -- The CXX compiler identification is GNU 9.4.0
[0.119s] -- Check for working C compiler: /usr/bin/cc
[0.178s] -- Check for working C compiler: /usr/bin/cc -- works
[0.179s] -- Detecting C compiler ABI info
[0.227s] -- Detecting C compiler ABI info - done
[0.233s] -- Detecting C compile features
[0.234s] -- Detecting C compile features - done
[0.236s] -- Check for working CXX compiler: /usr/bin/c++
[0.285s] -- Check for working CXX compiler: /usr/bin/c++ -- works
[0.285s] -- Detecting CXX compiler ABI info
[0.340s] -- Detecting CXX compiler ABI info - done
[0.349s] -- Detecting CXX compile features
[0.349s] -- Detecting CXX compile features - done
[0.351s] -- Found ament_cmake: 0.9.9 (/opt/ros/foxy/share/ament_cmake/cmake)
[0.369s] -- Found PythonInterp: /usr/bin/python3 (found suitable version "3.8.10", minimum required is "3") 
[0.369s] -- Using PYTHON_EXECUTABLE: /usr/bin/python3
[0.464s] -- Override CMake install command with custom implementation using symlinks instead of copying resources
[0.479s] -- Found ament_lint_auto: 0.9.6 (/opt/ros/foxy/share/ament_lint_auto/cmake)
[0.527s] -- Added test 'copyright' to check source files copyright and LICENSE
[0.527s] -- Added test 'lint_cmake' to check CMake code style
[0.528s] -- Added test 'xmllint' to check XML markup files
[0.529s] -- Configuring done
[0.530s] -- Generating done
[0.531s] -- Build files have been written to: /home/ravi/pmb2_foxy_ws/build/pmb2_simulation
[0.534s] Invoked command in '/home/ravi/pmb2_foxy_ws/build/pmb2_simulation' returned '0': AMENT_PREFIX_PATH=/home/ravi/pmb2_foxy_ws/install/pmb2_2dnav_gazebo:/home/ravi/pmb2_foxy_ws/install/pmb2_gazebo:/home/ravi/pmb2_foxy_ws/install/pmb2_2dnav:/home/ravi/pmb2_foxy_ws/install/pmb2_maps:${AMENT_PREFIX_PATH} CMAKE_PREFIX_PATH=/home/ravi/pmb2_foxy_ws/install/pmb2_2dnav_gazebo:/home/ravi/pmb2_foxy_ws/install/pmb2_gazebo:/home/ravi/pmb2_foxy_ws/install/pmb2_bringup:/home/ravi/pmb2_foxy_ws/install/pmb2_description:/home/ravi/pmb2_foxy_ws/install/pmb2_2dnav:/home/ravi/pmb2_foxy_ws/install/pmb2_maps:/home/ravi/pmb2_foxy_ws/install/pmb2_controller_configuration:/home/ravi/pmb2_foxy_ws/install/pmb2_robot:/home/ravi/pmb2_foxy_ws/install/launch_pal:/opt/ros/foxy PYTHONPATH=/home/ravi/pmb2_foxy_ws/install/pmb2_description/lib/python3.8/site-packages:/home/ravi/pmb2_foxy_ws/build/launch_pal:/home/ravi/pmb2_foxy_ws/install/launch_pal/lib/python3.8/site-packages:/opt/ros/foxy/lib/python3.8/site-packages /usr/bin/cmake /home/ravi/pmb2_foxy_ws/src/pmb2_simulation/pmb2_simulation -DAMENT_CMAKE_SYMLINK_INSTALL=1 -DCMAKE_INSTALL_PREFIX=/home/ravi/pmb2_foxy_ws/install/pmb2_simulation
[0.535s] Invoking command in '/home/ravi/pmb2_foxy_ws/build/pmb2_simulation': AMENT_PREFIX_PATH=/home/ravi/pmb2_foxy_ws/install/pmb2_2dnav_gazebo:/home/ravi/pmb2_foxy_ws/install/pmb2_gazebo:/home/ravi/pmb2_foxy_ws/install/pmb2_2dnav:/home/ravi/pmb2_foxy_ws/install/pmb2_maps:${AMENT_PREFIX_PATH} CMAKE_PREFIX_PATH=/home/ravi/pmb2_foxy_ws/install/pmb2_2dnav_gazebo:/home/ravi/pmb2_foxy_ws/install/pmb2_gazebo:/home/ravi/pmb2_foxy_ws/install/pmb2_bringup:/home/ravi/pmb2_foxy_ws/install/pmb2_description:/home/ravi/pmb2_foxy_ws/install/pmb2_2dnav:/home/ravi/pmb2_foxy_ws/install/pmb2_maps:/home/ravi/pmb2_foxy_ws/install/pmb2_controller_configuration:/home/ravi/pmb2_foxy_ws/install/pmb2_robot:/home/ravi/pmb2_foxy_ws/install/launch_pal:/opt/ros/foxy PYTHONPATH=/home/ravi/pmb2_foxy_ws/install/pmb2_description/lib/python3.8/site-packages:/home/ravi/pmb2_foxy_ws/build/launch_pal:/home/ravi/pmb2_foxy_ws/install/launch_pal/lib/python3.8/site-packages:/opt/ros/foxy/lib/python3.8/site-packages /usr/bin/cmake --build /home/ravi/pmb2_foxy_ws/build/pmb2_simulation -- -j8 -l8
[0.559s] Invoked command in '/home/ravi/pmb2_foxy_ws/build/pmb2_simulation' returned '0': AMENT_PREFIX_PATH=/home/ravi/pmb2_foxy_ws/install/pmb2_2dnav_gazebo:/home/ravi/pmb2_foxy_ws/install/pmb2_gazebo:/home/ravi/pmb2_foxy_ws/install/pmb2_2dnav:/home/ravi/pmb2_foxy_ws/install/pmb2_maps:${AMENT_PREFIX_PATH} CMAKE_PREFIX_PATH=/home/ravi/pmb2_foxy_ws/install/pmb2_2dnav_gazebo:/home/ravi/pmb2_foxy_ws/install/pmb2_gazebo:/home/ravi/pmb2_foxy_ws/install/pmb2_bringup:/home/ravi/pmb2_foxy_ws/install/pmb2_description:/home/ravi/pmb2_foxy_ws/install/pmb2_2dnav:/home/ravi/pmb2_foxy_ws/install/pmb2_maps:/home/ravi/pmb2_foxy_ws/install/pmb2_controller_configuration:/home/ravi/pmb2_foxy_ws/install/pmb2_robot:/home/ravi/pmb2_foxy_ws/install/launch_pal:/opt/ros/foxy PYTHONPATH=/home/ravi/pmb2_foxy_ws/install/pmb2_description/lib/python3.8/site-packages:/home/ravi/pmb2_foxy_ws/build/launch_pal:/home/ravi/pmb2_foxy_ws/install/launch_pal/lib/python3.8/site-packages:/opt/ros/foxy/lib/python3.8/site-packages /usr/bin/cmake --build /home/ravi/pmb2_foxy_ws/build/pmb2_simulation -- -j8 -l8
[0.576s] Invoking command in '/home/ravi/pmb2_foxy_ws/build/pmb2_simulation': AMENT_PREFIX_PATH=/home/ravi/pmb2_foxy_ws/install/pmb2_2dnav_gazebo:/home/ravi/pmb2_foxy_ws/install/pmb2_gazebo:/home/ravi/pmb2_foxy_ws/install/pmb2_2dnav:/home/ravi/pmb2_foxy_ws/install/pmb2_maps:${AMENT_PREFIX_PATH} CMAKE_PREFIX_PATH=/home/ravi/pmb2_foxy_ws/install/pmb2_2dnav_gazebo:/home/ravi/pmb2_foxy_ws/install/pmb2_gazebo:/home/ravi/pmb2_foxy_ws/install/pmb2_bringup:/home/ravi/pmb2_foxy_ws/install/pmb2_description:/home/ravi/pmb2_foxy_ws/install/pmb2_2dnav:/home/ravi/pmb2_foxy_ws/install/pmb2_maps:/home/ravi/pmb2_foxy_ws/install/pmb2_controller_configuration:/home/ravi/pmb2_foxy_ws/install/pmb2_robot:/home/ravi/pmb2_foxy_ws/install/launch_pal:/opt/ros/foxy PYTHONPATH=/home/ravi/pmb2_foxy_ws/install/pmb2_description/lib/python3.8/site-packages:/home/ravi/pmb2_foxy_ws/build/launch_pal:/home/ravi/pmb2_foxy_ws/install/launch_pal/lib/python3.8/site-packages:/opt/ros/foxy/lib/python3.8/site-packages /usr/bin/cmake --install /home/ravi/pmb2_foxy_ws/build/pmb2_simulation
[0.587s] -- Install configuration: ""
[0.587s] -- Execute custom install script
[0.587s] -- Symlinking: /home/ravi/pmb2_foxy_ws/install/pmb2_simulation/share/ament_index/resource_index/package_run_dependencies/pmb2_simulation
[0.595s] -- Symlinking: /home/ravi/pmb2_foxy_ws/install/pmb2_simulation/share/ament_index/resource_index/parent_prefix_path/pmb2_simulation
[0.605s] -- Symlinking: /home/ravi/pmb2_foxy_ws/install/pmb2_simulation/share/pmb2_simulation/environment/ament_prefix_path.sh
[0.613s] -- Symlinking: /home/ravi/pmb2_foxy_ws/install/pmb2_simulation/share/pmb2_simulation/environment/ament_prefix_path.dsv
[0.618s] -- Symlinking: /home/ravi/pmb2_foxy_ws/install/pmb2_simulation/share/pmb2_simulation/environment/path.sh
[0.623s] -- Symlinking: /home/ravi/pmb2_foxy_ws/install/pmb2_simulation/share/pmb2_simulation/environment/path.dsv
[0.628s] -- Symlinking: /home/ravi/pmb2_foxy_ws/install/pmb2_simulation/share/pmb2_simulation/local_setup.bash
[0.634s] -- Symlinking: /home/ravi/pmb2_foxy_ws/install/pmb2_simulation/share/pmb2_simulation/local_setup.sh
[0.639s] -- Symlinking: /home/ravi/pmb2_foxy_ws/install/pmb2_simulation/share/pmb2_simulation/local_setup.zsh
[0.644s] -- Symlinking: /home/ravi/pmb2_foxy_ws/install/pmb2_simulation/share/pmb2_simulation/local_setup.dsv
[0.649s] -- Symlinking: /home/ravi/pmb2_foxy_ws/install/pmb2_simulation/share/pmb2_simulation/package.dsv
[0.654s] -- Symlinking: /home/ravi/pmb2_foxy_ws/install/pmb2_simulation/share/ament_index/resource_index/packages/pmb2_simulation
[0.659s] -- Symlinking: /home/ravi/pmb2_foxy_ws/install/pmb2_simulation/share/pmb2_simulation/cmake/pmb2_simulationConfig.cmake
[0.664s] -- Symlinking: /home/ravi/pmb2_foxy_ws/install/pmb2_simulation/share/pmb2_simulation/cmake/pmb2_simulationConfig-version.cmake
[0.669s] -- Symlinking: /home/ravi/pmb2_foxy_ws/install/pmb2_simulation/share/pmb2_simulation/package.xml
[0.677s] Invoked command in '/home/ravi/pmb2_foxy_ws/build/pmb2_simulation' returned '0': AMENT_PREFIX_PATH=/home/ravi/pmb2_foxy_ws/install/pmb2_2dnav_gazebo:/home/ravi/pmb2_foxy_ws/install/pmb2_gazebo:/home/ravi/pmb2_foxy_ws/install/pmb2_2dnav:/home/ravi/pmb2_foxy_ws/install/pmb2_maps:${AMENT_PREFIX_PATH} CMAKE_PREFIX_PATH=/home/ravi/pmb2_foxy_ws/install/pmb2_2dnav_gazebo:/home/ravi/pmb2_foxy_ws/install/pmb2_gazebo:/home/ravi/pmb2_foxy_ws/install/pmb2_bringup:/home/ravi/pmb2_foxy_ws/install/pmb2_description:/home/ravi/pmb2_foxy_ws/install/pmb2_2dnav:/home/ravi/pmb2_foxy_ws/install/pmb2_maps:/home/ravi/pmb2_foxy_ws/install/pmb2_controller_configuration:/home/ravi/pmb2_foxy_ws/install/pmb2_robot:/home/ravi/pmb2_foxy_ws/install/launch_pal:/opt/ros/foxy PYTHONPATH=/home/ravi/pmb2_foxy_ws/install/pmb2_description/lib/python3.8/site-packages:/home/ravi/pmb2_foxy_ws/build/launch_pal:/home/ravi/pmb2_foxy_ws/install/launch_pal/lib/python3.8/site-packages:/opt/ros/foxy/lib/python3.8/site-packages /usr/bin/cmake --install /home/ravi/pmb2_foxy_ws/build/pmb2_simulation
