-- The C compiler identification is GNU 9.4.0
-- The CXX compiler identification is GNU 9.4.0
-- Check for working C compiler: /usr/bin/cc
-- Check for working C compiler: /usr/bin/cc -- works
-- Detecting C compiler ABI info
-- Detecting C compiler ABI info - done
-- Detecting C compile features
-- Detecting C compile features - done
-- Check for working CXX compiler: /usr/bin/c++
-- Check for working CXX compiler: /usr/bin/c++ -- works
-- Detecting CXX compiler ABI info
-- Detecting CXX compiler ABI info - done
-- Detecting CXX compile features
-- Detecting CXX compile features - done
-- Found ament_cmake: 0.9.9 (/opt/ros/foxy/share/ament_cmake/cmake)
-- Found PythonInterp: /usr/bin/python3 (found suitable version "3.8.10", minimum required is "3") 
-- Using PYTHON_EXECUTABLE: /usr/bin/python3
-- Override CMake install command with custom implementation using symlinks instead of copying resources
-- Configuring done
-- Generating done
-- Build files have been written to: /home/ravi/pmb2_foxy_ws/build/gazebo_ros_pkgs
-- Install configuration: ""
-- Execute custom install script
-- Symlinking: /home/ravi/pmb2_foxy_ws/install/gazebo_ros_pkgs/share/ament_index/resource_index/package_run_dependencies/gazebo_ros_pkgs
-- Symlinking: /home/ravi/pmb2_foxy_ws/install/gazebo_ros_pkgs/share/ament_index/resource_index/parent_prefix_path/gazebo_ros_pkgs
-- Symlinking: /home/ravi/pmb2_foxy_ws/install/gazebo_ros_pkgs/share/gazebo_ros_pkgs/environment/ament_prefix_path.sh
-- Symlinking: /home/ravi/pmb2_foxy_ws/install/gazebo_ros_pkgs/share/gazebo_ros_pkgs/environment/ament_prefix_path.dsv
-- Symlinking: /home/ravi/pmb2_foxy_ws/install/gazebo_ros_pkgs/share/gazebo_ros_pkgs/environment/path.sh
-- Symlinking: /home/ravi/pmb2_foxy_ws/install/gazebo_ros_pkgs/share/gazebo_ros_pkgs/environment/path.dsv
-- Symlinking: /home/ravi/pmb2_foxy_ws/install/gazebo_ros_pkgs/share/gazebo_ros_pkgs/local_setup.bash
-- Symlinking: /home/ravi/pmb2_foxy_ws/install/gazebo_ros_pkgs/share/gazebo_ros_pkgs/local_setup.sh
-- Symlinking: /home/ravi/pmb2_foxy_ws/install/gazebo_ros_pkgs/share/gazebo_ros_pkgs/local_setup.zsh
-- Symlinking: /home/ravi/pmb2_foxy_ws/install/gazebo_ros_pkgs/share/gazebo_ros_pkgs/local_setup.dsv
-- Symlinking: /home/ravi/pmb2_foxy_ws/install/gazebo_ros_pkgs/share/gazebo_ros_pkgs/package.dsv
-- Symlinking: /home/ravi/pmb2_foxy_ws/install/gazebo_ros_pkgs/share/ament_index/resource_index/packages/gazebo_ros_pkgs
-- Symlinking: /home/ravi/pmb2_foxy_ws/install/gazebo_ros_pkgs/share/gazebo_ros_pkgs/cmake/gazebo_ros_pkgsConfig.cmake
-- Symlinking: /home/ravi/pmb2_foxy_ws/install/gazebo_ros_pkgs/share/gazebo_ros_pkgs/cmake/gazebo_ros_pkgsConfig-version.cmake
-- Symlinking: /home/ravi/pmb2_foxy_ws/install/gazebo_ros_pkgs/share/gazebo_ros_pkgs/package.xml
