[0.012s] Invoking command in '/home/ravi/pmb2_foxy_ws/build/gazebo_ros_pkgs': AMENT_PREFIX_PATH=/home/ravi/pmb2_foxy_ws/install/gazebo_plugins:/home/ravi/pmb2_foxy_ws/install/gazebo_ros:/home/ravi/pmb2_foxy_ws/install/gazebo_msgs:/home/ravi/pmb2_foxy_ws/install/gazebo_dev:${AMENT_PREFIX_PATH} CMAKE_PREFIX_PATH=/home/ravi/pmb2_foxy_ws/install/gazebo_plugins:/home/ravi/pmb2_foxy_ws/install/gazebo_ros:/home/ravi/pmb2_foxy_ws/install/gazebo_msgs:/home/ravi/pmb2_foxy_ws/install/gazebo_dev:/home/ravi/pmb2_foxy_ws/install/pal_gazebo_worlds:/home/ravi/pmb2_foxy_ws/install/pmb2_simulation:/home/ravi/pmb2_foxy_ws/install/pmb2_navigation:/home/ravi/pmb2_foxy_ws/install/pmb2_2dnav_gazebo:/home/ravi/pmb2_foxy_ws/install/pmb2_2dnav:/home/ravi/pmb2_foxy_ws/install/pmb2_maps:/home/ravi/pmb2_foxy_ws/install/pmb2_gazebo:/home/ravi/pmb2_foxy_ws/install/pmb2_robot:/home/ravi/pmb2_foxy_ws/install/pmb2_bringup:/home/ravi/pmb2_foxy_ws/install/pmb2_description:/home/ravi/pmb2_foxy_ws/install/pmb2_controller_configuration:/home/ravi/pmb2_foxy_ws/install/launch_pal:/opt/ros/foxy LD_LIBRARY_PATH=/usr/lib/x86_64-linux-gnu/gazebo-11/plugins:/home/ravi/pmb2_foxy_ws/install/gazebo_plugins/lib:/home/ravi/pmb2_foxy_ws/install/gazebo_ros/lib:/home/ravi/pmb2_foxy_ws/install/gazebo_msgs/lib:${LD_LIBRARY_PATH} PYTHONPATH=/home/ravi/pmb2_foxy_ws/install/gazebo_ros/lib/python3.8/site-packages:/home/ravi/pmb2_foxy_ws/install/gazebo_msgs/lib/python3.8/site-packages:${PYTHONPATH} /usr/bin/cmake /home/ravi/pmb2_foxy_ws/src/gazebo_ros_pkgs/gazebo_ros_pkgs -DAMENT_CMAKE_SYMLINK_INSTALL=1 -DCMAKE_INSTALL_PREFIX=/home/ravi/pmb2_foxy_ws/install/gazebo_ros_pkgs
[0.121s] -- The C compiler identification is GNU 9.4.0
[0.162s] -- The CXX compiler identification is GNU 9.4.0
[0.170s] -- Check for working C compiler: /usr/bin/cc
[0.217s] -- Check for working C compiler: /usr/bin/cc -- works
[0.218s] -- Detecting C compiler ABI info
[0.264s] -- Detecting C compiler ABI info - done
[0.274s] -- Detecting C compile features
[0.274s] -- Detecting C compile features - done
[0.276s] -- Check for working CXX compiler: /usr/bin/c++
[0.329s] -- Check for working CXX compiler: /usr/bin/c++ -- works
[0.330s] -- Detecting CXX compiler ABI info
[0.385s] -- Detecting CXX compiler ABI info - done
[0.392s] -- Detecting CXX compile features
[0.393s] -- Detecting CXX compile features - done
[0.394s] -- Found ament_cmake: 0.9.9 (/opt/ros/foxy/share/ament_cmake/cmake)
[0.421s] -- Found PythonInterp: /usr/bin/python3 (found suitable version "3.8.10", minimum required is "3") 
[0.421s] -- Using PYTHON_EXECUTABLE: /usr/bin/python3
[0.574s] -- Override CMake install command with custom implementation using symlinks instead of copying resources
[0.636s] -- Configuring done
[0.637s] -- Generating done
[0.637s] -- Build files have been written to: /home/ravi/pmb2_foxy_ws/build/gazebo_ros_pkgs
[0.642s] Invoked command in '/home/ravi/pmb2_foxy_ws/build/gazebo_ros_pkgs' returned '0': AMENT_PREFIX_PATH=/home/ravi/pmb2_foxy_ws/install/gazebo_plugins:/home/ravi/pmb2_foxy_ws/install/gazebo_ros:/home/ravi/pmb2_foxy_ws/install/gazebo_msgs:/home/ravi/pmb2_foxy_ws/install/gazebo_dev:${AMENT_PREFIX_PATH} CMAKE_PREFIX_PATH=/home/ravi/pmb2_foxy_ws/install/gazebo_plugins:/home/ravi/pmb2_foxy_ws/install/gazebo_ros:/home/ravi/pmb2_foxy_ws/install/gazebo_msgs:/home/ravi/pmb2_foxy_ws/install/gazebo_dev:/home/ravi/pmb2_foxy_ws/install/pal_gazebo_worlds:/home/ravi/pmb2_foxy_ws/install/pmb2_simulation:/home/ravi/pmb2_foxy_ws/install/pmb2_navigation:/home/ravi/pmb2_foxy_ws/install/pmb2_2dnav_gazebo:/home/ravi/pmb2_foxy_ws/install/pmb2_2dnav:/home/ravi/pmb2_foxy_ws/install/pmb2_maps:/home/ravi/pmb2_foxy_ws/install/pmb2_gazebo:/home/ravi/pmb2_foxy_ws/install/pmb2_robot:/home/ravi/pmb2_foxy_ws/install/pmb2_bringup:/home/ravi/pmb2_foxy_ws/install/pmb2_description:/home/ravi/pmb2_foxy_ws/install/pmb2_controller_configuration:/home/ravi/pmb2_foxy_ws/install/launch_pal:/opt/ros/foxy LD_LIBRARY_PATH=/usr/lib/x86_64-linux-gnu/gazebo-11/plugins:/home/ravi/pmb2_foxy_ws/install/gazebo_plugins/lib:/home/ravi/pmb2_foxy_ws/install/gazebo_ros/lib:/home/ravi/pmb2_foxy_ws/install/gazebo_msgs/lib:${LD_LIBRARY_PATH} PYTHONPATH=/home/ravi/pmb2_foxy_ws/install/gazebo_ros/lib/python3.8/site-packages:/home/ravi/pmb2_foxy_ws/install/gazebo_msgs/lib/python3.8/site-packages:${PYTHONPATH} /usr/bin/cmake /home/ravi/pmb2_foxy_ws/src/gazebo_ros_pkgs/gazebo_ros_pkgs -DAMENT_CMAKE_SYMLINK_INSTALL=1 -DCMAKE_INSTALL_PREFIX=/home/ravi/pmb2_foxy_ws/install/gazebo_ros_pkgs
[0.643s] Invoking command in '/home/ravi/pmb2_foxy_ws/build/gazebo_ros_pkgs': AMENT_PREFIX_PATH=/home/ravi/pmb2_foxy_ws/install/gazebo_plugins:/home/ravi/pmb2_foxy_ws/install/gazebo_ros:/home/ravi/pmb2_foxy_ws/install/gazebo_msgs:/home/ravi/pmb2_foxy_ws/install/gazebo_dev:${AMENT_PREFIX_PATH} CMAKE_PREFIX_PATH=/home/ravi/pmb2_foxy_ws/install/gazebo_plugins:/home/ravi/pmb2_foxy_ws/install/gazebo_ros:/home/ravi/pmb2_foxy_ws/install/gazebo_msgs:/home/ravi/pmb2_foxy_ws/install/gazebo_dev:/home/ravi/pmb2_foxy_ws/install/pal_gazebo_worlds:/home/ravi/pmb2_foxy_ws/install/pmb2_simulation:/home/ravi/pmb2_foxy_ws/install/pmb2_navigation:/home/ravi/pmb2_foxy_ws/install/pmb2_2dnav_gazebo:/home/ravi/pmb2_foxy_ws/install/pmb2_2dnav:/home/ravi/pmb2_foxy_ws/install/pmb2_maps:/home/ravi/pmb2_foxy_ws/install/pmb2_gazebo:/home/ravi/pmb2_foxy_ws/install/pmb2_robot:/home/ravi/pmb2_foxy_ws/install/pmb2_bringup:/home/ravi/pmb2_foxy_ws/install/pmb2_description:/home/ravi/pmb2_foxy_ws/install/pmb2_controller_configuration:/home/ravi/pmb2_foxy_ws/install/launch_pal:/opt/ros/foxy LD_LIBRARY_PATH=/usr/lib/x86_64-linux-gnu/gazebo-11/plugins:/home/ravi/pmb2_foxy_ws/install/gazebo_plugins/lib:/home/ravi/pmb2_foxy_ws/install/gazebo_ros/lib:/home/ravi/pmb2_foxy_ws/install/gazebo_msgs/lib:${LD_LIBRARY_PATH} PYTHONPATH=/home/ravi/pmb2_foxy_ws/install/gazebo_ros/lib/python3.8/site-packages:/home/ravi/pmb2_foxy_ws/install/gazebo_msgs/lib/python3.8/site-packages:${PYTHONPATH} /usr/bin/cmake --build /home/ravi/pmb2_foxy_ws/build/gazebo_ros_pkgs -- -j8 -l8
[0.670s] Invoked command in '/home/ravi/pmb2_foxy_ws/build/gazebo_ros_pkgs' returned '0': AMENT_PREFIX_PATH=/home/ravi/pmb2_foxy_ws/install/gazebo_plugins:/home/ravi/pmb2_foxy_ws/install/gazebo_ros:/home/ravi/pmb2_foxy_ws/install/gazebo_msgs:/home/ravi/pmb2_foxy_ws/install/gazebo_dev:${AMENT_PREFIX_PATH} CMAKE_PREFIX_PATH=/home/ravi/pmb2_foxy_ws/install/gazebo_plugins:/home/ravi/pmb2_foxy_ws/install/gazebo_ros:/home/ravi/pmb2_foxy_ws/install/gazebo_msgs:/home/ravi/pmb2_foxy_ws/install/gazebo_dev:/home/ravi/pmb2_foxy_ws/install/pal_gazebo_worlds:/home/ravi/pmb2_foxy_ws/install/pmb2_simulation:/home/ravi/pmb2_foxy_ws/install/pmb2_navigation:/home/ravi/pmb2_foxy_ws/install/pmb2_2dnav_gazebo:/home/ravi/pmb2_foxy_ws/install/pmb2_2dnav:/home/ravi/pmb2_foxy_ws/install/pmb2_maps:/home/ravi/pmb2_foxy_ws/install/pmb2_gazebo:/home/ravi/pmb2_foxy_ws/install/pmb2_robot:/home/ravi/pmb2_foxy_ws/install/pmb2_bringup:/home/ravi/pmb2_foxy_ws/install/pmb2_description:/home/ravi/pmb2_foxy_ws/install/pmb2_controller_configuration:/home/ravi/pmb2_foxy_ws/install/launch_pal:/opt/ros/foxy LD_LIBRARY_PATH=/usr/lib/x86_64-linux-gnu/gazebo-11/plugins:/home/ravi/pmb2_foxy_ws/install/gazebo_plugins/lib:/home/ravi/pmb2_foxy_ws/install/gazebo_ros/lib:/home/ravi/pmb2_foxy_ws/install/gazebo_msgs/lib:${LD_LIBRARY_PATH} PYTHONPATH=/home/ravi/pmb2_foxy_ws/install/gazebo_ros/lib/python3.8/site-packages:/home/ravi/pmb2_foxy_ws/install/gazebo_msgs/lib/python3.8/site-packages:${PYTHONPATH} /usr/bin/cmake --build /home/ravi/pmb2_foxy_ws/build/gazebo_ros_pkgs -- -j8 -l8
[0.682s] Invoking command in '/home/ravi/pmb2_foxy_ws/build/gazebo_ros_pkgs': AMENT_PREFIX_PATH=/home/ravi/pmb2_foxy_ws/install/gazebo_plugins:/home/ravi/pmb2_foxy_ws/install/gazebo_ros:/home/ravi/pmb2_foxy_ws/install/gazebo_msgs:/home/ravi/pmb2_foxy_ws/install/gazebo_dev:${AMENT_PREFIX_PATH} CMAKE_PREFIX_PATH=/home/ravi/pmb2_foxy_ws/install/gazebo_plugins:/home/ravi/pmb2_foxy_ws/install/gazebo_ros:/home/ravi/pmb2_foxy_ws/install/gazebo_msgs:/home/ravi/pmb2_foxy_ws/install/gazebo_dev:/home/ravi/pmb2_foxy_ws/install/pal_gazebo_worlds:/home/ravi/pmb2_foxy_ws/install/pmb2_simulation:/home/ravi/pmb2_foxy_ws/install/pmb2_navigation:/home/ravi/pmb2_foxy_ws/install/pmb2_2dnav_gazebo:/home/ravi/pmb2_foxy_ws/install/pmb2_2dnav:/home/ravi/pmb2_foxy_ws/install/pmb2_maps:/home/ravi/pmb2_foxy_ws/install/pmb2_gazebo:/home/ravi/pmb2_foxy_ws/install/pmb2_robot:/home/ravi/pmb2_foxy_ws/install/pmb2_bringup:/home/ravi/pmb2_foxy_ws/install/pmb2_description:/home/ravi/pmb2_foxy_ws/install/pmb2_controller_configuration:/home/ravi/pmb2_foxy_ws/install/launch_pal:/opt/ros/foxy LD_LIBRARY_PATH=/usr/lib/x86_64-linux-gnu/gazebo-11/plugins:/home/ravi/pmb2_foxy_ws/install/gazebo_plugins/lib:/home/ravi/pmb2_foxy_ws/install/gazebo_ros/lib:/home/ravi/pmb2_foxy_ws/install/gazebo_msgs/lib:${LD_LIBRARY_PATH} PYTHONPATH=/home/ravi/pmb2_foxy_ws/install/gazebo_ros/lib/python3.8/site-packages:/home/ravi/pmb2_foxy_ws/install/gazebo_msgs/lib/python3.8/site-packages:${PYTHONPATH} /usr/bin/cmake --install /home/ravi/pmb2_foxy_ws/build/gazebo_ros_pkgs
[0.690s] -- Install configuration: ""
[0.690s] -- Execute custom install script
[0.690s] -- Symlinking: /home/ravi/pmb2_foxy_ws/install/gazebo_ros_pkgs/share/ament_index/resource_index/package_run_dependencies/gazebo_ros_pkgs
[0.697s] -- Symlinking: /home/ravi/pmb2_foxy_ws/install/gazebo_ros_pkgs/share/ament_index/resource_index/parent_prefix_path/gazebo_ros_pkgs
[0.703s] -- Symlinking: /home/ravi/pmb2_foxy_ws/install/gazebo_ros_pkgs/share/gazebo_ros_pkgs/environment/ament_prefix_path.sh
[0.708s] -- Symlinking: /home/ravi/pmb2_foxy_ws/install/gazebo_ros_pkgs/share/gazebo_ros_pkgs/environment/ament_prefix_path.dsv
[0.715s] -- Symlinking: /home/ravi/pmb2_foxy_ws/install/gazebo_ros_pkgs/share/gazebo_ros_pkgs/environment/path.sh
[0.722s] -- Symlinking: /home/ravi/pmb2_foxy_ws/install/gazebo_ros_pkgs/share/gazebo_ros_pkgs/environment/path.dsv
[0.730s] -- Symlinking: /home/ravi/pmb2_foxy_ws/install/gazebo_ros_pkgs/share/gazebo_ros_pkgs/local_setup.bash
[0.736s] -- Symlinking: /home/ravi/pmb2_foxy_ws/install/gazebo_ros_pkgs/share/gazebo_ros_pkgs/local_setup.sh
[0.741s] -- Symlinking: /home/ravi/pmb2_foxy_ws/install/gazebo_ros_pkgs/share/gazebo_ros_pkgs/local_setup.zsh
[0.747s] -- Symlinking: /home/ravi/pmb2_foxy_ws/install/gazebo_ros_pkgs/share/gazebo_ros_pkgs/local_setup.dsv
[0.752s] -- Symlinking: /home/ravi/pmb2_foxy_ws/install/gazebo_ros_pkgs/share/gazebo_ros_pkgs/package.dsv
[0.757s] -- Symlinking: /home/ravi/pmb2_foxy_ws/install/gazebo_ros_pkgs/share/ament_index/resource_index/packages/gazebo_ros_pkgs
[0.763s] -- Symlinking: /home/ravi/pmb2_foxy_ws/install/gazebo_ros_pkgs/share/gazebo_ros_pkgs/cmake/gazebo_ros_pkgsConfig.cmake
[0.769s] -- Symlinking: /home/ravi/pmb2_foxy_ws/install/gazebo_ros_pkgs/share/gazebo_ros_pkgs/cmake/gazebo_ros_pkgsConfig-version.cmake
[0.774s] -- Symlinking: /home/ravi/pmb2_foxy_ws/install/gazebo_ros_pkgs/share/gazebo_ros_pkgs/package.xml
[0.782s] Invoked command in '/home/ravi/pmb2_foxy_ws/build/gazebo_ros_pkgs' returned '0': AMENT_PREFIX_PATH=/home/ravi/pmb2_foxy_ws/install/gazebo_plugins:/home/ravi/pmb2_foxy_ws/install/gazebo_ros:/home/ravi/pmb2_foxy_ws/install/gazebo_msgs:/home/ravi/pmb2_foxy_ws/install/gazebo_dev:${AMENT_PREFIX_PATH} CMAKE_PREFIX_PATH=/home/ravi/pmb2_foxy_ws/install/gazebo_plugins:/home/ravi/pmb2_foxy_ws/install/gazebo_ros:/home/ravi/pmb2_foxy_ws/install/gazebo_msgs:/home/ravi/pmb2_foxy_ws/install/gazebo_dev:/home/ravi/pmb2_foxy_ws/install/pal_gazebo_worlds:/home/ravi/pmb2_foxy_ws/install/pmb2_simulation:/home/ravi/pmb2_foxy_ws/install/pmb2_navigation:/home/ravi/pmb2_foxy_ws/install/pmb2_2dnav_gazebo:/home/ravi/pmb2_foxy_ws/install/pmb2_2dnav:/home/ravi/pmb2_foxy_ws/install/pmb2_maps:/home/ravi/pmb2_foxy_ws/install/pmb2_gazebo:/home/ravi/pmb2_foxy_ws/install/pmb2_robot:/home/ravi/pmb2_foxy_ws/install/pmb2_bringup:/home/ravi/pmb2_foxy_ws/install/pmb2_description:/home/ravi/pmb2_foxy_ws/install/pmb2_controller_configuration:/home/ravi/pmb2_foxy_ws/install/launch_pal:/opt/ros/foxy LD_LIBRARY_PATH=/usr/lib/x86_64-linux-gnu/gazebo-11/plugins:/home/ravi/pmb2_foxy_ws/install/gazebo_plugins/lib:/home/ravi/pmb2_foxy_ws/install/gazebo_ros/lib:/home/ravi/pmb2_foxy_ws/install/gazebo_msgs/lib:${LD_LIBRARY_PATH} PYTHONPATH=/home/ravi/pmb2_foxy_ws/install/gazebo_ros/lib/python3.8/site-packages:/home/ravi/pmb2_foxy_ws/install/gazebo_msgs/lib/python3.8/site-packages:${PYTHONPATH} /usr/bin/cmake --install /home/ravi/pmb2_foxy_ws/build/gazebo_ros_pkgs
