[0.010s] Invoking command in '/home/ravi/pmb2_foxy_ws/build/gazebo_ros': AMENT_PREFIX_PATH=/home/ravi/pmb2_foxy_ws/install/gazebo_msgs:/home/ravi/pmb2_foxy_ws/install/gazebo_dev:${AMENT_PREFIX_PATH} CMAKE_PREFIX_PATH=/home/ravi/pmb2_foxy_ws/install/gazebo_msgs:/home/ravi/pmb2_foxy_ws/install/gazebo_dev:/home/ravi/pmb2_foxy_ws/install/pal_gazebo_worlds:/home/ravi/pmb2_foxy_ws/install/pmb2_simulation:/home/ravi/pmb2_foxy_ws/install/pmb2_navigation:/home/ravi/pmb2_foxy_ws/install/pmb2_2dnav_gazebo:/home/ravi/pmb2_foxy_ws/install/pmb2_2dnav:/home/ravi/pmb2_foxy_ws/install/pmb2_maps:/home/ravi/pmb2_foxy_ws/install/pmb2_gazebo:/home/ravi/pmb2_foxy_ws/install/pmb2_robot:/home/ravi/pmb2_foxy_ws/install/pmb2_bringup:/home/ravi/pmb2_foxy_ws/install/pmb2_description:/home/ravi/pmb2_foxy_ws/install/pmb2_controller_configuration:/home/ravi/pmb2_foxy_ws/install/launch_pal:/opt/ros/foxy LD_LIBRARY_PATH=/home/ravi/pmb2_foxy_ws/install/gazebo_msgs/lib:${LD_LIBRARY_PATH} PYTHONPATH=/home/ravi/pmb2_foxy_ws/install/gazebo_msgs/lib/python3.8/site-packages:${PYTHONPATH} /usr/bin/cmake /home/ravi/pmb2_foxy_ws/src/gazebo_ros_pkgs/gazebo_ros -DCMAKE_INSTALL_PREFIX=/home/ravi/pmb2_foxy_ws/install/gazebo_ros
[0.049s] -- The C compiler identification is GNU 9.4.0
[0.091s] -- The CXX compiler identification is GNU 9.4.0
[0.096s] -- Check for working C compiler: /usr/bin/cc
[0.144s] -- Check for working C compiler: /usr/bin/cc -- works
[0.145s] -- Detecting C compiler ABI info
[0.191s] -- Detecting C compiler ABI info - done
[0.198s] -- Detecting C compile features
[0.198s] -- Detecting C compile features - done
[0.200s] -- Check for working CXX compiler: /usr/bin/c++
[0.251s] -- Check for working CXX compiler: /usr/bin/c++ -- works
[0.252s] -- Detecting CXX compiler ABI info
[0.304s] -- Detecting CXX compiler ABI info - done
[0.312s] -- Detecting CXX compile features
[0.312s] -- Detecting CXX compile features - done
[0.314s] -- Found ament_cmake: 0.9.9 (/opt/ros/foxy/share/ament_cmake/cmake)
[0.335s] -- Found PythonInterp: /usr/bin/python3 (found suitable version "3.8.10", minimum required is "3") 
[0.335s] -- Using PYTHON_EXECUTABLE: /usr/bin/python3
[0.468s] -- Found builtin_interfaces: 1.0.0 (/opt/ros/foxy/share/builtin_interfaces/cmake)
[0.499s] -- Using all available rosidl_typesupport_c: rosidl_typesupport_fastrtps_c;rosidl_typesupport_introspection_c
[0.504s] -- Found rosidl_adapter: 1.2.1 (/opt/ros/foxy/share/rosidl_adapter/cmake)
[0.552s] -- Found OpenSSL: /usr/lib/x86_64-linux-gnu/libcrypto.so (found version "1.1.1f")  
[0.571s] -- Found FastRTPS: /opt/ros/foxy/include  
[0.622s] -- Using all available rosidl_typesupport_cpp: rosidl_typesupport_fastrtps_cpp;rosidl_typesupport_introspection_cpp
[0.640s] -- Found gazebo_dev: 3.5.3 (/home/ravi/pmb2_foxy_ws/install/gazebo_dev/share/gazebo_dev/cmake)
[0.646s] CMake Error at /home/ravi/pmb2_foxy_ws/install/gazebo_dev/share/gazebo_dev/cmake/gazebo_dev-extras.cmake:2 (find_package):
[0.646s]   By not providing "Findgazebo.cmake" in CMAKE_MODULE_PATH this project has
[0.646s]   asked CMake to find a package configuration file provided by "gazebo", but
[0.646s]   CMake did not find one.
[0.646s] 
[0.646s]   Could not find a package configuration file provided by "gazebo" with any
[0.646s]   of the following names:
[0.646s] 
[0.646s]     gazeboConfig.cmake
[0.647s]     gazebo-config.cmake
[0.647s] 
[0.647s]   Add the installation prefix of "gazebo" to CMAKE_PREFIX_PATH or set
[0.647s]   "gazebo_DIR" to a directory containing one of the above files.  If "gazebo"
[0.647s]   provides a separate development package or SDK, be sure it has been
[0.647s]   installed.
[0.647s] Call Stack (most recent call first):
[0.647s]   /home/ravi/pmb2_foxy_ws/install/gazebo_dev/share/gazebo_dev/cmake/gazebo_devConfig.cmake:41 (include)
[0.647s]   CMakeLists.txt:26 (find_package)
[0.647s] 
[0.647s] 
[0.647s] -- Configuring incomplete, errors occurred!
[0.647s] See also "/home/ravi/pmb2_foxy_ws/build/gazebo_ros/CMakeFiles/CMakeOutput.log".
[0.651s] Invoked command in '/home/ravi/pmb2_foxy_ws/build/gazebo_ros' returned '1': AMENT_PREFIX_PATH=/home/ravi/pmb2_foxy_ws/install/gazebo_msgs:/home/ravi/pmb2_foxy_ws/install/gazebo_dev:${AMENT_PREFIX_PATH} CMAKE_PREFIX_PATH=/home/ravi/pmb2_foxy_ws/install/gazebo_msgs:/home/ravi/pmb2_foxy_ws/install/gazebo_dev:/home/ravi/pmb2_foxy_ws/install/pal_gazebo_worlds:/home/ravi/pmb2_foxy_ws/install/pmb2_simulation:/home/ravi/pmb2_foxy_ws/install/pmb2_navigation:/home/ravi/pmb2_foxy_ws/install/pmb2_2dnav_gazebo:/home/ravi/pmb2_foxy_ws/install/pmb2_2dnav:/home/ravi/pmb2_foxy_ws/install/pmb2_maps:/home/ravi/pmb2_foxy_ws/install/pmb2_gazebo:/home/ravi/pmb2_foxy_ws/install/pmb2_robot:/home/ravi/pmb2_foxy_ws/install/pmb2_bringup:/home/ravi/pmb2_foxy_ws/install/pmb2_description:/home/ravi/pmb2_foxy_ws/install/pmb2_controller_configuration:/home/ravi/pmb2_foxy_ws/install/launch_pal:/opt/ros/foxy LD_LIBRARY_PATH=/home/ravi/pmb2_foxy_ws/install/gazebo_msgs/lib:${LD_LIBRARY_PATH} PYTHONPATH=/home/ravi/pmb2_foxy_ws/install/gazebo_msgs/lib/python3.8/site-packages:${PYTHONPATH} /usr/bin/cmake /home/ravi/pmb2_foxy_ws/src/gazebo_ros_pkgs/gazebo_ros -DCMAKE_INSTALL_PREFIX=/home/ravi/pmb2_foxy_ws/install/gazebo_ros
