[0.007s] Invoking command in '/home/ravi/pmb2_foxy_ws/build/pmb2_2dnav': AMENT_PREFIX_PATH=/home/ravi/pmb2_foxy_ws/install/pmb2_maps:${AMENT_PREFIX_PATH} CMAKE_PREFIX_PATH=/home/ravi/pmb2_foxy_ws/install/pmb2_maps:/home/ravi/pmb2_foxy_ws/install/pmb2_robot:/home/ravi/pmb2_foxy_ws/install/pmb2_bringup:/home/ravi/pmb2_foxy_ws/install/pmb2_description:/home/ravi/pmb2_foxy_ws/install/pmb2_controller_configuration:/home/ravi/pmb2_foxy_ws/install/launch_pal:/opt/ros/foxy /usr/bin/cmake /home/ravi/pmb2_foxy_ws/src/pmb2_navigation/pmb2_2dnav -DAMENT_CMAKE_SYMLINK_INSTALL=1 -DCMAKE_INSTALL_PREFIX=/home/ravi/pmb2_foxy_ws/install/pmb2_2dnav
[0.043s] -- The C compiler identification is GNU 9.4.0
[0.077s] -- The CXX compiler identification is GNU 9.4.0
[0.080s] -- Check for working C compiler: /usr/bin/cc
[0.122s] -- Check for working C compiler: /usr/bin/cc -- works
[0.123s] -- Detecting C compiler ABI info
[0.165s] -- Detecting C compiler ABI info - done
[0.172s] -- Detecting C compile features
[0.172s] -- Detecting C compile features - done
[0.174s] -- Check for working CXX compiler: /usr/bin/c++
[0.222s] -- Check for working CXX compiler: /usr/bin/c++ -- works
[0.223s] -- Detecting CXX compiler ABI info
[0.272s] -- Detecting CXX compiler ABI info - done
[0.280s] -- Detecting CXX compile features
[0.280s] -- Detecting CXX compile features - done
[0.282s] -- Found ament_cmake_auto: 0.9.9 (/opt/ros/foxy/share/ament_cmake_auto/cmake)
[0.300s] -- Found PythonInterp: /usr/bin/python3 (found suitable version "3.8.10", minimum required is "3") 
[0.300s] -- Using PYTHON_EXECUTABLE: /usr/bin/python3
[0.397s] -- Override CMake install command with custom implementation using symlinks instead of copying resources
[0.451s] -- Found ament_lint_auto: 0.9.6 (/opt/ros/foxy/share/ament_lint_auto/cmake)
[0.464s] -- Added test 'copyright' to check source files copyright and LICENSE
[0.466s] -- Added test 'flake8' to check Python code syntax and style conventions
[0.466s] -- Added test 'lint_cmake' to check CMake code style
[0.467s] -- Added test 'pep257' to check Python code against some of the style conventions in PEP 257
[0.467s] -- Added test 'xmllint' to check XML markup files
[0.469s] -- Configuring done
[0.470s] -- Generating done
[0.470s] -- Build files have been written to: /home/ravi/pmb2_foxy_ws/build/pmb2_2dnav
[0.473s] Invoked command in '/home/ravi/pmb2_foxy_ws/build/pmb2_2dnav' returned '0': AMENT_PREFIX_PATH=/home/ravi/pmb2_foxy_ws/install/pmb2_maps:${AMENT_PREFIX_PATH} CMAKE_PREFIX_PATH=/home/ravi/pmb2_foxy_ws/install/pmb2_maps:/home/ravi/pmb2_foxy_ws/install/pmb2_robot:/home/ravi/pmb2_foxy_ws/install/pmb2_bringup:/home/ravi/pmb2_foxy_ws/install/pmb2_description:/home/ravi/pmb2_foxy_ws/install/pmb2_controller_configuration:/home/ravi/pmb2_foxy_ws/install/launch_pal:/opt/ros/foxy /usr/bin/cmake /home/ravi/pmb2_foxy_ws/src/pmb2_navigation/pmb2_2dnav -DAMENT_CMAKE_SYMLINK_INSTALL=1 -DCMAKE_INSTALL_PREFIX=/home/ravi/pmb2_foxy_ws/install/pmb2_2dnav
[0.474s] Invoking command in '/home/ravi/pmb2_foxy_ws/build/pmb2_2dnav': AMENT_PREFIX_PATH=/home/ravi/pmb2_foxy_ws/install/pmb2_maps:${AMENT_PREFIX_PATH} CMAKE_PREFIX_PATH=/home/ravi/pmb2_foxy_ws/install/pmb2_maps:/home/ravi/pmb2_foxy_ws/install/pmb2_robot:/home/ravi/pmb2_foxy_ws/install/pmb2_bringup:/home/ravi/pmb2_foxy_ws/install/pmb2_description:/home/ravi/pmb2_foxy_ws/install/pmb2_controller_configuration:/home/ravi/pmb2_foxy_ws/install/launch_pal:/opt/ros/foxy /usr/bin/cmake --build /home/ravi/pmb2_foxy_ws/build/pmb2_2dnav -- -j8 -l8
[0.497s] Invoked command in '/home/ravi/pmb2_foxy_ws/build/pmb2_2dnav' returned '0': AMENT_PREFIX_PATH=/home/ravi/pmb2_foxy_ws/install/pmb2_maps:${AMENT_PREFIX_PATH} CMAKE_PREFIX_PATH=/home/ravi/pmb2_foxy_ws/install/pmb2_maps:/home/ravi/pmb2_foxy_ws/install/pmb2_robot:/home/ravi/pmb2_foxy_ws/install/pmb2_bringup:/home/ravi/pmb2_foxy_ws/install/pmb2_description:/home/ravi/pmb2_foxy_ws/install/pmb2_controller_configuration:/home/ravi/pmb2_foxy_ws/install/launch_pal:/opt/ros/foxy /usr/bin/cmake --build /home/ravi/pmb2_foxy_ws/build/pmb2_2dnav -- -j8 -l8
[0.512s] Invoking command in '/home/ravi/pmb2_foxy_ws/build/pmb2_2dnav': AMENT_PREFIX_PATH=/home/ravi/pmb2_foxy_ws/install/pmb2_maps:${AMENT_PREFIX_PATH} CMAKE_PREFIX_PATH=/home/ravi/pmb2_foxy_ws/install/pmb2_maps:/home/ravi/pmb2_foxy_ws/install/pmb2_robot:/home/ravi/pmb2_foxy_ws/install/pmb2_bringup:/home/ravi/pmb2_foxy_ws/install/pmb2_description:/home/ravi/pmb2_foxy_ws/install/pmb2_controller_configuration:/home/ravi/pmb2_foxy_ws/install/launch_pal:/opt/ros/foxy /usr/bin/cmake --install /home/ravi/pmb2_foxy_ws/build/pmb2_2dnav
[0.517s] -- Install configuration: ""
[0.517s] -- Execute custom install script
[0.517s] -- Symlinking: /home/ravi/pmb2_foxy_ws/install/pmb2_2dnav/lib/pmb2_2dnav/record_mapping.sh
[0.523s] -- Symlinking: /home/ravi/pmb2_foxy_ws/install/pmb2_2dnav/lib/pmb2_2dnav/record_move_base.sh
[0.528s] -- Symlinking: /home/ravi/pmb2_foxy_ws/install/pmb2_2dnav/lib/pmb2_2dnav/record_odom.sh
[0.533s] -- Symlinking: /home/ravi/pmb2_foxy_ws/install/pmb2_2dnav/lib/pmb2_2dnav/record_patrol.sh
[0.539s] -- Symlinking: /home/ravi/pmb2_foxy_ws/install/pmb2_2dnav/lib/pmb2_2dnav/record_rgbd.sh
[0.545s] -- Symlinking: /home/ravi/pmb2_foxy_ws/install/pmb2_2dnav/share/pmb2_2dnav/config/rviz/advanced_navigation.rviz
[0.550s] -- Symlinking: /home/ravi/pmb2_foxy_ws/install/pmb2_2dnav/share/pmb2_2dnav/config/rviz/navigation.rviz
[0.556s] -- Symlinking: /home/ravi/pmb2_foxy_ws/install/pmb2_2dnav/share/pmb2_2dnav/launch/pmb2_nav_bringup.launch.py
[0.561s] -- Symlinking: /home/ravi/pmb2_foxy_ws/install/pmb2_2dnav/share/pmb2_2dnav/params/pmb2_params.yaml
[0.567s] -- Symlinking: /home/ravi/pmb2_foxy_ws/install/pmb2_2dnav/share/ament_index/resource_index/package_run_dependencies/pmb2_2dnav
[0.573s] -- Symlinking: /home/ravi/pmb2_foxy_ws/install/pmb2_2dnav/share/ament_index/resource_index/parent_prefix_path/pmb2_2dnav
[0.579s] -- Symlinking: /home/ravi/pmb2_foxy_ws/install/pmb2_2dnav/share/pmb2_2dnav/environment/ament_prefix_path.sh
[0.584s] -- Symlinking: /home/ravi/pmb2_foxy_ws/install/pmb2_2dnav/share/pmb2_2dnav/environment/ament_prefix_path.dsv
[0.590s] -- Symlinking: /home/ravi/pmb2_foxy_ws/install/pmb2_2dnav/share/pmb2_2dnav/environment/path.sh
[0.595s] -- Symlinking: /home/ravi/pmb2_foxy_ws/install/pmb2_2dnav/share/pmb2_2dnav/environment/path.dsv
[0.601s] -- Symlinking: /home/ravi/pmb2_foxy_ws/install/pmb2_2dnav/share/pmb2_2dnav/local_setup.bash
[0.606s] -- Symlinking: /home/ravi/pmb2_foxy_ws/install/pmb2_2dnav/share/pmb2_2dnav/local_setup.sh
[0.611s] -- Symlinking: /home/ravi/pmb2_foxy_ws/install/pmb2_2dnav/share/pmb2_2dnav/local_setup.zsh
[0.616s] -- Symlinking: /home/ravi/pmb2_foxy_ws/install/pmb2_2dnav/share/pmb2_2dnav/local_setup.dsv
[0.621s] -- Symlinking: /home/ravi/pmb2_foxy_ws/install/pmb2_2dnav/share/pmb2_2dnav/package.dsv
[0.627s] -- Symlinking: /home/ravi/pmb2_foxy_ws/install/pmb2_2dnav/share/ament_index/resource_index/packages/pmb2_2dnav
[0.634s] -- Symlinking: /home/ravi/pmb2_foxy_ws/install/pmb2_2dnav/share/pmb2_2dnav/cmake/pmb2_2dnavConfig.cmake
[0.639s] -- Symlinking: /home/ravi/pmb2_foxy_ws/install/pmb2_2dnav/share/pmb2_2dnav/cmake/pmb2_2dnavConfig-version.cmake
[0.644s] -- Symlinking: /home/ravi/pmb2_foxy_ws/install/pmb2_2dnav/share/pmb2_2dnav/package.xml
[0.667s] Invoked command in '/home/ravi/pmb2_foxy_ws/build/pmb2_2dnav' returned '0': AMENT_PREFIX_PATH=/home/ravi/pmb2_foxy_ws/install/pmb2_maps:${AMENT_PREFIX_PATH} CMAKE_PREFIX_PATH=/home/ravi/pmb2_foxy_ws/install/pmb2_maps:/home/ravi/pmb2_foxy_ws/install/pmb2_robot:/home/ravi/pmb2_foxy_ws/install/pmb2_bringup:/home/ravi/pmb2_foxy_ws/install/pmb2_description:/home/ravi/pmb2_foxy_ws/install/pmb2_controller_configuration:/home/ravi/pmb2_foxy_ws/install/launch_pal:/opt/ros/foxy /usr/bin/cmake --install /home/ravi/pmb2_foxy_ws/build/pmb2_2dnav
