-- Found ament_cmake: 0.9.9 (/opt/ros/foxy/share/ament_cmake/cmake)
-- Using PYTHON_EXECUTABLE: /usr/bin/python3
-- Override CMake install command with custom implementation using symlinks instead of copying resources
-- Found ament_lint_auto: 0.9.6 (/opt/ros/foxy/share/ament_lint_auto/cmake)
-- Added test 'copyright' to check source files copyright and LICENSE
-- Added test 'lint_cmake' to check CMake code style
-- Added test 'xmllint' to check XML markup files
-- Configuring done
-- Generating done
-- Build files have been written to: /home/ravi/pmb2_foxy_ws/build/pmb2_simulation
-- Install configuration: ""
-- Execute custom install script
-- Up-to-date symlink: /home/ravi/pmb2_foxy_ws/install/pmb2_simulation/share/ament_index/resource_index/package_run_dependencies/pmb2_simulation
-- Up-to-date symlink: /home/ravi/pmb2_foxy_ws/install/pmb2_simulation/share/ament_index/resource_index/parent_prefix_path/pmb2_simulation
-- Up-to-date symlink: /home/ravi/pmb2_foxy_ws/install/pmb2_simulation/share/pmb2_simulation/environment/ament_prefix_path.sh
-- Up-to-date symlink: /home/ravi/pmb2_foxy_ws/install/pmb2_simulation/share/pmb2_simulation/environment/ament_prefix_path.dsv
-- Up-to-date symlink: /home/ravi/pmb2_foxy_ws/install/pmb2_simulation/share/pmb2_simulation/environment/path.sh
-- Up-to-date symlink: /home/ravi/pmb2_foxy_ws/install/pmb2_simulation/share/pmb2_simulation/environment/path.dsv
-- Up-to-date symlink: /home/ravi/pmb2_foxy_ws/install/pmb2_simulation/share/pmb2_simulation/local_setup.bash
-- Up-to-date symlink: /home/ravi/pmb2_foxy_ws/install/pmb2_simulation/share/pmb2_simulation/local_setup.sh
-- Up-to-date symlink: /home/ravi/pmb2_foxy_ws/install/pmb2_simulation/share/pmb2_simulation/local_setup.zsh
-- Up-to-date symlink: /home/ravi/pmb2_foxy_ws/install/pmb2_simulation/share/pmb2_simulation/local_setup.dsv
-- Symlinking: /home/ravi/pmb2_foxy_ws/install/pmb2_simulation/share/pmb2_simulation/package.dsv
-- Up-to-date symlink: /home/ravi/pmb2_foxy_ws/install/pmb2_simulation/share/ament_index/resource_index/packages/pmb2_simulation
-- Up-to-date symlink: /home/ravi/pmb2_foxy_ws/install/pmb2_simulation/share/pmb2_simulation/cmake/pmb2_simulationConfig.cmake
-- Up-to-date symlink: /home/ravi/pmb2_foxy_ws/install/pmb2_simulation/share/pmb2_simulation/cmake/pmb2_simulationConfig-version.cmake
-- Up-to-date symlink: /home/ravi/pmb2_foxy_ws/install/pmb2_simulation/share/pmb2_simulation/package.xml
