[0.838s] Invoking command in '/home/ravi/pmb2_foxy_ws/build/key_teleop': PYTHONPATH=/home/ravi/pmb2_foxy_ws/install/key_teleop/lib/python3.8/site-packages:${PYTHONPATH} /usr/bin/python3 setup.py develop --prefix /home/ravi/pmb2_foxy_ws/install/key_teleop --editable --build-directory /home/ravi/pmb2_foxy_ws/build/key_teleop/build --no-deps install_data --install-dir /home/ravi/pmb2_foxy_ws/install/key_teleop
[1.039s] running develop
[1.143s] running egg_info
[1.143s] creating key_teleop.egg-info
[1.144s] writing key_teleop.egg-info/PKG-INFO
[1.144s] writing dependency_links to key_teleop.egg-info/dependency_links.txt
[1.144s] writing entry points to key_teleop.egg-info/entry_points.txt
[1.144s] writing requirements to key_teleop.egg-info/requires.txt
[1.144s] writing top-level names to key_teleop.egg-info/top_level.txt
[1.145s] writing manifest file 'key_teleop.egg-info/SOURCES.txt'
[1.170s] reading manifest file 'key_teleop.egg-info/SOURCES.txt'
[1.170s] writing manifest file 'key_teleop.egg-info/SOURCES.txt'
[1.195s] running build_ext
[1.195s] Creating /home/ravi/pmb2_foxy_ws/install/key_teleop/lib/python3.8/site-packages/site.py
[1.197s] Creating /home/ravi/pmb2_foxy_ws/install/key_teleop/lib/python3.8/site-packages/key-teleop.egg-link (link to .)
[1.200s] Installing key_teleop script to /home/ravi/pmb2_foxy_ws/install/key_teleop/lib/key_teleop
[1.200s] 
[1.200s] Installed /home/ravi/pmb2_foxy_ws/build/key_teleop
[1.201s] running install_data
[1.201s] copying package.xml -> /home/ravi/pmb2_foxy_ws/install/key_teleop/share/key_teleop
[1.201s] creating /home/ravi/pmb2_foxy_ws/install/key_teleop/share/key_teleop/config
[1.201s] copying config/key_teleop.yaml -> /home/ravi/pmb2_foxy_ws/install/key_teleop/share/key_teleop/config
[1.201s] creating /home/ravi/pmb2_foxy_ws/install/key_teleop/share/ament_index
[1.201s] creating /home/ravi/pmb2_foxy_ws/install/key_teleop/share/ament_index/resource_index
[1.201s] creating /home/ravi/pmb2_foxy_ws/install/key_teleop/share/ament_index/resource_index/packages
[1.201s] copying resource/key_teleop -> /home/ravi/pmb2_foxy_ws/install/key_teleop/share/ament_index/resource_index/packages
[1.221s] Invoked command in '/home/ravi/pmb2_foxy_ws/build/key_teleop' returned '0': PYTHONPATH=/home/ravi/pmb2_foxy_ws/install/key_teleop/lib/python3.8/site-packages:${PYTHONPATH} /usr/bin/python3 setup.py develop --prefix /home/ravi/pmb2_foxy_ws/install/key_teleop --editable --build-directory /home/ravi/pmb2_foxy_ws/build/key_teleop/build --no-deps install_data --install-dir /home/ravi/pmb2_foxy_ws/install/key_teleop
