[0.013s] Invoking command in '/home/ravi/pmb2_foxy_ws/build/pmb2_robot': CMAKE_PREFIX_PATH=/home/ravi/pmb2_foxy_ws/install/pmb2_bringup:/home/ravi/pmb2_foxy_ws/install/pmb2_description:/home/ravi/pmb2_foxy_ws/install/pmb2_controller_configuration:/home/ravi/pmb2_foxy_ws/install/pmb2_robot:/home/ravi/pmb2_foxy_ws/install/launch_pal:/opt/ros/foxy PYTHONPATH=/home/ravi/pmb2_foxy_ws/install/pmb2_description/lib/python3.8/site-packages:/home/ravi/pmb2_foxy_ws/build/launch_pal:/home/ravi/pmb2_foxy_ws/install/launch_pal/lib/python3.8/site-packages:/opt/ros/foxy/lib/python3.8/site-packages /usr/bin/cmake /home/ravi/pmb2_foxy_ws/src/pmb2_robot/pmb2_robot -DAMENT_CMAKE_SYMLINK_INSTALL=1 -DCMAKE_INSTALL_PREFIX=/home/ravi/pmb2_foxy_ws/install/pmb2_robot
[0.022s] -- Found ament_cmake: 0.9.9 (/opt/ros/foxy/share/ament_cmake/cmake)
[0.040s] -- Using PYTHON_EXECUTABLE: /usr/bin/python3
[0.161s] -- Override CMake install command with custom implementation using symlinks instead of copying resources
[0.209s] -- Configuring done
[0.210s] -- Generating done
[0.210s] -- Build files have been written to: /home/ravi/pmb2_foxy_ws/build/pmb2_robot
[0.212s] Invoked command in '/home/ravi/pmb2_foxy_ws/build/pmb2_robot' returned '0': CMAKE_PREFIX_PATH=/home/ravi/pmb2_foxy_ws/install/pmb2_bringup:/home/ravi/pmb2_foxy_ws/install/pmb2_description:/home/ravi/pmb2_foxy_ws/install/pmb2_controller_configuration:/home/ravi/pmb2_foxy_ws/install/pmb2_robot:/home/ravi/pmb2_foxy_ws/install/launch_pal:/opt/ros/foxy PYTHONPATH=/home/ravi/pmb2_foxy_ws/install/pmb2_description/lib/python3.8/site-packages:/home/ravi/pmb2_foxy_ws/build/launch_pal:/home/ravi/pmb2_foxy_ws/install/launch_pal/lib/python3.8/site-packages:/opt/ros/foxy/lib/python3.8/site-packages /usr/bin/cmake /home/ravi/pmb2_foxy_ws/src/pmb2_robot/pmb2_robot -DAMENT_CMAKE_SYMLINK_INSTALL=1 -DCMAKE_INSTALL_PREFIX=/home/ravi/pmb2_foxy_ws/install/pmb2_robot
[0.213s] Invoking command in '/home/ravi/pmb2_foxy_ws/build/pmb2_robot': CMAKE_PREFIX_PATH=/home/ravi/pmb2_foxy_ws/install/pmb2_bringup:/home/ravi/pmb2_foxy_ws/install/pmb2_description:/home/ravi/pmb2_foxy_ws/install/pmb2_controller_configuration:/home/ravi/pmb2_foxy_ws/install/pmb2_robot:/home/ravi/pmb2_foxy_ws/install/launch_pal:/opt/ros/foxy PYTHONPATH=/home/ravi/pmb2_foxy_ws/install/pmb2_description/lib/python3.8/site-packages:/home/ravi/pmb2_foxy_ws/build/launch_pal:/home/ravi/pmb2_foxy_ws/install/launch_pal/lib/python3.8/site-packages:/opt/ros/foxy/lib/python3.8/site-packages /usr/bin/cmake --build /home/ravi/pmb2_foxy_ws/build/pmb2_robot -- -j8 -l8
[0.238s] Invoked command in '/home/ravi/pmb2_foxy_ws/build/pmb2_robot' returned '0': CMAKE_PREFIX_PATH=/home/ravi/pmb2_foxy_ws/install/pmb2_bringup:/home/ravi/pmb2_foxy_ws/install/pmb2_description:/home/ravi/pmb2_foxy_ws/install/pmb2_controller_configuration:/home/ravi/pmb2_foxy_ws/install/pmb2_robot:/home/ravi/pmb2_foxy_ws/install/launch_pal:/opt/ros/foxy PYTHONPATH=/home/ravi/pmb2_foxy_ws/install/pmb2_description/lib/python3.8/site-packages:/home/ravi/pmb2_foxy_ws/build/launch_pal:/home/ravi/pmb2_foxy_ws/install/launch_pal/lib/python3.8/site-packages:/opt/ros/foxy/lib/python3.8/site-packages /usr/bin/cmake --build /home/ravi/pmb2_foxy_ws/build/pmb2_robot -- -j8 -l8
[0.256s] Invoking command in '/home/ravi/pmb2_foxy_ws/build/pmb2_robot': CMAKE_PREFIX_PATH=/home/ravi/pmb2_foxy_ws/install/pmb2_bringup:/home/ravi/pmb2_foxy_ws/install/pmb2_description:/home/ravi/pmb2_foxy_ws/install/pmb2_controller_configuration:/home/ravi/pmb2_foxy_ws/install/pmb2_robot:/home/ravi/pmb2_foxy_ws/install/launch_pal:/opt/ros/foxy PYTHONPATH=/home/ravi/pmb2_foxy_ws/install/pmb2_description/lib/python3.8/site-packages:/home/ravi/pmb2_foxy_ws/build/launch_pal:/home/ravi/pmb2_foxy_ws/install/launch_pal/lib/python3.8/site-packages:/opt/ros/foxy/lib/python3.8/site-packages /usr/bin/cmake --install /home/ravi/pmb2_foxy_ws/build/pmb2_robot
[0.262s] -- Install configuration: ""
[0.262s] -- Execute custom install script
[0.262s] -- Symlinking: /home/ravi/pmb2_foxy_ws/install/pmb2_robot/share/ament_index/resource_index/package_run_dependencies/pmb2_robot
[0.268s] -- Symlinking: /home/ravi/pmb2_foxy_ws/install/pmb2_robot/share/ament_index/resource_index/parent_prefix_path/pmb2_robot
[0.274s] -- Symlinking: /home/ravi/pmb2_foxy_ws/install/pmb2_robot/share/pmb2_robot/environment/ament_prefix_path.sh
[0.280s] -- Symlinking: /home/ravi/pmb2_foxy_ws/install/pmb2_robot/share/pmb2_robot/environment/ament_prefix_path.dsv
[0.286s] -- Symlinking: /home/ravi/pmb2_foxy_ws/install/pmb2_robot/share/pmb2_robot/environment/path.sh
[0.292s] -- Symlinking: /home/ravi/pmb2_foxy_ws/install/pmb2_robot/share/pmb2_robot/environment/path.dsv
[0.297s] -- Symlinking: /home/ravi/pmb2_foxy_ws/install/pmb2_robot/share/pmb2_robot/local_setup.bash
[0.303s] -- Symlinking: /home/ravi/pmb2_foxy_ws/install/pmb2_robot/share/pmb2_robot/local_setup.sh
[0.309s] -- Symlinking: /home/ravi/pmb2_foxy_ws/install/pmb2_robot/share/pmb2_robot/local_setup.zsh
[0.314s] -- Symlinking: /home/ravi/pmb2_foxy_ws/install/pmb2_robot/share/pmb2_robot/local_setup.dsv
[0.320s] -- Symlinking: /home/ravi/pmb2_foxy_ws/install/pmb2_robot/share/pmb2_robot/package.dsv
[0.327s] -- Symlinking: /home/ravi/pmb2_foxy_ws/install/pmb2_robot/share/ament_index/resource_index/packages/pmb2_robot
[0.333s] -- Symlinking: /home/ravi/pmb2_foxy_ws/install/pmb2_robot/share/pmb2_robot/cmake/pmb2_robotConfig.cmake
[0.339s] -- Symlinking: /home/ravi/pmb2_foxy_ws/install/pmb2_robot/share/pmb2_robot/cmake/pmb2_robotConfig-version.cmake
[0.345s] -- Symlinking: /home/ravi/pmb2_foxy_ws/install/pmb2_robot/share/pmb2_robot/package.xml
[0.354s] Invoked command in '/home/ravi/pmb2_foxy_ws/build/pmb2_robot' returned '0': CMAKE_PREFIX_PATH=/home/ravi/pmb2_foxy_ws/install/pmb2_bringup:/home/ravi/pmb2_foxy_ws/install/pmb2_description:/home/ravi/pmb2_foxy_ws/install/pmb2_controller_configuration:/home/ravi/pmb2_foxy_ws/install/pmb2_robot:/home/ravi/pmb2_foxy_ws/install/launch_pal:/opt/ros/foxy PYTHONPATH=/home/ravi/pmb2_foxy_ws/install/pmb2_description/lib/python3.8/site-packages:/home/ravi/pmb2_foxy_ws/build/launch_pal:/home/ravi/pmb2_foxy_ws/install/launch_pal/lib/python3.8/site-packages:/opt/ros/foxy/lib/python3.8/site-packages /usr/bin/cmake --install /home/ravi/pmb2_foxy_ws/build/pmb2_robot
