[0.049s] Invoking command in '/home/ravi/pmb2_foxy_ws/build/controller_manager_msgs': CMAKE_PREFIX_PATH=${CMAKE_PREFIX_PATH}:/home/ravi/pmb2_foxy_ws/install/launch_pal:/opt/ros/foxy /usr/bin/cmake --build /home/ravi/pmb2_foxy_ws/build/controller_manager_msgs -- -j8 -l8
[0.257s] [  0%] Built target controller_manager_msgs__cpp
[0.257s] [ 12%] Built target controller_manager_msgs__rosidl_generator_c
[0.257s] [ 24%] Built target controller_manager_msgs__rosidl_typesupport_cpp
[0.257s] [ 36%] Built target controller_manager_msgs__rosidl_typesupport_introspection_cpp
[0.257s] [ 48%] Built target controller_manager_msgs__rosidl_typesupport_introspection_c
[0.258s] [ 71%] Built target controller_manager_msgs__rosidl_typesupport_fastrtps_cpp
[0.258s] [ 72%] Built target controller_manager_msgs__rosidl_typesupport_c
[0.258s] [ 84%] Built target controller_manager_msgs__rosidl_typesupport_fastrtps_c
[0.258s] [ 84%] Built target controller_manager_msgs
[0.259s] [ 85%] Built target controller_manager_msgs__py
[0.259s] [ 96%] Built target controller_manager_msgs__python
[0.259s] [ 97%] Built target controller_manager_msgs__rosidl_typesupport_c__pyext
[0.259s] [ 98%] Built target controller_manager_msgs__rosidl_typesupport_fastrtps_c__pyext
[0.259s] [100%] Built target controller_manager_msgs__rosidl_typesupport_introspection_c__pyext
[0.261s] Invoked command in '/home/ravi/pmb2_foxy_ws/build/controller_manager_msgs' returned '0': CMAKE_PREFIX_PATH=${CMAKE_PREFIX_PATH}:/home/ravi/pmb2_foxy_ws/install/launch_pal:/opt/ros/foxy /usr/bin/cmake --build /home/ravi/pmb2_foxy_ws/build/controller_manager_msgs -- -j8 -l8
[0.519s] Invoking command in '/home/ravi/pmb2_foxy_ws/build/controller_manager_msgs': CMAKE_PREFIX_PATH=${CMAKE_PREFIX_PATH}:/home/ravi/pmb2_foxy_ws/install/launch_pal:/opt/ros/foxy /usr/bin/cmake --install /home/ravi/pmb2_foxy_ws/build/controller_manager_msgs
[0.527s] -- Install configuration: ""
[0.527s] -- Execute custom install script
[0.528s] -- Symlinking: /home/ravi/pmb2_foxy_ws/install/controller_manager_msgs/share/ament_index/resource_index/rosidl_interfaces/controller_manager_msgs
[0.537s] -- Symlinking: /home/ravi/pmb2_foxy_ws/install/controller_manager_msgs/include/controller_manager_msgs/msg/controller_state.h
[0.548s] -- Symlinking: /home/ravi/pmb2_foxy_ws/install/controller_manager_msgs/include/controller_manager_msgs/msg/detail/controller_state__functions.h
[0.553s] -- Symlinking: /home/ravi/pmb2_foxy_ws/install/controller_manager_msgs/include/controller_manager_msgs/msg/detail/controller_state__struct.h
[0.563s] -- Symlinking: /home/ravi/pmb2_foxy_ws/install/controller_manager_msgs/include/controller_manager_msgs/msg/detail/controller_state__type_support.h
[0.571s] -- Symlinking: /home/ravi/pmb2_foxy_ws/install/controller_manager_msgs/include/controller_manager_msgs/msg/detail/hardware_interface__functions.h
[0.580s] -- Symlinking: /home/ravi/pmb2_foxy_ws/install/controller_manager_msgs/include/controller_manager_msgs/msg/detail/hardware_interface__struct.h
[0.587s] -- Symlinking: /home/ravi/pmb2_foxy_ws/install/controller_manager_msgs/include/controller_manager_msgs/msg/detail/hardware_interface__type_support.h
[0.596s] -- Symlinking: /home/ravi/pmb2_foxy_ws/install/controller_manager_msgs/include/controller_manager_msgs/msg/hardware_interface.h
[0.610s] -- Symlinking: /home/ravi/pmb2_foxy_ws/install/controller_manager_msgs/include/controller_manager_msgs/msg/rosidl_generator_c__visibility_control.h
[0.617s] -- Symlinking: /home/ravi/pmb2_foxy_ws/install/controller_manager_msgs/include/controller_manager_msgs/srv/configure_controller.h
[0.624s] -- Symlinking: /home/ravi/pmb2_foxy_ws/install/controller_manager_msgs/include/controller_manager_msgs/srv/configure_start_controller.h
[0.632s] -- Symlinking: /home/ravi/pmb2_foxy_ws/install/controller_manager_msgs/include/controller_manager_msgs/srv/detail/configure_controller__functions.h
[0.640s] -- Symlinking: /home/ravi/pmb2_foxy_ws/install/controller_manager_msgs/include/controller_manager_msgs/srv/detail/configure_controller__struct.h
[0.649s] -- Symlinking: /home/ravi/pmb2_foxy_ws/install/controller_manager_msgs/include/controller_manager_msgs/srv/detail/configure_controller__type_support.h
[0.657s] -- Symlinking: /home/ravi/pmb2_foxy_ws/install/controller_manager_msgs/include/controller_manager_msgs/srv/detail/configure_start_controller__functions.h
[0.670s] -- Symlinking: /home/ravi/pmb2_foxy_ws/install/controller_manager_msgs/include/controller_manager_msgs/srv/detail/configure_start_controller__struct.h
[0.671s] -- Symlinking: /home/ravi/pmb2_foxy_ws/install/controller_manager_msgs/include/controller_manager_msgs/srv/detail/configure_start_controller__type_support.h
[0.680s] -- Symlinking: /home/ravi/pmb2_foxy_ws/install/controller_manager_msgs/include/controller_manager_msgs/srv/detail/list_controller_types__functions.h
[0.687s] -- Symlinking: /home/ravi/pmb2_foxy_ws/install/controller_manager_msgs/include/controller_manager_msgs/srv/detail/list_controller_types__struct.h
[0.694s] -- Symlinking: /home/ravi/pmb2_foxy_ws/install/controller_manager_msgs/include/controller_manager_msgs/srv/detail/list_controller_types__type_support.h
[0.700s] -- Symlinking: /home/ravi/pmb2_foxy_ws/install/controller_manager_msgs/include/controller_manager_msgs/srv/detail/list_controllers__functions.h
[0.707s] -- Symlinking: /home/ravi/pmb2_foxy_ws/install/controller_manager_msgs/include/controller_manager_msgs/srv/detail/list_controllers__struct.h
[0.713s] -- Symlinking: /home/ravi/pmb2_foxy_ws/install/controller_manager_msgs/include/controller_manager_msgs/srv/detail/list_controllers__type_support.h
[0.719s] -- Symlinking: /home/ravi/pmb2_foxy_ws/install/controller_manager_msgs/include/controller_manager_msgs/srv/detail/list_hardware_interfaces__functions.h
[0.726s] -- Symlinking: /home/ravi/pmb2_foxy_ws/install/controller_manager_msgs/include/controller_manager_msgs/srv/detail/list_hardware_interfaces__struct.h
[0.732s] -- Symlinking: /home/ravi/pmb2_foxy_ws/install/controller_manager_msgs/include/controller_manager_msgs/srv/detail/list_hardware_interfaces__type_support.h
[0.738s] -- Symlinking: /home/ravi/pmb2_foxy_ws/install/controller_manager_msgs/include/controller_manager_msgs/srv/detail/load_configure_controller__functions.h
[0.744s] -- Symlinking: /home/ravi/pmb2_foxy_ws/install/controller_manager_msgs/include/controller_manager_msgs/srv/detail/load_configure_controller__struct.h
[0.750s] -- Symlinking: /home/ravi/pmb2_foxy_ws/install/controller_manager_msgs/include/controller_manager_msgs/srv/detail/load_configure_controller__type_support.h
[0.757s] -- Symlinking: /home/ravi/pmb2_foxy_ws/install/controller_manager_msgs/include/controller_manager_msgs/srv/detail/load_controller__functions.h
[0.763s] -- Symlinking: /home/ravi/pmb2_foxy_ws/install/controller_manager_msgs/include/controller_manager_msgs/srv/detail/load_controller__struct.h
[0.769s] -- Symlinking: /home/ravi/pmb2_foxy_ws/install/controller_manager_msgs/include/controller_manager_msgs/srv/detail/load_controller__type_support.h
[0.775s] -- Symlinking: /home/ravi/pmb2_foxy_ws/install/controller_manager_msgs/include/controller_manager_msgs/srv/detail/load_start_controller__functions.h
[0.781s] -- Symlinking: /home/ravi/pmb2_foxy_ws/install/controller_manager_msgs/include/controller_manager_msgs/srv/detail/load_start_controller__struct.h
[0.787s] -- Symlinking: /home/ravi/pmb2_foxy_ws/install/controller_manager_msgs/include/controller_manager_msgs/srv/detail/load_start_controller__type_support.h
[0.792s] -- Symlinking: /home/ravi/pmb2_foxy_ws/install/controller_manager_msgs/include/controller_manager_msgs/srv/detail/reload_controller_libraries__functions.h
[0.798s] -- Symlinking: /home/ravi/pmb2_foxy_ws/install/controller_manager_msgs/include/controller_manager_msgs/srv/detail/reload_controller_libraries__struct.h
[0.805s] -- Symlinking: /home/ravi/pmb2_foxy_ws/install/controller_manager_msgs/include/controller_manager_msgs/srv/detail/reload_controller_libraries__type_support.h
[0.810s] -- Symlinking: /home/ravi/pmb2_foxy_ws/install/controller_manager_msgs/include/controller_manager_msgs/srv/detail/switch_controller__functions.h
[0.816s] -- Symlinking: /home/ravi/pmb2_foxy_ws/install/controller_manager_msgs/include/controller_manager_msgs/srv/detail/switch_controller__struct.h
[0.822s] -- Symlinking: /home/ravi/pmb2_foxy_ws/install/controller_manager_msgs/include/controller_manager_msgs/srv/detail/switch_controller__type_support.h
[0.828s] -- Symlinking: /home/ravi/pmb2_foxy_ws/install/controller_manager_msgs/include/controller_manager_msgs/srv/detail/unload_controller__functions.h
[0.834s] -- Symlinking: /home/ravi/pmb2_foxy_ws/install/controller_manager_msgs/include/controller_manager_msgs/srv/detail/unload_controller__struct.h
[0.840s] -- Symlinking: /home/ravi/pmb2_foxy_ws/install/controller_manager_msgs/include/controller_manager_msgs/srv/detail/unload_controller__type_support.h
[0.846s] -- Symlinking: /home/ravi/pmb2_foxy_ws/install/controller_manager_msgs/include/controller_manager_msgs/srv/list_controller_types.h
[0.853s] -- Symlinking: /home/ravi/pmb2_foxy_ws/install/controller_manager_msgs/include/controller_manager_msgs/srv/list_controllers.h
[0.859s] -- Symlinking: /home/ravi/pmb2_foxy_ws/install/controller_manager_msgs/include/controller_manager_msgs/srv/list_hardware_interfaces.h
[0.865s] -- Symlinking: /home/ravi/pmb2_foxy_ws/install/controller_manager_msgs/include/controller_manager_msgs/srv/load_configure_controller.h
[0.871s] -- Symlinking: /home/ravi/pmb2_foxy_ws/install/controller_manager_msgs/include/controller_manager_msgs/srv/load_controller.h
[0.877s] -- Symlinking: /home/ravi/pmb2_foxy_ws/install/controller_manager_msgs/include/controller_manager_msgs/srv/load_start_controller.h
[0.884s] -- Symlinking: /home/ravi/pmb2_foxy_ws/install/controller_manager_msgs/include/controller_manager_msgs/srv/reload_controller_libraries.h
[0.890s] -- Symlinking: /home/ravi/pmb2_foxy_ws/install/controller_manager_msgs/include/controller_manager_msgs/srv/switch_controller.h
[0.896s] -- Symlinking: /home/ravi/pmb2_foxy_ws/install/controller_manager_msgs/include/controller_manager_msgs/srv/unload_controller.h
[0.902s] -- Symlinking: /home/ravi/pmb2_foxy_ws/install/controller_manager_msgs/share/controller_manager_msgs/environment/library_path.sh
[0.909s] -- Symlinking: /home/ravi/pmb2_foxy_ws/install/controller_manager_msgs/share/controller_manager_msgs/environment/library_path.dsv
[0.915s] -- Symlinking: /home/ravi/pmb2_foxy_ws/install/controller_manager_msgs/include/controller_manager_msgs/msg/detail/controller_state__rosidl_typesupport_fastrtps_c.h
[0.921s] -- Symlinking: /home/ravi/pmb2_foxy_ws/install/controller_manager_msgs/include/controller_manager_msgs/msg/detail/hardware_interface__rosidl_typesupport_fastrtps_c.h
[0.926s] -- Symlinking: /home/ravi/pmb2_foxy_ws/install/controller_manager_msgs/include/controller_manager_msgs/msg/rosidl_typesupport_fastrtps_c__visibility_control.h
[0.932s] -- Symlinking: /home/ravi/pmb2_foxy_ws/install/controller_manager_msgs/include/controller_manager_msgs/srv/detail/configure_controller__rosidl_typesupport_fastrtps_c.h
[0.937s] -- Symlinking: /home/ravi/pmb2_foxy_ws/install/controller_manager_msgs/include/controller_manager_msgs/srv/detail/configure_start_controller__rosidl_typesupport_fastrtps_c.h
[0.942s] -- Symlinking: /home/ravi/pmb2_foxy_ws/install/controller_manager_msgs/include/controller_manager_msgs/srv/detail/list_controller_types__rosidl_typesupport_fastrtps_c.h
[0.947s] -- Symlinking: /home/ravi/pmb2_foxy_ws/install/controller_manager_msgs/include/controller_manager_msgs/srv/detail/list_controllers__rosidl_typesupport_fastrtps_c.h
[0.952s] -- Symlinking: /home/ravi/pmb2_foxy_ws/install/controller_manager_msgs/include/controller_manager_msgs/srv/detail/list_hardware_interfaces__rosidl_typesupport_fastrtps_c.h
[0.958s] -- Symlinking: /home/ravi/pmb2_foxy_ws/install/controller_manager_msgs/include/controller_manager_msgs/srv/detail/load_configure_controller__rosidl_typesupport_fastrtps_c.h
[0.962s] -- Symlinking: /home/ravi/pmb2_foxy_ws/install/controller_manager_msgs/include/controller_manager_msgs/srv/detail/load_controller__rosidl_typesupport_fastrtps_c.h
[0.968s] -- Symlinking: /home/ravi/pmb2_foxy_ws/install/controller_manager_msgs/include/controller_manager_msgs/srv/detail/load_start_controller__rosidl_typesupport_fastrtps_c.h
[0.973s] -- Symlinking: /home/ravi/pmb2_foxy_ws/install/controller_manager_msgs/include/controller_manager_msgs/srv/detail/reload_controller_libraries__rosidl_typesupport_fastrtps_c.h
[0.978s] -- Symlinking: /home/ravi/pmb2_foxy_ws/install/controller_manager_msgs/include/controller_manager_msgs/srv/detail/switch_controller__rosidl_typesupport_fastrtps_c.h
[0.983s] -- Symlinking: /home/ravi/pmb2_foxy_ws/install/controller_manager_msgs/include/controller_manager_msgs/srv/detail/unload_controller__rosidl_typesupport_fastrtps_c.h
[0.989s] -- Symlinking: /home/ravi/pmb2_foxy_ws/install/controller_manager_msgs/lib/libcontroller_manager_msgs__rosidl_typesupport_fastrtps_c.so
[0.994s] -- Symlinking: /home/ravi/pmb2_foxy_ws/install/controller_manager_msgs/include/controller_manager_msgs/msg/detail/controller_state__rosidl_typesupport_fastrtps_cpp.hpp
[1.000s] -- Symlinking: /home/ravi/pmb2_foxy_ws/install/controller_manager_msgs/include/controller_manager_msgs/msg/detail/hardware_interface__rosidl_typesupport_fastrtps_cpp.hpp
[1.005s] -- Symlinking: /home/ravi/pmb2_foxy_ws/install/controller_manager_msgs/include/controller_manager_msgs/msg/rosidl_typesupport_fastrtps_cpp__visibility_control.h
[1.010s] -- Symlinking: /home/ravi/pmb2_foxy_ws/install/controller_manager_msgs/include/controller_manager_msgs/srv/detail/configure_controller__rosidl_typesupport_fastrtps_cpp.hpp
[1.015s] -- Symlinking: /home/ravi/pmb2_foxy_ws/install/controller_manager_msgs/include/controller_manager_msgs/srv/detail/configure_start_controller__rosidl_typesupport_fastrtps_cpp.hpp
[1.021s] -- Symlinking: /home/ravi/pmb2_foxy_ws/install/controller_manager_msgs/include/controller_manager_msgs/srv/detail/list_controller_types__rosidl_typesupport_fastrtps_cpp.hpp
[1.027s] -- Symlinking: /home/ravi/pmb2_foxy_ws/install/controller_manager_msgs/include/controller_manager_msgs/srv/detail/list_controllers__rosidl_typesupport_fastrtps_cpp.hpp
[1.033s] -- Symlinking: /home/ravi/pmb2_foxy_ws/install/controller_manager_msgs/include/controller_manager_msgs/srv/detail/list_hardware_interfaces__rosidl_typesupport_fastrtps_cpp.hpp
[1.038s] -- Symlinking: /home/ravi/pmb2_foxy_ws/install/controller_manager_msgs/include/controller_manager_msgs/srv/detail/load_configure_controller__rosidl_typesupport_fastrtps_cpp.hpp
[1.043s] -- Symlinking: /home/ravi/pmb2_foxy_ws/install/controller_manager_msgs/include/controller_manager_msgs/srv/detail/load_controller__rosidl_typesupport_fastrtps_cpp.hpp
[1.048s] -- Symlinking: /home/ravi/pmb2_foxy_ws/install/controller_manager_msgs/include/controller_manager_msgs/srv/detail/load_start_controller__rosidl_typesupport_fastrtps_cpp.hpp
[1.054s] -- Symlinking: /home/ravi/pmb2_foxy_ws/install/controller_manager_msgs/include/controller_manager_msgs/srv/detail/reload_controller_libraries__rosidl_typesupport_fastrtps_cpp.hpp
[1.059s] -- Symlinking: /home/ravi/pmb2_foxy_ws/install/controller_manager_msgs/include/controller_manager_msgs/srv/detail/switch_controller__rosidl_typesupport_fastrtps_cpp.hpp
[1.064s] -- Symlinking: /home/ravi/pmb2_foxy_ws/install/controller_manager_msgs/include/controller_manager_msgs/srv/detail/unload_controller__rosidl_typesupport_fastrtps_cpp.hpp
[1.070s] -- Symlinking: /home/ravi/pmb2_foxy_ws/install/controller_manager_msgs/lib/libcontroller_manager_msgs__rosidl_typesupport_fastrtps_cpp.so
[1.075s] -- Symlinking: /home/ravi/pmb2_foxy_ws/install/controller_manager_msgs/include/controller_manager_msgs/msg/detail/controller_state__rosidl_typesupport_introspection_c.h
[1.081s] -- Symlinking: /home/ravi/pmb2_foxy_ws/install/controller_manager_msgs/include/controller_manager_msgs/msg/detail/hardware_interface__rosidl_typesupport_introspection_c.h
[1.086s] -- Symlinking: /home/ravi/pmb2_foxy_ws/install/controller_manager_msgs/include/controller_manager_msgs/msg/rosidl_typesupport_introspection_c__visibility_control.h
[1.092s] -- Symlinking: /home/ravi/pmb2_foxy_ws/install/controller_manager_msgs/include/controller_manager_msgs/srv/detail/configure_controller__rosidl_typesupport_introspection_c.h
[1.097s] -- Symlinking: /home/ravi/pmb2_foxy_ws/install/controller_manager_msgs/include/controller_manager_msgs/srv/detail/configure_start_controller__rosidl_typesupport_introspection_c.h
[1.103s] -- Symlinking: /home/ravi/pmb2_foxy_ws/install/controller_manager_msgs/include/controller_manager_msgs/srv/detail/list_controller_types__rosidl_typesupport_introspection_c.h
[1.108s] -- Symlinking: /home/ravi/pmb2_foxy_ws/install/controller_manager_msgs/include/controller_manager_msgs/srv/detail/list_controllers__rosidl_typesupport_introspection_c.h
[1.113s] -- Symlinking: /home/ravi/pmb2_foxy_ws/install/controller_manager_msgs/include/controller_manager_msgs/srv/detail/list_hardware_interfaces__rosidl_typesupport_introspection_c.h
[1.118s] -- Symlinking: /home/ravi/pmb2_foxy_ws/install/controller_manager_msgs/include/controller_manager_msgs/srv/detail/load_configure_controller__rosidl_typesupport_introspection_c.h
[1.124s] -- Symlinking: /home/ravi/pmb2_foxy_ws/install/controller_manager_msgs/include/controller_manager_msgs/srv/detail/load_controller__rosidl_typesupport_introspection_c.h
[1.129s] -- Symlinking: /home/ravi/pmb2_foxy_ws/install/controller_manager_msgs/include/controller_manager_msgs/srv/detail/load_start_controller__rosidl_typesupport_introspection_c.h
[1.135s] -- Symlinking: /home/ravi/pmb2_foxy_ws/install/controller_manager_msgs/include/controller_manager_msgs/srv/detail/reload_controller_libraries__rosidl_typesupport_introspection_c.h
[1.140s] -- Symlinking: /home/ravi/pmb2_foxy_ws/install/controller_manager_msgs/include/controller_manager_msgs/srv/detail/switch_controller__rosidl_typesupport_introspection_c.h
[1.146s] -- Symlinking: /home/ravi/pmb2_foxy_ws/install/controller_manager_msgs/include/controller_manager_msgs/srv/detail/unload_controller__rosidl_typesupport_introspection_c.h
[1.151s] -- Symlinking: /home/ravi/pmb2_foxy_ws/install/controller_manager_msgs/include/controller_manager_msgs/msg/controller_state.hpp
[1.157s] -- Symlinking: /home/ravi/pmb2_foxy_ws/install/controller_manager_msgs/include/controller_manager_msgs/msg/detail/controller_state__builder.hpp
[1.162s] -- Symlinking: /home/ravi/pmb2_foxy_ws/install/controller_manager_msgs/include/controller_manager_msgs/msg/detail/controller_state__struct.hpp
[1.167s] -- Symlinking: /home/ravi/pmb2_foxy_ws/install/controller_manager_msgs/include/controller_manager_msgs/msg/detail/controller_state__traits.hpp
[1.172s] -- Symlinking: /home/ravi/pmb2_foxy_ws/install/controller_manager_msgs/include/controller_manager_msgs/msg/detail/hardware_interface__builder.hpp
[1.178s] -- Symlinking: /home/ravi/pmb2_foxy_ws/install/controller_manager_msgs/include/controller_manager_msgs/msg/detail/hardware_interface__struct.hpp
[1.183s] -- Symlinking: /home/ravi/pmb2_foxy_ws/install/controller_manager_msgs/include/controller_manager_msgs/msg/detail/hardware_interface__traits.hpp
[1.188s] -- Symlinking: /home/ravi/pmb2_foxy_ws/install/controller_manager_msgs/include/controller_manager_msgs/msg/hardware_interface.hpp
[1.193s] -- Symlinking: /home/ravi/pmb2_foxy_ws/install/controller_manager_msgs/include/controller_manager_msgs/srv/configure_controller.hpp
[1.199s] -- Symlinking: /home/ravi/pmb2_foxy_ws/install/controller_manager_msgs/include/controller_manager_msgs/srv/configure_start_controller.hpp
[1.204s] -- Symlinking: /home/ravi/pmb2_foxy_ws/install/controller_manager_msgs/include/controller_manager_msgs/srv/detail/configure_controller__builder.hpp
[1.209s] -- Symlinking: /home/ravi/pmb2_foxy_ws/install/controller_manager_msgs/include/controller_manager_msgs/srv/detail/configure_controller__struct.hpp
[1.214s] -- Symlinking: /home/ravi/pmb2_foxy_ws/install/controller_manager_msgs/include/controller_manager_msgs/srv/detail/configure_controller__traits.hpp
[1.220s] -- Symlinking: /home/ravi/pmb2_foxy_ws/install/controller_manager_msgs/include/controller_manager_msgs/srv/detail/configure_start_controller__builder.hpp
[1.226s] -- Symlinking: /home/ravi/pmb2_foxy_ws/install/controller_manager_msgs/include/controller_manager_msgs/srv/detail/configure_start_controller__struct.hpp
[1.231s] -- Symlinking: /home/ravi/pmb2_foxy_ws/install/controller_manager_msgs/include/controller_manager_msgs/srv/detail/configure_start_controller__traits.hpp
[1.236s] -- Symlinking: /home/ravi/pmb2_foxy_ws/install/controller_manager_msgs/include/controller_manager_msgs/srv/detail/list_controller_types__builder.hpp
[1.241s] -- Symlinking: /home/ravi/pmb2_foxy_ws/install/controller_manager_msgs/include/controller_manager_msgs/srv/detail/list_controller_types__struct.hpp
[1.246s] -- Symlinking: /home/ravi/pmb2_foxy_ws/install/controller_manager_msgs/include/controller_manager_msgs/srv/detail/list_controller_types__traits.hpp
[1.251s] -- Symlinking: /home/ravi/pmb2_foxy_ws/install/controller_manager_msgs/include/controller_manager_msgs/srv/detail/list_controllers__builder.hpp
[1.257s] -- Symlinking: /home/ravi/pmb2_foxy_ws/install/controller_manager_msgs/include/controller_manager_msgs/srv/detail/list_controllers__struct.hpp
[1.262s] -- Symlinking: /home/ravi/pmb2_foxy_ws/install/controller_manager_msgs/include/controller_manager_msgs/srv/detail/list_controllers__traits.hpp
[1.267s] -- Symlinking: /home/ravi/pmb2_foxy_ws/install/controller_manager_msgs/include/controller_manager_msgs/srv/detail/list_hardware_interfaces__builder.hpp
[1.273s] -- Symlinking: /home/ravi/pmb2_foxy_ws/install/controller_manager_msgs/include/controller_manager_msgs/srv/detail/list_hardware_interfaces__struct.hpp
[1.278s] -- Symlinking: /home/ravi/pmb2_foxy_ws/install/controller_manager_msgs/include/controller_manager_msgs/srv/detail/list_hardware_interfaces__traits.hpp
[1.283s] -- Symlinking: /home/ravi/pmb2_foxy_ws/install/controller_manager_msgs/include/controller_manager_msgs/srv/detail/load_configure_controller__builder.hpp
[1.288s] -- Symlinking: /home/ravi/pmb2_foxy_ws/install/controller_manager_msgs/include/controller_manager_msgs/srv/detail/load_configure_controller__struct.hpp
[1.294s] -- Symlinking: /home/ravi/pmb2_foxy_ws/install/controller_manager_msgs/include/controller_manager_msgs/srv/detail/load_configure_controller__traits.hpp
[1.299s] -- Symlinking: /home/ravi/pmb2_foxy_ws/install/controller_manager_msgs/include/controller_manager_msgs/srv/detail/load_controller__builder.hpp
[1.304s] -- Symlinking: /home/ravi/pmb2_foxy_ws/install/controller_manager_msgs/include/controller_manager_msgs/srv/detail/load_controller__struct.hpp
[1.309s] -- Symlinking: /home/ravi/pmb2_foxy_ws/install/controller_manager_msgs/include/controller_manager_msgs/srv/detail/load_controller__traits.hpp
[1.315s] -- Symlinking: /home/ravi/pmb2_foxy_ws/install/controller_manager_msgs/include/controller_manager_msgs/srv/detail/load_start_controller__builder.hpp
[1.320s] -- Symlinking: /home/ravi/pmb2_foxy_ws/install/controller_manager_msgs/include/controller_manager_msgs/srv/detail/load_start_controller__struct.hpp
[1.326s] -- Symlinking: /home/ravi/pmb2_foxy_ws/install/controller_manager_msgs/include/controller_manager_msgs/srv/detail/load_start_controller__traits.hpp
[1.331s] -- Symlinking: /home/ravi/pmb2_foxy_ws/install/controller_manager_msgs/include/controller_manager_msgs/srv/detail/reload_controller_libraries__builder.hpp
[1.337s] -- Symlinking: /home/ravi/pmb2_foxy_ws/install/controller_manager_msgs/include/controller_manager_msgs/srv/detail/reload_controller_libraries__struct.hpp
[1.342s] -- Symlinking: /home/ravi/pmb2_foxy_ws/install/controller_manager_msgs/include/controller_manager_msgs/srv/detail/reload_controller_libraries__traits.hpp
[1.347s] -- Symlinking: /home/ravi/pmb2_foxy_ws/install/controller_manager_msgs/include/controller_manager_msgs/srv/detail/switch_controller__builder.hpp
[1.353s] -- Symlinking: /home/ravi/pmb2_foxy_ws/install/controller_manager_msgs/include/controller_manager_msgs/srv/detail/switch_controller__struct.hpp
[1.358s] -- Symlinking: /home/ravi/pmb2_foxy_ws/install/controller_manager_msgs/include/controller_manager_msgs/srv/detail/switch_controller__traits.hpp
[1.363s] -- Symlinking: /home/ravi/pmb2_foxy_ws/install/controller_manager_msgs/include/controller_manager_msgs/srv/detail/unload_controller__builder.hpp
[1.368s] -- Symlinking: /home/ravi/pmb2_foxy_ws/install/controller_manager_msgs/include/controller_manager_msgs/srv/detail/unload_controller__struct.hpp
[1.373s] -- Symlinking: /home/ravi/pmb2_foxy_ws/install/controller_manager_msgs/include/controller_manager_msgs/srv/detail/unload_controller__traits.hpp
[1.378s] -- Symlinking: /home/ravi/pmb2_foxy_ws/install/controller_manager_msgs/include/controller_manager_msgs/srv/list_controller_types.hpp
[1.383s] -- Symlinking: /home/ravi/pmb2_foxy_ws/install/controller_manager_msgs/include/controller_manager_msgs/srv/list_controllers.hpp
[1.388s] -- Symlinking: /home/ravi/pmb2_foxy_ws/install/controller_manager_msgs/include/controller_manager_msgs/srv/list_hardware_interfaces.hpp
[1.394s] -- Symlinking: /home/ravi/pmb2_foxy_ws/install/controller_manager_msgs/include/controller_manager_msgs/srv/load_configure_controller.hpp
[1.399s] -- Symlinking: /home/ravi/pmb2_foxy_ws/install/controller_manager_msgs/include/controller_manager_msgs/srv/load_controller.hpp
[1.404s] -- Symlinking: /home/ravi/pmb2_foxy_ws/install/controller_manager_msgs/include/controller_manager_msgs/srv/load_start_controller.hpp
[1.409s] -- Symlinking: /home/ravi/pmb2_foxy_ws/install/controller_manager_msgs/include/controller_manager_msgs/srv/reload_controller_libraries.hpp
[1.414s] -- Symlinking: /home/ravi/pmb2_foxy_ws/install/controller_manager_msgs/include/controller_manager_msgs/srv/switch_controller.hpp
[1.420s] -- Symlinking: /home/ravi/pmb2_foxy_ws/install/controller_manager_msgs/include/controller_manager_msgs/srv/unload_controller.hpp
[1.426s] -- Symlinking: /home/ravi/pmb2_foxy_ws/install/controller_manager_msgs/include/controller_manager_msgs/msg/detail/controller_state__rosidl_typesupport_introspection_cpp.hpp
[1.431s] -- Symlinking: /home/ravi/pmb2_foxy_ws/install/controller_manager_msgs/include/controller_manager_msgs/msg/detail/hardware_interface__rosidl_typesupport_introspection_cpp.hpp
[1.437s] -- Symlinking: /home/ravi/pmb2_foxy_ws/install/controller_manager_msgs/include/controller_manager_msgs/srv/detail/configure_controller__rosidl_typesupport_introspection_cpp.hpp
[1.442s] -- Symlinking: /home/ravi/pmb2_foxy_ws/install/controller_manager_msgs/include/controller_manager_msgs/srv/detail/configure_start_controller__rosidl_typesupport_introspection_cpp.hpp
[1.447s] -- Symlinking: /home/ravi/pmb2_foxy_ws/install/controller_manager_msgs/include/controller_manager_msgs/srv/detail/list_controller_types__rosidl_typesupport_introspection_cpp.hpp
[1.453s] -- Symlinking: /home/ravi/pmb2_foxy_ws/install/controller_manager_msgs/include/controller_manager_msgs/srv/detail/list_controllers__rosidl_typesupport_introspection_cpp.hpp
[1.458s] -- Symlinking: /home/ravi/pmb2_foxy_ws/install/controller_manager_msgs/include/controller_manager_msgs/srv/detail/list_hardware_interfaces__rosidl_typesupport_introspection_cpp.hpp
[1.463s] -- Symlinking: /home/ravi/pmb2_foxy_ws/install/controller_manager_msgs/include/controller_manager_msgs/srv/detail/load_configure_controller__rosidl_typesupport_introspection_cpp.hpp
[1.468s] -- Symlinking: /home/ravi/pmb2_foxy_ws/install/controller_manager_msgs/include/controller_manager_msgs/srv/detail/load_controller__rosidl_typesupport_introspection_cpp.hpp
[1.474s] -- Symlinking: /home/ravi/pmb2_foxy_ws/install/controller_manager_msgs/include/controller_manager_msgs/srv/detail/load_start_controller__rosidl_typesupport_introspection_cpp.hpp
[1.479s] -- Symlinking: /home/ravi/pmb2_foxy_ws/install/controller_manager_msgs/include/controller_manager_msgs/srv/detail/reload_controller_libraries__rosidl_typesupport_introspection_cpp.hpp
[1.484s] -- Symlinking: /home/ravi/pmb2_foxy_ws/install/controller_manager_msgs/include/controller_manager_msgs/srv/detail/switch_controller__rosidl_typesupport_introspection_cpp.hpp
[1.490s] -- Symlinking: /home/ravi/pmb2_foxy_ws/install/controller_manager_msgs/include/controller_manager_msgs/srv/detail/unload_controller__rosidl_typesupport_introspection_cpp.hpp
[1.495s] -- Symlinking: /home/ravi/pmb2_foxy_ws/install/controller_manager_msgs/share/controller_manager_msgs/environment/pythonpath.sh
[1.500s] -- Symlinking: /home/ravi/pmb2_foxy_ws/install/controller_manager_msgs/share/controller_manager_msgs/environment/pythonpath.dsv
[1.506s] -- Symlinking: /home/ravi/pmb2_foxy_ws/install/controller_manager_msgs/lib/python3.8/site-packages/controller_manager_msgs/__init__.py
[1.512s] -- Symlinking: /home/ravi/pmb2_foxy_ws/install/controller_manager_msgs/lib/python3.8/site-packages/controller_manager_msgs/msg/__init__.py
[1.517s] -- Symlinking: /home/ravi/pmb2_foxy_ws/install/controller_manager_msgs/lib/python3.8/site-packages/controller_manager_msgs/msg/_controller_state.py
[1.522s] -- Symlinking: /home/ravi/pmb2_foxy_ws/install/controller_manager_msgs/lib/python3.8/site-packages/controller_manager_msgs/msg/_hardware_interface.py
[1.528s] -- Symlinking: /home/ravi/pmb2_foxy_ws/install/controller_manager_msgs/lib/python3.8/site-packages/controller_manager_msgs/srv/__init__.py
[1.533s] -- Symlinking: /home/ravi/pmb2_foxy_ws/install/controller_manager_msgs/lib/python3.8/site-packages/controller_manager_msgs/srv/_configure_controller.py
[1.539s] -- Symlinking: /home/ravi/pmb2_foxy_ws/install/controller_manager_msgs/lib/python3.8/site-packages/controller_manager_msgs/srv/_configure_start_controller.py
[1.544s] -- Symlinking: /home/ravi/pmb2_foxy_ws/install/controller_manager_msgs/lib/python3.8/site-packages/controller_manager_msgs/srv/_list_controller_types.py
[1.550s] -- Symlinking: /home/ravi/pmb2_foxy_ws/install/controller_manager_msgs/lib/python3.8/site-packages/controller_manager_msgs/srv/_list_controllers.py
[1.555s] -- Symlinking: /home/ravi/pmb2_foxy_ws/install/controller_manager_msgs/lib/python3.8/site-packages/controller_manager_msgs/srv/_list_hardware_interfaces.py
[1.560s] -- Symlinking: /home/ravi/pmb2_foxy_ws/install/controller_manager_msgs/lib/python3.8/site-packages/controller_manager_msgs/srv/_load_configure_controller.py
[1.565s] -- Symlinking: /home/ravi/pmb2_foxy_ws/install/controller_manager_msgs/lib/python3.8/site-packages/controller_manager_msgs/srv/_load_controller.py
[1.571s] -- Symlinking: /home/ravi/pmb2_foxy_ws/install/controller_manager_msgs/lib/python3.8/site-packages/controller_manager_msgs/srv/_load_start_controller.py
[1.576s] -- Symlinking: /home/ravi/pmb2_foxy_ws/install/controller_manager_msgs/lib/python3.8/site-packages/controller_manager_msgs/srv/_reload_controller_libraries.py
[1.582s] -- Symlinking: /home/ravi/pmb2_foxy_ws/install/controller_manager_msgs/lib/python3.8/site-packages/controller_manager_msgs/srv/_switch_controller.py
[1.587s] -- Symlinking: /home/ravi/pmb2_foxy_ws/install/controller_manager_msgs/lib/python3.8/site-packages/controller_manager_msgs/srv/_unload_controller.py
[1.593s] -- Symlinking: /home/ravi/pmb2_foxy_ws/install/controller_manager_msgs/lib/python3.8/site-packages/controller_manager_msgs/controller_manager_msgs_s__rosidl_typesupport_fastrtps_c.cpython-38-x86_64-linux-gnu.so
[1.598s] -- Symlinking: /home/ravi/pmb2_foxy_ws/install/controller_manager_msgs/lib/python3.8/site-packages/controller_manager_msgs/controller_manager_msgs_s__rosidl_typesupport_introspection_c.cpython-38-x86_64-linux-gnu.so
[1.604s] -- Symlinking: /home/ravi/pmb2_foxy_ws/install/controller_manager_msgs/lib/python3.8/site-packages/controller_manager_msgs/controller_manager_msgs_s__rosidl_typesupport_c.cpython-38-x86_64-linux-gnu.so
[1.609s] -- Symlinking: /home/ravi/pmb2_foxy_ws/install/controller_manager_msgs/lib/libcontroller_manager_msgs__python.so
[1.614s] -- Symlinking: /home/ravi/pmb2_foxy_ws/install/controller_manager_msgs/share/controller_manager_msgs/msg/ControllerState.idl
[1.620s] -- Symlinking: /home/ravi/pmb2_foxy_ws/install/controller_manager_msgs/share/controller_manager_msgs/msg/HardwareInterface.idl
[1.626s] -- Symlinking: /home/ravi/pmb2_foxy_ws/install/controller_manager_msgs/share/controller_manager_msgs/srv/ConfigureController.idl
[1.631s] -- Symlinking: /home/ravi/pmb2_foxy_ws/install/controller_manager_msgs/share/controller_manager_msgs/srv/ConfigureStartController.idl
[1.636s] -- Symlinking: /home/ravi/pmb2_foxy_ws/install/controller_manager_msgs/share/controller_manager_msgs/srv/ListControllers.idl
[1.642s] -- Symlinking: /home/ravi/pmb2_foxy_ws/install/controller_manager_msgs/share/controller_manager_msgs/srv/ListControllerTypes.idl
[1.647s] -- Symlinking: /home/ravi/pmb2_foxy_ws/install/controller_manager_msgs/share/controller_manager_msgs/srv/ListHardwareInterfaces.idl
[1.653s] -- Symlinking: /home/ravi/pmb2_foxy_ws/install/controller_manager_msgs/share/controller_manager_msgs/srv/LoadConfigureController.idl
[1.658s] -- Symlinking: /home/ravi/pmb2_foxy_ws/install/controller_manager_msgs/share/controller_manager_msgs/srv/LoadController.idl
[1.664s] -- Symlinking: /home/ravi/pmb2_foxy_ws/install/controller_manager_msgs/share/controller_manager_msgs/srv/LoadStartController.idl
[1.669s] -- Symlinking: /home/ravi/pmb2_foxy_ws/install/controller_manager_msgs/share/controller_manager_msgs/srv/ReloadControllerLibraries.idl
[1.674s] -- Symlinking: /home/ravi/pmb2_foxy_ws/install/controller_manager_msgs/share/controller_manager_msgs/srv/SwitchController.idl
[1.679s] -- Symlinking: /home/ravi/pmb2_foxy_ws/install/controller_manager_msgs/share/controller_manager_msgs/srv/UnloadController.idl
[1.684s] -- Symlinking: /home/ravi/pmb2_foxy_ws/install/controller_manager_msgs/share/controller_manager_msgs/msg/ControllerState.msg
[1.690s] -- Symlinking: /home/ravi/pmb2_foxy_ws/install/controller_manager_msgs/share/controller_manager_msgs/msg/HardwareInterface.msg
[1.695s] -- Symlinking: /home/ravi/pmb2_foxy_ws/install/controller_manager_msgs/share/controller_manager_msgs/srv/ConfigureController.srv
[1.701s] -- Symlinking: /home/ravi/pmb2_foxy_ws/install/controller_manager_msgs/share/controller_manager_msgs/srv/ConfigureController_Request.msg
[1.706s] -- Symlinking: /home/ravi/pmb2_foxy_ws/install/controller_manager_msgs/share/controller_manager_msgs/srv/ConfigureController_Response.msg
[1.711s] -- Symlinking: /home/ravi/pmb2_foxy_ws/install/controller_manager_msgs/share/controller_manager_msgs/srv/ConfigureStartController.srv
[1.716s] -- Symlinking: /home/ravi/pmb2_foxy_ws/install/controller_manager_msgs/share/controller_manager_msgs/srv/ConfigureStartController_Request.msg
[1.722s] -- Symlinking: /home/ravi/pmb2_foxy_ws/install/controller_manager_msgs/share/controller_manager_msgs/srv/ConfigureStartController_Response.msg
[1.728s] -- Symlinking: /home/ravi/pmb2_foxy_ws/install/controller_manager_msgs/share/controller_manager_msgs/srv/ListControllers.srv
[1.733s] -- Symlinking: /home/ravi/pmb2_foxy_ws/install/controller_manager_msgs/share/controller_manager_msgs/srv/ListControllers_Request.msg
[1.739s] -- Symlinking: /home/ravi/pmb2_foxy_ws/install/controller_manager_msgs/share/controller_manager_msgs/srv/ListControllers_Response.msg
[1.744s] -- Symlinking: /home/ravi/pmb2_foxy_ws/install/controller_manager_msgs/share/controller_manager_msgs/srv/ListControllerTypes.srv
[1.749s] -- Symlinking: /home/ravi/pmb2_foxy_ws/install/controller_manager_msgs/share/controller_manager_msgs/srv/ListControllerTypes_Request.msg
[1.755s] -- Symlinking: /home/ravi/pmb2_foxy_ws/install/controller_manager_msgs/share/controller_manager_msgs/srv/ListControllerTypes_Response.msg
[1.760s] -- Symlinking: /home/ravi/pmb2_foxy_ws/install/controller_manager_msgs/share/controller_manager_msgs/srv/ListHardwareInterfaces.srv
[1.765s] -- Symlinking: /home/ravi/pmb2_foxy_ws/install/controller_manager_msgs/share/controller_manager_msgs/srv/ListHardwareInterfaces_Request.msg
[1.771s] -- Symlinking: /home/ravi/pmb2_foxy_ws/install/controller_manager_msgs/share/controller_manager_msgs/srv/ListHardwareInterfaces_Response.msg
[1.777s] -- Symlinking: /home/ravi/pmb2_foxy_ws/install/controller_manager_msgs/share/controller_manager_msgs/srv/LoadConfigureController.srv
[1.782s] -- Symlinking: /home/ravi/pmb2_foxy_ws/install/controller_manager_msgs/share/controller_manager_msgs/srv/LoadConfigureController_Request.msg
[1.787s] -- Symlinking: /home/ravi/pmb2_foxy_ws/install/controller_manager_msgs/share/controller_manager_msgs/srv/LoadConfigureController_Response.msg
[1.792s] -- Symlinking: /home/ravi/pmb2_foxy_ws/install/controller_manager_msgs/share/controller_manager_msgs/srv/LoadController.srv
[1.798s] -- Symlinking: /home/ravi/pmb2_foxy_ws/install/controller_manager_msgs/share/controller_manager_msgs/srv/LoadController_Request.msg
[1.803s] -- Symlinking: /home/ravi/pmb2_foxy_ws/install/controller_manager_msgs/share/controller_manager_msgs/srv/LoadController_Response.msg
[1.808s] -- Symlinking: /home/ravi/pmb2_foxy_ws/install/controller_manager_msgs/share/controller_manager_msgs/srv/LoadStartController.srv
[1.814s] -- Symlinking: /home/ravi/pmb2_foxy_ws/install/controller_manager_msgs/share/controller_manager_msgs/srv/LoadStartController_Request.msg
[1.819s] -- Symlinking: /home/ravi/pmb2_foxy_ws/install/controller_manager_msgs/share/controller_manager_msgs/srv/LoadStartController_Response.msg
[1.825s] -- Symlinking: /home/ravi/pmb2_foxy_ws/install/controller_manager_msgs/share/controller_manager_msgs/srv/ReloadControllerLibraries.srv
[1.830s] -- Symlinking: /home/ravi/pmb2_foxy_ws/install/controller_manager_msgs/share/controller_manager_msgs/srv/ReloadControllerLibraries_Request.msg
[1.837s] -- Symlinking: /home/ravi/pmb2_foxy_ws/install/controller_manager_msgs/share/controller_manager_msgs/srv/ReloadControllerLibraries_Response.msg
[1.844s] -- Symlinking: /home/ravi/pmb2_foxy_ws/install/controller_manager_msgs/share/controller_manager_msgs/srv/SwitchController.srv
[1.849s] -- Symlinking: /home/ravi/pmb2_foxy_ws/install/controller_manager_msgs/share/controller_manager_msgs/srv/SwitchController_Request.msg
[1.855s] -- Symlinking: /home/ravi/pmb2_foxy_ws/install/controller_manager_msgs/share/controller_manager_msgs/srv/SwitchController_Response.msg
[1.860s] -- Symlinking: /home/ravi/pmb2_foxy_ws/install/controller_manager_msgs/share/controller_manager_msgs/srv/UnloadController.srv
[1.866s] -- Symlinking: /home/ravi/pmb2_foxy_ws/install/controller_manager_msgs/share/controller_manager_msgs/srv/UnloadController_Request.msg
[1.871s] -- Symlinking: /home/ravi/pmb2_foxy_ws/install/controller_manager_msgs/share/controller_manager_msgs/srv/UnloadController_Response.msg
[1.877s] -- Symlinking: /home/ravi/pmb2_foxy_ws/install/controller_manager_msgs/share/ament_index/resource_index/package_run_dependencies/controller_manager_msgs
[1.882s] -- Symlinking: /home/ravi/pmb2_foxy_ws/install/controller_manager_msgs/share/ament_index/resource_index/parent_prefix_path/controller_manager_msgs
[1.887s] -- Symlinking: /home/ravi/pmb2_foxy_ws/install/controller_manager_msgs/share/controller_manager_msgs/environment/ament_prefix_path.sh
[1.892s] -- Symlinking: /home/ravi/pmb2_foxy_ws/install/controller_manager_msgs/share/controller_manager_msgs/environment/ament_prefix_path.dsv
[1.897s] -- Symlinking: /home/ravi/pmb2_foxy_ws/install/controller_manager_msgs/share/controller_manager_msgs/environment/path.sh
[1.903s] -- Symlinking: /home/ravi/pmb2_foxy_ws/install/controller_manager_msgs/share/controller_manager_msgs/environment/path.dsv
[1.908s] -- Symlinking: /home/ravi/pmb2_foxy_ws/install/controller_manager_msgs/share/controller_manager_msgs/local_setup.bash
[1.914s] -- Symlinking: /home/ravi/pmb2_foxy_ws/install/controller_manager_msgs/share/controller_manager_msgs/local_setup.sh
[1.919s] -- Symlinking: /home/ravi/pmb2_foxy_ws/install/controller_manager_msgs/share/controller_manager_msgs/local_setup.zsh
[1.925s] -- Symlinking: /home/ravi/pmb2_foxy_ws/install/controller_manager_msgs/share/controller_manager_msgs/local_setup.dsv
[1.930s] -- Symlinking: /home/ravi/pmb2_foxy_ws/install/controller_manager_msgs/share/controller_manager_msgs/package.dsv
[1.936s] -- Symlinking: /home/ravi/pmb2_foxy_ws/install/controller_manager_msgs/share/ament_index/resource_index/packages/controller_manager_msgs
[1.942s] -- Symlinking: /home/ravi/pmb2_foxy_ws/install/controller_manager_msgs/share/controller_manager_msgs/cmake/rosidl_cmake-extras.cmake
[1.947s] -- Symlinking: /home/ravi/pmb2_foxy_ws/install/controller_manager_msgs/share/controller_manager_msgs/cmake/ament_cmake_export_dependencies-extras.cmake
[1.953s] -- Symlinking: /home/ravi/pmb2_foxy_ws/install/controller_manager_msgs/share/controller_manager_msgs/cmake/ament_cmake_export_libraries-extras.cmake
[1.958s] -- Symlinking: /home/ravi/pmb2_foxy_ws/install/controller_manager_msgs/share/controller_manager_msgs/cmake/ament_cmake_export_targets-extras.cmake
[1.965s] -- Symlinking: /home/ravi/pmb2_foxy_ws/install/controller_manager_msgs/share/controller_manager_msgs/cmake/ament_cmake_export_include_directories-extras.cmake
[1.970s] -- Symlinking: /home/ravi/pmb2_foxy_ws/install/controller_manager_msgs/share/controller_manager_msgs/cmake/rosidl_cmake_export_typesupport_libraries-extras.cmake
[1.975s] -- Symlinking: /home/ravi/pmb2_foxy_ws/install/controller_manager_msgs/share/controller_manager_msgs/cmake/rosidl_cmake_export_typesupport_targets-extras.cmake
[1.980s] -- Symlinking: /home/ravi/pmb2_foxy_ws/install/controller_manager_msgs/share/controller_manager_msgs/cmake/controller_manager_msgsConfig.cmake
[1.986s] -- Symlinking: /home/ravi/pmb2_foxy_ws/install/controller_manager_msgs/share/controller_manager_msgs/cmake/controller_manager_msgsConfig-version.cmake
[1.991s] -- Symlinking: /home/ravi/pmb2_foxy_ws/install/controller_manager_msgs/share/controller_manager_msgs/package.xml
[1.996s] -- Installing: /home/ravi/pmb2_foxy_ws/install/controller_manager_msgs/lib/libcontroller_manager_msgs__rosidl_generator_c.so
[1.996s] -- Set runtime path of "/home/ravi/pmb2_foxy_ws/install/controller_manager_msgs/lib/libcontroller_manager_msgs__rosidl_generator_c.so" to ""
[1.996s] -- Installing: /home/ravi/pmb2_foxy_ws/install/controller_manager_msgs/lib/libcontroller_manager_msgs__rosidl_typesupport_introspection_c.so
[1.996s] -- Set runtime path of "/home/ravi/pmb2_foxy_ws/install/controller_manager_msgs/lib/libcontroller_manager_msgs__rosidl_typesupport_introspection_c.so" to ""
[1.997s] -- Installing: /home/ravi/pmb2_foxy_ws/install/controller_manager_msgs/lib/libcontroller_manager_msgs__rosidl_typesupport_c.so
[1.997s] -- Set runtime path of "/home/ravi/pmb2_foxy_ws/install/controller_manager_msgs/lib/libcontroller_manager_msgs__rosidl_typesupport_c.so" to ""
[1.997s] -- Installing: /home/ravi/pmb2_foxy_ws/install/controller_manager_msgs/lib/libcontroller_manager_msgs__rosidl_typesupport_introspection_cpp.so
[1.997s] -- Set runtime path of "/home/ravi/pmb2_foxy_ws/install/controller_manager_msgs/lib/libcontroller_manager_msgs__rosidl_typesupport_introspection_cpp.so" to ""
[1.997s] -- Installing: /home/ravi/pmb2_foxy_ws/install/controller_manager_msgs/lib/libcontroller_manager_msgs__rosidl_typesupport_cpp.so
[1.997s] -- Set runtime path of "/home/ravi/pmb2_foxy_ws/install/controller_manager_msgs/lib/libcontroller_manager_msgs__rosidl_typesupport_cpp.so" to ""
[2.017s] Compiling '/home/ravi/pmb2_foxy_ws/install/controller_manager_msgs/lib/python3.8/site-packages/controller_manager_msgs/__init__.py'...
[2.020s] -- Installing: /home/ravi/pmb2_foxy_ws/install/controller_manager_msgs/share/controller_manager_msgs/cmake/controller_manager_msgs__rosidl_generator_cExport.cmake
[2.020s] -- Installing: /home/ravi/pmb2_foxy_ws/install/controller_manager_msgs/share/controller_manager_msgs/cmake/controller_manager_msgs__rosidl_generator_cExport-noconfig.cmake
[2.020s] -- Installing: /home/ravi/pmb2_foxy_ws/install/controller_manager_msgs/share/controller_manager_msgs/cmake/controller_manager_msgs__rosidl_typesupport_introspection_cExport.cmake
[2.020s] -- Installing: /home/ravi/pmb2_foxy_ws/install/controller_manager_msgs/share/controller_manager_msgs/cmake/controller_manager_msgs__rosidl_typesupport_introspection_cExport-noconfig.cmake
[2.020s] -- Installing: /home/ravi/pmb2_foxy_ws/install/controller_manager_msgs/share/controller_manager_msgs/cmake/controller_manager_msgs__rosidl_typesupport_cExport.cmake
[2.020s] -- Installing: /home/ravi/pmb2_foxy_ws/install/controller_manager_msgs/share/controller_manager_msgs/cmake/controller_manager_msgs__rosidl_typesupport_cExport-noconfig.cmake
[2.020s] -- Installing: /home/ravi/pmb2_foxy_ws/install/controller_manager_msgs/share/controller_manager_msgs/cmake/controller_manager_msgs__rosidl_generator_cppExport.cmake
[2.020s] -- Installing: /home/ravi/pmb2_foxy_ws/install/controller_manager_msgs/share/controller_manager_msgs/cmake/controller_manager_msgs__rosidl_typesupport_introspection_cppExport.cmake
[2.020s] -- Installing: /home/ravi/pmb2_foxy_ws/install/controller_manager_msgs/share/controller_manager_msgs/cmake/controller_manager_msgs__rosidl_typesupport_introspection_cppExport-noconfig.cmake
[2.020s] -- Installing: /home/ravi/pmb2_foxy_ws/install/controller_manager_msgs/share/controller_manager_msgs/cmake/controller_manager_msgs__rosidl_typesupport_cppExport.cmake
[2.020s] -- Installing: /home/ravi/pmb2_foxy_ws/install/controller_manager_msgs/share/controller_manager_msgs/cmake/controller_manager_msgs__rosidl_typesupport_cppExport-noconfig.cmake
