[0.808s] Invoking command in '/home/ravi/pmb2_foxy_ws/build/mouse_teleop': PYTHONPATH=/home/ravi/pmb2_foxy_ws/install/mouse_teleop/lib/python3.8/site-packages:${PYTHONPATH} /usr/bin/python3 setup.py develop --prefix /home/ravi/pmb2_foxy_ws/install/mouse_teleop --editable --build-directory /home/ravi/pmb2_foxy_ws/build/mouse_teleop/build --no-deps install_data --install-dir /home/ravi/pmb2_foxy_ws/install/mouse_teleop
[0.987s] running develop
[1.089s] running egg_info
[1.089s] creating mouse_teleop.egg-info
[1.089s] writing mouse_teleop.egg-info/PKG-INFO
[1.089s] writing dependency_links to mouse_teleop.egg-info/dependency_links.txt
[1.089s] writing entry points to mouse_teleop.egg-info/entry_points.txt
[1.089s] writing requirements to mouse_teleop.egg-info/requires.txt
[1.089s] writing top-level names to mouse_teleop.egg-info/top_level.txt
[1.091s] writing manifest file 'mouse_teleop.egg-info/SOURCES.txt'
[1.128s] reading manifest file 'mouse_teleop.egg-info/SOURCES.txt'
[1.128s] writing manifest file 'mouse_teleop.egg-info/SOURCES.txt'
[1.166s] running build_ext
[1.166s] Creating /home/ravi/pmb2_foxy_ws/install/mouse_teleop/lib/python3.8/site-packages/site.py
[1.168s] Creating /home/ravi/pmb2_foxy_ws/install/mouse_teleop/lib/python3.8/site-packages/mouse-teleop.egg-link (link to .)
[1.169s] Installing mouse_teleop script to /home/ravi/pmb2_foxy_ws/install/mouse_teleop/lib/mouse_teleop
[1.169s] 
[1.169s] Installed /home/ravi/pmb2_foxy_ws/build/mouse_teleop
[1.169s] running install_data
[1.170s] copying package.xml -> /home/ravi/pmb2_foxy_ws/install/mouse_teleop/share/mouse_teleop
[1.170s] creating /home/ravi/pmb2_foxy_ws/install/mouse_teleop/share/mouse_teleop/config
[1.170s] copying config/mouse_teleop.yaml -> /home/ravi/pmb2_foxy_ws/install/mouse_teleop/share/mouse_teleop/config
[1.170s] creating /home/ravi/pmb2_foxy_ws/install/mouse_teleop/share/mouse_teleop/launch
[1.170s] copying launch/mouse_teleop.launch.py -> /home/ravi/pmb2_foxy_ws/install/mouse_teleop/share/mouse_teleop/launch
[1.170s] creating /home/ravi/pmb2_foxy_ws/install/mouse_teleop/share/ament_index
[1.170s] creating /home/ravi/pmb2_foxy_ws/install/mouse_teleop/share/ament_index/resource_index
[1.170s] creating /home/ravi/pmb2_foxy_ws/install/mouse_teleop/share/ament_index/resource_index/packages
[1.170s] copying resource/mouse_teleop -> /home/ravi/pmb2_foxy_ws/install/mouse_teleop/share/ament_index/resource_index/packages
[1.197s] Invoked command in '/home/ravi/pmb2_foxy_ws/build/mouse_teleop' returned '0': PYTHONPATH=/home/ravi/pmb2_foxy_ws/install/mouse_teleop/lib/python3.8/site-packages:${PYTHONPATH} /usr/bin/python3 setup.py develop --prefix /home/ravi/pmb2_foxy_ws/install/mouse_teleop --editable --build-directory /home/ravi/pmb2_foxy_ws/build/mouse_teleop/build --no-deps install_data --install-dir /home/ravi/pmb2_foxy_ws/install/mouse_teleop
