[0.141s] Invoking command in '/home/ravi/pmb2_foxy_ws/build/pal_gazebo_worlds': CMAKE_PREFIX_PATH=${CMAKE_PREFIX_PATH}:/home/ravi/pmb2_foxy_ws/install/launch_pal:/opt/ros/foxy /usr/bin/cmake /home/ravi/pmb2_foxy_ws/src/pal_gazebo_worlds -DAMENT_CMAKE_SYMLINK_INSTALL=1 -DCMAKE_INSTALL_PREFIX=/home/ravi/pmb2_foxy_ws/install/pal_gazebo_worlds
[0.175s] -- The C compiler identification is GNU 9.4.0
[0.219s] -- The CXX compiler identification is GNU 9.4.0
[0.225s] -- Check for working C compiler: /usr/bin/cc
[0.269s] -- Check for working C compiler: /usr/bin/cc -- works
[0.270s] -- Detecting C compiler ABI info
[0.315s] -- Detecting C compiler ABI info - done
[0.323s] -- Detecting C compile features
[0.323s] -- Detecting C compile features - done
[0.324s] -- Check for working CXX compiler: /usr/bin/c++
[0.377s] -- Check for working CXX compiler: /usr/bin/c++ -- works
[0.377s] -- Detecting CXX compiler ABI info
[0.429s] -- Detecting CXX compiler ABI info - done
[0.437s] -- Detecting CXX compile features
[0.437s] -- Detecting CXX compile features - done
[0.438s] -- Found ament_cmake_auto: 0.9.9 (/opt/ros/foxy/share/ament_cmake_auto/cmake)
[0.459s] -- Found PythonInterp: /usr/bin/python3 (found suitable version "3.8.10", minimum required is "3") 
[0.459s] -- Using PYTHON_EXECUTABLE: /usr/bin/python3
[0.554s] -- Override CMake install command with custom implementation using symlinks instead of copying resources
[0.612s] -- Configuring done
[0.613s] -- Generating done
[0.614s] -- Build files have been written to: /home/ravi/pmb2_foxy_ws/build/pal_gazebo_worlds
[0.616s] Invoked command in '/home/ravi/pmb2_foxy_ws/build/pal_gazebo_worlds' returned '0': CMAKE_PREFIX_PATH=${CMAKE_PREFIX_PATH}:/home/ravi/pmb2_foxy_ws/install/launch_pal:/opt/ros/foxy /usr/bin/cmake /home/ravi/pmb2_foxy_ws/src/pal_gazebo_worlds -DAMENT_CMAKE_SYMLINK_INSTALL=1 -DCMAKE_INSTALL_PREFIX=/home/ravi/pmb2_foxy_ws/install/pal_gazebo_worlds
[0.618s] Invoking command in '/home/ravi/pmb2_foxy_ws/build/pal_gazebo_worlds': CMAKE_PREFIX_PATH=${CMAKE_PREFIX_PATH}:/home/ravi/pmb2_foxy_ws/install/launch_pal:/opt/ros/foxy /usr/bin/cmake --build /home/ravi/pmb2_foxy_ws/build/pal_gazebo_worlds -- -j8 -l8
[0.641s] Invoked command in '/home/ravi/pmb2_foxy_ws/build/pal_gazebo_worlds' returned '0': CMAKE_PREFIX_PATH=${CMAKE_PREFIX_PATH}:/home/ravi/pmb2_foxy_ws/install/launch_pal:/opt/ros/foxy /usr/bin/cmake --build /home/ravi/pmb2_foxy_ws/build/pal_gazebo_worlds -- -j8 -l8
[0.656s] Invoking command in '/home/ravi/pmb2_foxy_ws/build/pal_gazebo_worlds': CMAKE_PREFIX_PATH=${CMAKE_PREFIX_PATH}:/home/ravi/pmb2_foxy_ws/install/launch_pal:/opt/ros/foxy /usr/bin/cmake --install /home/ravi/pmb2_foxy_ws/build/pal_gazebo_worlds
[0.662s] -- Install configuration: ""
[0.662s] -- Execute custom install script
[0.663s] -- Symlinking: /home/ravi/pmb2_foxy_ws/install/pal_gazebo_worlds/share/pal_gazebo_worlds/launch/pal_gazebo.launch.py
[0.669s] -- Symlinking: /home/ravi/pmb2_foxy_ws/install/pal_gazebo_worlds/share/pal_gazebo_worlds/launch/pal_play_gazebo.launch
[0.677s] -- Symlinking: /home/ravi/pmb2_foxy_ws/install/pal_gazebo_worlds/share/pal_gazebo_worlds/models/arm_chair/arm_chair.sdf
[0.683s] -- Symlinking: /home/ravi/pmb2_foxy_ws/install/pal_gazebo_worlds/share/pal_gazebo_worlds/models/arm_chair/meshes/arm_chair.stl
[0.689s] -- Symlinking: /home/ravi/pmb2_foxy_ws/install/pal_gazebo_worlds/share/pal_gazebo_worlds/models/arm_chair/model.config
[0.695s] -- Symlinking: /home/ravi/pmb2_foxy_ws/install/pal_gazebo_worlds/share/pal_gazebo_worlds/models/aruco_board/aruco_board.sdf
[0.700s] -- Symlinking: /home/ravi/pmb2_foxy_ws/install/pal_gazebo_worlds/share/pal_gazebo_worlds/models/aruco_board/material/scripts/aruco_board.material
[0.707s] -- Symlinking: /home/ravi/pmb2_foxy_ws/install/pal_gazebo_worlds/share/pal_gazebo_worlds/models/aruco_board/material/textures/aruco_board.png
[0.711s] -- Symlinking: /home/ravi/pmb2_foxy_ws/install/pal_gazebo_worlds/share/pal_gazebo_worlds/models/aruco_board/model.config
[0.721s] -- Symlinking: /home/ravi/pmb2_foxy_ws/install/pal_gazebo_worlds/share/pal_gazebo_worlds/models/aruco_cube/aruco_cube.sdf
[0.726s] -- Symlinking: /home/ravi/pmb2_foxy_ws/install/pal_gazebo_worlds/share/pal_gazebo_worlds/models/aruco_cube/meshes/aruco_cube_5cm.dae
[0.732s] -- Symlinking: /home/ravi/pmb2_foxy_ws/install/pal_gazebo_worlds/share/pal_gazebo_worlds/models/aruco_cube/meshes/aruco_cube_6cm.dae
[0.737s] -- Symlinking: /home/ravi/pmb2_foxy_ws/install/pal_gazebo_worlds/share/pal_gazebo_worlds/models/aruco_cube/meshes/aruco_cube_8cm.dae
[0.743s] -- Symlinking: /home/ravi/pmb2_foxy_ws/install/pal_gazebo_worlds/share/pal_gazebo_worlds/models/aruco_cube/meshes/marker582.png
[0.748s] -- Symlinking: /home/ravi/pmb2_foxy_ws/install/pal_gazebo_worlds/share/pal_gazebo_worlds/models/aruco_cube/meshes/marker582_small_margin.png
[0.753s] -- Symlinking: /home/ravi/pmb2_foxy_ws/install/pal_gazebo_worlds/share/pal_gazebo_worlds/models/aruco_cube/model.config
[0.758s] -- Symlinking: /home/ravi/pmb2_foxy_ws/install/pal_gazebo_worlds/share/pal_gazebo_worlds/models/aruco_marker_250_6x6_1/aruco_marker_250_6x6.sdf
[0.764s] -- Symlinking: /home/ravi/pmb2_foxy_ws/install/pal_gazebo_worlds/share/pal_gazebo_worlds/models/aruco_marker_250_6x6_1/material/scripts/aruco_marker_250_6x6.material
[0.769s] -- Symlinking: /home/ravi/pmb2_foxy_ws/install/pal_gazebo_worlds/share/pal_gazebo_worlds/models/aruco_marker_250_6x6_1/material/textures/Aruco_6x6_250_0.png
[0.775s] -- Symlinking: /home/ravi/pmb2_foxy_ws/install/pal_gazebo_worlds/share/pal_gazebo_worlds/models/aruco_marker_250_6x6_1/model.config
[0.781s] -- Symlinking: /home/ravi/pmb2_foxy_ws/install/pal_gazebo_worlds/share/pal_gazebo_worlds/models/aruco_marker_250_6x6_2/aruco_marker_250_6x6.sdf
[0.789s] -- Symlinking: /home/ravi/pmb2_foxy_ws/install/pal_gazebo_worlds/share/pal_gazebo_worlds/models/aruco_marker_250_6x6_2/material/scripts/aruco_marker_250_6x6.material
[0.792s] -- Symlinking: /home/ravi/pmb2_foxy_ws/install/pal_gazebo_worlds/share/pal_gazebo_worlds/models/aruco_marker_250_6x6_2/material/textures/Aruco_6x6_250_1.png
[0.798s] -- Symlinking: /home/ravi/pmb2_foxy_ws/install/pal_gazebo_worlds/share/pal_gazebo_worlds/models/aruco_marker_250_6x6_2/model.config
[0.803s] -- Symlinking: /home/ravi/pmb2_foxy_ws/install/pal_gazebo_worlds/share/pal_gazebo_worlds/models/aruco_marker_250_6x6_3/aruco_marker_250_6x6.sdf
[0.809s] -- Symlinking: /home/ravi/pmb2_foxy_ws/install/pal_gazebo_worlds/share/pal_gazebo_worlds/models/aruco_marker_250_6x6_3/material/scripts/aruco_marker_250_6x6.material
[0.814s] -- Symlinking: /home/ravi/pmb2_foxy_ws/install/pal_gazebo_worlds/share/pal_gazebo_worlds/models/aruco_marker_250_6x6_3/material/textures/Aruco_6x6_250_2.png
[0.820s] -- Symlinking: /home/ravi/pmb2_foxy_ws/install/pal_gazebo_worlds/share/pal_gazebo_worlds/models/aruco_marker_250_6x6_3/model.config
[0.825s] -- Symlinking: /home/ravi/pmb2_foxy_ws/install/pal_gazebo_worlds/share/pal_gazebo_worlds/models/aruco_marker_250_6x6_4/aruco_marker_250_6x6.sdf
[0.832s] -- Symlinking: /home/ravi/pmb2_foxy_ws/install/pal_gazebo_worlds/share/pal_gazebo_worlds/models/aruco_marker_250_6x6_4/material/scripts/aruco_marker_250_6x6.material
[0.836s] -- Symlinking: /home/ravi/pmb2_foxy_ws/install/pal_gazebo_worlds/share/pal_gazebo_worlds/models/aruco_marker_250_6x6_4/material/textures/Aruco_6x6_250_3.png
[0.842s] -- Symlinking: /home/ravi/pmb2_foxy_ws/install/pal_gazebo_worlds/share/pal_gazebo_worlds/models/aruco_marker_250_6x6_4/model.config
[0.847s] -- Symlinking: /home/ravi/pmb2_foxy_ws/install/pal_gazebo_worlds/share/pal_gazebo_worlds/models/aruco_marker_6cm_238/aruco_marker_6cm.sdf
[0.852s] -- Symlinking: /home/ravi/pmb2_foxy_ws/install/pal_gazebo_worlds/share/pal_gazebo_worlds/models/aruco_marker_6cm_238/material/scripts/aruco_marker_original.material
[0.858s] -- Symlinking: /home/ravi/pmb2_foxy_ws/install/pal_gazebo_worlds/share/pal_gazebo_worlds/models/aruco_marker_6cm_238/material/textures/Aruco_6cm_238.png
[0.864s] -- Symlinking: /home/ravi/pmb2_foxy_ws/install/pal_gazebo_worlds/share/pal_gazebo_worlds/models/aruco_marker_6cm_238/model.config
[0.869s] -- Symlinking: /home/ravi/pmb2_foxy_ws/install/pal_gazebo_worlds/share/pal_gazebo_worlds/models/aruco_marker_6cm_26/aruco_marker_6cm.sdf
[0.874s] -- Symlinking: /home/ravi/pmb2_foxy_ws/install/pal_gazebo_worlds/share/pal_gazebo_worlds/models/aruco_marker_6cm_26/material/scripts/aruco_marker_original.material
[0.879s] -- Symlinking: /home/ravi/pmb2_foxy_ws/install/pal_gazebo_worlds/share/pal_gazebo_worlds/models/aruco_marker_6cm_26/material/textures/Aruco_6cm_26.png
[0.886s] -- Symlinking: /home/ravi/pmb2_foxy_ws/install/pal_gazebo_worlds/share/pal_gazebo_worlds/models/aruco_marker_6cm_26/model.config
[0.892s] -- Symlinking: /home/ravi/pmb2_foxy_ws/install/pal_gazebo_worlds/share/pal_gazebo_worlds/models/aruco_marker_6cm_582/aruco_marker_6cm.sdf
[0.896s] -- Symlinking: /home/ravi/pmb2_foxy_ws/install/pal_gazebo_worlds/share/pal_gazebo_worlds/models/aruco_marker_6cm_582/material/scripts/aruco_marker_original.material
[0.902s] -- Symlinking: /home/ravi/pmb2_foxy_ws/install/pal_gazebo_worlds/share/pal_gazebo_worlds/models/aruco_marker_6cm_582/material/textures/Aruco_6cm_582.png
[0.907s] -- Symlinking: /home/ravi/pmb2_foxy_ws/install/pal_gazebo_worlds/share/pal_gazebo_worlds/models/aruco_marker_6cm_582/model.config
[0.913s] -- Symlinking: /home/ravi/pmb2_foxy_ws/install/pal_gazebo_worlds/share/pal_gazebo_worlds/models/aruco_marker_6cm_63/aruco_marker_6cm.sdf
[0.918s] -- Symlinking: /home/ravi/pmb2_foxy_ws/install/pal_gazebo_worlds/share/pal_gazebo_worlds/models/aruco_marker_6cm_63/material/scripts/aruco_marker_original.material
[0.924s] -- Symlinking: /home/ravi/pmb2_foxy_ws/install/pal_gazebo_worlds/share/pal_gazebo_worlds/models/aruco_marker_6cm_63/material/textures/Aruco_6cm_63.png
[0.930s] -- Symlinking: /home/ravi/pmb2_foxy_ws/install/pal_gazebo_worlds/share/pal_gazebo_worlds/models/aruco_marker_6cm_63/model.config
[0.935s] -- Symlinking: /home/ravi/pmb2_foxy_ws/install/pal_gazebo_worlds/share/pal_gazebo_worlds/models/aruco_marker_9cm_238/aruco_marker_9cm.sdf
[0.940s] -- Symlinking: /home/ravi/pmb2_foxy_ws/install/pal_gazebo_worlds/share/pal_gazebo_worlds/models/aruco_marker_9cm_238/material/scripts/aruco_marker_original.material
[0.946s] -- Symlinking: /home/ravi/pmb2_foxy_ws/install/pal_gazebo_worlds/share/pal_gazebo_worlds/models/aruco_marker_9cm_238/material/textures/Aruco_9cm_238.png
[0.953s] -- Symlinking: /home/ravi/pmb2_foxy_ws/install/pal_gazebo_worlds/share/pal_gazebo_worlds/models/aruco_marker_9cm_238/model.config
[0.957s] -- Symlinking: /home/ravi/pmb2_foxy_ws/install/pal_gazebo_worlds/share/pal_gazebo_worlds/models/aruco_marker_9cm_26/aruco_marker_9cm.sdf
[0.963s] -- Symlinking: /home/ravi/pmb2_foxy_ws/install/pal_gazebo_worlds/share/pal_gazebo_worlds/models/aruco_marker_9cm_26/material/scripts/aruco_marker_original.material
[0.968s] -- Symlinking: /home/ravi/pmb2_foxy_ws/install/pal_gazebo_worlds/share/pal_gazebo_worlds/models/aruco_marker_9cm_26/material/textures/Aruco_9cm_26.png
[0.974s] -- Symlinking: /home/ravi/pmb2_foxy_ws/install/pal_gazebo_worlds/share/pal_gazebo_worlds/models/aruco_marker_9cm_26/model.config
[0.979s] -- Symlinking: /home/ravi/pmb2_foxy_ws/install/pal_gazebo_worlds/share/pal_gazebo_worlds/models/aruco_marker_9cm_582/aruco_marker_9cm.sdf
[0.984s] -- Symlinking: /home/ravi/pmb2_foxy_ws/install/pal_gazebo_worlds/share/pal_gazebo_worlds/models/aruco_marker_9cm_582/material/scripts/aruco_marker_original.material
[0.989s] -- Symlinking: /home/ravi/pmb2_foxy_ws/install/pal_gazebo_worlds/share/pal_gazebo_worlds/models/aruco_marker_9cm_582/material/textures/Aruco_9cm_582.png
[0.995s] -- Symlinking: /home/ravi/pmb2_foxy_ws/install/pal_gazebo_worlds/share/pal_gazebo_worlds/models/aruco_marker_9cm_582/model.config
[1.001s] -- Symlinking: /home/ravi/pmb2_foxy_ws/install/pal_gazebo_worlds/share/pal_gazebo_worlds/models/aruco_marker_9cm_63/aruco_marker_9cm.sdf
[1.006s] -- Symlinking: /home/ravi/pmb2_foxy_ws/install/pal_gazebo_worlds/share/pal_gazebo_worlds/models/aruco_marker_9cm_63/material/scripts/aruco_marker_original.material
[1.011s] -- Symlinking: /home/ravi/pmb2_foxy_ws/install/pal_gazebo_worlds/share/pal_gazebo_worlds/models/aruco_marker_9cm_63/material/textures/Aruco_9cm_63.png
[1.017s] -- Symlinking: /home/ravi/pmb2_foxy_ws/install/pal_gazebo_worlds/share/pal_gazebo_worlds/models/aruco_marker_9cm_63/model.config
[1.022s] -- Symlinking: /home/ravi/pmb2_foxy_ws/install/pal_gazebo_worlds/share/pal_gazebo_worlds/models/aruco_marker_original_238/aruco_marker_original.sdf
[1.027s] -- Symlinking: /home/ravi/pmb2_foxy_ws/install/pal_gazebo_worlds/share/pal_gazebo_worlds/models/aruco_marker_original_238/material/scripts/aruco_marker_original.material
[1.032s] -- Symlinking: /home/ravi/pmb2_foxy_ws/install/pal_gazebo_worlds/share/pal_gazebo_worlds/models/aruco_marker_original_238/material/textures/Aruco_original_238.png
[1.037s] -- Symlinking: /home/ravi/pmb2_foxy_ws/install/pal_gazebo_worlds/share/pal_gazebo_worlds/models/aruco_marker_original_238/model.config
[1.042s] -- Symlinking: /home/ravi/pmb2_foxy_ws/install/pal_gazebo_worlds/share/pal_gazebo_worlds/models/aruco_marker_original_26/aruco_marker_original.sdf
[1.047s] -- Symlinking: /home/ravi/pmb2_foxy_ws/install/pal_gazebo_worlds/share/pal_gazebo_worlds/models/aruco_marker_original_26/material/scripts/aruco_marker_original.material
[1.052s] -- Symlinking: /home/ravi/pmb2_foxy_ws/install/pal_gazebo_worlds/share/pal_gazebo_worlds/models/aruco_marker_original_26/material/textures/Aruco_original_26.png
[1.057s] -- Symlinking: /home/ravi/pmb2_foxy_ws/install/pal_gazebo_worlds/share/pal_gazebo_worlds/models/aruco_marker_original_26/model.config
[1.061s] -- Symlinking: /home/ravi/pmb2_foxy_ws/install/pal_gazebo_worlds/share/pal_gazebo_worlds/models/aruco_marker_original_582/aruco_marker_original.sdf
[1.066s] -- Symlinking: /home/ravi/pmb2_foxy_ws/install/pal_gazebo_worlds/share/pal_gazebo_worlds/models/aruco_marker_original_582/material/scripts/aruco_marker_original.material
[1.071s] -- Symlinking: /home/ravi/pmb2_foxy_ws/install/pal_gazebo_worlds/share/pal_gazebo_worlds/models/aruco_marker_original_582/material/textures/Aruco_original_582.png
[1.076s] -- Symlinking: /home/ravi/pmb2_foxy_ws/install/pal_gazebo_worlds/share/pal_gazebo_worlds/models/aruco_marker_original_582/model.config
[1.081s] -- Symlinking: /home/ravi/pmb2_foxy_ws/install/pal_gazebo_worlds/share/pal_gazebo_worlds/models/aruco_marker_original_63/aruco_marker_original.sdf
[1.086s] -- Symlinking: /home/ravi/pmb2_foxy_ws/install/pal_gazebo_worlds/share/pal_gazebo_worlds/models/aruco_marker_original_63/material/scripts/aruco_marker_original.material
[1.091s] -- Symlinking: /home/ravi/pmb2_foxy_ws/install/pal_gazebo_worlds/share/pal_gazebo_worlds/models/aruco_marker_original_63/material/textures/Aruco_original_63.png
[1.096s] -- Symlinking: /home/ravi/pmb2_foxy_ws/install/pal_gazebo_worlds/share/pal_gazebo_worlds/models/aruco_marker_original_63/model.config
[1.100s] -- Symlinking: /home/ravi/pmb2_foxy_ws/install/pal_gazebo_worlds/share/pal_gazebo_worlds/models/bauman/README
[1.105s] -- Symlinking: /home/ravi/pmb2_foxy_ws/install/pal_gazebo_worlds/share/pal_gazebo_worlds/models/bauman/bauman_walls.png
[1.110s] -- Symlinking: /home/ravi/pmb2_foxy_ws/install/pal_gazebo_worlds/share/pal_gazebo_worlds/models/bauman/model.config
[1.116s] -- Symlinking: /home/ravi/pmb2_foxy_ws/install/pal_gazebo_worlds/share/pal_gazebo_worlds/models/bauman/model.sdf
[1.121s] -- Symlinking: /home/ravi/pmb2_foxy_ws/install/pal_gazebo_worlds/share/pal_gazebo_worlds/models/bench/bench.sdf
[1.126s] -- Symlinking: /home/ravi/pmb2_foxy_ws/install/pal_gazebo_worlds/share/pal_gazebo_worlds/models/bench/meshes/bench.stl
[1.131s] -- Symlinking: /home/ravi/pmb2_foxy_ws/install/pal_gazebo_worlds/share/pal_gazebo_worlds/models/bench/model.config
[1.135s] -- Symlinking: /home/ravi/pmb2_foxy_ws/install/pal_gazebo_worlds/share/pal_gazebo_worlds/models/bifrutas_tropical_can/bifrutas_tropical_can.sdf
[1.140s] -- Symlinking: /home/ravi/pmb2_foxy_ws/install/pal_gazebo_worlds/share/pal_gazebo_worlds/models/bifrutas_tropical_can/material/scripts/bifrutas_tropical_can.material
[1.145s] -- Symlinking: /home/ravi/pmb2_foxy_ws/install/pal_gazebo_worlds/share/pal_gazebo_worlds/models/bifrutas_tropical_can/material/textures/bifrutas_tropical_can.jpg
[1.150s] -- Symlinking: /home/ravi/pmb2_foxy_ws/install/pal_gazebo_worlds/share/pal_gazebo_worlds/models/bifrutas_tropical_can/model.config
[1.155s] -- Symlinking: /home/ravi/pmb2_foxy_ws/install/pal_gazebo_worlds/share/pal_gazebo_worlds/models/biscuits_pack/biscuits_pack.sdf
[1.159s] -- Symlinking: /home/ravi/pmb2_foxy_ws/install/pal_gazebo_worlds/share/pal_gazebo_worlds/models/biscuits_pack/material/scripts/pringles.material
[1.164s] -- Symlinking: /home/ravi/pmb2_foxy_ws/install/pal_gazebo_worlds/share/pal_gazebo_worlds/models/biscuits_pack/material/textures/biscuits_pack.jpg
[1.169s] -- Symlinking: /home/ravi/pmb2_foxy_ws/install/pal_gazebo_worlds/share/pal_gazebo_worlds/models/biscuits_pack/model.config
[1.174s] -- Symlinking: /home/ravi/pmb2_foxy_ws/install/pal_gazebo_worlds/share/pal_gazebo_worlds/models/box_with_handles/box_with_handles.sdf
[1.179s] -- Symlinking: /home/ravi/pmb2_foxy_ws/install/pal_gazebo_worlds/share/pal_gazebo_worlds/models/box_with_handles/material/scripts/aruco_marker_original.material
[1.183s] -- Symlinking: /home/ravi/pmb2_foxy_ws/install/pal_gazebo_worlds/share/pal_gazebo_worlds/models/box_with_handles/material/textures/Aruco_original_582.png
[1.188s] -- Symlinking: /home/ravi/pmb2_foxy_ws/install/pal_gazebo_worlds/share/pal_gazebo_worlds/models/box_with_handles/model.config
[1.193s] -- Symlinking: /home/ravi/pmb2_foxy_ws/install/pal_gazebo_worlds/share/pal_gazebo_worlds/models/brick_box_3x1x3/materials/scripts/brick_box.material
[1.198s] -- Symlinking: /home/ravi/pmb2_foxy_ws/install/pal_gazebo_worlds/share/pal_gazebo_worlds/models/brick_box_3x1x3/materials/textures/simple_box.png
[1.203s] -- Symlinking: /home/ravi/pmb2_foxy_ws/install/pal_gazebo_worlds/share/pal_gazebo_worlds/models/brick_box_3x1x3/meshes/simple_box.dae
[1.207s] -- Symlinking: /home/ravi/pmb2_foxy_ws/install/pal_gazebo_worlds/share/pal_gazebo_worlds/models/brick_box_3x1x3/model-1_3.sdf
[1.212s] -- Symlinking: /home/ravi/pmb2_foxy_ws/install/pal_gazebo_worlds/share/pal_gazebo_worlds/models/brick_box_3x1x3/model-1_4.sdf
[1.217s] -- Symlinking: /home/ravi/pmb2_foxy_ws/install/pal_gazebo_worlds/share/pal_gazebo_worlds/models/brick_box_3x1x3/model.config
[1.222s] -- Symlinking: /home/ravi/pmb2_foxy_ws/install/pal_gazebo_worlds/share/pal_gazebo_worlds/models/brick_box_3x1x3/model.sdf
[1.227s] -- Symlinking: /home/ravi/pmb2_foxy_ws/install/pal_gazebo_worlds/share/pal_gazebo_worlds/models/citizen_extras_female_02/images/_01_-_Default1noCulling.JPG
[1.232s] -- Symlinking: /home/ravi/pmb2_foxy_ws/install/pal_gazebo_worlds/share/pal_gazebo_worlds/models/citizen_extras_female_02/images/_02_-_Default1noCulling.JPG
[1.237s] -- Symlinking: /home/ravi/pmb2_foxy_ws/install/pal_gazebo_worlds/share/pal_gazebo_worlds/models/citizen_extras_female_02/images/_03_-_Default1noCulling.JPG
[1.242s] -- Symlinking: /home/ravi/pmb2_foxy_ws/install/pal_gazebo_worlds/share/pal_gazebo_worlds/models/citizen_extras_female_02/meshes/mesh.dae
[1.247s] -- Symlinking: /home/ravi/pmb2_foxy_ws/install/pal_gazebo_worlds/share/pal_gazebo_worlds/models/citizen_extras_female_02/model.config
[1.252s] -- Symlinking: /home/ravi/pmb2_foxy_ws/install/pal_gazebo_worlds/share/pal_gazebo_worlds/models/citizen_extras_female_02/model.sdf
[1.256s] -- Symlinking: /home/ravi/pmb2_foxy_ws/install/pal_gazebo_worlds/share/pal_gazebo_worlds/models/citizen_extras_female_03/images/Material__1noCulling.JPG
[1.261s] -- Symlinking: /home/ravi/pmb2_foxy_ws/install/pal_gazebo_worlds/share/pal_gazebo_worlds/models/citizen_extras_female_03/images/Material__2noCulling.JPG
[1.266s] -- Symlinking: /home/ravi/pmb2_foxy_ws/install/pal_gazebo_worlds/share/pal_gazebo_worlds/models/citizen_extras_female_03/images/_03_-_Default1noCulling.JPG
[1.271s] -- Symlinking: /home/ravi/pmb2_foxy_ws/install/pal_gazebo_worlds/share/pal_gazebo_worlds/models/citizen_extras_female_03/meshes/mesh.dae
[1.275s] -- Symlinking: /home/ravi/pmb2_foxy_ws/install/pal_gazebo_worlds/share/pal_gazebo_worlds/models/citizen_extras_female_03/model.config
[1.280s] -- Symlinking: /home/ravi/pmb2_foxy_ws/install/pal_gazebo_worlds/share/pal_gazebo_worlds/models/citizen_extras_female_03/model.sdf
[1.285s] -- Symlinking: /home/ravi/pmb2_foxy_ws/install/pal_gazebo_worlds/share/pal_gazebo_worlds/models/citizen_extras_male_03/images/Material__1noCulling.JPG
[1.289s] -- Symlinking: /home/ravi/pmb2_foxy_ws/install/pal_gazebo_worlds/share/pal_gazebo_worlds/models/citizen_extras_male_03/images/hair1noCulling.JPG
[1.294s] -- Symlinking: /home/ravi/pmb2_foxy_ws/install/pal_gazebo_worlds/share/pal_gazebo_worlds/models/citizen_extras_male_03/images/hrad1noCulling.JPG
[1.299s] -- Symlinking: /home/ravi/pmb2_foxy_ws/install/pal_gazebo_worlds/share/pal_gazebo_worlds/models/citizen_extras_male_03/meshes/mesh.dae
[1.303s] -- Symlinking: /home/ravi/pmb2_foxy_ws/install/pal_gazebo_worlds/share/pal_gazebo_worlds/models/citizen_extras_male_03/model.config
[1.308s] -- Symlinking: /home/ravi/pmb2_foxy_ws/install/pal_gazebo_worlds/share/pal_gazebo_worlds/models/citizen_extras_male_03/model.sdf
[1.314s] -- Symlinking: /home/ravi/pmb2_foxy_ws/install/pal_gazebo_worlds/share/pal_gazebo_worlds/models/closet/closet.sdf
[1.318s] -- Symlinking: /home/ravi/pmb2_foxy_ws/install/pal_gazebo_worlds/share/pal_gazebo_worlds/models/closet/meshes/closet.stl
[1.323s] -- Symlinking: /home/ravi/pmb2_foxy_ws/install/pal_gazebo_worlds/share/pal_gazebo_worlds/models/closet/model.config
[1.328s] -- Symlinking: /home/ravi/pmb2_foxy_ws/install/pal_gazebo_worlds/share/pal_gazebo_worlds/models/cocacola/cocacola.sdf
[1.333s] -- Symlinking: /home/ravi/pmb2_foxy_ws/install/pal_gazebo_worlds/share/pal_gazebo_worlds/models/cocacola/material/scripts/cocacola.material
[1.338s] -- Symlinking: /home/ravi/pmb2_foxy_ws/install/pal_gazebo_worlds/share/pal_gazebo_worlds/models/cocacola/material/textures/cocacola.jpg
[1.343s] -- Symlinking: /home/ravi/pmb2_foxy_ws/install/pal_gazebo_worlds/share/pal_gazebo_worlds/models/cocacola/model.config
[1.347s] -- Symlinking: /home/ravi/pmb2_foxy_ws/install/pal_gazebo_worlds/share/pal_gazebo_worlds/models/coke_can_slim/coke_can_slim.sdf
[1.353s] -- Symlinking: /home/ravi/pmb2_foxy_ws/install/pal_gazebo_worlds/share/pal_gazebo_worlds/models/coke_can_slim/material/scripts/coke_can_slim.material
[1.357s] -- Symlinking: /home/ravi/pmb2_foxy_ws/install/pal_gazebo_worlds/share/pal_gazebo_worlds/models/coke_can_slim/material/textures/coke_can_slim.jpg
[1.362s] -- Symlinking: /home/ravi/pmb2_foxy_ws/install/pal_gazebo_worlds/share/pal_gazebo_worlds/models/coke_can_slim/model.config
[1.367s] -- Symlinking: /home/ravi/pmb2_foxy_ws/install/pal_gazebo_worlds/share/pal_gazebo_worlds/models/database.config
[1.372s] -- Symlinking: /home/ravi/pmb2_foxy_ws/install/pal_gazebo_worlds/share/pal_gazebo_worlds/models/dining_chair/dining_chair.sdf
[1.376s] -- Symlinking: /home/ravi/pmb2_foxy_ws/install/pal_gazebo_worlds/share/pal_gazebo_worlds/models/dining_chair/meshes/dining_chair.stl
[1.381s] -- Symlinking: /home/ravi/pmb2_foxy_ws/install/pal_gazebo_worlds/share/pal_gazebo_worlds/models/dining_chair/model.config
[1.386s] -- Symlinking: /home/ravi/pmb2_foxy_ws/install/pal_gazebo_worlds/share/pal_gazebo_worlds/models/dock1/dock1.sdf
[1.391s] -- Symlinking: /home/ravi/pmb2_foxy_ws/install/pal_gazebo_worlds/share/pal_gazebo_worlds/models/dock1/meshes/dock1.dae
[1.396s] -- Symlinking: /home/ravi/pmb2_foxy_ws/install/pal_gazebo_worlds/share/pal_gazebo_worlds/models/dock1/model.config
[1.401s] -- Symlinking: /home/ravi/pmb2_foxy_ws/install/pal_gazebo_worlds/share/pal_gazebo_worlds/models/door_obstacle/door_obstacle.sdf
[1.406s] -- Symlinking: /home/ravi/pmb2_foxy_ws/install/pal_gazebo_worlds/share/pal_gazebo_worlds/models/door_obstacle/model.config
[1.411s] -- Symlinking: /home/ravi/pmb2_foxy_ws/install/pal_gazebo_worlds/share/pal_gazebo_worlds/models/floor_lamp/floor_lamp.sdf
[1.416s] -- Symlinking: /home/ravi/pmb2_foxy_ws/install/pal_gazebo_worlds/share/pal_gazebo_worlds/models/floor_lamp/meshes/floor_lamp.stl
[1.421s] -- Symlinking: /home/ravi/pmb2_foxy_ws/install/pal_gazebo_worlds/share/pal_gazebo_worlds/models/floor_lamp/model.config
[1.426s] -- Symlinking: /home/ravi/pmb2_foxy_ws/install/pal_gazebo_worlds/share/pal_gazebo_worlds/models/goetz_sofa/goetz_sofa.sdf
[1.431s] -- Symlinking: /home/ravi/pmb2_foxy_ws/install/pal_gazebo_worlds/share/pal_gazebo_worlds/models/goetz_sofa/materials/textures/texture0.jpg
[1.436s] -- Symlinking: /home/ravi/pmb2_foxy_ws/install/pal_gazebo_worlds/share/pal_gazebo_worlds/models/goetz_sofa/meshes/goetz_sofa.dae
[1.441s] -- Symlinking: /home/ravi/pmb2_foxy_ws/install/pal_gazebo_worlds/share/pal_gazebo_worlds/models/goetz_sofa/model.config
[1.446s] -- Symlinking: /home/ravi/pmb2_foxy_ws/install/pal_gazebo_worlds/share/pal_gazebo_worlds/models/green_ball/materials/scripts/ball.material
[1.451s] -- Symlinking: /home/ravi/pmb2_foxy_ws/install/pal_gazebo_worlds/share/pal_gazebo_worlds/models/green_ball/model.config
[1.455s] -- Symlinking: /home/ravi/pmb2_foxy_ws/install/pal_gazebo_worlds/share/pal_gazebo_worlds/models/green_ball/model.sdf
[1.460s] -- Symlinking: /home/ravi/pmb2_foxy_ws/install/pal_gazebo_worlds/share/pal_gazebo_worlds/models/green_cube/green_cube.sdf
[1.465s] -- Symlinking: /home/ravi/pmb2_foxy_ws/install/pal_gazebo_worlds/share/pal_gazebo_worlds/models/green_cube/model.config
[1.470s] -- Symlinking: /home/ravi/pmb2_foxy_ws/install/pal_gazebo_worlds/share/pal_gazebo_worlds/models/green_rectangle/green_rectangle.sdf
[1.475s] -- Symlinking: /home/ravi/pmb2_foxy_ws/install/pal_gazebo_worlds/share/pal_gazebo_worlds/models/green_rectangle/model.config
[1.479s] -- Symlinking: /home/ravi/pmb2_foxy_ws/install/pal_gazebo_worlds/share/pal_gazebo_worlds/models/ground_plane/model-1_2.sdf
[1.484s] -- Symlinking: /home/ravi/pmb2_foxy_ws/install/pal_gazebo_worlds/share/pal_gazebo_worlds/models/ground_plane/model-1_3.sdf
[1.489s] -- Symlinking: /home/ravi/pmb2_foxy_ws/install/pal_gazebo_worlds/share/pal_gazebo_worlds/models/ground_plane/model-1_4.sdf
[1.494s] -- Symlinking: /home/ravi/pmb2_foxy_ws/install/pal_gazebo_worlds/share/pal_gazebo_worlds/models/ground_plane/model.config
[1.499s] -- Symlinking: /home/ravi/pmb2_foxy_ws/install/pal_gazebo_worlds/share/pal_gazebo_worlds/models/ground_plane/model.sdf
[1.504s] -- Symlinking: /home/ravi/pmb2_foxy_ws/install/pal_gazebo_worlds/share/pal_gazebo_worlds/models/hospital_flat_map/hospital_flat_map.sdf
[1.508s] -- Symlinking: /home/ravi/pmb2_foxy_ws/install/pal_gazebo_worlds/share/pal_gazebo_worlds/models/hospital_flat_map/meshes/hospital_flat_map.stl
[1.514s] -- Symlinking: /home/ravi/pmb2_foxy_ws/install/pal_gazebo_worlds/share/pal_gazebo_worlds/models/hospital_flat_map/model.config
[1.519s] -- Symlinking: /home/ravi/pmb2_foxy_ws/install/pal_gazebo_worlds/share/pal_gazebo_worlds/models/hospital_map/hospital_map.sdf
[1.524s] -- Symlinking: /home/ravi/pmb2_foxy_ws/install/pal_gazebo_worlds/share/pal_gazebo_worlds/models/hospital_map/meshes/g1.stl
[1.529s] -- Symlinking: /home/ravi/pmb2_foxy_ws/install/pal_gazebo_worlds/share/pal_gazebo_worlds/models/hospital_map/meshes/g2.stl
[1.534s] -- Symlinking: /home/ravi/pmb2_foxy_ws/install/pal_gazebo_worlds/share/pal_gazebo_worlds/models/hospital_map/meshes/g3.stl
[1.539s] -- Symlinking: /home/ravi/pmb2_foxy_ws/install/pal_gazebo_worlds/share/pal_gazebo_worlds/models/hospital_map/meshes/g4.stl
[1.544s] -- Symlinking: /home/ravi/pmb2_foxy_ws/install/pal_gazebo_worlds/share/pal_gazebo_worlds/models/hospital_map/meshes/g5.stl
[1.549s] -- Symlinking: /home/ravi/pmb2_foxy_ws/install/pal_gazebo_worlds/share/pal_gazebo_worlds/models/hospital_map/meshes/g6.stl
[1.554s] -- Symlinking: /home/ravi/pmb2_foxy_ws/install/pal_gazebo_worlds/share/pal_gazebo_worlds/models/hospital_map/meshes/g7.stl
[1.559s] -- Symlinking: /home/ravi/pmb2_foxy_ws/install/pal_gazebo_worlds/share/pal_gazebo_worlds/models/hospital_map/meshes/gr1.stl
[1.564s] -- Symlinking: /home/ravi/pmb2_foxy_ws/install/pal_gazebo_worlds/share/pal_gazebo_worlds/models/hospital_map/meshes/gr2.stl
[1.569s] -- Symlinking: /home/ravi/pmb2_foxy_ws/install/pal_gazebo_worlds/share/pal_gazebo_worlds/models/hospital_map/meshes/gr3.stl
[1.573s] -- Symlinking: /home/ravi/pmb2_foxy_ws/install/pal_gazebo_worlds/share/pal_gazebo_worlds/models/hospital_map/meshes/gr4.stl
[1.578s] -- Symlinking: /home/ravi/pmb2_foxy_ws/install/pal_gazebo_worlds/share/pal_gazebo_worlds/models/hospital_map/meshes/gr5.stl
[1.583s] -- Symlinking: /home/ravi/pmb2_foxy_ws/install/pal_gazebo_worlds/share/pal_gazebo_worlds/models/hospital_map/meshes/gr6.stl
[1.588s] -- Symlinking: /home/ravi/pmb2_foxy_ws/install/pal_gazebo_worlds/share/pal_gazebo_worlds/models/hospital_map/meshes/hospital_map.stl
[1.593s] -- Symlinking: /home/ravi/pmb2_foxy_ws/install/pal_gazebo_worlds/share/pal_gazebo_worlds/models/hospital_map/meshes/w1.stl
[1.598s] -- Symlinking: /home/ravi/pmb2_foxy_ws/install/pal_gazebo_worlds/share/pal_gazebo_worlds/models/hospital_map/meshes/w2.stl
[1.603s] -- Symlinking: /home/ravi/pmb2_foxy_ws/install/pal_gazebo_worlds/share/pal_gazebo_worlds/models/hospital_map/meshes/w3.stl
[1.607s] -- Symlinking: /home/ravi/pmb2_foxy_ws/install/pal_gazebo_worlds/share/pal_gazebo_worlds/models/hospital_map/meshes/w4.stl
[1.613s] -- Symlinking: /home/ravi/pmb2_foxy_ws/install/pal_gazebo_worlds/share/pal_gazebo_worlds/models/hospital_map/meshes/w5.stl
[1.618s] -- Symlinking: /home/ravi/pmb2_foxy_ws/install/pal_gazebo_worlds/share/pal_gazebo_worlds/models/hospital_map/meshes/w6.stl
[1.623s] -- Symlinking: /home/ravi/pmb2_foxy_ws/install/pal_gazebo_worlds/share/pal_gazebo_worlds/models/hospital_map/meshes/w7.stl
[1.628s] -- Symlinking: /home/ravi/pmb2_foxy_ws/install/pal_gazebo_worlds/share/pal_gazebo_worlds/models/hospital_map/meshes/wr1.stl
[1.633s] -- Symlinking: /home/ravi/pmb2_foxy_ws/install/pal_gazebo_worlds/share/pal_gazebo_worlds/models/hospital_map/meshes/wr2.stl
[1.637s] -- Symlinking: /home/ravi/pmb2_foxy_ws/install/pal_gazebo_worlds/share/pal_gazebo_worlds/models/hospital_map/meshes/wr3.stl
[1.642s] -- Symlinking: /home/ravi/pmb2_foxy_ws/install/pal_gazebo_worlds/share/pal_gazebo_worlds/models/hospital_map/meshes/wr4.stl
[1.647s] -- Symlinking: /home/ravi/pmb2_foxy_ws/install/pal_gazebo_worlds/share/pal_gazebo_worlds/models/hospital_map/meshes/wr5.stl
[1.652s] -- Symlinking: /home/ravi/pmb2_foxy_ws/install/pal_gazebo_worlds/share/pal_gazebo_worlds/models/hospital_map/meshes/wr6.stl
[1.657s] -- Symlinking: /home/ravi/pmb2_foxy_ws/install/pal_gazebo_worlds/share/pal_gazebo_worlds/models/hospital_map/model.config
[1.661s] -- Symlinking: /home/ravi/pmb2_foxy_ws/install/pal_gazebo_worlds/share/pal_gazebo_worlds/models/ideal_sun/model.config
[1.666s] -- Symlinking: /home/ravi/pmb2_foxy_ws/install/pal_gazebo_worlds/share/pal_gazebo_worlds/models/ideal_sun/model.sdf
[1.671s] -- Symlinking: /home/ravi/pmb2_foxy_ws/install/pal_gazebo_worlds/share/pal_gazebo_worlds/models/ikea_ektorp_chair/meshes/IKE06001.JPG
[1.676s] -- Symlinking: /home/ravi/pmb2_foxy_ws/install/pal_gazebo_worlds/share/pal_gazebo_worlds/models/ikea_ektorp_chair/meshes/mesh.dae
[1.681s] -- Symlinking: /home/ravi/pmb2_foxy_ws/install/pal_gazebo_worlds/share/pal_gazebo_worlds/models/ikea_ektorp_chair/model.config
[1.685s] -- Symlinking: /home/ravi/pmb2_foxy_ws/install/pal_gazebo_worlds/share/pal_gazebo_worlds/models/ikea_ektorp_chair/model.sdf
[1.690s] -- Symlinking: /home/ravi/pmb2_foxy_ws/install/pal_gazebo_worlds/share/pal_gazebo_worlds/models/ikea_folke_chair/meshes/mesh.dae
[1.695s] -- Symlinking: /home/ravi/pmb2_foxy_ws/install/pal_gazebo_worlds/share/pal_gazebo_worlds/models/ikea_folke_chair/meshes/notexture.png
[1.700s] -- Symlinking: /home/ravi/pmb2_foxy_ws/install/pal_gazebo_worlds/share/pal_gazebo_worlds/models/ikea_folke_chair/meshes/texture.png
[1.704s] -- Symlinking: /home/ravi/pmb2_foxy_ws/install/pal_gazebo_worlds/share/pal_gazebo_worlds/models/ikea_folke_chair/model.config
[1.709s] -- Symlinking: /home/ravi/pmb2_foxy_ws/install/pal_gazebo_worlds/share/pal_gazebo_worlds/models/ikea_folke_chair/model.sdf
[1.714s] -- Symlinking: /home/ravi/pmb2_foxy_ws/install/pal_gazebo_worlds/share/pal_gazebo_worlds/models/ikea_harry_chair/meshes/body.png
[1.719s] -- Symlinking: /home/ravi/pmb2_foxy_ws/install/pal_gazebo_worlds/share/pal_gazebo_worlds/models/ikea_harry_chair/meshes/legs.png
[1.724s] -- Symlinking: /home/ravi/pmb2_foxy_ws/install/pal_gazebo_worlds/share/pal_gazebo_worlds/models/ikea_harry_chair/meshes/mesh.dae
[1.729s] -- Symlinking: /home/ravi/pmb2_foxy_ws/install/pal_gazebo_worlds/share/pal_gazebo_worlds/models/ikea_harry_chair/model.config
[1.734s] -- Symlinking: /home/ravi/pmb2_foxy_ws/install/pal_gazebo_worlds/share/pal_gazebo_worlds/models/ikea_harry_chair/model.sdf
[1.739s] -- Symlinking: /home/ravi/pmb2_foxy_ws/install/pal_gazebo_worlds/share/pal_gazebo_worlds/models/ikea_stefan_chair/meshes/mesh.dae
[1.743s] -- Symlinking: /home/ravi/pmb2_foxy_ws/install/pal_gazebo_worlds/share/pal_gazebo_worlds/models/ikea_stefan_chair/model.config
[1.749s] -- Symlinking: /home/ravi/pmb2_foxy_ws/install/pal_gazebo_worlds/share/pal_gazebo_worlds/models/ikea_stefan_chair/model.sdf
[1.754s] -- Symlinking: /home/ravi/pmb2_foxy_ws/install/pal_gazebo_worlds/share/pal_gazebo_worlds/models/ikea_urban_chair/meshes/mesh.dae
[1.758s] -- Symlinking: /home/ravi/pmb2_foxy_ws/install/pal_gazebo_worlds/share/pal_gazebo_worlds/models/ikea_urban_chair/meshes/notexture.png
[1.763s] -- Symlinking: /home/ravi/pmb2_foxy_ws/install/pal_gazebo_worlds/share/pal_gazebo_worlds/models/ikea_urban_chair/model.config
[1.769s] -- Symlinking: /home/ravi/pmb2_foxy_ws/install/pal_gazebo_worlds/share/pal_gazebo_worlds/models/ikea_urban_chair/model.sdf
[1.774s] -- Symlinking: /home/ravi/pmb2_foxy_ws/install/pal_gazebo_worlds/share/pal_gazebo_worlds/models/kitchen_chair/kitchen_chair.sdf
[1.778s] -- Symlinking: /home/ravi/pmb2_foxy_ws/install/pal_gazebo_worlds/share/pal_gazebo_worlds/models/kitchen_chair/meshes/kitchen_chair.stl
[1.783s] -- Symlinking: /home/ravi/pmb2_foxy_ws/install/pal_gazebo_worlds/share/pal_gazebo_worlds/models/kitchen_chair/model.config
[1.788s] -- Symlinking: /home/ravi/pmb2_foxy_ws/install/pal_gazebo_worlds/share/pal_gazebo_worlds/models/kitchen_table/kitchen_table.sdf
[1.793s] -- Symlinking: /home/ravi/pmb2_foxy_ws/install/pal_gazebo_worlds/share/pal_gazebo_worlds/models/kitchen_table/meshes/kitchen_table.stl
[1.798s] -- Symlinking: /home/ravi/pmb2_foxy_ws/install/pal_gazebo_worlds/share/pal_gazebo_worlds/models/kitchen_table/model.config
[1.803s] -- Symlinking: /home/ravi/pmb2_foxy_ws/install/pal_gazebo_worlds/share/pal_gazebo_worlds/models/lamp/lamp.sdf
[1.808s] -- Symlinking: /home/ravi/pmb2_foxy_ws/install/pal_gazebo_worlds/share/pal_gazebo_worlds/models/lamp/meshes/lamp.stl
[1.813s] -- Symlinking: /home/ravi/pmb2_foxy_ws/install/pal_gazebo_worlds/share/pal_gazebo_worlds/models/lamp/model.config
[1.818s] -- Symlinking: /home/ravi/pmb2_foxy_ws/install/pal_gazebo_worlds/share/pal_gazebo_worlds/models/macrolink_small_table/model.config
[1.823s] -- Symlinking: /home/ravi/pmb2_foxy_ws/install/pal_gazebo_worlds/share/pal_gazebo_worlds/models/macrolink_small_table/table.sdf
[1.828s] -- Symlinking: /home/ravi/pmb2_foxy_ws/install/pal_gazebo_worlds/share/pal_gazebo_worlds/models/macrolink_table/model.config
[1.833s] -- Symlinking: /home/ravi/pmb2_foxy_ws/install/pal_gazebo_worlds/share/pal_gazebo_worlds/models/macrolink_table/table.sdf
[1.838s] -- Symlinking: /home/ravi/pmb2_foxy_ws/install/pal_gazebo_worlds/share/pal_gazebo_worlds/models/marker26_8cm/marker26_8cm.sdf
[1.843s] -- Symlinking: /home/ravi/pmb2_foxy_ws/install/pal_gazebo_worlds/share/pal_gazebo_worlds/models/marker26_8cm/material/scripts/marker26_8cm.material
[1.848s] -- Symlinking: /home/ravi/pmb2_foxy_ws/install/pal_gazebo_worlds/share/pal_gazebo_worlds/models/marker26_8cm/material/textures/aruco-26_8cm.png
[1.853s] -- Symlinking: /home/ravi/pmb2_foxy_ws/install/pal_gazebo_worlds/share/pal_gazebo_worlds/models/marker26_8cm/model.config
[1.857s] -- Symlinking: /home/ravi/pmb2_foxy_ws/install/pal_gazebo_worlds/share/pal_gazebo_worlds/models/pal_poster/material/scripts/pal_poster.material
[1.862s] -- Symlinking: /home/ravi/pmb2_foxy_ws/install/pal_gazebo_worlds/share/pal_gazebo_worlds/models/pal_poster/material/textures/pal_poster.jpg
[1.867s] -- Symlinking: /home/ravi/pmb2_foxy_ws/install/pal_gazebo_worlds/share/pal_gazebo_worlds/models/pal_poster/model.config
[1.872s] -- Symlinking: /home/ravi/pmb2_foxy_ws/install/pal_gazebo_worlds/share/pal_gazebo_worlds/models/pal_poster/pal_poster.sdf
[1.876s] -- Symlinking: /home/ravi/pmb2_foxy_ws/install/pal_gazebo_worlds/share/pal_gazebo_worlds/models/pal_textured_object/material/scripts/pal_textured_object.material
[1.881s] -- Symlinking: /home/ravi/pmb2_foxy_ws/install/pal_gazebo_worlds/share/pal_gazebo_worlds/models/pal_textured_object/material/textures/pal_textured_object.png
[1.886s] -- Symlinking: /home/ravi/pmb2_foxy_ws/install/pal_gazebo_worlds/share/pal_gazebo_worlds/models/pal_textured_object/model.config
[1.891s] -- Symlinking: /home/ravi/pmb2_foxy_ws/install/pal_gazebo_worlds/share/pal_gazebo_worlds/models/pal_textured_object/pal_textured_object.sdf
[1.896s] -- Symlinking: /home/ravi/pmb2_foxy_ws/install/pal_gazebo_worlds/share/pal_gazebo_worlds/models/pringles/material/scripts/pringles.material
[1.901s] -- Symlinking: /home/ravi/pmb2_foxy_ws/install/pal_gazebo_worlds/share/pal_gazebo_worlds/models/pringles/material/textures/pringles.jpg
[1.906s] -- Symlinking: /home/ravi/pmb2_foxy_ws/install/pal_gazebo_worlds/share/pal_gazebo_worlds/models/pringles/model.config
[1.911s] -- Symlinking: /home/ravi/pmb2_foxy_ws/install/pal_gazebo_worlds/share/pal_gazebo_worlds/models/pringles/pringles.sdf
[1.916s] -- Symlinking: /home/ravi/pmb2_foxy_ws/install/pal_gazebo_worlds/share/pal_gazebo_worlds/models/pringles2/material/scripts/pringles2.material
[1.921s] -- Symlinking: /home/ravi/pmb2_foxy_ws/install/pal_gazebo_worlds/share/pal_gazebo_worlds/models/pringles2/material/textures/pringles2.jpg
[1.926s] -- Symlinking: /home/ravi/pmb2_foxy_ws/install/pal_gazebo_worlds/share/pal_gazebo_worlds/models/pringles2/model.config
[1.931s] -- Symlinking: /home/ravi/pmb2_foxy_ws/install/pal_gazebo_worlds/share/pal_gazebo_worlds/models/pringles2/pringles2.sdf
[1.936s] -- Symlinking: /home/ravi/pmb2_foxy_ws/install/pal_gazebo_worlds/share/pal_gazebo_worlds/models/reemc_bookshelf/bookshelf.sdf
[1.941s] -- Symlinking: /home/ravi/pmb2_foxy_ws/install/pal_gazebo_worlds/share/pal_gazebo_worlds/models/reemc_bookshelf/model.config
[1.946s] -- Symlinking: /home/ravi/pmb2_foxy_ws/install/pal_gazebo_worlds/share/pal_gazebo_worlds/models/reemc_cabinet/cabinet.sdf
[1.950s] -- Symlinking: /home/ravi/pmb2_foxy_ws/install/pal_gazebo_worlds/share/pal_gazebo_worlds/models/reemc_cabinet/model.config
[1.955s] -- Symlinking: /home/ravi/pmb2_foxy_ws/install/pal_gazebo_worlds/share/pal_gazebo_worlds/models/reemc_table/model.config
[1.960s] -- Symlinking: /home/ravi/pmb2_foxy_ws/install/pal_gazebo_worlds/share/pal_gazebo_worlds/models/reemc_table/table.sdf
[1.965s] -- Symlinking: /home/ravi/pmb2_foxy_ws/install/pal_gazebo_worlds/share/pal_gazebo_worlds/models/reemc_textured_object/meshes/mesh.dae
[1.970s] -- Symlinking: /home/ravi/pmb2_foxy_ws/install/pal_gazebo_worlds/share/pal_gazebo_worlds/models/reemc_textured_object/meshes/texture.jpg
[1.974s] -- Symlinking: /home/ravi/pmb2_foxy_ws/install/pal_gazebo_worlds/share/pal_gazebo_worlds/models/reemc_textured_object/model.config
[1.979s] -- Symlinking: /home/ravi/pmb2_foxy_ws/install/pal_gazebo_worlds/share/pal_gazebo_worlds/models/reemc_textured_object/model.sdf
[1.984s] -- Symlinking: /home/ravi/pmb2_foxy_ws/install/pal_gazebo_worlds/share/pal_gazebo_worlds/models/reemc_textured_object_nograv/model.config
[1.988s] -- Symlinking: /home/ravi/pmb2_foxy_ws/install/pal_gazebo_worlds/share/pal_gazebo_worlds/models/reemc_textured_object_nograv/model.sdf
[1.993s] -- Symlinking: /home/ravi/pmb2_foxy_ws/install/pal_gazebo_worlds/share/pal_gazebo_worlds/models/reemc_walls/model.config
[1.998s] -- Symlinking: /home/ravi/pmb2_foxy_ws/install/pal_gazebo_worlds/share/pal_gazebo_worlds/models/reemc_walls/walls.sdf
[2.003s] -- Symlinking: /home/ravi/pmb2_foxy_ws/install/pal_gazebo_worlds/share/pal_gazebo_worlds/models/reviews_table/meshes/reviews_table.stl
[2.007s] -- Symlinking: /home/ravi/pmb2_foxy_ws/install/pal_gazebo_worlds/share/pal_gazebo_worlds/models/reviews_table/model.config
[2.013s] -- Symlinking: /home/ravi/pmb2_foxy_ws/install/pal_gazebo_worlds/share/pal_gazebo_worlds/models/reviews_table/reviews_table.sdf
[2.018s] -- Symlinking: /home/ravi/pmb2_foxy_ws/install/pal_gazebo_worlds/share/pal_gazebo_worlds/models/robocup_walls_70cm_doors/house_walls.sdf
[2.023s] -- Symlinking: /home/ravi/pmb2_foxy_ws/install/pal_gazebo_worlds/share/pal_gazebo_worlds/models/robocup_walls_70cm_doors/meshes/robocup_house.stl
[2.028s] -- Symlinking: /home/ravi/pmb2_foxy_ws/install/pal_gazebo_worlds/share/pal_gazebo_worlds/models/robocup_walls_70cm_doors/model.config
[2.032s] -- Symlinking: /home/ravi/pmb2_foxy_ws/install/pal_gazebo_worlds/share/pal_gazebo_worlds/models/rockin_camp/README
[2.037s] -- Symlinking: /home/ravi/pmb2_foxy_ws/install/pal_gazebo_worlds/share/pal_gazebo_worlds/models/rockin_camp/model.config
[2.042s] -- Symlinking: /home/ravi/pmb2_foxy_ws/install/pal_gazebo_worlds/share/pal_gazebo_worlds/models/rockin_camp/model.sdf
[2.046s] -- Symlinking: /home/ravi/pmb2_foxy_ws/install/pal_gazebo_worlds/share/pal_gazebo_worlds/models/rockin_camp/rockin_camp.png
[2.051s] -- Symlinking: /home/ravi/pmb2_foxy_ws/install/pal_gazebo_worlds/share/pal_gazebo_worlds/models/sideboard/meshes/sideboard.stl
[2.056s] -- Symlinking: /home/ravi/pmb2_foxy_ws/install/pal_gazebo_worlds/share/pal_gazebo_worlds/models/sideboard/model.config
[2.061s] -- Symlinking: /home/ravi/pmb2_foxy_ws/install/pal_gazebo_worlds/share/pal_gazebo_worlds/models/sideboard/sideboard.sdf
[2.065s] -- Symlinking: /home/ravi/pmb2_foxy_ws/install/pal_gazebo_worlds/share/pal_gazebo_worlds/models/slippery_patch/material/scripts/slippery_patch.material
[2.070s] -- Symlinking: /home/ravi/pmb2_foxy_ws/install/pal_gazebo_worlds/share/pal_gazebo_worlds/models/slippery_patch/material/textures/slippery_patch.jpg
[2.075s] -- Symlinking: /home/ravi/pmb2_foxy_ws/install/pal_gazebo_worlds/share/pal_gazebo_worlds/models/slippery_patch/model.config
[2.080s] -- Symlinking: /home/ravi/pmb2_foxy_ws/install/pal_gazebo_worlds/share/pal_gazebo_worlds/models/slippery_patch/slippery_patch.sdf
[2.084s] -- Symlinking: /home/ravi/pmb2_foxy_ws/install/pal_gazebo_worlds/share/pal_gazebo_worlds/models/small_cylinder/model.config
[2.089s] -- Symlinking: /home/ravi/pmb2_foxy_ws/install/pal_gazebo_worlds/share/pal_gazebo_worlds/models/small_cylinder/small_cylinder.sdf
[2.094s] -- Symlinking: /home/ravi/pmb2_foxy_ws/install/pal_gazebo_worlds/share/pal_gazebo_worlds/models/sofa/meshes/sofa.stl
[2.099s] -- Symlinking: /home/ravi/pmb2_foxy_ws/install/pal_gazebo_worlds/share/pal_gazebo_worlds/models/sofa/model.config
[2.104s] -- Symlinking: /home/ravi/pmb2_foxy_ws/install/pal_gazebo_worlds/share/pal_gazebo_worlds/models/sofa/sofa.sdf
[2.109s] -- Symlinking: /home/ravi/pmb2_foxy_ws/install/pal_gazebo_worlds/share/pal_gazebo_worlds/models/sprite/material/scripts/sprite.material
[2.114s] -- Symlinking: /home/ravi/pmb2_foxy_ws/install/pal_gazebo_worlds/share/pal_gazebo_worlds/models/sprite/material/textures/sprite.jpg
[2.119s] -- Symlinking: /home/ravi/pmb2_foxy_ws/install/pal_gazebo_worlds/share/pal_gazebo_worlds/models/sprite/model.config
[2.124s] -- Symlinking: /home/ravi/pmb2_foxy_ws/install/pal_gazebo_worlds/share/pal_gazebo_worlds/models/sprite/sprite.sdf
[2.129s] -- Symlinking: /home/ravi/pmb2_foxy_ws/install/pal_gazebo_worlds/share/pal_gazebo_worlds/models/sun/model-1_2.sdf
[2.134s] -- Symlinking: /home/ravi/pmb2_foxy_ws/install/pal_gazebo_worlds/share/pal_gazebo_worlds/models/sun/model-1_3.sdf
[2.138s] -- Symlinking: /home/ravi/pmb2_foxy_ws/install/pal_gazebo_worlds/share/pal_gazebo_worlds/models/sun/model-1_4.sdf
[2.143s] -- Symlinking: /home/ravi/pmb2_foxy_ws/install/pal_gazebo_worlds/share/pal_gazebo_worlds/models/sun/model.config
[2.148s] -- Symlinking: /home/ravi/pmb2_foxy_ws/install/pal_gazebo_worlds/share/pal_gazebo_worlds/models/sun/model.sdf
[2.153s] -- Symlinking: /home/ravi/pmb2_foxy_ws/install/pal_gazebo_worlds/share/pal_gazebo_worlds/models/table_0m8/model.config
[2.157s] -- Symlinking: /home/ravi/pmb2_foxy_ws/install/pal_gazebo_worlds/share/pal_gazebo_worlds/models/table_0m8/table.sdf
[2.162s] -- Symlinking: /home/ravi/pmb2_foxy_ws/install/pal_gazebo_worlds/share/pal_gazebo_worlds/models/table_1m/model.config
[2.167s] -- Symlinking: /home/ravi/pmb2_foxy_ws/install/pal_gazebo_worlds/share/pal_gazebo_worlds/models/table_1m/table_1m.sdf
[2.172s] -- Symlinking: /home/ravi/pmb2_foxy_ws/install/pal_gazebo_worlds/share/pal_gazebo_worlds/models/test2/meshes/test2.dae
[2.176s] -- Symlinking: /home/ravi/pmb2_foxy_ws/install/pal_gazebo_worlds/share/pal_gazebo_worlds/models/test2/model.config
[2.181s] -- Symlinking: /home/ravi/pmb2_foxy_ws/install/pal_gazebo_worlds/share/pal_gazebo_worlds/models/test2/test2.sdf
[2.186s] -- Symlinking: /home/ravi/pmb2_foxy_ws/install/pal_gazebo_worlds/share/pal_gazebo_worlds/models/testing_room/README
[2.191s] -- Symlinking: /home/ravi/pmb2_foxy_ws/install/pal_gazebo_worlds/share/pal_gazebo_worlds/models/testing_room/model.config
[2.195s] -- Symlinking: /home/ravi/pmb2_foxy_ws/install/pal_gazebo_worlds/share/pal_gazebo_worlds/models/testing_room/model.sdf
[2.200s] -- Symlinking: /home/ravi/pmb2_foxy_ws/install/pal_gazebo_worlds/share/pal_gazebo_worlds/models/testing_room/testing_room.png
[2.205s] -- Symlinking: /home/ravi/pmb2_foxy_ws/install/pal_gazebo_worlds/share/pal_gazebo_worlds/models/tv/meshes/tv.stl
[2.210s] -- Symlinking: /home/ravi/pmb2_foxy_ws/install/pal_gazebo_worlds/share/pal_gazebo_worlds/models/tv/model.config
[2.215s] -- Symlinking: /home/ravi/pmb2_foxy_ws/install/pal_gazebo_worlds/share/pal_gazebo_worlds/models/tv/tv.sdf
[2.220s] -- Symlinking: /home/ravi/pmb2_foxy_ws/install/pal_gazebo_worlds/share/pal_gazebo_worlds/models/wall_with_reem_photo/material/scripts/ball.material
[2.225s] -- Symlinking: /home/ravi/pmb2_foxy_ws/install/pal_gazebo_worlds/share/pal_gazebo_worlds/models/wall_with_reem_photo/material/scripts/wallWithREEMphoto.material
[2.230s] -- Symlinking: /home/ravi/pmb2_foxy_ws/install/pal_gazebo_worlds/share/pal_gazebo_worlds/models/wall_with_reem_photo/material/textures/REEM_photo0.jpg
[2.235s] -- Symlinking: /home/ravi/pmb2_foxy_ws/install/pal_gazebo_worlds/share/pal_gazebo_worlds/models/wall_with_reem_photo/model.config
[2.239s] -- Symlinking: /home/ravi/pmb2_foxy_ws/install/pal_gazebo_worlds/share/pal_gazebo_worlds/models/wall_with_reem_photo/model.sdf
[2.244s] -- Symlinking: /home/ravi/pmb2_foxy_ws/install/pal_gazebo_worlds/share/pal_gazebo_worlds/models/wardrobe/meshes/wardrobe.stl
[2.249s] -- Symlinking: /home/ravi/pmb2_foxy_ws/install/pal_gazebo_worlds/share/pal_gazebo_worlds/models/wardrobe/model.config
[2.254s] -- Symlinking: /home/ravi/pmb2_foxy_ws/install/pal_gazebo_worlds/share/pal_gazebo_worlds/models/wardrobe/wardrobe.sdf
[2.259s] -- Symlinking: /home/ravi/pmb2_foxy_ws/install/pal_gazebo_worlds/share/pal_gazebo_worlds/models/willowgarage/materials/textures/Carpet_Berber_Pattern_Gray_.png
[2.263s] -- Symlinking: /home/ravi/pmb2_foxy_ws/install/pal_gazebo_worlds/share/pal_gazebo_worlds/models/willowgarage/materials/textures/Stone_Brushed_Khaki_.png
[2.268s] -- Symlinking: /home/ravi/pmb2_foxy_ws/install/pal_gazebo_worlds/share/pal_gazebo_worlds/models/willowgarage/materials/textures/Wood_Bamboo_Medium_.png
[2.273s] -- Symlinking: /home/ravi/pmb2_foxy_ws/install/pal_gazebo_worlds/share/pal_gazebo_worlds/models/willowgarage/materials/textures/Wood_Cherry_Original_.png
[2.278s] -- Symlinking: /home/ravi/pmb2_foxy_ws/install/pal_gazebo_worlds/share/pal_gazebo_worlds/models/willowgarage/materials/textures/__Wood_Bamboo_Medium_1.png
[2.283s] -- Symlinking: /home/ravi/pmb2_foxy_ws/install/pal_gazebo_worlds/share/pal_gazebo_worlds/models/willowgarage/materials/textures/__auto_12.png
[2.287s] -- Symlinking: /home/ravi/pmb2_foxy_ws/install/pal_gazebo_worlds/share/pal_gazebo_worlds/models/willowgarage/materials/textures/__auto_2.png
[2.292s] -- Symlinking: /home/ravi/pmb2_foxy_ws/install/pal_gazebo_worlds/share/pal_gazebo_worlds/models/willowgarage/meshes/willowgarage_collision.dae
[2.297s] -- Symlinking: /home/ravi/pmb2_foxy_ws/install/pal_gazebo_worlds/share/pal_gazebo_worlds/models/willowgarage/meshes/willowgarage_visual.dae
[2.302s] -- Symlinking: /home/ravi/pmb2_foxy_ws/install/pal_gazebo_worlds/share/pal_gazebo_worlds/worlds/aruco.world
[2.307s] -- Symlinking: /home/ravi/pmb2_foxy_ws/install/pal_gazebo_worlds/share/pal_gazebo_worlds/worlds/ball.world
[2.312s] -- Symlinking: /home/ravi/pmb2_foxy_ws/install/pal_gazebo_worlds/share/pal_gazebo_worlds/worlds/cabinet_grasping.world
[2.317s] -- Symlinking: /home/ravi/pmb2_foxy_ws/install/pal_gazebo_worlds/share/pal_gazebo_worlds/worlds/calibration_room.world
[2.322s] -- Symlinking: /home/ravi/pmb2_foxy_ws/install/pal_gazebo_worlds/share/pal_gazebo_worlds/worlds/chairs.world
[2.327s] -- Symlinking: /home/ravi/pmb2_foxy_ws/install/pal_gazebo_worlds/share/pal_gazebo_worlds/worlds/corridor_110cm.world
[2.332s] -- Symlinking: /home/ravi/pmb2_foxy_ws/install/pal_gazebo_worlds/share/pal_gazebo_worlds/worlds/corridor_60cm.world
[2.336s] -- Symlinking: /home/ravi/pmb2_foxy_ws/install/pal_gazebo_worlds/share/pal_gazebo_worlds/worlds/corridor_70cm.world
[2.341s] -- Symlinking: /home/ravi/pmb2_foxy_ws/install/pal_gazebo_worlds/share/pal_gazebo_worlds/worlds/corridor_85cm.world
[2.346s] -- Symlinking: /home/ravi/pmb2_foxy_ws/install/pal_gazebo_worlds/share/pal_gazebo_worlds/worlds/dock_and_aruco.world
[2.351s] -- Symlinking: /home/ravi/pmb2_foxy_ws/install/pal_gazebo_worlds/share/pal_gazebo_worlds/worlds/dock_station.world
[2.356s] -- Symlinking: /home/ravi/pmb2_foxy_ws/install/pal_gazebo_worlds/share/pal_gazebo_worlds/worlds/docker_chair.world
[2.360s] -- Symlinking: /home/ravi/pmb2_foxy_ws/install/pal_gazebo_worlds/share/pal_gazebo_worlds/worlds/door_obstacle.world
[2.365s] -- Symlinking: /home/ravi/pmb2_foxy_ws/install/pal_gazebo_worlds/share/pal_gazebo_worlds/worlds/empty.world
[2.370s] -- Symlinking: /home/ravi/pmb2_foxy_ws/install/pal_gazebo_worlds/share/pal_gazebo_worlds/worlds/empty_room.world
[2.375s] -- Symlinking: /home/ravi/pmb2_foxy_ws/install/pal_gazebo_worlds/share/pal_gazebo_worlds/worlds/factory.world
[2.379s] -- Symlinking: /home/ravi/pmb2_foxy_ws/install/pal_gazebo_worlds/share/pal_gazebo_worlds/worlds/featured.world
[2.384s] -- Symlinking: /home/ravi/pmb2_foxy_ws/install/pal_gazebo_worlds/share/pal_gazebo_worlds/worlds/footstep_obstacle.world
[2.389s] -- Symlinking: /home/ravi/pmb2_foxy_ws/install/pal_gazebo_worlds/share/pal_gazebo_worlds/worlds/hit_table.world
[2.394s] -- Symlinking: /home/ravi/pmb2_foxy_ws/install/pal_gazebo_worlds/share/pal_gazebo_worlds/worlds/home.world
[2.399s] -- Symlinking: /home/ravi/pmb2_foxy_ws/install/pal_gazebo_worlds/share/pal_gazebo_worlds/worlds/hospital.world
[2.404s] -- Symlinking: /home/ravi/pmb2_foxy_ws/install/pal_gazebo_worlds/share/pal_gazebo_worlds/worlds/hospital_flat.world
[2.409s] -- Symlinking: /home/ravi/pmb2_foxy_ws/install/pal_gazebo_worlds/share/pal_gazebo_worlds/worlds/look_to_point.world
[2.414s] -- Symlinking: /home/ravi/pmb2_foxy_ws/install/pal_gazebo_worlds/share/pal_gazebo_worlds/worlds/low_sun_empty.world
[2.419s] -- Symlinking: /home/ravi/pmb2_foxy_ws/install/pal_gazebo_worlds/share/pal_gazebo_worlds/worlds/memmo_simple.world
[2.424s] -- Symlinking: /home/ravi/pmb2_foxy_ws/install/pal_gazebo_worlds/share/pal_gazebo_worlds/worlds/narrow_passage.world
[2.429s] -- Symlinking: /home/ravi/pmb2_foxy_ws/install/pal_gazebo_worlds/share/pal_gazebo_worlds/worlds/objects_on_table.world
[2.434s] -- Symlinking: /home/ravi/pmb2_foxy_ws/install/pal_gazebo_worlds/share/pal_gazebo_worlds/worlds/pal_office.world
[2.438s] -- Symlinking: /home/ravi/pmb2_foxy_ws/install/pal_gazebo_worlds/share/pal_gazebo_worlds/worlds/pal_textured_object.world
[2.443s] -- Symlinking: /home/ravi/pmb2_foxy_ws/install/pal_gazebo_worlds/share/pal_gazebo_worlds/worlds/passage_110cm.world
[2.448s] -- Symlinking: /home/ravi/pmb2_foxy_ws/install/pal_gazebo_worlds/share/pal_gazebo_worlds/worlds/passage_60cm.world
[2.453s] -- Symlinking: /home/ravi/pmb2_foxy_ws/install/pal_gazebo_worlds/share/pal_gazebo_worlds/worlds/passage_70cm.world
[2.458s] -- Symlinking: /home/ravi/pmb2_foxy_ws/install/pal_gazebo_worlds/share/pal_gazebo_worlds/worlds/pg_demo.world
[2.463s] -- Symlinking: /home/ravi/pmb2_foxy_ws/install/pal_gazebo_worlds/share/pal_gazebo_worlds/worlds/pick.world
[2.469s] -- Symlinking: /home/ravi/pmb2_foxy_ws/install/pal_gazebo_worlds/share/pal_gazebo_worlds/worlds/pick_place_cabinet.world
[2.474s] -- Symlinking: /home/ravi/pmb2_foxy_ws/install/pal_gazebo_worlds/share/pal_gazebo_worlds/worlds/pick_place_close_demo.world
[2.479s] -- Symlinking: /home/ravi/pmb2_foxy_ws/install/pal_gazebo_worlds/share/pal_gazebo_worlds/worlds/pick_place_demo.world
[2.483s] -- Symlinking: /home/ravi/pmb2_foxy_ws/install/pal_gazebo_worlds/share/pal_gazebo_worlds/worlds/reemc.world
[2.488s] -- Symlinking: /home/ravi/pmb2_foxy_ws/install/pal_gazebo_worlds/share/pal_gazebo_worlds/worlds/reemc_indoor.world
[2.493s] -- Symlinking: /home/ravi/pmb2_foxy_ws/install/pal_gazebo_worlds/share/pal_gazebo_worlds/worlds/simple_office.world
[2.498s] -- Symlinking: /home/ravi/pmb2_foxy_ws/install/pal_gazebo_worlds/share/pal_gazebo_worlds/worlds/simple_office_with_people.world
[2.503s] -- Symlinking: /home/ravi/pmb2_foxy_ws/install/pal_gazebo_worlds/share/pal_gazebo_worlds/worlds/simple_ramp.world
[2.508s] -- Symlinking: /home/ravi/pmb2_foxy_ws/install/pal_gazebo_worlds/share/pal_gazebo_worlds/worlds/small_factory.world
[2.513s] -- Symlinking: /home/ravi/pmb2_foxy_ws/install/pal_gazebo_worlds/share/pal_gazebo_worlds/worlds/small_office.world
[2.518s] -- Symlinking: /home/ravi/pmb2_foxy_ws/install/pal_gazebo_worlds/share/pal_gazebo_worlds/worlds/small_office_door_obstacle.world
[2.523s] -- Symlinking: /home/ravi/pmb2_foxy_ws/install/pal_gazebo_worlds/share/pal_gazebo_worlds/worlds/small_office_inventory.world
[2.528s] -- Symlinking: /home/ravi/pmb2_foxy_ws/install/pal_gazebo_worlds/share/pal_gazebo_worlds/worlds/small_textured_office.world
[2.533s] -- Symlinking: /home/ravi/pmb2_foxy_ws/install/pal_gazebo_worlds/share/pal_gazebo_worlds/worlds/socmcs.world
[2.537s] -- Symlinking: /home/ravi/pmb2_foxy_ws/install/pal_gazebo_worlds/share/pal_gazebo_worlds/worlds/stairs.world
[2.542s] -- Symlinking: /home/ravi/pmb2_foxy_ws/install/pal_gazebo_worlds/share/pal_gazebo_worlds/worlds/stamping_demo.world
[2.547s] -- Symlinking: /home/ravi/pmb2_foxy_ws/install/pal_gazebo_worlds/share/pal_gazebo_worlds/worlds/t_shaped.world
[2.552s] -- Symlinking: /home/ravi/pmb2_foxy_ws/install/pal_gazebo_worlds/share/pal_gazebo_worlds/worlds/tabletop_cube.world
[2.556s] -- Symlinking: /home/ravi/pmb2_foxy_ws/install/pal_gazebo_worlds/share/pal_gazebo_worlds/worlds/tabletop_cylinder.world
[2.561s] -- Symlinking: /home/ravi/pmb2_foxy_ws/install/pal_gazebo_worlds/share/pal_gazebo_worlds/worlds/tutorial_office.world
[2.566s] -- Symlinking: /home/ravi/pmb2_foxy_ws/install/pal_gazebo_worlds/share/pal_gazebo_worlds/worlds/voronoi_graph.world
[2.571s] -- Symlinking: /home/ravi/pmb2_foxy_ws/install/pal_gazebo_worlds/share/pal_gazebo_worlds/worlds/willow_garage.world
[2.575s] -- Symlinking: /home/ravi/pmb2_foxy_ws/install/pal_gazebo_worlds/share/pal_gazebo_worlds/worlds/world_wall_REEM_photo.world
[2.580s] -- Symlinking: /home/ravi/pmb2_foxy_ws/install/pal_gazebo_worlds/share/pal_gazebo_worlds/urdf/chessboard/chessboard.gazebo.xacro
[2.585s] -- Symlinking: /home/ravi/pmb2_foxy_ws/install/pal_gazebo_worlds/share/pal_gazebo_worlds/urdf/chessboard/chessboard.urdf.xacro
[2.589s] -- Symlinking: /home/ravi/pmb2_foxy_ws/install/pal_gazebo_worlds/share/pal_gazebo_worlds/urdf/chessboard/chessboard_example.urdf.xacro
[2.594s] -- Symlinking: /home/ravi/pmb2_foxy_ws/install/pal_gazebo_worlds/share/pal_gazebo_worlds/urdf/simple_box.urdf
[2.599s] -- Symlinking: /home/ravi/pmb2_foxy_ws/install/pal_gazebo_worlds/share/pal_gazebo_worlds/meshes/chessboard/chessboard.dae
[2.604s] -- Symlinking: /home/ravi/pmb2_foxy_ws/install/pal_gazebo_worlds/share/pal_gazebo_worlds/meshes/chessboard/chessboard.png
[2.609s] -- Symlinking: /home/ravi/pmb2_foxy_ws/install/pal_gazebo_worlds/share/ament_index/resource_index/package_run_dependencies/pal_gazebo_worlds
[2.614s] -- Symlinking: /home/ravi/pmb2_foxy_ws/install/pal_gazebo_worlds/share/ament_index/resource_index/parent_prefix_path/pal_gazebo_worlds
[2.619s] -- Symlinking: /home/ravi/pmb2_foxy_ws/install/pal_gazebo_worlds/share/pal_gazebo_worlds/environment/ament_prefix_path.sh
[2.625s] -- Symlinking: /home/ravi/pmb2_foxy_ws/install/pal_gazebo_worlds/share/pal_gazebo_worlds/environment/ament_prefix_path.dsv
[2.631s] -- Symlinking: /home/ravi/pmb2_foxy_ws/install/pal_gazebo_worlds/share/pal_gazebo_worlds/environment/path.sh
[2.637s] -- Symlinking: /home/ravi/pmb2_foxy_ws/install/pal_gazebo_worlds/share/pal_gazebo_worlds/environment/path.dsv
[2.642s] -- Symlinking: /home/ravi/pmb2_foxy_ws/install/pal_gazebo_worlds/share/pal_gazebo_worlds/local_setup.bash
[2.647s] -- Symlinking: /home/ravi/pmb2_foxy_ws/install/pal_gazebo_worlds/share/pal_gazebo_worlds/local_setup.sh
[2.652s] -- Symlinking: /home/ravi/pmb2_foxy_ws/install/pal_gazebo_worlds/share/pal_gazebo_worlds/local_setup.zsh
[2.657s] -- Symlinking: /home/ravi/pmb2_foxy_ws/install/pal_gazebo_worlds/share/pal_gazebo_worlds/local_setup.dsv
[2.662s] -- Symlinking: /home/ravi/pmb2_foxy_ws/install/pal_gazebo_worlds/share/pal_gazebo_worlds/package.dsv
[2.667s] -- Symlinking: /home/ravi/pmb2_foxy_ws/install/pal_gazebo_worlds/share/ament_index/resource_index/packages/pal_gazebo_worlds
[2.671s] -- Symlinking: /home/ravi/pmb2_foxy_ws/install/pal_gazebo_worlds/share/pal_gazebo_worlds/cmake/pal_gazebo_worldsConfig.cmake
[2.676s] -- Symlinking: /home/ravi/pmb2_foxy_ws/install/pal_gazebo_worlds/share/pal_gazebo_worlds/cmake/pal_gazebo_worldsConfig-version.cmake
[2.681s] -- Symlinking: /home/ravi/pmb2_foxy_ws/install/pal_gazebo_worlds/share/pal_gazebo_worlds/package.xml
[2.689s] Invoked command in '/home/ravi/pmb2_foxy_ws/build/pal_gazebo_worlds' returned '0': CMAKE_PREFIX_PATH=${CMAKE_PREFIX_PATH}:/home/ravi/pmb2_foxy_ws/install/launch_pal:/opt/ros/foxy /usr/bin/cmake --install /home/ravi/pmb2_foxy_ws/build/pal_gazebo_worlds
