[0.220s] Invoking command in '/home/ravi/pmb2_foxy_ws/build/twist_mux': CMAKE_PREFIX_PATH=${CMAKE_PREFIX_PATH}:/home/ravi/pmb2_foxy_ws/install/joy_teleop:/home/ravi/pmb2_foxy_ws/install/mouse_teleop:/home/ravi/pmb2_foxy_ws/install/key_teleop:/home/ravi/pmb2_foxy_ws/install/ros2controlcli:/home/ravi/pmb2_foxy_ws/install/launch_pal:/opt/ros/foxy /usr/bin/cmake --build /home/ravi/pmb2_foxy_ws/build/twist_mux -- -j8 -l8
[0.386s] [ 33%] Built target twist_marker
[0.386s] [100%] Built target twist_mux
[0.395s] Invoked command in '/home/ravi/pmb2_foxy_ws/build/twist_mux' returned '0': CMAKE_PREFIX_PATH=${CMAKE_PREFIX_PATH}:/home/ravi/pmb2_foxy_ws/install/joy_teleop:/home/ravi/pmb2_foxy_ws/install/mouse_teleop:/home/ravi/pmb2_foxy_ws/install/key_teleop:/home/ravi/pmb2_foxy_ws/install/ros2controlcli:/home/ravi/pmb2_foxy_ws/install/launch_pal:/opt/ros/foxy /usr/bin/cmake --build /home/ravi/pmb2_foxy_ws/build/twist_mux -- -j8 -l8
[0.433s] Invoking command in '/home/ravi/pmb2_foxy_ws/build/twist_mux': CMAKE_PREFIX_PATH=${CMAKE_PREFIX_PATH}:/home/ravi/pmb2_foxy_ws/install/joy_teleop:/home/ravi/pmb2_foxy_ws/install/mouse_teleop:/home/ravi/pmb2_foxy_ws/install/key_teleop:/home/ravi/pmb2_foxy_ws/install/ros2controlcli:/home/ravi/pmb2_foxy_ws/install/launch_pal:/opt/ros/foxy /usr/bin/cmake --install /home/ravi/pmb2_foxy_ws/build/twist_mux
[0.450s] -- Install configuration: ""
[0.450s] -- Execute custom install script
[0.450s] -- Up-to-date symlink: /home/ravi/pmb2_foxy_ws/install/twist_mux/lib/twist_mux/twist_mux
[0.450s] -- Up-to-date symlink: /home/ravi/pmb2_foxy_ws/install/twist_mux/lib/twist_mux/twist_marker
[0.450s] -- Up-to-date symlink: /home/ravi/pmb2_foxy_ws/install/twist_mux/share/twist_mux/launch/twist_mux.launch
[0.450s] -- Up-to-date symlink: /home/ravi/pmb2_foxy_ws/install/twist_mux/share/twist_mux/launch/twist_mux_launch.py
[0.450s] -- Up-to-date symlink: /home/ravi/pmb2_foxy_ws/install/twist_mux/share/twist_mux/config/joystick.yaml
[0.451s] -- Up-to-date symlink: /home/ravi/pmb2_foxy_ws/install/twist_mux/share/twist_mux/config/twist_mux_locks.yaml
[0.451s] -- Up-to-date symlink: /home/ravi/pmb2_foxy_ws/install/twist_mux/share/twist_mux/config/twist_mux_topics.yaml
[0.451s] -- Up-to-date symlink: /home/ravi/pmb2_foxy_ws/install/twist_mux/include/twist_mux/params_helpers.hpp
[0.451s] -- Up-to-date symlink: /home/ravi/pmb2_foxy_ws/install/twist_mux/include/twist_mux/topic_handle.hpp
[0.451s] -- Up-to-date symlink: /home/ravi/pmb2_foxy_ws/install/twist_mux/include/twist_mux/twist_mux.hpp
[0.451s] -- Up-to-date symlink: /home/ravi/pmb2_foxy_ws/install/twist_mux/include/twist_mux/twist_mux_diagnostics.hpp
[0.451s] -- Up-to-date symlink: /home/ravi/pmb2_foxy_ws/install/twist_mux/include/twist_mux/twist_mux_diagnostics_status.hpp
[0.451s] -- Up-to-date symlink: /home/ravi/pmb2_foxy_ws/install/twist_mux/include/twist_mux/utils.hpp
[0.451s] -- Up-to-date symlink: /home/ravi/pmb2_foxy_ws/install/twist_mux/share/ament_index/resource_index/package_run_dependencies/twist_mux
[0.451s] -- Up-to-date symlink: /home/ravi/pmb2_foxy_ws/install/twist_mux/share/ament_index/resource_index/parent_prefix_path/twist_mux
[0.451s] -- Up-to-date symlink: /home/ravi/pmb2_foxy_ws/install/twist_mux/share/twist_mux/environment/ament_prefix_path.sh
[0.451s] -- Up-to-date symlink: /home/ravi/pmb2_foxy_ws/install/twist_mux/share/twist_mux/environment/ament_prefix_path.dsv
[0.451s] -- Up-to-date symlink: /home/ravi/pmb2_foxy_ws/install/twist_mux/share/twist_mux/environment/path.sh
[0.452s] -- Up-to-date symlink: /home/ravi/pmb2_foxy_ws/install/twist_mux/share/twist_mux/environment/path.dsv
[0.452s] -- Up-to-date symlink: /home/ravi/pmb2_foxy_ws/install/twist_mux/share/twist_mux/local_setup.bash
[0.452s] -- Up-to-date symlink: /home/ravi/pmb2_foxy_ws/install/twist_mux/share/twist_mux/local_setup.sh
[0.452s] -- Up-to-date symlink: /home/ravi/pmb2_foxy_ws/install/twist_mux/share/twist_mux/local_setup.zsh
[0.452s] -- Up-to-date symlink: /home/ravi/pmb2_foxy_ws/install/twist_mux/share/twist_mux/local_setup.dsv
[0.452s] -- Symlinking: /home/ravi/pmb2_foxy_ws/install/twist_mux/share/twist_mux/package.dsv
[0.458s] -- Up-to-date symlink: /home/ravi/pmb2_foxy_ws/install/twist_mux/share/ament_index/resource_index/packages/twist_mux
[0.459s] -- Up-to-date symlink: /home/ravi/pmb2_foxy_ws/install/twist_mux/share/twist_mux/cmake/ament_cmake_export_include_directories-extras.cmake
[0.459s] -- Up-to-date symlink: /home/ravi/pmb2_foxy_ws/install/twist_mux/share/twist_mux/cmake/ament_cmake_export_dependencies-extras.cmake
[0.460s] -- Up-to-date symlink: /home/ravi/pmb2_foxy_ws/install/twist_mux/share/twist_mux/cmake/twist_muxConfig.cmake
[0.460s] -- Up-to-date symlink: /home/ravi/pmb2_foxy_ws/install/twist_mux/share/twist_mux/cmake/twist_muxConfig-version.cmake
[0.460s] -- Up-to-date symlink: /home/ravi/pmb2_foxy_ws/install/twist_mux/share/twist_mux/package.xml
[0.484s] Invoked command in '/home/ravi/pmb2_foxy_ws/build/twist_mux' returned '0': CMAKE_PREFIX_PATH=${CMAKE_PREFIX_PATH}:/home/ravi/pmb2_foxy_ws/install/joy_teleop:/home/ravi/pmb2_foxy_ws/install/mouse_teleop:/home/ravi/pmb2_foxy_ws/install/key_teleop:/home/ravi/pmb2_foxy_ws/install/ros2controlcli:/home/ravi/pmb2_foxy_ws/install/launch_pal:/opt/ros/foxy /usr/bin/cmake --install /home/ravi/pmb2_foxy_ws/build/twist_mux
