[0.014s] Invoking command in '/home/ravi/pmb2_foxy_ws/build/gazebo_plugins': CMAKE_PREFIX_PATH=/home/ravi/pmb2_foxy_ws/install/gazebo_ros:/home/ravi/pmb2_foxy_ws/install/gazebo_msgs:/home/ravi/pmb2_foxy_ws/install/gazebo_dev:/home/ravi/pmb2_foxy_ws/install/gazebo_ros_pkgs:/home/ravi/pmb2_foxy_ws/install/gazebo_plugins:/home/ravi/pmb2_foxy_ws/install/pal_gazebo_worlds:/home/ravi/pmb2_foxy_ws/install/pmb2_simulation:/home/ravi/pmb2_foxy_ws/install/pmb2_navigation:/home/ravi/pmb2_foxy_ws/install/pmb2_2dnav_gazebo:/home/ravi/pmb2_foxy_ws/install/pmb2_2dnav:/home/ravi/pmb2_foxy_ws/install/pmb2_maps:/home/ravi/pmb2_foxy_ws/install/pmb2_gazebo:/home/ravi/pmb2_foxy_ws/install/pmb2_robot:/home/ravi/pmb2_foxy_ws/install/pmb2_bringup:/home/ravi/pmb2_foxy_ws/install/pmb2_description:/home/ravi/pmb2_foxy_ws/install/pmb2_controller_configuration:/home/ravi/pmb2_foxy_ws/install/launch_pal:/opt/ros/foxy LD_LIBRARY_PATH=/home/ravi/pmb2_foxy_ws/install/gazebo_ros/lib:/home/ravi/pmb2_foxy_ws/install/gazebo_msgs/lib:/usr/lib/x86_64-linux-gnu/gazebo-11/plugins:/home/ravi/pmb2_foxy_ws/install/gazebo_plugins/lib:/opt/ros/foxy/opt/yaml_cpp_vendor/lib:/opt/ros/foxy/opt/rviz_ogre_vendor/lib:/opt/ros/foxy/lib/x86_64-linux-gnu:/opt/ros/foxy/lib /usr/bin/cmake /home/ravi/pmb2_foxy_ws/src/gazebo_ros_pkgs/gazebo_plugins -DCMAKE_INSTALL_PREFIX=/home/ravi/pmb2_foxy_ws/install/gazebo_plugins
[0.024s] -- Found ament_cmake: 0.9.9 (/opt/ros/foxy/share/ament_cmake/cmake)
[0.042s] -- Using PYTHON_EXECUTABLE: /usr/bin/python3
[0.140s] -- Override CMake install command with custom implementation using symlinks instead of copying resources
[0.144s] -- Found camera_info_manager: 2.3.0 (/opt/ros/foxy/share/camera_info_manager/cmake)
[0.168s] -- Using all available rosidl_typesupport_c: rosidl_typesupport_fastrtps_c;rosidl_typesupport_introspection_c
[0.170s] -- Found rosidl_adapter: 1.2.1 (/opt/ros/foxy/share/rosidl_adapter/cmake)
[0.253s] -- Using all available rosidl_typesupport_cpp: rosidl_typesupport_fastrtps_cpp;rosidl_typesupport_introspection_cpp
[0.287s] -- Found rmw_implementation_cmake: 1.0.3 (/opt/ros/foxy/share/rmw_implementation_cmake/cmake)
[0.288s] -- Using RMW implementation 'rmw_fastrtps_cpp' as default
[0.456s] -- Setting yaml-cpp_DIR to: '/opt/ros/foxy/share/yaml_cpp_vendor/cmake/../../../opt/yaml_cpp_vendor/lib/cmake/yaml-cpp'
[0.493s] -- Found gazebo_dev: 3.5.3 (/home/ravi/pmb2_foxy_ws/install/gazebo_dev/share/gazebo_dev/cmake)
[0.521s] -- Found DART: /usr/include (Required is at least version "6.6") found components: dart 
[0.538s] -- Found Protobuf: /usr/lib/x86_64-linux-gnu/libprotobuf.so;-pthread (found version "3.6.1") 
[0.539s] -- Looking for ignition-math6 -- found version 6.12.0
[0.542s] -- Searching for dependencies of ignition-math6
[0.543s] -- Looking for OGRE...
[0.546s] -- Found Ogre Ghadamon (1.9.0)
[0.546s] -- Found OGRE: optimized;/usr/lib/x86_64-linux-gnu/libOgreMain.so;debug;/usr/lib/x86_64-linux-gnu/libOgreMain.so
[0.553s] -- Looking for OGRE_Paging...
[0.553s] -- Found OGRE_Paging: optimized;/usr/lib/x86_64-linux-gnu/libOgrePaging.so;debug;/usr/lib/x86_64-linux-gnu/libOgrePaging.so
[0.553s] -- Looking for OGRE_Terrain...
[0.553s] -- Found OGRE_Terrain: optimized;/usr/lib/x86_64-linux-gnu/libOgreTerrain.so;debug;/usr/lib/x86_64-linux-gnu/libOgreTerrain.so
[0.553s] -- Looking for OGRE_Property...
[0.553s] -- Found OGRE_Property: optimized;/usr/lib/x86_64-linux-gnu/libOgreProperty.so;debug;/usr/lib/x86_64-linux-gnu/libOgreProperty.so
[0.553s] -- Looking for OGRE_RTShaderSystem...
[0.553s] -- Found OGRE_RTShaderSystem: optimized;/usr/lib/x86_64-linux-gnu/libOgreRTShaderSystem.so;debug;/usr/lib/x86_64-linux-gnu/libOgreRTShaderSystem.so
[0.553s] -- Looking for OGRE_Volume...
[0.553s] -- Found OGRE_Volume: optimized;/usr/lib/x86_64-linux-gnu/libOgreVolume.so;debug;/usr/lib/x86_64-linux-gnu/libOgreVolume.so
[0.553s] -- Looking for OGRE_Overlay...
[0.553s] -- Found OGRE_Overlay: optimized;/usr/lib/x86_64-linux-gnu/libOgreOverlay.so;debug;/usr/lib/x86_64-linux-gnu/libOgreOverlay.so
[0.634s] -- Looking for ignition-math6 -- found version 6.12.0
[0.634s] -- Looking for ignition-transport8 -- found version 8.3.0
[0.634s] -- Searching for dependencies of ignition-transport8
[0.645s] -- Found Protobuf: /usr/lib/x86_64-linux-gnu/libprotobuf.so;-pthread (found suitable version "3.6.1", minimum required is "3") 
[0.652s] -- Config-file not installed for ZeroMQ -- checking for pkg-config
[0.655s] -- Checking for module 'libzmq >= 4'
[0.664s] --   Found libzmq , version 4.3.2
[0.689s] -- Checking for module 'uuid'
[0.698s] --   Found uuid, version 2.34.0
[0.724s] -- Looking for ignition-msgs5 -- found version 5.10.0
[0.725s] -- Searching for dependencies of ignition-msgs5
[0.739s] -- Looking for ignition-math6 -- found version 6.12.0
[0.742s] -- Checking for module 'tinyxml2'
[0.750s] --   Found tinyxml2, version 6.2.0
[0.770s] -- Looking for ignition-msgs5 -- found version 5.10.0
[0.770s] -- Looking for ignition-common3 -- found version 3.14.2
[0.771s] -- Searching for dependencies of ignition-common3
[0.771s] -- Looking for dlfcn.h - found
[0.771s] -- Looking for libdl - found
[0.777s] -- Searching for <ignition-common3> component [graphics]
[0.777s] -- Looking for ignition-common3-graphics -- found version 3.14.2
[0.778s] -- Searching for dependencies of ignition-common3-graphics
[0.778s] -- Looking for ignition-math6 -- found version 6.12.0
[0.779s] -- Looking for ignition-fuel_tools4 -- found version 4.6.0
[0.779s] -- Searching for dependencies of ignition-fuel_tools4
[0.797s] -- Checking for module 'jsoncpp'
[0.806s] --   Found jsoncpp, version 1.7.4
[0.830s] -- Checking for module 'libzip'
[0.839s] --   Found libzip, version 1.5.1
[0.862s] -- Looking for ignition-common3 -- found version 3.14.2
[0.863s] -- Looking for ignition-math6 -- found version 6.12.0
[0.863s] -- Looking for ignition-msgs5 -- found version 5.10.0
[0.864s] -- Gazebo version: 11.11
[0.864s] -- Found gazebo_msgs: 3.5.3 (/home/ravi/pmb2_foxy_ws/install/gazebo_msgs/share/gazebo_msgs/cmake)
[0.986s] -- Found gazebo_ros: 3.5.3 (/home/ravi/pmb2_foxy_ws/install/gazebo_ros/share/gazebo_ros/cmake)
[0.991s] -- Found image_transport: 2.3.0 (/opt/ros/foxy/share/image_transport/cmake)
[1.014s] -- Found cv_bridge: 2.2.1 (/opt/ros/foxy/share/cv_bridge/cmake)
[1.023s] -- Found nav_msgs: 2.0.5 (/opt/ros/foxy/share/nav_msgs/cmake)
[1.065s] -- Found std_srvs: 2.0.5 (/opt/ros/foxy/share/std_srvs/cmake)
[1.070s] -- Found tf2: 0.13.13 (/opt/ros/foxy/share/tf2/cmake)
[1.075s] -- Found tf2_geometry_msgs: 0.13.13 (/opt/ros/foxy/share/tf2_geometry_msgs/cmake)
[1.079s] -- Found eigen3_cmake_module: 0.1.1 (/opt/ros/foxy/share/eigen3_cmake_module/cmake)
[1.613s] -- Found ament_cmake_gtest: 0.9.9 (/opt/ros/foxy/share/ament_cmake_gtest/cmake)
[1.614s] -- Found gtest sources under '/opt/ros/foxy/src/gtest_vendor': C++ tests using 'Google Test' will be built
[2.070s] -- Found ament_lint_auto: 0.9.6 (/opt/ros/foxy/share/ament_lint_auto/cmake)
[2.113s] -- Added test 'copyright' to check source files copyright and LICENSE
[2.115s] -- Added test 'cppcheck' to perform static code analysis on C / C++ code
[2.118s] -- Configured cppcheck include dirs: /home/ravi/pmb2_foxy_ws/src/gazebo_ros_pkgs/gazebo_plugins/include
[2.118s] -- Configured cppcheck exclude dirs and/or files: 
[2.120s] -- Added test 'cpplint' to check C / C++ code against the Google style
[2.120s] -- Configured cpplint exclude dirs and/or files: 
[2.121s] -- Added test 'lint_cmake' to check CMake code style
[2.123s] -- Added test 'uncrustify' to check C / C++ code style
[2.123s] -- Configured uncrustify additional arguments: 
[2.123s] -- Added test 'xmllint' to check XML markup files
[2.128s] -- Configuring done
[2.720s] -- Generating done
[2.729s] -- Build files have been written to: /home/ravi/pmb2_foxy_ws/build/gazebo_plugins
[2.742s] Invoked command in '/home/ravi/pmb2_foxy_ws/build/gazebo_plugins' returned '0': CMAKE_PREFIX_PATH=/home/ravi/pmb2_foxy_ws/install/gazebo_ros:/home/ravi/pmb2_foxy_ws/install/gazebo_msgs:/home/ravi/pmb2_foxy_ws/install/gazebo_dev:/home/ravi/pmb2_foxy_ws/install/gazebo_ros_pkgs:/home/ravi/pmb2_foxy_ws/install/gazebo_plugins:/home/ravi/pmb2_foxy_ws/install/pal_gazebo_worlds:/home/ravi/pmb2_foxy_ws/install/pmb2_simulation:/home/ravi/pmb2_foxy_ws/install/pmb2_navigation:/home/ravi/pmb2_foxy_ws/install/pmb2_2dnav_gazebo:/home/ravi/pmb2_foxy_ws/install/pmb2_2dnav:/home/ravi/pmb2_foxy_ws/install/pmb2_maps:/home/ravi/pmb2_foxy_ws/install/pmb2_gazebo:/home/ravi/pmb2_foxy_ws/install/pmb2_robot:/home/ravi/pmb2_foxy_ws/install/pmb2_bringup:/home/ravi/pmb2_foxy_ws/install/pmb2_description:/home/ravi/pmb2_foxy_ws/install/pmb2_controller_configuration:/home/ravi/pmb2_foxy_ws/install/launch_pal:/opt/ros/foxy LD_LIBRARY_PATH=/home/ravi/pmb2_foxy_ws/install/gazebo_ros/lib:/home/ravi/pmb2_foxy_ws/install/gazebo_msgs/lib:/usr/lib/x86_64-linux-gnu/gazebo-11/plugins:/home/ravi/pmb2_foxy_ws/install/gazebo_plugins/lib:/opt/ros/foxy/opt/yaml_cpp_vendor/lib:/opt/ros/foxy/opt/rviz_ogre_vendor/lib:/opt/ros/foxy/lib/x86_64-linux-gnu:/opt/ros/foxy/lib /usr/bin/cmake /home/ravi/pmb2_foxy_ws/src/gazebo_ros_pkgs/gazebo_plugins -DCMAKE_INSTALL_PREFIX=/home/ravi/pmb2_foxy_ws/install/gazebo_plugins
[2.744s] Invoking command in '/home/ravi/pmb2_foxy_ws/build/gazebo_plugins': CMAKE_PREFIX_PATH=/home/ravi/pmb2_foxy_ws/install/gazebo_ros:/home/ravi/pmb2_foxy_ws/install/gazebo_msgs:/home/ravi/pmb2_foxy_ws/install/gazebo_dev:/home/ravi/pmb2_foxy_ws/install/gazebo_ros_pkgs:/home/ravi/pmb2_foxy_ws/install/gazebo_plugins:/home/ravi/pmb2_foxy_ws/install/pal_gazebo_worlds:/home/ravi/pmb2_foxy_ws/install/pmb2_simulation:/home/ravi/pmb2_foxy_ws/install/pmb2_navigation:/home/ravi/pmb2_foxy_ws/install/pmb2_2dnav_gazebo:/home/ravi/pmb2_foxy_ws/install/pmb2_2dnav:/home/ravi/pmb2_foxy_ws/install/pmb2_maps:/home/ravi/pmb2_foxy_ws/install/pmb2_gazebo:/home/ravi/pmb2_foxy_ws/install/pmb2_robot:/home/ravi/pmb2_foxy_ws/install/pmb2_bringup:/home/ravi/pmb2_foxy_ws/install/pmb2_description:/home/ravi/pmb2_foxy_ws/install/pmb2_controller_configuration:/home/ravi/pmb2_foxy_ws/install/launch_pal:/opt/ros/foxy LD_LIBRARY_PATH=/home/ravi/pmb2_foxy_ws/install/gazebo_ros/lib:/home/ravi/pmb2_foxy_ws/install/gazebo_msgs/lib:/usr/lib/x86_64-linux-gnu/gazebo-11/plugins:/home/ravi/pmb2_foxy_ws/install/gazebo_plugins/lib:/opt/ros/foxy/opt/yaml_cpp_vendor/lib:/opt/ros/foxy/opt/rviz_ogre_vendor/lib:/opt/ros/foxy/lib/x86_64-linux-gnu:/opt/ros/foxy/lib /usr/bin/cmake --build /home/ravi/pmb2_foxy_ws/build/gazebo_plugins -- -j8 -l8
[2.801s] [  2%] Built target multi_camera_plugin
[2.809s] [  7%] Built target gazebo_ros_force
[2.809s] [  7%] Built target gazebo_ros_gps_sensor
[2.811s] [  9%] Built target gazebo_ros_p3d
[2.811s] [ 11%] Built target gazebo_ros_imu_sensor
[2.811s] [ 14%] Built target gazebo_ros_diff_drive
[2.812s] [ 16%] Built target gazebo_ros_joint_state_publisher
[2.812s] [ 19%] Built target gazebo_ros_tricycle_drive
[2.842s] [ 21%] Built target gazebo_ros_template
[2.850s] [ 23%] Built target gazebo_ros_harness
[2.851s] [ 26%] Built target gazebo_ros_ft_sensor
[2.852s] [ 28%] Built target gazebo_ros_ray_sensor
[2.854s] [ 30%] Built target gazebo_ros_bumper
[2.854s] [ 33%] Built target gazebo_ros_video
[2.855s] [ 35%] Built target gazebo_ros_hand_of_god
[2.864s] [ 38%] Built target gazebo_ros_ackermann_drive
[2.874s] [ 40%] Built target gtest
[2.883s] [ 42%] Built target gtest_main
[2.887s] [ 45%] Built target gazebo_ros_planar_move
[2.888s] [ 47%] Built target gazebo_ros_elevator
[2.891s] [ 50%] Built target gazebo_ros_wheel_slip
[2.892s] [ 52%] Built target gazebo_ros_joint_pose_trajectory
[2.893s] [ 54%] Built target gazebo_ros_vacuum_gripper
[2.895s] [ 57%] Built target gazebo_ros_projector
[2.917s] [ 59%] Built target gazebo_ros_camera
[2.933s] [ 64%] Built target test_gazebo_ros_planar_move
[2.933s] [ 64%] Built target test_gazebo_ros_joint_pose_trajectory
[2.934s] [ 66%] Built target test_gazebo_ros_ray_sensor
[2.937s] [ 69%] Built target test_gazebo_ros_elevator
[2.937s] [ 73%] Built target test_gazebo_ros_ackermann_drive
[2.937s] [ 73%] Built target test_gazebo_ros_p3d
[2.941s] [ 76%] Built target test_gazebo_ros_force
[2.966s] [ 78%] Built target test_gazebo_ros_tricycle_drive
[2.979s] [ 84%] Built target test_gazebo_ros_hand_of_god
[2.979s] [ 84%] Built target test_gazebo_ros_vacuum_gripper
[2.979s] [ 85%] Built target test_gazebo_ros_harness
[2.983s] [ 88%] Built target test_gazebo_ros_gps_sensor
[2.983s] [ 90%] Built target test_gazebo_ros_imu_sensor
[2.987s] [ 92%] Built target test_gazebo_ros_bumper
[2.988s] [ 95%] Built target test_gazebo_ros_ft_sensor
[3.003s] [ 97%] Built target test_gazebo_ros_diff_drive
[3.012s] [100%] Built target test_gazebo_ros_joint_state_publisher
[3.020s] Invoked command in '/home/ravi/pmb2_foxy_ws/build/gazebo_plugins' returned '0': CMAKE_PREFIX_PATH=/home/ravi/pmb2_foxy_ws/install/gazebo_ros:/home/ravi/pmb2_foxy_ws/install/gazebo_msgs:/home/ravi/pmb2_foxy_ws/install/gazebo_dev:/home/ravi/pmb2_foxy_ws/install/gazebo_ros_pkgs:/home/ravi/pmb2_foxy_ws/install/gazebo_plugins:/home/ravi/pmb2_foxy_ws/install/pal_gazebo_worlds:/home/ravi/pmb2_foxy_ws/install/pmb2_simulation:/home/ravi/pmb2_foxy_ws/install/pmb2_navigation:/home/ravi/pmb2_foxy_ws/install/pmb2_2dnav_gazebo:/home/ravi/pmb2_foxy_ws/install/pmb2_2dnav:/home/ravi/pmb2_foxy_ws/install/pmb2_maps:/home/ravi/pmb2_foxy_ws/install/pmb2_gazebo:/home/ravi/pmb2_foxy_ws/install/pmb2_robot:/home/ravi/pmb2_foxy_ws/install/pmb2_bringup:/home/ravi/pmb2_foxy_ws/install/pmb2_description:/home/ravi/pmb2_foxy_ws/install/pmb2_controller_configuration:/home/ravi/pmb2_foxy_ws/install/launch_pal:/opt/ros/foxy LD_LIBRARY_PATH=/home/ravi/pmb2_foxy_ws/install/gazebo_ros/lib:/home/ravi/pmb2_foxy_ws/install/gazebo_msgs/lib:/usr/lib/x86_64-linux-gnu/gazebo-11/plugins:/home/ravi/pmb2_foxy_ws/install/gazebo_plugins/lib:/opt/ros/foxy/opt/yaml_cpp_vendor/lib:/opt/ros/foxy/opt/rviz_ogre_vendor/lib:/opt/ros/foxy/lib/x86_64-linux-gnu:/opt/ros/foxy/lib /usr/bin/cmake --build /home/ravi/pmb2_foxy_ws/build/gazebo_plugins -- -j8 -l8
[3.093s] Invoking command in '/home/ravi/pmb2_foxy_ws/build/gazebo_plugins': CMAKE_PREFIX_PATH=/home/ravi/pmb2_foxy_ws/install/gazebo_ros:/home/ravi/pmb2_foxy_ws/install/gazebo_msgs:/home/ravi/pmb2_foxy_ws/install/gazebo_dev:/home/ravi/pmb2_foxy_ws/install/gazebo_ros_pkgs:/home/ravi/pmb2_foxy_ws/install/gazebo_plugins:/home/ravi/pmb2_foxy_ws/install/pal_gazebo_worlds:/home/ravi/pmb2_foxy_ws/install/pmb2_simulation:/home/ravi/pmb2_foxy_ws/install/pmb2_navigation:/home/ravi/pmb2_foxy_ws/install/pmb2_2dnav_gazebo:/home/ravi/pmb2_foxy_ws/install/pmb2_2dnav:/home/ravi/pmb2_foxy_ws/install/pmb2_maps:/home/ravi/pmb2_foxy_ws/install/pmb2_gazebo:/home/ravi/pmb2_foxy_ws/install/pmb2_robot:/home/ravi/pmb2_foxy_ws/install/pmb2_bringup:/home/ravi/pmb2_foxy_ws/install/pmb2_description:/home/ravi/pmb2_foxy_ws/install/pmb2_controller_configuration:/home/ravi/pmb2_foxy_ws/install/launch_pal:/opt/ros/foxy LD_LIBRARY_PATH=/home/ravi/pmb2_foxy_ws/install/gazebo_ros/lib:/home/ravi/pmb2_foxy_ws/install/gazebo_msgs/lib:/usr/lib/x86_64-linux-gnu/gazebo-11/plugins:/home/ravi/pmb2_foxy_ws/install/gazebo_plugins/lib:/opt/ros/foxy/opt/yaml_cpp_vendor/lib:/opt/ros/foxy/opt/rviz_ogre_vendor/lib:/opt/ros/foxy/lib/x86_64-linux-gnu:/opt/ros/foxy/lib /usr/bin/cmake --install /home/ravi/pmb2_foxy_ws/build/gazebo_plugins
[3.099s] -- Install configuration: ""
[3.099s] -- Execute custom install script
[3.099s] -- Up-to-date symlink: /home/ravi/pmb2_foxy_ws/install/gazebo_plugins/share/gazebo_plugins/environment/library_path.sh
[3.099s] -- Up-to-date symlink: /home/ravi/pmb2_foxy_ws/install/gazebo_plugins/share/gazebo_plugins/environment/library_path.dsv
[3.100s] -- Up-to-date symlink: /home/ravi/pmb2_foxy_ws/install/gazebo_plugins/share/gazebo_plugins/environment/gazebo_plugins.sh
[3.100s] -- Up-to-date symlink: /home/ravi/pmb2_foxy_ws/install/gazebo_plugins/share/gazebo_plugins/environment/gazebo_plugins.dsv
[3.100s] -- Up-to-date symlink: /home/ravi/pmb2_foxy_ws/install/gazebo_plugins/share/ament_index/resource_index/package_run_dependencies/gazebo_plugins
[3.100s] -- Up-to-date symlink: /home/ravi/pmb2_foxy_ws/install/gazebo_plugins/share/ament_index/resource_index/parent_prefix_path/gazebo_plugins
[3.100s] -- Up-to-date symlink: /home/ravi/pmb2_foxy_ws/install/gazebo_plugins/share/gazebo_plugins/environment/ament_prefix_path.sh
[3.100s] -- Up-to-date symlink: /home/ravi/pmb2_foxy_ws/install/gazebo_plugins/share/gazebo_plugins/environment/ament_prefix_path.dsv
[3.100s] -- Up-to-date symlink: /home/ravi/pmb2_foxy_ws/install/gazebo_plugins/share/gazebo_plugins/environment/path.sh
[3.101s] -- Up-to-date symlink: /home/ravi/pmb2_foxy_ws/install/gazebo_plugins/share/gazebo_plugins/environment/path.dsv
[3.101s] -- Up-to-date symlink: /home/ravi/pmb2_foxy_ws/install/gazebo_plugins/share/gazebo_plugins/local_setup.bash
[3.101s] -- Up-to-date symlink: /home/ravi/pmb2_foxy_ws/install/gazebo_plugins/share/gazebo_plugins/local_setup.sh
[3.101s] -- Up-to-date symlink: /home/ravi/pmb2_foxy_ws/install/gazebo_plugins/share/gazebo_plugins/local_setup.zsh
[3.101s] -- Up-to-date symlink: /home/ravi/pmb2_foxy_ws/install/gazebo_plugins/share/gazebo_plugins/local_setup.dsv
[3.101s] -- Symlinking: /home/ravi/pmb2_foxy_ws/install/gazebo_plugins/share/gazebo_plugins/package.dsv
[3.107s] -- Up-to-date symlink: /home/ravi/pmb2_foxy_ws/install/gazebo_plugins/share/ament_index/resource_index/packages/gazebo_plugins
[3.107s] -- Up-to-date symlink: /home/ravi/pmb2_foxy_ws/install/gazebo_plugins/share/gazebo_plugins/cmake/ament_cmake_export_libraries-extras.cmake
[3.107s] -- Up-to-date symlink: /home/ravi/pmb2_foxy_ws/install/gazebo_plugins/share/gazebo_plugins/cmake/ament_cmake_export_include_directories-extras.cmake
[3.108s] -- Up-to-date symlink: /home/ravi/pmb2_foxy_ws/install/gazebo_plugins/share/gazebo_plugins/cmake/ament_cmake_export_dependencies-extras.cmake
[3.108s] -- Up-to-date symlink: /home/ravi/pmb2_foxy_ws/install/gazebo_plugins/share/gazebo_plugins/cmake/gazebo_pluginsConfig.cmake
[3.108s] -- Up-to-date symlink: /home/ravi/pmb2_foxy_ws/install/gazebo_plugins/share/gazebo_plugins/cmake/gazebo_pluginsConfig-version.cmake
[3.108s] -- Up-to-date symlink: /home/ravi/pmb2_foxy_ws/install/gazebo_plugins/share/gazebo_plugins/package.xml
[3.108s] -- Up-to-date symlink: /home/ravi/pmb2_foxy_ws/install/gazebo_plugins/include/gazebo_plugins/gazebo_ros_ackermann_drive.hpp
[3.108s] -- Up-to-date symlink: /home/ravi/pmb2_foxy_ws/install/gazebo_plugins/include/gazebo_plugins/gazebo_ros_bumper.hpp
[3.108s] -- Up-to-date symlink: /home/ravi/pmb2_foxy_ws/install/gazebo_plugins/include/gazebo_plugins/gazebo_ros_camera.hpp
[3.108s] -- Up-to-date symlink: /home/ravi/pmb2_foxy_ws/install/gazebo_plugins/include/gazebo_plugins/gazebo_ros_diff_drive.hpp
[3.108s] -- Up-to-date symlink: /home/ravi/pmb2_foxy_ws/install/gazebo_plugins/include/gazebo_plugins/gazebo_ros_elevator.hpp
[3.109s] -- Up-to-date symlink: /home/ravi/pmb2_foxy_ws/install/gazebo_plugins/include/gazebo_plugins/gazebo_ros_force.hpp
[3.109s] -- Up-to-date symlink: /home/ravi/pmb2_foxy_ws/install/gazebo_plugins/include/gazebo_plugins/gazebo_ros_ft_sensor.hpp
[3.109s] -- Up-to-date symlink: /home/ravi/pmb2_foxy_ws/install/gazebo_plugins/include/gazebo_plugins/gazebo_ros_gps_sensor.hpp
[3.109s] -- Up-to-date symlink: /home/ravi/pmb2_foxy_ws/install/gazebo_plugins/include/gazebo_plugins/gazebo_ros_hand_of_god.hpp
[3.109s] -- Up-to-date symlink: /home/ravi/pmb2_foxy_ws/install/gazebo_plugins/include/gazebo_plugins/gazebo_ros_harness.hpp
[3.109s] -- Up-to-date symlink: /home/ravi/pmb2_foxy_ws/install/gazebo_plugins/include/gazebo_plugins/gazebo_ros_imu_sensor.hpp
[3.109s] -- Up-to-date symlink: /home/ravi/pmb2_foxy_ws/install/gazebo_plugins/include/gazebo_plugins/gazebo_ros_joint_pose_trajectory.hpp
[3.109s] -- Up-to-date symlink: /home/ravi/pmb2_foxy_ws/install/gazebo_plugins/include/gazebo_plugins/gazebo_ros_joint_state_publisher.hpp
[3.109s] -- Up-to-date symlink: /home/ravi/pmb2_foxy_ws/install/gazebo_plugins/include/gazebo_plugins/gazebo_ros_p3d.hpp
[3.109s] -- Up-to-date symlink: /home/ravi/pmb2_foxy_ws/install/gazebo_plugins/include/gazebo_plugins/gazebo_ros_planar_move.hpp
[3.109s] -- Up-to-date symlink: /home/ravi/pmb2_foxy_ws/install/gazebo_plugins/include/gazebo_plugins/gazebo_ros_projector.hpp
[3.109s] -- Up-to-date symlink: /home/ravi/pmb2_foxy_ws/install/gazebo_plugins/include/gazebo_plugins/gazebo_ros_ray_sensor.hpp
[3.110s] -- Up-to-date symlink: /home/ravi/pmb2_foxy_ws/install/gazebo_plugins/include/gazebo_plugins/gazebo_ros_template.hpp
[3.110s] -- Up-to-date symlink: /home/ravi/pmb2_foxy_ws/install/gazebo_plugins/include/gazebo_plugins/gazebo_ros_tricycle_drive.hpp
[3.110s] -- Up-to-date symlink: /home/ravi/pmb2_foxy_ws/install/gazebo_plugins/include/gazebo_plugins/gazebo_ros_vacuum_gripper.hpp
[3.110s] -- Up-to-date symlink: /home/ravi/pmb2_foxy_ws/install/gazebo_plugins/include/gazebo_plugins/gazebo_ros_video.hpp
[3.110s] -- Up-to-date symlink: /home/ravi/pmb2_foxy_ws/install/gazebo_plugins/include/gazebo_plugins/gazebo_ros_wheel_slip.hpp
[3.110s] -- Up-to-date symlink: /home/ravi/pmb2_foxy_ws/install/gazebo_plugins/include/gazebo_plugins/multi_camera_plugin.hpp
[3.110s] -- Up-to-date symlink: /home/ravi/pmb2_foxy_ws/install/gazebo_plugins/lib/libgazebo_ros_ackermann_drive.so
[3.110s] -- Up-to-date symlink: /home/ravi/pmb2_foxy_ws/install/gazebo_plugins/lib/libgazebo_ros_bumper.so
[3.111s] -- Up-to-date symlink: /home/ravi/pmb2_foxy_ws/install/gazebo_plugins/lib/libgazebo_ros_camera.so
[3.111s] -- Up-to-date symlink: /home/ravi/pmb2_foxy_ws/install/gazebo_plugins/lib/libgazebo_ros_diff_drive.so
[3.111s] -- Up-to-date symlink: /home/ravi/pmb2_foxy_ws/install/gazebo_plugins/lib/libgazebo_ros_elevator.so
[3.111s] -- Up-to-date symlink: /home/ravi/pmb2_foxy_ws/install/gazebo_plugins/lib/libgazebo_ros_force.so
[3.111s] -- Up-to-date symlink: /home/ravi/pmb2_foxy_ws/install/gazebo_plugins/lib/libgazebo_ros_ft_sensor.so
[3.111s] -- Up-to-date symlink: /home/ravi/pmb2_foxy_ws/install/gazebo_plugins/lib/libgazebo_ros_hand_of_god.so
[3.111s] -- Up-to-date symlink: /home/ravi/pmb2_foxy_ws/install/gazebo_plugins/lib/libgazebo_ros_harness.so
[3.111s] -- Up-to-date symlink: /home/ravi/pmb2_foxy_ws/install/gazebo_plugins/lib/libgazebo_ros_imu_sensor.so
[3.112s] -- Up-to-date symlink: /home/ravi/pmb2_foxy_ws/install/gazebo_plugins/lib/libgazebo_ros_gps_sensor.so
[3.112s] -- Up-to-date symlink: /home/ravi/pmb2_foxy_ws/install/gazebo_plugins/lib/libgazebo_ros_joint_pose_trajectory.so
[3.112s] -- Up-to-date symlink: /home/ravi/pmb2_foxy_ws/install/gazebo_plugins/lib/libgazebo_ros_joint_state_publisher.so
[3.112s] -- Up-to-date symlink: /home/ravi/pmb2_foxy_ws/install/gazebo_plugins/lib/libgazebo_ros_planar_move.so
[3.112s] -- Up-to-date symlink: /home/ravi/pmb2_foxy_ws/install/gazebo_plugins/lib/libgazebo_ros_projector.so
[3.112s] -- Up-to-date symlink: /home/ravi/pmb2_foxy_ws/install/gazebo_plugins/lib/libgazebo_ros_ray_sensor.so
[3.112s] -- Up-to-date symlink: /home/ravi/pmb2_foxy_ws/install/gazebo_plugins/lib/libgazebo_ros_p3d.so
[3.112s] -- Up-to-date symlink: /home/ravi/pmb2_foxy_ws/install/gazebo_plugins/lib/libgazebo_ros_template.so
[3.113s] -- Up-to-date symlink: /home/ravi/pmb2_foxy_ws/install/gazebo_plugins/lib/libgazebo_ros_tricycle_drive.so
[3.113s] -- Up-to-date symlink: /home/ravi/pmb2_foxy_ws/install/gazebo_plugins/lib/libgazebo_ros_vacuum_gripper.so
[3.113s] -- Up-to-date symlink: /home/ravi/pmb2_foxy_ws/install/gazebo_plugins/lib/libgazebo_ros_video.so
[3.113s] -- Up-to-date symlink: /home/ravi/pmb2_foxy_ws/install/gazebo_plugins/lib/libmulti_camera_plugin.so
[3.113s] -- Up-to-date symlink: /home/ravi/pmb2_foxy_ws/install/gazebo_plugins/lib/libgazebo_ros_wheel_slip.so
[3.114s] -- Up-to-date symlink: /home/ravi/pmb2_foxy_ws/install/gazebo_plugins/share/gazebo_plugins//worlds/gazebo_ros_ackermann_drive_demo.world
[3.114s] -- Up-to-date symlink: /home/ravi/pmb2_foxy_ws/install/gazebo_plugins/share/gazebo_plugins//worlds/gazebo_ros_bumper_demo.world
[3.114s] -- Up-to-date symlink: /home/ravi/pmb2_foxy_ws/install/gazebo_plugins/share/gazebo_plugins//worlds/gazebo_ros_camera_demo.world
[3.114s] -- Up-to-date symlink: /home/ravi/pmb2_foxy_ws/install/gazebo_plugins/share/gazebo_plugins//worlds/gazebo_ros_camera_distortion_barrel_demo.world
[3.114s] -- Up-to-date symlink: /home/ravi/pmb2_foxy_ws/install/gazebo_plugins/share/gazebo_plugins//worlds/gazebo_ros_camera_distortion_pincushion_demo.world
[3.114s] -- Up-to-date symlink: /home/ravi/pmb2_foxy_ws/install/gazebo_plugins/share/gazebo_plugins//worlds/gazebo_ros_camera_triggered_demo.world
[3.114s] -- Up-to-date symlink: /home/ravi/pmb2_foxy_ws/install/gazebo_plugins/share/gazebo_plugins//worlds/gazebo_ros_depth_camera_demo.world
[3.114s] -- Up-to-date symlink: /home/ravi/pmb2_foxy_ws/install/gazebo_plugins/share/gazebo_plugins//worlds/gazebo_ros_diff_drive_demo.world
[3.114s] -- Up-to-date symlink: /home/ravi/pmb2_foxy_ws/install/gazebo_plugins/share/gazebo_plugins//worlds/gazebo_ros_elevator_demo.world
[3.114s] -- Up-to-date symlink: /home/ravi/pmb2_foxy_ws/install/gazebo_plugins/share/gazebo_plugins//worlds/gazebo_ros_force_demo.world
[3.114s] -- Up-to-date symlink: /home/ravi/pmb2_foxy_ws/install/gazebo_plugins/share/gazebo_plugins//worlds/gazebo_ros_ft_sensor_demo.world
[3.114s] -- Up-to-date symlink: /home/ravi/pmb2_foxy_ws/install/gazebo_plugins/share/gazebo_plugins//worlds/gazebo_ros_gps_sensor_demo.world
[3.115s] -- Up-to-date symlink: /home/ravi/pmb2_foxy_ws/install/gazebo_plugins/share/gazebo_plugins//worlds/gazebo_ros_hand_of_god_demo.world
[3.115s] -- Up-to-date symlink: /home/ravi/pmb2_foxy_ws/install/gazebo_plugins/share/gazebo_plugins//worlds/gazebo_ros_harness_demo.world
[3.115s] -- Up-to-date symlink: /home/ravi/pmb2_foxy_ws/install/gazebo_plugins/share/gazebo_plugins//worlds/gazebo_ros_joint_pose_trajectory_demo.world
[3.115s] -- Up-to-date symlink: /home/ravi/pmb2_foxy_ws/install/gazebo_plugins/share/gazebo_plugins//worlds/gazebo_ros_joint_state_publisher_demo.world
[3.115s] -- Up-to-date symlink: /home/ravi/pmb2_foxy_ws/install/gazebo_plugins/share/gazebo_plugins//worlds/gazebo_ros_multi_camera_demo.world
[3.115s] -- Up-to-date symlink: /home/ravi/pmb2_foxy_ws/install/gazebo_plugins/share/gazebo_plugins//worlds/gazebo_ros_multicamera_demo.world
[3.115s] -- Up-to-date symlink: /home/ravi/pmb2_foxy_ws/install/gazebo_plugins/share/gazebo_plugins//worlds/gazebo_ros_p3d_demo.world
[3.115s] -- Up-to-date symlink: /home/ravi/pmb2_foxy_ws/install/gazebo_plugins/share/gazebo_plugins//worlds/gazebo_ros_planar_move_demo.world
[3.115s] -- Up-to-date symlink: /home/ravi/pmb2_foxy_ws/install/gazebo_plugins/share/gazebo_plugins//worlds/gazebo_ros_projector_demo.world
[3.115s] -- Up-to-date symlink: /home/ravi/pmb2_foxy_ws/install/gazebo_plugins/share/gazebo_plugins//worlds/gazebo_ros_ray_sensor_demo.world
[3.115s] -- Up-to-date symlink: /home/ravi/pmb2_foxy_ws/install/gazebo_plugins/share/gazebo_plugins//worlds/gazebo_ros_skid_steer_drive_demo.world
[3.115s] -- Up-to-date symlink: /home/ravi/pmb2_foxy_ws/install/gazebo_plugins/share/gazebo_plugins//worlds/gazebo_ros_template_demo.world
[3.116s] -- Up-to-date symlink: /home/ravi/pmb2_foxy_ws/install/gazebo_plugins/share/gazebo_plugins//worlds/gazebo_ros_tricycle_drive_demo.world
[3.116s] -- Up-to-date symlink: /home/ravi/pmb2_foxy_ws/install/gazebo_plugins/share/gazebo_plugins//worlds/gazebo_ros_vacuum_gripper_demo.world
[3.116s] -- Up-to-date symlink: /home/ravi/pmb2_foxy_ws/install/gazebo_plugins/share/gazebo_plugins//worlds/gazebo_ros_video_demo.world
[3.116s] -- Up-to-date symlink: /home/ravi/pmb2_foxy_ws/install/gazebo_plugins/share/gazebo_plugins//worlds/gazebo_ros_wheel_slip_demo.world
[3.119s] Invoked command in '/home/ravi/pmb2_foxy_ws/build/gazebo_plugins' returned '0': CMAKE_PREFIX_PATH=/home/ravi/pmb2_foxy_ws/install/gazebo_ros:/home/ravi/pmb2_foxy_ws/install/gazebo_msgs:/home/ravi/pmb2_foxy_ws/install/gazebo_dev:/home/ravi/pmb2_foxy_ws/install/gazebo_ros_pkgs:/home/ravi/pmb2_foxy_ws/install/gazebo_plugins:/home/ravi/pmb2_foxy_ws/install/pal_gazebo_worlds:/home/ravi/pmb2_foxy_ws/install/pmb2_simulation:/home/ravi/pmb2_foxy_ws/install/pmb2_navigation:/home/ravi/pmb2_foxy_ws/install/pmb2_2dnav_gazebo:/home/ravi/pmb2_foxy_ws/install/pmb2_2dnav:/home/ravi/pmb2_foxy_ws/install/pmb2_maps:/home/ravi/pmb2_foxy_ws/install/pmb2_gazebo:/home/ravi/pmb2_foxy_ws/install/pmb2_robot:/home/ravi/pmb2_foxy_ws/install/pmb2_bringup:/home/ravi/pmb2_foxy_ws/install/pmb2_description:/home/ravi/pmb2_foxy_ws/install/pmb2_controller_configuration:/home/ravi/pmb2_foxy_ws/install/launch_pal:/opt/ros/foxy LD_LIBRARY_PATH=/home/ravi/pmb2_foxy_ws/install/gazebo_ros/lib:/home/ravi/pmb2_foxy_ws/install/gazebo_msgs/lib:/usr/lib/x86_64-linux-gnu/gazebo-11/plugins:/home/ravi/pmb2_foxy_ws/install/gazebo_plugins/lib:/opt/ros/foxy/opt/yaml_cpp_vendor/lib:/opt/ros/foxy/opt/rviz_ogre_vendor/lib:/opt/ros/foxy/lib/x86_64-linux-gnu:/opt/ros/foxy/lib /usr/bin/cmake --install /home/ravi/pmb2_foxy_ws/build/gazebo_plugins
