[0.050s] Invoking command in '/home/ravi/pmb2_foxy_ws/build/controller_interface': CMAKE_PREFIX_PATH=${CMAKE_PREFIX_PATH}:/home/ravi/pmb2_foxy_ws/install/launch_pal:/opt/ros/foxy /usr/bin/cmake /home/ravi/pmb2_foxy_ws/src/ros2_control/controller_interface -DCMAKE_INSTALL_PREFIX=/home/ravi/pmb2_foxy_ws/install/controller_interface
[0.259s] -- The C compiler identification is GNU 9.4.0
[0.260s] -- The CXX compiler identification is GNU 9.4.0
[0.261s] -- Check for working C compiler: /usr/bin/cc
[0.261s] -- Check for working C compiler: /usr/bin/cc -- works
[0.262s] -- Detecting C compiler ABI info
[0.262s] -- Detecting C compiler ABI info - done
[0.268s] -- Detecting C compile features
[0.268s] -- Detecting C compile features - done
[0.268s] -- Check for working CXX compiler: /usr/bin/c++
[0.345s] -- Check for working CXX compiler: /usr/bin/c++ -- works
[0.345s] -- Detecting CXX compiler ABI info
[0.422s] -- Detecting CXX compiler ABI info - done
[0.436s] -- Detecting CXX compile features
[0.436s] -- Detecting CXX compile features - done
[0.439s] -- Found ament_cmake: 0.9.9 (/opt/ros/foxy/share/ament_cmake/cmake)
[0.470s] -- Found PythonInterp: /usr/bin/python3 (found suitable version "3.8.10", minimum required is "3") 
[0.470s] -- Using PYTHON_EXECUTABLE: /usr/bin/python3
[0.650s] CMake Error at CMakeLists.txt:14 (find_package):
[0.651s]   By not providing "Findhardware_interface.cmake" in CMAKE_MODULE_PATH this
[0.651s]   project has asked CMake to find a package configuration file provided by
[0.651s]   "hardware_interface", but CMake did not find one.
[0.651s] 
[0.651s]   Could not find a package configuration file provided by
[0.651s]   "hardware_interface" with any of the following names:
[0.652s] 
[0.652s]     hardware_interfaceConfig.cmake
[0.652s]     hardware_interface-config.cmake
[0.652s] 
[0.652s]   Add the installation prefix of "hardware_interface" to CMAKE_PREFIX_PATH or
[0.652s]   set "hardware_interface_DIR" to a directory containing one of the above
[0.652s]   files.  If "hardware_interface" provides a separate development package or
[0.653s]   SDK, be sure it has been installed.
[0.653s] 
[0.653s] 
[0.653s] -- Configuring incomplete, errors occurred!
[0.653s] See also "/home/ravi/pmb2_foxy_ws/build/controller_interface/CMakeFiles/CMakeOutput.log".
[0.657s] Invoked command in '/home/ravi/pmb2_foxy_ws/build/controller_interface' returned '1': CMAKE_PREFIX_PATH=${CMAKE_PREFIX_PATH}:/home/ravi/pmb2_foxy_ws/install/launch_pal:/opt/ros/foxy /usr/bin/cmake /home/ravi/pmb2_foxy_ws/src/ros2_control/controller_interface -DCMAKE_INSTALL_PREFIX=/home/ravi/pmb2_foxy_ws/install/controller_interface
