[0.560s] Invoking command in '/home/ravi/pmb2_foxy_ws/build/launch_pal': PYTHONPATH=/home/ravi/pmb2_foxy_ws/install/launch_pal/lib/python3.8/site-packages:${PYTHONPATH} /usr/bin/python3 setup.py develop --prefix /home/ravi/pmb2_foxy_ws/install/launch_pal --uninstall --editable --build-directory /home/ravi/pmb2_foxy_ws/build/launch_pal/build
[0.712s] running develop
[0.814s] Removing /home/ravi/pmb2_foxy_ws/install/launch_pal/lib/python3.8/site-packages/launch-pal.egg-link (link to .)
[0.833s] Invoked command in '/home/ravi/pmb2_foxy_ws/build/launch_pal' returned '0': PYTHONPATH=/home/ravi/pmb2_foxy_ws/install/launch_pal/lib/python3.8/site-packages:${PYTHONPATH} /usr/bin/python3 setup.py develop --prefix /home/ravi/pmb2_foxy_ws/install/launch_pal --uninstall --editable --build-directory /home/ravi/pmb2_foxy_ws/build/launch_pal/build
[0.834s] Invoking command in '/home/ravi/pmb2_foxy_ws/src/launch_pal': PYTHONPATH=/home/ravi/pmb2_foxy_ws/install/launch_pal/lib/python3.8/site-packages:${PYTHONPATH} /usr/bin/python3 setup.py egg_info --egg-base ../../build/launch_pal build --build-base /home/ravi/pmb2_foxy_ws/build/launch_pal/build install --prefix /home/ravi/pmb2_foxy_ws/install/launch_pal --record /home/ravi/pmb2_foxy_ws/build/launch_pal/install.log --single-version-externally-managed
[0.970s] running egg_info
[0.971s] writing ../../build/launch_pal/launch_pal.egg-info/PKG-INFO
[0.971s] writing dependency_links to ../../build/launch_pal/launch_pal.egg-info/dependency_links.txt
[0.971s] writing entry points to ../../build/launch_pal/launch_pal.egg-info/entry_points.txt
[0.971s] writing requirements to ../../build/launch_pal/launch_pal.egg-info/requires.txt
[0.971s] writing top-level names to ../../build/launch_pal/launch_pal.egg-info/top_level.txt
[0.994s] reading manifest file '../../build/launch_pal/launch_pal.egg-info/SOURCES.txt'
[0.994s] writing manifest file '../../build/launch_pal/launch_pal.egg-info/SOURCES.txt'
[0.995s] running build
[0.995s] running build_py
[0.995s] running install
[0.996s] running install_lib
[0.996s] creating /home/ravi/pmb2_foxy_ws/install/launch_pal/lib/python3.8/site-packages/launch_pal
[0.996s] copying /home/ravi/pmb2_foxy_ws/build/launch_pal/build/lib/launch_pal/include_utils.py -> /home/ravi/pmb2_foxy_ws/install/launch_pal/lib/python3.8/site-packages/launch_pal
[0.996s] copying /home/ravi/pmb2_foxy_ws/build/launch_pal/build/lib/launch_pal/param_utils.py -> /home/ravi/pmb2_foxy_ws/install/launch_pal/lib/python3.8/site-packages/launch_pal
[0.996s] copying /home/ravi/pmb2_foxy_ws/build/launch_pal/build/lib/launch_pal/__init__.py -> /home/ravi/pmb2_foxy_ws/install/launch_pal/lib/python3.8/site-packages/launch_pal
[0.997s] byte-compiling /home/ravi/pmb2_foxy_ws/install/launch_pal/lib/python3.8/site-packages/launch_pal/include_utils.py to include_utils.cpython-38.pyc
[0.997s] byte-compiling /home/ravi/pmb2_foxy_ws/install/launch_pal/lib/python3.8/site-packages/launch_pal/param_utils.py to param_utils.cpython-38.pyc
[0.998s] byte-compiling /home/ravi/pmb2_foxy_ws/install/launch_pal/lib/python3.8/site-packages/launch_pal/__init__.py to __init__.cpython-38.pyc
[0.998s] running install_data
[0.998s] running install_egg_info
[0.999s] Copying ../../build/launch_pal/launch_pal.egg-info to /home/ravi/pmb2_foxy_ws/install/launch_pal/lib/python3.8/site-packages/launch_pal-0.0.0-py3.8.egg-info
[1.000s] running install_scripts
[1.011s] writing list of installed files to '/home/ravi/pmb2_foxy_ws/build/launch_pal/install.log'
[1.029s] Invoked command in '/home/ravi/pmb2_foxy_ws/src/launch_pal' returned '0': PYTHONPATH=/home/ravi/pmb2_foxy_ws/install/launch_pal/lib/python3.8/site-packages:${PYTHONPATH} /usr/bin/python3 setup.py egg_info --egg-base ../../build/launch_pal build --build-base /home/ravi/pmb2_foxy_ws/build/launch_pal/build install --prefix /home/ravi/pmb2_foxy_ws/install/launch_pal --record /home/ravi/pmb2_foxy_ws/build/launch_pal/install.log --single-version-externally-managed
