[0.134s] Invoking command in '/home/ravi/pmb2_foxy_ws/build/pmb2_maps': CMAKE_PREFIX_PATH=${CMAKE_PREFIX_PATH}:/home/ravi/pmb2_foxy_ws/install/launch_pal:/opt/ros/foxy /usr/bin/cmake /home/ravi/pmb2_foxy_ws/src/pmb2_navigation/pmb2_maps -DAMENT_CMAKE_SYMLINK_INSTALL=1 -DCMAKE_INSTALL_PREFIX=/home/ravi/pmb2_foxy_ws/install/pmb2_maps
[0.168s] -- The C compiler identification is GNU 9.4.0
[0.203s] -- The CXX compiler identification is GNU 9.4.0
[0.206s] -- Check for working C compiler: /usr/bin/cc
[0.250s] -- Check for working C compiler: /usr/bin/cc -- works
[0.250s] -- Detecting C compiler ABI info
[0.296s] -- Detecting C compiler ABI info - done
[0.303s] -- Detecting C compile features
[0.303s] -- Detecting C compile features - done
[0.305s] -- Check for working CXX compiler: /usr/bin/c++
[0.357s] -- Check for working CXX compiler: /usr/bin/c++ -- works
[0.358s] -- Detecting CXX compiler ABI info
[0.410s] -- Detecting CXX compiler ABI info - done
[0.424s] -- Detecting CXX compile features
[0.424s] -- Detecting CXX compile features - done
[0.426s] -- Found ament_cmake_auto: 0.9.9 (/opt/ros/foxy/share/ament_cmake_auto/cmake)
[0.445s] -- Found PythonInterp: /usr/bin/python3 (found suitable version "3.8.10", minimum required is "3") 
[0.446s] -- Using PYTHON_EXECUTABLE: /usr/bin/python3
[0.554s] -- Override CMake install command with custom implementation using symlinks instead of copying resources
[0.618s] -- Configuring done
[0.619s] -- Generating done
[0.619s] -- Build files have been written to: /home/ravi/pmb2_foxy_ws/build/pmb2_maps
[0.623s] Invoked command in '/home/ravi/pmb2_foxy_ws/build/pmb2_maps' returned '0': CMAKE_PREFIX_PATH=${CMAKE_PREFIX_PATH}:/home/ravi/pmb2_foxy_ws/install/launch_pal:/opt/ros/foxy /usr/bin/cmake /home/ravi/pmb2_foxy_ws/src/pmb2_navigation/pmb2_maps -DAMENT_CMAKE_SYMLINK_INSTALL=1 -DCMAKE_INSTALL_PREFIX=/home/ravi/pmb2_foxy_ws/install/pmb2_maps
[0.624s] Invoking command in '/home/ravi/pmb2_foxy_ws/build/pmb2_maps': CMAKE_PREFIX_PATH=${CMAKE_PREFIX_PATH}:/home/ravi/pmb2_foxy_ws/install/launch_pal:/opt/ros/foxy /usr/bin/cmake --build /home/ravi/pmb2_foxy_ws/build/pmb2_maps -- -j8 -l8
[0.648s] Invoked command in '/home/ravi/pmb2_foxy_ws/build/pmb2_maps' returned '0': CMAKE_PREFIX_PATH=${CMAKE_PREFIX_PATH}:/home/ravi/pmb2_foxy_ws/install/launch_pal:/opt/ros/foxy /usr/bin/cmake --build /home/ravi/pmb2_foxy_ws/build/pmb2_maps -- -j8 -l8
[0.672s] Invoking command in '/home/ravi/pmb2_foxy_ws/build/pmb2_maps': CMAKE_PREFIX_PATH=${CMAKE_PREFIX_PATH}:/home/ravi/pmb2_foxy_ws/install/launch_pal:/opt/ros/foxy /usr/bin/cmake --install /home/ravi/pmb2_foxy_ws/build/pmb2_maps
[0.677s] -- Install configuration: ""
[0.677s] -- Execute custom install script
[0.678s] -- Symlinking: /home/ravi/pmb2_foxy_ws/install/pmb2_maps/share/pmb2_maps/config/map.pgm
[0.684s] -- Symlinking: /home/ravi/pmb2_foxy_ws/install/pmb2_maps/share/pmb2_maps/config/map.yaml
[0.689s] -- Symlinking: /home/ravi/pmb2_foxy_ws/install/pmb2_maps/share/pmb2_maps/config/mmap.yaml
[0.695s] -- Symlinking: /home/ravi/pmb2_foxy_ws/install/pmb2_maps/share/pmb2_maps/configurations/pal_office/map.pgm
[0.702s] -- Symlinking: /home/ravi/pmb2_foxy_ws/install/pmb2_maps/share/pmb2_maps/configurations/pal_office/map.yaml
[0.707s] -- Symlinking: /home/ravi/pmb2_foxy_ws/install/pmb2_maps/share/pmb2_maps/configurations/pal_office/mmap.yaml
[0.713s] -- Symlinking: /home/ravi/pmb2_foxy_ws/install/pmb2_maps/share/pmb2_maps/configurations/small_office/map.bmp
[0.718s] -- Symlinking: /home/ravi/pmb2_foxy_ws/install/pmb2_maps/share/pmb2_maps/configurations/small_office/map.bt
[0.724s] -- Symlinking: /home/ravi/pmb2_foxy_ws/install/pmb2_maps/share/pmb2_maps/configurations/small_office/map.ot
[0.729s] -- Symlinking: /home/ravi/pmb2_foxy_ws/install/pmb2_maps/share/pmb2_maps/configurations/small_office/map.pgm
[0.734s] -- Symlinking: /home/ravi/pmb2_foxy_ws/install/pmb2_maps/share/pmb2_maps/configurations/small_office/map.yaml
[0.739s] -- Symlinking: /home/ravi/pmb2_foxy_ws/install/pmb2_maps/share/pmb2_maps/configurations/small_office/mmap.yaml
[0.744s] -- Symlinking: /home/ravi/pmb2_foxy_ws/install/pmb2_maps/share/pmb2_maps/configurations/small_office/transformation.yaml
[0.750s] -- Symlinking: /home/ravi/pmb2_foxy_ws/install/pmb2_maps/share/ament_index/resource_index/package_run_dependencies/pmb2_maps
[0.755s] -- Symlinking: /home/ravi/pmb2_foxy_ws/install/pmb2_maps/share/ament_index/resource_index/parent_prefix_path/pmb2_maps
[0.760s] -- Symlinking: /home/ravi/pmb2_foxy_ws/install/pmb2_maps/share/pmb2_maps/environment/ament_prefix_path.sh
[0.765s] -- Symlinking: /home/ravi/pmb2_foxy_ws/install/pmb2_maps/share/pmb2_maps/environment/ament_prefix_path.dsv
[0.771s] -- Symlinking: /home/ravi/pmb2_foxy_ws/install/pmb2_maps/share/pmb2_maps/environment/path.sh
[0.776s] -- Symlinking: /home/ravi/pmb2_foxy_ws/install/pmb2_maps/share/pmb2_maps/environment/path.dsv
[0.781s] -- Symlinking: /home/ravi/pmb2_foxy_ws/install/pmb2_maps/share/pmb2_maps/local_setup.bash
[0.786s] -- Symlinking: /home/ravi/pmb2_foxy_ws/install/pmb2_maps/share/pmb2_maps/local_setup.sh
[0.791s] -- Symlinking: /home/ravi/pmb2_foxy_ws/install/pmb2_maps/share/pmb2_maps/local_setup.zsh
[0.796s] -- Symlinking: /home/ravi/pmb2_foxy_ws/install/pmb2_maps/share/pmb2_maps/local_setup.dsv
[0.802s] -- Symlinking: /home/ravi/pmb2_foxy_ws/install/pmb2_maps/share/pmb2_maps/package.dsv
[0.807s] -- Symlinking: /home/ravi/pmb2_foxy_ws/install/pmb2_maps/share/ament_index/resource_index/packages/pmb2_maps
[0.812s] -- Symlinking: /home/ravi/pmb2_foxy_ws/install/pmb2_maps/share/pmb2_maps/cmake/pmb2_mapsConfig.cmake
[0.818s] -- Symlinking: /home/ravi/pmb2_foxy_ws/install/pmb2_maps/share/pmb2_maps/cmake/pmb2_mapsConfig-version.cmake
[0.823s] -- Symlinking: /home/ravi/pmb2_foxy_ws/install/pmb2_maps/share/pmb2_maps/package.xml
[0.832s] Invoked command in '/home/ravi/pmb2_foxy_ws/build/pmb2_maps' returned '0': CMAKE_PREFIX_PATH=${CMAKE_PREFIX_PATH}:/home/ravi/pmb2_foxy_ws/install/launch_pal:/opt/ros/foxy /usr/bin/cmake --install /home/ravi/pmb2_foxy_ws/build/pmb2_maps
