[  0%] Built target controller_manager_msgs__cpp
[ 12%] Built target controller_manager_msgs__rosidl_generator_c
[ 24%] Built target controller_manager_msgs__rosidl_typesupport_cpp
[ 36%] Built target controller_manager_msgs__rosidl_typesupport_c
[ 48%] Built target controller_manager_msgs__rosidl_typesupport_introspection_c
[ 48%] [32m[1mLinking CXX shared library libcontroller_manager_msgs__rosidl_typesupport_fastrtps_cpp.so[0m
[ 60%] Built target controller_manager_msgs__rosidl_typesupport_introspection_cpp
[ 72%] Built target controller_manager_msgs__rosidl_typesupport_fastrtps_cpp
[ 73%] [32m[1mLinking CXX shared library libcontroller_manager_msgs__rosidl_typesupport_fastrtps_c.so[0m
[ 84%] Built target controller_manager_msgs__rosidl_typesupport_fastrtps_c
[ 84%] Built target controller_manager_msgs
[ 85%] Built target controller_manager_msgs__py
[ 86%] [32m[1mLinking C shared library rosidl_generator_py/controller_manager_msgs/libcontroller_manager_msgs__python.so[0m
[ 96%] Built target controller_manager_msgs__python
[ 96%] [32m[1mLinking CXX shared library rosidl_generator_py/controller_manager_msgs/controller_manager_msgs_s__rosidl_typesupport_fastrtps_c.cpython-38-x86_64-linux-gnu.so[0m
[ 97%] [32m[1mLinking C shared library rosidl_generator_py/controller_manager_msgs/controller_manager_msgs_s__rosidl_typesupport_introspection_c.cpython-38-x86_64-linux-gnu.so[0m
[ 97%] [32m[1mLinking C shared library rosidl_generator_py/controller_manager_msgs/controller_manager_msgs_s__rosidl_typesupport_c.cpython-38-x86_64-linux-gnu.so[0m
[ 98%] Built target controller_manager_msgs__rosidl_typesupport_c__pyext
[ 99%] Built target controller_manager_msgs__rosidl_typesupport_introspection_c__pyext
[100%] Built target controller_manager_msgs__rosidl_typesupport_fastrtps_c__pyext
