[0.032s] Invoking command in '/home/ravi/pmb2_foxy_ws/build/controller_manager_msgs': CMAKE_PREFIX_PATH=${CMAKE_PREFIX_PATH}:/home/ravi/pmb2_foxy_ws/install/launch_pal:/opt/ros/foxy /usr/bin/cmake --build /home/ravi/pmb2_foxy_ws/build/controller_manager_msgs -- -j8 -l8
[0.072s] [  0%] Built target controller_manager_msgs__cpp
[0.075s] [ 12%] Built target controller_manager_msgs__rosidl_generator_c
[0.096s] [ 24%] Built target controller_manager_msgs__rosidl_typesupport_cpp
[0.098s] [ 36%] Built target controller_manager_msgs__rosidl_typesupport_c
[0.099s] [ 48%] Built target controller_manager_msgs__rosidl_typesupport_introspection_c
[0.103s] [ 48%] [32m[1mLinking CXX shared library libcontroller_manager_msgs__rosidl_typesupport_fastrtps_cpp.so[0m
[0.106s] [ 60%] Built target controller_manager_msgs__rosidl_typesupport_introspection_cpp
[0.184s] [ 72%] Built target controller_manager_msgs__rosidl_typesupport_fastrtps_cpp
[0.206s] [ 73%] [32m[1mLinking CXX shared library libcontroller_manager_msgs__rosidl_typesupport_fastrtps_c.so[0m
[0.270s] [ 84%] Built target controller_manager_msgs__rosidl_typesupport_fastrtps_c
[0.288s] [ 84%] Built target controller_manager_msgs
[0.305s] [ 85%] Built target controller_manager_msgs__py
[0.329s] [ 86%] [32m[1mLinking C shared library rosidl_generator_py/controller_manager_msgs/libcontroller_manager_msgs__python.so[0m
[0.360s] [ 96%] Built target controller_manager_msgs__python
[0.384s] [ 96%] [32m[1mLinking CXX shared library rosidl_generator_py/controller_manager_msgs/controller_manager_msgs_s__rosidl_typesupport_fastrtps_c.cpython-38-x86_64-linux-gnu.so[0m
[0.384s] [ 97%] [32m[1mLinking C shared library rosidl_generator_py/controller_manager_msgs/controller_manager_msgs_s__rosidl_typesupport_introspection_c.cpython-38-x86_64-linux-gnu.so[0m
[0.384s] [ 97%] [32m[1mLinking C shared library rosidl_generator_py/controller_manager_msgs/controller_manager_msgs_s__rosidl_typesupport_c.cpython-38-x86_64-linux-gnu.so[0m
[0.415s] [ 98%] Built target controller_manager_msgs__rosidl_typesupport_c__pyext
[0.416s] [ 99%] Built target controller_manager_msgs__rosidl_typesupport_introspection_c__pyext
[0.431s] [100%] Built target controller_manager_msgs__rosidl_typesupport_fastrtps_c__pyext
