[0.014s] Invoking command in '/home/ravi/pmb2_foxy_ws/build/controller_manager': CMAKE_PREFIX_PATH=/home/ravi/pmb2_foxy_ws/install/controller_interface:/home/ravi/pmb2_foxy_ws/install/hardware_interface:/home/ravi/pmb2_foxy_ws/install/ros2_control_test_assets:/home/ravi/pmb2_foxy_ws/install/controller_manager_msgs:/home/ravi/pmb2_foxy_ws/install/transmission_interface:/home/ravi/pmb2_foxy_ws/install/ros2_control:/home/ravi/pmb2_foxy_ws/install/controller_manager:/home/ravi/pmb2_foxy_ws/install/gazebo_ros_pkgs:/home/ravi/pmb2_foxy_ws/install/gazebo_plugins:/home/ravi/pmb2_foxy_ws/install/gazebo_ros:/home/ravi/pmb2_foxy_ws/install/gazebo_msgs:/home/ravi/pmb2_foxy_ws/install/gazebo_dev:/home/ravi/pmb2_foxy_ws/install/pal_gazebo_worlds:/home/ravi/pmb2_foxy_ws/install/pmb2_simulation:/home/ravi/pmb2_foxy_ws/install/pmb2_navigation:/home/ravi/pmb2_foxy_ws/install/pmb2_2dnav_gazebo:/home/ravi/pmb2_foxy_ws/install/pmb2_2dnav:/home/ravi/pmb2_foxy_ws/install/pmb2_maps:/home/ravi/pmb2_foxy_ws/install/pmb2_gazebo:/home/ravi/pmb2_foxy_ws/install/pmb2_robot:/home/ravi/pmb2_foxy_ws/install/pmb2_bringup:/home/ravi/pmb2_foxy_ws/install/pmb2_description:/home/ravi/pmb2_foxy_ws/install/pmb2_controller_configuration:/home/ravi/pmb2_foxy_ws/install/ros2controlcli:/home/ravi/pmb2_foxy_ws/install/launch_pal:/opt/ros/foxy LD_LIBRARY_PATH=/home/ravi/pmb2_foxy_ws/install/controller_interface/lib:/home/ravi/pmb2_foxy_ws/install/hardware_interface/lib:/home/ravi/pmb2_foxy_ws/install/controller_manager_msgs/lib:/home/ravi/pmb2_foxy_ws/install/controller_manager/lib:/usr/lib/x86_64-linux-gnu/gazebo-11/plugins:/home/ravi/pmb2_foxy_ws/install/gazebo_plugins/lib:/home/ravi/pmb2_foxy_ws/install/gazebo_ros/lib:/home/ravi/pmb2_foxy_ws/install/gazebo_msgs/lib:/opt/ros/foxy/opt/yaml_cpp_vendor/lib:/opt/ros/foxy/opt/rviz_ogre_vendor/lib:/opt/ros/foxy/lib/x86_64-linux-gnu:/opt/ros/foxy/lib PYTHONPATH=/home/ravi/pmb2_foxy_ws/install/controller_manager_msgs/lib/python3.8/site-packages:/home/ravi/pmb2_foxy_ws/install/ros2controlcli/lib/python3.8/site-packages:/home/ravi/pmb2_foxy_ws/install/controller_manager/lib/python3.8/site-packages:/home/ravi/pmb2_foxy_ws/install/gazebo_ros/lib/python3.8/site-packages:/home/ravi/pmb2_foxy_ws/install/gazebo_msgs/lib/python3.8/site-packages:/home/ravi/pmb2_foxy_ws/build/launch_pal:/home/ravi/pmb2_foxy_ws/install/launch_pal/lib/python3.8/site-packages:/home/ravi/pmb2_foxy_ws/install/pmb2_description/lib/python3.8/site-packages:/opt/ros/foxy/lib/python3.8/site-packages /usr/bin/cmake --build /home/ravi/pmb2_foxy_ws/build/controller_manager -- -j8 -l8
[0.055s] [ 12%] Built target gmock
[0.056s] [ 20%] Built target gmock_main
[0.064s] [ 28%] Built target controller_manager
[0.097s] [ 36%] Built target test_controller
[0.098s] [ 44%] Built target ros2_control_node
[0.100s] [ 52%] Built target test_controller_with_interfaces
[0.105s] [ 60%] Built target test_controller_failed_init
[0.138s] [ 68%] Built target test_controller_manager
[0.146s] [ 92%] Built target test_controller_manager_srvs
[0.147s] [ 92%] Built target test_release_interfaces
[0.147s] [ 92%] Built target test_spawner_unspawner
[0.148s] [100%] Built target test_load_controller
[0.160s] Invoked command in '/home/ravi/pmb2_foxy_ws/build/controller_manager' returned '0': CMAKE_PREFIX_PATH=/home/ravi/pmb2_foxy_ws/install/controller_interface:/home/ravi/pmb2_foxy_ws/install/hardware_interface:/home/ravi/pmb2_foxy_ws/install/ros2_control_test_assets:/home/ravi/pmb2_foxy_ws/install/controller_manager_msgs:/home/ravi/pmb2_foxy_ws/install/transmission_interface:/home/ravi/pmb2_foxy_ws/install/ros2_control:/home/ravi/pmb2_foxy_ws/install/controller_manager:/home/ravi/pmb2_foxy_ws/install/gazebo_ros_pkgs:/home/ravi/pmb2_foxy_ws/install/gazebo_plugins:/home/ravi/pmb2_foxy_ws/install/gazebo_ros:/home/ravi/pmb2_foxy_ws/install/gazebo_msgs:/home/ravi/pmb2_foxy_ws/install/gazebo_dev:/home/ravi/pmb2_foxy_ws/install/pal_gazebo_worlds:/home/ravi/pmb2_foxy_ws/install/pmb2_simulation:/home/ravi/pmb2_foxy_ws/install/pmb2_navigation:/home/ravi/pmb2_foxy_ws/install/pmb2_2dnav_gazebo:/home/ravi/pmb2_foxy_ws/install/pmb2_2dnav:/home/ravi/pmb2_foxy_ws/install/pmb2_maps:/home/ravi/pmb2_foxy_ws/install/pmb2_gazebo:/home/ravi/pmb2_foxy_ws/install/pmb2_robot:/home/ravi/pmb2_foxy_ws/install/pmb2_bringup:/home/ravi/pmb2_foxy_ws/install/pmb2_description:/home/ravi/pmb2_foxy_ws/install/pmb2_controller_configuration:/home/ravi/pmb2_foxy_ws/install/ros2controlcli:/home/ravi/pmb2_foxy_ws/install/launch_pal:/opt/ros/foxy LD_LIBRARY_PATH=/home/ravi/pmb2_foxy_ws/install/controller_interface/lib:/home/ravi/pmb2_foxy_ws/install/hardware_interface/lib:/home/ravi/pmb2_foxy_ws/install/controller_manager_msgs/lib:/home/ravi/pmb2_foxy_ws/install/controller_manager/lib:/usr/lib/x86_64-linux-gnu/gazebo-11/plugins:/home/ravi/pmb2_foxy_ws/install/gazebo_plugins/lib:/home/ravi/pmb2_foxy_ws/install/gazebo_ros/lib:/home/ravi/pmb2_foxy_ws/install/gazebo_msgs/lib:/opt/ros/foxy/opt/yaml_cpp_vendor/lib:/opt/ros/foxy/opt/rviz_ogre_vendor/lib:/opt/ros/foxy/lib/x86_64-linux-gnu:/opt/ros/foxy/lib PYTHONPATH=/home/ravi/pmb2_foxy_ws/install/controller_manager_msgs/lib/python3.8/site-packages:/home/ravi/pmb2_foxy_ws/install/ros2controlcli/lib/python3.8/site-packages:/home/ravi/pmb2_foxy_ws/install/controller_manager/lib/python3.8/site-packages:/home/ravi/pmb2_foxy_ws/install/gazebo_ros/lib/python3.8/site-packages:/home/ravi/pmb2_foxy_ws/install/gazebo_msgs/lib/python3.8/site-packages:/home/ravi/pmb2_foxy_ws/build/launch_pal:/home/ravi/pmb2_foxy_ws/install/launch_pal/lib/python3.8/site-packages:/home/ravi/pmb2_foxy_ws/install/pmb2_description/lib/python3.8/site-packages:/opt/ros/foxy/lib/python3.8/site-packages /usr/bin/cmake --build /home/ravi/pmb2_foxy_ws/build/controller_manager -- -j8 -l8
[0.197s] Invoking command in '/home/ravi/pmb2_foxy_ws/build/controller_manager': CMAKE_PREFIX_PATH=/home/ravi/pmb2_foxy_ws/install/controller_interface:/home/ravi/pmb2_foxy_ws/install/hardware_interface:/home/ravi/pmb2_foxy_ws/install/ros2_control_test_assets:/home/ravi/pmb2_foxy_ws/install/controller_manager_msgs:/home/ravi/pmb2_foxy_ws/install/transmission_interface:/home/ravi/pmb2_foxy_ws/install/ros2_control:/home/ravi/pmb2_foxy_ws/install/controller_manager:/home/ravi/pmb2_foxy_ws/install/gazebo_ros_pkgs:/home/ravi/pmb2_foxy_ws/install/gazebo_plugins:/home/ravi/pmb2_foxy_ws/install/gazebo_ros:/home/ravi/pmb2_foxy_ws/install/gazebo_msgs:/home/ravi/pmb2_foxy_ws/install/gazebo_dev:/home/ravi/pmb2_foxy_ws/install/pal_gazebo_worlds:/home/ravi/pmb2_foxy_ws/install/pmb2_simulation:/home/ravi/pmb2_foxy_ws/install/pmb2_navigation:/home/ravi/pmb2_foxy_ws/install/pmb2_2dnav_gazebo:/home/ravi/pmb2_foxy_ws/install/pmb2_2dnav:/home/ravi/pmb2_foxy_ws/install/pmb2_maps:/home/ravi/pmb2_foxy_ws/install/pmb2_gazebo:/home/ravi/pmb2_foxy_ws/install/pmb2_robot:/home/ravi/pmb2_foxy_ws/install/pmb2_bringup:/home/ravi/pmb2_foxy_ws/install/pmb2_description:/home/ravi/pmb2_foxy_ws/install/pmb2_controller_configuration:/home/ravi/pmb2_foxy_ws/install/ros2controlcli:/home/ravi/pmb2_foxy_ws/install/launch_pal:/opt/ros/foxy LD_LIBRARY_PATH=/home/ravi/pmb2_foxy_ws/install/controller_interface/lib:/home/ravi/pmb2_foxy_ws/install/hardware_interface/lib:/home/ravi/pmb2_foxy_ws/install/controller_manager_msgs/lib:/home/ravi/pmb2_foxy_ws/install/controller_manager/lib:/usr/lib/x86_64-linux-gnu/gazebo-11/plugins:/home/ravi/pmb2_foxy_ws/install/gazebo_plugins/lib:/home/ravi/pmb2_foxy_ws/install/gazebo_ros/lib:/home/ravi/pmb2_foxy_ws/install/gazebo_msgs/lib:/opt/ros/foxy/opt/yaml_cpp_vendor/lib:/opt/ros/foxy/opt/rviz_ogre_vendor/lib:/opt/ros/foxy/lib/x86_64-linux-gnu:/opt/ros/foxy/lib PYTHONPATH=/home/ravi/pmb2_foxy_ws/install/controller_manager_msgs/lib/python3.8/site-packages:/home/ravi/pmb2_foxy_ws/install/ros2controlcli/lib/python3.8/site-packages:/home/ravi/pmb2_foxy_ws/install/controller_manager/lib/python3.8/site-packages:/home/ravi/pmb2_foxy_ws/install/gazebo_ros/lib/python3.8/site-packages:/home/ravi/pmb2_foxy_ws/install/gazebo_msgs/lib/python3.8/site-packages:/home/ravi/pmb2_foxy_ws/build/launch_pal:/home/ravi/pmb2_foxy_ws/install/launch_pal/lib/python3.8/site-packages:/home/ravi/pmb2_foxy_ws/install/pmb2_description/lib/python3.8/site-packages:/opt/ros/foxy/lib/python3.8/site-packages /usr/bin/cmake --install /home/ravi/pmb2_foxy_ws/build/controller_manager
[0.204s] -- Install configuration: ""
[0.204s] -- Up-to-date: /home/ravi/pmb2_foxy_ws/install/controller_manager/lib/libcontroller_manager.so
[0.204s] -- Up-to-date: /home/ravi/pmb2_foxy_ws/install/controller_manager/lib/controller_manager/ros2_control_node
[0.204s] -- Up-to-date: /home/ravi/pmb2_foxy_ws/install/controller_manager/include
[0.204s] -- Up-to-date: /home/ravi/pmb2_foxy_ws/install/controller_manager/include/controller_manager
[0.204s] -- Up-to-date: /home/ravi/pmb2_foxy_ws/install/controller_manager/include/controller_manager/controller_manager.hpp
[0.204s] -- Up-to-date: /home/ravi/pmb2_foxy_ws/install/controller_manager/include/controller_manager/controller_spec.hpp
[0.204s] -- Up-to-date: /home/ravi/pmb2_foxy_ws/install/controller_manager/include/controller_manager/visibility_control.h
[0.204s] -- Up-to-date: /home/ravi/pmb2_foxy_ws/install/controller_manager/lib/controller_manager/spawner.py
[0.204s] -- Up-to-date: /home/ravi/pmb2_foxy_ws/install/controller_manager/lib/controller_manager/unspawner.py
[0.204s] -- Up-to-date: /home/ravi/pmb2_foxy_ws/install/controller_manager/share/controller_manager/test/test_controller/test_controller.xml
[0.205s] -- Up-to-date: /home/ravi/pmb2_foxy_ws/install/controller_manager/lib/libtest_controller.so
[0.205s] -- Up-to-date: /home/ravi/pmb2_foxy_ws/install/controller_manager/share/controller_manager/test/test_controller_failed_init/test_controller_failed_init.xml
[0.205s] -- Up-to-date: /home/ravi/pmb2_foxy_ws/install/controller_manager/lib/libtest_controller_failed_init.so
[0.205s] -- Up-to-date: /home/ravi/pmb2_foxy_ws/install/controller_manager/share/controller_manager/test/test_controller_with_interfaces/test_controller_with_interfaces.xml
[0.205s] -- Up-to-date: /home/ravi/pmb2_foxy_ws/install/controller_manager/lib/libtest_controller_with_interfaces.so
[0.205s] -- Up-to-date: /home/ravi/pmb2_foxy_ws/install/controller_manager/share/controller_manager/environment/pythonpath.sh
[0.205s] -- Up-to-date: /home/ravi/pmb2_foxy_ws/install/controller_manager/share/controller_manager/environment/pythonpath.dsv
[0.205s] -- Up-to-date: /home/ravi/pmb2_foxy_ws/install/controller_manager/lib/python3.8/site-packages/controller_manager
[0.205s] -- Up-to-date: /home/ravi/pmb2_foxy_ws/install/controller_manager/lib/python3.8/site-packages/controller_manager/controller_manager_services.py
[0.205s] -- Up-to-date: /home/ravi/pmb2_foxy_ws/install/controller_manager/lib/python3.8/site-packages/controller_manager/launch_utils.py
[0.205s] -- Up-to-date: /home/ravi/pmb2_foxy_ws/install/controller_manager/lib/python3.8/site-packages/controller_manager/__init__.py
[0.228s] Listing '/home/ravi/pmb2_foxy_ws/install/controller_manager/lib/python3.8/site-packages/controller_manager'...
[0.231s] -- Up-to-date: /home/ravi/pmb2_foxy_ws/install/controller_manager/share/controller_manager/environment/library_path.sh
[0.231s] -- Up-to-date: /home/ravi/pmb2_foxy_ws/install/controller_manager/share/controller_manager/environment/library_path.dsv
[0.231s] -- Up-to-date: /home/ravi/pmb2_foxy_ws/install/controller_manager/share/ament_index/resource_index/package_run_dependencies/controller_manager
[0.231s] -- Up-to-date: /home/ravi/pmb2_foxy_ws/install/controller_manager/share/ament_index/resource_index/parent_prefix_path/controller_manager
[0.231s] -- Up-to-date: /home/ravi/pmb2_foxy_ws/install/controller_manager/share/controller_manager/environment/ament_prefix_path.sh
[0.231s] -- Up-to-date: /home/ravi/pmb2_foxy_ws/install/controller_manager/share/controller_manager/environment/ament_prefix_path.dsv
[0.231s] -- Up-to-date: /home/ravi/pmb2_foxy_ws/install/controller_manager/share/controller_manager/environment/path.sh
[0.231s] -- Up-to-date: /home/ravi/pmb2_foxy_ws/install/controller_manager/share/controller_manager/environment/path.dsv
[0.232s] -- Up-to-date: /home/ravi/pmb2_foxy_ws/install/controller_manager/share/controller_manager/local_setup.bash
[0.232s] -- Up-to-date: /home/ravi/pmb2_foxy_ws/install/controller_manager/share/controller_manager/local_setup.sh
[0.232s] -- Up-to-date: /home/ravi/pmb2_foxy_ws/install/controller_manager/share/controller_manager/local_setup.zsh
[0.232s] -- Up-to-date: /home/ravi/pmb2_foxy_ws/install/controller_manager/share/controller_manager/local_setup.dsv
[0.232s] -- Installing: /home/ravi/pmb2_foxy_ws/install/controller_manager/share/controller_manager/package.dsv
[0.232s] -- Up-to-date: /home/ravi/pmb2_foxy_ws/install/controller_manager/share/ament_index/resource_index/packages/controller_manager
[0.232s] -- Up-to-date: /home/ravi/pmb2_foxy_ws/install/controller_manager/share/ament_index/resource_index/controller_interface__pluginlib__plugin/controller_manager
[0.232s] -- Up-to-date: /home/ravi/pmb2_foxy_ws/install/controller_manager/share/controller_manager/cmake/ament_cmake_export_libraries-extras.cmake
[0.232s] -- Up-to-date: /home/ravi/pmb2_foxy_ws/install/controller_manager/share/controller_manager/cmake/ament_cmake_export_include_directories-extras.cmake
[0.232s] -- Up-to-date: /home/ravi/pmb2_foxy_ws/install/controller_manager/share/controller_manager/cmake/ament_cmake_export_dependencies-extras.cmake
[0.232s] -- Up-to-date: /home/ravi/pmb2_foxy_ws/install/controller_manager/share/controller_manager/cmake/controller_managerConfig.cmake
[0.232s] -- Up-to-date: /home/ravi/pmb2_foxy_ws/install/controller_manager/share/controller_manager/cmake/controller_managerConfig-version.cmake
[0.232s] -- Up-to-date: /home/ravi/pmb2_foxy_ws/install/controller_manager/share/controller_manager/package.xml
[0.247s] Invoked command in '/home/ravi/pmb2_foxy_ws/build/controller_manager' returned '0': CMAKE_PREFIX_PATH=/home/ravi/pmb2_foxy_ws/install/controller_interface:/home/ravi/pmb2_foxy_ws/install/hardware_interface:/home/ravi/pmb2_foxy_ws/install/ros2_control_test_assets:/home/ravi/pmb2_foxy_ws/install/controller_manager_msgs:/home/ravi/pmb2_foxy_ws/install/transmission_interface:/home/ravi/pmb2_foxy_ws/install/ros2_control:/home/ravi/pmb2_foxy_ws/install/controller_manager:/home/ravi/pmb2_foxy_ws/install/gazebo_ros_pkgs:/home/ravi/pmb2_foxy_ws/install/gazebo_plugins:/home/ravi/pmb2_foxy_ws/install/gazebo_ros:/home/ravi/pmb2_foxy_ws/install/gazebo_msgs:/home/ravi/pmb2_foxy_ws/install/gazebo_dev:/home/ravi/pmb2_foxy_ws/install/pal_gazebo_worlds:/home/ravi/pmb2_foxy_ws/install/pmb2_simulation:/home/ravi/pmb2_foxy_ws/install/pmb2_navigation:/home/ravi/pmb2_foxy_ws/install/pmb2_2dnav_gazebo:/home/ravi/pmb2_foxy_ws/install/pmb2_2dnav:/home/ravi/pmb2_foxy_ws/install/pmb2_maps:/home/ravi/pmb2_foxy_ws/install/pmb2_gazebo:/home/ravi/pmb2_foxy_ws/install/pmb2_robot:/home/ravi/pmb2_foxy_ws/install/pmb2_bringup:/home/ravi/pmb2_foxy_ws/install/pmb2_description:/home/ravi/pmb2_foxy_ws/install/pmb2_controller_configuration:/home/ravi/pmb2_foxy_ws/install/ros2controlcli:/home/ravi/pmb2_foxy_ws/install/launch_pal:/opt/ros/foxy LD_LIBRARY_PATH=/home/ravi/pmb2_foxy_ws/install/controller_interface/lib:/home/ravi/pmb2_foxy_ws/install/hardware_interface/lib:/home/ravi/pmb2_foxy_ws/install/controller_manager_msgs/lib:/home/ravi/pmb2_foxy_ws/install/controller_manager/lib:/usr/lib/x86_64-linux-gnu/gazebo-11/plugins:/home/ravi/pmb2_foxy_ws/install/gazebo_plugins/lib:/home/ravi/pmb2_foxy_ws/install/gazebo_ros/lib:/home/ravi/pmb2_foxy_ws/install/gazebo_msgs/lib:/opt/ros/foxy/opt/yaml_cpp_vendor/lib:/opt/ros/foxy/opt/rviz_ogre_vendor/lib:/opt/ros/foxy/lib/x86_64-linux-gnu:/opt/ros/foxy/lib PYTHONPATH=/home/ravi/pmb2_foxy_ws/install/controller_manager_msgs/lib/python3.8/site-packages:/home/ravi/pmb2_foxy_ws/install/ros2controlcli/lib/python3.8/site-packages:/home/ravi/pmb2_foxy_ws/install/controller_manager/lib/python3.8/site-packages:/home/ravi/pmb2_foxy_ws/install/gazebo_ros/lib/python3.8/site-packages:/home/ravi/pmb2_foxy_ws/install/gazebo_msgs/lib/python3.8/site-packages:/home/ravi/pmb2_foxy_ws/build/launch_pal:/home/ravi/pmb2_foxy_ws/install/launch_pal/lib/python3.8/site-packages:/home/ravi/pmb2_foxy_ws/install/pmb2_description/lib/python3.8/site-packages:/opt/ros/foxy/lib/python3.8/site-packages /usr/bin/cmake --install /home/ravi/pmb2_foxy_ws/build/controller_manager
