[0.013s] Invoking command in '/home/ravi/pmb2_foxy_ws/build/controller_interface': AMENT_PREFIX_PATH=/home/ravi/pmb2_foxy_ws/install/hardware_interface:${AMENT_PREFIX_PATH} CMAKE_PREFIX_PATH=/home/ravi/pmb2_foxy_ws/install/hardware_interface:/home/ravi/pmb2_foxy_ws/install/ros2_control_test_assets:/home/ravi/pmb2_foxy_ws/install/gazebo_ros_pkgs:/home/ravi/pmb2_foxy_ws/install/gazebo_plugins:/home/ravi/pmb2_foxy_ws/install/gazebo_ros:/home/ravi/pmb2_foxy_ws/install/gazebo_msgs:/home/ravi/pmb2_foxy_ws/install/gazebo_dev:/home/ravi/pmb2_foxy_ws/install/pal_gazebo_worlds:/home/ravi/pmb2_foxy_ws/install/pmb2_simulation:/home/ravi/pmb2_foxy_ws/install/pmb2_navigation:/home/ravi/pmb2_foxy_ws/install/pmb2_2dnav_gazebo:/home/ravi/pmb2_foxy_ws/install/pmb2_2dnav:/home/ravi/pmb2_foxy_ws/install/pmb2_maps:/home/ravi/pmb2_foxy_ws/install/pmb2_gazebo:/home/ravi/pmb2_foxy_ws/install/pmb2_robot:/home/ravi/pmb2_foxy_ws/install/pmb2_bringup:/home/ravi/pmb2_foxy_ws/install/pmb2_description:/home/ravi/pmb2_foxy_ws/install/pmb2_controller_configuration:/home/ravi/pmb2_foxy_ws/install/launch_pal:/opt/ros/foxy LD_LIBRARY_PATH=/home/ravi/pmb2_foxy_ws/install/hardware_interface/lib:${LD_LIBRARY_PATH} /usr/bin/cmake /home/ravi/pmb2_foxy_ws/src/ros2_control/controller_interface -DCMAKE_INSTALL_PREFIX=/home/ravi/pmb2_foxy_ws/install/controller_interface
[0.024s] -- Found ament_cmake: 0.9.9 (/opt/ros/foxy/share/ament_cmake/cmake)
[0.041s] -- Using PYTHON_EXECUTABLE: /usr/bin/python3
[0.148s] -- Found hardware_interface: 0.11.0 (/home/ravi/pmb2_foxy_ws/install/hardware_interface/share/hardware_interface/cmake)
[0.173s] -- Using all available rosidl_typesupport_c: rosidl_typesupport_fastrtps_c;rosidl_typesupport_introspection_c
[0.178s] -- Found rosidl_adapter: 1.2.1 (/opt/ros/foxy/share/rosidl_adapter/cmake)
[0.230s] -- Found OpenSSL: /usr/lib/x86_64-linux-gnu/libcrypto.so (found version "1.1.1f")  
[0.249s] -- Found FastRTPS: /opt/ros/foxy/include  
[0.300s] -- Using all available rosidl_typesupport_cpp: rosidl_typesupport_fastrtps_cpp;rosidl_typesupport_introspection_cpp
[0.600s] -- Found rclcpp_lifecycle: 2.4.1 (/opt/ros/foxy/share/rclcpp_lifecycle/cmake)
[0.634s] -- Found rmw_implementation_cmake: 1.0.3 (/opt/ros/foxy/share/rmw_implementation_cmake/cmake)
[0.635s] -- Using RMW implementation 'rmw_fastrtps_cpp' as default
[0.636s] -- Looking for pthread.h
[0.682s] -- Looking for pthread.h - found
[0.682s] -- Performing Test CMAKE_HAVE_LIBC_PTHREAD
[0.731s] -- Performing Test CMAKE_HAVE_LIBC_PTHREAD - Failed
[0.731s] -- Looking for pthread_create in pthreads
[0.771s] -- Looking for pthread_create in pthreads - not found
[0.771s] -- Looking for pthread_create in pthread
[0.818s] -- Looking for pthread_create in pthread - found
[0.819s] -- Found Threads: TRUE  
[0.946s] -- Found ament_cmake_gmock: 0.9.9 (/opt/ros/foxy/share/ament_cmake_gmock/cmake)
[0.947s] -- Found ament_lint_auto: 0.9.6 (/opt/ros/foxy/share/ament_lint_auto/cmake)
[0.949s] -- Found sensor_msgs: 2.0.5 (/opt/ros/foxy/share/sensor_msgs/cmake)
[1.054s] -- Found gmock sources under '/opt/ros/foxy/src/gmock_vendor': C++ tests using 'Google Mock' will be built
[1.058s] -- Found ament_cmake_gtest: 0.9.9 (/opt/ros/foxy/share/ament_cmake_gtest/cmake)
[1.059s] -- Found gtest sources under '/opt/ros/foxy/src/gtest_vendor': C++ tests using 'Google Test' will be built
[1.087s] -- Added test 'copyright' to check source files copyright and LICENSE
[1.088s] -- Added test 'cppcheck' to perform static code analysis on C / C++ code
[1.088s] -- Configured cppcheck include dirs: /home/ravi/pmb2_foxy_ws/src/ros2_control/controller_interface/include
[1.088s] -- Configured cppcheck exclude dirs and/or files: 
[1.089s] -- Added test 'lint_cmake' to check CMake code style
[1.090s] -- Added test 'xmllint' to check XML markup files
[1.093s] -- Configuring done
[1.136s] -- Generating done
[1.137s] -- Build files have been written to: /home/ravi/pmb2_foxy_ws/build/controller_interface
[1.143s] Invoked command in '/home/ravi/pmb2_foxy_ws/build/controller_interface' returned '0': AMENT_PREFIX_PATH=/home/ravi/pmb2_foxy_ws/install/hardware_interface:${AMENT_PREFIX_PATH} CMAKE_PREFIX_PATH=/home/ravi/pmb2_foxy_ws/install/hardware_interface:/home/ravi/pmb2_foxy_ws/install/ros2_control_test_assets:/home/ravi/pmb2_foxy_ws/install/gazebo_ros_pkgs:/home/ravi/pmb2_foxy_ws/install/gazebo_plugins:/home/ravi/pmb2_foxy_ws/install/gazebo_ros:/home/ravi/pmb2_foxy_ws/install/gazebo_msgs:/home/ravi/pmb2_foxy_ws/install/gazebo_dev:/home/ravi/pmb2_foxy_ws/install/pal_gazebo_worlds:/home/ravi/pmb2_foxy_ws/install/pmb2_simulation:/home/ravi/pmb2_foxy_ws/install/pmb2_navigation:/home/ravi/pmb2_foxy_ws/install/pmb2_2dnav_gazebo:/home/ravi/pmb2_foxy_ws/install/pmb2_2dnav:/home/ravi/pmb2_foxy_ws/install/pmb2_maps:/home/ravi/pmb2_foxy_ws/install/pmb2_gazebo:/home/ravi/pmb2_foxy_ws/install/pmb2_robot:/home/ravi/pmb2_foxy_ws/install/pmb2_bringup:/home/ravi/pmb2_foxy_ws/install/pmb2_description:/home/ravi/pmb2_foxy_ws/install/pmb2_controller_configuration:/home/ravi/pmb2_foxy_ws/install/launch_pal:/opt/ros/foxy LD_LIBRARY_PATH=/home/ravi/pmb2_foxy_ws/install/hardware_interface/lib:${LD_LIBRARY_PATH} /usr/bin/cmake /home/ravi/pmb2_foxy_ws/src/ros2_control/controller_interface -DCMAKE_INSTALL_PREFIX=/home/ravi/pmb2_foxy_ws/install/controller_interface
[1.144s] Invoking command in '/home/ravi/pmb2_foxy_ws/build/controller_interface': AMENT_PREFIX_PATH=/home/ravi/pmb2_foxy_ws/install/hardware_interface:${AMENT_PREFIX_PATH} CMAKE_PREFIX_PATH=/home/ravi/pmb2_foxy_ws/install/hardware_interface:/home/ravi/pmb2_foxy_ws/install/ros2_control_test_assets:/home/ravi/pmb2_foxy_ws/install/gazebo_ros_pkgs:/home/ravi/pmb2_foxy_ws/install/gazebo_plugins:/home/ravi/pmb2_foxy_ws/install/gazebo_ros:/home/ravi/pmb2_foxy_ws/install/gazebo_msgs:/home/ravi/pmb2_foxy_ws/install/gazebo_dev:/home/ravi/pmb2_foxy_ws/install/pal_gazebo_worlds:/home/ravi/pmb2_foxy_ws/install/pmb2_simulation:/home/ravi/pmb2_foxy_ws/install/pmb2_navigation:/home/ravi/pmb2_foxy_ws/install/pmb2_2dnav_gazebo:/home/ravi/pmb2_foxy_ws/install/pmb2_2dnav:/home/ravi/pmb2_foxy_ws/install/pmb2_maps:/home/ravi/pmb2_foxy_ws/install/pmb2_gazebo:/home/ravi/pmb2_foxy_ws/install/pmb2_robot:/home/ravi/pmb2_foxy_ws/install/pmb2_bringup:/home/ravi/pmb2_foxy_ws/install/pmb2_description:/home/ravi/pmb2_foxy_ws/install/pmb2_controller_configuration:/home/ravi/pmb2_foxy_ws/install/launch_pal:/opt/ros/foxy LD_LIBRARY_PATH=/home/ravi/pmb2_foxy_ws/install/hardware_interface/lib:${LD_LIBRARY_PATH} /usr/bin/cmake --build /home/ravi/pmb2_foxy_ws/build/controller_interface -- -j8 -l8
[1.175s] [35m[1mScanning dependencies of target gmock[0m
[1.178s] [35m[1mScanning dependencies of target gmock_main[0m
[1.178s] [35m[1mScanning dependencies of target controller_interface[0m
[1.192s] [  6%] [32mBuilding CXX object gmock/CMakeFiles/gmock.dir/opt/ros/foxy/src/gtest_vendor/src/gtest-all.cc.o[0m
[1.192s] [ 13%] [32mBuilding CXX object gmock/CMakeFiles/gmock.dir/src/gmock-all.cc.o[0m
[1.196s] [ 20%] [32mBuilding CXX object gmock/CMakeFiles/gmock_main.dir/src/gmock_main.cc.o[0m
[1.219s] [ 26%] [32mBuilding CXX object CMakeFiles/controller_interface.dir/src/controller_interface.cpp.o[0m
[2.159s] [ 33%] [32m[1mLinking CXX static library libgmock_main.a[0m
[2.193s] [ 33%] Built target gmock_main
[2.691s] [ 40%] [32m[1mLinking CXX shared library libcontroller_interface.so[0m
[2.784s] [ 40%] Built target controller_interface
[3.444s] [ 46%] [32m[1mLinking CXX static library libgmock.a[0m
[3.485s] [ 46%] Built target gmock
[3.495s] [35m[1mScanning dependencies of target test_force_torque_sensor[0m
[3.495s] [35m[1mScanning dependencies of target test_imu_sensor[0m
[3.495s] [35m[1mScanning dependencies of target test_semantic_component_interface[0m
[3.495s] [35m[1mScanning dependencies of target test_controller_with_options[0m
[3.510s] [ 53%] [32mBuilding CXX object CMakeFiles/test_force_torque_sensor.dir/test/test_force_torque_sensor.cpp.o[0m
[3.514s] [ 60%] [32mBuilding CXX object CMakeFiles/test_semantic_component_interface.dir/test/test_semantic_component_interface.cpp.o[0m
[3.519s] [ 66%] [32mBuilding CXX object CMakeFiles/test_imu_sensor.dir/test/test_imu_sensor.cpp.o[0m
[3.564s] [ 73%] [32mBuilding CXX object CMakeFiles/test_controller_with_options.dir/test/test_controller_with_options.cpp.o[0m
[4.823s] [ 80%] [32m[1mLinking CXX executable test_imu_sensor[0m
[4.945s] [ 86%] [32m[1mLinking CXX executable test_semantic_component_interface[0m
[4.972s] [ 93%] [32m[1mLinking CXX executable test_force_torque_sensor[0m
[4.995s] [ 93%] Built target test_imu_sensor
[5.121s] [ 93%] Built target test_force_torque_sensor
[5.136s] [ 93%] Built target test_semantic_component_interface
[5.599s] [100%] [32m[1mLinking CXX executable test_controller_with_options[0m
[5.765s] [100%] Built target test_controller_with_options
[5.773s] Invoked command in '/home/ravi/pmb2_foxy_ws/build/controller_interface' returned '0': AMENT_PREFIX_PATH=/home/ravi/pmb2_foxy_ws/install/hardware_interface:${AMENT_PREFIX_PATH} CMAKE_PREFIX_PATH=/home/ravi/pmb2_foxy_ws/install/hardware_interface:/home/ravi/pmb2_foxy_ws/install/ros2_control_test_assets:/home/ravi/pmb2_foxy_ws/install/gazebo_ros_pkgs:/home/ravi/pmb2_foxy_ws/install/gazebo_plugins:/home/ravi/pmb2_foxy_ws/install/gazebo_ros:/home/ravi/pmb2_foxy_ws/install/gazebo_msgs:/home/ravi/pmb2_foxy_ws/install/gazebo_dev:/home/ravi/pmb2_foxy_ws/install/pal_gazebo_worlds:/home/ravi/pmb2_foxy_ws/install/pmb2_simulation:/home/ravi/pmb2_foxy_ws/install/pmb2_navigation:/home/ravi/pmb2_foxy_ws/install/pmb2_2dnav_gazebo:/home/ravi/pmb2_foxy_ws/install/pmb2_2dnav:/home/ravi/pmb2_foxy_ws/install/pmb2_maps:/home/ravi/pmb2_foxy_ws/install/pmb2_gazebo:/home/ravi/pmb2_foxy_ws/install/pmb2_robot:/home/ravi/pmb2_foxy_ws/install/pmb2_bringup:/home/ravi/pmb2_foxy_ws/install/pmb2_description:/home/ravi/pmb2_foxy_ws/install/pmb2_controller_configuration:/home/ravi/pmb2_foxy_ws/install/launch_pal:/opt/ros/foxy LD_LIBRARY_PATH=/home/ravi/pmb2_foxy_ws/install/hardware_interface/lib:${LD_LIBRARY_PATH} /usr/bin/cmake --build /home/ravi/pmb2_foxy_ws/build/controller_interface -- -j8 -l8
[5.797s] Invoking command in '/home/ravi/pmb2_foxy_ws/build/controller_interface': AMENT_PREFIX_PATH=/home/ravi/pmb2_foxy_ws/install/hardware_interface:${AMENT_PREFIX_PATH} CMAKE_PREFIX_PATH=/home/ravi/pmb2_foxy_ws/install/hardware_interface:/home/ravi/pmb2_foxy_ws/install/ros2_control_test_assets:/home/ravi/pmb2_foxy_ws/install/gazebo_ros_pkgs:/home/ravi/pmb2_foxy_ws/install/gazebo_plugins:/home/ravi/pmb2_foxy_ws/install/gazebo_ros:/home/ravi/pmb2_foxy_ws/install/gazebo_msgs:/home/ravi/pmb2_foxy_ws/install/gazebo_dev:/home/ravi/pmb2_foxy_ws/install/pal_gazebo_worlds:/home/ravi/pmb2_foxy_ws/install/pmb2_simulation:/home/ravi/pmb2_foxy_ws/install/pmb2_navigation:/home/ravi/pmb2_foxy_ws/install/pmb2_2dnav_gazebo:/home/ravi/pmb2_foxy_ws/install/pmb2_2dnav:/home/ravi/pmb2_foxy_ws/install/pmb2_maps:/home/ravi/pmb2_foxy_ws/install/pmb2_gazebo:/home/ravi/pmb2_foxy_ws/install/pmb2_robot:/home/ravi/pmb2_foxy_ws/install/pmb2_bringup:/home/ravi/pmb2_foxy_ws/install/pmb2_description:/home/ravi/pmb2_foxy_ws/install/pmb2_controller_configuration:/home/ravi/pmb2_foxy_ws/install/launch_pal:/opt/ros/foxy LD_LIBRARY_PATH=/home/ravi/pmb2_foxy_ws/install/hardware_interface/lib:${LD_LIBRARY_PATH} /usr/bin/cmake --install /home/ravi/pmb2_foxy_ws/build/controller_interface
[5.803s] -- Install configuration: ""
[5.803s] -- Installing: /home/ravi/pmb2_foxy_ws/install/controller_interface/include
[5.803s] -- Installing: /home/ravi/pmb2_foxy_ws/install/controller_interface/include/controller_interface
[5.803s] -- Installing: /home/ravi/pmb2_foxy_ws/install/controller_interface/include/controller_interface/controller_state_names.hpp
[5.803s] -- Installing: /home/ravi/pmb2_foxy_ws/install/controller_interface/include/controller_interface/visibility_control.h
[5.803s] -- Installing: /home/ravi/pmb2_foxy_ws/install/controller_interface/include/controller_interface/controller_interface.hpp
[5.803s] -- Installing: /home/ravi/pmb2_foxy_ws/install/controller_interface/include/controller_interface/helpers.hpp
[5.803s] -- Installing: /home/ravi/pmb2_foxy_ws/install/controller_interface/include/semantic_components
[5.803s] -- Installing: /home/ravi/pmb2_foxy_ws/install/controller_interface/include/semantic_components/imu_sensor.hpp
[5.803s] -- Installing: /home/ravi/pmb2_foxy_ws/install/controller_interface/include/semantic_components/semantic_component_interface.hpp
[5.803s] -- Installing: /home/ravi/pmb2_foxy_ws/install/controller_interface/include/semantic_components/force_torque_sensor.hpp
[5.804s] -- Installing: /home/ravi/pmb2_foxy_ws/install/controller_interface/lib/libcontroller_interface.so
[5.804s] -- Set runtime path of "/home/ravi/pmb2_foxy_ws/install/controller_interface/lib/libcontroller_interface.so" to ""
[5.804s] -- Installing: /home/ravi/pmb2_foxy_ws/install/controller_interface/share/controller_interface/environment/library_path.sh
[5.804s] -- Installing: /home/ravi/pmb2_foxy_ws/install/controller_interface/share/controller_interface/environment/library_path.dsv
[5.804s] -- Installing: /home/ravi/pmb2_foxy_ws/install/controller_interface/share/ament_index/resource_index/package_run_dependencies/controller_interface
[5.804s] -- Installing: /home/ravi/pmb2_foxy_ws/install/controller_interface/share/ament_index/resource_index/parent_prefix_path/controller_interface
[5.804s] -- Installing: /home/ravi/pmb2_foxy_ws/install/controller_interface/share/controller_interface/environment/ament_prefix_path.sh
[5.804s] -- Installing: /home/ravi/pmb2_foxy_ws/install/controller_interface/share/controller_interface/environment/ament_prefix_path.dsv
[5.804s] -- Installing: /home/ravi/pmb2_foxy_ws/install/controller_interface/share/controller_interface/environment/path.sh
[5.804s] -- Installing: /home/ravi/pmb2_foxy_ws/install/controller_interface/share/controller_interface/environment/path.dsv
[5.804s] -- Installing: /home/ravi/pmb2_foxy_ws/install/controller_interface/share/controller_interface/local_setup.bash
[5.804s] -- Installing: /home/ravi/pmb2_foxy_ws/install/controller_interface/share/controller_interface/local_setup.sh
[5.804s] -- Installing: /home/ravi/pmb2_foxy_ws/install/controller_interface/share/controller_interface/local_setup.zsh
[5.805s] -- Installing: /home/ravi/pmb2_foxy_ws/install/controller_interface/share/controller_interface/local_setup.dsv
[5.805s] -- Installing: /home/ravi/pmb2_foxy_ws/install/controller_interface/share/controller_interface/package.dsv
[5.805s] -- Installing: /home/ravi/pmb2_foxy_ws/install/controller_interface/share/ament_index/resource_index/packages/controller_interface
[5.805s] -- Installing: /home/ravi/pmb2_foxy_ws/install/controller_interface/share/controller_interface/cmake/ament_cmake_export_dependencies-extras.cmake
[5.805s] -- Installing: /home/ravi/pmb2_foxy_ws/install/controller_interface/share/controller_interface/cmake/ament_cmake_export_include_directories-extras.cmake
[5.805s] -- Installing: /home/ravi/pmb2_foxy_ws/install/controller_interface/share/controller_interface/cmake/ament_cmake_export_libraries-extras.cmake
[5.805s] -- Installing: /home/ravi/pmb2_foxy_ws/install/controller_interface/share/controller_interface/cmake/controller_interfaceConfig.cmake
[5.805s] -- Installing: /home/ravi/pmb2_foxy_ws/install/controller_interface/share/controller_interface/cmake/controller_interfaceConfig-version.cmake
[5.805s] -- Installing: /home/ravi/pmb2_foxy_ws/install/controller_interface/share/controller_interface/package.xml
[5.808s] Invoked command in '/home/ravi/pmb2_foxy_ws/build/controller_interface' returned '0': AMENT_PREFIX_PATH=/home/ravi/pmb2_foxy_ws/install/hardware_interface:${AMENT_PREFIX_PATH} CMAKE_PREFIX_PATH=/home/ravi/pmb2_foxy_ws/install/hardware_interface:/home/ravi/pmb2_foxy_ws/install/ros2_control_test_assets:/home/ravi/pmb2_foxy_ws/install/gazebo_ros_pkgs:/home/ravi/pmb2_foxy_ws/install/gazebo_plugins:/home/ravi/pmb2_foxy_ws/install/gazebo_ros:/home/ravi/pmb2_foxy_ws/install/gazebo_msgs:/home/ravi/pmb2_foxy_ws/install/gazebo_dev:/home/ravi/pmb2_foxy_ws/install/pal_gazebo_worlds:/home/ravi/pmb2_foxy_ws/install/pmb2_simulation:/home/ravi/pmb2_foxy_ws/install/pmb2_navigation:/home/ravi/pmb2_foxy_ws/install/pmb2_2dnav_gazebo:/home/ravi/pmb2_foxy_ws/install/pmb2_2dnav:/home/ravi/pmb2_foxy_ws/install/pmb2_maps:/home/ravi/pmb2_foxy_ws/install/pmb2_gazebo:/home/ravi/pmb2_foxy_ws/install/pmb2_robot:/home/ravi/pmb2_foxy_ws/install/pmb2_bringup:/home/ravi/pmb2_foxy_ws/install/pmb2_description:/home/ravi/pmb2_foxy_ws/install/pmb2_controller_configuration:/home/ravi/pmb2_foxy_ws/install/launch_pal:/opt/ros/foxy LD_LIBRARY_PATH=/home/ravi/pmb2_foxy_ws/install/hardware_interface/lib:${LD_LIBRARY_PATH} /usr/bin/cmake --install /home/ravi/pmb2_foxy_ws/build/controller_interface
