-- Found ament_cmake: 0.9.9 (/opt/ros/foxy/share/ament_cmake/cmake)
-- Found PythonInterp: /usr/bin/python3 (found suitable version "3.8.10", minimum required is "3") 
-- Using PYTHON_EXECUTABLE: /usr/bin/python3
-- Override CMake install command with custom implementation using symlinks instead of copying resources
-- Found builtin_interfaces: 1.0.0 (/opt/ros/foxy/share/builtin_interfaces/cmake)
-- Using all available rosidl_typesupport_c: rosidl_typesupport_fastrtps_c;rosidl_typesupport_introspection_c
-- Found rosidl_adapter: 1.2.1 (/opt/ros/foxy/share/rosidl_adapter/cmake)
-- Using all available rosidl_typesupport_cpp: rosidl_typesupport_fastrtps_cpp;rosidl_typesupport_introspection_cpp
-- Found gazebo_dev: 3.5.3 (/home/ravi/pmb2_foxy_ws/install/gazebo_dev/share/gazebo_dev/cmake)
-- Found DART: /usr/include (Required is at least version "6.6") found components: dart 
-- Found Protobuf: /usr/lib/x86_64-linux-gnu/libprotobuf.so;-pthread (found version "3.6.1") 
-- Looking for ignition-math6 -- found version 6.12.0
-- Searching for dependencies of ignition-math6
-- Looking for OGRE...
-- Found Ogre Ghadamon (1.9.0)
-- Found OGRE: optimized;/usr/lib/x86_64-linux-gnu/libOgreMain.so;debug;/usr/lib/x86_64-linux-gnu/libOgreMain.so
-- Looking for OGRE_Paging...
-- Found OGRE_Paging: optimized;/usr/lib/x86_64-linux-gnu/libOgrePaging.so;debug;/usr/lib/x86_64-linux-gnu/libOgrePaging.so
-- Looking for OGRE_Terrain...
-- Found OGRE_Terrain: optimized;/usr/lib/x86_64-linux-gnu/libOgreTerrain.so;debug;/usr/lib/x86_64-linux-gnu/libOgreTerrain.so
-- Looking for OGRE_Property...
-- Found OGRE_Property: optimized;/usr/lib/x86_64-linux-gnu/libOgreProperty.so;debug;/usr/lib/x86_64-linux-gnu/libOgreProperty.so
-- Looking for OGRE_RTShaderSystem...
-- Found OGRE_RTShaderSystem: optimized;/usr/lib/x86_64-linux-gnu/libOgreRTShaderSystem.so;debug;/usr/lib/x86_64-linux-gnu/libOgreRTShaderSystem.so
-- Looking for OGRE_Volume...
-- Found OGRE_Volume: optimized;/usr/lib/x86_64-linux-gnu/libOgreVolume.so;debug;/usr/lib/x86_64-linux-gnu/libOgreVolume.so
-- Looking for OGRE_Overlay...
-- Found OGRE_Overlay: optimized;/usr/lib/x86_64-linux-gnu/libOgreOverlay.so;debug;/usr/lib/x86_64-linux-gnu/libOgreOverlay.so
-- Looking for ignition-math6 -- found version 6.12.0
-- Looking for ignition-transport8 -- found version 8.3.0
-- Searching for dependencies of ignition-transport8
-- Found Protobuf: /usr/lib/x86_64-linux-gnu/libprotobuf.so;-pthread (found suitable version "3.6.1", minimum required is "3") 
-- Config-file not installed for ZeroMQ -- checking for pkg-config
-- Checking for module 'libzmq >= 4'
--   Found libzmq , version 4.3.2
-- Checking for module 'uuid'
--   Found uuid, version 2.34.0
-- Looking for ignition-msgs5 -- found version 5.10.0
-- Searching for dependencies of ignition-msgs5
-- Looking for ignition-math6 -- found version 6.12.0
-- Checking for module 'tinyxml2'
--   Found tinyxml2, version 6.2.0
-- Looking for ignition-msgs5 -- found version 5.10.0
-- Looking for ignition-common3 -- found version 3.14.2
-- Searching for dependencies of ignition-common3
-- Looking for dlfcn.h - found
-- Looking for libdl - found
-- Searching for <ignition-common3> component [graphics]
-- Looking for ignition-common3-graphics -- found version 3.14.2
-- Searching for dependencies of ignition-common3-graphics
-- Looking for ignition-math6 -- found version 6.12.0
-- Looking for ignition-fuel_tools4 -- found version 4.6.0
-- Searching for dependencies of ignition-fuel_tools4
-- Checking for module 'jsoncpp'
--   Found jsoncpp, version 1.7.4
-- Checking for module 'libzip'
--   Found libzip, version 1.5.1
-- Looking for ignition-common3 -- found version 3.14.2
-- Looking for ignition-math6 -- found version 6.12.0
-- Looking for ignition-msgs5 -- found version 5.10.0
-- Gazebo version: 11.11
-- Found gazebo_msgs: 3.5.3 (/home/ravi/pmb2_foxy_ws/install/gazebo_msgs/share/gazebo_msgs/cmake)
-- Found rcl: 1.1.13 (/opt/ros/foxy/share/rcl/cmake)
-- Found rmw_implementation_cmake: 1.0.3 (/opt/ros/foxy/share/rmw_implementation_cmake/cmake)
-- Using RMW implementation 'rmw_fastrtps_cpp' as default
-- Found rclcpp: 2.4.1 (/opt/ros/foxy/share/rclcpp/cmake)
-- Found std_srvs: 2.0.5 (/opt/ros/foxy/share/std_srvs/cmake)
-- Found tinyxml_vendor: 0.8.2 (/opt/ros/foxy/share/tinyxml_vendor/cmake)
-- Found ament_cmake_gtest: 0.9.9 (/opt/ros/foxy/share/ament_cmake_gtest/cmake)
-- Found launch_testing_ament_cmake: 0.10.8 (/opt/ros/foxy/share/launch_testing_ament_cmake/cmake)
-- Found python_cmake_module: 0.8.1 (/opt/ros/foxy/share/python_cmake_module/cmake)
-- Found PythonInterp: /usr/bin/python3 (found suitable version "3.8.10", minimum required is "3.5") 
-- Using PYTHON_EXECUTABLE: /usr/bin/python3
-- Using PYTHON_INCLUDE_DIRS: /usr/include/python3.8
-- Using PYTHON_LIBRARIES: /usr/lib/x86_64-linux-gnu/libpython3.8.so
-- Found sensor_msgs: 2.0.5 (/opt/ros/foxy/share/sensor_msgs/cmake)
-- Found gtest sources under '/opt/ros/foxy/src/gtest_vendor': C++ tests using 'Google Test' will be built
-- Found ament_lint_auto: 0.9.6 (/opt/ros/foxy/share/ament_lint_auto/cmake)
-- Found python_cmake_module: 0.8.1 (/opt/ros/foxy/share/python_cmake_module/cmake)
-- Using PYTHON_EXECUTABLE: /usr/bin/python3
-- Using PYTHON_INCLUDE_DIRS: /usr/include/python3.8
-- Using PYTHON_LIBRARIES: /usr/lib/x86_64-linux-gnu/libpython3.8.so
-- Added test 'copyright' to check source files copyright and LICENSE
-- Added test 'cppcheck' to perform static code analysis on C / C++ code
-- Configured cppcheck include dirs: $<BUILD_INTERFACE:/home/ravi/pmb2_foxy_ws/src/gazebo_ros_pkgs/gazebo_ros/include>
-- Configured cppcheck exclude dirs and/or files: 
-- Added test 'cpplint' to check C / C++ code against the Google style
-- Configured cpplint exclude dirs and/or files: 
-- Added test 'flake8' to check Python code syntax and style conventions
-- Added test 'lint_cmake' to check CMake code style
-- Added test 'pep257' to check Python code against some of the style conventions in PEP 257
-- Added test 'uncrustify' to check C / C++ code style
-- Configured uncrustify additional arguments: 
-- Added test 'xmllint' to check XML markup files
-- Configuring done
-- Generating done
-- Build files have been written to: /home/ravi/pmb2_foxy_ws/build/gazebo_ros
[  3%] Built target gtest_main
[  7%] Built target gtest
[  8%] [32mBuilding CXX object test/CMakeFiles/mock_robot_state_publisher.dir/mock_robot_state_publisher/robot_state_publisher.cpp.o[0m
[ 10%] [32mBuilding CXX object CMakeFiles/gazebo_ros_node.dir/src/qos.cpp.o[0m
[ 12%] [32mBuilding CXX object CMakeFiles/gazebo_ros_node.dir/src/node.cpp.o[0m
[ 16%] [32mBuilding CXX object CMakeFiles/gazebo_ros_node.dir/src/executor.cpp.o[0m
[ 16%] [32mBuilding CXX object CMakeFiles/gazebo_ros_utils.dir/src/utils.cpp.o[0m
[ 17%] [32m[1mLinking CXX executable mock_robot_state_publisher[0m
[ 17%] Built target mock_robot_state_publisher
[ 19%] [32m[1mLinking CXX shared library libgazebo_ros_node.so[0m
[ 19%] Built target gazebo_ros_node
[ 25%] [32mBuilding CXX object test/CMakeFiles/ros_world_plugin.dir/plugins/ros_world_plugin.cpp.o[0m
[ 25%] [32mBuilding CXX object test/CMakeFiles/create_node_without_init.dir/plugins/create_node_without_init.cpp.o[0m
[ 25%] [32mBuilding CXX object test/CMakeFiles/multiple_nodes.dir/plugins/multiple_nodes.cpp.o[0m
[ 26%] [32mBuilding CXX object test/CMakeFiles/args_init.dir/plugins/args_init.cpp.o[0m
[ 28%] [32mBuilding CXX object CMakeFiles/gazebo_ros_state.dir/src/gazebo_ros_state.cpp.o[0m
[ 30%] [32mBuilding CXX object CMakeFiles/gazebo_ros_force_system.dir/src/gazebo_ros_force_system.cpp.o[0m
[ 32%] [32mBuilding CXX object CMakeFiles/gazebo_ros_properties.dir/src/gazebo_ros_properties.cpp.o[0m
[ 33%] [32m[1mLinking CXX shared library libgazebo_ros_utils.so[0m
[ 33%] Built target gazebo_ros_utils
[ 35%] [32mBuilding CXX object test/CMakeFiles/sdf_node.dir/plugins/sdf_node.cpp.o[0m
[ 37%] [32m[1mLinking CXX shared library libmultiple_nodes.so[0m
[ 39%] [32m[1mLinking CXX shared library libargs_init.so[0m
[ 41%] [32m[1mLinking CXX shared library libcreate_node_without_init.so[0m
[ 42%] [32m[1mLinking CXX shared library libros_world_plugin.so[0m
[ 42%] Built target multiple_nodes
[ 44%] [32mBuilding CXX object test/CMakeFiles/test_gazebo_ros_state.dir/test_gazebo_ros_state.cpp.o[0m
[ 44%] Built target args_init
[ 46%] [32mBuilding CXX object test/CMakeFiles/test_conversions.dir/test_conversions.cpp.o[0m
[ 46%] Built target create_node_without_init
[ 48%] [32mBuilding CXX object test/CMakeFiles/test_gazebo_ros_factory.dir/test_gazebo_ros_factory.cpp.o[0m
[ 48%] Built target ros_world_plugin
[ 50%] [32mBuilding CXX object test/CMakeFiles/test_gazebo_ros_joint_effort.dir/test_gazebo_ros_joint_effort.cpp.o[0m
[ 51%] [32m[1mLinking CXX shared library libsdf_node.so[0m
[ 51%] Built target sdf_node
[ 53%] [32mBuilding CXX object test/CMakeFiles/test_gazebo_ros_link_wrench.dir/test_gazebo_ros_link_wrench.cpp.o[0m
[ 55%] [32m[1mLinking CXX executable test_conversions[0m
[ 57%] [32m[1mLinking CXX shared library libgazebo_ros_force_system.so[0m
[ 57%] Built target gazebo_ros_force_system
[ 58%] [32mBuilding CXX object test/CMakeFiles/test_node.dir/test_node.cpp.o[0m
[ 60%] [32m[1mLinking CXX shared library libgazebo_ros_state.so[0m
[ 60%] Built target test_conversions
[ 62%] [32mBuilding CXX object CMakeFiles/gazebo_ros_init.dir/src/gazebo_ros_init.cpp.o[0m
[ 62%] Built target gazebo_ros_state
[ 64%] [32mBuilding CXX object CMakeFiles/gazebo_ros_factory.dir/src/gazebo_ros_factory.cpp.o[0m
[ 66%] [32m[1mLinking CXX shared library libgazebo_ros_properties.so[0m
[ 66%] Built target gazebo_ros_properties
[ 67%] [32mBuilding CXX object test/CMakeFiles/test_sim_time.dir/test_sim_time.cpp.o[0m
[ 69%] [32m[1mLinking CXX executable test_node[0m
[ 69%] Built target test_node
[ 71%] [32mBuilding CXX object test/CMakeFiles/test_utils.dir/test_utils.cpp.o[0m
[ 73%] [32m[1mLinking CXX executable test_sim_time[0m
[ 73%] Built target test_sim_time
[ 75%] [32mBuilding CXX object test/CMakeFiles/test_qos.dir/test_qos.cpp.o[0m
[ 76%] [32m[1mLinking CXX executable test_qos[0m
[ 78%] [32m[1mLinking CXX shared library libgazebo_ros_factory.so[0m
[ 80%] [32m[1mLinking CXX shared library libgazebo_ros_init.so[0m
[ 80%] Built target test_qos
[ 82%] [32mBuilding CXX object test/CMakeFiles/test_plugins.dir/test_plugins.cpp.o[0m
[ 82%] Built target gazebo_ros_factory
[ 83%] [32mBuilding CXX object test/CMakeFiles/test_gazebo_ros_properties.dir/test_gazebo_ros_properties.cpp.o[0m
[ 83%] Built target gazebo_ros_init
[ 85%] [32mBuilding CXX object test/CMakeFiles/test_gazebo_ros_init.dir/test_gazebo_ros_init.cpp.o[0m
[ 87%] [32m[1mLinking CXX executable test_gazebo_ros_joint_effort[0m
[ 89%] [32m[1mLinking CXX executable test_utils[0m
[ 89%] Built target test_gazebo_ros_joint_effort
[ 91%] [32m[1mLinking CXX executable test_gazebo_ros_link_wrench[0m
[ 91%] Built target test_utils
[ 92%] [32m[1mLinking CXX executable test_gazebo_ros_factory[0m
[ 92%] Built target test_gazebo_ros_link_wrench
[ 92%] Built target test_gazebo_ros_factory
[ 94%] [32m[1mLinking CXX executable test_plugins[0m
[ 94%] Built target test_plugins
[ 96%] [32m[1mLinking CXX executable test_gazebo_ros_state[0m
[ 96%] Built target test_gazebo_ros_state
[ 98%] [32m[1mLinking CXX executable test_gazebo_ros_init[0m
[ 98%] Built target test_gazebo_ros_init
[100%] [32m[1mLinking CXX executable test_gazebo_ros_properties[0m
[100%] Built target test_gazebo_ros_properties
-- Install configuration: ""
-- Execute custom install script
-- Up-to-date symlink: /home/ravi/pmb2_foxy_ws/install/gazebo_ros/share/gazebo_ros/environment/pythonpath.sh
-- Up-to-date symlink: /home/ravi/pmb2_foxy_ws/install/gazebo_ros/share/gazebo_ros/environment/pythonpath.dsv
-- Up-to-date symlink: /home/ravi/pmb2_foxy_ws/install/gazebo_ros/lib/python3.8/site-packages/scripts//__init__.py
-- Up-to-date symlink: /home/ravi/pmb2_foxy_ws/install/gazebo_ros/lib/python3.8/site-packages/scripts//gazebo_ros_paths.py
-- Up-to-date symlink: /home/ravi/pmb2_foxy_ws/install/gazebo_ros/lib/python3.8/site-packages/scripts//spawn_entity.py
-- Up-to-date symlink: /home/ravi/pmb2_foxy_ws/install/gazebo_ros/share/gazebo_ros/environment/library_path.sh
-- Up-to-date symlink: /home/ravi/pmb2_foxy_ws/install/gazebo_ros/share/gazebo_ros/environment/library_path.dsv
-- Up-to-date symlink: /home/ravi/pmb2_foxy_ws/install/gazebo_ros/share/ament_index/resource_index/package_run_dependencies/gazebo_ros
-- Up-to-date symlink: /home/ravi/pmb2_foxy_ws/install/gazebo_ros/share/ament_index/resource_index/parent_prefix_path/gazebo_ros
-- Up-to-date symlink: /home/ravi/pmb2_foxy_ws/install/gazebo_ros/share/gazebo_ros/environment/ament_prefix_path.sh
-- Up-to-date symlink: /home/ravi/pmb2_foxy_ws/install/gazebo_ros/share/gazebo_ros/environment/ament_prefix_path.dsv
-- Up-to-date symlink: /home/ravi/pmb2_foxy_ws/install/gazebo_ros/share/gazebo_ros/environment/path.sh
-- Up-to-date symlink: /home/ravi/pmb2_foxy_ws/install/gazebo_ros/share/gazebo_ros/environment/path.dsv
-- Up-to-date symlink: /home/ravi/pmb2_foxy_ws/install/gazebo_ros/share/gazebo_ros/local_setup.bash
-- Up-to-date symlink: /home/ravi/pmb2_foxy_ws/install/gazebo_ros/share/gazebo_ros/local_setup.sh
-- Up-to-date symlink: /home/ravi/pmb2_foxy_ws/install/gazebo_ros/share/gazebo_ros/local_setup.zsh
-- Up-to-date symlink: /home/ravi/pmb2_foxy_ws/install/gazebo_ros/share/gazebo_ros/local_setup.dsv
-- Symlinking: /home/ravi/pmb2_foxy_ws/install/gazebo_ros/share/gazebo_ros/package.dsv
-- Up-to-date symlink: /home/ravi/pmb2_foxy_ws/install/gazebo_ros/share/ament_index/resource_index/packages/gazebo_ros
-- Up-to-date symlink: /home/ravi/pmb2_foxy_ws/install/gazebo_ros/share/gazebo_ros/cmake/ament_cmake_export_libraries-extras.cmake
-- Up-to-date symlink: /home/ravi/pmb2_foxy_ws/install/gazebo_ros/share/gazebo_ros/cmake/ament_cmake_export_include_directories-extras.cmake
-- Up-to-date symlink: /home/ravi/pmb2_foxy_ws/install/gazebo_ros/share/gazebo_ros/cmake/ament_cmake_export_dependencies-extras.cmake
-- Up-to-date symlink: /home/ravi/pmb2_foxy_ws/install/gazebo_ros/share/gazebo_ros/cmake/gazebo_rosConfig.cmake
-- Up-to-date symlink: /home/ravi/pmb2_foxy_ws/install/gazebo_ros/share/gazebo_ros/cmake/gazebo_rosConfig-version.cmake
-- Up-to-date symlink: /home/ravi/pmb2_foxy_ws/install/gazebo_ros/share/gazebo_ros/package.xml
-- Up-to-date symlink: /home/ravi/pmb2_foxy_ws/install/gazebo_ros/include/gazebo_ros/conversions/builtin_interfaces.hpp
-- Up-to-date symlink: /home/ravi/pmb2_foxy_ws/install/gazebo_ros/include/gazebo_ros/conversions/gazebo_msgs.hpp
-- Up-to-date symlink: /home/ravi/pmb2_foxy_ws/install/gazebo_ros/include/gazebo_ros/conversions/generic.hpp
-- Up-to-date symlink: /home/ravi/pmb2_foxy_ws/install/gazebo_ros/include/gazebo_ros/conversions/geometry_msgs.hpp
-- Up-to-date symlink: /home/ravi/pmb2_foxy_ws/install/gazebo_ros/include/gazebo_ros/conversions/sensor_msgs.hpp
-- Up-to-date symlink: /home/ravi/pmb2_foxy_ws/install/gazebo_ros/include/gazebo_ros/executor.hpp
-- Up-to-date symlink: /home/ravi/pmb2_foxy_ws/install/gazebo_ros/include/gazebo_ros/gazebo_ros_factory.hpp
-- Up-to-date symlink: /home/ravi/pmb2_foxy_ws/install/gazebo_ros/include/gazebo_ros/gazebo_ros_force_system.hpp
-- Up-to-date symlink: /home/ravi/pmb2_foxy_ws/install/gazebo_ros/include/gazebo_ros/gazebo_ros_init.hpp
-- Up-to-date symlink: /home/ravi/pmb2_foxy_ws/install/gazebo_ros/include/gazebo_ros/gazebo_ros_properties.hpp
-- Up-to-date symlink: /home/ravi/pmb2_foxy_ws/install/gazebo_ros/include/gazebo_ros/gazebo_ros_state.hpp
-- Up-to-date symlink: /home/ravi/pmb2_foxy_ws/install/gazebo_ros/include/gazebo_ros/node.hpp
-- Up-to-date symlink: /home/ravi/pmb2_foxy_ws/install/gazebo_ros/include/gazebo_ros/node_visibility_control.h
-- Up-to-date symlink: /home/ravi/pmb2_foxy_ws/install/gazebo_ros/include/gazebo_ros/qos.hpp
-- Up-to-date symlink: /home/ravi/pmb2_foxy_ws/install/gazebo_ros/include/gazebo_ros/testing_utils.hpp
-- Up-to-date symlink: /home/ravi/pmb2_foxy_ws/install/gazebo_ros/include/gazebo_ros/utils.hpp
-- Up-to-date symlink: /home/ravi/pmb2_foxy_ws/install/gazebo_ros/include/gazebo_ros/utils_visibility_control.h
-- Up-to-date symlink: /home/ravi/pmb2_foxy_ws/install/gazebo_ros/lib/gazebo_ros//gazebo_ros_paths.py
-- Up-to-date symlink: /home/ravi/pmb2_foxy_ws/install/gazebo_ros/lib/libgazebo_ros_factory.so
-- Up-to-date symlink: /home/ravi/pmb2_foxy_ws/install/gazebo_ros/lib/libgazebo_ros_force_system.so
-- Up-to-date symlink: /home/ravi/pmb2_foxy_ws/install/gazebo_ros/lib/libgazebo_ros_init.so
-- Up-to-date symlink: /home/ravi/pmb2_foxy_ws/install/gazebo_ros/lib/libgazebo_ros_node.so
-- Up-to-date symlink: /home/ravi/pmb2_foxy_ws/install/gazebo_ros/lib/libgazebo_ros_properties.so
-- Up-to-date symlink: /home/ravi/pmb2_foxy_ws/install/gazebo_ros/lib/libgazebo_ros_state.so
-- Up-to-date symlink: /home/ravi/pmb2_foxy_ws/install/gazebo_ros/lib/libgazebo_ros_utils.so
-- Up-to-date symlink: /home/ravi/pmb2_foxy_ws/install/gazebo_ros/lib/gazebo_ros//spawn_entity.py
-- Up-to-date symlink: /home/ravi/pmb2_foxy_ws/install/gazebo_ros/share/gazebo_ros//launch/gazebo.launch.py
-- Up-to-date symlink: /home/ravi/pmb2_foxy_ws/install/gazebo_ros/share/gazebo_ros//launch/gzclient.launch.py
-- Up-to-date symlink: /home/ravi/pmb2_foxy_ws/install/gazebo_ros/share/gazebo_ros//launch/gzserver.launch.py
-- Up-to-date symlink: /home/ravi/pmb2_foxy_ws/install/gazebo_ros/share/gazebo_ros//launch/spawn_entity_demo.launch.py
Listing '/home/ravi/pmb2_foxy_ws/install/gazebo_ros/lib/python3.8/site-packages/scripts/'...
