[0.039s] Invoking command in '/home/ravi/pmb2_foxy_ws/build/controller_interface': CMAKE_PREFIX_PATH=/home/ravi/pmb2_foxy_ws/install/hardware_interface:/home/ravi/pmb2_foxy_ws/install/transmission_interface:/home/ravi/pmb2_foxy_ws/install/ros2_control:/home/ravi/pmb2_foxy_ws/install/controller_manager:/home/ravi/pmb2_foxy_ws/install/controller_interface:/home/ravi/pmb2_foxy_ws/install/controller_manager_msgs:/home/ravi/pmb2_foxy_ws/install/ros2_control_test_assets:/home/ravi/pmb2_foxy_ws/install/gazebo_ros_pkgs:/home/ravi/pmb2_foxy_ws/install/gazebo_plugins:/home/ravi/pmb2_foxy_ws/install/gazebo_ros:/home/ravi/pmb2_foxy_ws/install/gazebo_msgs:/home/ravi/pmb2_foxy_ws/install/gazebo_dev:/home/ravi/pmb2_foxy_ws/install/pal_gazebo_worlds:/home/ravi/pmb2_foxy_ws/install/pmb2_simulation:/home/ravi/pmb2_foxy_ws/install/pmb2_navigation:/home/ravi/pmb2_foxy_ws/install/pmb2_2dnav_gazebo:/home/ravi/pmb2_foxy_ws/install/pmb2_2dnav:/home/ravi/pmb2_foxy_ws/install/pmb2_maps:/home/ravi/pmb2_foxy_ws/install/pmb2_gazebo:/home/ravi/pmb2_foxy_ws/install/pmb2_robot:/home/ravi/pmb2_foxy_ws/install/pmb2_bringup:/home/ravi/pmb2_foxy_ws/install/pmb2_description:/home/ravi/pmb2_foxy_ws/install/pmb2_controller_configuration:/home/ravi/pmb2_foxy_ws/install/ros2controlcli:/home/ravi/pmb2_foxy_ws/install/launch_pal:/opt/ros/foxy LD_LIBRARY_PATH=/home/ravi/pmb2_foxy_ws/install/hardware_interface/lib:/home/ravi/pmb2_foxy_ws/install/controller_manager/lib:/home/ravi/pmb2_foxy_ws/install/controller_interface/lib:/home/ravi/pmb2_foxy_ws/install/controller_manager_msgs/lib:/usr/lib/x86_64-linux-gnu/gazebo-11/plugins:/home/ravi/pmb2_foxy_ws/install/gazebo_plugins/lib:/home/ravi/pmb2_foxy_ws/install/gazebo_ros/lib:/home/ravi/pmb2_foxy_ws/install/gazebo_msgs/lib:/opt/ros/foxy/opt/yaml_cpp_vendor/lib:/opt/ros/foxy/opt/rviz_ogre_vendor/lib:/opt/ros/foxy/lib/x86_64-linux-gnu:/opt/ros/foxy/lib /usr/bin/cmake --build /home/ravi/pmb2_foxy_ws/build/controller_interface -- -j8 -l8
[0.098s] [ 20%] Built target gmock
[0.100s] [ 33%] Built target gmock_main
[0.100s] [ 46%] Built target controller_interface
[0.125s] [ 60%] Built target test_imu_sensor
[0.131s] [ 73%] Built target test_force_torque_sensor
[0.139s] [ 86%] Built target test_semantic_component_interface
[0.153s] [100%] Built target test_controller_with_options
[0.164s] Invoked command in '/home/ravi/pmb2_foxy_ws/build/controller_interface' returned '0': CMAKE_PREFIX_PATH=/home/ravi/pmb2_foxy_ws/install/hardware_interface:/home/ravi/pmb2_foxy_ws/install/transmission_interface:/home/ravi/pmb2_foxy_ws/install/ros2_control:/home/ravi/pmb2_foxy_ws/install/controller_manager:/home/ravi/pmb2_foxy_ws/install/controller_interface:/home/ravi/pmb2_foxy_ws/install/controller_manager_msgs:/home/ravi/pmb2_foxy_ws/install/ros2_control_test_assets:/home/ravi/pmb2_foxy_ws/install/gazebo_ros_pkgs:/home/ravi/pmb2_foxy_ws/install/gazebo_plugins:/home/ravi/pmb2_foxy_ws/install/gazebo_ros:/home/ravi/pmb2_foxy_ws/install/gazebo_msgs:/home/ravi/pmb2_foxy_ws/install/gazebo_dev:/home/ravi/pmb2_foxy_ws/install/pal_gazebo_worlds:/home/ravi/pmb2_foxy_ws/install/pmb2_simulation:/home/ravi/pmb2_foxy_ws/install/pmb2_navigation:/home/ravi/pmb2_foxy_ws/install/pmb2_2dnav_gazebo:/home/ravi/pmb2_foxy_ws/install/pmb2_2dnav:/home/ravi/pmb2_foxy_ws/install/pmb2_maps:/home/ravi/pmb2_foxy_ws/install/pmb2_gazebo:/home/ravi/pmb2_foxy_ws/install/pmb2_robot:/home/ravi/pmb2_foxy_ws/install/pmb2_bringup:/home/ravi/pmb2_foxy_ws/install/pmb2_description:/home/ravi/pmb2_foxy_ws/install/pmb2_controller_configuration:/home/ravi/pmb2_foxy_ws/install/ros2controlcli:/home/ravi/pmb2_foxy_ws/install/launch_pal:/opt/ros/foxy LD_LIBRARY_PATH=/home/ravi/pmb2_foxy_ws/install/hardware_interface/lib:/home/ravi/pmb2_foxy_ws/install/controller_manager/lib:/home/ravi/pmb2_foxy_ws/install/controller_interface/lib:/home/ravi/pmb2_foxy_ws/install/controller_manager_msgs/lib:/usr/lib/x86_64-linux-gnu/gazebo-11/plugins:/home/ravi/pmb2_foxy_ws/install/gazebo_plugins/lib:/home/ravi/pmb2_foxy_ws/install/gazebo_ros/lib:/home/ravi/pmb2_foxy_ws/install/gazebo_msgs/lib:/opt/ros/foxy/opt/yaml_cpp_vendor/lib:/opt/ros/foxy/opt/rviz_ogre_vendor/lib:/opt/ros/foxy/lib/x86_64-linux-gnu:/opt/ros/foxy/lib /usr/bin/cmake --build /home/ravi/pmb2_foxy_ws/build/controller_interface -- -j8 -l8
[0.203s] Invoking command in '/home/ravi/pmb2_foxy_ws/build/controller_interface': CMAKE_PREFIX_PATH=/home/ravi/pmb2_foxy_ws/install/hardware_interface:/home/ravi/pmb2_foxy_ws/install/transmission_interface:/home/ravi/pmb2_foxy_ws/install/ros2_control:/home/ravi/pmb2_foxy_ws/install/controller_manager:/home/ravi/pmb2_foxy_ws/install/controller_interface:/home/ravi/pmb2_foxy_ws/install/controller_manager_msgs:/home/ravi/pmb2_foxy_ws/install/ros2_control_test_assets:/home/ravi/pmb2_foxy_ws/install/gazebo_ros_pkgs:/home/ravi/pmb2_foxy_ws/install/gazebo_plugins:/home/ravi/pmb2_foxy_ws/install/gazebo_ros:/home/ravi/pmb2_foxy_ws/install/gazebo_msgs:/home/ravi/pmb2_foxy_ws/install/gazebo_dev:/home/ravi/pmb2_foxy_ws/install/pal_gazebo_worlds:/home/ravi/pmb2_foxy_ws/install/pmb2_simulation:/home/ravi/pmb2_foxy_ws/install/pmb2_navigation:/home/ravi/pmb2_foxy_ws/install/pmb2_2dnav_gazebo:/home/ravi/pmb2_foxy_ws/install/pmb2_2dnav:/home/ravi/pmb2_foxy_ws/install/pmb2_maps:/home/ravi/pmb2_foxy_ws/install/pmb2_gazebo:/home/ravi/pmb2_foxy_ws/install/pmb2_robot:/home/ravi/pmb2_foxy_ws/install/pmb2_bringup:/home/ravi/pmb2_foxy_ws/install/pmb2_description:/home/ravi/pmb2_foxy_ws/install/pmb2_controller_configuration:/home/ravi/pmb2_foxy_ws/install/ros2controlcli:/home/ravi/pmb2_foxy_ws/install/launch_pal:/opt/ros/foxy LD_LIBRARY_PATH=/home/ravi/pmb2_foxy_ws/install/hardware_interface/lib:/home/ravi/pmb2_foxy_ws/install/controller_manager/lib:/home/ravi/pmb2_foxy_ws/install/controller_interface/lib:/home/ravi/pmb2_foxy_ws/install/controller_manager_msgs/lib:/usr/lib/x86_64-linux-gnu/gazebo-11/plugins:/home/ravi/pmb2_foxy_ws/install/gazebo_plugins/lib:/home/ravi/pmb2_foxy_ws/install/gazebo_ros/lib:/home/ravi/pmb2_foxy_ws/install/gazebo_msgs/lib:/opt/ros/foxy/opt/yaml_cpp_vendor/lib:/opt/ros/foxy/opt/rviz_ogre_vendor/lib:/opt/ros/foxy/lib/x86_64-linux-gnu:/opt/ros/foxy/lib /usr/bin/cmake --install /home/ravi/pmb2_foxy_ws/build/controller_interface
[0.205s] -- Install configuration: ""
[0.206s] -- Up-to-date: /home/ravi/pmb2_foxy_ws/install/controller_interface/include
[0.206s] -- Up-to-date: /home/ravi/pmb2_foxy_ws/install/controller_interface/include/controller_interface
[0.206s] -- Up-to-date: /home/ravi/pmb2_foxy_ws/install/controller_interface/include/controller_interface/controller_state_names.hpp
[0.206s] -- Up-to-date: /home/ravi/pmb2_foxy_ws/install/controller_interface/include/controller_interface/visibility_control.h
[0.206s] -- Up-to-date: /home/ravi/pmb2_foxy_ws/install/controller_interface/include/controller_interface/controller_interface.hpp
[0.206s] -- Up-to-date: /home/ravi/pmb2_foxy_ws/install/controller_interface/include/controller_interface/helpers.hpp
[0.206s] -- Up-to-date: /home/ravi/pmb2_foxy_ws/install/controller_interface/include/semantic_components
[0.206s] -- Up-to-date: /home/ravi/pmb2_foxy_ws/install/controller_interface/include/semantic_components/imu_sensor.hpp
[0.206s] -- Up-to-date: /home/ravi/pmb2_foxy_ws/install/controller_interface/include/semantic_components/semantic_component_interface.hpp
[0.206s] -- Up-to-date: /home/ravi/pmb2_foxy_ws/install/controller_interface/include/semantic_components/force_torque_sensor.hpp
[0.206s] -- Up-to-date: /home/ravi/pmb2_foxy_ws/install/controller_interface/lib/libcontroller_interface.so
[0.206s] -- Up-to-date: /home/ravi/pmb2_foxy_ws/install/controller_interface/share/controller_interface/environment/library_path.sh
[0.206s] -- Up-to-date: /home/ravi/pmb2_foxy_ws/install/controller_interface/share/controller_interface/environment/library_path.dsv
[0.206s] -- Up-to-date: /home/ravi/pmb2_foxy_ws/install/controller_interface/share/ament_index/resource_index/package_run_dependencies/controller_interface
[0.206s] -- Up-to-date: /home/ravi/pmb2_foxy_ws/install/controller_interface/share/ament_index/resource_index/parent_prefix_path/controller_interface
[0.206s] -- Up-to-date: /home/ravi/pmb2_foxy_ws/install/controller_interface/share/controller_interface/environment/ament_prefix_path.sh
[0.207s] -- Up-to-date: /home/ravi/pmb2_foxy_ws/install/controller_interface/share/controller_interface/environment/ament_prefix_path.dsv
[0.207s] -- Up-to-date: /home/ravi/pmb2_foxy_ws/install/controller_interface/share/controller_interface/environment/path.sh
[0.207s] -- Up-to-date: /home/ravi/pmb2_foxy_ws/install/controller_interface/share/controller_interface/environment/path.dsv
[0.207s] -- Up-to-date: /home/ravi/pmb2_foxy_ws/install/controller_interface/share/controller_interface/local_setup.bash
[0.207s] -- Up-to-date: /home/ravi/pmb2_foxy_ws/install/controller_interface/share/controller_interface/local_setup.sh
[0.207s] -- Up-to-date: /home/ravi/pmb2_foxy_ws/install/controller_interface/share/controller_interface/local_setup.zsh
[0.208s] -- Up-to-date: /home/ravi/pmb2_foxy_ws/install/controller_interface/share/controller_interface/local_setup.dsv
[0.208s] -- Installing: /home/ravi/pmb2_foxy_ws/install/controller_interface/share/controller_interface/package.dsv
[0.208s] -- Up-to-date: /home/ravi/pmb2_foxy_ws/install/controller_interface/share/ament_index/resource_index/packages/controller_interface
[0.208s] -- Up-to-date: /home/ravi/pmb2_foxy_ws/install/controller_interface/share/controller_interface/cmake/ament_cmake_export_dependencies-extras.cmake
[0.208s] -- Up-to-date: /home/ravi/pmb2_foxy_ws/install/controller_interface/share/controller_interface/cmake/ament_cmake_export_include_directories-extras.cmake
[0.208s] -- Up-to-date: /home/ravi/pmb2_foxy_ws/install/controller_interface/share/controller_interface/cmake/ament_cmake_export_libraries-extras.cmake
[0.208s] -- Up-to-date: /home/ravi/pmb2_foxy_ws/install/controller_interface/share/controller_interface/cmake/controller_interfaceConfig.cmake
[0.208s] -- Up-to-date: /home/ravi/pmb2_foxy_ws/install/controller_interface/share/controller_interface/cmake/controller_interfaceConfig-version.cmake
[0.208s] -- Up-to-date: /home/ravi/pmb2_foxy_ws/install/controller_interface/share/controller_interface/package.xml
[0.233s] Invoked command in '/home/ravi/pmb2_foxy_ws/build/controller_interface' returned '0': CMAKE_PREFIX_PATH=/home/ravi/pmb2_foxy_ws/install/hardware_interface:/home/ravi/pmb2_foxy_ws/install/transmission_interface:/home/ravi/pmb2_foxy_ws/install/ros2_control:/home/ravi/pmb2_foxy_ws/install/controller_manager:/home/ravi/pmb2_foxy_ws/install/controller_interface:/home/ravi/pmb2_foxy_ws/install/controller_manager_msgs:/home/ravi/pmb2_foxy_ws/install/ros2_control_test_assets:/home/ravi/pmb2_foxy_ws/install/gazebo_ros_pkgs:/home/ravi/pmb2_foxy_ws/install/gazebo_plugins:/home/ravi/pmb2_foxy_ws/install/gazebo_ros:/home/ravi/pmb2_foxy_ws/install/gazebo_msgs:/home/ravi/pmb2_foxy_ws/install/gazebo_dev:/home/ravi/pmb2_foxy_ws/install/pal_gazebo_worlds:/home/ravi/pmb2_foxy_ws/install/pmb2_simulation:/home/ravi/pmb2_foxy_ws/install/pmb2_navigation:/home/ravi/pmb2_foxy_ws/install/pmb2_2dnav_gazebo:/home/ravi/pmb2_foxy_ws/install/pmb2_2dnav:/home/ravi/pmb2_foxy_ws/install/pmb2_maps:/home/ravi/pmb2_foxy_ws/install/pmb2_gazebo:/home/ravi/pmb2_foxy_ws/install/pmb2_robot:/home/ravi/pmb2_foxy_ws/install/pmb2_bringup:/home/ravi/pmb2_foxy_ws/install/pmb2_description:/home/ravi/pmb2_foxy_ws/install/pmb2_controller_configuration:/home/ravi/pmb2_foxy_ws/install/ros2controlcli:/home/ravi/pmb2_foxy_ws/install/launch_pal:/opt/ros/foxy LD_LIBRARY_PATH=/home/ravi/pmb2_foxy_ws/install/hardware_interface/lib:/home/ravi/pmb2_foxy_ws/install/controller_manager/lib:/home/ravi/pmb2_foxy_ws/install/controller_interface/lib:/home/ravi/pmb2_foxy_ws/install/controller_manager_msgs/lib:/usr/lib/x86_64-linux-gnu/gazebo-11/plugins:/home/ravi/pmb2_foxy_ws/install/gazebo_plugins/lib:/home/ravi/pmb2_foxy_ws/install/gazebo_ros/lib:/home/ravi/pmb2_foxy_ws/install/gazebo_msgs/lib:/opt/ros/foxy/opt/yaml_cpp_vendor/lib:/opt/ros/foxy/opt/rviz_ogre_vendor/lib:/opt/ros/foxy/lib/x86_64-linux-gnu:/opt/ros/foxy/lib /usr/bin/cmake --install /home/ravi/pmb2_foxy_ws/build/controller_interface
