-- Found ament_cmake: 0.9.9 (/opt/ros/foxy/share/ament_cmake/cmake)
-- Using PYTHON_EXECUTABLE: /usr/bin/python3
-- Override CMake install command with custom implementation using symlinks instead of copying resources
-- Configuring done
-- Generating done
-- Build files have been written to: /home/ravi/pmb2_foxy_ws/build/gazebo_ros_pkgs
-- Install configuration: ""
-- Execute custom install script
-- Up-to-date symlink: /home/ravi/pmb2_foxy_ws/install/gazebo_ros_pkgs/share/ament_index/resource_index/package_run_dependencies/gazebo_ros_pkgs
-- Up-to-date symlink: /home/ravi/pmb2_foxy_ws/install/gazebo_ros_pkgs/share/ament_index/resource_index/parent_prefix_path/gazebo_ros_pkgs
-- Up-to-date symlink: /home/ravi/pmb2_foxy_ws/install/gazebo_ros_pkgs/share/gazebo_ros_pkgs/environment/ament_prefix_path.sh
-- Up-to-date symlink: /home/ravi/pmb2_foxy_ws/install/gazebo_ros_pkgs/share/gazebo_ros_pkgs/environment/ament_prefix_path.dsv
-- Up-to-date symlink: /home/ravi/pmb2_foxy_ws/install/gazebo_ros_pkgs/share/gazebo_ros_pkgs/environment/path.sh
-- Up-to-date symlink: /home/ravi/pmb2_foxy_ws/install/gazebo_ros_pkgs/share/gazebo_ros_pkgs/environment/path.dsv
-- Up-to-date symlink: /home/ravi/pmb2_foxy_ws/install/gazebo_ros_pkgs/share/gazebo_ros_pkgs/local_setup.bash
-- Up-to-date symlink: /home/ravi/pmb2_foxy_ws/install/gazebo_ros_pkgs/share/gazebo_ros_pkgs/local_setup.sh
-- Up-to-date symlink: /home/ravi/pmb2_foxy_ws/install/gazebo_ros_pkgs/share/gazebo_ros_pkgs/local_setup.zsh
-- Up-to-date symlink: /home/ravi/pmb2_foxy_ws/install/gazebo_ros_pkgs/share/gazebo_ros_pkgs/local_setup.dsv
-- Symlinking: /home/ravi/pmb2_foxy_ws/install/gazebo_ros_pkgs/share/gazebo_ros_pkgs/package.dsv
-- Up-to-date symlink: /home/ravi/pmb2_foxy_ws/install/gazebo_ros_pkgs/share/ament_index/resource_index/packages/gazebo_ros_pkgs
-- Up-to-date symlink: /home/ravi/pmb2_foxy_ws/install/gazebo_ros_pkgs/share/gazebo_ros_pkgs/cmake/gazebo_ros_pkgsConfig.cmake
-- Up-to-date symlink: /home/ravi/pmb2_foxy_ws/install/gazebo_ros_pkgs/share/gazebo_ros_pkgs/cmake/gazebo_ros_pkgsConfig-version.cmake
-- Up-to-date symlink: /home/ravi/pmb2_foxy_ws/install/gazebo_ros_pkgs/share/gazebo_ros_pkgs/package.xml
