[0.015s] Invoking command in '/home/ravi/pmb2_foxy_ws/build/pmb2_gazebo': AMENT_PREFIX_PATH=/home/ravi/pmb2_foxy_ws/install/launch_pal:/home/ravi/pmb2_foxy_ws/install/gazebo_ros_pkgs:/home/ravi/pmb2_foxy_ws/install/gazebo_plugins:/home/ravi/pmb2_foxy_ws/install/gazebo_ros:/home/ravi/pmb2_foxy_ws/install/gazebo_msgs:/home/ravi/pmb2_foxy_ws/install/gazebo_dev:/home/ravi/pmb2_foxy_ws/install/pal_gazebo_worlds:/home/ravi/pmb2_foxy_ws/install/pmb2_simulation:/home/ravi/pmb2_foxy_ws/install/pmb2_navigation:/home/ravi/pmb2_foxy_ws/install/pmb2_2dnav_gazebo:/home/ravi/pmb2_foxy_ws/install/pmb2_2dnav:/home/ravi/pmb2_foxy_ws/install/pmb2_maps:/home/ravi/pmb2_foxy_ws/install/pmb2_gazebo:/home/ravi/pmb2_foxy_ws/install/pmb2_robot:/home/ravi/pmb2_foxy_ws/install/pmb2_bringup:/home/ravi/pmb2_foxy_ws/install/pmb2_description:/home/ravi/pmb2_foxy_ws/install/pmb2_controller_configuration:/opt/ros/foxy CMAKE_PREFIX_PATH=/home/ravi/pmb2_foxy_ws/install/pmb2_bringup:/home/ravi/pmb2_foxy_ws/install/pal_gazebo_worlds:/home/ravi/pmb2_foxy_ws/install/gazebo_plugins:/home/ravi/pmb2_foxy_ws/install/pmb2_description:/home/ravi/pmb2_foxy_ws/install/gazebo_ros:/home/ravi/pmb2_foxy_ws/install/pmb2_controller_configuration:/home/ravi/pmb2_foxy_ws/install/gazebo_msgs:/home/ravi/pmb2_foxy_ws/install/gazebo_dev:/home/ravi/pmb2_foxy_ws/install/gazebo_ros_pkgs:/home/ravi/pmb2_foxy_ws/install/pmb2_simulation:/home/ravi/pmb2_foxy_ws/install/pmb2_navigation:/home/ravi/pmb2_foxy_ws/install/pmb2_2dnav_gazebo:/home/ravi/pmb2_foxy_ws/install/pmb2_2dnav:/home/ravi/pmb2_foxy_ws/install/pmb2_maps:/home/ravi/pmb2_foxy_ws/install/pmb2_gazebo:/home/ravi/pmb2_foxy_ws/install/pmb2_robot:/home/ravi/pmb2_foxy_ws/install/launch_pal:/opt/ros/foxy LD_LIBRARY_PATH=/home/ravi/pmb2_foxy_ws/install/gazebo_plugins/lib:/home/ravi/pmb2_foxy_ws/install/gazebo_ros/lib:/home/ravi/pmb2_foxy_ws/install/gazebo_msgs/lib:/usr/lib/x86_64-linux-gnu/gazebo-11/plugins:/opt/ros/foxy/opt/yaml_cpp_vendor/lib:/opt/ros/foxy/opt/rviz_ogre_vendor/lib:/opt/ros/foxy/lib/x86_64-linux-gnu:/opt/ros/foxy/lib PYTHONPATH=/home/ravi/pmb2_foxy_ws/install/pmb2_description/lib/python3.8/site-packages:/home/ravi/pmb2_foxy_ws/install/gazebo_ros/lib/python3.8/site-packages:/home/ravi/pmb2_foxy_ws/install/launch_pal/lib/python3.8/site-packages:/home/ravi/pmb2_foxy_ws/install/gazebo_msgs/lib/python3.8/site-packages:/home/ravi/pmb2_foxy_ws/build/launch_pal:/opt/ros/foxy/lib/python3.8/site-packages /usr/bin/cmake /home/ravi/pmb2_foxy_ws/src/pmb2_simulation/pmb2_gazebo -DCMAKE_INSTALL_PREFIX=/home/ravi/pmb2_foxy_ws/install/pmb2_gazebo
[0.024s] -- Found ament_cmake_auto: 0.9.9 (/opt/ros/foxy/share/ament_cmake_auto/cmake)
[0.041s] -- Using PYTHON_EXECUTABLE: /usr/bin/python3
[0.140s] -- Override CMake install command with custom implementation using symlinks instead of copying resources
[0.151s] -- Found ament_lint_auto: 0.9.6 (/opt/ros/foxy/share/ament_lint_auto/cmake)
[0.193s] -- Added test 'copyright' to check source files copyright and LICENSE
[0.211s] -- Added test 'flake8' to check Python code syntax and style conventions
[0.213s] -- Added test 'lint_cmake' to check CMake code style
[0.215s] -- Added test 'pep257' to check Python code against some of the style conventions in PEP 257
[0.225s] -- Added test 'xmllint' to check XML markup files
[0.226s] -- Configuring done
[0.227s] -- Generating done
[0.228s] -- Build files have been written to: /home/ravi/pmb2_foxy_ws/build/pmb2_gazebo
[0.230s] Invoked command in '/home/ravi/pmb2_foxy_ws/build/pmb2_gazebo' returned '0': AMENT_PREFIX_PATH=/home/ravi/pmb2_foxy_ws/install/launch_pal:/home/ravi/pmb2_foxy_ws/install/gazebo_ros_pkgs:/home/ravi/pmb2_foxy_ws/install/gazebo_plugins:/home/ravi/pmb2_foxy_ws/install/gazebo_ros:/home/ravi/pmb2_foxy_ws/install/gazebo_msgs:/home/ravi/pmb2_foxy_ws/install/gazebo_dev:/home/ravi/pmb2_foxy_ws/install/pal_gazebo_worlds:/home/ravi/pmb2_foxy_ws/install/pmb2_simulation:/home/ravi/pmb2_foxy_ws/install/pmb2_navigation:/home/ravi/pmb2_foxy_ws/install/pmb2_2dnav_gazebo:/home/ravi/pmb2_foxy_ws/install/pmb2_2dnav:/home/ravi/pmb2_foxy_ws/install/pmb2_maps:/home/ravi/pmb2_foxy_ws/install/pmb2_gazebo:/home/ravi/pmb2_foxy_ws/install/pmb2_robot:/home/ravi/pmb2_foxy_ws/install/pmb2_bringup:/home/ravi/pmb2_foxy_ws/install/pmb2_description:/home/ravi/pmb2_foxy_ws/install/pmb2_controller_configuration:/opt/ros/foxy CMAKE_PREFIX_PATH=/home/ravi/pmb2_foxy_ws/install/pmb2_bringup:/home/ravi/pmb2_foxy_ws/install/pal_gazebo_worlds:/home/ravi/pmb2_foxy_ws/install/gazebo_plugins:/home/ravi/pmb2_foxy_ws/install/pmb2_description:/home/ravi/pmb2_foxy_ws/install/gazebo_ros:/home/ravi/pmb2_foxy_ws/install/pmb2_controller_configuration:/home/ravi/pmb2_foxy_ws/install/gazebo_msgs:/home/ravi/pmb2_foxy_ws/install/gazebo_dev:/home/ravi/pmb2_foxy_ws/install/gazebo_ros_pkgs:/home/ravi/pmb2_foxy_ws/install/pmb2_simulation:/home/ravi/pmb2_foxy_ws/install/pmb2_navigation:/home/ravi/pmb2_foxy_ws/install/pmb2_2dnav_gazebo:/home/ravi/pmb2_foxy_ws/install/pmb2_2dnav:/home/ravi/pmb2_foxy_ws/install/pmb2_maps:/home/ravi/pmb2_foxy_ws/install/pmb2_gazebo:/home/ravi/pmb2_foxy_ws/install/pmb2_robot:/home/ravi/pmb2_foxy_ws/install/launch_pal:/opt/ros/foxy LD_LIBRARY_PATH=/home/ravi/pmb2_foxy_ws/install/gazebo_plugins/lib:/home/ravi/pmb2_foxy_ws/install/gazebo_ros/lib:/home/ravi/pmb2_foxy_ws/install/gazebo_msgs/lib:/usr/lib/x86_64-linux-gnu/gazebo-11/plugins:/opt/ros/foxy/opt/yaml_cpp_vendor/lib:/opt/ros/foxy/opt/rviz_ogre_vendor/lib:/opt/ros/foxy/lib/x86_64-linux-gnu:/opt/ros/foxy/lib PYTHONPATH=/home/ravi/pmb2_foxy_ws/install/pmb2_description/lib/python3.8/site-packages:/home/ravi/pmb2_foxy_ws/install/gazebo_ros/lib/python3.8/site-packages:/home/ravi/pmb2_foxy_ws/install/launch_pal/lib/python3.8/site-packages:/home/ravi/pmb2_foxy_ws/install/gazebo_msgs/lib/python3.8/site-packages:/home/ravi/pmb2_foxy_ws/build/launch_pal:/opt/ros/foxy/lib/python3.8/site-packages /usr/bin/cmake /home/ravi/pmb2_foxy_ws/src/pmb2_simulation/pmb2_gazebo -DCMAKE_INSTALL_PREFIX=/home/ravi/pmb2_foxy_ws/install/pmb2_gazebo
[0.232s] Invoking command in '/home/ravi/pmb2_foxy_ws/build/pmb2_gazebo': AMENT_PREFIX_PATH=/home/ravi/pmb2_foxy_ws/install/launch_pal:/home/ravi/pmb2_foxy_ws/install/gazebo_ros_pkgs:/home/ravi/pmb2_foxy_ws/install/gazebo_plugins:/home/ravi/pmb2_foxy_ws/install/gazebo_ros:/home/ravi/pmb2_foxy_ws/install/gazebo_msgs:/home/ravi/pmb2_foxy_ws/install/gazebo_dev:/home/ravi/pmb2_foxy_ws/install/pal_gazebo_worlds:/home/ravi/pmb2_foxy_ws/install/pmb2_simulation:/home/ravi/pmb2_foxy_ws/install/pmb2_navigation:/home/ravi/pmb2_foxy_ws/install/pmb2_2dnav_gazebo:/home/ravi/pmb2_foxy_ws/install/pmb2_2dnav:/home/ravi/pmb2_foxy_ws/install/pmb2_maps:/home/ravi/pmb2_foxy_ws/install/pmb2_gazebo:/home/ravi/pmb2_foxy_ws/install/pmb2_robot:/home/ravi/pmb2_foxy_ws/install/pmb2_bringup:/home/ravi/pmb2_foxy_ws/install/pmb2_description:/home/ravi/pmb2_foxy_ws/install/pmb2_controller_configuration:/opt/ros/foxy CMAKE_PREFIX_PATH=/home/ravi/pmb2_foxy_ws/install/pmb2_bringup:/home/ravi/pmb2_foxy_ws/install/pal_gazebo_worlds:/home/ravi/pmb2_foxy_ws/install/gazebo_plugins:/home/ravi/pmb2_foxy_ws/install/pmb2_description:/home/ravi/pmb2_foxy_ws/install/gazebo_ros:/home/ravi/pmb2_foxy_ws/install/pmb2_controller_configuration:/home/ravi/pmb2_foxy_ws/install/gazebo_msgs:/home/ravi/pmb2_foxy_ws/install/gazebo_dev:/home/ravi/pmb2_foxy_ws/install/gazebo_ros_pkgs:/home/ravi/pmb2_foxy_ws/install/pmb2_simulation:/home/ravi/pmb2_foxy_ws/install/pmb2_navigation:/home/ravi/pmb2_foxy_ws/install/pmb2_2dnav_gazebo:/home/ravi/pmb2_foxy_ws/install/pmb2_2dnav:/home/ravi/pmb2_foxy_ws/install/pmb2_maps:/home/ravi/pmb2_foxy_ws/install/pmb2_gazebo:/home/ravi/pmb2_foxy_ws/install/pmb2_robot:/home/ravi/pmb2_foxy_ws/install/launch_pal:/opt/ros/foxy LD_LIBRARY_PATH=/home/ravi/pmb2_foxy_ws/install/gazebo_plugins/lib:/home/ravi/pmb2_foxy_ws/install/gazebo_ros/lib:/home/ravi/pmb2_foxy_ws/install/gazebo_msgs/lib:/usr/lib/x86_64-linux-gnu/gazebo-11/plugins:/opt/ros/foxy/opt/yaml_cpp_vendor/lib:/opt/ros/foxy/opt/rviz_ogre_vendor/lib:/opt/ros/foxy/lib/x86_64-linux-gnu:/opt/ros/foxy/lib PYTHONPATH=/home/ravi/pmb2_foxy_ws/install/pmb2_description/lib/python3.8/site-packages:/home/ravi/pmb2_foxy_ws/install/gazebo_ros/lib/python3.8/site-packages:/home/ravi/pmb2_foxy_ws/install/launch_pal/lib/python3.8/site-packages:/home/ravi/pmb2_foxy_ws/install/gazebo_msgs/lib/python3.8/site-packages:/home/ravi/pmb2_foxy_ws/build/launch_pal:/opt/ros/foxy/lib/python3.8/site-packages /usr/bin/cmake --build /home/ravi/pmb2_foxy_ws/build/pmb2_gazebo -- -j8 -l8
[0.258s] Invoked command in '/home/ravi/pmb2_foxy_ws/build/pmb2_gazebo' returned '0': AMENT_PREFIX_PATH=/home/ravi/pmb2_foxy_ws/install/launch_pal:/home/ravi/pmb2_foxy_ws/install/gazebo_ros_pkgs:/home/ravi/pmb2_foxy_ws/install/gazebo_plugins:/home/ravi/pmb2_foxy_ws/install/gazebo_ros:/home/ravi/pmb2_foxy_ws/install/gazebo_msgs:/home/ravi/pmb2_foxy_ws/install/gazebo_dev:/home/ravi/pmb2_foxy_ws/install/pal_gazebo_worlds:/home/ravi/pmb2_foxy_ws/install/pmb2_simulation:/home/ravi/pmb2_foxy_ws/install/pmb2_navigation:/home/ravi/pmb2_foxy_ws/install/pmb2_2dnav_gazebo:/home/ravi/pmb2_foxy_ws/install/pmb2_2dnav:/home/ravi/pmb2_foxy_ws/install/pmb2_maps:/home/ravi/pmb2_foxy_ws/install/pmb2_gazebo:/home/ravi/pmb2_foxy_ws/install/pmb2_robot:/home/ravi/pmb2_foxy_ws/install/pmb2_bringup:/home/ravi/pmb2_foxy_ws/install/pmb2_description:/home/ravi/pmb2_foxy_ws/install/pmb2_controller_configuration:/opt/ros/foxy CMAKE_PREFIX_PATH=/home/ravi/pmb2_foxy_ws/install/pmb2_bringup:/home/ravi/pmb2_foxy_ws/install/pal_gazebo_worlds:/home/ravi/pmb2_foxy_ws/install/gazebo_plugins:/home/ravi/pmb2_foxy_ws/install/pmb2_description:/home/ravi/pmb2_foxy_ws/install/gazebo_ros:/home/ravi/pmb2_foxy_ws/install/pmb2_controller_configuration:/home/ravi/pmb2_foxy_ws/install/gazebo_msgs:/home/ravi/pmb2_foxy_ws/install/gazebo_dev:/home/ravi/pmb2_foxy_ws/install/gazebo_ros_pkgs:/home/ravi/pmb2_foxy_ws/install/pmb2_simulation:/home/ravi/pmb2_foxy_ws/install/pmb2_navigation:/home/ravi/pmb2_foxy_ws/install/pmb2_2dnav_gazebo:/home/ravi/pmb2_foxy_ws/install/pmb2_2dnav:/home/ravi/pmb2_foxy_ws/install/pmb2_maps:/home/ravi/pmb2_foxy_ws/install/pmb2_gazebo:/home/ravi/pmb2_foxy_ws/install/pmb2_robot:/home/ravi/pmb2_foxy_ws/install/launch_pal:/opt/ros/foxy LD_LIBRARY_PATH=/home/ravi/pmb2_foxy_ws/install/gazebo_plugins/lib:/home/ravi/pmb2_foxy_ws/install/gazebo_ros/lib:/home/ravi/pmb2_foxy_ws/install/gazebo_msgs/lib:/usr/lib/x86_64-linux-gnu/gazebo-11/plugins:/opt/ros/foxy/opt/yaml_cpp_vendor/lib:/opt/ros/foxy/opt/rviz_ogre_vendor/lib:/opt/ros/foxy/lib/x86_64-linux-gnu:/opt/ros/foxy/lib PYTHONPATH=/home/ravi/pmb2_foxy_ws/install/pmb2_description/lib/python3.8/site-packages:/home/ravi/pmb2_foxy_ws/install/gazebo_ros/lib/python3.8/site-packages:/home/ravi/pmb2_foxy_ws/install/launch_pal/lib/python3.8/site-packages:/home/ravi/pmb2_foxy_ws/install/gazebo_msgs/lib/python3.8/site-packages:/home/ravi/pmb2_foxy_ws/build/launch_pal:/opt/ros/foxy/lib/python3.8/site-packages /usr/bin/cmake --build /home/ravi/pmb2_foxy_ws/build/pmb2_gazebo -- -j8 -l8
[0.279s] Invoking command in '/home/ravi/pmb2_foxy_ws/build/pmb2_gazebo': AMENT_PREFIX_PATH=/home/ravi/pmb2_foxy_ws/install/launch_pal:/home/ravi/pmb2_foxy_ws/install/gazebo_ros_pkgs:/home/ravi/pmb2_foxy_ws/install/gazebo_plugins:/home/ravi/pmb2_foxy_ws/install/gazebo_ros:/home/ravi/pmb2_foxy_ws/install/gazebo_msgs:/home/ravi/pmb2_foxy_ws/install/gazebo_dev:/home/ravi/pmb2_foxy_ws/install/pal_gazebo_worlds:/home/ravi/pmb2_foxy_ws/install/pmb2_simulation:/home/ravi/pmb2_foxy_ws/install/pmb2_navigation:/home/ravi/pmb2_foxy_ws/install/pmb2_2dnav_gazebo:/home/ravi/pmb2_foxy_ws/install/pmb2_2dnav:/home/ravi/pmb2_foxy_ws/install/pmb2_maps:/home/ravi/pmb2_foxy_ws/install/pmb2_gazebo:/home/ravi/pmb2_foxy_ws/install/pmb2_robot:/home/ravi/pmb2_foxy_ws/install/pmb2_bringup:/home/ravi/pmb2_foxy_ws/install/pmb2_description:/home/ravi/pmb2_foxy_ws/install/pmb2_controller_configuration:/opt/ros/foxy CMAKE_PREFIX_PATH=/home/ravi/pmb2_foxy_ws/install/pmb2_bringup:/home/ravi/pmb2_foxy_ws/install/pal_gazebo_worlds:/home/ravi/pmb2_foxy_ws/install/gazebo_plugins:/home/ravi/pmb2_foxy_ws/install/pmb2_description:/home/ravi/pmb2_foxy_ws/install/gazebo_ros:/home/ravi/pmb2_foxy_ws/install/pmb2_controller_configuration:/home/ravi/pmb2_foxy_ws/install/gazebo_msgs:/home/ravi/pmb2_foxy_ws/install/gazebo_dev:/home/ravi/pmb2_foxy_ws/install/gazebo_ros_pkgs:/home/ravi/pmb2_foxy_ws/install/pmb2_simulation:/home/ravi/pmb2_foxy_ws/install/pmb2_navigation:/home/ravi/pmb2_foxy_ws/install/pmb2_2dnav_gazebo:/home/ravi/pmb2_foxy_ws/install/pmb2_2dnav:/home/ravi/pmb2_foxy_ws/install/pmb2_maps:/home/ravi/pmb2_foxy_ws/install/pmb2_gazebo:/home/ravi/pmb2_foxy_ws/install/pmb2_robot:/home/ravi/pmb2_foxy_ws/install/launch_pal:/opt/ros/foxy LD_LIBRARY_PATH=/home/ravi/pmb2_foxy_ws/install/gazebo_plugins/lib:/home/ravi/pmb2_foxy_ws/install/gazebo_ros/lib:/home/ravi/pmb2_foxy_ws/install/gazebo_msgs/lib:/usr/lib/x86_64-linux-gnu/gazebo-11/plugins:/opt/ros/foxy/opt/yaml_cpp_vendor/lib:/opt/ros/foxy/opt/rviz_ogre_vendor/lib:/opt/ros/foxy/lib/x86_64-linux-gnu:/opt/ros/foxy/lib PYTHONPATH=/home/ravi/pmb2_foxy_ws/install/pmb2_description/lib/python3.8/site-packages:/home/ravi/pmb2_foxy_ws/install/gazebo_ros/lib/python3.8/site-packages:/home/ravi/pmb2_foxy_ws/install/launch_pal/lib/python3.8/site-packages:/home/ravi/pmb2_foxy_ws/install/gazebo_msgs/lib/python3.8/site-packages:/home/ravi/pmb2_foxy_ws/build/launch_pal:/opt/ros/foxy/lib/python3.8/site-packages /usr/bin/cmake --install /home/ravi/pmb2_foxy_ws/build/pmb2_gazebo
[0.285s] -- Install configuration: ""
[0.285s] -- Execute custom install script
[0.285s] -- Up-to-date symlink: /home/ravi/pmb2_foxy_ws/install/pmb2_gazebo/share/pmb2_gazebo/launch/pmb2_gazebo.launch.py
[0.286s] -- Up-to-date symlink: /home/ravi/pmb2_foxy_ws/install/pmb2_gazebo/share/pmb2_gazebo/launch/pmb2_spawn.launch.py
[0.288s] -- Up-to-date symlink: /home/ravi/pmb2_foxy_ws/install/pmb2_gazebo/share/pmb2_gazebo/models/abu_dhabi/README
[0.288s] -- Up-to-date symlink: /home/ravi/pmb2_foxy_ws/install/pmb2_gazebo/share/pmb2_gazebo/models/abu_dhabi/model.config
[0.288s] -- Up-to-date symlink: /home/ravi/pmb2_foxy_ws/install/pmb2_gazebo/share/pmb2_gazebo/models/abu_dhabi/model.sdf
[0.288s] -- Up-to-date symlink: /home/ravi/pmb2_foxy_ws/install/pmb2_gazebo/share/pmb2_gazebo/models/abu_dhabi/palace_demo.png
[0.288s] -- Up-to-date symlink: /home/ravi/pmb2_foxy_ws/install/pmb2_gazebo/share/pmb2_gazebo/models/adler_erfurt_shop_downstairs/README
[0.288s] -- Up-to-date symlink: /home/ravi/pmb2_foxy_ws/install/pmb2_gazebo/share/pmb2_gazebo/models/adler_erfurt_shop_downstairs/adler_erfurt_shop.pdf
[0.288s] -- Up-to-date symlink: /home/ravi/pmb2_foxy_ws/install/pmb2_gazebo/share/pmb2_gazebo/models/adler_erfurt_shop_downstairs/adler_erfurt_shop_downstairs.png
[0.288s] -- Up-to-date symlink: /home/ravi/pmb2_foxy_ws/install/pmb2_gazebo/share/pmb2_gazebo/models/adler_erfurt_shop_downstairs/model.config
[0.289s] -- Up-to-date symlink: /home/ravi/pmb2_foxy_ws/install/pmb2_gazebo/share/pmb2_gazebo/models/adler_erfurt_shop_downstairs/model.sdf
[0.289s] -- Up-to-date symlink: /home/ravi/pmb2_foxy_ws/install/pmb2_gazebo/share/pmb2_gazebo/models/adler_erfurt_shop_upstairs/README
[0.289s] -- Up-to-date symlink: /home/ravi/pmb2_foxy_ws/install/pmb2_gazebo/share/pmb2_gazebo/models/adler_erfurt_shop_upstairs/adler_erfurt_shop.pdf
[0.289s] -- Up-to-date symlink: /home/ravi/pmb2_foxy_ws/install/pmb2_gazebo/share/pmb2_gazebo/models/adler_erfurt_shop_upstairs/adler_erfurt_shop_upstairs.png
[0.289s] -- Up-to-date symlink: /home/ravi/pmb2_foxy_ws/install/pmb2_gazebo/share/pmb2_gazebo/models/adler_erfurt_shop_upstairs/model.config
[0.289s] -- Up-to-date symlink: /home/ravi/pmb2_foxy_ws/install/pmb2_gazebo/share/pmb2_gazebo/models/adler_erfurt_shop_upstairs/model.sdf
[0.289s] -- Up-to-date symlink: /home/ravi/pmb2_foxy_ws/install/pmb2_gazebo/share/pmb2_gazebo/models/arm_chair/arm_chair.sdf
[0.289s] -- Up-to-date symlink: /home/ravi/pmb2_foxy_ws/install/pmb2_gazebo/share/pmb2_gazebo/models/arm_chair/meshes/arm_chair.stl
[0.289s] -- Up-to-date symlink: /home/ravi/pmb2_foxy_ws/install/pmb2_gazebo/share/pmb2_gazebo/models/arm_chair/model.config
[0.289s] -- Up-to-date symlink: /home/ravi/pmb2_foxy_ws/install/pmb2_gazebo/share/pmb2_gazebo/models/bed/bed.sdf
[0.289s] -- Up-to-date symlink: /home/ravi/pmb2_foxy_ws/install/pmb2_gazebo/share/pmb2_gazebo/models/bed/meshes/bed_base.stl
[0.289s] -- Up-to-date symlink: /home/ravi/pmb2_foxy_ws/install/pmb2_gazebo/share/pmb2_gazebo/models/bed/meshes/bed_quilt.stl
[0.289s] -- Up-to-date symlink: /home/ravi/pmb2_foxy_ws/install/pmb2_gazebo/share/pmb2_gazebo/models/bed/model.config
[0.290s] -- Up-to-date symlink: /home/ravi/pmb2_foxy_ws/install/pmb2_gazebo/share/pmb2_gazebo/models/bed_double/bed_double.sdf
[0.290s] -- Up-to-date symlink: /home/ravi/pmb2_foxy_ws/install/pmb2_gazebo/share/pmb2_gazebo/models/bed_double/materials/wood-oak-horizontal.jpg
[0.290s] -- Up-to-date symlink: /home/ravi/pmb2_foxy_ws/install/pmb2_gazebo/share/pmb2_gazebo/models/bed_double/materials/wood-oak-vertical.jpg
[0.290s] -- Up-to-date symlink: /home/ravi/pmb2_foxy_ws/install/pmb2_gazebo/share/pmb2_gazebo/models/bed_double/materials/wood-pine.jpg
[0.290s] -- Up-to-date symlink: /home/ravi/pmb2_foxy_ws/install/pmb2_gazebo/share/pmb2_gazebo/models/bed_double/meshes/bed.dae
[0.290s] -- Up-to-date symlink: /home/ravi/pmb2_foxy_ws/install/pmb2_gazebo/share/pmb2_gazebo/models/bed_double/meshes/bed.min.dae
[0.290s] -- Up-to-date symlink: /home/ravi/pmb2_foxy_ws/install/pmb2_gazebo/share/pmb2_gazebo/models/bed_double/model.config
[0.290s] -- Up-to-date symlink: /home/ravi/pmb2_foxy_ws/install/pmb2_gazebo/share/pmb2_gazebo/models/bench/bench.sdf
[0.290s] -- Up-to-date symlink: /home/ravi/pmb2_foxy_ws/install/pmb2_gazebo/share/pmb2_gazebo/models/bench/meshes/bench.stl
[0.290s] -- Up-to-date symlink: /home/ravi/pmb2_foxy_ws/install/pmb2_gazebo/share/pmb2_gazebo/models/bench/model.config
[0.290s] -- Up-to-date symlink: /home/ravi/pmb2_foxy_ws/install/pmb2_gazebo/share/pmb2_gazebo/models/bifrutas_tropical_can/bifrutas_tropical_can.sdf
[0.291s] -- Up-to-date symlink: /home/ravi/pmb2_foxy_ws/install/pmb2_gazebo/share/pmb2_gazebo/models/bifrutas_tropical_can/material/scripts/bifrutas_tropical_can.material
[0.291s] -- Up-to-date symlink: /home/ravi/pmb2_foxy_ws/install/pmb2_gazebo/share/pmb2_gazebo/models/bifrutas_tropical_can/material/textures/bifrutas_tropical_can.jpg
[0.291s] -- Up-to-date symlink: /home/ravi/pmb2_foxy_ws/install/pmb2_gazebo/share/pmb2_gazebo/models/bifrutas_tropical_can/model.config
[0.291s] -- Up-to-date symlink: /home/ravi/pmb2_foxy_ws/install/pmb2_gazebo/share/pmb2_gazebo/models/biscuits_pack/biscuits_pack.sdf
[0.291s] -- Up-to-date symlink: /home/ravi/pmb2_foxy_ws/install/pmb2_gazebo/share/pmb2_gazebo/models/biscuits_pack/material/scripts/pringles.material
[0.291s] -- Up-to-date symlink: /home/ravi/pmb2_foxy_ws/install/pmb2_gazebo/share/pmb2_gazebo/models/biscuits_pack/material/textures/biscuits_pack.jpg
[0.291s] -- Up-to-date symlink: /home/ravi/pmb2_foxy_ws/install/pmb2_gazebo/share/pmb2_gazebo/models/biscuits_pack/model.config
[0.291s] -- Up-to-date symlink: /home/ravi/pmb2_foxy_ws/install/pmb2_gazebo/share/pmb2_gazebo/models/box/box.sdf
[0.291s] -- Up-to-date symlink: /home/ravi/pmb2_foxy_ws/install/pmb2_gazebo/share/pmb2_gazebo/models/box/model.config
[0.291s] -- Up-to-date symlink: /home/ravi/pmb2_foxy_ws/install/pmb2_gazebo/share/pmb2_gazebo/models/butterfly/README
[0.291s] -- Up-to-date symlink: /home/ravi/pmb2_foxy_ws/install/pmb2_gazebo/share/pmb2_gazebo/models/butterfly/butterfly.orig.png
[0.291s] -- Up-to-date symlink: /home/ravi/pmb2_foxy_ws/install/pmb2_gazebo/share/pmb2_gazebo/models/butterfly/butterfly.png
[0.292s] -- Up-to-date symlink: /home/ravi/pmb2_foxy_ws/install/pmb2_gazebo/share/pmb2_gazebo/models/butterfly/model.config
[0.292s] -- Up-to-date symlink: /home/ravi/pmb2_foxy_ws/install/pmb2_gazebo/share/pmb2_gazebo/models/butterfly/model.sdf
[0.292s] -- Up-to-date symlink: /home/ravi/pmb2_foxy_ws/install/pmb2_gazebo/share/pmb2_gazebo/models/cereal_bran_bruds/cereal_bran_bruds.sdf
[0.292s] -- Up-to-date symlink: /home/ravi/pmb2_foxy_ws/install/pmb2_gazebo/share/pmb2_gazebo/models/cereal_bran_bruds/meshes/bran_bruds.jpg
[0.292s] -- Up-to-date symlink: /home/ravi/pmb2_foxy_ws/install/pmb2_gazebo/share/pmb2_gazebo/models/cereal_bran_bruds/meshes/cereal_bran_bruds.dae
[0.292s] -- Up-to-date symlink: /home/ravi/pmb2_foxy_ws/install/pmb2_gazebo/share/pmb2_gazebo/models/cereal_bran_bruds/model.config
[0.292s] -- Up-to-date symlink: /home/ravi/pmb2_foxy_ws/install/pmb2_gazebo/share/pmb2_gazebo/models/cereal_c3po/cereal_c3po.sdf
[0.292s] -- Up-to-date symlink: /home/ravi/pmb2_foxy_ws/install/pmb2_gazebo/share/pmb2_gazebo/models/cereal_c3po/meshes/c3po.jpg
[0.292s] -- Up-to-date symlink: /home/ravi/pmb2_foxy_ws/install/pmb2_gazebo/share/pmb2_gazebo/models/cereal_c3po/meshes/cereal_c3po.dae
[0.292s] -- Up-to-date symlink: /home/ravi/pmb2_foxy_ws/install/pmb2_gazebo/share/pmb2_gazebo/models/cereal_c3po/model.config
[0.292s] -- Up-to-date symlink: /home/ravi/pmb2_foxy_ws/install/pmb2_gazebo/share/pmb2_gazebo/models/cereal_mr_t/cereal_mr_t.sdf
[0.292s] -- Up-to-date symlink: /home/ravi/pmb2_foxy_ws/install/pmb2_gazebo/share/pmb2_gazebo/models/cereal_mr_t/meshes/CC_Quaker-Mr.-T-cereal-box-Mr.-T-Stickers-1984.jpg
[0.293s] -- Up-to-date symlink: /home/ravi/pmb2_foxy_ws/install/pmb2_gazebo/share/pmb2_gazebo/models/cereal_mr_t/meshes/cereal_mr_t.dae
[0.293s] -- Up-to-date symlink: /home/ravi/pmb2_foxy_ws/install/pmb2_gazebo/share/pmb2_gazebo/models/cereal_mr_t/model.config
[0.293s] -- Up-to-date symlink: /home/ravi/pmb2_foxy_ws/install/pmb2_gazebo/share/pmb2_gazebo/models/cereal_rocket_power/cereal_rocket_power.sdf
[0.293s] -- Up-to-date symlink: /home/ravi/pmb2_foxy_ws/install/pmb2_gazebo/share/pmb2_gazebo/models/cereal_rocket_power/meshes/cereal_rocket_power.dae
[0.293s] -- Up-to-date symlink: /home/ravi/pmb2_foxy_ws/install/pmb2_gazebo/share/pmb2_gazebo/models/cereal_rocket_power/meshes/rocket_power.jpg
[0.293s] -- Up-to-date symlink: /home/ravi/pmb2_foxy_ws/install/pmb2_gazebo/share/pmb2_gazebo/models/cereal_rocket_power/model.config
[0.293s] -- Up-to-date symlink: /home/ravi/pmb2_foxy_ws/install/pmb2_gazebo/share/pmb2_gazebo/models/citizen_extras_female_02/images/_01_-_Default1noCulling.JPG
[0.293s] -- Up-to-date symlink: /home/ravi/pmb2_foxy_ws/install/pmb2_gazebo/share/pmb2_gazebo/models/citizen_extras_female_02/images/_02_-_Default1noCulling.JPG
[0.293s] -- Up-to-date symlink: /home/ravi/pmb2_foxy_ws/install/pmb2_gazebo/share/pmb2_gazebo/models/citizen_extras_female_02/images/_03_-_Default1noCulling.JPG
[0.293s] -- Up-to-date symlink: /home/ravi/pmb2_foxy_ws/install/pmb2_gazebo/share/pmb2_gazebo/models/citizen_extras_female_02/meshes/mesh.dae
[0.293s] -- Up-to-date symlink: /home/ravi/pmb2_foxy_ws/install/pmb2_gazebo/share/pmb2_gazebo/models/citizen_extras_female_02/model.config
[0.293s] -- Up-to-date symlink: /home/ravi/pmb2_foxy_ws/install/pmb2_gazebo/share/pmb2_gazebo/models/citizen_extras_female_02/model.sdf
[0.294s] -- Up-to-date symlink: /home/ravi/pmb2_foxy_ws/install/pmb2_gazebo/share/pmb2_gazebo/models/citizen_extras_female_03/images/Material__1noCulling.JPG
[0.294s] -- Up-to-date symlink: /home/ravi/pmb2_foxy_ws/install/pmb2_gazebo/share/pmb2_gazebo/models/citizen_extras_female_03/images/Material__2noCulling.JPG
[0.294s] -- Up-to-date symlink: /home/ravi/pmb2_foxy_ws/install/pmb2_gazebo/share/pmb2_gazebo/models/citizen_extras_female_03/images/_03_-_Default1noCulling.JPG
[0.294s] -- Up-to-date symlink: /home/ravi/pmb2_foxy_ws/install/pmb2_gazebo/share/pmb2_gazebo/models/citizen_extras_female_03/meshes/mesh.dae
[0.294s] -- Up-to-date symlink: /home/ravi/pmb2_foxy_ws/install/pmb2_gazebo/share/pmb2_gazebo/models/citizen_extras_female_03/model.config
[0.294s] -- Up-to-date symlink: /home/ravi/pmb2_foxy_ws/install/pmb2_gazebo/share/pmb2_gazebo/models/citizen_extras_female_03/model.sdf
[0.294s] -- Up-to-date symlink: /home/ravi/pmb2_foxy_ws/install/pmb2_gazebo/share/pmb2_gazebo/models/citizen_extras_male_03/images/Material__1noCulling.JPG
[0.294s] -- Up-to-date symlink: /home/ravi/pmb2_foxy_ws/install/pmb2_gazebo/share/pmb2_gazebo/models/citizen_extras_male_03/images/hair1noCulling.JPG
[0.294s] -- Up-to-date symlink: /home/ravi/pmb2_foxy_ws/install/pmb2_gazebo/share/pmb2_gazebo/models/citizen_extras_male_03/images/hrad1noCulling.JPG
[0.294s] -- Up-to-date symlink: /home/ravi/pmb2_foxy_ws/install/pmb2_gazebo/share/pmb2_gazebo/models/citizen_extras_male_03/meshes/mesh.dae
[0.294s] -- Up-to-date symlink: /home/ravi/pmb2_foxy_ws/install/pmb2_gazebo/share/pmb2_gazebo/models/citizen_extras_male_03/model.config
[0.294s] -- Up-to-date symlink: /home/ravi/pmb2_foxy_ws/install/pmb2_gazebo/share/pmb2_gazebo/models/citizen_extras_male_03/model.sdf
[0.295s] -- Up-to-date symlink: /home/ravi/pmb2_foxy_ws/install/pmb2_gazebo/share/pmb2_gazebo/models/closet/closet.sdf
[0.295s] -- Up-to-date symlink: /home/ravi/pmb2_foxy_ws/install/pmb2_gazebo/share/pmb2_gazebo/models/closet/meshes/closet.stl
[0.295s] -- Up-to-date symlink: /home/ravi/pmb2_foxy_ws/install/pmb2_gazebo/share/pmb2_gazebo/models/closet/model.config
[0.295s] -- Up-to-date symlink: /home/ravi/pmb2_foxy_ws/install/pmb2_gazebo/share/pmb2_gazebo/models/clothes_stand/clothes_stand.sdf
[0.295s] -- Up-to-date symlink: /home/ravi/pmb2_foxy_ws/install/pmb2_gazebo/share/pmb2_gazebo/models/clothes_stand/meshes/clothes_stand.blend
[0.295s] -- Up-to-date symlink: /home/ravi/pmb2_foxy_ws/install/pmb2_gazebo/share/pmb2_gazebo/models/clothes_stand/meshes/clothes_stand.stl
[0.295s] -- Up-to-date symlink: /home/ravi/pmb2_foxy_ws/install/pmb2_gazebo/share/pmb2_gazebo/models/clothes_stand/model.config
[0.295s] -- Up-to-date symlink: /home/ravi/pmb2_foxy_ws/install/pmb2_gazebo/share/pmb2_gazebo/models/cocacola/cocacola.sdf
[0.295s] -- Up-to-date symlink: /home/ravi/pmb2_foxy_ws/install/pmb2_gazebo/share/pmb2_gazebo/models/cocacola/material/scripts/cocacola.material
[0.295s] -- Up-to-date symlink: /home/ravi/pmb2_foxy_ws/install/pmb2_gazebo/share/pmb2_gazebo/models/cocacola/material/textures/cocacola.jpg
[0.295s] -- Up-to-date symlink: /home/ravi/pmb2_foxy_ws/install/pmb2_gazebo/share/pmb2_gazebo/models/cocacola/model.config
[0.295s] -- Up-to-date symlink: /home/ravi/pmb2_foxy_ws/install/pmb2_gazebo/share/pmb2_gazebo/models/coffee_table/coffee_table.sdf
[0.296s] -- Up-to-date symlink: /home/ravi/pmb2_foxy_ws/install/pmb2_gazebo/share/pmb2_gazebo/models/coffee_table/materials/glass.jpg
[0.296s] -- Up-to-date symlink: /home/ravi/pmb2_foxy_ws/install/pmb2_gazebo/share/pmb2_gazebo/models/coffee_table/materials/newspaper.jpg
[0.296s] -- Up-to-date symlink: /home/ravi/pmb2_foxy_ws/install/pmb2_gazebo/share/pmb2_gazebo/models/coffee_table/materials/wood-mahogany.jpg
[0.296s] -- Up-to-date symlink: /home/ravi/pmb2_foxy_ws/install/pmb2_gazebo/share/pmb2_gazebo/models/coffee_table/meshes/coffee_table.dae
[0.296s] -- Up-to-date symlink: /home/ravi/pmb2_foxy_ws/install/pmb2_gazebo/share/pmb2_gazebo/models/coffee_table/meshes/coffee_table.min.dae
[0.296s] -- Up-to-date symlink: /home/ravi/pmb2_foxy_ws/install/pmb2_gazebo/share/pmb2_gazebo/models/coffee_table/model.config
[0.296s] -- Up-to-date symlink: /home/ravi/pmb2_foxy_ws/install/pmb2_gazebo/share/pmb2_gazebo/models/coke_can_slim/coke_can_slim.sdf
[0.296s] -- Up-to-date symlink: /home/ravi/pmb2_foxy_ws/install/pmb2_gazebo/share/pmb2_gazebo/models/coke_can_slim/material/scripts/coke_can_slim.material
[0.296s] -- Up-to-date symlink: /home/ravi/pmb2_foxy_ws/install/pmb2_gazebo/share/pmb2_gazebo/models/coke_can_slim/material/textures/coke_can_slim.jpg
[0.297s] -- Up-to-date symlink: /home/ravi/pmb2_foxy_ws/install/pmb2_gazebo/share/pmb2_gazebo/models/coke_can_slim/model.config
[0.297s] -- Up-to-date symlink: /home/ravi/pmb2_foxy_ws/install/pmb2_gazebo/share/pmb2_gazebo/models/couch/couch.sdf
[0.297s] -- Up-to-date symlink: /home/ravi/pmb2_foxy_ws/install/pmb2_gazebo/share/pmb2_gazebo/models/couch/materials/leather.jpg
[0.297s] -- Up-to-date symlink: /home/ravi/pmb2_foxy_ws/install/pmb2_gazebo/share/pmb2_gazebo/models/couch/materials/metal.jpg
[0.297s] -- Up-to-date symlink: /home/ravi/pmb2_foxy_ws/install/pmb2_gazebo/share/pmb2_gazebo/models/couch/meshes/couch.dae
[0.297s] -- Up-to-date symlink: /home/ravi/pmb2_foxy_ws/install/pmb2_gazebo/share/pmb2_gazebo/models/couch/meshes/couch.min.dae
[0.297s] -- Up-to-date symlink: /home/ravi/pmb2_foxy_ws/install/pmb2_gazebo/share/pmb2_gazebo/models/couch/model.config
[0.297s] -- Up-to-date symlink: /home/ravi/pmb2_foxy_ws/install/pmb2_gazebo/share/pmb2_gazebo/models/dining_chair/dining_chair.sdf
[0.297s] -- Up-to-date symlink: /home/ravi/pmb2_foxy_ws/install/pmb2_gazebo/share/pmb2_gazebo/models/dining_chair/meshes/dining_chair.stl
[0.297s] -- Up-to-date symlink: /home/ravi/pmb2_foxy_ws/install/pmb2_gazebo/share/pmb2_gazebo/models/dining_chair/model.config
[0.297s] -- Up-to-date symlink: /home/ravi/pmb2_foxy_ws/install/pmb2_gazebo/share/pmb2_gazebo/models/dining_table/dining_table.sdf
[0.297s] -- Up-to-date symlink: /home/ravi/pmb2_foxy_ws/install/pmb2_gazebo/share/pmb2_gazebo/models/dining_table/materials/fabric-pattern.jpg
[0.297s] -- Up-to-date symlink: /home/ravi/pmb2_foxy_ws/install/pmb2_gazebo/share/pmb2_gazebo/models/dining_table/materials/particle-board.jpg
[0.297s] -- Up-to-date symlink: /home/ravi/pmb2_foxy_ws/install/pmb2_gazebo/share/pmb2_gazebo/models/dining_table/materials/wood-mahogany-polished.jpg
[0.297s] -- Up-to-date symlink: /home/ravi/pmb2_foxy_ws/install/pmb2_gazebo/share/pmb2_gazebo/models/dining_table/meshes/dining_table.dae
[0.298s] -- Up-to-date symlink: /home/ravi/pmb2_foxy_ws/install/pmb2_gazebo/share/pmb2_gazebo/models/dining_table/meshes/dining_table.min.dae
[0.298s] -- Up-to-date symlink: /home/ravi/pmb2_foxy_ws/install/pmb2_gazebo/share/pmb2_gazebo/models/dining_table/model.config
[0.298s] -- Up-to-date symlink: /home/ravi/pmb2_foxy_ws/install/pmb2_gazebo/share/pmb2_gazebo/models/dock/dock.sdf
[0.298s] -- Up-to-date symlink: /home/ravi/pmb2_foxy_ws/install/pmb2_gazebo/share/pmb2_gazebo/models/dock/meshes/dock.stl
[0.298s] -- Up-to-date symlink: /home/ravi/pmb2_foxy_ws/install/pmb2_gazebo/share/pmb2_gazebo/models/dock/model.config
[0.298s] -- Up-to-date symlink: /home/ravi/pmb2_foxy_ws/install/pmb2_gazebo/share/pmb2_gazebo/models/dock_circular/dock_circular.sdf
[0.298s] -- Up-to-date symlink: /home/ravi/pmb2_foxy_ws/install/pmb2_gazebo/share/pmb2_gazebo/models/dock_circular/meshes/dock_circular.stl
[0.298s] -- Up-to-date symlink: /home/ravi/pmb2_foxy_ws/install/pmb2_gazebo/share/pmb2_gazebo/models/dock_circular/model.config
[0.298s] -- Up-to-date symlink: /home/ravi/pmb2_foxy_ws/install/pmb2_gazebo/share/pmb2_gazebo/models/dock_peak_in/dock_peak_in.sdf
[0.298s] -- Up-to-date symlink: /home/ravi/pmb2_foxy_ws/install/pmb2_gazebo/share/pmb2_gazebo/models/dock_peak_in/meshes/dock_peak_in.stl
[0.298s] -- Up-to-date symlink: /home/ravi/pmb2_foxy_ws/install/pmb2_gazebo/share/pmb2_gazebo/models/dock_peak_in/model.config
[0.298s] -- Up-to-date symlink: /home/ravi/pmb2_foxy_ws/install/pmb2_gazebo/share/pmb2_gazebo/models/dock_peak_out/dock_peak_out.sdf
[0.299s] -- Up-to-date symlink: /home/ravi/pmb2_foxy_ws/install/pmb2_gazebo/share/pmb2_gazebo/models/dock_peak_out/meshes/dock_peak_out.stl
[0.299s] -- Up-to-date symlink: /home/ravi/pmb2_foxy_ws/install/pmb2_gazebo/share/pmb2_gazebo/models/dock_peak_out/model.config
[0.299s] -- Up-to-date symlink: /home/ravi/pmb2_foxy_ws/install/pmb2_gazebo/share/pmb2_gazebo/models/dock_peaks/dock_peaks.sdf
[0.299s] -- Up-to-date symlink: /home/ravi/pmb2_foxy_ws/install/pmb2_gazebo/share/pmb2_gazebo/models/dock_peaks/meshes/dock_peaks.stl
[0.299s] -- Up-to-date symlink: /home/ravi/pmb2_foxy_ws/install/pmb2_gazebo/share/pmb2_gazebo/models/dock_peaks/model.config
[0.299s] -- Up-to-date symlink: /home/ravi/pmb2_foxy_ws/install/pmb2_gazebo/share/pmb2_gazebo/models/dock_square/dock_square.sdf
[0.299s] -- Up-to-date symlink: /home/ravi/pmb2_foxy_ws/install/pmb2_gazebo/share/pmb2_gazebo/models/dock_square/meshes/dock_square.stl
[0.299s] -- Up-to-date symlink: /home/ravi/pmb2_foxy_ws/install/pmb2_gazebo/share/pmb2_gazebo/models/dock_square/model.config
[0.299s] -- Up-to-date symlink: /home/ravi/pmb2_foxy_ws/install/pmb2_gazebo/share/pmb2_gazebo/models/dock_station/dock_station.sdf
[0.299s] -- Up-to-date symlink: /home/ravi/pmb2_foxy_ws/install/pmb2_gazebo/share/pmb2_gazebo/models/dock_station/meshes/dock_station.stl
[0.299s] -- Up-to-date symlink: /home/ravi/pmb2_foxy_ws/install/pmb2_gazebo/share/pmb2_gazebo/models/dock_station/model.config
[0.299s] -- Up-to-date symlink: /home/ravi/pmb2_foxy_ws/install/pmb2_gazebo/share/pmb2_gazebo/models/floor_lamp/floor_lamp.sdf
[0.300s] -- Up-to-date symlink: /home/ravi/pmb2_foxy_ws/install/pmb2_gazebo/share/pmb2_gazebo/models/floor_lamp/meshes/floor_lamp.stl
[0.300s] -- Up-to-date symlink: /home/ravi/pmb2_foxy_ws/install/pmb2_gazebo/share/pmb2_gazebo/models/floor_lamp/model.config
[0.300s] -- Up-to-date symlink: /home/ravi/pmb2_foxy_ws/install/pmb2_gazebo/share/pmb2_gazebo/models/fun_world_1/README
[0.300s] -- Up-to-date symlink: /home/ravi/pmb2_foxy_ws/install/pmb2_gazebo/share/pmb2_gazebo/models/fun_world_1/model.config
[0.300s] -- Up-to-date symlink: /home/ravi/pmb2_foxy_ws/install/pmb2_gazebo/share/pmb2_gazebo/models/fun_world_1/model.sdf
[0.300s] -- Up-to-date symlink: /home/ravi/pmb2_foxy_ws/install/pmb2_gazebo/share/pmb2_gazebo/models/fun_world_1/world.png
[0.300s] -- Up-to-date symlink: /home/ravi/pmb2_foxy_ws/install/pmb2_gazebo/share/pmb2_gazebo/models/green_ball/materials/scripts/ball.material
[0.300s] -- Up-to-date symlink: /home/ravi/pmb2_foxy_ws/install/pmb2_gazebo/share/pmb2_gazebo/models/green_ball/model.config
[0.300s] -- Up-to-date symlink: /home/ravi/pmb2_foxy_ws/install/pmb2_gazebo/share/pmb2_gazebo/models/green_ball/model.sdf
[0.300s] -- Up-to-date symlink: /home/ravi/pmb2_foxy_ws/install/pmb2_gazebo/share/pmb2_gazebo/models/ikea_stool/ikea_stool.sdf
[0.300s] -- Up-to-date symlink: /home/ravi/pmb2_foxy_ws/install/pmb2_gazebo/share/pmb2_gazebo/models/ikea_stool/materials/real_wood.jpg
[0.300s] -- Up-to-date symlink: /home/ravi/pmb2_foxy_ws/install/pmb2_gazebo/share/pmb2_gazebo/models/ikea_stool/meshes/ikea_stool.dae
[0.301s] -- Up-to-date symlink: /home/ravi/pmb2_foxy_ws/install/pmb2_gazebo/share/pmb2_gazebo/models/ikea_stool/meshes/ikea_stool.min.dae
[0.301s] -- Up-to-date symlink: /home/ravi/pmb2_foxy_ws/install/pmb2_gazebo/share/pmb2_gazebo/models/ikea_stool/model.config
[0.301s] -- Up-to-date symlink: /home/ravi/pmb2_foxy_ws/install/pmb2_gazebo/share/pmb2_gazebo/models/kitchen_chair/kitchen_chair.sdf
[0.301s] -- Up-to-date symlink: /home/ravi/pmb2_foxy_ws/install/pmb2_gazebo/share/pmb2_gazebo/models/kitchen_chair/meshes/kitchen_chair.stl
[0.301s] -- Up-to-date symlink: /home/ravi/pmb2_foxy_ws/install/pmb2_gazebo/share/pmb2_gazebo/models/kitchen_chair/model.config
[0.301s] -- Up-to-date symlink: /home/ravi/pmb2_foxy_ws/install/pmb2_gazebo/share/pmb2_gazebo/models/kitchen_table/kitchen_table.sdf
[0.301s] -- Up-to-date symlink: /home/ravi/pmb2_foxy_ws/install/pmb2_gazebo/share/pmb2_gazebo/models/kitchen_table/meshes/kitchen_table.stl
[0.301s] -- Up-to-date symlink: /home/ravi/pmb2_foxy_ws/install/pmb2_gazebo/share/pmb2_gazebo/models/kitchen_table/model.config
[0.301s] -- Up-to-date symlink: /home/ravi/pmb2_foxy_ws/install/pmb2_gazebo/share/pmb2_gazebo/models/lab_table/lab_table.sdf
[0.301s] -- Up-to-date symlink: /home/ravi/pmb2_foxy_ws/install/pmb2_gazebo/share/pmb2_gazebo/models/lab_table/materials/Asphalt_New_.jpg
[0.301s] -- Up-to-date symlink: /home/ravi/pmb2_foxy_ws/install/pmb2_gazebo/share/pmb2_gazebo/models/lab_table/materials/Metal_Corrogated_Shiny_.jpg
[0.301s] -- Up-to-date symlink: /home/ravi/pmb2_foxy_ws/install/pmb2_gazebo/share/pmb2_gazebo/models/lab_table/materials/flat-black.jpg
[0.302s] -- Up-to-date symlink: /home/ravi/pmb2_foxy_ws/install/pmb2_gazebo/share/pmb2_gazebo/models/lab_table/materials/tabletop.jpg
[0.302s] -- Up-to-date symlink: /home/ravi/pmb2_foxy_ws/install/pmb2_gazebo/share/pmb2_gazebo/models/lab_table/meshes/lab_table.dae
[0.302s] -- Up-to-date symlink: /home/ravi/pmb2_foxy_ws/install/pmb2_gazebo/share/pmb2_gazebo/models/lab_table/meshes/lab_table.min.dae
[0.302s] -- Up-to-date symlink: /home/ravi/pmb2_foxy_ws/install/pmb2_gazebo/share/pmb2_gazebo/models/lab_table/model.config
[0.302s] -- Up-to-date symlink: /home/ravi/pmb2_foxy_ws/install/pmb2_gazebo/share/pmb2_gazebo/models/lamp/lamp.sdf
[0.302s] -- Up-to-date symlink: /home/ravi/pmb2_foxy_ws/install/pmb2_gazebo/share/pmb2_gazebo/models/lamp/meshes/lamp.stl
[0.302s] -- Up-to-date symlink: /home/ravi/pmb2_foxy_ws/install/pmb2_gazebo/share/pmb2_gazebo/models/lamp/model.config
[0.302s] -- Up-to-date symlink: /home/ravi/pmb2_foxy_ws/install/pmb2_gazebo/share/pmb2_gazebo/models/large_couch/large_couch.sdf
[0.302s] -- Up-to-date symlink: /home/ravi/pmb2_foxy_ws/install/pmb2_gazebo/share/pmb2_gazebo/models/large_couch/materials/fabric-red.jpg
[0.302s] -- Up-to-date symlink: /home/ravi/pmb2_foxy_ws/install/pmb2_gazebo/share/pmb2_gazebo/models/large_couch/materials/wallpaper-red-dots.jpg
[0.302s] -- Up-to-date symlink: /home/ravi/pmb2_foxy_ws/install/pmb2_gazebo/share/pmb2_gazebo/models/large_couch/meshes/large_couch.dae
[0.302s] -- Up-to-date symlink: /home/ravi/pmb2_foxy_ws/install/pmb2_gazebo/share/pmb2_gazebo/models/large_couch/meshes/large_couch.min.dae
[0.303s] -- Up-to-date symlink: /home/ravi/pmb2_foxy_ws/install/pmb2_gazebo/share/pmb2_gazebo/models/large_couch/model.config
[0.303s] -- Up-to-date symlink: /home/ravi/pmb2_foxy_ws/install/pmb2_gazebo/share/pmb2_gazebo/models/lazy_chair/lazy_chair.sdf
[0.303s] -- Up-to-date symlink: /home/ravi/pmb2_foxy_ws/install/pmb2_gazebo/share/pmb2_gazebo/models/lazy_chair/materials/leather.jpg
[0.303s] -- Up-to-date symlink: /home/ravi/pmb2_foxy_ws/install/pmb2_gazebo/share/pmb2_gazebo/models/lazy_chair/materials/metal.jpg
[0.303s] -- Up-to-date symlink: /home/ravi/pmb2_foxy_ws/install/pmb2_gazebo/share/pmb2_gazebo/models/lazy_chair/meshes/lazy_chair.dae
[0.303s] -- Up-to-date symlink: /home/ravi/pmb2_foxy_ws/install/pmb2_gazebo/share/pmb2_gazebo/models/lazy_chair/meshes/lazy_chair.min.dae
[0.303s] -- Up-to-date symlink: /home/ravi/pmb2_foxy_ws/install/pmb2_gazebo/share/pmb2_gazebo/models/lazy_chair/model.config
[0.303s] -- Up-to-date symlink: /home/ravi/pmb2_foxy_ws/install/pmb2_gazebo/share/pmb2_gazebo/models/marker26_8cm/marker26_8cm.sdf
[0.303s] -- Up-to-date symlink: /home/ravi/pmb2_foxy_ws/install/pmb2_gazebo/share/pmb2_gazebo/models/marker26_8cm/material/scripts/marker26_8cm.material
[0.303s] -- Up-to-date symlink: /home/ravi/pmb2_foxy_ws/install/pmb2_gazebo/share/pmb2_gazebo/models/marker26_8cm/material/textures/aruco-26_8cm.png
[0.303s] -- Up-to-date symlink: /home/ravi/pmb2_foxy_ws/install/pmb2_gazebo/share/pmb2_gazebo/models/marker26_8cm/model.config
[0.303s] -- Up-to-date symlink: /home/ravi/pmb2_foxy_ws/install/pmb2_gazebo/share/pmb2_gazebo/models/marker26_8cm_massless/marker26_8cm_massless.sdf
[0.304s] -- Up-to-date symlink: /home/ravi/pmb2_foxy_ws/install/pmb2_gazebo/share/pmb2_gazebo/models/marker26_8cm_massless/material/scripts/marker26_8cm.material
[0.304s] -- Up-to-date symlink: /home/ravi/pmb2_foxy_ws/install/pmb2_gazebo/share/pmb2_gazebo/models/marker26_8cm_massless/material/textures/aruco-26_8cm.png
[0.304s] -- Up-to-date symlink: /home/ravi/pmb2_foxy_ws/install/pmb2_gazebo/share/pmb2_gazebo/models/marker26_8cm_massless/model.config
[0.304s] -- Up-to-date symlink: /home/ravi/pmb2_foxy_ws/install/pmb2_gazebo/share/pmb2_gazebo/models/medium_loop_closure/model.config
[0.304s] -- Up-to-date symlink: /home/ravi/pmb2_foxy_ws/install/pmb2_gazebo/share/pmb2_gazebo/models/medium_loop_closure/model.sdf
[0.304s] -- Up-to-date symlink: /home/ravi/pmb2_foxy_ws/install/pmb2_gazebo/share/pmb2_gazebo/models/multi_loops/README
[0.304s] -- Up-to-date symlink: /home/ravi/pmb2_foxy_ws/install/pmb2_gazebo/share/pmb2_gazebo/models/multi_loops/model.config
[0.304s] -- Up-to-date symlink: /home/ravi/pmb2_foxy_ws/install/pmb2_gazebo/share/pmb2_gazebo/models/multi_loops/model.sdf
[0.304s] -- Up-to-date symlink: /home/ravi/pmb2_foxy_ws/install/pmb2_gazebo/share/pmb2_gazebo/models/multi_loops/multi_loops.png
[0.304s] -- Up-to-date symlink: /home/ravi/pmb2_foxy_ws/install/pmb2_gazebo/share/pmb2_gazebo/models/nightstand/materials/nightstand.jpg
[0.304s] -- Up-to-date symlink: /home/ravi/pmb2_foxy_ws/install/pmb2_gazebo/share/pmb2_gazebo/models/nightstand/materials/wood-mahogany.jpg
[0.304s] -- Up-to-date symlink: /home/ravi/pmb2_foxy_ws/install/pmb2_gazebo/share/pmb2_gazebo/models/nightstand/meshes/nightstand.dae
[0.305s] -- Up-to-date symlink: /home/ravi/pmb2_foxy_ws/install/pmb2_gazebo/share/pmb2_gazebo/models/nightstand/meshes/nightstand.min.dae
[0.305s] -- Up-to-date symlink: /home/ravi/pmb2_foxy_ws/install/pmb2_gazebo/share/pmb2_gazebo/models/nightstand/model.config
[0.305s] -- Up-to-date symlink: /home/ravi/pmb2_foxy_ws/install/pmb2_gazebo/share/pmb2_gazebo/models/nightstand/nightstand.sdf
[0.305s] -- Up-to-date symlink: /home/ravi/pmb2_foxy_ws/install/pmb2_gazebo/share/pmb2_gazebo/models/pal_office/README
[0.305s] -- Up-to-date symlink: /home/ravi/pmb2_foxy_ws/install/pmb2_gazebo/share/pmb2_gazebo/models/pal_office/model.config
[0.305s] -- Up-to-date symlink: /home/ravi/pmb2_foxy_ws/install/pmb2_gazebo/share/pmb2_gazebo/models/pal_office/model.sdf
[0.305s] -- Up-to-date symlink: /home/ravi/pmb2_foxy_ws/install/pmb2_gazebo/share/pmb2_gazebo/models/pal_office/pal_office.png
[0.305s] -- Up-to-date symlink: /home/ravi/pmb2_foxy_ws/install/pmb2_gazebo/share/pmb2_gazebo/models/pal_textured_object/material/scripts/pal_textured_object.material
[0.305s] -- Up-to-date symlink: /home/ravi/pmb2_foxy_ws/install/pmb2_gazebo/share/pmb2_gazebo/models/pal_textured_object/material/textures/pal_textured_object.png
[0.305s] -- Up-to-date symlink: /home/ravi/pmb2_foxy_ws/install/pmb2_gazebo/share/pmb2_gazebo/models/pal_textured_object/model.config
[0.305s] -- Up-to-date symlink: /home/ravi/pmb2_foxy_ws/install/pmb2_gazebo/share/pmb2_gazebo/models/pal_textured_object/pal_textured_object.sdf
[0.305s] -- Up-to-date symlink: /home/ravi/pmb2_foxy_ws/install/pmb2_gazebo/share/pmb2_gazebo/models/plpmb2/meshes/plpmb2_base.stl
[0.306s] -- Up-to-date symlink: /home/ravi/pmb2_foxy_ws/install/pmb2_gazebo/share/pmb2_gazebo/models/plpmb2/meshes/plpmb2_leaf.stl
[0.306s] -- Up-to-date symlink: /home/ravi/pmb2_foxy_ws/install/pmb2_gazebo/share/pmb2_gazebo/models/plpmb2/model.config
[0.306s] -- Up-to-date symlink: /home/ravi/pmb2_foxy_ws/install/pmb2_gazebo/share/pmb2_gazebo/models/plpmb2/plpmb2.sdf
[0.306s] -- Up-to-date symlink: /home/ravi/pmb2_foxy_ws/install/pmb2_gazebo/share/pmb2_gazebo/models/pmb2_description/model.config
[0.306s] -- Up-to-date symlink: /home/ravi/pmb2_foxy_ws/install/pmb2_gazebo/share/pmb2_gazebo/models/pmb2_full/model.config
[0.306s] -- Up-to-date symlink: /home/ravi/pmb2_foxy_ws/install/pmb2_gazebo/share/pmb2_gazebo/models/pmb2_full/model.sdf
[0.306s] -- Up-to-date symlink: /home/ravi/pmb2_foxy_ws/install/pmb2_gazebo/share/pmb2_gazebo/models/pringles/material/scripts/pringles.material
[0.306s] -- Up-to-date symlink: /home/ravi/pmb2_foxy_ws/install/pmb2_gazebo/share/pmb2_gazebo/models/pringles/material/textures/pringles.jpg
[0.306s] -- Up-to-date symlink: /home/ravi/pmb2_foxy_ws/install/pmb2_gazebo/share/pmb2_gazebo/models/pringles/model.config
[0.306s] -- Up-to-date symlink: /home/ravi/pmb2_foxy_ws/install/pmb2_gazebo/share/pmb2_gazebo/models/pringles/pringles.sdf
[0.306s] -- Up-to-date symlink: /home/ravi/pmb2_foxy_ws/install/pmb2_gazebo/share/pmb2_gazebo/models/pringles2/material/scripts/pringles2.material
[0.306s] -- Up-to-date symlink: /home/ravi/pmb2_foxy_ws/install/pmb2_gazebo/share/pmb2_gazebo/models/pringles2/material/textures/pringles2.jpg
[0.307s] -- Up-to-date symlink: /home/ravi/pmb2_foxy_ws/install/pmb2_gazebo/share/pmb2_gazebo/models/pringles2/model.config
[0.307s] -- Up-to-date symlink: /home/ravi/pmb2_foxy_ws/install/pmb2_gazebo/share/pmb2_gazebo/models/pringles2/pringles2.sdf
[0.307s] -- Up-to-date symlink: /home/ravi/pmb2_foxy_ws/install/pmb2_gazebo/share/pmb2_gazebo/models/pringles_with_marker/model.config
[0.307s] -- Up-to-date symlink: /home/ravi/pmb2_foxy_ws/install/pmb2_gazebo/share/pmb2_gazebo/models/pringles_with_marker/pringles_with_marker.sdf
[0.307s] -- Up-to-date symlink: /home/ravi/pmb2_foxy_ws/install/pmb2_gazebo/share/pmb2_gazebo/models/ramp/model.config
[0.307s] -- Up-to-date symlink: /home/ravi/pmb2_foxy_ws/install/pmb2_gazebo/share/pmb2_gazebo/models/ramp/ramp.sdf
[0.307s] -- Up-to-date symlink: /home/ravi/pmb2_foxy_ws/install/pmb2_gazebo/share/pmb2_gazebo/models/reviews_table/meshes/reviews_table.stl
[0.307s] -- Up-to-date symlink: /home/ravi/pmb2_foxy_ws/install/pmb2_gazebo/share/pmb2_gazebo/models/reviews_table/model.config
[0.307s] -- Up-to-date symlink: /home/ravi/pmb2_foxy_ws/install/pmb2_gazebo/share/pmb2_gazebo/models/reviews_table/reviews_table.sdf
[0.307s] -- Up-to-date symlink: /home/ravi/pmb2_foxy_ws/install/pmb2_gazebo/share/pmb2_gazebo/models/robocup_walls_70cm_doors/house_walls.sdf
[0.307s] -- Up-to-date symlink: /home/ravi/pmb2_foxy_ws/install/pmb2_gazebo/share/pmb2_gazebo/models/robocup_walls_70cm_doors/meshes/robocup_house.stl
[0.307s] -- Up-to-date symlink: /home/ravi/pmb2_foxy_ws/install/pmb2_gazebo/share/pmb2_gazebo/models/robocup_walls_70cm_doors/model.config
[0.307s] -- Up-to-date symlink: /home/ravi/pmb2_foxy_ws/install/pmb2_gazebo/share/pmb2_gazebo/models/rockin_camp/README
[0.308s] -- Up-to-date symlink: /home/ravi/pmb2_foxy_ws/install/pmb2_gazebo/share/pmb2_gazebo/models/rockin_camp/model.config
[0.308s] -- Up-to-date symlink: /home/ravi/pmb2_foxy_ws/install/pmb2_gazebo/share/pmb2_gazebo/models/rockin_camp/model.sdf
[0.308s] -- Up-to-date symlink: /home/ravi/pmb2_foxy_ws/install/pmb2_gazebo/share/pmb2_gazebo/models/rockin_camp/rockin_camp.png
[0.308s] -- Up-to-date symlink: /home/ravi/pmb2_foxy_ws/install/pmb2_gazebo/share/pmb2_gazebo/models/russian_restaurpmb2/README
[0.308s] -- Up-to-date symlink: /home/ravi/pmb2_foxy_ws/install/pmb2_gazebo/share/pmb2_gazebo/models/russian_restaurpmb2/model.config
[0.308s] -- Up-to-date symlink: /home/ravi/pmb2_foxy_ws/install/pmb2_gazebo/share/pmb2_gazebo/models/russian_restaurpmb2/model.sdf
[0.308s] -- Up-to-date symlink: /home/ravi/pmb2_foxy_ws/install/pmb2_gazebo/share/pmb2_gazebo/models/russian_restaurpmb2/russian_restaurpmb2_walls.png
[0.308s] -- Up-to-date symlink: /home/ravi/pmb2_foxy_ws/install/pmb2_gazebo/share/pmb2_gazebo/models/shelves/materials/gray.jpg
[0.308s] -- Up-to-date symlink: /home/ravi/pmb2_foxy_ws/install/pmb2_gazebo/share/pmb2_gazebo/models/shelves/meshes/shelves.dae
[0.308s] -- Up-to-date symlink: /home/ravi/pmb2_foxy_ws/install/pmb2_gazebo/share/pmb2_gazebo/models/shelves/meshes/shelves.min.dae
[0.309s] -- Up-to-date symlink: /home/ravi/pmb2_foxy_ws/install/pmb2_gazebo/share/pmb2_gazebo/models/shelves/model.config
[0.309s] -- Up-to-date symlink: /home/ravi/pmb2_foxy_ws/install/pmb2_gazebo/share/pmb2_gazebo/models/shelves/shelves.sdf
[0.309s] -- Up-to-date symlink: /home/ravi/pmb2_foxy_ws/install/pmb2_gazebo/share/pmb2_gazebo/models/sideboard/meshes/sideboard.stl
[0.309s] -- Up-to-date symlink: /home/ravi/pmb2_foxy_ws/install/pmb2_gazebo/share/pmb2_gazebo/models/sideboard/model.config
[0.309s] -- Up-to-date symlink: /home/ravi/pmb2_foxy_ws/install/pmb2_gazebo/share/pmb2_gazebo/models/sideboard/sideboard.sdf
[0.309s] -- Up-to-date symlink: /home/ravi/pmb2_foxy_ws/install/pmb2_gazebo/share/pmb2_gazebo/models/simple_loop/model.config
[0.309s] -- Up-to-date symlink: /home/ravi/pmb2_foxy_ws/install/pmb2_gazebo/share/pmb2_gazebo/models/simple_loop/model.sdf
[0.309s] -- Up-to-date symlink: /home/ravi/pmb2_foxy_ws/install/pmb2_gazebo/share/pmb2_gazebo/models/sketchup_map_1/map1.dae
[0.309s] -- Up-to-date symlink: /home/ravi/pmb2_foxy_ws/install/pmb2_gazebo/share/pmb2_gazebo/models/sketchup_map_1/map1_SketchUp_File.skp
[0.309s] -- Up-to-date symlink: /home/ravi/pmb2_foxy_ws/install/pmb2_gazebo/share/pmb2_gazebo/models/sketchup_map_1/model.config
[0.309s] -- Up-to-date symlink: /home/ravi/pmb2_foxy_ws/install/pmb2_gazebo/share/pmb2_gazebo/models/sketchup_map_1/sketchup_map_1.sdf
[0.309s] -- Up-to-date symlink: /home/ravi/pmb2_foxy_ws/install/pmb2_gazebo/share/pmb2_gazebo/models/sofa/meshes/sofa.stl
[0.309s] -- Up-to-date symlink: /home/ravi/pmb2_foxy_ws/install/pmb2_gazebo/share/pmb2_gazebo/models/sofa/model.config
[0.310s] -- Up-to-date symlink: /home/ravi/pmb2_foxy_ws/install/pmb2_gazebo/share/pmb2_gazebo/models/sofa/sofa.sdf
[0.310s] -- Up-to-date symlink: /home/ravi/pmb2_foxy_ws/install/pmb2_gazebo/share/pmb2_gazebo/models/sprite/material/scripts/sprite.material
[0.310s] -- Up-to-date symlink: /home/ravi/pmb2_foxy_ws/install/pmb2_gazebo/share/pmb2_gazebo/models/sprite/material/textures/sprite.jpg
[0.310s] -- Up-to-date symlink: /home/ravi/pmb2_foxy_ws/install/pmb2_gazebo/share/pmb2_gazebo/models/sprite/model.config
[0.310s] -- Up-to-date symlink: /home/ravi/pmb2_foxy_ws/install/pmb2_gazebo/share/pmb2_gazebo/models/sprite/sprite.sdf
[0.310s] -- Up-to-date symlink: /home/ravi/pmb2_foxy_ws/install/pmb2_gazebo/share/pmb2_gazebo/models/stool/meshes/stool.stl
[0.310s] -- Up-to-date symlink: /home/ravi/pmb2_foxy_ws/install/pmb2_gazebo/share/pmb2_gazebo/models/stool/model.config
[0.310s] -- Up-to-date symlink: /home/ravi/pmb2_foxy_ws/install/pmb2_gazebo/share/pmb2_gazebo/models/stool/stool.sdf
[0.310s] -- Up-to-date symlink: /home/ravi/pmb2_foxy_ws/install/pmb2_gazebo/share/pmb2_gazebo/models/table_0m8/model.config
[0.310s] -- Up-to-date symlink: /home/ravi/pmb2_foxy_ws/install/pmb2_gazebo/share/pmb2_gazebo/models/table_0m8/table.sdf
[0.310s] -- Up-to-date symlink: /home/ravi/pmb2_foxy_ws/install/pmb2_gazebo/share/pmb2_gazebo/models/table_1m/model.config
[0.310s] -- Up-to-date symlink: /home/ravi/pmb2_foxy_ws/install/pmb2_gazebo/share/pmb2_gazebo/models/table_1m/table_1m.sdf
[0.311s] -- Up-to-date symlink: /home/ravi/pmb2_foxy_ws/install/pmb2_gazebo/share/pmb2_gazebo/models/tray_trolley/meshes/tray_trolley.stl
[0.311s] -- Up-to-date symlink: /home/ravi/pmb2_foxy_ws/install/pmb2_gazebo/share/pmb2_gazebo/models/tray_trolley/model.config
[0.311s] -- Up-to-date symlink: /home/ravi/pmb2_foxy_ws/install/pmb2_gazebo/share/pmb2_gazebo/models/tray_trolley/tray_trolley.sdf
[0.311s] -- Up-to-date symlink: /home/ravi/pmb2_foxy_ws/install/pmb2_gazebo/share/pmb2_gazebo/models/tv/meshes/tv.stl
[0.311s] -- Up-to-date symlink: /home/ravi/pmb2_foxy_ws/install/pmb2_gazebo/share/pmb2_gazebo/models/tv/model.config
[0.311s] -- Up-to-date symlink: /home/ravi/pmb2_foxy_ws/install/pmb2_gazebo/share/pmb2_gazebo/models/tv/tv.sdf
[0.311s] -- Up-to-date symlink: /home/ravi/pmb2_foxy_ws/install/pmb2_gazebo/share/pmb2_gazebo/models/tv_set/materials/plastic-black.jpg
[0.311s] -- Up-to-date symlink: /home/ravi/pmb2_foxy_ws/install/pmb2_gazebo/share/pmb2_gazebo/models/tv_set/materials/wood-mahogany.jpg
[0.311s] -- Up-to-date symlink: /home/ravi/pmb2_foxy_ws/install/pmb2_gazebo/share/pmb2_gazebo/models/tv_set/meshes/tv_set.dae
[0.311s] -- Up-to-date symlink: /home/ravi/pmb2_foxy_ws/install/pmb2_gazebo/share/pmb2_gazebo/models/tv_set/meshes/tv_set.min.dae
[0.311s] -- Up-to-date symlink: /home/ravi/pmb2_foxy_ws/install/pmb2_gazebo/share/pmb2_gazebo/models/tv_set/model.config
[0.311s] -- Up-to-date symlink: /home/ravi/pmb2_foxy_ws/install/pmb2_gazebo/share/pmb2_gazebo/models/tv_set/tv_set.sdf
[0.312s] -- Up-to-date symlink: /home/ravi/pmb2_foxy_ws/install/pmb2_gazebo/share/pmb2_gazebo/models/wardrobe/meshes/wardrobe.stl
[0.312s] -- Up-to-date symlink: /home/ravi/pmb2_foxy_ws/install/pmb2_gazebo/share/pmb2_gazebo/models/wardrobe/model.config
[0.312s] -- Up-to-date symlink: /home/ravi/pmb2_foxy_ws/install/pmb2_gazebo/share/pmb2_gazebo/models/wardrobe/wardrobe.sdf
[0.312s] -- Up-to-date symlink: /home/ravi/pmb2_foxy_ws/install/pmb2_gazebo/share/pmb2_gazebo/worlds/butterfly.world
[0.312s] -- Up-to-date symlink: /home/ravi/pmb2_foxy_ws/install/pmb2_gazebo/share/pmb2_gazebo/worlds/empty.world
[0.312s] -- Up-to-date symlink: /home/ravi/pmb2_foxy_ws/install/pmb2_gazebo/share/pmb2_gazebo/worlds/fun_world_1.world
[0.312s] -- Up-to-date symlink: /home/ravi/pmb2_foxy_ws/install/pmb2_gazebo/share/pmb2_gazebo/worlds/large_corridor.world
[0.312s] -- Up-to-date symlink: /home/ravi/pmb2_foxy_ws/install/pmb2_gazebo/share/pmb2_gazebo/worlds/medium_loop.world
[0.312s] -- Up-to-date symlink: /home/ravi/pmb2_foxy_ws/install/pmb2_gazebo/share/pmb2_gazebo/worlds/multi_loops.world
[0.313s] -- Up-to-date symlink: /home/ravi/pmb2_foxy_ws/install/pmb2_gazebo/share/pmb2_gazebo/worlds/narrow_walls.world
[0.313s] -- Up-to-date symlink: /home/ravi/pmb2_foxy_ws/install/pmb2_gazebo/share/pmb2_gazebo/worlds/objects_and_marker_on_table.world
[0.313s] -- Up-to-date symlink: /home/ravi/pmb2_foxy_ws/install/pmb2_gazebo/share/pmb2_gazebo/worlds/objects_on_table.world
[0.313s] -- Up-to-date symlink: /home/ravi/pmb2_foxy_ws/install/pmb2_gazebo/share/pmb2_gazebo/worlds/pal_office.world
[0.313s] -- Up-to-date symlink: /home/ravi/pmb2_foxy_ws/install/pmb2_gazebo/share/pmb2_gazebo/worlds/ramp.world
[0.313s] -- Up-to-date symlink: /home/ravi/pmb2_foxy_ws/install/pmb2_gazebo/share/pmb2_gazebo/worlds/robocup.world
[0.313s] -- Up-to-date symlink: /home/ravi/pmb2_foxy_ws/install/pmb2_gazebo/share/pmb2_gazebo/worlds/rockin_camp.world
[0.313s] -- Up-to-date symlink: /home/ravi/pmb2_foxy_ws/install/pmb2_gazebo/share/pmb2_gazebo/worlds/russian_restaurpmb2.world
[0.313s] -- Up-to-date symlink: /home/ravi/pmb2_foxy_ws/install/pmb2_gazebo/share/pmb2_gazebo/worlds/simple_loop.world
[0.313s] -- Up-to-date symlink: /home/ravi/pmb2_foxy_ws/install/pmb2_gazebo/share/pmb2_gazebo/worlds/simple_office.world
[0.313s] -- Up-to-date symlink: /home/ravi/pmb2_foxy_ws/install/pmb2_gazebo/share/pmb2_gazebo/worlds/sketchup_1.world
[0.313s] -- Up-to-date symlink: /home/ravi/pmb2_foxy_ws/install/pmb2_gazebo/share/pmb2_gazebo/worlds/small_office.world
[0.314s] -- Up-to-date symlink: /home/ravi/pmb2_foxy_ws/install/pmb2_gazebo/share/pmb2_gazebo/worlds/willow_garage.world
[0.314s] -- Up-to-date symlink: /home/ravi/pmb2_foxy_ws/install/pmb2_gazebo/share/ament_index/resource_index/package_run_dependencies/pmb2_gazebo
[0.314s] -- Up-to-date symlink: /home/ravi/pmb2_foxy_ws/install/pmb2_gazebo/share/ament_index/resource_index/parent_prefix_path/pmb2_gazebo
[0.314s] -- Up-to-date symlink: /home/ravi/pmb2_foxy_ws/install/pmb2_gazebo/share/pmb2_gazebo/environment/ament_prefix_path.sh
[0.314s] -- Up-to-date symlink: /home/ravi/pmb2_foxy_ws/install/pmb2_gazebo/share/pmb2_gazebo/environment/ament_prefix_path.dsv
[0.314s] -- Up-to-date symlink: /home/ravi/pmb2_foxy_ws/install/pmb2_gazebo/share/pmb2_gazebo/environment/path.sh
[0.314s] -- Up-to-date symlink: /home/ravi/pmb2_foxy_ws/install/pmb2_gazebo/share/pmb2_gazebo/environment/path.dsv
[0.315s] -- Up-to-date symlink: /home/ravi/pmb2_foxy_ws/install/pmb2_gazebo/share/pmb2_gazebo/local_setup.bash
[0.315s] -- Up-to-date symlink: /home/ravi/pmb2_foxy_ws/install/pmb2_gazebo/share/pmb2_gazebo/local_setup.sh
[0.315s] -- Up-to-date symlink: /home/ravi/pmb2_foxy_ws/install/pmb2_gazebo/share/pmb2_gazebo/local_setup.zsh
[0.315s] -- Up-to-date symlink: /home/ravi/pmb2_foxy_ws/install/pmb2_gazebo/share/pmb2_gazebo/local_setup.dsv
[0.315s] -- Symlinking: /home/ravi/pmb2_foxy_ws/install/pmb2_gazebo/share/pmb2_gazebo/package.dsv
[0.321s] -- Up-to-date symlink: /home/ravi/pmb2_foxy_ws/install/pmb2_gazebo/share/ament_index/resource_index/packages/pmb2_gazebo
[0.321s] -- Up-to-date symlink: /home/ravi/pmb2_foxy_ws/install/pmb2_gazebo/share/pmb2_gazebo/cmake/pmb2_gazeboConfig.cmake
[0.322s] -- Up-to-date symlink: /home/ravi/pmb2_foxy_ws/install/pmb2_gazebo/share/pmb2_gazebo/cmake/pmb2_gazeboConfig-version.cmake
[0.322s] -- Up-to-date symlink: /home/ravi/pmb2_foxy_ws/install/pmb2_gazebo/share/pmb2_gazebo/package.xml
[0.325s] Invoked command in '/home/ravi/pmb2_foxy_ws/build/pmb2_gazebo' returned '0': AMENT_PREFIX_PATH=/home/ravi/pmb2_foxy_ws/install/launch_pal:/home/ravi/pmb2_foxy_ws/install/gazebo_ros_pkgs:/home/ravi/pmb2_foxy_ws/install/gazebo_plugins:/home/ravi/pmb2_foxy_ws/install/gazebo_ros:/home/ravi/pmb2_foxy_ws/install/gazebo_msgs:/home/ravi/pmb2_foxy_ws/install/gazebo_dev:/home/ravi/pmb2_foxy_ws/install/pal_gazebo_worlds:/home/ravi/pmb2_foxy_ws/install/pmb2_simulation:/home/ravi/pmb2_foxy_ws/install/pmb2_navigation:/home/ravi/pmb2_foxy_ws/install/pmb2_2dnav_gazebo:/home/ravi/pmb2_foxy_ws/install/pmb2_2dnav:/home/ravi/pmb2_foxy_ws/install/pmb2_maps:/home/ravi/pmb2_foxy_ws/install/pmb2_gazebo:/home/ravi/pmb2_foxy_ws/install/pmb2_robot:/home/ravi/pmb2_foxy_ws/install/pmb2_bringup:/home/ravi/pmb2_foxy_ws/install/pmb2_description:/home/ravi/pmb2_foxy_ws/install/pmb2_controller_configuration:/opt/ros/foxy CMAKE_PREFIX_PATH=/home/ravi/pmb2_foxy_ws/install/pmb2_bringup:/home/ravi/pmb2_foxy_ws/install/pal_gazebo_worlds:/home/ravi/pmb2_foxy_ws/install/gazebo_plugins:/home/ravi/pmb2_foxy_ws/install/pmb2_description:/home/ravi/pmb2_foxy_ws/install/gazebo_ros:/home/ravi/pmb2_foxy_ws/install/pmb2_controller_configuration:/home/ravi/pmb2_foxy_ws/install/gazebo_msgs:/home/ravi/pmb2_foxy_ws/install/gazebo_dev:/home/ravi/pmb2_foxy_ws/install/gazebo_ros_pkgs:/home/ravi/pmb2_foxy_ws/install/pmb2_simulation:/home/ravi/pmb2_foxy_ws/install/pmb2_navigation:/home/ravi/pmb2_foxy_ws/install/pmb2_2dnav_gazebo:/home/ravi/pmb2_foxy_ws/install/pmb2_2dnav:/home/ravi/pmb2_foxy_ws/install/pmb2_maps:/home/ravi/pmb2_foxy_ws/install/pmb2_gazebo:/home/ravi/pmb2_foxy_ws/install/pmb2_robot:/home/ravi/pmb2_foxy_ws/install/launch_pal:/opt/ros/foxy LD_LIBRARY_PATH=/home/ravi/pmb2_foxy_ws/install/gazebo_plugins/lib:/home/ravi/pmb2_foxy_ws/install/gazebo_ros/lib:/home/ravi/pmb2_foxy_ws/install/gazebo_msgs/lib:/usr/lib/x86_64-linux-gnu/gazebo-11/plugins:/opt/ros/foxy/opt/yaml_cpp_vendor/lib:/opt/ros/foxy/opt/rviz_ogre_vendor/lib:/opt/ros/foxy/lib/x86_64-linux-gnu:/opt/ros/foxy/lib PYTHONPATH=/home/ravi/pmb2_foxy_ws/install/pmb2_description/lib/python3.8/site-packages:/home/ravi/pmb2_foxy_ws/install/gazebo_ros/lib/python3.8/site-packages:/home/ravi/pmb2_foxy_ws/install/launch_pal/lib/python3.8/site-packages:/home/ravi/pmb2_foxy_ws/install/gazebo_msgs/lib/python3.8/site-packages:/home/ravi/pmb2_foxy_ws/build/launch_pal:/opt/ros/foxy/lib/python3.8/site-packages /usr/bin/cmake --install /home/ravi/pmb2_foxy_ws/build/pmb2_gazebo
